[1.407s] Invoking command in '/home/nvidia/fishbot_ws/src/fishbot_description': PYTHONPATH=/home/nvidia/fishbot_ws/src/build/fishbot_description/prefix_override:/usr/lib/python3/dist-packages/colcon_core/task/python/colcon_distutils_commands:/home/nvidia/fishbot_ws/src/install/fishbot_description/lib/python3.10/site-packages:${PYTHONPATH} /usr/bin/python3 -W ignore:setup.py install is deprecated -W ignore:easy_install command is deprecated setup.py egg_info --egg-base ../build/fishbot_description build --build-base /home/nvidia/fishbot_ws/src/build/fishbot_description/build install --record /home/nvidia/fishbot_ws/src/build/fishbot_description/install.log --single-version-externally-managed install_data
[1.982s] running egg_info
[1.984s] writing ../build/fishbot_description/fishbot_description.egg-info/PKG-INFO
[1.985s] writing dependency_links to ../build/fishbot_description/fishbot_description.egg-info/dependency_links.txt
[1.985s] writing entry points to ../build/fishbot_description/fishbot_description.egg-info/entry_points.txt
[1.986s] writing requirements to ../build/fishbot_description/fishbot_description.egg-info/requires.txt
[1.987s] writing top-level names to ../build/fishbot_description/fishbot_description.egg-info/top_level.txt
[1.992s] reading manifest file '../build/fishbot_description/fishbot_description.egg-info/SOURCES.txt'
[1.994s] writing manifest file '../build/fishbot_description/fishbot_description.egg-info/SOURCES.txt'
[1.995s] running build
[1.996s] running build_py
[1.996s] running install
[1.996s] running install_lib
[2.002s] running install_data
[2.002s] running install_egg_info
[2.008s] removing '/home/nvidia/fishbot_ws/src/install/fishbot_description/lib/python3.10/site-packages/fishbot_description-0.0.0-py3.10.egg-info' (and everything under it)
[2.008s] Copying ../build/fishbot_description/fishbot_description.egg-info to /home/nvidia/fishbot_ws/src/install/fishbot_description/lib/python3.10/site-packages/fishbot_description-0.0.0-py3.10.egg-info
[2.009s] running install_scripts
[2.052s] writing list of installed files to '/home/nvidia/fishbot_ws/src/build/fishbot_description/install.log'
[2.156s] Invoked command in '/home/nvidia/fishbot_ws/src/fishbot_description' returned '0': PYTHONPATH=/home/nvidia/fishbot_ws/src/build/fishbot_description/prefix_override:/usr/lib/python3/dist-packages/colcon_core/task/python/colcon_distutils_commands:/home/nvidia/fishbot_ws/src/install/fishbot_description/lib/python3.10/site-packages:${PYTHONPATH} /usr/bin/python3 -W ignore:setup.py install is deprecated -W ignore:easy_install command is deprecated setup.py egg_info --egg-base ../build/fishbot_description build --build-base /home/nvidia/fishbot_ws/src/build/fishbot_description/build install --record /home/nvidia/fishbot_ws/src/build/fishbot_description/install.log --single-version-externally-managed install_data
