/home/nvidia/roadRunner/DDSM_ws/install/robot_control/lib/python3.10/site-packages/robot_control/robot_controller_former.py
/home/nvidia/roadRunner/DDSM_ws/install/robot_control/lib/python3.10/site-packages/robot_control/robot_controller.py
/home/nvidia/roadRunner/DDSM_ws/install/robot_control/lib/python3.10/site-packages/robot_control/serial_controller.py
/home/nvidia/roadRunner/DDSM_ws/install/robot_control/lib/python3.10/site-packages/robot_control/__init__.py
/home/nvidia/roadRunner/DDSM_ws/install/robot_control/lib/python3.10/site-packages/robot_control/__pycache__/robot_controller_former.cpython-310.pyc
/home/nvidia/roadRunner/DDSM_ws/install/robot_control/lib/python3.10/site-packages/robot_control/__pycache__/robot_controller.cpython-310.pyc
/home/nvidia/roadRunner/DDSM_ws/install/robot_control/lib/python3.10/site-packages/robot_control/__pycache__/serial_controller.cpython-310.pyc
/home/nvidia/roadRunner/DDSM_ws/install/robot_control/lib/python3.10/site-packages/robot_control/__pycache__/__init__.cpython-310.pyc
/home/nvidia/roadRunner/DDSM_ws/install/robot_control/share/ament_index/resource_index/packages/robot_control
/home/nvidia/roadRunner/DDSM_ws/install/robot_control/share/robot_control/package.xml
/home/nvidia/roadRunner/DDSM_ws/install/robot_control/share/robot_control/launch/serial_control.launch.py
/home/nvidia/roadRunner/DDSM_ws/install/robot_control/share/robot_control/launch/robot.launch.py
/home/nvidia/roadRunner/DDSM_ws/install/robot_control/share/robot_control/launch/navigation.launch.py
/home/nvidia/roadRunner/DDSM_ws/install/robot_control/lib/robot_control
/home/nvidia/roadRunner/DDSM_ws/install/robot_control/lib/python3.10/site-packages/robot_control-0.0.1-py3.10.egg-info/dependency_links.txt
/home/nvidia/roadRunner/DDSM_ws/install/robot_control/lib/python3.10/site-packages/robot_control-0.0.1-py3.10.egg-info/requires.txt
/home/nvidia/roadRunner/DDSM_ws/install/robot_control/lib/python3.10/site-packages/robot_control-0.0.1-py3.10.egg-info/zip-safe
/home/nvidia/roadRunner/DDSM_ws/install/robot_control/lib/python3.10/site-packages/robot_control-0.0.1-py3.10.egg-info/SOURCES.txt
/home/nvidia/roadRunner/DDSM_ws/install/robot_control/lib/python3.10/site-packages/robot_control-0.0.1-py3.10.egg-info/top_level.txt
/home/nvidia/roadRunner/DDSM_ws/install/robot_control/lib/python3.10/site-packages/robot_control-0.0.1-py3.10.egg-info/PKG-INFO
/home/nvidia/roadRunner/DDSM_ws/install/robot_control/lib/python3.10/site-packages/robot_control-0.0.1-py3.10.egg-info/entry_points.txt
/home/nvidia/roadRunner/DDSM_ws/install/robot_control/bin/robot_controller
/home/nvidia/roadRunner/DDSM_ws/install/robot_control/bin/serial_controller
