[1.905s] Invoking command in '/home/nvidia/ros2_ws/src/robot_control': PYTHONPATH=/home/nvidia/ros2_ws/build/robot_control/prefix_override:/usr/lib/python3/dist-packages/colcon_core/task/python/colcon_distutils_commands:/home/nvidia/ros2_ws/install/robot_control/lib/python3.10/site-packages:${PYTHONPATH} /usr/bin/python3 -W ignore:setup.py install is deprecated -W ignore:easy_install command is deprecated setup.py egg_info --egg-base ../../build/robot_control build --build-base /home/nvidia/ros2_ws/build/robot_control/build install --record /home/nvidia/ros2_ws/build/robot_control/install.log --single-version-externally-managed install_data
[2.346s] running egg_info
[2.347s] writing ../../build/robot_control/robot_control.egg-info/PKG-INFO
[2.348s] writing dependency_links to ../../build/robot_control/robot_control.egg-info/dependency_links.txt
[2.348s] writing entry points to ../../build/robot_control/robot_control.egg-info/entry_points.txt
[2.349s] writing requirements to ../../build/robot_control/robot_control.egg-info/requires.txt
[2.349s] writing top-level names to ../../build/robot_control/robot_control.egg-info/top_level.txt
[2.352s] reading manifest file '../../build/robot_control/robot_control.egg-info/SOURCES.txt'
[2.354s] writing manifest file '../../build/robot_control/robot_control.egg-info/SOURCES.txt'
[2.354s] running build
[2.356s] running build_py
[2.357s] running install
[2.357s] running install_lib
[2.364s] running install_data
[2.364s] running install_egg_info
[2.366s] removing '/home/nvidia/ros2_ws/install/robot_control/lib/python3.10/site-packages/robot_control-0.0.1-py3.10.egg-info' (and everything under it)
[2.367s] Copying ../../build/robot_control/robot_control.egg-info to /home/nvidia/ros2_ws/install/robot_control/lib/python3.10/site-packages/robot_control-0.0.1-py3.10.egg-info
[2.369s] running install_scripts
[2.408s] Installing robot_controller script to /home/nvidia/ros2_ws/install/robot_control/bin
[2.408s] Installing serial_controller script to /home/nvidia/ros2_ws/install/robot_control/bin
[2.409s] writing list of installed files to '/home/nvidia/ros2_ws/build/robot_control/install.log'
[2.527s] Invoked command in '/home/nvidia/ros2_ws/src/robot_control' returned '0': PYTHONPATH=/home/nvidia/ros2_ws/build/robot_control/prefix_override:/usr/lib/python3/dist-packages/colcon_core/task/python/colcon_distutils_commands:/home/nvidia/ros2_ws/install/robot_control/lib/python3.10/site-packages:${PYTHONPATH} /usr/bin/python3 -W ignore:setup.py install is deprecated -W ignore:easy_install command is deprecated setup.py egg_info --egg-base ../../build/robot_control build --build-base /home/nvidia/ros2_ws/build/robot_control/build install --record /home/nvidia/ros2_ws/build/robot_control/install.log --single-version-externally-managed install_data
