[0.016s] Invoking command in '/home/nvidia/roadRunner/2d_slam/build/lslidar_msgs': CMAKE_PREFIX_PATH=${CMAKE_PREFIX_PATH}:/home/nvidia/DDSM_ws/install/robot_nav:/home/nvidia/DDSM_ws/install/robot_control:/opt/ros/humble /usr/bin/cmake --build /home/nvidia/roadRunner/2d_slam/build/lslidar_msgs -- -j8 -l8
[0.029s] [0mCMake Error: The current CMakeCache.txt directory /home/nvidia/roadRunner/2d_slam/build/lslidar_msgs/CMakeCache.txt is different than the directory /home/nvidia/2d_slam/build/lslidar_msgs where CMakeCache.txt was created. This may result in binaries being created in the wrong place. If you are not sure, reedit the CMakeCache.txt[0m
[0.055s] -- Found ament_cmake: 1.3.11 (/opt/ros/humble/share/ament_cmake/cmake)
[0.277s] -- Found std_msgs: 4.2.4 (/opt/ros/humble/share/std_msgs/cmake)
[0.315s] -- Found rosidl_generator_c: 3.1.6 (/opt/ros/humble/share/rosidl_generator_c/cmake)
[0.318s] -- Found rosidl_adapter: 3.1.6 (/opt/ros/humble/share/rosidl_adapter/cmake)
[0.327s] -- Found rosidl_generator_cpp: 3.1.6 (/opt/ros/humble/share/rosidl_generator_cpp/cmake)
[0.341s] -- Using all available rosidl_typesupport_c: rosidl_typesupport_fastrtps_c;rosidl_typesupport_introspection_c
[0.359s] -- Using all available rosidl_typesupport_cpp: rosidl_typesupport_fastrtps_cpp;rosidl_typesupport_introspection_cpp
[0.394s] -- Found sensor_msgs: 4.2.4 (/opt/ros/humble/share/sensor_msgs/cmake)
[0.435s] -- Found rosidl_default_generators: 1.2.0 (/opt/ros/humble/share/rosidl_default_generators/cmake)
[0.445s] -- Found ament_lint_auto: 0.12.11 (/opt/ros/humble/share/ament_lint_auto/cmake)
[1.001s] -- Found ament_cmake_ros: 0.10.0 (/opt/ros/humble/share/ament_cmake_ros/cmake)
[1.714s] -- Using all available rosidl_typesupport_c: rosidl_typesupport_fastrtps_c;rosidl_typesupport_introspection_c
[1.955s] -- Using all available rosidl_typesupport_cpp: rosidl_typesupport_fastrtps_cpp;rosidl_typesupport_introspection_cpp
[1.994s] -- Found python_cmake_module: 0.10.0 (/opt/ros/humble/share/python_cmake_module/cmake)
[2.036s] -- Using PYTHON_EXECUTABLE: /usr/bin/python3
[2.037s] -- Using PYTHON_INCLUDE_DIRS: /usr/include/python3.10
[2.037s] -- Using PYTHON_LIBRARIES: /usr/lib/aarch64-linux-gnu/libpython3.10.so
[2.093s] -- Added test 'copyright' to check source files copyright and LICENSE
[2.096s] -- Added test 'lint_cmake' to check CMake code style
[2.098s] -- Added test 'xmllint' to check XML markup files
[2.103s] -- Configuring done
[2.165s] -- Generating done
[2.185s] -- Build files have been written to: /home/nvidia/2d_slam/build/lslidar_msgs
[2.234s] [35m[1mConsolidate compiler generated dependencies of target lslidar_msgs__rosidl_generator_c[0m
[2.248s] [  1%] Built target lslidar_msgs__cpp
[2.258s] [ 12%] Built target lslidar_msgs__rosidl_generator_c
[2.267s] [ 12%] Built target ament_cmake_python_copy_lslidar_msgs
[2.267s] [35m[1mConsolidate compiler generated dependencies of target lslidar_msgs__rosidl_typesupport_introspection_cpp[0m
[2.271s] [35m[1mConsolidate compiler generated dependencies of target lslidar_msgs__rosidl_typesupport_cpp[0m
[2.276s] [35m[1mConsolidate compiler generated dependencies of target lslidar_msgs__rosidl_typesupport_introspection_c[0m
[2.277s] [35m[1mConsolidate compiler generated dependencies of target lslidar_msgs__rosidl_typesupport_fastrtps_cpp[0m
[2.280s] [35m[1mConsolidate compiler generated dependencies of target lslidar_msgs__rosidl_typesupport_fastrtps_c[0m
[2.293s] [35m[1mConsolidate compiler generated dependencies of target lslidar_msgs__rosidl_typesupport_c[0m
[2.300s] [ 30%] Built target lslidar_msgs__rosidl_typesupport_cpp
[2.300s] [ 34%] Built target lslidar_msgs__rosidl_typesupport_introspection_c
[2.315s] [ 61%] Built target lslidar_msgs__rosidl_typesupport_introspection_cpp
[2.315s] [ 61%] Built target lslidar_msgs__rosidl_typesupport_c
[2.316s] [ 68%] Built target lslidar_msgs__rosidl_typesupport_fastrtps_c
[2.316s] [ 79%] Built target lslidar_msgs__rosidl_typesupport_fastrtps_cpp
[2.349s] [ 79%] Built target lslidar_msgs
[2.380s] [ 80%] Built target lslidar_msgs__py
[2.398s] [35m[1mConsolidate compiler generated dependencies of target lslidar_msgs__rosidl_generator_py[0m
[2.423s] [ 90%] Built target lslidar_msgs__rosidl_generator_py
[2.439s] [35m[1mConsolidate compiler generated dependencies of target lslidar_msgs__rosidl_typesupport_fastrtps_c__pyext[0m
[2.440s] [35m[1mConsolidate compiler generated dependencies of target lslidar_msgs__rosidl_typesupport_introspection_c__pyext[0m
[2.442s] [35m[1mConsolidate compiler generated dependencies of target lslidar_msgs__rosidl_typesupport_c__pyext[0m
[2.466s] [ 93%] Built target lslidar_msgs__rosidl_typesupport_fastrtps_c__pyext
[2.473s] [ 96%] Built target lslidar_msgs__rosidl_typesupport_introspection_c__pyext
[2.480s] [100%] Built target lslidar_msgs__rosidl_typesupport_c__pyext
[2.713s] running egg_info
[2.715s] writing lslidar_msgs.egg-info/PKG-INFO
[2.715s] writing dependency_links to lslidar_msgs.egg-info/dependency_links.txt
[2.715s] writing top-level names to lslidar_msgs.egg-info/top_level.txt
[2.722s] reading manifest file 'lslidar_msgs.egg-info/SOURCES.txt'
[2.723s] writing manifest file 'lslidar_msgs.egg-info/SOURCES.txt'
[2.779s] [100%] Built target ament_cmake_python_build_lslidar_msgs_egg
[2.797s] Invoked command in '/home/nvidia/roadRunner/2d_slam/build/lslidar_msgs' returned '0': CMAKE_PREFIX_PATH=${CMAKE_PREFIX_PATH}:/home/nvidia/DDSM_ws/install/robot_nav:/home/nvidia/DDSM_ws/install/robot_control:/opt/ros/humble /usr/bin/cmake --build /home/nvidia/roadRunner/2d_slam/build/lslidar_msgs -- -j8 -l8
[2.814s] Invoking command in '/home/nvidia/roadRunner/2d_slam/build/lslidar_msgs': CMAKE_PREFIX_PATH=${CMAKE_PREFIX_PATH}:/home/nvidia/DDSM_ws/install/robot_nav:/home/nvidia/DDSM_ws/install/robot_control:/opt/ros/humble /usr/bin/cmake --install /home/nvidia/roadRunner/2d_slam/build/lslidar_msgs
[2.826s] -- Install configuration: ""
[2.826s] -- Up-to-date: /home/nvidia/2d_slam/install/lslidar_msgs/share/ament_index/resource_index/rosidl_interfaces/lslidar_msgs
[2.826s] -- Up-to-date: /home/nvidia/2d_slam/install/lslidar_msgs/include/lslidar_msgs/lslidar_msgs
[2.826s] -- Up-to-date: /home/nvidia/2d_slam/install/lslidar_msgs/include/lslidar_msgs/lslidar_msgs/msg
[2.827s] -- Up-to-date: /home/nvidia/2d_slam/install/lslidar_msgs/include/lslidar_msgs/lslidar_msgs/msg/lslidar_sweep.h
[2.827s] -- Up-to-date: /home/nvidia/2d_slam/install/lslidar_msgs/include/lslidar_msgs/lslidar_msgs/msg/rosidl_generator_c__visibility_control.h
[2.832s] -- Up-to-date: /home/nvidia/2d_slam/install/lslidar_msgs/include/lslidar_msgs/lslidar_msgs/msg/detail
[2.833s] -- Up-to-date: /home/nvidia/2d_slam/install/lslidar_msgs/include/lslidar_msgs/lslidar_msgs/msg/detail/lslidar_packet__struct.h
[2.833s] -- Up-to-date: /home/nvidia/2d_slam/install/lslidar_msgs/include/lslidar_msgs/lslidar_msgs/msg/detail/lslidar_scan__type_support.h
[2.833s] -- Up-to-date: /home/nvidia/2d_slam/install/lslidar_msgs/include/lslidar_msgs/lslidar_msgs/msg/detail/lslidar_scan__functions.h
[2.833s] -- Up-to-date: /home/nvidia/2d_slam/install/lslidar_msgs/include/lslidar_msgs/lslidar_msgs/msg/detail/lslidar_scan__struct.h
[2.833s] -- Up-to-date: /home/nvidia/2d_slam/install/lslidar_msgs/include/lslidar_msgs/lslidar_msgs/msg/detail/lslidar_packet__type_support.h
[2.833s] -- Up-to-date: /home/nvidia/2d_slam/install/lslidar_msgs/include/lslidar_msgs/lslidar_msgs/msg/detail/lslidar_point__functions.c
[2.834s] -- Up-to-date: /home/nvidia/2d_slam/install/lslidar_msgs/include/lslidar_msgs/lslidar_msgs/msg/detail/lslidar_difop__functions.h
[2.834s] -- Up-to-date: /home/nvidia/2d_slam/install/lslidar_msgs/include/lslidar_msgs/lslidar_msgs/msg/detail/lslidar_point__functions.h
[2.834s] -- Up-to-date: /home/nvidia/2d_slam/install/lslidar_msgs/include/lslidar_msgs/lslidar_msgs/msg/detail/lslidar_sweep__type_support.h
[2.834s] -- Up-to-date: /home/nvidia/2d_slam/install/lslidar_msgs/include/lslidar_msgs/lslidar_msgs/msg/detail/lslidar_sweep__struct.h
[2.834s] -- Up-to-date: /home/nvidia/2d_slam/install/lslidar_msgs/include/lslidar_msgs/lslidar_msgs/msg/detail/lslidar_sweep__functions.h
[2.834s] -- Up-to-date: /home/nvidia/2d_slam/install/lslidar_msgs/include/lslidar_msgs/lslidar_msgs/msg/detail/lslidar_point__struct.h
[2.834s] -- Up-to-date: /home/nvidia/2d_slam/install/lslidar_msgs/include/lslidar_msgs/lslidar_msgs/msg/detail/lslidar_point__type_support.h
[2.835s] -- Up-to-date: /home/nvidia/2d_slam/install/lslidar_msgs/include/lslidar_msgs/lslidar_msgs/msg/detail/lslidar_scan__functions.c
[2.835s] -- Up-to-date: /home/nvidia/2d_slam/install/lslidar_msgs/include/lslidar_msgs/lslidar_msgs/msg/detail/lslidar_packet__functions.h
[2.835s] -- Up-to-date: /home/nvidia/2d_slam/install/lslidar_msgs/include/lslidar_msgs/lslidar_msgs/msg/detail/lslidar_difop__struct.h
[2.835s] -- Up-to-date: /home/nvidia/2d_slam/install/lslidar_msgs/include/lslidar_msgs/lslidar_msgs/msg/detail/lslidar_difop__functions.c
[2.835s] -- Up-to-date: /home/nvidia/2d_slam/install/lslidar_msgs/include/lslidar_msgs/lslidar_msgs/msg/detail/lslidar_sweep__functions.c
[2.835s] -- Up-to-date: /home/nvidia/2d_slam/install/lslidar_msgs/include/lslidar_msgs/lslidar_msgs/msg/detail/lslidar_packet__functions.c
[2.836s] -- Up-to-date: /home/nvidia/2d_slam/install/lslidar_msgs/include/lslidar_msgs/lslidar_msgs/msg/detail/lslidar_difop__type_support.h
[2.836s] -- Up-to-date: /home/nvidia/2d_slam/install/lslidar_msgs/include/lslidar_msgs/lslidar_msgs/msg/lslidar_scan.h
[2.836s] -- Up-to-date: /home/nvidia/2d_slam/install/lslidar_msgs/include/lslidar_msgs/lslidar_msgs/msg/lslidar_packet.h
[2.836s] -- Up-to-date: /home/nvidia/2d_slam/install/lslidar_msgs/include/lslidar_msgs/lslidar_msgs/msg/lslidar_point.h
[2.836s] -- Up-to-date: /home/nvidia/2d_slam/install/lslidar_msgs/include/lslidar_msgs/lslidar_msgs/msg/lslidar_difop.h
[2.836s] -- Up-to-date: /home/nvidia/2d_slam/install/lslidar_msgs/share/lslidar_msgs/environment/library_path.sh
[2.836s] -- Installing: /home/nvidia/2d_slam/install/lslidar_msgs/share/lslidar_msgs/environment/library_path.dsv
[2.836s] -- Up-to-date: /home/nvidia/2d_slam/install/lslidar_msgs/lib/liblslidar_msgs__rosidl_generator_c.so
[2.836s] -- Up-to-date: /home/nvidia/2d_slam/install/lslidar_msgs/include/lslidar_msgs/lslidar_msgs
[2.836s] -- Up-to-date: /home/nvidia/2d_slam/install/lslidar_msgs/include/lslidar_msgs/lslidar_msgs/msg
[2.837s] -- Up-to-date: /home/nvidia/2d_slam/install/lslidar_msgs/include/lslidar_msgs/lslidar_msgs/msg/detail
[2.837s] -- Up-to-date: /home/nvidia/2d_slam/install/lslidar_msgs/include/lslidar_msgs/lslidar_msgs/msg/detail/lslidar_scan__rosidl_typesupport_fastrtps_c.h
[2.837s] -- Up-to-date: /home/nvidia/2d_slam/install/lslidar_msgs/include/lslidar_msgs/lslidar_msgs/msg/detail/lslidar_point__rosidl_typesupport_fastrtps_c.h
[2.837s] -- Up-to-date: /home/nvidia/2d_slam/install/lslidar_msgs/include/lslidar_msgs/lslidar_msgs/msg/detail/lslidar_packet__rosidl_typesupport_fastrtps_c.h
[2.837s] -- Up-to-date: /home/nvidia/2d_slam/install/lslidar_msgs/include/lslidar_msgs/lslidar_msgs/msg/detail/lslidar_sweep__rosidl_typesupport_fastrtps_c.h
[2.837s] -- Up-to-date: /home/nvidia/2d_slam/install/lslidar_msgs/include/lslidar_msgs/lslidar_msgs/msg/detail/lslidar_difop__rosidl_typesupport_fastrtps_c.h
[2.837s] -- Up-to-date: /home/nvidia/2d_slam/install/lslidar_msgs/include/lslidar_msgs/lslidar_msgs/msg/rosidl_typesupport_fastrtps_c__visibility_control.h
[2.837s] -- Up-to-date: /home/nvidia/2d_slam/install/lslidar_msgs/lib/liblslidar_msgs__rosidl_typesupport_fastrtps_c.so
[2.837s] -- Up-to-date: /home/nvidia/2d_slam/install/lslidar_msgs/include/lslidar_msgs/lslidar_msgs
[2.837s] -- Up-to-date: /home/nvidia/2d_slam/install/lslidar_msgs/include/lslidar_msgs/lslidar_msgs/msg
[2.837s] -- Up-to-date: /home/nvidia/2d_slam/install/lslidar_msgs/include/lslidar_msgs/lslidar_msgs/msg/lslidar_point.hpp
[2.838s] -- Up-to-date: /home/nvidia/2d_slam/install/lslidar_msgs/include/lslidar_msgs/lslidar_msgs/msg/lslidar_packet.hpp
[2.838s] -- Up-to-date: /home/nvidia/2d_slam/install/lslidar_msgs/include/lslidar_msgs/lslidar_msgs/msg/detail
[2.838s] -- Up-to-date: /home/nvidia/2d_slam/install/lslidar_msgs/include/lslidar_msgs/lslidar_msgs/msg/detail/lslidar_point__type_support.hpp
[2.838s] -- Up-to-date: /home/nvidia/2d_slam/install/lslidar_msgs/include/lslidar_msgs/lslidar_msgs/msg/detail/lslidar_sweep__struct.hpp
[2.838s] -- Up-to-date: /home/nvidia/2d_slam/install/lslidar_msgs/include/lslidar_msgs/lslidar_msgs/msg/detail/lslidar_packet__builder.hpp
[2.838s] -- Up-to-date: /home/nvidia/2d_slam/install/lslidar_msgs/include/lslidar_msgs/lslidar_msgs/msg/detail/lslidar_scan__struct.hpp
[2.838s] -- Up-to-date: /home/nvidia/2d_slam/install/lslidar_msgs/include/lslidar_msgs/lslidar_msgs/msg/detail/lslidar_point__builder.hpp
[2.838s] -- Up-to-date: /home/nvidia/2d_slam/install/lslidar_msgs/include/lslidar_msgs/lslidar_msgs/msg/detail/lslidar_scan__traits.hpp
[2.838s] -- Up-to-date: /home/nvidia/2d_slam/install/lslidar_msgs/include/lslidar_msgs/lslidar_msgs/msg/detail/lslidar_sweep__traits.hpp
[2.838s] -- Up-to-date: /home/nvidia/2d_slam/install/lslidar_msgs/include/lslidar_msgs/lslidar_msgs/msg/detail/lslidar_scan__builder.hpp
[2.838s] -- Up-to-date: /home/nvidia/2d_slam/install/lslidar_msgs/include/lslidar_msgs/lslidar_msgs/msg/detail/lslidar_difop__type_support.hpp
[2.839s] -- Up-to-date: /home/nvidia/2d_slam/install/lslidar_msgs/include/lslidar_msgs/lslidar_msgs/msg/detail/lslidar_packet__type_support.hpp
[2.839s] -- Up-to-date: /home/nvidia/2d_slam/install/lslidar_msgs/include/lslidar_msgs/lslidar_msgs/msg/detail/lslidar_sweep__type_support.hpp
[2.839s] -- Up-to-date: /home/nvidia/2d_slam/install/lslidar_msgs/include/lslidar_msgs/lslidar_msgs/msg/detail/lslidar_packet__struct.hpp
[2.839s] -- Up-to-date: /home/nvidia/2d_slam/install/lslidar_msgs/include/lslidar_msgs/lslidar_msgs/msg/detail/lslidar_difop__traits.hpp
[2.839s] -- Up-to-date: /home/nvidia/2d_slam/install/lslidar_msgs/include/lslidar_msgs/lslidar_msgs/msg/detail/lslidar_point__struct.hpp
[2.839s] -- Up-to-date: /home/nvidia/2d_slam/install/lslidar_msgs/include/lslidar_msgs/lslidar_msgs/msg/detail/lslidar_difop__builder.hpp
[2.839s] -- Up-to-date: /home/nvidia/2d_slam/install/lslidar_msgs/include/lslidar_msgs/lslidar_msgs/msg/detail/lslidar_sweep__builder.hpp
[2.839s] -- Up-to-date: /home/nvidia/2d_slam/install/lslidar_msgs/include/lslidar_msgs/lslidar_msgs/msg/detail/lslidar_difop__struct.hpp
[2.839s] -- Up-to-date: /home/nvidia/2d_slam/install/lslidar_msgs/include/lslidar_msgs/lslidar_msgs/msg/detail/lslidar_scan__type_support.hpp
[2.839s] -- Up-to-date: /home/nvidia/2d_slam/install/lslidar_msgs/include/lslidar_msgs/lslidar_msgs/msg/detail/lslidar_packet__traits.hpp
[2.840s] -- Up-to-date: /home/nvidia/2d_slam/install/lslidar_msgs/include/lslidar_msgs/lslidar_msgs/msg/detail/lslidar_point__traits.hpp
[2.840s] -- Up-to-date: /home/nvidia/2d_slam/install/lslidar_msgs/include/lslidar_msgs/lslidar_msgs/msg/lslidar_sweep.hpp
[2.840s] -- Up-to-date: /home/nvidia/2d_slam/install/lslidar_msgs/include/lslidar_msgs/lslidar_msgs/msg/rosidl_generator_cpp__visibility_control.hpp
[2.840s] -- Up-to-date: /home/nvidia/2d_slam/install/lslidar_msgs/include/lslidar_msgs/lslidar_msgs/msg/lslidar_scan.hpp
[2.840s] -- Up-to-date: /home/nvidia/2d_slam/install/lslidar_msgs/include/lslidar_msgs/lslidar_msgs/msg/lslidar_difop.hpp
[2.840s] -- Up-to-date: /home/nvidia/2d_slam/install/lslidar_msgs/include/lslidar_msgs/lslidar_msgs
[2.840s] -- Up-to-date: /home/nvidia/2d_slam/install/lslidar_msgs/include/lslidar_msgs/lslidar_msgs/msg
[2.840s] -- Up-to-date: /home/nvidia/2d_slam/install/lslidar_msgs/include/lslidar_msgs/lslidar_msgs/msg/detail
[2.840s] -- Up-to-date: /home/nvidia/2d_slam/install/lslidar_msgs/include/lslidar_msgs/lslidar_msgs/msg/detail/lslidar_packet__rosidl_typesupport_fastrtps_cpp.hpp
[2.840s] -- Up-to-date: /home/nvidia/2d_slam/install/lslidar_msgs/include/lslidar_msgs/lslidar_msgs/msg/detail/lslidar_difop__rosidl_typesupport_fastrtps_cpp.hpp
[2.841s] -- Up-to-date: /home/nvidia/2d_slam/install/lslidar_msgs/include/lslidar_msgs/lslidar_msgs/msg/detail/lslidar_sweep__rosidl_typesupport_fastrtps_cpp.hpp
[2.841s] -- Up-to-date: /home/nvidia/2d_slam/install/lslidar_msgs/include/lslidar_msgs/lslidar_msgs/msg/detail/lslidar_point__rosidl_typesupport_fastrtps_cpp.hpp
[2.841s] -- Up-to-date: /home/nvidia/2d_slam/install/lslidar_msgs/include/lslidar_msgs/lslidar_msgs/msg/detail/lslidar_scan__rosidl_typesupport_fastrtps_cpp.hpp
[2.841s] -- Up-to-date: /home/nvidia/2d_slam/install/lslidar_msgs/include/lslidar_msgs/lslidar_msgs/msg/detail/dds_fastrtps
[2.841s] -- Up-to-date: /home/nvidia/2d_slam/install/lslidar_msgs/include/lslidar_msgs/lslidar_msgs/msg/rosidl_typesupport_fastrtps_cpp__visibility_control.h
[2.841s] -- Up-to-date: /home/nvidia/2d_slam/install/lslidar_msgs/lib/liblslidar_msgs__rosidl_typesupport_fastrtps_cpp.so
[2.841s] -- Up-to-date: /home/nvidia/2d_slam/install/lslidar_msgs/include/lslidar_msgs/lslidar_msgs
[2.841s] -- Up-to-date: /home/nvidia/2d_slam/install/lslidar_msgs/include/lslidar_msgs/lslidar_msgs/msg
[2.841s] -- Up-to-date: /home/nvidia/2d_slam/install/lslidar_msgs/include/lslidar_msgs/lslidar_msgs/msg/rosidl_typesupport_introspection_c__visibility_control.h
[2.841s] -- Up-to-date: /home/nvidia/2d_slam/install/lslidar_msgs/include/lslidar_msgs/lslidar_msgs/msg/detail
[2.841s] -- Up-to-date: /home/nvidia/2d_slam/install/lslidar_msgs/include/lslidar_msgs/lslidar_msgs/msg/detail/lslidar_sweep__type_support.c
[2.842s] -- Up-to-date: /home/nvidia/2d_slam/install/lslidar_msgs/include/lslidar_msgs/lslidar_msgs/msg/detail/lslidar_point__type_support.c
[2.842s] -- Up-to-date: /home/nvidia/2d_slam/install/lslidar_msgs/include/lslidar_msgs/lslidar_msgs/msg/detail/lslidar_difop__rosidl_typesupport_introspection_c.h
[2.842s] -- Up-to-date: /home/nvidia/2d_slam/install/lslidar_msgs/include/lslidar_msgs/lslidar_msgs/msg/detail/lslidar_packet__type_support.c
[2.842s] -- Up-to-date: /home/nvidia/2d_slam/install/lslidar_msgs/include/lslidar_msgs/lslidar_msgs/msg/detail/lslidar_point__rosidl_typesupport_introspection_c.h
[2.842s] -- Up-to-date: /home/nvidia/2d_slam/install/lslidar_msgs/include/lslidar_msgs/lslidar_msgs/msg/detail/lslidar_packet__rosidl_typesupport_introspection_c.h
[2.842s] -- Up-to-date: /home/nvidia/2d_slam/install/lslidar_msgs/include/lslidar_msgs/lslidar_msgs/msg/detail/lslidar_sweep__rosidl_typesupport_introspection_c.h
[2.842s] -- Up-to-date: /home/nvidia/2d_slam/install/lslidar_msgs/include/lslidar_msgs/lslidar_msgs/msg/detail/lslidar_difop__type_support.c
[2.842s] -- Up-to-date: /home/nvidia/2d_slam/install/lslidar_msgs/include/lslidar_msgs/lslidar_msgs/msg/detail/lslidar_scan__type_support.c
[2.842s] -- Up-to-date: /home/nvidia/2d_slam/install/lslidar_msgs/include/lslidar_msgs/lslidar_msgs/msg/detail/lslidar_scan__rosidl_typesupport_introspection_c.h
[2.842s] -- Up-to-date: /home/nvidia/2d_slam/install/lslidar_msgs/lib/liblslidar_msgs__rosidl_typesupport_introspection_c.so
[2.842s] -- Up-to-date: /home/nvidia/2d_slam/install/lslidar_msgs/lib/liblslidar_msgs__rosidl_typesupport_c.so
[2.843s] -- Up-to-date: /home/nvidia/2d_slam/install/lslidar_msgs/include/lslidar_msgs/lslidar_msgs
[2.843s] -- Up-to-date: /home/nvidia/2d_slam/install/lslidar_msgs/include/lslidar_msgs/lslidar_msgs/msg
[2.843s] -- Up-to-date: /home/nvidia/2d_slam/install/lslidar_msgs/include/lslidar_msgs/lslidar_msgs/msg/detail
[2.843s] -- Up-to-date: /home/nvidia/2d_slam/install/lslidar_msgs/include/lslidar_msgs/lslidar_msgs/msg/detail/lslidar_packet__rosidl_typesupport_introspection_cpp.hpp
[2.843s] -- Up-to-date: /home/nvidia/2d_slam/install/lslidar_msgs/include/lslidar_msgs/lslidar_msgs/msg/detail/lslidar_difop__rosidl_typesupport_introspection_cpp.hpp
[2.843s] -- Up-to-date: /home/nvidia/2d_slam/install/lslidar_msgs/include/lslidar_msgs/lslidar_msgs/msg/detail/lslidar_difop__type_support.cpp
[2.843s] -- Up-to-date: /home/nvidia/2d_slam/install/lslidar_msgs/include/lslidar_msgs/lslidar_msgs/msg/detail/lslidar_packet__type_support.cpp
[2.843s] -- Up-to-date: /home/nvidia/2d_slam/install/lslidar_msgs/include/lslidar_msgs/lslidar_msgs/msg/detail/lslidar_point__rosidl_typesupport_introspection_cpp.hpp
[2.843s] -- Up-to-date: /home/nvidia/2d_slam/install/lslidar_msgs/include/lslidar_msgs/lslidar_msgs/msg/detail/lslidar_scan__rosidl_typesupport_introspection_cpp.hpp
[2.843s] -- Up-to-date: /home/nvidia/2d_slam/install/lslidar_msgs/include/lslidar_msgs/lslidar_msgs/msg/detail/lslidar_sweep__rosidl_typesupport_introspection_cpp.hpp
[2.844s] -- Up-to-date: /home/nvidia/2d_slam/install/lslidar_msgs/include/lslidar_msgs/lslidar_msgs/msg/detail/lslidar_scan__type_support.cpp
[2.844s] -- Up-to-date: /home/nvidia/2d_slam/install/lslidar_msgs/include/lslidar_msgs/lslidar_msgs/msg/detail/lslidar_point__type_support.cpp
[2.844s] -- Up-to-date: /home/nvidia/2d_slam/install/lslidar_msgs/include/lslidar_msgs/lslidar_msgs/msg/detail/lslidar_sweep__type_support.cpp
[2.844s] -- Up-to-date: /home/nvidia/2d_slam/install/lslidar_msgs/lib/liblslidar_msgs__rosidl_typesupport_introspection_cpp.so
[2.844s] -- Up-to-date: /home/nvidia/2d_slam/install/lslidar_msgs/lib/liblslidar_msgs__rosidl_typesupport_cpp.so
[2.844s] -- Up-to-date: /home/nvidia/2d_slam/install/lslidar_msgs/share/lslidar_msgs/environment/pythonpath.sh
[2.844s] -- Installing: /home/nvidia/2d_slam/install/lslidar_msgs/share/lslidar_msgs/environment/pythonpath.dsv
[2.844s] -- Up-to-date: /home/nvidia/2d_slam/install/lslidar_msgs/local/lib/python3.10/dist-packages/lslidar_msgs-1.2.0-py3.10.egg-info
[2.844s] -- Installing: /home/nvidia/2d_slam/install/lslidar_msgs/local/lib/python3.10/dist-packages/lslidar_msgs-1.2.0-py3.10.egg-info/dependency_links.txt
[2.844s] -- Installing: /home/nvidia/2d_slam/install/lslidar_msgs/local/lib/python3.10/dist-packages/lslidar_msgs-1.2.0-py3.10.egg-info/SOURCES.txt
[2.844s] -- Installing: /home/nvidia/2d_slam/install/lslidar_msgs/local/lib/python3.10/dist-packages/lslidar_msgs-1.2.0-py3.10.egg-info/top_level.txt
[2.845s] -- Installing: /home/nvidia/2d_slam/install/lslidar_msgs/local/lib/python3.10/dist-packages/lslidar_msgs-1.2.0-py3.10.egg-info/PKG-INFO
[2.845s] -- Up-to-date: /home/nvidia/2d_slam/install/lslidar_msgs/local/lib/python3.10/dist-packages/lslidar_msgs
[2.845s] -- Up-to-date: /home/nvidia/2d_slam/install/lslidar_msgs/local/lib/python3.10/dist-packages/lslidar_msgs/lslidar_msgs_s__rosidl_typesupport_introspection_c.cpython-310-aarch64-linux-gnu.so
[2.845s] -- Up-to-date: /home/nvidia/2d_slam/install/lslidar_msgs/local/lib/python3.10/dist-packages/lslidar_msgs/msg
[2.845s] -- Up-to-date: /home/nvidia/2d_slam/install/lslidar_msgs/local/lib/python3.10/dist-packages/lslidar_msgs/msg/_lslidar_difop_s.c
[2.845s] -- Up-to-date: /home/nvidia/2d_slam/install/lslidar_msgs/local/lib/python3.10/dist-packages/lslidar_msgs/msg/_lslidar_packet.py
[2.845s] -- Up-to-date: /home/nvidia/2d_slam/install/lslidar_msgs/local/lib/python3.10/dist-packages/lslidar_msgs/msg/_lslidar_sweep_s.c
[2.845s] -- Up-to-date: /home/nvidia/2d_slam/install/lslidar_msgs/local/lib/python3.10/dist-packages/lslidar_msgs/msg/_lslidar_packet_s.c
[2.845s] -- Up-to-date: /home/nvidia/2d_slam/install/lslidar_msgs/local/lib/python3.10/dist-packages/lslidar_msgs/msg/_lslidar_sweep.py
[2.845s] -- Up-to-date: /home/nvidia/2d_slam/install/lslidar_msgs/local/lib/python3.10/dist-packages/lslidar_msgs/msg/_lslidar_scan_s.c
[2.845s] -- Up-to-date: /home/nvidia/2d_slam/install/lslidar_msgs/local/lib/python3.10/dist-packages/lslidar_msgs/msg/_lslidar_point_s.c
[2.846s] -- Up-to-date: /home/nvidia/2d_slam/install/lslidar_msgs/local/lib/python3.10/dist-packages/lslidar_msgs/msg/_lslidar_difop.py
[2.846s] -- Up-to-date: /home/nvidia/2d_slam/install/lslidar_msgs/local/lib/python3.10/dist-packages/lslidar_msgs/msg/_lslidar_scan.py
[2.846s] -- Up-to-date: /home/nvidia/2d_slam/install/lslidar_msgs/local/lib/python3.10/dist-packages/lslidar_msgs/msg/_lslidar_point.py
[2.846s] -- Up-to-date: /home/nvidia/2d_slam/install/lslidar_msgs/local/lib/python3.10/dist-packages/lslidar_msgs/msg/__init__.py
[2.846s] -- Up-to-date: /home/nvidia/2d_slam/install/lslidar_msgs/local/lib/python3.10/dist-packages/lslidar_msgs/_lslidar_msgs_s.ep.rosidl_typesupport_c.c
[2.847s] -- Up-to-date: /home/nvidia/2d_slam/install/lslidar_msgs/local/lib/python3.10/dist-packages/lslidar_msgs/lslidar_msgs_s__rosidl_typesupport_c.cpython-310-aarch64-linux-gnu.so
[2.847s] -- Up-to-date: /home/nvidia/2d_slam/install/lslidar_msgs/local/lib/python3.10/dist-packages/lslidar_msgs/lslidar_msgs_s__rosidl_typesupport_fastrtps_c.cpython-310-aarch64-linux-gnu.so
[2.847s] -- Up-to-date: /home/nvidia/2d_slam/install/lslidar_msgs/local/lib/python3.10/dist-packages/lslidar_msgs/_lslidar_msgs_s.ep.rosidl_typesupport_introspection_c.c
[2.847s] -- Up-to-date: /home/nvidia/2d_slam/install/lslidar_msgs/local/lib/python3.10/dist-packages/lslidar_msgs/_lslidar_msgs_s.ep.rosidl_typesupport_fastrtps_c.c
[2.847s] -- Up-to-date: /home/nvidia/2d_slam/install/lslidar_msgs/local/lib/python3.10/dist-packages/lslidar_msgs/liblslidar_msgs__rosidl_generator_py.so
[2.847s] -- Installing: /home/nvidia/2d_slam/install/lslidar_msgs/local/lib/python3.10/dist-packages/lslidar_msgs/__init__.py
[2.891s] Listing '/home/nvidia/2d_slam/install/lslidar_msgs/local/lib/python3.10/dist-packages/lslidar_msgs'...
[2.891s] Compiling '/home/nvidia/2d_slam/install/lslidar_msgs/local/lib/python3.10/dist-packages/lslidar_msgs/__init__.py'...
[2.891s] Listing '/home/nvidia/2d_slam/install/lslidar_msgs/local/lib/python3.10/dist-packages/lslidar_msgs/msg'...
[2.901s] -- Up-to-date: /home/nvidia/2d_slam/install/lslidar_msgs/local/lib/python3.10/dist-packages/lslidar_msgs/lslidar_msgs_s__rosidl_typesupport_fastrtps_c.cpython-310-aarch64-linux-gnu.so
[2.901s] -- Up-to-date: /home/nvidia/2d_slam/install/lslidar_msgs/local/lib/python3.10/dist-packages/lslidar_msgs/lslidar_msgs_s__rosidl_typesupport_introspection_c.cpython-310-aarch64-linux-gnu.so
[2.901s] -- Up-to-date: /home/nvidia/2d_slam/install/lslidar_msgs/local/lib/python3.10/dist-packages/lslidar_msgs/lslidar_msgs_s__rosidl_typesupport_c.cpython-310-aarch64-linux-gnu.so
[2.901s] -- Up-to-date: /home/nvidia/2d_slam/install/lslidar_msgs/lib/liblslidar_msgs__rosidl_generator_py.so
[2.902s] -- Up-to-date: /home/nvidia/2d_slam/install/lslidar_msgs/share/lslidar_msgs/msg/LslidarDifop.idl
[2.902s] -- Up-to-date: /home/nvidia/2d_slam/install/lslidar_msgs/share/lslidar_msgs/msg/LslidarPacket.idl
[2.902s] -- Up-to-date: /home/nvidia/2d_slam/install/lslidar_msgs/share/lslidar_msgs/msg/LslidarPoint.idl
[2.902s] -- Up-to-date: /home/nvidia/2d_slam/install/lslidar_msgs/share/lslidar_msgs/msg/LslidarScan.idl
[2.902s] -- Up-to-date: /home/nvidia/2d_slam/install/lslidar_msgs/share/lslidar_msgs/msg/LslidarSweep.idl
[2.903s] -- Up-to-date: /home/nvidia/2d_slam/install/lslidar_msgs/share/lslidar_msgs/msg/LslidarDifop.msg
[2.903s] -- Up-to-date: /home/nvidia/2d_slam/install/lslidar_msgs/share/lslidar_msgs/msg/LslidarPacket.msg
[2.903s] -- Up-to-date: /home/nvidia/2d_slam/install/lslidar_msgs/share/lslidar_msgs/msg/LslidarPoint.msg
[2.903s] -- Up-to-date: /home/nvidia/2d_slam/install/lslidar_msgs/share/lslidar_msgs/msg/LslidarScan.msg
[2.903s] -- Up-to-date: /home/nvidia/2d_slam/install/lslidar_msgs/share/lslidar_msgs/msg/LslidarSweep.msg
[2.903s] -- Up-to-date: /home/nvidia/2d_slam/install/lslidar_msgs/share/ament_index/resource_index/package_run_dependencies/lslidar_msgs
[2.903s] -- Installing: /home/nvidia/2d_slam/install/lslidar_msgs/share/ament_index/resource_index/parent_prefix_path/lslidar_msgs
[2.903s] -- Up-to-date: /home/nvidia/2d_slam/install/lslidar_msgs/share/lslidar_msgs/environment/ament_prefix_path.sh
[2.904s] -- Installing: /home/nvidia/2d_slam/install/lslidar_msgs/share/lslidar_msgs/environment/ament_prefix_path.dsv
[2.904s] -- Up-to-date: /home/nvidia/2d_slam/install/lslidar_msgs/share/lslidar_msgs/environment/path.sh
[2.904s] -- Installing: /home/nvidia/2d_slam/install/lslidar_msgs/share/lslidar_msgs/environment/path.dsv
[2.904s] -- Up-to-date: /home/nvidia/2d_slam/install/lslidar_msgs/share/lslidar_msgs/local_setup.bash
[2.904s] -- Up-to-date: /home/nvidia/2d_slam/install/lslidar_msgs/share/lslidar_msgs/local_setup.sh
[2.904s] -- Up-to-date: /home/nvidia/2d_slam/install/lslidar_msgs/share/lslidar_msgs/local_setup.zsh
[2.904s] -- Installing: /home/nvidia/2d_slam/install/lslidar_msgs/share/lslidar_msgs/local_setup.dsv
[2.904s] -- Installing: /home/nvidia/2d_slam/install/lslidar_msgs/share/lslidar_msgs/package.dsv
[2.905s] -- Up-to-date: /home/nvidia/2d_slam/install/lslidar_msgs/share/ament_index/resource_index/packages/lslidar_msgs
[2.905s] -- Up-to-date: /home/nvidia/2d_slam/install/lslidar_msgs/share/lslidar_msgs/cmake/export_lslidar_msgs__rosidl_generator_cExport.cmake
[2.905s] -- Up-to-date: /home/nvidia/2d_slam/install/lslidar_msgs/share/lslidar_msgs/cmake/export_lslidar_msgs__rosidl_generator_cExport-noconfig.cmake
[2.905s] -- Up-to-date: /home/nvidia/2d_slam/install/lslidar_msgs/share/lslidar_msgs/cmake/export_lslidar_msgs__rosidl_typesupport_fastrtps_cExport.cmake
[2.905s] -- Up-to-date: /home/nvidia/2d_slam/install/lslidar_msgs/share/lslidar_msgs/cmake/export_lslidar_msgs__rosidl_typesupport_fastrtps_cExport-noconfig.cmake
[2.905s] -- Up-to-date: /home/nvidia/2d_slam/install/lslidar_msgs/share/lslidar_msgs/cmake/export_lslidar_msgs__rosidl_generator_cppExport.cmake
[2.905s] -- Up-to-date: /home/nvidia/2d_slam/install/lslidar_msgs/share/lslidar_msgs/cmake/export_lslidar_msgs__rosidl_typesupport_fastrtps_cppExport.cmake
[2.906s] -- Up-to-date: /home/nvidia/2d_slam/install/lslidar_msgs/share/lslidar_msgs/cmake/export_lslidar_msgs__rosidl_typesupport_fastrtps_cppExport-noconfig.cmake
[2.906s] -- Up-to-date: /home/nvidia/2d_slam/install/lslidar_msgs/share/lslidar_msgs/cmake/lslidar_msgs__rosidl_typesupport_introspection_cExport.cmake
[2.906s] -- Up-to-date: /home/nvidia/2d_slam/install/lslidar_msgs/share/lslidar_msgs/cmake/lslidar_msgs__rosidl_typesupport_introspection_cExport-noconfig.cmake
[2.906s] -- Up-to-date: /home/nvidia/2d_slam/install/lslidar_msgs/share/lslidar_msgs/cmake/lslidar_msgs__rosidl_typesupport_cExport.cmake
[2.906s] -- Up-to-date: /home/nvidia/2d_slam/install/lslidar_msgs/share/lslidar_msgs/cmake/lslidar_msgs__rosidl_typesupport_cExport-noconfig.cmake
[2.906s] -- Up-to-date: /home/nvidia/2d_slam/install/lslidar_msgs/share/lslidar_msgs/cmake/lslidar_msgs__rosidl_typesupport_introspection_cppExport.cmake
[2.907s] -- Up-to-date: /home/nvidia/2d_slam/install/lslidar_msgs/share/lslidar_msgs/cmake/lslidar_msgs__rosidl_typesupport_introspection_cppExport-noconfig.cmake
[2.907s] -- Up-to-date: /home/nvidia/2d_slam/install/lslidar_msgs/share/lslidar_msgs/cmake/lslidar_msgs__rosidl_typesupport_cppExport.cmake
[2.907s] -- Up-to-date: /home/nvidia/2d_slam/install/lslidar_msgs/share/lslidar_msgs/cmake/lslidar_msgs__rosidl_typesupport_cppExport-noconfig.cmake
[2.907s] -- Up-to-date: /home/nvidia/2d_slam/install/lslidar_msgs/share/lslidar_msgs/cmake/export_lslidar_msgs__rosidl_generator_pyExport.cmake
[2.907s] -- Up-to-date: /home/nvidia/2d_slam/install/lslidar_msgs/share/lslidar_msgs/cmake/export_lslidar_msgs__rosidl_generator_pyExport-noconfig.cmake
[2.907s] -- Up-to-date: /home/nvidia/2d_slam/install/lslidar_msgs/share/lslidar_msgs/cmake/rosidl_cmake-extras.cmake
[2.907s] -- Up-to-date: /home/nvidia/2d_slam/install/lslidar_msgs/share/lslidar_msgs/cmake/ament_cmake_export_dependencies-extras.cmake
[2.907s] -- Up-to-date: /home/nvidia/2d_slam/install/lslidar_msgs/share/lslidar_msgs/cmake/ament_cmake_export_include_directories-extras.cmake
[2.907s] -- Up-to-date: /home/nvidia/2d_slam/install/lslidar_msgs/share/lslidar_msgs/cmake/ament_cmake_export_libraries-extras.cmake
[2.907s] -- Up-to-date: /home/nvidia/2d_slam/install/lslidar_msgs/share/lslidar_msgs/cmake/ament_cmake_export_targets-extras.cmake
[2.908s] -- Up-to-date: /home/nvidia/2d_slam/install/lslidar_msgs/share/lslidar_msgs/cmake/rosidl_cmake_export_typesupport_targets-extras.cmake
[2.908s] -- Up-to-date: /home/nvidia/2d_slam/install/lslidar_msgs/share/lslidar_msgs/cmake/rosidl_cmake_export_typesupport_libraries-extras.cmake
[2.908s] -- Up-to-date: /home/nvidia/2d_slam/install/lslidar_msgs/share/lslidar_msgs/cmake/lslidar_msgsConfig.cmake
[2.908s] -- Up-to-date: /home/nvidia/2d_slam/install/lslidar_msgs/share/lslidar_msgs/cmake/lslidar_msgsConfig-version.cmake
[2.908s] -- Up-to-date: /home/nvidia/2d_slam/install/lslidar_msgs/share/lslidar_msgs/package.xml
[2.911s] Invoked command in '/home/nvidia/roadRunner/2d_slam/build/lslidar_msgs' returned '0': CMAKE_PREFIX_PATH=${CMAKE_PREFIX_PATH}:/home/nvidia/DDSM_ws/install/robot_nav:/home/nvidia/DDSM_ws/install/robot_control:/opt/ros/humble /usr/bin/cmake --install /home/nvidia/roadRunner/2d_slam/build/lslidar_msgs
