[1.862s] Invoking command in '/home/nvidia/ros2_ws/src/robot_nav': PYTHONPATH=/home/nvidia/ros2_ws/build/robot_nav/prefix_override:/usr/lib/python3/dist-packages/colcon_core/task/python/colcon_distutils_commands:/home/nvidia/ros2_ws/install/robot_nav/lib/python3.10/site-packages:${PYTHONPATH} /usr/bin/python3 -W ignore:setup.py install is deprecated -W ignore:easy_install command is deprecated setup.py egg_info --egg-base ../../build/robot_nav build --build-base /home/nvidia/ros2_ws/build/robot_nav/build install --record /home/nvidia/ros2_ws/build/robot_nav/install.log --single-version-externally-managed install_data
[2.311s] running egg_info
[2.312s] writing ../../build/robot_nav/robot_nav.egg-info/PKG-INFO
[2.313s] writing dependency_links to ../../build/robot_nav/robot_nav.egg-info/dependency_links.txt
[2.313s] writing entry points to ../../build/robot_nav/robot_nav.egg-info/entry_points.txt
[2.314s] writing requirements to ../../build/robot_nav/robot_nav.egg-info/requires.txt
[2.314s] writing top-level names to ../../build/robot_nav/robot_nav.egg-info/top_level.txt
[2.318s] reading manifest file '../../build/robot_nav/robot_nav.egg-info/SOURCES.txt'
[2.322s] writing manifest file '../../build/robot_nav/robot_nav.egg-info/SOURCES.txt'
[2.323s] running build
[2.323s] running build_py
[2.323s] copying robot_nav/odom_to_tf.py -> /home/nvidia/ros2_ws/build/robot_nav/build/lib/robot_nav
[2.324s] running install
[2.325s] running install_lib
[2.326s] copying /home/nvidia/ros2_ws/build/robot_nav/build/lib/robot_nav/odom_to_tf.py -> /home/nvidia/ros2_ws/install/robot_nav/lib/python3.10/site-packages/robot_nav
[2.328s] byte-compiling /home/nvidia/ros2_ws/install/robot_nav/lib/python3.10/site-packages/robot_nav/odom_to_tf.py to odom_to_tf.cpython-310.pyc
[2.330s] running install_data
[2.331s] running install_egg_info
[2.335s] removing '/home/nvidia/ros2_ws/install/robot_nav/lib/python3.10/site-packages/robot_nav-0.0.1-py3.10.egg-info' (and everything under it)
[2.337s] Copying ../../build/robot_nav/robot_nav.egg-info to /home/nvidia/ros2_ws/install/robot_nav/lib/python3.10/site-packages/robot_nav-0.0.1-py3.10.egg-info
[2.337s] running install_scripts
[2.377s] Installing cmd_vel_mux script to /home/nvidia/ros2_ws/install/robot_nav/lib/robot_nav
[2.377s] Installing map_converter script to /home/nvidia/ros2_ws/install/robot_nav/lib/robot_nav
[2.378s] Installing odom_converter script to /home/nvidia/ros2_ws/install/robot_nav/lib/robot_nav
[2.378s] Installing odom_to_tf script to /home/nvidia/ros2_ws/install/robot_nav/lib/robot_nav
[2.379s] writing list of installed files to '/home/nvidia/ros2_ws/build/robot_nav/install.log'
[2.462s] Invoked command in '/home/nvidia/ros2_ws/src/robot_nav' returned '0': PYTHONPATH=/home/nvidia/ros2_ws/build/robot_nav/prefix_override:/usr/lib/python3/dist-packages/colcon_core/task/python/colcon_distutils_commands:/home/nvidia/ros2_ws/install/robot_nav/lib/python3.10/site-packages:${PYTHONPATH} /usr/bin/python3 -W ignore:setup.py install is deprecated -W ignore:easy_install command is deprecated setup.py egg_info --egg-base ../../build/robot_nav build --build-base /home/nvidia/ros2_ws/build/robot_nav/build install --record /home/nvidia/ros2_ws/build/robot_nav/install.log --single-version-externally-managed install_data
