-- Found ament_cmake: 1.3.11 (/opt/ros/humble/share/ament_cmake/cmake)
-- Found rclcpp: 16.0.11 (/opt/ros/humble/share/rclcpp/cmake)
-- Found rosidl_generator_c: 3.1.6 (/opt/ros/humble/share/rosidl_generator_c/cmake)
-- Found rosidl_adapter: 3.1.6 (/opt/ros/humble/share/rosidl_adapter/cmake)
-- Found rosidl_generator_cpp: 3.1.6 (/opt/ros/humble/share/rosidl_generator_cpp/cmake)
-- Using all available rosidl_typesupport_c: rosidl_typesupport_fastrtps_c;rosidl_typesupport_introspection_c
-- Using all available rosidl_typesupport_cpp: rosidl_typesupport_fastrtps_cpp;rosidl_typesupport_introspection_cpp
-- Found rmw_implementation_cmake: 6.1.2 (/opt/ros/humble/share/rmw_implementation_cmake/cmake)
-- Found rmw_fastrtps_cpp: 6.2.7 (/opt/ros/humble/share/rmw_fastrtps_cpp/cmake)
[0mCMake Error: The current CMakeCache.txt directory /home/nvidia/roadRunner/fishbot_ws/src/build/fishbot_bringup/CMakeCache.txt is different than the directory /home/nvidia/fishbot_ws/src/build/fishbot_bringup where CMakeCache.txt was created. This may result in binaries being created in the wrong place. If you are not sure, reedit the CMakeCache.txt[0m
-- Using RMW implementation 'rmw_fastrtps_cpp' as default
-- Found geometry_msgs: 4.2.4 (/opt/ros/humble/share/geometry_msgs/cmake)
-- Found nav_msgs: 4.2.4 (/opt/ros/humble/share/nav_msgs/cmake)
-- Found tf2: 0.25.12 (/opt/ros/humble/share/tf2/cmake)
-- Found tf2_ros: 0.25.12 (/opt/ros/humble/share/tf2_ros/cmake)
-- Found ament_lint_auto: 0.12.11 (/opt/ros/humble/share/ament_lint_auto/cmake)
-- Added test 'cppcheck' to perform static code analysis on C / C++ code
-- Configured cppcheck include dirs: $<BUILD_INTERFACE:/home/nvidia/fishbot_ws/src/fishbot_bringup/include>
-- Configured cppcheck exclude dirs and/or files: 
-- Added test 'flake8' to check Python code syntax and style conventions
-- Added test 'lint_cmake' to check CMake code style
-- Added test 'pep257' to check Python code against some of the docstring style conventions in PEP 257
-- Added test 'uncrustify' to check C / C++ code style
-- Configured uncrustify additional arguments: 
-- Added test 'xmllint' to check XML markup files
-- Configuring done
-- Generating done
-- Build files have been written to: /home/nvidia/fishbot_ws/src/build/fishbot_bringup
[35m[1mConsolidate compiler generated dependencies of target fishbot_bringup[0m
[ 50%] [32mBuilding CXX object CMakeFiles/fishbot_bringup.dir/src/fishbot_bringup.cpp.o[0m
[100%] [32m[1mLinking CXX executable fishbot_bringup[0m
[100%] Built target fishbot_bringup
-- Install configuration: ""
-- Up-to-date: /home/nvidia/fishbot_ws/src/install/fishbot_bringup/lib/fishbot_bringup/fishbot_bringup
-- Up-to-date: /home/nvidia/fishbot_ws/src/install/fishbot_bringup/share/fishbot_bringup/launch
-- Up-to-date: /home/nvidia/fishbot_ws/src/install/fishbot_bringup/share/fishbot_bringup/launch/fishbot_bringup.launch.py
-- Up-to-date: /home/nvidia/fishbot_ws/src/install/fishbot_bringup/share/ament_index/resource_index/package_run_dependencies/fishbot_bringup
-- Installing: /home/nvidia/fishbot_ws/src/install/fishbot_bringup/share/ament_index/resource_index/parent_prefix_path/fishbot_bringup
-- Up-to-date: /home/nvidia/fishbot_ws/src/install/fishbot_bringup/share/fishbot_bringup/environment/ament_prefix_path.sh
-- Installing: /home/nvidia/fishbot_ws/src/install/fishbot_bringup/share/fishbot_bringup/environment/ament_prefix_path.dsv
-- Up-to-date: /home/nvidia/fishbot_ws/src/install/fishbot_bringup/share/fishbot_bringup/environment/path.sh
-- Installing: /home/nvidia/fishbot_ws/src/install/fishbot_bringup/share/fishbot_bringup/environment/path.dsv
-- Up-to-date: /home/nvidia/fishbot_ws/src/install/fishbot_bringup/share/fishbot_bringup/local_setup.bash
-- Up-to-date: /home/nvidia/fishbot_ws/src/install/fishbot_bringup/share/fishbot_bringup/local_setup.sh
-- Up-to-date: /home/nvidia/fishbot_ws/src/install/fishbot_bringup/share/fishbot_bringup/local_setup.zsh
-- Installing: /home/nvidia/fishbot_ws/src/install/fishbot_bringup/share/fishbot_bringup/local_setup.dsv
-- Installing: /home/nvidia/fishbot_ws/src/install/fishbot_bringup/share/fishbot_bringup/package.dsv
-- Up-to-date: /home/nvidia/fishbot_ws/src/install/fishbot_bringup/share/ament_index/resource_index/packages/fishbot_bringup
-- Up-to-date: /home/nvidia/fishbot_ws/src/install/fishbot_bringup/share/fishbot_bringup/cmake/fishbot_bringupConfig.cmake
-- Up-to-date: /home/nvidia/fishbot_ws/src/install/fishbot_bringup/share/fishbot_bringup/cmake/fishbot_bringupConfig-version.cmake
-- Up-to-date: /home/nvidia/fishbot_ws/src/install/fishbot_bringup/share/fishbot_bringup/package.xml
