[0.043s] Invoking command in '/home/nvidia/roadRunner/fishbot_ws/src/build/fishbot_bringup': CMAKE_PREFIX_PATH=${CMAKE_PREFIX_PATH}:/home/nvidia/roadRunner/DDSM_ws/install/robot_nav:/home/nvidia/roadRunner/DDSM_ws/install/robot_control:/home/nvidia/DDSM_ws/install/robot_nav:/home/nvidia/DDSM_ws/install/robot_control:/opt/ros/humble /usr/bin/cmake --build /home/nvidia/roadRunner/fishbot_ws/src/build/fishbot_bringup -- -j8 -l8
[0.514s] -- Found ament_cmake: 1.3.11 (/opt/ros/humble/share/ament_cmake/cmake)
[0.515s] -- Found rclcpp: 16.0.11 (/opt/ros/humble/share/rclcpp/cmake)
[0.516s] -- Found rosidl_generator_c: 3.1.6 (/opt/ros/humble/share/rosidl_generator_c/cmake)
[0.516s] -- Found rosidl_adapter: 3.1.6 (/opt/ros/humble/share/rosidl_adapter/cmake)
[0.516s] -- Found rosidl_generator_cpp: 3.1.6 (/opt/ros/humble/share/rosidl_generator_cpp/cmake)
[0.516s] -- Using all available rosidl_typesupport_c: rosidl_typesupport_fastrtps_c;rosidl_typesupport_introspection_c
[0.517s] -- Using all available rosidl_typesupport_cpp: rosidl_typesupport_fastrtps_cpp;rosidl_typesupport_introspection_cpp
[0.517s] -- Found rmw_implementation_cmake: 6.1.2 (/opt/ros/humble/share/rmw_implementation_cmake/cmake)
[0.517s] -- Found rmw_fastrtps_cpp: 6.2.7 (/opt/ros/humble/share/rmw_fastrtps_cpp/cmake)
[0.518s] [0mCMake Error: The current CMakeCache.txt directory /home/nvidia/roadRunner/fishbot_ws/src/build/fishbot_bringup/CMakeCache.txt is different than the directory /home/nvidia/fishbot_ws/src/build/fishbot_bringup where CMakeCache.txt was created. This may result in binaries being created in the wrong place. If you are not sure, reedit the CMakeCache.txt[0m
[0.609s] -- Using RMW implementation 'rmw_fastrtps_cpp' as default
[0.679s] -- Found geometry_msgs: 4.2.4 (/opt/ros/humble/share/geometry_msgs/cmake)
[0.697s] -- Found nav_msgs: 4.2.4 (/opt/ros/humble/share/nav_msgs/cmake)
[0.723s] -- Found tf2: 0.25.12 (/opt/ros/humble/share/tf2/cmake)
[0.729s] -- Found tf2_ros: 0.25.12 (/opt/ros/humble/share/tf2_ros/cmake)
[0.851s] -- Found ament_lint_auto: 0.12.11 (/opt/ros/humble/share/ament_lint_auto/cmake)
[0.983s] -- Added test 'cppcheck' to perform static code analysis on C / C++ code
[0.983s] -- Configured cppcheck include dirs: $<BUILD_INTERFACE:/home/nvidia/fishbot_ws/src/fishbot_bringup/include>
[0.984s] -- Configured cppcheck exclude dirs and/or files: 
[0.985s] -- Added test 'flake8' to check Python code syntax and style conventions
[0.989s] -- Added test 'lint_cmake' to check CMake code style
[0.991s] -- Added test 'pep257' to check Python code against some of the docstring style conventions in PEP 257
[1.006s] -- Added test 'uncrustify' to check C / C++ code style
[1.006s] -- Configured uncrustify additional arguments: 
[1.008s] -- Added test 'xmllint' to check XML markup files
[1.010s] -- Configuring done
[1.029s] -- Generating done
[1.035s] -- Build files have been written to: /home/nvidia/fishbot_ws/src/build/fishbot_bringup
[1.093s] [35m[1mConsolidate compiler generated dependencies of target fishbot_bringup[0m
[1.127s] [ 50%] [32mBuilding CXX object CMakeFiles/fishbot_bringup.dir/src/fishbot_bringup.cpp.o[0m
[15.031s] [100%] [32m[1mLinking CXX executable fishbot_bringup[0m
[15.718s] [100%] Built target fishbot_bringup
[15.739s] Invoked command in '/home/nvidia/roadRunner/fishbot_ws/src/build/fishbot_bringup' returned '0': CMAKE_PREFIX_PATH=${CMAKE_PREFIX_PATH}:/home/nvidia/roadRunner/DDSM_ws/install/robot_nav:/home/nvidia/roadRunner/DDSM_ws/install/robot_control:/home/nvidia/DDSM_ws/install/robot_nav:/home/nvidia/DDSM_ws/install/robot_control:/opt/ros/humble /usr/bin/cmake --build /home/nvidia/roadRunner/fishbot_ws/src/build/fishbot_bringup -- -j8 -l8
[15.743s] Invoking command in '/home/nvidia/roadRunner/fishbot_ws/src/build/fishbot_bringup': CMAKE_PREFIX_PATH=${CMAKE_PREFIX_PATH}:/home/nvidia/roadRunner/DDSM_ws/install/robot_nav:/home/nvidia/roadRunner/DDSM_ws/install/robot_control:/home/nvidia/DDSM_ws/install/robot_nav:/home/nvidia/DDSM_ws/install/robot_control:/opt/ros/humble /usr/bin/cmake --install /home/nvidia/roadRunner/fishbot_ws/src/build/fishbot_bringup
[15.758s] -- Install configuration: ""
[15.758s] -- Up-to-date: /home/nvidia/fishbot_ws/src/install/fishbot_bringup/lib/fishbot_bringup/fishbot_bringup
[15.759s] -- Up-to-date: /home/nvidia/fishbot_ws/src/install/fishbot_bringup/share/fishbot_bringup/launch
[15.759s] -- Up-to-date: /home/nvidia/fishbot_ws/src/install/fishbot_bringup/share/fishbot_bringup/launch/fishbot_bringup.launch.py
[15.759s] -- Up-to-date: /home/nvidia/fishbot_ws/src/install/fishbot_bringup/share/ament_index/resource_index/package_run_dependencies/fishbot_bringup
[15.759s] -- Installing: /home/nvidia/fishbot_ws/src/install/fishbot_bringup/share/ament_index/resource_index/parent_prefix_path/fishbot_bringup
[15.759s] -- Up-to-date: /home/nvidia/fishbot_ws/src/install/fishbot_bringup/share/fishbot_bringup/environment/ament_prefix_path.sh
[15.759s] -- Installing: /home/nvidia/fishbot_ws/src/install/fishbot_bringup/share/fishbot_bringup/environment/ament_prefix_path.dsv
[15.760s] -- Up-to-date: /home/nvidia/fishbot_ws/src/install/fishbot_bringup/share/fishbot_bringup/environment/path.sh
[15.760s] -- Installing: /home/nvidia/fishbot_ws/src/install/fishbot_bringup/share/fishbot_bringup/environment/path.dsv
[15.760s] -- Up-to-date: /home/nvidia/fishbot_ws/src/install/fishbot_bringup/share/fishbot_bringup/local_setup.bash
[15.760s] -- Up-to-date: /home/nvidia/fishbot_ws/src/install/fishbot_bringup/share/fishbot_bringup/local_setup.sh
[15.760s] -- Up-to-date: /home/nvidia/fishbot_ws/src/install/fishbot_bringup/share/fishbot_bringup/local_setup.zsh
[15.761s] -- Installing: /home/nvidia/fishbot_ws/src/install/fishbot_bringup/share/fishbot_bringup/local_setup.dsv
[15.761s] -- Installing: /home/nvidia/fishbot_ws/src/install/fishbot_bringup/share/fishbot_bringup/package.dsv
[15.761s] -- Up-to-date: /home/nvidia/fishbot_ws/src/install/fishbot_bringup/share/ament_index/resource_index/packages/fishbot_bringup
[15.761s] -- Up-to-date: /home/nvidia/fishbot_ws/src/install/fishbot_bringup/share/fishbot_bringup/cmake/fishbot_bringupConfig.cmake
[15.761s] -- Up-to-date: /home/nvidia/fishbot_ws/src/install/fishbot_bringup/share/fishbot_bringup/cmake/fishbot_bringupConfig-version.cmake
[15.761s] -- Up-to-date: /home/nvidia/fishbot_ws/src/install/fishbot_bringup/share/fishbot_bringup/package.xml
[15.766s] Invoked command in '/home/nvidia/roadRunner/fishbot_ws/src/build/fishbot_bringup' returned '0': CMAKE_PREFIX_PATH=${CMAKE_PREFIX_PATH}:/home/nvidia/roadRunner/DDSM_ws/install/robot_nav:/home/nvidia/roadRunner/DDSM_ws/install/robot_control:/home/nvidia/DDSM_ws/install/robot_nav:/home/nvidia/DDSM_ws/install/robot_control:/opt/ros/humble /usr/bin/cmake --install /home/nvidia/roadRunner/fishbot_ws/src/build/fishbot_bringup
