[0.025s] Invoking command in '/home/nvidia/ros2_ws (copy)/build/camera_publisher': CMAKE_PREFIX_PATH=${CMAKE_PREFIX_PATH}:/home/nvidia/ros2_ws (copy)/install/robot_nav:/home/nvidia/ros2_ws (copy)/install/robot_control:/opt/ros/humble /usr/bin/cmake --build /home/nvidia/ros2_ws (copy)/build/camera_publisher -- -j8 -l8
[0.039s] [0mCMake Error: The current CMakeCache.txt directory /home/nvidia/ros2_ws (copy)/build/camera_publisher/CMakeCache.txt is different than the directory /home/nvidia/ros2_ws/build/camera_publisher where CMakeCache.txt was created. This may result in binaries being created in the wrong place. If you are not sure, reedit the CMakeCache.txt[0m
[0.503s] Invoked command in '/home/nvidia/ros2_ws (copy)/build/camera_publisher' returned '0': CMAKE_PREFIX_PATH=${CMAKE_PREFIX_PATH}:/home/nvidia/ros2_ws (copy)/install/robot_nav:/home/nvidia/ros2_ws (copy)/install/robot_control:/opt/ros/humble /usr/bin/cmake --build /home/nvidia/ros2_ws (copy)/build/camera_publisher -- -j8 -l8
[0.525s] Invoking command in '/home/nvidia/ros2_ws (copy)/build/camera_publisher': CMAKE_PREFIX_PATH=${CMAKE_PREFIX_PATH}:/home/nvidia/ros2_ws (copy)/install/robot_nav:/home/nvidia/ros2_ws (copy)/install/robot_control:/opt/ros/humble /usr/bin/cmake --install /home/nvidia/ros2_ws (copy)/build/camera_publisher
[0.541s] -- Install configuration: ""
[0.542s] -- Up-to-date: /home/nvidia/ros2_ws/install/camera_publisher/share/ament_index/resource_index/package_run_dependencies/camera_publisher
[0.542s] -- Up-to-date: /home/nvidia/ros2_ws/install/camera_publisher/share/ament_index/resource_index/parent_prefix_path/camera_publisher
[0.543s] -- Up-to-date: /home/nvidia/ros2_ws/install/camera_publisher/share/camera_publisher/environment/ament_prefix_path.sh
[0.543s] -- Up-to-date: /home/nvidia/ros2_ws/install/camera_publisher/share/camera_publisher/environment/ament_prefix_path.dsv
[0.543s] -- Up-to-date: /home/nvidia/ros2_ws/install/camera_publisher/share/camera_publisher/environment/path.sh
[0.543s] -- Up-to-date: /home/nvidia/ros2_ws/install/camera_publisher/share/camera_publisher/environment/path.dsv
[0.544s] -- Up-to-date: /home/nvidia/ros2_ws/install/camera_publisher/share/camera_publisher/local_setup.bash
[0.544s] -- Up-to-date: /home/nvidia/ros2_ws/install/camera_publisher/share/camera_publisher/local_setup.sh
[0.544s] -- Up-to-date: /home/nvidia/ros2_ws/install/camera_publisher/share/camera_publisher/local_setup.zsh
[0.544s] -- Up-to-date: /home/nvidia/ros2_ws/install/camera_publisher/share/camera_publisher/local_setup.dsv
[0.544s] -- Installing: /home/nvidia/ros2_ws/install/camera_publisher/share/camera_publisher/package.dsv
[0.545s] -- Up-to-date: /home/nvidia/ros2_ws/install/camera_publisher/share/ament_index/resource_index/packages/camera_publisher
[0.545s] -- Up-to-date: /home/nvidia/ros2_ws/install/camera_publisher/share/camera_publisher/cmake/camera_publisherConfig.cmake
[0.545s] -- Up-to-date: /home/nvidia/ros2_ws/install/camera_publisher/share/camera_publisher/cmake/camera_publisherConfig-version.cmake
[0.545s] -- Up-to-date: /home/nvidia/ros2_ws/install/camera_publisher/share/camera_publisher/package.xml
[0.549s] Invoked command in '/home/nvidia/ros2_ws (copy)/build/camera_publisher' returned '0': CMAKE_PREFIX_PATH=${CMAKE_PREFIX_PATH}:/home/nvidia/ros2_ws (copy)/install/robot_nav:/home/nvidia/ros2_ws (copy)/install/robot_control:/opt/ros/humble /usr/bin/cmake --install /home/nvidia/ros2_ws (copy)/build/camera_publisher
