[1.140s] Invoking command in '/home/nvidia/DDSM_ws/src/robot_control': PYTHONPATH=/home/nvidia/DDSM_ws/build/robot_control/prefix_override:/usr/lib/python3/dist-packages/colcon_core/task/python/colcon_distutils_commands:/home/nvidia/DDSM_ws/install/robot_control/lib/python3.10/site-packages:${PYTHONPATH} /usr/bin/python3 -W ignore:setup.py install is deprecated -W ignore:easy_install command is deprecated setup.py egg_info --egg-base ../../build/robot_control build --build-base /home/nvidia/DDSM_ws/build/robot_control/build install --record /home/nvidia/DDSM_ws/build/robot_control/install.log --single-version-externally-managed install_data
[1.555s] running egg_info
[1.556s] writing ../../build/robot_control/robot_control.egg-info/PKG-INFO
[1.556s] writing dependency_links to ../../build/robot_control/robot_control.egg-info/dependency_links.txt
[1.557s] writing entry points to ../../build/robot_control/robot_control.egg-info/entry_points.txt
[1.557s] writing requirements to ../../build/robot_control/robot_control.egg-info/requires.txt
[1.557s] writing top-level names to ../../build/robot_control/robot_control.egg-info/top_level.txt
[1.560s] reading manifest file '../../build/robot_control/robot_control.egg-info/SOURCES.txt'
[1.561s] writing manifest file '../../build/robot_control/robot_control.egg-info/SOURCES.txt'
[1.562s] running build
[1.562s] running build_py
[1.562s] running install
[1.563s] running install_lib
[1.564s] copying /home/nvidia/DDSM_ws/build/robot_control/build/lib/robot_control/serial_controller.py -> /home/nvidia/DDSM_ws/install/robot_control/lib/python3.10/site-packages/robot_control
[1.565s] running install_data
[1.565s] running install_egg_info
[1.568s] removing '/home/nvidia/DDSM_ws/install/robot_control/lib/python3.10/site-packages/robot_control-0.0.1-py3.10.egg-info' (and everything under it)
[1.569s] Copying ../../build/robot_control/robot_control.egg-info to /home/nvidia/DDSM_ws/install/robot_control/lib/python3.10/site-packages/robot_control-0.0.1-py3.10.egg-info
[1.570s] running install_scripts
[1.604s] Installing robot_controller script to /home/nvidia/DDSM_ws/install/robot_control/bin
[1.604s] Installing serial_controller script to /home/nvidia/DDSM_ws/install/robot_control/bin
[1.605s] writing list of installed files to '/home/nvidia/DDSM_ws/build/robot_control/install.log'
[1.667s] Invoked command in '/home/nvidia/DDSM_ws/src/robot_control' returned '0': PYTHONPATH=/home/nvidia/DDSM_ws/build/robot_control/prefix_override:/usr/lib/python3/dist-packages/colcon_core/task/python/colcon_distutils_commands:/home/nvidia/DDSM_ws/install/robot_control/lib/python3.10/site-packages:${PYTHONPATH} /usr/bin/python3 -W ignore:setup.py install is deprecated -W ignore:easy_install command is deprecated setup.py egg_info --egg-base ../../build/robot_control build --build-base /home/nvidia/DDSM_ws/build/robot_control/build install --record /home/nvidia/DDSM_ws/build/robot_control/install.log --single-version-externally-managed install_data
