[0.052s] Invoking command in '/home/nvidia/2d_slam/build/lslidar_msgs': CMAKE_PREFIX_PATH=${CMAKE_PREFIX_PATH}:/opt/ros/humble /usr/bin/cmake --build /home/nvidia/2d_slam/build/lslidar_msgs -- -j8 -l8
[0.654s] [  4%] Built target lslidar_msgs__cpp
[0.655s] [ 12%] Built target lslidar_msgs__rosidl_generator_c
[0.655s] [ 12%] Built target ament_cmake_python_copy_lslidar_msgs
[0.655s] [ 23%] Built target lslidar_msgs__rosidl_typesupport_introspection_c
[0.655s] [ 34%] Built target lslidar_msgs__rosidl_typesupport_cpp
[0.655s] [ 46%] Built target lslidar_msgs__rosidl_typesupport_c
[0.655s] [ 57%] Built target lslidar_msgs__rosidl_typesupport_introspection_cpp
[0.655s] [ 68%] Built target lslidar_msgs__rosidl_typesupport_fastrtps_cpp
[0.655s] [ 79%] Built target lslidar_msgs__rosidl_typesupport_fastrtps_c
[0.655s] [ 79%] Built target lslidar_msgs
[0.655s] [ 80%] Built target lslidar_msgs__py
[0.656s] [ 90%] Built target lslidar_msgs__rosidl_generator_py
[0.656s] [ 95%] Built target lslidar_msgs__rosidl_typesupport_introspection_c__pyext
[0.656s] [100%] Built target lslidar_msgs__rosidl_typesupport_fastrtps_c__pyext
[0.656s] [ 96%] Built target lslidar_msgs__rosidl_typesupport_c__pyext
[0.704s] running egg_info
[0.705s] writing lslidar_msgs.egg-info/PKG-INFO
[0.705s] writing dependency_links to lslidar_msgs.egg-info/dependency_links.txt
[0.705s] writing top-level names to lslidar_msgs.egg-info/top_level.txt
[0.710s] reading manifest file 'lslidar_msgs.egg-info/SOURCES.txt'
[0.711s] writing manifest file 'lslidar_msgs.egg-info/SOURCES.txt'
[0.794s] [100%] Built target ament_cmake_python_build_lslidar_msgs_egg
