[1.162s] Invoking command in '/home/nvidia/ros2_ws/src/robot_nav': PYTHONPATH=/home/nvidia/ros2_ws/build/robot_nav/prefix_override:/usr/lib/python3/dist-packages/colcon_core/task/python/colcon_distutils_commands:/home/nvidia/ros2_ws/install/robot_nav/lib/python3.10/site-packages:${PYTHONPATH} /usr/bin/python3 -W ignore:setup.py install is deprecated -W ignore:easy_install command is deprecated setup.py egg_info --egg-base ../../build/robot_nav build --build-base /home/nvidia/ros2_ws/build/robot_nav/build install --record /home/nvidia/ros2_ws/build/robot_nav/install.log --single-version-externally-managed install_data
[1.598s] running egg_info
[1.599s] writing ../../build/robot_nav/robot_nav.egg-info/PKG-INFO
[1.599s] writing dependency_links to ../../build/robot_nav/robot_nav.egg-info/dependency_links.txt
[1.600s] writing entry points to ../../build/robot_nav/robot_nav.egg-info/entry_points.txt
[1.600s] writing requirements to ../../build/robot_nav/robot_nav.egg-info/requires.txt
[1.600s] writing top-level names to ../../build/robot_nav/robot_nav.egg-info/top_level.txt
[1.605s] reading manifest file '../../build/robot_nav/robot_nav.egg-info/SOURCES.txt'
[1.609s] writing manifest file '../../build/robot_nav/robot_nav.egg-info/SOURCES.txt'
[1.610s] running build
[1.610s] running build_py
[1.610s] running install
[1.611s] running install_lib
[1.614s] running install_data
[1.614s] copying launch/nav2_slam.launch.py -> /home/nvidia/ros2_ws/install/robot_nav/share/robot_nav/launch
[1.614s] copying config/nav2_params.yaml -> /home/nvidia/ros2_ws/install/robot_nav/share/robot_nav/config
[1.614s] running install_egg_info
[1.618s] removing '/home/nvidia/ros2_ws/install/robot_nav/lib/python3.10/site-packages/robot_nav-0.0.1-py3.10.egg-info' (and everything under it)
[1.619s] Copying ../../build/robot_nav/robot_nav.egg-info to /home/nvidia/ros2_ws/install/robot_nav/lib/python3.10/site-packages/robot_nav-0.0.1-py3.10.egg-info
[1.621s] running install_scripts
[1.658s] Installing cmd_vel_mux script to /home/nvidia/ros2_ws/install/robot_nav/lib/robot_nav
[1.658s] Installing map_converter script to /home/nvidia/ros2_ws/install/robot_nav/lib/robot_nav
[1.658s] Installing odom_converter script to /home/nvidia/ros2_ws/install/robot_nav/lib/robot_nav
[1.658s] Installing odom_to_tf script to /home/nvidia/ros2_ws/install/robot_nav/lib/robot_nav
[1.659s] writing list of installed files to '/home/nvidia/ros2_ws/build/robot_nav/install.log'
[1.735s] Invoked command in '/home/nvidia/ros2_ws/src/robot_nav' returned '0': PYTHONPATH=/home/nvidia/ros2_ws/build/robot_nav/prefix_override:/usr/lib/python3/dist-packages/colcon_core/task/python/colcon_distutils_commands:/home/nvidia/ros2_ws/install/robot_nav/lib/python3.10/site-packages:${PYTHONPATH} /usr/bin/python3 -W ignore:setup.py install is deprecated -W ignore:easy_install command is deprecated setup.py egg_info --egg-base ../../build/robot_nav build --build-base /home/nvidia/ros2_ws/build/robot_nav/build install --record /home/nvidia/ros2_ws/build/robot_nav/install.log --single-version-externally-managed install_data
