[0.048s] Invoking command in '/home/nvidia/2d_slam/build/fishbot_bringup': CMAKE_PREFIX_PATH=${CMAKE_PREFIX_PATH}:/opt/ros/humble /usr/bin/cmake /home/nvidia/2d_slam/src/fishbot_bringup -DCMAKE_INSTALL_PREFIX=/home/nvidia/2d_slam/install/fishbot_bringup
[0.651s] -- The C compiler identification is GNU 11.4.0
[0.651s] -- The CXX compiler identification is GNU 11.4.0
[0.651s] -- Detecting C compiler ABI info
[0.652s] -- Detecting C compiler ABI info - done
[0.653s] -- Check for working C compiler: /usr/bin/cc - skipped
[0.653s] -- Detecting C compile features
[0.654s] -- Detecting C compile features - done
[0.654s] -- Detecting CXX compiler ABI info
[0.654s] -- Detecting CXX compiler ABI info - done
[0.654s] -- Check for working CXX compiler: /usr/bin/c++ - skipped
[0.654s] -- Detecting CXX compile features
[0.654s] -- Detecting CXX compile features - done
[0.654s] -- Found ament_cmake: 1.3.11 (/opt/ros/humble/share/ament_cmake/cmake)
[0.975s] -- Found Python3: /usr/bin/python3 (found version "3.10.12") found components: Interpreter 
[1.199s] -- Found rclcpp: 16.0.11 (/opt/ros/humble/share/rclcpp/cmake)
[1.277s] -- Found rosidl_generator_c: 3.1.6 (/opt/ros/humble/share/rosidl_generator_c/cmake)
[1.288s] -- Found rosidl_adapter: 3.1.6 (/opt/ros/humble/share/rosidl_adapter/cmake)
[1.301s] -- Found rosidl_generator_cpp: 3.1.6 (/opt/ros/humble/share/rosidl_generator_cpp/cmake)
[1.320s] -- Using all available rosidl_typesupport_c: rosidl_typesupport_fastrtps_c;rosidl_typesupport_introspection_c
[1.345s] -- Using all available rosidl_typesupport_cpp: rosidl_typesupport_fastrtps_cpp;rosidl_typesupport_introspection_cpp
[1.415s] -- Found rmw_implementation_cmake: 6.1.2 (/opt/ros/humble/share/rmw_implementation_cmake/cmake)
[1.419s] -- Found rmw_fastrtps_cpp: 6.2.7 (/opt/ros/humble/share/rmw_fastrtps_cpp/cmake)
[1.569s] -- Found OpenSSL: /usr/lib/aarch64-linux-gnu/libcrypto.so (found version "3.0.2")  
[1.630s] -- Found FastRTPS: /opt/ros/humble/include  
[1.707s] -- Using RMW implementation 'rmw_fastrtps_cpp' as default
[1.721s] -- Looking for pthread.h
[1.860s] -- Looking for pthread.h - found
[1.861s] -- Performing Test CMAKE_HAVE_LIBC_PTHREAD
[2.021s] -- Performing Test CMAKE_HAVE_LIBC_PTHREAD - Success
[2.023s] -- Found Threads: TRUE  
[2.132s] -- Found geometry_msgs: 4.2.4 (/opt/ros/humble/share/geometry_msgs/cmake)
[2.156s] -- Found nav_msgs: 4.2.4 (/opt/ros/humble/share/nav_msgs/cmake)
[2.182s] -- Found tf2: 0.25.12 (/opt/ros/humble/share/tf2/cmake)
[2.201s] -- Found tf2_ros: 0.25.12 (/opt/ros/humble/share/tf2_ros/cmake)
[2.351s] -- Found ament_lint_auto: 0.12.11 (/opt/ros/humble/share/ament_lint_auto/cmake)
[2.506s] -- Added test 'cppcheck' to perform static code analysis on C / C++ code
[2.506s] -- Configured cppcheck include dirs: $<BUILD_INTERFACE:/home/nvidia/2d_slam/src/fishbot_bringup/include>
[2.507s] -- Configured cppcheck exclude dirs and/or files: 
[2.509s] -- Added test 'flake8' to check Python code syntax and style conventions
[2.514s] -- Added test 'lint_cmake' to check CMake code style
[2.517s] -- Added test 'pep257' to check Python code against some of the docstring style conventions in PEP 257
[2.532s] -- Added test 'uncrustify' to check C / C++ code style
[2.532s] -- Configured uncrustify additional arguments: 
[2.534s] -- Added test 'xmllint' to check XML markup files
[2.536s] -- Configuring done
[2.559s] -- Generating done
[2.568s] -- Build files have been written to: /home/nvidia/2d_slam/build/fishbot_bringup
