[1.881s] Invoking command in '/home/nvidia/ros2_ws/src/robot_nav': PYTHONPATH=/home/nvidia/ros2_ws/build/robot_nav/prefix_override:/usr/lib/python3/dist-packages/colcon_core/task/python/colcon_distutils_commands:/home/nvidia/ros2_ws/install/robot_nav/lib/python3.10/site-packages:${PYTHONPATH} /usr/bin/python3 -W ignore:setup.py install is deprecated -W ignore:easy_install command is deprecated setup.py egg_info --egg-base ../../build/robot_nav build --build-base /home/nvidia/ros2_ws/build/robot_nav/build install --record /home/nvidia/ros2_ws/build/robot_nav/install.log --single-version-externally-managed install_data
[2.359s] running egg_info
[2.360s] writing ../../build/robot_nav/robot_nav.egg-info/PKG-INFO
[2.361s] writing dependency_links to ../../build/robot_nav/robot_nav.egg-info/dependency_links.txt
[2.361s] writing entry points to ../../build/robot_nav/robot_nav.egg-info/entry_points.txt
[2.361s] writing requirements to ../../build/robot_nav/robot_nav.egg-info/requires.txt
[2.361s] writing top-level names to ../../build/robot_nav/robot_nav.egg-info/top_level.txt
[2.365s] reading manifest file '../../build/robot_nav/robot_nav.egg-info/SOURCES.txt'
[2.370s] writing manifest file '../../build/robot_nav/robot_nav.egg-info/SOURCES.txt'
[2.371s] running build
[2.371s] running build_py
[2.372s] running install
[2.373s] running install_lib
[2.376s] running install_data
[2.377s] running install_egg_info
[2.384s] removing '/home/nvidia/ros2_ws/install/robot_nav/lib/python3.10/site-packages/robot_nav-0.0.1-py3.10.egg-info' (and everything under it)
[2.384s] Copying ../../build/robot_nav/robot_nav.egg-info to /home/nvidia/ros2_ws/install/robot_nav/lib/python3.10/site-packages/robot_nav-0.0.1-py3.10.egg-info
[2.385s] running install_scripts
[2.428s] Installing cmd_vel_mux script to /home/nvidia/ros2_ws/install/robot_nav/lib/robot_nav
[2.428s] Installing map_converter script to /home/nvidia/ros2_ws/install/robot_nav/lib/robot_nav
[2.428s] Installing odom_converter script to /home/nvidia/ros2_ws/install/robot_nav/lib/robot_nav
[2.428s] Installing odom_to_tf script to /home/nvidia/ros2_ws/install/robot_nav/lib/robot_nav
[2.429s] writing list of installed files to '/home/nvidia/ros2_ws/build/robot_nav/install.log'
[2.521s] Invoked command in '/home/nvidia/ros2_ws/src/robot_nav' returned '0': PYTHONPATH=/home/nvidia/ros2_ws/build/robot_nav/prefix_override:/usr/lib/python3/dist-packages/colcon_core/task/python/colcon_distutils_commands:/home/nvidia/ros2_ws/install/robot_nav/lib/python3.10/site-packages:${PYTHONPATH} /usr/bin/python3 -W ignore:setup.py install is deprecated -W ignore:easy_install command is deprecated setup.py egg_info --egg-base ../../build/robot_nav build --build-base /home/nvidia/ros2_ws/build/robot_nav/build install --record /home/nvidia/ros2_ws/build/robot_nav/install.log --single-version-externally-managed install_data
