[0.017s] Invoking command in '/home/nvidia/fishbot_ws/src/fishbot_navigation2/build/fishbot_navigation2': CMAKE_PREFIX_PATH=/opt/ros/humble /usr/bin/cmake /home/nvidia/fishbot_ws/src/fishbot_navigation2 -DCMAKE_INSTALL_PREFIX=/home/nvidia/fishbot_ws/src/fishbot_navigation2/install/fishbot_navigation2
[0.113s] -- The C compiler identification is GNU 11.4.0
[0.220s] -- The CXX compiler identification is GNU 11.4.0
[0.240s] -- Detecting C compiler ABI info
[0.372s] -- Detecting C compiler ABI info - done
[0.398s] -- Check for working C compiler: /usr/bin/cc - skipped
[0.398s] -- Detecting C compile features
[0.400s] -- Detecting C compile features - done
[0.418s] -- Detecting CXX compiler ABI info
[0.554s] -- Detecting CXX compiler ABI info - done
[0.574s] -- Check for working CXX compiler: /usr/bin/c++ - skipped
[0.574s] -- Detecting CXX compile features
[0.576s] -- Detecting CXX compile features - done
[0.582s] -- Found ament_cmake: 1.3.11 (/opt/ros/humble/share/ament_cmake/cmake)
[0.869s] -- Found Python3: /usr/bin/python3 (found version "3.10.12") found components: Interpreter 
[1.070s] -- Found nav2_bringup: 1.1.18 (/opt/ros/humble/share/nav2_bringup/cmake)
[1.074s] -- Found ament_lint_auto: 0.12.11 (/opt/ros/humble/share/ament_lint_auto/cmake)
[1.245s] -- Added test 'cppcheck' to perform static code analysis on C / C++ code
[1.245s] -- Configured cppcheck include dirs: 
[1.245s] -- Configured cppcheck exclude dirs and/or files: 
[1.247s] -- Added test 'flake8' to check Python code syntax and style conventions
[1.250s] -- Added test 'lint_cmake' to check CMake code style
[1.252s] -- Added test 'pep257' to check Python code against some of the docstring style conventions in PEP 257
[1.263s] -- Added test 'uncrustify' to check C / C++ code style
[1.263s] -- Configured uncrustify additional arguments: 
[1.264s] -- Added test 'xmllint' to check XML markup files
[1.267s] -- Configuring done
[1.273s] -- Generating done
[1.276s] -- Build files have been written to: /home/nvidia/fishbot_ws/src/fishbot_navigation2/build/fishbot_navigation2
[1.287s] Invoked command in '/home/nvidia/fishbot_ws/src/fishbot_navigation2/build/fishbot_navigation2' returned '0': CMAKE_PREFIX_PATH=/opt/ros/humble /usr/bin/cmake /home/nvidia/fishbot_ws/src/fishbot_navigation2 -DCMAKE_INSTALL_PREFIX=/home/nvidia/fishbot_ws/src/fishbot_navigation2/install/fishbot_navigation2
[1.292s] Invoking command in '/home/nvidia/fishbot_ws/src/fishbot_navigation2/build/fishbot_navigation2': CMAKE_PREFIX_PATH=/opt/ros/humble /usr/bin/cmake --build /home/nvidia/fishbot_ws/src/fishbot_navigation2/build/fishbot_navigation2 -- -j8 -l8
[1.369s] Invoked command in '/home/nvidia/fishbot_ws/src/fishbot_navigation2/build/fishbot_navigation2' returned '0': CMAKE_PREFIX_PATH=/opt/ros/humble /usr/bin/cmake --build /home/nvidia/fishbot_ws/src/fishbot_navigation2/build/fishbot_navigation2 -- -j8 -l8
[1.390s] Invoking command in '/home/nvidia/fishbot_ws/src/fishbot_navigation2/build/fishbot_navigation2': CMAKE_PREFIX_PATH=/opt/ros/humble /usr/bin/cmake --install /home/nvidia/fishbot_ws/src/fishbot_navigation2/build/fishbot_navigation2
[1.403s] -- Install configuration: ""
[1.404s] -- Installing: /home/nvidia/fishbot_ws/src/fishbot_navigation2/install/fishbot_navigation2/share/fishbot_navigation2/launch
[1.404s] -- Installing: /home/nvidia/fishbot_ws/src/fishbot_navigation2/install/fishbot_navigation2/share/fishbot_navigation2/launch/navigation2.launch.py
[1.404s] -- Installing: /home/nvidia/fishbot_ws/src/fishbot_navigation2/install/fishbot_navigation2/share/fishbot_navigation2/param
[1.405s] -- Installing: /home/nvidia/fishbot_ws/src/fishbot_navigation2/install/fishbot_navigation2/share/fishbot_navigation2/param/fishbot_nav2.yaml
[1.405s] -- Installing: /home/nvidia/fishbot_ws/src/fishbot_navigation2/install/fishbot_navigation2/share/fishbot_navigation2/maps
[1.405s] -- Installing: /home/nvidia/fishbot_ws/src/fishbot_navigation2/install/fishbot_navigation2/share/fishbot_navigation2/maps/fishbot_map.pgm
[1.414s] -- Installing: /home/nvidia/fishbot_ws/src/fishbot_navigation2/install/fishbot_navigation2/share/fishbot_navigation2/maps/fishbot_map.yaml
[1.415s] -- Installing: /home/nvidia/fishbot_ws/src/fishbot_navigation2/install/fishbot_navigation2/share/ament_index/resource_index/package_run_dependencies/fishbot_navigation2
[1.415s] -- Installing: /home/nvidia/fishbot_ws/src/fishbot_navigation2/install/fishbot_navigation2/share/ament_index/resource_index/parent_prefix_path/fishbot_navigation2
[1.415s] -- Installing: /home/nvidia/fishbot_ws/src/fishbot_navigation2/install/fishbot_navigation2/share/fishbot_navigation2/environment/ament_prefix_path.sh
[1.416s] -- Installing: /home/nvidia/fishbot_ws/src/fishbot_navigation2/install/fishbot_navigation2/share/fishbot_navigation2/environment/ament_prefix_path.dsv
[1.416s] -- Installing: /home/nvidia/fishbot_ws/src/fishbot_navigation2/install/fishbot_navigation2/share/fishbot_navigation2/environment/path.sh
[1.416s] -- Installing: /home/nvidia/fishbot_ws/src/fishbot_navigation2/install/fishbot_navigation2/share/fishbot_navigation2/environment/path.dsv
[1.416s] -- Installing: /home/nvidia/fishbot_ws/src/fishbot_navigation2/install/fishbot_navigation2/share/fishbot_navigation2/local_setup.bash
[1.417s] -- Installing: /home/nvidia/fishbot_ws/src/fishbot_navigation2/install/fishbot_navigation2/share/fishbot_navigation2/local_setup.sh
[1.417s] -- Installing: /home/nvidia/fishbot_ws/src/fishbot_navigation2/install/fishbot_navigation2/share/fishbot_navigation2/local_setup.zsh
[1.417s] -- Installing: /home/nvidia/fishbot_ws/src/fishbot_navigation2/install/fishbot_navigation2/share/fishbot_navigation2/local_setup.dsv
[1.417s] -- Installing: /home/nvidia/fishbot_ws/src/fishbot_navigation2/install/fishbot_navigation2/share/fishbot_navigation2/package.dsv
[1.418s] -- Installing: /home/nvidia/fishbot_ws/src/fishbot_navigation2/install/fishbot_navigation2/share/ament_index/resource_index/packages/fishbot_navigation2
[1.418s] -- Installing: /home/nvidia/fishbot_ws/src/fishbot_navigation2/install/fishbot_navigation2/share/fishbot_navigation2/cmake/fishbot_navigation2Config.cmake
[1.418s] -- Installing: /home/nvidia/fishbot_ws/src/fishbot_navigation2/install/fishbot_navigation2/share/fishbot_navigation2/cmake/fishbot_navigation2Config-version.cmake
[1.418s] -- Installing: /home/nvidia/fishbot_ws/src/fishbot_navigation2/install/fishbot_navigation2/share/fishbot_navigation2/package.xml
[1.423s] Invoked command in '/home/nvidia/fishbot_ws/src/fishbot_navigation2/build/fishbot_navigation2' returned '0': CMAKE_PREFIX_PATH=/opt/ros/humble /usr/bin/cmake --install /home/nvidia/fishbot_ws/src/fishbot_navigation2/build/fishbot_navigation2
