[2.068s] Invoking command in '/home/nvidia/ros2_ws/src/robot_control': PYTHONPATH=/home/nvidia/ros2_ws/build/robot_control/prefix_override:/usr/lib/python3/dist-packages/colcon_core/task/python/colcon_distutils_commands:/home/nvidia/ros2_ws/install/robot_control/lib/python3.10/site-packages:${PYTHONPATH} /usr/bin/python3 -W ignore:setup.py install is deprecated -W ignore:easy_install command is deprecated setup.py egg_info --egg-base ../../build/robot_control build --build-base /home/nvidia/ros2_ws/build/robot_control/build install --record /home/nvidia/ros2_ws/build/robot_control/install.log --single-version-externally-managed install_data
[2.536s] running egg_info
[2.537s] writing ../../build/robot_control/robot_control.egg-info/PKG-INFO
[2.538s] writing dependency_links to ../../build/robot_control/robot_control.egg-info/dependency_links.txt
[2.538s] writing entry points to ../../build/robot_control/robot_control.egg-info/entry_points.txt
[2.539s] writing requirements to ../../build/robot_control/robot_control.egg-info/requires.txt
[2.539s] writing top-level names to ../../build/robot_control/robot_control.egg-info/top_level.txt
[2.542s] reading manifest file '../../build/robot_control/robot_control.egg-info/SOURCES.txt'
[2.543s] writing manifest file '../../build/robot_control/robot_control.egg-info/SOURCES.txt'
[2.544s] running build
[2.544s] running build_py
[2.545s] running install
[2.545s] running install_lib
[2.551s] running install_data
[2.551s] running install_egg_info
[2.555s] removing '/home/nvidia/ros2_ws/install/robot_control/lib/python3.10/site-packages/robot_control-0.0.1-py3.10.egg-info' (and everything under it)
[2.556s] Copying ../../build/robot_control/robot_control.egg-info to /home/nvidia/ros2_ws/install/robot_control/lib/python3.10/site-packages/robot_control-0.0.1-py3.10.egg-info
[2.558s] running install_scripts
[2.599s] Installing robot_controller script to /home/nvidia/ros2_ws/install/robot_control/bin
[2.599s] Installing serial_controller script to /home/nvidia/ros2_ws/install/robot_control/bin
[2.602s] writing list of installed files to '/home/nvidia/ros2_ws/build/robot_control/install.log'
[2.692s] Invoked command in '/home/nvidia/ros2_ws/src/robot_control' returned '0': PYTHONPATH=/home/nvidia/ros2_ws/build/robot_control/prefix_override:/usr/lib/python3/dist-packages/colcon_core/task/python/colcon_distutils_commands:/home/nvidia/ros2_ws/install/robot_control/lib/python3.10/site-packages:${PYTHONPATH} /usr/bin/python3 -W ignore:setup.py install is deprecated -W ignore:easy_install command is deprecated setup.py egg_info --egg-base ../../build/robot_control build --build-base /home/nvidia/ros2_ws/build/robot_control/build install --record /home/nvidia/ros2_ws/build/robot_control/install.log --single-version-externally-managed install_data
