[0.023s] Invoking command in '/home/nvidia/2d_slam/build/lslidar_msgs': CMAKE_PREFIX_PATH=${CMAKE_PREFIX_PATH}:/opt/ros/humble /usr/bin/cmake --build /home/nvidia/2d_slam/build/lslidar_msgs -- -j8 -l8
[0.047s] gmake: Warning: File 'Makefile' has modification time 230376 s in the future
[0.097s] gmake[1]: Warning: File 'CMakeFiles/Makefile2' has modification time 230375 s in the future
[0.099s] gmake[2]: Warning: File 'CMakeFiles/lslidar_msgs__cpp.dir/progress.make' has modification time 230375 s in the future
[0.100s] gmake[2]: Warning: File 'CMakeFiles/ament_cmake_python_copy_lslidar_msgs.dir/progress.make' has modification time 230375 s in the future
[0.101s] gmake[2]: Warning: File 'CMakeFiles/lslidar_msgs__rosidl_generator_c.dir/flags.make' has modification time 230375 s in the future
[0.117s] gmake[2]: warning:  Clock skew detected.  Your build may be incomplete.
[0.118s] gmake[2]: warning:  Clock skew detected.  Your build may be incomplete.
[0.118s] gmake[2]: Warning: File 'CMakeFiles/ament_cmake_python_copy_lslidar_msgs.dir/progress.make' has modification time 230375 s in the future
[0.120s] gmake[2]: warning:  Clock skew detected.  Your build may be incomplete.
[0.121s] gmake[2]: Warning: File 'CMakeFiles/lslidar_msgs__rosidl_generator_c.dir/flags.make' has modification time 230375 s in the future
[0.122s] gmake[2]: warning:  Clock skew detected.  Your build may be incomplete.
[0.123s] gmake[2]: Warning: File 'CMakeFiles/lslidar_msgs__cpp.dir/progress.make' has modification time 230375 s in the future
[0.124s] gmake[2]: warning:  Clock skew detected.  Your build may be incomplete.
[0.136s] [  4%] Built target lslidar_msgs__cpp
[0.136s] [ 12%] Built target lslidar_msgs__rosidl_generator_c
[0.144s] gmake[2]: Warning: File 'CMakeFiles/lslidar_msgs__rosidl_typesupport_fastrtps_cpp.dir/flags.make' has modification time 230375 s in the future
[0.144s] gmake[2]: Warning: File 'CMakeFiles/lslidar_msgs__rosidl_typesupport_fastrtps_c.dir/flags.make' has modification time 230375 s in the future
[0.144s] gmake[2]: Warning: File 'CMakeFiles/lslidar_msgs__rosidl_typesupport_cpp.dir/flags.make' has modification time 230375 s in the future
[0.144s] gmake[2]: Warning: File 'CMakeFiles/lslidar_msgs__rosidl_typesupport_introspection_c.dir/flags.make' has modification time 230375 s in the future
[0.145s] gmake[2]: Warning: File 'CMakeFiles/lslidar_msgs__rosidl_typesupport_introspection_cpp.dir/flags.make' has modification time 230375 s in the future
[0.145s] gmake[2]: Warning: File 'CMakeFiles/lslidar_msgs__rosidl_typesupport_c.dir/flags.make' has modification time 230375 s in the future
[0.145s] gmake[2]: warning:  Clock skew detected.  Your build may be incomplete.
[0.158s] [ 12%] Built target ament_cmake_python_copy_lslidar_msgs
[0.164s] gmake[2]: warning:  Clock skew detected.  Your build may be incomplete.
[0.165s] gmake[2]: warning:  Clock skew detected.  Your build may be incomplete.
[0.165s] gmake[2]: warning:  Clock skew detected.  Your build may be incomplete.
[0.165s] gmake[2]: Warning: File 'CMakeFiles/ament_cmake_python_build_lslidar_msgs_egg.dir/progress.make' has modification time 230375 s in the future
[0.165s] gmake[2]: warning:  Clock skew detected.  Your build may be incomplete.
[0.167s] gmake[2]: warning:  Clock skew detected.  Your build may be incomplete.
[0.169s] gmake[2]: Warning: File 'CMakeFiles/lslidar_msgs__rosidl_typesupport_fastrtps_cpp.dir/flags.make' has modification time 230375 s in the future
[0.169s] gmake[2]: Warning: File 'CMakeFiles/lslidar_msgs__rosidl_typesupport_c.dir/flags.make' has modification time 230375 s in the future
[0.170s] gmake[2]: warning:  Clock skew detected.  Your build may be incomplete.
[0.170s] gmake[2]: Warning: File 'CMakeFiles/lslidar_msgs__rosidl_typesupport_introspection_c.dir/flags.make' has modification time 230375 s in the future
[0.170s] gmake[2]: Warning: File 'CMakeFiles/lslidar_msgs__rosidl_typesupport_cpp.dir/flags.make' has modification time 230375 s in the future
[0.171s] gmake[2]: Warning: File 'CMakeFiles/lslidar_msgs__rosidl_typesupport_introspection_cpp.dir/flags.make' has modification time 230375 s in the future
[0.172s] gmake[2]: warning:  Clock skew detected.  Your build may be incomplete.
[0.172s] gmake[2]: warning:  Clock skew detected.  Your build may be incomplete.
[0.173s] gmake[2]: warning:  Clock skew detected.  Your build may be incomplete.
[0.173s] gmake[2]: warning:  Clock skew detected.  Your build may be incomplete.
[0.177s] gmake[2]: warning:  Clock skew detected.  Your build may be incomplete.
[0.182s] gmake[2]: Warning: File 'CMakeFiles/lslidar_msgs__rosidl_typesupport_fastrtps_c.dir/flags.make' has modification time 230375 s in the future
[0.182s] gmake[2]: warning:  Clock skew detected.  Your build may be incomplete.
[0.183s] [ 34%] Built target lslidar_msgs__rosidl_typesupport_introspection_c
[0.184s] [ 34%] Built target lslidar_msgs__rosidl_typesupport_c
[0.184s] [ 46%] Built target lslidar_msgs__rosidl_typesupport_introspection_cpp
[0.184s] gmake[2]: Warning: File 'CMakeFiles/ament_cmake_python_build_lslidar_msgs_egg.dir/progress.make' has modification time 230375 s in the future
[0.185s] [ 57%] Built target lslidar_msgs__rosidl_typesupport_fastrtps_cpp
[0.185s] gmake[2]: warning:  Clock skew detected.  Your build may be incomplete.
[0.187s] [ 68%] Built target lslidar_msgs__rosidl_typesupport_cpp
[0.207s] [ 79%] Built target lslidar_msgs__rosidl_typesupport_fastrtps_c
[0.214s] gmake[2]: Warning: File 'CMakeFiles/lslidar_msgs.dir/progress.make' has modification time 230375 s in the future
[0.230s] gmake[2]: warning:  Clock skew detected.  Your build may be incomplete.
[0.233s] gmake[2]: Warning: File 'CMakeFiles/lslidar_msgs.dir/progress.make' has modification time 230375 s in the future
[0.233s] gmake[2]: warning:  Clock skew detected.  Your build may be incomplete.
[0.249s] [ 79%] Built target lslidar_msgs
[0.255s] gmake[2]: Warning: File 'lslidar_msgs__py/CMakeFiles/lslidar_msgs__py.dir/progress.make' has modification time 230375 s in the future
[0.274s] gmake[2]: warning:  Clock skew detected.  Your build may be incomplete.
[0.277s] gmake[2]: Warning: File 'lslidar_msgs__py/CMakeFiles/lslidar_msgs__py.dir/progress.make' has modification time 230375 s in the future
[0.277s] gmake[2]: warning:  Clock skew detected.  Your build may be incomplete.
[0.293s] [ 80%] Built target lslidar_msgs__py
[0.301s] gmake[2]: Warning: File 'CMakeFiles/lslidar_msgs__rosidl_generator_py.dir/flags.make' has modification time 230375 s in the future
[0.321s] gmake[2]: warning:  Clock skew detected.  Your build may be incomplete.
[0.327s] gmake[2]: Warning: File 'CMakeFiles/lslidar_msgs__rosidl_generator_py.dir/flags.make' has modification time 230375 s in the future
[0.331s] gmake[2]: warning:  Clock skew detected.  Your build may be incomplete.
[0.346s] [ 90%] Built target lslidar_msgs__rosidl_generator_py
[0.352s] gmake[2]: Warning: File 'CMakeFiles/lslidar_msgs__rosidl_typesupport_fastrtps_c__pyext.dir/flags.make' has modification time 230375 s in the future
[0.353s] gmake[2]: Warning: File 'CMakeFiles/lslidar_msgs__rosidl_typesupport_c__pyext.dir/flags.make' has modification time 230375 s in the future
[0.353s] gmake[2]: Warning: File 'CMakeFiles/lslidar_msgs__rosidl_typesupport_introspection_c__pyext.dir/flags.make' has modification time 230375 s in the future
[0.372s] gmake[2]: warning:  Clock skew detected.  Your build may be incomplete.
[0.372s] gmake[2]: warning:  Clock skew detected.  Your build may be incomplete.
[0.374s] gmake[2]: Warning: File 'CMakeFiles/lslidar_msgs__rosidl_typesupport_c__pyext.dir/flags.make' has modification time 230375 s in the future
[0.375s] gmake[2]: warning:  Clock skew detected.  Your build may be incomplete.
[0.375s] gmake[2]: warning:  Clock skew detected.  Your build may be incomplete.
[0.376s] gmake[2]: Warning: File 'CMakeFiles/lslidar_msgs__rosidl_typesupport_fastrtps_c__pyext.dir/flags.make' has modification time 230375 s in the future
[0.377s] gmake[2]: warning:  Clock skew detected.  Your build may be incomplete.
[0.379s] gmake[2]: Warning: File 'CMakeFiles/lslidar_msgs__rosidl_typesupport_introspection_c__pyext.dir/flags.make' has modification time 230375 s in the future
[0.380s] gmake[2]: warning:  Clock skew detected.  Your build may be incomplete.
[0.388s] [ 93%] Built target lslidar_msgs__rosidl_typesupport_c__pyext
[0.388s] [ 96%] Built target lslidar_msgs__rosidl_typesupport_fastrtps_c__pyext
[0.392s] [100%] Built target lslidar_msgs__rosidl_typesupport_introspection_c__pyext
[0.618s] running egg_info
[0.619s] writing lslidar_msgs.egg-info/PKG-INFO
[0.620s] writing dependency_links to lslidar_msgs.egg-info/dependency_links.txt
[0.620s] writing top-level names to lslidar_msgs.egg-info/top_level.txt
[0.625s] reading manifest file 'lslidar_msgs.egg-info/SOURCES.txt'
[0.626s] writing manifest file 'lslidar_msgs.egg-info/SOURCES.txt'
[0.681s] gmake[2]: warning:  Clock skew detected.  Your build may be incomplete.
[0.696s] [100%] Built target ament_cmake_python_build_lslidar_msgs_egg
[0.698s] gmake[1]: warning:  Clock skew detected.  Your build may be incomplete.
[0.717s] gmake: warning:  Clock skew detected.  Your build may be incomplete.
[0.724s] Invoked command in '/home/nvidia/2d_slam/build/lslidar_msgs' returned '0': CMAKE_PREFIX_PATH=${CMAKE_PREFIX_PATH}:/opt/ros/humble /usr/bin/cmake --build /home/nvidia/2d_slam/build/lslidar_msgs -- -j8 -l8
[0.748s] Invoking command in '/home/nvidia/2d_slam/build/lslidar_msgs': CMAKE_PREFIX_PATH=${CMAKE_PREFIX_PATH}:/opt/ros/humble /usr/bin/cmake --install /home/nvidia/2d_slam/build/lslidar_msgs
[0.762s] -- Install configuration: ""
[0.762s] -- Up-to-date: /home/nvidia/2d_slam/install/lslidar_msgs/share/ament_index/resource_index/rosidl_interfaces/lslidar_msgs
[0.763s] -- Up-to-date: /home/nvidia/2d_slam/install/lslidar_msgs/include/lslidar_msgs/lslidar_msgs
[0.764s] -- Up-to-date: /home/nvidia/2d_slam/install/lslidar_msgs/include/lslidar_msgs/lslidar_msgs/msg
[0.764s] -- Up-to-date: /home/nvidia/2d_slam/install/lslidar_msgs/include/lslidar_msgs/lslidar_msgs/msg/lslidar_sweep.h
[0.764s] -- Up-to-date: /home/nvidia/2d_slam/install/lslidar_msgs/include/lslidar_msgs/lslidar_msgs/msg/rosidl_generator_c__visibility_control.h
[0.765s] -- Up-to-date: /home/nvidia/2d_slam/install/lslidar_msgs/include/lslidar_msgs/lslidar_msgs/msg/detail
[0.765s] -- Up-to-date: /home/nvidia/2d_slam/install/lslidar_msgs/include/lslidar_msgs/lslidar_msgs/msg/detail/lslidar_packet__struct.h
[0.765s] -- Up-to-date: /home/nvidia/2d_slam/install/lslidar_msgs/include/lslidar_msgs/lslidar_msgs/msg/detail/lslidar_scan__type_support.h
[0.765s] -- Up-to-date: /home/nvidia/2d_slam/install/lslidar_msgs/include/lslidar_msgs/lslidar_msgs/msg/detail/lslidar_scan__functions.h
[0.766s] -- Up-to-date: /home/nvidia/2d_slam/install/lslidar_msgs/include/lslidar_msgs/lslidar_msgs/msg/detail/lslidar_scan__struct.h
[0.766s] -- Up-to-date: /home/nvidia/2d_slam/install/lslidar_msgs/include/lslidar_msgs/lslidar_msgs/msg/detail/lslidar_packet__type_support.h
[0.766s] -- Up-to-date: /home/nvidia/2d_slam/install/lslidar_msgs/include/lslidar_msgs/lslidar_msgs/msg/detail/lslidar_point__functions.c
[0.766s] -- Up-to-date: /home/nvidia/2d_slam/install/lslidar_msgs/include/lslidar_msgs/lslidar_msgs/msg/detail/lslidar_difop__functions.h
[0.766s] -- Up-to-date: /home/nvidia/2d_slam/install/lslidar_msgs/include/lslidar_msgs/lslidar_msgs/msg/detail/lslidar_point__functions.h
[0.766s] -- Up-to-date: /home/nvidia/2d_slam/install/lslidar_msgs/include/lslidar_msgs/lslidar_msgs/msg/detail/lslidar_sweep__type_support.h
[0.767s] -- Up-to-date: /home/nvidia/2d_slam/install/lslidar_msgs/include/lslidar_msgs/lslidar_msgs/msg/detail/lslidar_sweep__struct.h
[0.767s] -- Up-to-date: /home/nvidia/2d_slam/install/lslidar_msgs/include/lslidar_msgs/lslidar_msgs/msg/detail/lslidar_sweep__functions.h
[0.767s] -- Up-to-date: /home/nvidia/2d_slam/install/lslidar_msgs/include/lslidar_msgs/lslidar_msgs/msg/detail/lslidar_point__struct.h
[0.768s] -- Up-to-date: /home/nvidia/2d_slam/install/lslidar_msgs/include/lslidar_msgs/lslidar_msgs/msg/detail/lslidar_point__type_support.h
[0.768s] -- Up-to-date: /home/nvidia/2d_slam/install/lslidar_msgs/include/lslidar_msgs/lslidar_msgs/msg/detail/lslidar_scan__functions.c
[0.768s] -- Up-to-date: /home/nvidia/2d_slam/install/lslidar_msgs/include/lslidar_msgs/lslidar_msgs/msg/detail/lslidar_packet__functions.h
[0.768s] -- Up-to-date: /home/nvidia/2d_slam/install/lslidar_msgs/include/lslidar_msgs/lslidar_msgs/msg/detail/lslidar_difop__struct.h
[0.768s] -- Up-to-date: /home/nvidia/2d_slam/install/lslidar_msgs/include/lslidar_msgs/lslidar_msgs/msg/detail/lslidar_difop__functions.c
[0.769s] -- Up-to-date: /home/nvidia/2d_slam/install/lslidar_msgs/include/lslidar_msgs/lslidar_msgs/msg/detail/lslidar_sweep__functions.c
[0.769s] -- Up-to-date: /home/nvidia/2d_slam/install/lslidar_msgs/include/lslidar_msgs/lslidar_msgs/msg/detail/lslidar_packet__functions.c
[0.769s] -- Up-to-date: /home/nvidia/2d_slam/install/lslidar_msgs/include/lslidar_msgs/lslidar_msgs/msg/detail/lslidar_difop__type_support.h
[0.769s] -- Up-to-date: /home/nvidia/2d_slam/install/lslidar_msgs/include/lslidar_msgs/lslidar_msgs/msg/lslidar_scan.h
[0.769s] -- Up-to-date: /home/nvidia/2d_slam/install/lslidar_msgs/include/lslidar_msgs/lslidar_msgs/msg/lslidar_packet.h
[0.770s] -- Up-to-date: /home/nvidia/2d_slam/install/lslidar_msgs/include/lslidar_msgs/lslidar_msgs/msg/lslidar_point.h
[0.770s] -- Up-to-date: /home/nvidia/2d_slam/install/lslidar_msgs/include/lslidar_msgs/lslidar_msgs/msg/lslidar_difop.h
[0.770s] -- Up-to-date: /home/nvidia/2d_slam/install/lslidar_msgs/share/lslidar_msgs/environment/library_path.sh
[0.770s] -- Up-to-date: /home/nvidia/2d_slam/install/lslidar_msgs/share/lslidar_msgs/environment/library_path.dsv
[0.771s] -- Up-to-date: /home/nvidia/2d_slam/install/lslidar_msgs/lib/liblslidar_msgs__rosidl_generator_c.so
[0.771s] -- Up-to-date: /home/nvidia/2d_slam/install/lslidar_msgs/include/lslidar_msgs/lslidar_msgs
[0.771s] -- Up-to-date: /home/nvidia/2d_slam/install/lslidar_msgs/include/lslidar_msgs/lslidar_msgs/msg
[0.771s] -- Up-to-date: /home/nvidia/2d_slam/install/lslidar_msgs/include/lslidar_msgs/lslidar_msgs/msg/detail
[0.771s] -- Up-to-date: /home/nvidia/2d_slam/install/lslidar_msgs/include/lslidar_msgs/lslidar_msgs/msg/detail/lslidar_scan__rosidl_typesupport_fastrtps_c.h
[0.772s] -- Up-to-date: /home/nvidia/2d_slam/install/lslidar_msgs/include/lslidar_msgs/lslidar_msgs/msg/detail/lslidar_point__rosidl_typesupport_fastrtps_c.h
[0.772s] -- Up-to-date: /home/nvidia/2d_slam/install/lslidar_msgs/include/lslidar_msgs/lslidar_msgs/msg/detail/lslidar_packet__rosidl_typesupport_fastrtps_c.h
[0.772s] -- Up-to-date: /home/nvidia/2d_slam/install/lslidar_msgs/include/lslidar_msgs/lslidar_msgs/msg/detail/lslidar_sweep__rosidl_typesupport_fastrtps_c.h
[0.772s] -- Up-to-date: /home/nvidia/2d_slam/install/lslidar_msgs/include/lslidar_msgs/lslidar_msgs/msg/detail/lslidar_difop__rosidl_typesupport_fastrtps_c.h
[0.772s] -- Up-to-date: /home/nvidia/2d_slam/install/lslidar_msgs/include/lslidar_msgs/lslidar_msgs/msg/rosidl_typesupport_fastrtps_c__visibility_control.h
[0.773s] -- Up-to-date: /home/nvidia/2d_slam/install/lslidar_msgs/lib/liblslidar_msgs__rosidl_typesupport_fastrtps_c.so
[0.773s] -- Up-to-date: /home/nvidia/2d_slam/install/lslidar_msgs/include/lslidar_msgs/lslidar_msgs
[0.773s] -- Up-to-date: /home/nvidia/2d_slam/install/lslidar_msgs/include/lslidar_msgs/lslidar_msgs/msg
[0.773s] -- Up-to-date: /home/nvidia/2d_slam/install/lslidar_msgs/include/lslidar_msgs/lslidar_msgs/msg/lslidar_point.hpp
[0.773s] -- Up-to-date: /home/nvidia/2d_slam/install/lslidar_msgs/include/lslidar_msgs/lslidar_msgs/msg/lslidar_packet.hpp
[0.773s] -- Up-to-date: /home/nvidia/2d_slam/install/lslidar_msgs/include/lslidar_msgs/lslidar_msgs/msg/detail
[0.774s] -- Up-to-date: /home/nvidia/2d_slam/install/lslidar_msgs/include/lslidar_msgs/lslidar_msgs/msg/detail/lslidar_point__type_support.hpp
[0.774s] -- Up-to-date: /home/nvidia/2d_slam/install/lslidar_msgs/include/lslidar_msgs/lslidar_msgs/msg/detail/lslidar_sweep__struct.hpp
[0.774s] -- Up-to-date: /home/nvidia/2d_slam/install/lslidar_msgs/include/lslidar_msgs/lslidar_msgs/msg/detail/lslidar_packet__builder.hpp
[0.774s] -- Up-to-date: /home/nvidia/2d_slam/install/lslidar_msgs/include/lslidar_msgs/lslidar_msgs/msg/detail/lslidar_scan__struct.hpp
[0.775s] -- Up-to-date: /home/nvidia/2d_slam/install/lslidar_msgs/include/lslidar_msgs/lslidar_msgs/msg/detail/lslidar_point__builder.hpp
[0.775s] -- Up-to-date: /home/nvidia/2d_slam/install/lslidar_msgs/include/lslidar_msgs/lslidar_msgs/msg/detail/lslidar_scan__traits.hpp
[0.775s] -- Up-to-date: /home/nvidia/2d_slam/install/lslidar_msgs/include/lslidar_msgs/lslidar_msgs/msg/detail/lslidar_sweep__traits.hpp
[0.775s] -- Up-to-date: /home/nvidia/2d_slam/install/lslidar_msgs/include/lslidar_msgs/lslidar_msgs/msg/detail/lslidar_scan__builder.hpp
[0.775s] -- Up-to-date: /home/nvidia/2d_slam/install/lslidar_msgs/include/lslidar_msgs/lslidar_msgs/msg/detail/lslidar_difop__type_support.hpp
[0.775s] -- Up-to-date: /home/nvidia/2d_slam/install/lslidar_msgs/include/lslidar_msgs/lslidar_msgs/msg/detail/lslidar_packet__type_support.hpp
[0.775s] -- Up-to-date: /home/nvidia/2d_slam/install/lslidar_msgs/include/lslidar_msgs/lslidar_msgs/msg/detail/lslidar_sweep__type_support.hpp
[0.776s] -- Up-to-date: /home/nvidia/2d_slam/install/lslidar_msgs/include/lslidar_msgs/lslidar_msgs/msg/detail/lslidar_packet__struct.hpp
[0.776s] -- Up-to-date: /home/nvidia/2d_slam/install/lslidar_msgs/include/lslidar_msgs/lslidar_msgs/msg/detail/lslidar_difop__traits.hpp
[0.776s] -- Up-to-date: /home/nvidia/2d_slam/install/lslidar_msgs/include/lslidar_msgs/lslidar_msgs/msg/detail/lslidar_point__struct.hpp
[0.776s] -- Up-to-date: /home/nvidia/2d_slam/install/lslidar_msgs/include/lslidar_msgs/lslidar_msgs/msg/detail/lslidar_difop__builder.hpp
[0.776s] -- Up-to-date: /home/nvidia/2d_slam/install/lslidar_msgs/include/lslidar_msgs/lslidar_msgs/msg/detail/lslidar_sweep__builder.hpp
[0.777s] -- Up-to-date: /home/nvidia/2d_slam/install/lslidar_msgs/include/lslidar_msgs/lslidar_msgs/msg/detail/lslidar_difop__struct.hpp
[0.777s] -- Up-to-date: /home/nvidia/2d_slam/install/lslidar_msgs/include/lslidar_msgs/lslidar_msgs/msg/detail/lslidar_scan__type_support.hpp
[0.777s] -- Up-to-date: /home/nvidia/2d_slam/install/lslidar_msgs/include/lslidar_msgs/lslidar_msgs/msg/detail/lslidar_packet__traits.hpp
[0.777s] -- Up-to-date: /home/nvidia/2d_slam/install/lslidar_msgs/include/lslidar_msgs/lslidar_msgs/msg/detail/lslidar_point__traits.hpp
[0.777s] -- Up-to-date: /home/nvidia/2d_slam/install/lslidar_msgs/include/lslidar_msgs/lslidar_msgs/msg/lslidar_sweep.hpp
[0.777s] -- Up-to-date: /home/nvidia/2d_slam/install/lslidar_msgs/include/lslidar_msgs/lslidar_msgs/msg/rosidl_generator_cpp__visibility_control.hpp
[0.778s] -- Up-to-date: /home/nvidia/2d_slam/install/lslidar_msgs/include/lslidar_msgs/lslidar_msgs/msg/lslidar_scan.hpp
[0.778s] -- Up-to-date: /home/nvidia/2d_slam/install/lslidar_msgs/include/lslidar_msgs/lslidar_msgs/msg/lslidar_difop.hpp
[0.778s] -- Up-to-date: /home/nvidia/2d_slam/install/lslidar_msgs/include/lslidar_msgs/lslidar_msgs
[0.778s] -- Up-to-date: /home/nvidia/2d_slam/install/lslidar_msgs/include/lslidar_msgs/lslidar_msgs/msg
[0.778s] -- Up-to-date: /home/nvidia/2d_slam/install/lslidar_msgs/include/lslidar_msgs/lslidar_msgs/msg/detail
[0.779s] -- Up-to-date: /home/nvidia/2d_slam/install/lslidar_msgs/include/lslidar_msgs/lslidar_msgs/msg/detail/lslidar_packet__rosidl_typesupport_fastrtps_cpp.hpp
[0.779s] -- Up-to-date: /home/nvidia/2d_slam/install/lslidar_msgs/include/lslidar_msgs/lslidar_msgs/msg/detail/lslidar_difop__rosidl_typesupport_fastrtps_cpp.hpp
[0.779s] -- Up-to-date: /home/nvidia/2d_slam/install/lslidar_msgs/include/lslidar_msgs/lslidar_msgs/msg/detail/lslidar_sweep__rosidl_typesupport_fastrtps_cpp.hpp
[0.779s] -- Up-to-date: /home/nvidia/2d_slam/install/lslidar_msgs/include/lslidar_msgs/lslidar_msgs/msg/detail/lslidar_point__rosidl_typesupport_fastrtps_cpp.hpp
[0.779s] -- Up-to-date: /home/nvidia/2d_slam/install/lslidar_msgs/include/lslidar_msgs/lslidar_msgs/msg/detail/lslidar_scan__rosidl_typesupport_fastrtps_cpp.hpp
[0.780s] -- Up-to-date: /home/nvidia/2d_slam/install/lslidar_msgs/include/lslidar_msgs/lslidar_msgs/msg/detail/dds_fastrtps
[0.780s] -- Up-to-date: /home/nvidia/2d_slam/install/lslidar_msgs/include/lslidar_msgs/lslidar_msgs/msg/rosidl_typesupport_fastrtps_cpp__visibility_control.h
[0.780s] -- Up-to-date: /home/nvidia/2d_slam/install/lslidar_msgs/lib/liblslidar_msgs__rosidl_typesupport_fastrtps_cpp.so
[0.780s] -- Up-to-date: /home/nvidia/2d_slam/install/lslidar_msgs/include/lslidar_msgs/lslidar_msgs
[0.780s] -- Up-to-date: /home/nvidia/2d_slam/install/lslidar_msgs/include/lslidar_msgs/lslidar_msgs/msg
[0.780s] -- Up-to-date: /home/nvidia/2d_slam/install/lslidar_msgs/include/lslidar_msgs/lslidar_msgs/msg/rosidl_typesupport_introspection_c__visibility_control.h
[0.781s] -- Up-to-date: /home/nvidia/2d_slam/install/lslidar_msgs/include/lslidar_msgs/lslidar_msgs/msg/detail
[0.781s] -- Up-to-date: /home/nvidia/2d_slam/install/lslidar_msgs/include/lslidar_msgs/lslidar_msgs/msg/detail/lslidar_sweep__type_support.c
[0.781s] -- Up-to-date: /home/nvidia/2d_slam/install/lslidar_msgs/include/lslidar_msgs/lslidar_msgs/msg/detail/lslidar_point__type_support.c
[0.781s] -- Up-to-date: /home/nvidia/2d_slam/install/lslidar_msgs/include/lslidar_msgs/lslidar_msgs/msg/detail/lslidar_difop__rosidl_typesupport_introspection_c.h
[0.781s] -- Up-to-date: /home/nvidia/2d_slam/install/lslidar_msgs/include/lslidar_msgs/lslidar_msgs/msg/detail/lslidar_packet__type_support.c
[0.781s] -- Up-to-date: /home/nvidia/2d_slam/install/lslidar_msgs/include/lslidar_msgs/lslidar_msgs/msg/detail/lslidar_point__rosidl_typesupport_introspection_c.h
[0.782s] -- Up-to-date: /home/nvidia/2d_slam/install/lslidar_msgs/include/lslidar_msgs/lslidar_msgs/msg/detail/lslidar_packet__rosidl_typesupport_introspection_c.h
[0.782s] -- Up-to-date: /home/nvidia/2d_slam/install/lslidar_msgs/include/lslidar_msgs/lslidar_msgs/msg/detail/lslidar_sweep__rosidl_typesupport_introspection_c.h
[0.782s] -- Up-to-date: /home/nvidia/2d_slam/install/lslidar_msgs/include/lslidar_msgs/lslidar_msgs/msg/detail/lslidar_difop__type_support.c
[0.782s] -- Up-to-date: /home/nvidia/2d_slam/install/lslidar_msgs/include/lslidar_msgs/lslidar_msgs/msg/detail/lslidar_scan__type_support.c
[0.782s] -- Up-to-date: /home/nvidia/2d_slam/install/lslidar_msgs/include/lslidar_msgs/lslidar_msgs/msg/detail/lslidar_scan__rosidl_typesupport_introspection_c.h
[0.782s] -- Up-to-date: /home/nvidia/2d_slam/install/lslidar_msgs/lib/liblslidar_msgs__rosidl_typesupport_introspection_c.so
[0.782s] -- Up-to-date: /home/nvidia/2d_slam/install/lslidar_msgs/lib/liblslidar_msgs__rosidl_typesupport_c.so
[0.783s] -- Up-to-date: /home/nvidia/2d_slam/install/lslidar_msgs/include/lslidar_msgs/lslidar_msgs
[0.783s] -- Up-to-date: /home/nvidia/2d_slam/install/lslidar_msgs/include/lslidar_msgs/lslidar_msgs/msg
[0.783s] -- Up-to-date: /home/nvidia/2d_slam/install/lslidar_msgs/include/lslidar_msgs/lslidar_msgs/msg/detail
[0.783s] -- Up-to-date: /home/nvidia/2d_slam/install/lslidar_msgs/include/lslidar_msgs/lslidar_msgs/msg/detail/lslidar_packet__rosidl_typesupport_introspection_cpp.hpp
[0.783s] -- Up-to-date: /home/nvidia/2d_slam/install/lslidar_msgs/include/lslidar_msgs/lslidar_msgs/msg/detail/lslidar_difop__rosidl_typesupport_introspection_cpp.hpp
[0.783s] -- Up-to-date: /home/nvidia/2d_slam/install/lslidar_msgs/include/lslidar_msgs/lslidar_msgs/msg/detail/lslidar_difop__type_support.cpp
[0.784s] -- Up-to-date: /home/nvidia/2d_slam/install/lslidar_msgs/include/lslidar_msgs/lslidar_msgs/msg/detail/lslidar_packet__type_support.cpp
[0.784s] -- Up-to-date: /home/nvidia/2d_slam/install/lslidar_msgs/include/lslidar_msgs/lslidar_msgs/msg/detail/lslidar_point__rosidl_typesupport_introspection_cpp.hpp
[0.784s] -- Up-to-date: /home/nvidia/2d_slam/install/lslidar_msgs/include/lslidar_msgs/lslidar_msgs/msg/detail/lslidar_scan__rosidl_typesupport_introspection_cpp.hpp
[0.784s] -- Up-to-date: /home/nvidia/2d_slam/install/lslidar_msgs/include/lslidar_msgs/lslidar_msgs/msg/detail/lslidar_sweep__rosidl_typesupport_introspection_cpp.hpp
[0.784s] -- Up-to-date: /home/nvidia/2d_slam/install/lslidar_msgs/include/lslidar_msgs/lslidar_msgs/msg/detail/lslidar_scan__type_support.cpp
[0.784s] -- Up-to-date: /home/nvidia/2d_slam/install/lslidar_msgs/include/lslidar_msgs/lslidar_msgs/msg/detail/lslidar_point__type_support.cpp
[0.785s] -- Up-to-date: /home/nvidia/2d_slam/install/lslidar_msgs/include/lslidar_msgs/lslidar_msgs/msg/detail/lslidar_sweep__type_support.cpp
[0.785s] -- Up-to-date: /home/nvidia/2d_slam/install/lslidar_msgs/lib/liblslidar_msgs__rosidl_typesupport_introspection_cpp.so
[0.785s] -- Up-to-date: /home/nvidia/2d_slam/install/lslidar_msgs/lib/liblslidar_msgs__rosidl_typesupport_cpp.so
[0.785s] -- Up-to-date: /home/nvidia/2d_slam/install/lslidar_msgs/share/lslidar_msgs/environment/pythonpath.sh
[0.785s] -- Up-to-date: /home/nvidia/2d_slam/install/lslidar_msgs/share/lslidar_msgs/environment/pythonpath.dsv
[0.785s] -- Up-to-date: /home/nvidia/2d_slam/install/lslidar_msgs/local/lib/python3.10/dist-packages/lslidar_msgs-1.2.0-py3.10.egg-info
[0.786s] -- Installing: /home/nvidia/2d_slam/install/lslidar_msgs/local/lib/python3.10/dist-packages/lslidar_msgs-1.2.0-py3.10.egg-info/dependency_links.txt
[0.786s] -- Installing: /home/nvidia/2d_slam/install/lslidar_msgs/local/lib/python3.10/dist-packages/lslidar_msgs-1.2.0-py3.10.egg-info/SOURCES.txt
[0.786s] -- Installing: /home/nvidia/2d_slam/install/lslidar_msgs/local/lib/python3.10/dist-packages/lslidar_msgs-1.2.0-py3.10.egg-info/top_level.txt
[0.786s] -- Installing: /home/nvidia/2d_slam/install/lslidar_msgs/local/lib/python3.10/dist-packages/lslidar_msgs-1.2.0-py3.10.egg-info/PKG-INFO
[0.786s] -- Up-to-date: /home/nvidia/2d_slam/install/lslidar_msgs/local/lib/python3.10/dist-packages/lslidar_msgs
[0.786s] -- Up-to-date: /home/nvidia/2d_slam/install/lslidar_msgs/local/lib/python3.10/dist-packages/lslidar_msgs/lslidar_msgs_s__rosidl_typesupport_introspection_c.cpython-310-aarch64-linux-gnu.so
[0.787s] -- Up-to-date: /home/nvidia/2d_slam/install/lslidar_msgs/local/lib/python3.10/dist-packages/lslidar_msgs/msg
[0.787s] -- Up-to-date: /home/nvidia/2d_slam/install/lslidar_msgs/local/lib/python3.10/dist-packages/lslidar_msgs/msg/_lslidar_difop_s.c
[0.787s] -- Up-to-date: /home/nvidia/2d_slam/install/lslidar_msgs/local/lib/python3.10/dist-packages/lslidar_msgs/msg/_lslidar_packet.py
[0.787s] -- Up-to-date: /home/nvidia/2d_slam/install/lslidar_msgs/local/lib/python3.10/dist-packages/lslidar_msgs/msg/_lslidar_sweep_s.c
[0.787s] -- Up-to-date: /home/nvidia/2d_slam/install/lslidar_msgs/local/lib/python3.10/dist-packages/lslidar_msgs/msg/_lslidar_packet_s.c
[0.787s] -- Up-to-date: /home/nvidia/2d_slam/install/lslidar_msgs/local/lib/python3.10/dist-packages/lslidar_msgs/msg/_lslidar_sweep.py
[0.788s] -- Up-to-date: /home/nvidia/2d_slam/install/lslidar_msgs/local/lib/python3.10/dist-packages/lslidar_msgs/msg/_lslidar_scan_s.c
[0.788s] -- Up-to-date: /home/nvidia/2d_slam/install/lslidar_msgs/local/lib/python3.10/dist-packages/lslidar_msgs/msg/_lslidar_point_s.c
[0.788s] -- Up-to-date: /home/nvidia/2d_slam/install/lslidar_msgs/local/lib/python3.10/dist-packages/lslidar_msgs/msg/_lslidar_difop.py
[0.788s] -- Up-to-date: /home/nvidia/2d_slam/install/lslidar_msgs/local/lib/python3.10/dist-packages/lslidar_msgs/msg/_lslidar_scan.py
[0.788s] -- Up-to-date: /home/nvidia/2d_slam/install/lslidar_msgs/local/lib/python3.10/dist-packages/lslidar_msgs/msg/_lslidar_point.py
[0.788s] -- Up-to-date: /home/nvidia/2d_slam/install/lslidar_msgs/local/lib/python3.10/dist-packages/lslidar_msgs/msg/__init__.py
[0.789s] -- Up-to-date: /home/nvidia/2d_slam/install/lslidar_msgs/local/lib/python3.10/dist-packages/lslidar_msgs/_lslidar_msgs_s.ep.rosidl_typesupport_c.c
[0.789s] -- Up-to-date: /home/nvidia/2d_slam/install/lslidar_msgs/local/lib/python3.10/dist-packages/lslidar_msgs/lslidar_msgs_s__rosidl_typesupport_c.cpython-310-aarch64-linux-gnu.so
[0.789s] -- Up-to-date: /home/nvidia/2d_slam/install/lslidar_msgs/local/lib/python3.10/dist-packages/lslidar_msgs/lslidar_msgs_s__rosidl_typesupport_fastrtps_c.cpython-310-aarch64-linux-gnu.so
[0.789s] -- Up-to-date: /home/nvidia/2d_slam/install/lslidar_msgs/local/lib/python3.10/dist-packages/lslidar_msgs/_lslidar_msgs_s.ep.rosidl_typesupport_introspection_c.c
[0.789s] -- Up-to-date: /home/nvidia/2d_slam/install/lslidar_msgs/local/lib/python3.10/dist-packages/lslidar_msgs/_lslidar_msgs_s.ep.rosidl_typesupport_fastrtps_c.c
[0.789s] -- Up-to-date: /home/nvidia/2d_slam/install/lslidar_msgs/local/lib/python3.10/dist-packages/lslidar_msgs/liblslidar_msgs__rosidl_generator_py.so
[0.790s] -- Up-to-date: /home/nvidia/2d_slam/install/lslidar_msgs/local/lib/python3.10/dist-packages/lslidar_msgs/__init__.py
[0.846s] Listing '/home/nvidia/2d_slam/install/lslidar_msgs/local/lib/python3.10/dist-packages/lslidar_msgs'...
[0.846s] Listing '/home/nvidia/2d_slam/install/lslidar_msgs/local/lib/python3.10/dist-packages/lslidar_msgs/msg'...
[0.856s] -- Up-to-date: /home/nvidia/2d_slam/install/lslidar_msgs/local/lib/python3.10/dist-packages/lslidar_msgs/lslidar_msgs_s__rosidl_typesupport_fastrtps_c.cpython-310-aarch64-linux-gnu.so
[0.857s] -- Up-to-date: /home/nvidia/2d_slam/install/lslidar_msgs/local/lib/python3.10/dist-packages/lslidar_msgs/lslidar_msgs_s__rosidl_typesupport_introspection_c.cpython-310-aarch64-linux-gnu.so
[0.858s] -- Up-to-date: /home/nvidia/2d_slam/install/lslidar_msgs/local/lib/python3.10/dist-packages/lslidar_msgs/lslidar_msgs_s__rosidl_typesupport_c.cpython-310-aarch64-linux-gnu.so
[0.860s] -- Up-to-date: /home/nvidia/2d_slam/install/lslidar_msgs/lib/liblslidar_msgs__rosidl_generator_py.so
[0.860s] -- Up-to-date: /home/nvidia/2d_slam/install/lslidar_msgs/share/lslidar_msgs/msg/LslidarDifop.idl
[0.861s] -- Up-to-date: /home/nvidia/2d_slam/install/lslidar_msgs/share/lslidar_msgs/msg/LslidarPacket.idl
[0.861s] -- Up-to-date: /home/nvidia/2d_slam/install/lslidar_msgs/share/lslidar_msgs/msg/LslidarPoint.idl
[0.861s] -- Up-to-date: /home/nvidia/2d_slam/install/lslidar_msgs/share/lslidar_msgs/msg/LslidarScan.idl
[0.861s] -- Up-to-date: /home/nvidia/2d_slam/install/lslidar_msgs/share/lslidar_msgs/msg/LslidarSweep.idl
[0.862s] -- Up-to-date: /home/nvidia/2d_slam/install/lslidar_msgs/share/lslidar_msgs/msg/LslidarDifop.msg
[0.862s] -- Up-to-date: /home/nvidia/2d_slam/install/lslidar_msgs/share/lslidar_msgs/msg/LslidarPacket.msg
[0.862s] -- Up-to-date: /home/nvidia/2d_slam/install/lslidar_msgs/share/lslidar_msgs/msg/LslidarPoint.msg
[0.862s] -- Up-to-date: /home/nvidia/2d_slam/install/lslidar_msgs/share/lslidar_msgs/msg/LslidarScan.msg
[0.862s] -- Up-to-date: /home/nvidia/2d_slam/install/lslidar_msgs/share/lslidar_msgs/msg/LslidarSweep.msg
[0.863s] -- Up-to-date: /home/nvidia/2d_slam/install/lslidar_msgs/share/ament_index/resource_index/package_run_dependencies/lslidar_msgs
[0.863s] -- Up-to-date: /home/nvidia/2d_slam/install/lslidar_msgs/share/ament_index/resource_index/parent_prefix_path/lslidar_msgs
[0.863s] -- Up-to-date: /home/nvidia/2d_slam/install/lslidar_msgs/share/lslidar_msgs/environment/ament_prefix_path.sh
[0.863s] -- Up-to-date: /home/nvidia/2d_slam/install/lslidar_msgs/share/lslidar_msgs/environment/ament_prefix_path.dsv
[0.864s] -- Up-to-date: /home/nvidia/2d_slam/install/lslidar_msgs/share/lslidar_msgs/environment/path.sh
[0.864s] -- Up-to-date: /home/nvidia/2d_slam/install/lslidar_msgs/share/lslidar_msgs/environment/path.dsv
[0.864s] -- Up-to-date: /home/nvidia/2d_slam/install/lslidar_msgs/share/lslidar_msgs/local_setup.bash
[0.864s] -- Up-to-date: /home/nvidia/2d_slam/install/lslidar_msgs/share/lslidar_msgs/local_setup.sh
[0.864s] -- Up-to-date: /home/nvidia/2d_slam/install/lslidar_msgs/share/lslidar_msgs/local_setup.zsh
[0.864s] -- Up-to-date: /home/nvidia/2d_slam/install/lslidar_msgs/share/lslidar_msgs/local_setup.dsv
[0.865s] -- Installing: /home/nvidia/2d_slam/install/lslidar_msgs/share/lslidar_msgs/package.dsv
[0.865s] -- Up-to-date: /home/nvidia/2d_slam/install/lslidar_msgs/share/ament_index/resource_index/packages/lslidar_msgs
[0.868s] -- Up-to-date: /home/nvidia/2d_slam/install/lslidar_msgs/share/lslidar_msgs/cmake/export_lslidar_msgs__rosidl_generator_cExport.cmake
[0.868s] -- Up-to-date: /home/nvidia/2d_slam/install/lslidar_msgs/share/lslidar_msgs/cmake/export_lslidar_msgs__rosidl_generator_cExport-noconfig.cmake
[0.869s] -- Up-to-date: /home/nvidia/2d_slam/install/lslidar_msgs/share/lslidar_msgs/cmake/export_lslidar_msgs__rosidl_typesupport_fastrtps_cExport.cmake
[0.869s] -- Up-to-date: /home/nvidia/2d_slam/install/lslidar_msgs/share/lslidar_msgs/cmake/export_lslidar_msgs__rosidl_typesupport_fastrtps_cExport-noconfig.cmake
[0.869s] -- Up-to-date: /home/nvidia/2d_slam/install/lslidar_msgs/share/lslidar_msgs/cmake/export_lslidar_msgs__rosidl_generator_cppExport.cmake
[0.870s] -- Up-to-date: /home/nvidia/2d_slam/install/lslidar_msgs/share/lslidar_msgs/cmake/export_lslidar_msgs__rosidl_typesupport_fastrtps_cppExport.cmake
[0.870s] -- Up-to-date: /home/nvidia/2d_slam/install/lslidar_msgs/share/lslidar_msgs/cmake/export_lslidar_msgs__rosidl_typesupport_fastrtps_cppExport-noconfig.cmake
[0.870s] -- Up-to-date: /home/nvidia/2d_slam/install/lslidar_msgs/share/lslidar_msgs/cmake/lslidar_msgs__rosidl_typesupport_introspection_cExport.cmake
[0.871s] -- Up-to-date: /home/nvidia/2d_slam/install/lslidar_msgs/share/lslidar_msgs/cmake/lslidar_msgs__rosidl_typesupport_introspection_cExport-noconfig.cmake
[0.871s] -- Up-to-date: /home/nvidia/2d_slam/install/lslidar_msgs/share/lslidar_msgs/cmake/lslidar_msgs__rosidl_typesupport_cExport.cmake
[0.871s] -- Up-to-date: /home/nvidia/2d_slam/install/lslidar_msgs/share/lslidar_msgs/cmake/lslidar_msgs__rosidl_typesupport_cExport-noconfig.cmake
[0.872s] -- Up-to-date: /home/nvidia/2d_slam/install/lslidar_msgs/share/lslidar_msgs/cmake/lslidar_msgs__rosidl_typesupport_introspection_cppExport.cmake
[0.872s] -- Up-to-date: /home/nvidia/2d_slam/install/lslidar_msgs/share/lslidar_msgs/cmake/lslidar_msgs__rosidl_typesupport_introspection_cppExport-noconfig.cmake
[0.872s] -- Up-to-date: /home/nvidia/2d_slam/install/lslidar_msgs/share/lslidar_msgs/cmake/lslidar_msgs__rosidl_typesupport_cppExport.cmake
[0.872s] -- Up-to-date: /home/nvidia/2d_slam/install/lslidar_msgs/share/lslidar_msgs/cmake/lslidar_msgs__rosidl_typesupport_cppExport-noconfig.cmake
[0.873s] -- Up-to-date: /home/nvidia/2d_slam/install/lslidar_msgs/share/lslidar_msgs/cmake/export_lslidar_msgs__rosidl_generator_pyExport.cmake
[0.873s] -- Up-to-date: /home/nvidia/2d_slam/install/lslidar_msgs/share/lslidar_msgs/cmake/export_lslidar_msgs__rosidl_generator_pyExport-noconfig.cmake
[0.873s] -- Up-to-date: /home/nvidia/2d_slam/install/lslidar_msgs/share/lslidar_msgs/cmake/rosidl_cmake-extras.cmake
[0.873s] -- Up-to-date: /home/nvidia/2d_slam/install/lslidar_msgs/share/lslidar_msgs/cmake/ament_cmake_export_dependencies-extras.cmake
[0.873s] -- Up-to-date: /home/nvidia/2d_slam/install/lslidar_msgs/share/lslidar_msgs/cmake/ament_cmake_export_include_directories-extras.cmake
[0.873s] -- Up-to-date: /home/nvidia/2d_slam/install/lslidar_msgs/share/lslidar_msgs/cmake/ament_cmake_export_libraries-extras.cmake
[0.874s] -- Up-to-date: /home/nvidia/2d_slam/install/lslidar_msgs/share/lslidar_msgs/cmake/ament_cmake_export_targets-extras.cmake
[0.874s] -- Up-to-date: /home/nvidia/2d_slam/install/lslidar_msgs/share/lslidar_msgs/cmake/rosidl_cmake_export_typesupport_targets-extras.cmake
[0.874s] -- Up-to-date: /home/nvidia/2d_slam/install/lslidar_msgs/share/lslidar_msgs/cmake/rosidl_cmake_export_typesupport_libraries-extras.cmake
[0.874s] -- Up-to-date: /home/nvidia/2d_slam/install/lslidar_msgs/share/lslidar_msgs/cmake/lslidar_msgsConfig.cmake
[0.874s] -- Up-to-date: /home/nvidia/2d_slam/install/lslidar_msgs/share/lslidar_msgs/cmake/lslidar_msgsConfig-version.cmake
[0.874s] -- Up-to-date: /home/nvidia/2d_slam/install/lslidar_msgs/share/lslidar_msgs/package.xml
[0.881s] Invoked command in '/home/nvidia/2d_slam/build/lslidar_msgs' returned '0': CMAKE_PREFIX_PATH=${CMAKE_PREFIX_PATH}:/opt/ros/humble /usr/bin/cmake --install /home/nvidia/2d_slam/build/lslidar_msgs
