[0.494s] Invoking command in '/home/nvidia/roadRunner/fishbot_ws/src/build/fishbot_navigation2': CMAKE_PREFIX_PATH=${CMAKE_PREFIX_PATH}:/home/nvidia/roadRunner/DDSM_ws/install/robot_nav:/home/nvidia/roadRunner/DDSM_ws/install/robot_control:/home/nvidia/DDSM_ws/install/robot_nav:/home/nvidia/DDSM_ws/install/robot_control:/opt/ros/humble /usr/bin/cmake --build /home/nvidia/roadRunner/fishbot_ws/src/build/fishbot_navigation2 -- -j8 -l8
[0.515s] [0mCMake Error: The current CMakeCache.txt directory /home/nvidia/roadRunner/fishbot_ws/src/build/fishbot_navigation2/CMakeCache.txt is different than the directory /home/nvidia/fishbot_ws/src/build/fishbot_navigation2 where CMakeCache.txt was created. This may result in binaries being created in the wrong place. If you are not sure, reedit the CMakeCache.txt[0m
[0.525s] -- Found ament_cmake: 1.3.11 (/opt/ros/humble/share/ament_cmake/cmake)
[0.732s] -- Found nav2_bringup: 1.1.18 (/opt/ros/humble/share/nav2_bringup/cmake)
[0.732s] -- Found ament_lint_auto: 0.12.11 (/opt/ros/humble/share/ament_lint_auto/cmake)
[0.856s] -- Added test 'cppcheck' to perform static code analysis on C / C++ code
[0.856s] -- Configured cppcheck include dirs: 
[0.856s] -- Configured cppcheck exclude dirs and/or files: 
[0.859s] -- Added test 'flake8' to check Python code syntax and style conventions
[0.862s] -- Added test 'lint_cmake' to check CMake code style
[0.864s] -- Added test 'pep257' to check Python code against some of the docstring style conventions in PEP 257
[0.877s] -- Added test 'uncrustify' to check C / C++ code style
[0.877s] -- Configured uncrustify additional arguments: 
[0.880s] -- Added test 'xmllint' to check XML markup files
[0.881s] -- Configuring done
[0.886s] -- Generating done
[0.889s] -- Build files have been written to: /home/nvidia/fishbot_ws/src/build/fishbot_navigation2
[0.920s] Invoked command in '/home/nvidia/roadRunner/fishbot_ws/src/build/fishbot_navigation2' returned '0': CMAKE_PREFIX_PATH=${CMAKE_PREFIX_PATH}:/home/nvidia/roadRunner/DDSM_ws/install/robot_nav:/home/nvidia/roadRunner/DDSM_ws/install/robot_control:/home/nvidia/DDSM_ws/install/robot_nav:/home/nvidia/DDSM_ws/install/robot_control:/opt/ros/humble /usr/bin/cmake --build /home/nvidia/roadRunner/fishbot_ws/src/build/fishbot_navigation2 -- -j8 -l8
[0.922s] Invoking command in '/home/nvidia/roadRunner/fishbot_ws/src/build/fishbot_navigation2': CMAKE_PREFIX_PATH=${CMAKE_PREFIX_PATH}:/home/nvidia/roadRunner/DDSM_ws/install/robot_nav:/home/nvidia/roadRunner/DDSM_ws/install/robot_control:/home/nvidia/DDSM_ws/install/robot_nav:/home/nvidia/DDSM_ws/install/robot_control:/opt/ros/humble /usr/bin/cmake --install /home/nvidia/roadRunner/fishbot_ws/src/build/fishbot_navigation2
[0.933s] -- Install configuration: ""
[0.934s] -- Up-to-date: /home/nvidia/fishbot_ws/src/install/fishbot_navigation2/share/fishbot_navigation2/launch
[0.934s] -- Up-to-date: /home/nvidia/fishbot_ws/src/install/fishbot_navigation2/share/fishbot_navigation2/launch/navigation2.launch.py
[0.934s] -- Up-to-date: /home/nvidia/fishbot_ws/src/install/fishbot_navigation2/share/fishbot_navigation2/launch/navigation2.launch.py.bak
[0.934s] -- Up-to-date: /home/nvidia/fishbot_ws/src/install/fishbot_navigation2/share/fishbot_navigation2/launch/navigation.launch.py
[0.934s] -- Up-to-date: /home/nvidia/fishbot_ws/src/install/fishbot_navigation2/share/fishbot_navigation2/param
[0.934s] -- Up-to-date: /home/nvidia/fishbot_ws/src/install/fishbot_navigation2/share/fishbot_navigation2/param/fishbot_nav2.yaml
[0.934s] -- Up-to-date: /home/nvidia/fishbot_ws/src/install/fishbot_navigation2/share/fishbot_navigation2/maps
[0.934s] -- Up-to-date: /home/nvidia/fishbot_ws/src/install/fishbot_navigation2/share/fishbot_navigation2/maps/rrmap.yaml
[0.935s] -- Up-to-date: /home/nvidia/fishbot_ws/src/install/fishbot_navigation2/share/fishbot_navigation2/maps/rrmap.pgm
[0.935s] -- Up-to-date: /home/nvidia/fishbot_ws/src/install/fishbot_navigation2/share/ament_index/resource_index/package_run_dependencies/fishbot_navigation2
[0.935s] -- Installing: /home/nvidia/fishbot_ws/src/install/fishbot_navigation2/share/ament_index/resource_index/parent_prefix_path/fishbot_navigation2
[0.935s] -- Up-to-date: /home/nvidia/fishbot_ws/src/install/fishbot_navigation2/share/fishbot_navigation2/environment/ament_prefix_path.sh
[0.935s] -- Installing: /home/nvidia/fishbot_ws/src/install/fishbot_navigation2/share/fishbot_navigation2/environment/ament_prefix_path.dsv
[0.935s] -- Up-to-date: /home/nvidia/fishbot_ws/src/install/fishbot_navigation2/share/fishbot_navigation2/environment/path.sh
[0.935s] -- Installing: /home/nvidia/fishbot_ws/src/install/fishbot_navigation2/share/fishbot_navigation2/environment/path.dsv
[0.935s] -- Up-to-date: /home/nvidia/fishbot_ws/src/install/fishbot_navigation2/share/fishbot_navigation2/local_setup.bash
[0.936s] -- Up-to-date: /home/nvidia/fishbot_ws/src/install/fishbot_navigation2/share/fishbot_navigation2/local_setup.sh
[0.936s] -- Up-to-date: /home/nvidia/fishbot_ws/src/install/fishbot_navigation2/share/fishbot_navigation2/local_setup.zsh
[0.936s] -- Installing: /home/nvidia/fishbot_ws/src/install/fishbot_navigation2/share/fishbot_navigation2/local_setup.dsv
[0.936s] -- Installing: /home/nvidia/fishbot_ws/src/install/fishbot_navigation2/share/fishbot_navigation2/package.dsv
[0.936s] -- Up-to-date: /home/nvidia/fishbot_ws/src/install/fishbot_navigation2/share/ament_index/resource_index/packages/fishbot_navigation2
[0.936s] -- Up-to-date: /home/nvidia/fishbot_ws/src/install/fishbot_navigation2/share/fishbot_navigation2/cmake/fishbot_navigation2Config.cmake
[0.936s] -- Up-to-date: /home/nvidia/fishbot_ws/src/install/fishbot_navigation2/share/fishbot_navigation2/cmake/fishbot_navigation2Config-version.cmake
[0.936s] -- Up-to-date: /home/nvidia/fishbot_ws/src/install/fishbot_navigation2/share/fishbot_navigation2/package.xml
[0.939s] Invoked command in '/home/nvidia/roadRunner/fishbot_ws/src/build/fishbot_navigation2' returned '0': CMAKE_PREFIX_PATH=${CMAKE_PREFIX_PATH}:/home/nvidia/roadRunner/DDSM_ws/install/robot_nav:/home/nvidia/roadRunner/DDSM_ws/install/robot_control:/home/nvidia/DDSM_ws/install/robot_nav:/home/nvidia/DDSM_ws/install/robot_control:/opt/ros/humble /usr/bin/cmake --install /home/nvidia/roadRunner/fishbot_ws/src/build/fishbot_navigation2
