[0.187s] DEBUG:colcon:Command line arguments: ['/usr/bin/colcon', 'build']
[0.188s] DEBUG:colcon:Parsed command line arguments: Namespace(log_base=None, log_level=None, verb_name='build', build_base='build', install_base='install', merge_install=False, symlink_install=False, test_result_base=None, continue_on_error=False, executor='parallel', parallel_workers=8, event_handlers=None, ignore_user_meta=False, metas=['./colcon.meta'], base_paths=['.'], packages_ignore=None, packages_ignore_regex=None, paths=None, packages_up_to=None, packages_up_to_regex=None, packages_above=None, packages_above_and_dependencies=None, packages_above_depth=None, packages_select_by_dep=None, packages_skip_by_dep=None, packages_skip_up_to=None, packages_select_build_failed=False, packages_skip_build_finished=False, packages_select_test_failures=False, packages_skip_test_passed=False, packages_select=None, packages_skip=None, packages_select_regex=None, packages_skip_regex=None, packages_start=None, packages_end=None, allow_overriding=[], cmake_args=None, cmake_target=None, cmake_target_skip_unavailable=False, cmake_clean_cache=False, cmake_clean_first=False, cmake_force_configure=False, ament_cmake_args=None, catkin_cmake_args=None, catkin_skip_building_tests=False, mixin_files=None, mixin=None, verb_parser=<colcon_mixin.mixin.mixin_argument.MixinArgumentDecorator object at 0xffffb4567610>, verb_extension=<colcon_core.verb.build.BuildVerb object at 0xffffb4566c50>, main=<bound method BuildVerb.main of <colcon_core.verb.build.BuildVerb object at 0xffffb4566c50>>, mixin_verb=('build',))
[0.492s] Level 1:colcon.colcon_core.package_discovery:discover_packages(colcon_meta) check parameters
[0.493s] Level 1:colcon.colcon_core.package_discovery:discover_packages(recursive) check parameters
[0.493s] Level 1:colcon.colcon_core.package_discovery:discover_packages(ignore) check parameters
[0.493s] Level 1:colcon.colcon_core.package_discovery:discover_packages(path) check parameters
[0.493s] Level 1:colcon.colcon_core.package_discovery:discover_packages(colcon_meta) discover
[0.493s] Level 1:colcon.colcon_core.package_discovery:discover_packages(recursive) discover
[0.494s] INFO:colcon.colcon_core.package_discovery:Crawling recursively for packages in '/home/nvidia/2d_slam/src/LSLIDAR_X_ROS2-20240228'
[0.494s] Level 1:colcon.colcon_core.package_identification:_identify(.) by extensions ['ignore', 'ignore_ament_install']
[0.495s] Level 1:colcon.colcon_core.package_identification:_identify(.) by extension 'ignore'
[0.495s] Level 1:colcon.colcon_core.package_identification:_identify(.) by extension 'ignore_ament_install'
[0.495s] Level 1:colcon.colcon_core.package_identification:_identify(.) by extensions ['colcon_pkg']
[0.495s] Level 1:colcon.colcon_core.package_identification:_identify(.) by extension 'colcon_pkg'
[0.495s] Level 1:colcon.colcon_core.package_identification:_identify(.) by extensions ['colcon_meta']
[0.495s] Level 1:colcon.colcon_core.package_identification:_identify(.) by extension 'colcon_meta'
[0.495s] Level 1:colcon.colcon_core.package_identification:_identify(.) by extensions ['ros']
[0.495s] Level 1:colcon.colcon_core.package_identification:_identify(.) by extension 'ros'
[0.516s] Level 1:colcon.colcon_core.package_identification:_identify(.) by extensions ['cmake', 'python']
[0.516s] Level 1:colcon.colcon_core.package_identification:_identify(.) by extension 'cmake'
[0.516s] Level 1:colcon.colcon_core.package_identification:_identify(.) by extension 'python'
[0.516s] Level 1:colcon.colcon_core.package_identification:_identify(.) by extensions ['python_setup_py']
[0.516s] Level 1:colcon.colcon_core.package_identification:_identify(.) by extension 'python_setup_py'
[0.516s] Level 1:colcon.colcon_core.package_identification:_identify(build) by extensions ['ignore', 'ignore_ament_install']
[0.516s] Level 1:colcon.colcon_core.package_identification:_identify(build) by extension 'ignore'
[0.517s] Level 1:colcon.colcon_core.package_identification:_identify(build) ignored
[0.517s] Level 1:colcon.colcon_core.package_identification:_identify(install) by extensions ['ignore', 'ignore_ament_install']
[0.517s] Level 1:colcon.colcon_core.package_identification:_identify(install) by extension 'ignore'
[0.517s] Level 1:colcon.colcon_core.package_identification:_identify(install) ignored
[0.517s] Level 1:colcon.colcon_core.package_identification:_identify(log) by extensions ['ignore', 'ignore_ament_install']
[0.517s] Level 1:colcon.colcon_core.package_identification:_identify(log) by extension 'ignore'
[0.517s] Level 1:colcon.colcon_core.package_identification:_identify(log) ignored
[0.518s] Level 1:colcon.colcon_core.package_identification:_identify(src) by extensions ['ignore', 'ignore_ament_install']
[0.518s] Level 1:colcon.colcon_core.package_identification:_identify(src) by extension 'ignore'
[0.518s] Level 1:colcon.colcon_core.package_identification:_identify(src) by extension 'ignore_ament_install'
[0.518s] Level 1:colcon.colcon_core.package_identification:_identify(src) by extensions ['colcon_pkg']
[0.518s] Level 1:colcon.colcon_core.package_identification:_identify(src) by extension 'colcon_pkg'
[0.518s] Level 1:colcon.colcon_core.package_identification:_identify(src) by extensions ['colcon_meta']
[0.518s] Level 1:colcon.colcon_core.package_identification:_identify(src) by extension 'colcon_meta'
[0.518s] Level 1:colcon.colcon_core.package_identification:_identify(src) by extensions ['ros']
[0.518s] Level 1:colcon.colcon_core.package_identification:_identify(src) by extension 'ros'
[0.518s] Level 1:colcon.colcon_core.package_identification:_identify(src) by extensions ['cmake', 'python']
[0.519s] Level 1:colcon.colcon_core.package_identification:_identify(src) by extension 'cmake'
[0.519s] Level 1:colcon.colcon_core.package_identification:_identify(src) by extension 'python'
[0.519s] Level 1:colcon.colcon_core.package_identification:_identify(src) by extensions ['python_setup_py']
[0.519s] Level 1:colcon.colcon_core.package_identification:_identify(src) by extension 'python_setup_py'
[0.519s] Level 1:colcon.colcon_core.package_identification:_identify(src/lslidar_driver) by extensions ['ignore', 'ignore_ament_install']
[0.519s] Level 1:colcon.colcon_core.package_identification:_identify(src/lslidar_driver) by extension 'ignore'
[0.519s] Level 1:colcon.colcon_core.package_identification:_identify(src/lslidar_driver) by extension 'ignore_ament_install'
[0.519s] Level 1:colcon.colcon_core.package_identification:_identify(src/lslidar_driver) by extensions ['colcon_pkg']
[0.519s] Level 1:colcon.colcon_core.package_identification:_identify(src/lslidar_driver) by extension 'colcon_pkg'
[0.519s] Level 1:colcon.colcon_core.package_identification:_identify(src/lslidar_driver) by extensions ['colcon_meta']
[0.519s] Level 1:colcon.colcon_core.package_identification:_identify(src/lslidar_driver) by extension 'colcon_meta'
[0.519s] Level 1:colcon.colcon_core.package_identification:_identify(src/lslidar_driver) by extensions ['ros']
[0.520s] Level 1:colcon.colcon_core.package_identification:_identify(src/lslidar_driver) by extension 'ros'
[0.524s] DEBUG:colcon.colcon_core.package_identification:Package 'src/lslidar_driver' with type 'ros.ament_cmake' and name 'lslidar_driver'
[0.525s] Level 1:colcon.colcon_core.package_identification:_identify(src/lslidar_msgs) by extensions ['ignore', 'ignore_ament_install']
[0.525s] Level 1:colcon.colcon_core.package_identification:_identify(src/lslidar_msgs) by extension 'ignore'
[0.525s] Level 1:colcon.colcon_core.package_identification:_identify(src/lslidar_msgs) by extension 'ignore_ament_install'
[0.525s] Level 1:colcon.colcon_core.package_identification:_identify(src/lslidar_msgs) by extensions ['colcon_pkg']
[0.525s] Level 1:colcon.colcon_core.package_identification:_identify(src/lslidar_msgs) by extension 'colcon_pkg'
[0.525s] Level 1:colcon.colcon_core.package_identification:_identify(src/lslidar_msgs) by extensions ['colcon_meta']
[0.525s] Level 1:colcon.colcon_core.package_identification:_identify(src/lslidar_msgs) by extension 'colcon_meta'
[0.525s] Level 1:colcon.colcon_core.package_identification:_identify(src/lslidar_msgs) by extensions ['ros']
[0.525s] Level 1:colcon.colcon_core.package_identification:_identify(src/lslidar_msgs) by extension 'ros'
[0.527s] DEBUG:colcon.colcon_core.package_identification:Package 'src/lslidar_msgs' with type 'ros.ament_cmake' and name 'lslidar_msgs'
[0.527s] Level 1:colcon.colcon_core.package_discovery:discover_packages(recursive) using defaults
[0.527s] Level 1:colcon.colcon_core.package_discovery:discover_packages(ignore) discover
[0.527s] Level 1:colcon.colcon_core.package_discovery:discover_packages(ignore) using defaults
[0.527s] Level 1:colcon.colcon_core.package_discovery:discover_packages(path) discover
[0.527s] Level 1:colcon.colcon_core.package_discovery:discover_packages(path) using defaults
[0.591s] Level 1:colcon.colcon_core.package_discovery:discover_packages(prefix_path) check parameters
[0.591s] Level 1:colcon.colcon_core.package_discovery:discover_packages(prefix_path) discover
[0.593s] WARNING:colcon.colcon_ros.prefix_path.catkin:The path '/usr/share/gazebo-11/cmake' in the environment variable CMAKE_PREFIX_PATH doesn't exist
[0.596s] DEBUG:colcon.colcon_installed_package_information.package_discovery:Found 399 installed packages in /opt/ros/humble
[0.599s] Level 1:colcon.colcon_core.package_discovery:discover_packages(prefix_path) using defaults
[0.691s] Level 5:colcon.colcon_core.verb:set package 'lslidar_msgs' build argument 'cmake_args' from command line to 'None'
[0.691s] Level 5:colcon.colcon_core.verb:set package 'lslidar_msgs' build argument 'cmake_target' from command line to 'None'
[0.691s] Level 5:colcon.colcon_core.verb:set package 'lslidar_msgs' build argument 'cmake_target_skip_unavailable' from command line to 'False'
[0.691s] Level 5:colcon.colcon_core.verb:set package 'lslidar_msgs' build argument 'cmake_clean_cache' from command line to 'False'
[0.691s] Level 5:colcon.colcon_core.verb:set package 'lslidar_msgs' build argument 'cmake_clean_first' from command line to 'False'
[0.691s] Level 5:colcon.colcon_core.verb:set package 'lslidar_msgs' build argument 'cmake_force_configure' from command line to 'False'
[0.691s] Level 5:colcon.colcon_core.verb:set package 'lslidar_msgs' build argument 'ament_cmake_args' from command line to 'None'
[0.691s] Level 5:colcon.colcon_core.verb:set package 'lslidar_msgs' build argument 'catkin_cmake_args' from command line to 'None'
[0.691s] Level 5:colcon.colcon_core.verb:set package 'lslidar_msgs' build argument 'catkin_skip_building_tests' from command line to 'False'
[0.691s] DEBUG:colcon.colcon_core.verb:Building package 'lslidar_msgs' with the following arguments: {'ament_cmake_args': None, 'build_base': '/home/nvidia/2d_slam/src/LSLIDAR_X_ROS2-20240228/build/lslidar_msgs', 'catkin_cmake_args': None, 'catkin_skip_building_tests': False, 'cmake_args': None, 'cmake_clean_cache': False, 'cmake_clean_first': False, 'cmake_force_configure': False, 'cmake_target': None, 'cmake_target_skip_unavailable': False, 'install_base': '/home/nvidia/2d_slam/src/LSLIDAR_X_ROS2-20240228/install/lslidar_msgs', 'merge_install': False, 'path': '/home/nvidia/2d_slam/src/LSLIDAR_X_ROS2-20240228/src/lslidar_msgs', 'symlink_install': False, 'test_result_base': None}
[0.692s] Level 5:colcon.colcon_core.verb:set package 'lslidar_driver' build argument 'cmake_args' from command line to 'None'
[0.693s] Level 5:colcon.colcon_core.verb:set package 'lslidar_driver' build argument 'cmake_target' from command line to 'None'
[0.693s] Level 5:colcon.colcon_core.verb:set package 'lslidar_driver' build argument 'cmake_target_skip_unavailable' from command line to 'False'
[0.693s] Level 5:colcon.colcon_core.verb:set package 'lslidar_driver' build argument 'cmake_clean_cache' from command line to 'False'
[0.693s] Level 5:colcon.colcon_core.verb:set package 'lslidar_driver' build argument 'cmake_clean_first' from command line to 'False'
[0.693s] Level 5:colcon.colcon_core.verb:set package 'lslidar_driver' build argument 'cmake_force_configure' from command line to 'False'
[0.693s] Level 5:colcon.colcon_core.verb:set package 'lslidar_driver' build argument 'ament_cmake_args' from command line to 'None'
[0.693s] Level 5:colcon.colcon_core.verb:set package 'lslidar_driver' build argument 'catkin_cmake_args' from command line to 'None'
[0.693s] Level 5:colcon.colcon_core.verb:set package 'lslidar_driver' build argument 'catkin_skip_building_tests' from command line to 'False'
[0.693s] DEBUG:colcon.colcon_core.verb:Building package 'lslidar_driver' with the following arguments: {'ament_cmake_args': None, 'build_base': '/home/nvidia/2d_slam/src/LSLIDAR_X_ROS2-20240228/build/lslidar_driver', 'catkin_cmake_args': None, 'catkin_skip_building_tests': False, 'cmake_args': None, 'cmake_clean_cache': False, 'cmake_clean_first': False, 'cmake_force_configure': False, 'cmake_target': None, 'cmake_target_skip_unavailable': False, 'install_base': '/home/nvidia/2d_slam/src/LSLIDAR_X_ROS2-20240228/install/lslidar_driver', 'merge_install': False, 'path': '/home/nvidia/2d_slam/src/LSLIDAR_X_ROS2-20240228/src/lslidar_driver', 'symlink_install': False, 'test_result_base': None}
[0.693s] INFO:colcon.colcon_core.executor:Executing jobs using 'parallel' executor
[0.695s] DEBUG:colcon.colcon_parallel_executor.executor.parallel:run_until_complete
[0.696s] INFO:colcon.colcon_ros.task.ament_cmake.build:Building ROS package in '/home/nvidia/2d_slam/src/LSLIDAR_X_ROS2-20240228/src/lslidar_msgs' with build type 'ament_cmake'
[0.696s] INFO:colcon.colcon_cmake.task.cmake.build:Building CMake package in '/home/nvidia/2d_slam/src/LSLIDAR_X_ROS2-20240228/src/lslidar_msgs'
[0.700s] INFO:colcon.colcon_core.plugin_system:Skipping extension 'colcon_core.shell.bat': Not used on non-Windows systems
[0.700s] INFO:colcon.colcon_core.shell:Skip shell extension 'powershell' for command environment: Not usable outside of PowerShell
[0.700s] DEBUG:colcon.colcon_core.shell:Skip shell extension 'dsv' for command environment
[0.718s] DEBUG:colcon.colcon_core.event_handler.log_command:Invoking command in '/home/nvidia/2d_slam/src/LSLIDAR_X_ROS2-20240228/build/lslidar_msgs': CMAKE_PREFIX_PATH=${CMAKE_PREFIX_PATH}:/opt/ros/humble /usr/bin/cmake --build /home/nvidia/2d_slam/src/LSLIDAR_X_ROS2-20240228/build/lslidar_msgs -- -j8 -l8
[1.364s] DEBUG:colcon.colcon_core.event_handler.log_command:Invoked command in '/home/nvidia/2d_slam/src/LSLIDAR_X_ROS2-20240228/build/lslidar_msgs' returned '0': CMAKE_PREFIX_PATH=${CMAKE_PREFIX_PATH}:/opt/ros/humble /usr/bin/cmake --build /home/nvidia/2d_slam/src/LSLIDAR_X_ROS2-20240228/build/lslidar_msgs -- -j8 -l8
[1.384s] DEBUG:colcon.colcon_core.event_handler.log_command:Invoking command in '/home/nvidia/2d_slam/src/LSLIDAR_X_ROS2-20240228/build/lslidar_msgs': CMAKE_PREFIX_PATH=${CMAKE_PREFIX_PATH}:/opt/ros/humble /usr/bin/cmake --install /home/nvidia/2d_slam/src/LSLIDAR_X_ROS2-20240228/build/lslidar_msgs
[1.497s] Level 1:colcon.colcon_core.environment:create_environment_scripts_only(lslidar_msgs)
[1.505s] DEBUG:colcon.colcon_core.event_handler.log_command:Invoked command in '/home/nvidia/2d_slam/src/LSLIDAR_X_ROS2-20240228/build/lslidar_msgs' returned '0': CMAKE_PREFIX_PATH=${CMAKE_PREFIX_PATH}:/opt/ros/humble /usr/bin/cmake --install /home/nvidia/2d_slam/src/LSLIDAR_X_ROS2-20240228/build/lslidar_msgs
[1.509s] Level 1:colcon.colcon_core.environment:checking '/home/nvidia/2d_slam/src/LSLIDAR_X_ROS2-20240228/install/lslidar_msgs' for CMake module files
[1.511s] Level 1:colcon.colcon_core.environment:checking '/home/nvidia/2d_slam/src/LSLIDAR_X_ROS2-20240228/install/lslidar_msgs' for CMake config files
[1.512s] Level 1:colcon.colcon_core.shell:create_environment_hook('lslidar_msgs', 'cmake_prefix_path')
[1.513s] INFO:colcon.colcon_core.shell:Creating environment hook '/home/nvidia/2d_slam/src/LSLIDAR_X_ROS2-20240228/install/lslidar_msgs/share/lslidar_msgs/hook/cmake_prefix_path.ps1'
[1.516s] INFO:colcon.colcon_core.shell:Creating environment descriptor '/home/nvidia/2d_slam/src/LSLIDAR_X_ROS2-20240228/install/lslidar_msgs/share/lslidar_msgs/hook/cmake_prefix_path.dsv'
[1.517s] INFO:colcon.colcon_core.shell:Creating environment hook '/home/nvidia/2d_slam/src/LSLIDAR_X_ROS2-20240228/install/lslidar_msgs/share/lslidar_msgs/hook/cmake_prefix_path.sh'
[1.520s] Level 1:colcon.colcon_core.environment:checking '/home/nvidia/2d_slam/src/LSLIDAR_X_ROS2-20240228/install/lslidar_msgs/lib'
[1.521s] Level 1:colcon.colcon_core.shell:create_environment_hook('lslidar_msgs', 'ld_library_path_lib')
[1.522s] INFO:colcon.colcon_core.shell:Creating environment hook '/home/nvidia/2d_slam/src/LSLIDAR_X_ROS2-20240228/install/lslidar_msgs/share/lslidar_msgs/hook/ld_library_path_lib.ps1'
[1.523s] INFO:colcon.colcon_core.shell:Creating environment descriptor '/home/nvidia/2d_slam/src/LSLIDAR_X_ROS2-20240228/install/lslidar_msgs/share/lslidar_msgs/hook/ld_library_path_lib.dsv'
[1.525s] INFO:colcon.colcon_core.shell:Creating environment hook '/home/nvidia/2d_slam/src/LSLIDAR_X_ROS2-20240228/install/lslidar_msgs/share/lslidar_msgs/hook/ld_library_path_lib.sh'
[1.526s] Level 1:colcon.colcon_core.environment:checking '/home/nvidia/2d_slam/src/LSLIDAR_X_ROS2-20240228/install/lslidar_msgs/bin'
[1.526s] Level 1:colcon.colcon_core.environment:checking '/home/nvidia/2d_slam/src/LSLIDAR_X_ROS2-20240228/install/lslidar_msgs/lib/pkgconfig/lslidar_msgs.pc'
[1.527s] Level 1:colcon.colcon_core.environment:checking '/home/nvidia/2d_slam/src/LSLIDAR_X_ROS2-20240228/install/lslidar_msgs/lib/python3.10/site-packages'
[1.528s] Level 1:colcon.colcon_core.environment:checking '/home/nvidia/2d_slam/src/LSLIDAR_X_ROS2-20240228/install/lslidar_msgs/bin'
[1.529s] INFO:colcon.colcon_core.shell:Creating package script '/home/nvidia/2d_slam/src/LSLIDAR_X_ROS2-20240228/install/lslidar_msgs/share/lslidar_msgs/package.ps1'
[1.531s] INFO:colcon.colcon_core.shell:Creating package descriptor '/home/nvidia/2d_slam/src/LSLIDAR_X_ROS2-20240228/install/lslidar_msgs/share/lslidar_msgs/package.dsv'
[1.532s] INFO:colcon.colcon_core.shell:Creating package script '/home/nvidia/2d_slam/src/LSLIDAR_X_ROS2-20240228/install/lslidar_msgs/share/lslidar_msgs/package.sh'
[1.535s] INFO:colcon.colcon_core.shell:Creating package script '/home/nvidia/2d_slam/src/LSLIDAR_X_ROS2-20240228/install/lslidar_msgs/share/lslidar_msgs/package.bash'
[1.538s] INFO:colcon.colcon_core.shell:Creating package script '/home/nvidia/2d_slam/src/LSLIDAR_X_ROS2-20240228/install/lslidar_msgs/share/lslidar_msgs/package.zsh'
[1.542s] Level 1:colcon.colcon_core.environment:create_file_with_runtime_dependencies(/home/nvidia/2d_slam/src/LSLIDAR_X_ROS2-20240228/install/lslidar_msgs/share/colcon-core/packages/lslidar_msgs)
[1.545s] Level 1:colcon.colcon_core.environment:create_environment_scripts_only(lslidar_msgs)
[1.546s] Level 1:colcon.colcon_core.environment:checking '/home/nvidia/2d_slam/src/LSLIDAR_X_ROS2-20240228/install/lslidar_msgs' for CMake module files
[1.548s] Level 1:colcon.colcon_core.environment:checking '/home/nvidia/2d_slam/src/LSLIDAR_X_ROS2-20240228/install/lslidar_msgs' for CMake config files
[1.548s] Level 1:colcon.colcon_core.shell:create_environment_hook('lslidar_msgs', 'cmake_prefix_path')
[1.549s] INFO:colcon.colcon_core.shell:Creating environment hook '/home/nvidia/2d_slam/src/LSLIDAR_X_ROS2-20240228/install/lslidar_msgs/share/lslidar_msgs/hook/cmake_prefix_path.ps1'
[1.550s] INFO:colcon.colcon_core.shell:Creating environment descriptor '/home/nvidia/2d_slam/src/LSLIDAR_X_ROS2-20240228/install/lslidar_msgs/share/lslidar_msgs/hook/cmake_prefix_path.dsv'
[1.551s] INFO:colcon.colcon_core.shell:Creating environment hook '/home/nvidia/2d_slam/src/LSLIDAR_X_ROS2-20240228/install/lslidar_msgs/share/lslidar_msgs/hook/cmake_prefix_path.sh'
[1.552s] Level 1:colcon.colcon_core.environment:checking '/home/nvidia/2d_slam/src/LSLIDAR_X_ROS2-20240228/install/lslidar_msgs/lib'
[1.553s] Level 1:colcon.colcon_core.shell:create_environment_hook('lslidar_msgs', 'ld_library_path_lib')
[1.553s] INFO:colcon.colcon_core.shell:Creating environment hook '/home/nvidia/2d_slam/src/LSLIDAR_X_ROS2-20240228/install/lslidar_msgs/share/lslidar_msgs/hook/ld_library_path_lib.ps1'
[1.554s] INFO:colcon.colcon_core.shell:Creating environment descriptor '/home/nvidia/2d_slam/src/LSLIDAR_X_ROS2-20240228/install/lslidar_msgs/share/lslidar_msgs/hook/ld_library_path_lib.dsv'
[1.555s] INFO:colcon.colcon_core.shell:Creating environment hook '/home/nvidia/2d_slam/src/LSLIDAR_X_ROS2-20240228/install/lslidar_msgs/share/lslidar_msgs/hook/ld_library_path_lib.sh'
[1.556s] Level 1:colcon.colcon_core.environment:checking '/home/nvidia/2d_slam/src/LSLIDAR_X_ROS2-20240228/install/lslidar_msgs/bin'
[1.557s] Level 1:colcon.colcon_core.environment:checking '/home/nvidia/2d_slam/src/LSLIDAR_X_ROS2-20240228/install/lslidar_msgs/lib/pkgconfig/lslidar_msgs.pc'
[1.557s] Level 1:colcon.colcon_core.environment:checking '/home/nvidia/2d_slam/src/LSLIDAR_X_ROS2-20240228/install/lslidar_msgs/lib/python3.10/site-packages'
[1.558s] Level 1:colcon.colcon_core.environment:checking '/home/nvidia/2d_slam/src/LSLIDAR_X_ROS2-20240228/install/lslidar_msgs/bin'
[1.559s] INFO:colcon.colcon_core.shell:Creating package script '/home/nvidia/2d_slam/src/LSLIDAR_X_ROS2-20240228/install/lslidar_msgs/share/lslidar_msgs/package.ps1'
[1.560s] INFO:colcon.colcon_core.shell:Creating package descriptor '/home/nvidia/2d_slam/src/LSLIDAR_X_ROS2-20240228/install/lslidar_msgs/share/lslidar_msgs/package.dsv'
[1.561s] INFO:colcon.colcon_core.shell:Creating package script '/home/nvidia/2d_slam/src/LSLIDAR_X_ROS2-20240228/install/lslidar_msgs/share/lslidar_msgs/package.sh'
[1.563s] INFO:colcon.colcon_core.shell:Creating package script '/home/nvidia/2d_slam/src/LSLIDAR_X_ROS2-20240228/install/lslidar_msgs/share/lslidar_msgs/package.bash'
[1.564s] INFO:colcon.colcon_core.shell:Creating package script '/home/nvidia/2d_slam/src/LSLIDAR_X_ROS2-20240228/install/lslidar_msgs/share/lslidar_msgs/package.zsh'
[1.565s] Level 1:colcon.colcon_core.environment:create_file_with_runtime_dependencies(/home/nvidia/2d_slam/src/LSLIDAR_X_ROS2-20240228/install/lslidar_msgs/share/colcon-core/packages/lslidar_msgs)
[1.565s] INFO:colcon.colcon_ros.task.ament_cmake.build:Building ROS package in '/home/nvidia/2d_slam/src/LSLIDAR_X_ROS2-20240228/src/lslidar_driver' with build type 'ament_cmake'
[1.566s] INFO:colcon.colcon_cmake.task.cmake.build:Building CMake package in '/home/nvidia/2d_slam/src/LSLIDAR_X_ROS2-20240228/src/lslidar_driver'
[1.566s] INFO:colcon.colcon_core.shell:Skip shell extension 'powershell' for command environment: Not usable outside of PowerShell
[1.567s] DEBUG:colcon.colcon_core.shell:Skip shell extension 'dsv' for command environment
[1.591s] DEBUG:colcon.colcon_core.event_handler.log_command:Invoking command in '/home/nvidia/2d_slam/src/LSLIDAR_X_ROS2-20240228/build/lslidar_driver': AMENT_PREFIX_PATH=/home/nvidia/2d_slam/src/LSLIDAR_X_ROS2-20240228/install/lslidar_msgs:${AMENT_PREFIX_PATH} CMAKE_PREFIX_PATH=/home/nvidia/2d_slam/src/LSLIDAR_X_ROS2-20240228/install/lslidar_msgs:/usr/share/gazebo-11/cmake:/usr/share/gazebo/cmake:/opt/ros/humble LD_LIBRARY_PATH=/home/nvidia/2d_slam/src/LSLIDAR_X_ROS2-20240228/install/lslidar_msgs/lib:${LD_LIBRARY_PATH} PYTHONPATH=/home/nvidia/2d_slam/src/LSLIDAR_X_ROS2-20240228/install/lslidar_msgs/local/lib/python3.10/dist-packages:${PYTHONPATH} /usr/bin/cmake /home/nvidia/2d_slam/src/LSLIDAR_X_ROS2-20240228/src/lslidar_driver -DCMAKE_INSTALL_PREFIX=/home/nvidia/2d_slam/src/LSLIDAR_X_ROS2-20240228/install/lslidar_driver
[4.086s] DEBUG:colcon.colcon_core.event_handler.log_command:Invoked command in '/home/nvidia/2d_slam/src/LSLIDAR_X_ROS2-20240228/build/lslidar_driver' returned '1': AMENT_PREFIX_PATH=/home/nvidia/2d_slam/src/LSLIDAR_X_ROS2-20240228/install/lslidar_msgs:${AMENT_PREFIX_PATH} CMAKE_PREFIX_PATH=/home/nvidia/2d_slam/src/LSLIDAR_X_ROS2-20240228/install/lslidar_msgs:/usr/share/gazebo-11/cmake:/usr/share/gazebo/cmake:/opt/ros/humble LD_LIBRARY_PATH=/home/nvidia/2d_slam/src/LSLIDAR_X_ROS2-20240228/install/lslidar_msgs/lib:${LD_LIBRARY_PATH} PYTHONPATH=/home/nvidia/2d_slam/src/LSLIDAR_X_ROS2-20240228/install/lslidar_msgs/local/lib/python3.10/dist-packages:${PYTHONPATH} /usr/bin/cmake /home/nvidia/2d_slam/src/LSLIDAR_X_ROS2-20240228/src/lslidar_driver -DCMAKE_INSTALL_PREFIX=/home/nvidia/2d_slam/src/LSLIDAR_X_ROS2-20240228/install/lslidar_driver
[4.116s] Level 1:colcon.colcon_core.environment:create_environment_scripts_only(lslidar_driver)
[4.117s] Level 1:colcon.colcon_core.environment:checking '/home/nvidia/2d_slam/src/LSLIDAR_X_ROS2-20240228/install/lslidar_driver' for CMake module files
[4.118s] Level 1:colcon.colcon_core.environment:checking '/home/nvidia/2d_slam/src/LSLIDAR_X_ROS2-20240228/install/lslidar_driver' for CMake config files
[4.119s] Level 1:colcon.colcon_core.environment:checking '/home/nvidia/2d_slam/src/LSLIDAR_X_ROS2-20240228/install/lslidar_driver/bin'
[4.119s] Level 1:colcon.colcon_core.environment:checking '/home/nvidia/2d_slam/src/LSLIDAR_X_ROS2-20240228/install/lslidar_driver/lib/pkgconfig/lslidar_driver.pc'
[4.119s] Level 1:colcon.colcon_core.environment:checking '/home/nvidia/2d_slam/src/LSLIDAR_X_ROS2-20240228/install/lslidar_driver/lib/python3.10/site-packages'
[4.120s] Level 1:colcon.colcon_core.environment:checking '/home/nvidia/2d_slam/src/LSLIDAR_X_ROS2-20240228/install/lslidar_driver/bin'
[4.121s] INFO:colcon.colcon_core.shell:Creating package script '/home/nvidia/2d_slam/src/LSLIDAR_X_ROS2-20240228/install/lslidar_driver/share/lslidar_driver/package.ps1'
[4.123s] INFO:colcon.colcon_core.shell:Creating package descriptor '/home/nvidia/2d_slam/src/LSLIDAR_X_ROS2-20240228/install/lslidar_driver/share/lslidar_driver/package.dsv'
[4.124s] INFO:colcon.colcon_core.shell:Creating package script '/home/nvidia/2d_slam/src/LSLIDAR_X_ROS2-20240228/install/lslidar_driver/share/lslidar_driver/package.sh'
[4.125s] INFO:colcon.colcon_core.shell:Creating package script '/home/nvidia/2d_slam/src/LSLIDAR_X_ROS2-20240228/install/lslidar_driver/share/lslidar_driver/package.bash'
[4.127s] INFO:colcon.colcon_core.shell:Creating package script '/home/nvidia/2d_slam/src/LSLIDAR_X_ROS2-20240228/install/lslidar_driver/share/lslidar_driver/package.zsh'
[4.128s] Level 1:colcon.colcon_core.environment:create_file_with_runtime_dependencies(/home/nvidia/2d_slam/src/LSLIDAR_X_ROS2-20240228/install/lslidar_driver/share/colcon-core/packages/lslidar_driver)
[4.140s] DEBUG:colcon.colcon_parallel_executor.executor.parallel:closing loop
[4.141s] DEBUG:colcon.colcon_parallel_executor.executor.parallel:loop closed
[4.141s] DEBUG:colcon.colcon_parallel_executor.executor.parallel:run_until_complete finished with '1'
[4.141s] DEBUG:colcon.colcon_core.event_reactor:joining thread
[4.157s] INFO:colcon.colcon_core.plugin_system:Skipping extension 'colcon_notification.desktop_notification.terminal_notifier': Not used on non-Darwin systems
[4.158s] INFO:colcon.colcon_core.plugin_system:Skipping extension 'colcon_notification.desktop_notification.win32': Not used on non-Windows systems
[4.158s] INFO:colcon.colcon_notification.desktop_notification:Sending desktop notification using 'notify2'
[4.202s] DEBUG:colcon.colcon_core.event_reactor:joined thread
[4.203s] INFO:colcon.colcon_core.shell:Creating prefix script '/home/nvidia/2d_slam/src/LSLIDAR_X_ROS2-20240228/install/local_setup.ps1'
[4.208s] INFO:colcon.colcon_core.shell:Creating prefix util module '/home/nvidia/2d_slam/src/LSLIDAR_X_ROS2-20240228/install/_local_setup_util_ps1.py'
[4.212s] INFO:colcon.colcon_core.shell:Creating prefix chain script '/home/nvidia/2d_slam/src/LSLIDAR_X_ROS2-20240228/install/setup.ps1'
[4.218s] INFO:colcon.colcon_core.shell:Creating prefix script '/home/nvidia/2d_slam/src/LSLIDAR_X_ROS2-20240228/install/local_setup.sh'
[4.221s] INFO:colcon.colcon_core.shell:Creating prefix util module '/home/nvidia/2d_slam/src/LSLIDAR_X_ROS2-20240228/install/_local_setup_util_sh.py'
[4.225s] INFO:colcon.colcon_core.shell:Creating prefix chain script '/home/nvidia/2d_slam/src/LSLIDAR_X_ROS2-20240228/install/setup.sh'
[4.229s] INFO:colcon.colcon_core.shell:Creating prefix script '/home/nvidia/2d_slam/src/LSLIDAR_X_ROS2-20240228/install/local_setup.bash'
[4.230s] INFO:colcon.colcon_core.shell:Creating prefix chain script '/home/nvidia/2d_slam/src/LSLIDAR_X_ROS2-20240228/install/setup.bash'
[4.234s] INFO:colcon.colcon_core.shell:Creating prefix script '/home/nvidia/2d_slam/src/LSLIDAR_X_ROS2-20240228/install/local_setup.zsh'
[4.236s] INFO:colcon.colcon_core.shell:Creating prefix chain script '/home/nvidia/2d_slam/src/LSLIDAR_X_ROS2-20240228/install/setup.zsh'
