[0.025s] Invoking command in '/home/nvidia/2d_slam/build/lslidar_driver': AMENT_PREFIX_PATH=/home/nvidia/2d_slam/install/lslidar_msgs:${AMENT_PREFIX_PATH} CMAKE_PREFIX_PATH=/home/nvidia/2d_slam/install/lslidar_msgs:/home/nvidia/DDSM_ws/install/camera_publisher:/usr/share/gazebo-11/cmake:/usr/share/gazebo/cmake:/home/nvidia/DDSM_ws/install/robot_nav:/home/nvidia/DDSM_ws/install/robot_control:/opt/ros/humble LD_LIBRARY_PATH=/home/nvidia/2d_slam/install/lslidar_msgs/lib:${LD_LIBRARY_PATH} PYTHONPATH=/home/nvidia/2d_slam/install/lslidar_msgs/local/lib/python3.10/dist-packages:${PYTHONPATH} /usr/bin/cmake --build /home/nvidia/2d_slam/build/lslidar_driver -- -j8 -l8
[0.080s] -- Found ament_cmake: 1.3.11 (/opt/ros/humble/share/ament_cmake/cmake)
[0.324s] -- Found rclcpp: 16.0.11 (/opt/ros/humble/share/rclcpp/cmake)
[0.398s] -- Found rosidl_generator_c: 3.1.6 (/opt/ros/humble/share/rosidl_generator_c/cmake)
[0.402s] -- Found rosidl_adapter: 3.1.6 (/opt/ros/humble/share/rosidl_adapter/cmake)
[0.412s] -- Found rosidl_generator_cpp: 3.1.6 (/opt/ros/humble/share/rosidl_generator_cpp/cmake)
[0.427s] -- Using all available rosidl_typesupport_c: rosidl_typesupport_fastrtps_c;rosidl_typesupport_introspection_c
[0.444s] -- Using all available rosidl_typesupport_cpp: rosidl_typesupport_fastrtps_cpp;rosidl_typesupport_introspection_cpp
[0.489s] -- Found rmw_implementation_cmake: 6.1.2 (/opt/ros/humble/share/rmw_implementation_cmake/cmake)
[0.491s] -- Found rmw_fastrtps_cpp: 6.2.7 (/opt/ros/humble/share/rmw_fastrtps_cpp/cmake)
[0.660s] -- Using RMW implementation 'rmw_fastrtps_cpp' as default
[0.750s] -- Eigen found (include: /usr/include/eigen3, version: 3.4.0)
[0.802s] -- FLANN found (include: /usr/include, lib: /usr/lib/aarch64-linux-gnu/libflann_cpp.so)
[1.315s] -- OpenNI found (version: 1.5.4.0, include: /usr/include/ni, lib: /usr/lib/libOpenNI.so;libusb::libusb)
[1.327s] -- OpenNI2 found (version: 2.2.0.33, include: /usr/include/openni2, lib: /usr/lib/aarch64-linux-gnu/libOpenNI2.so;libusb::libusb)
[1.327s] [0m** WARNING ** io features related to pcap will be disabled[0m
[1.549s] -- Eigen found (include: /usr/include/eigen3, version: 3.4.0)
[1.560s] -- OpenNI found (version: 1.5.4.0, include: /usr/include/ni, lib: /usr/lib/libOpenNI.so;libusb::libusb)
[1.569s] -- OpenNI2 found (version: 2.2.0.33, include: /usr/include/openni2, lib: /usr/lib/aarch64-linux-gnu/libOpenNI2.so;libusb::libusb)
[1.783s] -- Found Qhull version 8.0.2
[2.010s] -- OpenNI found (version: 1.5.4.0, include: /usr/include/ni, lib: /usr/lib/libOpenNI.so;libusb::libusb)
[2.220s] -- looking for PCL_COMMON
[2.221s] -- looking for PCL_KDTREE
[2.221s] -- looking for PCL_OCTREE
[2.222s] -- looking for PCL_SEARCH
[2.222s] -- looking for PCL_SAMPLE_CONSENSUS
[2.223s] -- looking for PCL_FILTERS
[2.223s] -- looking for PCL_2D
[2.224s] -- looking for PCL_GEOMETRY
[2.224s] -- looking for PCL_IO
[2.225s] -- looking for PCL_FEATURES
[2.225s] -- looking for PCL_ML
[2.226s] -- looking for PCL_SEGMENTATION
[2.226s] -- looking for PCL_VISUALIZATION
[2.227s] -- looking for PCL_SURFACE
[2.228s] -- looking for PCL_REGISTRATION
[2.228s] -- looking for PCL_KEYPOINTS
[2.229s] -- looking for PCL_TRACKING
[2.229s] -- looking for PCL_RECOGNITION
[2.230s] -- looking for PCL_STEREO
[2.230s] -- looking for PCL_APPS
[2.231s] -- looking for PCL_IN_HAND_SCANNER
[2.232s] -- looking for PCL_MODELER
[2.232s] -- looking for PCL_POINT_CLOUD_EDITOR
[2.233s] -- looking for PCL_OUTOFCORE
[2.233s] -- looking for PCL_PEOPLE
[2.238s] -- Found diagnostic_updater: 4.0.2 (/opt/ros/humble/share/diagnostic_updater/cmake)
[2.268s] -- Found lslidar_msgs: 1.2.0 (/home/nvidia/2d_slam/install/lslidar_msgs/share/lslidar_msgs/cmake)
[2.288s] -- Found pluginlib: 5.1.0 (/opt/ros/humble/share/pluginlib/cmake)
[2.319s] -- Found pcl_conversions: 2.4.5 (/opt/ros/humble/share/pcl_conversions/cmake)
[2.410s] -- Found Boost: /usr/lib/aarch64-linux-gnu/cmake/Boost-1.74.0/BoostConfig.cmake (found version "1.74.0") found components: thread 
[2.419s] -- Found PkgConfig: /usr/bin/pkg-config (found version "0.29.2") 
[2.424s] -- Found ros2_control: 2.48.0 (/opt/ros/humble/share/ros2_control/cmake)
[2.427s] -- Found controller_manager: 2.48.0 (/opt/ros/humble/share/controller_manager/cmake)
[2.657s] -- Checking for module 'libpcap'
[2.690s] --   Found libpcap, version 1.10.1
[2.948s] -- Configuring done
[3.169s] -- Generating done
[3.195s] -- Build files have been written to: /home/nvidia/2d_slam/build/lslidar_driver
[3.291s] [35m[1mConsolidate compiler generated dependencies of target lslidar_driver_node[0m
[3.396s] [ 20%] [32mBuilding CXX object CMakeFiles/lslidar_driver_node.dir/src/lslidar_driver_node.cc.o[0m
[3.398s] [ 60%] [32mBuilding CXX object CMakeFiles/lslidar_driver_node.dir/src/input.cc.o[0m
[3.399s] [ 60%] [32mBuilding CXX object CMakeFiles/lslidar_driver_node.dir/src/lslidar_driver.cc.o[0m
[3.399s] [ 80%] [32mBuilding CXX object CMakeFiles/lslidar_driver_node.dir/src/lsiosr.cpp.o[0m
[32.626s] [100%] [32m[1mLinking CXX executable lslidar_driver_node[0m
[37.484s] [100%] Built target lslidar_driver_node
[37.505s] Invoked command in '/home/nvidia/2d_slam/build/lslidar_driver' returned '0': AMENT_PREFIX_PATH=/home/nvidia/2d_slam/install/lslidar_msgs:${AMENT_PREFIX_PATH} CMAKE_PREFIX_PATH=/home/nvidia/2d_slam/install/lslidar_msgs:/home/nvidia/DDSM_ws/install/camera_publisher:/usr/share/gazebo-11/cmake:/usr/share/gazebo/cmake:/home/nvidia/DDSM_ws/install/robot_nav:/home/nvidia/DDSM_ws/install/robot_control:/opt/ros/humble LD_LIBRARY_PATH=/home/nvidia/2d_slam/install/lslidar_msgs/lib:${LD_LIBRARY_PATH} PYTHONPATH=/home/nvidia/2d_slam/install/lslidar_msgs/local/lib/python3.10/dist-packages:${PYTHONPATH} /usr/bin/cmake --build /home/nvidia/2d_slam/build/lslidar_driver -- -j8 -l8
[37.512s] Invoking command in '/home/nvidia/2d_slam/build/lslidar_driver': AMENT_PREFIX_PATH=/home/nvidia/2d_slam/install/lslidar_msgs:${AMENT_PREFIX_PATH} CMAKE_PREFIX_PATH=/home/nvidia/2d_slam/install/lslidar_msgs:/home/nvidia/DDSM_ws/install/camera_publisher:/usr/share/gazebo-11/cmake:/usr/share/gazebo/cmake:/home/nvidia/DDSM_ws/install/robot_nav:/home/nvidia/DDSM_ws/install/robot_control:/opt/ros/humble LD_LIBRARY_PATH=/home/nvidia/2d_slam/install/lslidar_msgs/lib:${LD_LIBRARY_PATH} PYTHONPATH=/home/nvidia/2d_slam/install/lslidar_msgs/local/lib/python3.10/dist-packages:${PYTHONPATH} /usr/bin/cmake --install /home/nvidia/2d_slam/build/lslidar_driver
[37.527s] -- Install configuration: ""
[37.527s] -- Up-to-date: /home/nvidia/2d_slam/install/lslidar_driver/share/lslidar_driver/launch
[37.527s] -- Installing: /home/nvidia/2d_slam/install/lslidar_driver/share/lslidar_driver/launch/lslidar_interface.launch.py
[37.528s] -- Up-to-date: /home/nvidia/2d_slam/install/lslidar_driver/share/lslidar_driver/launch/viewer_scan_launch.py
[37.528s] -- Up-to-date: /home/nvidia/2d_slam/install/lslidar_driver/share/lslidar_driver/launch/lsn10_net_launch.py
[37.528s] -- Up-to-date: /home/nvidia/2d_slam/install/lslidar_driver/share/lslidar_driver/launch/lsn10p_launch.py
[37.528s] -- Up-to-date: /home/nvidia/2d_slam/install/lslidar_driver/share/lslidar_driver/launch/lsn10_launch.py
[37.529s] -- Up-to-date: /home/nvidia/2d_slam/install/lslidar_driver/share/lslidar_driver/launch/lsm10_net_launch.py
[37.529s] -- Up-to-date: /home/nvidia/2d_slam/install/lslidar_driver/share/lslidar_driver/launch/lsm10_uart_launch.py
[37.529s] -- Up-to-date: /home/nvidia/2d_slam/install/lslidar_driver/share/lslidar_driver/launch/lsm10p_net_launch.py
[37.529s] -- Up-to-date: /home/nvidia/2d_slam/install/lslidar_driver/share/lslidar_driver/launch/lslidar_double_launch.py
[37.529s] -- Up-to-date: /home/nvidia/2d_slam/install/lslidar_driver/share/lslidar_driver/launch/lsm10p_uart_launch.py
[37.529s] -- Up-to-date: /home/nvidia/2d_slam/install/lslidar_driver/share/lslidar_driver/launch/lsn10p_net_launch.py
[37.530s] -- Up-to-date: /home/nvidia/2d_slam/install/lslidar_driver/share/lslidar_driver/params
[37.530s] -- Up-to-date: /home/nvidia/2d_slam/install/lslidar_driver/share/lslidar_driver/params/lidar_net_ros2
[37.530s] -- Up-to-date: /home/nvidia/2d_slam/install/lslidar_driver/share/lslidar_driver/params/lidar_net_ros2/lsn10p_net.yaml
[37.530s] -- Up-to-date: /home/nvidia/2d_slam/install/lslidar_driver/share/lslidar_driver/params/lidar_net_ros2/lsn10_net.yaml
[37.530s] -- Up-to-date: /home/nvidia/2d_slam/install/lslidar_driver/share/lslidar_driver/params/lidar_net_ros2/lsm10p_net.yaml
[37.530s] -- Up-to-date: /home/nvidia/2d_slam/install/lslidar_driver/share/lslidar_driver/params/lidar_net_ros2/lsm10_net.yaml
[37.531s] -- Up-to-date: /home/nvidia/2d_slam/install/lslidar_driver/share/lslidar_driver/params/lidar_uart_ros2
[37.531s] -- Up-to-date: /home/nvidia/2d_slam/install/lslidar_driver/share/lslidar_driver/params/lidar_uart_ros2/lsn10p.yaml
[37.531s] -- Up-to-date: /home/nvidia/2d_slam/install/lslidar_driver/share/lslidar_driver/params/lidar_uart_ros2/lsm10.yaml
[37.531s] -- Up-to-date: /home/nvidia/2d_slam/install/lslidar_driver/share/lslidar_driver/params/lidar_uart_ros2/lsm10_p.yaml
[37.531s] -- Up-to-date: /home/nvidia/2d_slam/install/lslidar_driver/share/lslidar_driver/params/lidar_uart_ros2/lsn10.yaml
[37.531s] -- Up-to-date: /home/nvidia/2d_slam/install/lslidar_driver/share/lslidar_driver/rviz
[37.531s] -- Up-to-date: /home/nvidia/2d_slam/install/lslidar_driver/share/lslidar_driver/rviz/lslidar.rviz
[37.531s] -- Installing: /home/nvidia/2d_slam/install/lslidar_driver/lib/lslidar_driver/lslidar_driver_node
[37.541s] -- Set runtime path of "/home/nvidia/2d_slam/install/lslidar_driver/lib/lslidar_driver/lslidar_driver_node" to ""
[37.541s] -- Up-to-date: /home/nvidia/2d_slam/install/lslidar_driver/share/lslidar_driver/launch
[37.541s] -- Up-to-date: /home/nvidia/2d_slam/install/lslidar_driver/share/lslidar_driver/launch/lslidar_interface.launch.py
[37.541s] -- Up-to-date: /home/nvidia/2d_slam/install/lslidar_driver/share/lslidar_driver/launch/viewer_scan_launch.py
[37.542s] -- Up-to-date: /home/nvidia/2d_slam/install/lslidar_driver/share/lslidar_driver/launch/lsn10_net_launch.py
[37.542s] -- Up-to-date: /home/nvidia/2d_slam/install/lslidar_driver/share/lslidar_driver/launch/lsn10p_launch.py
[37.542s] -- Up-to-date: /home/nvidia/2d_slam/install/lslidar_driver/share/lslidar_driver/launch/lsn10_launch.py
[37.542s] -- Up-to-date: /home/nvidia/2d_slam/install/lslidar_driver/share/lslidar_driver/launch/lsm10_net_launch.py
[37.542s] -- Up-to-date: /home/nvidia/2d_slam/install/lslidar_driver/share/lslidar_driver/launch/lsm10_uart_launch.py
[37.542s] -- Up-to-date: /home/nvidia/2d_slam/install/lslidar_driver/share/lslidar_driver/launch/lsm10p_net_launch.py
[37.542s] -- Up-to-date: /home/nvidia/2d_slam/install/lslidar_driver/share/lslidar_driver/launch/lslidar_double_launch.py
[37.543s] -- Up-to-date: /home/nvidia/2d_slam/install/lslidar_driver/share/lslidar_driver/launch/lsm10p_uart_launch.py
[37.543s] -- Up-to-date: /home/nvidia/2d_slam/install/lslidar_driver/share/lslidar_driver/launch/lsn10p_net_launch.py
[37.543s] -- Installing: /home/nvidia/2d_slam/install/lslidar_driver/share/ament_index/resource_index/package_run_dependencies/lslidar_driver
[37.543s] -- Installing: /home/nvidia/2d_slam/install/lslidar_driver/share/ament_index/resource_index/parent_prefix_path/lslidar_driver
[37.543s] -- Up-to-date: /home/nvidia/2d_slam/install/lslidar_driver/share/lslidar_driver/environment/ament_prefix_path.sh
[37.543s] -- Installing: /home/nvidia/2d_slam/install/lslidar_driver/share/lslidar_driver/environment/ament_prefix_path.dsv
[37.543s] -- Up-to-date: /home/nvidia/2d_slam/install/lslidar_driver/share/lslidar_driver/environment/path.sh
[37.544s] -- Installing: /home/nvidia/2d_slam/install/lslidar_driver/share/lslidar_driver/environment/path.dsv
[37.544s] -- Up-to-date: /home/nvidia/2d_slam/install/lslidar_driver/share/lslidar_driver/local_setup.bash
[37.544s] -- Up-to-date: /home/nvidia/2d_slam/install/lslidar_driver/share/lslidar_driver/local_setup.sh
[37.544s] -- Up-to-date: /home/nvidia/2d_slam/install/lslidar_driver/share/lslidar_driver/local_setup.zsh
[37.544s] -- Installing: /home/nvidia/2d_slam/install/lslidar_driver/share/lslidar_driver/local_setup.dsv
[37.544s] -- Installing: /home/nvidia/2d_slam/install/lslidar_driver/share/lslidar_driver/package.dsv
[37.544s] -- Up-to-date: /home/nvidia/2d_slam/install/lslidar_driver/share/ament_index/resource_index/packages/lslidar_driver
[37.544s] -- Installing: /home/nvidia/2d_slam/install/lslidar_driver/share/lslidar_driver/cmake/ament_cmake_export_dependencies-extras.cmake
[37.545s] -- Installing: /home/nvidia/2d_slam/install/lslidar_driver/share/lslidar_driver/cmake/ament_cmake_export_include_directories-extras.cmake
[37.545s] -- Up-to-date: /home/nvidia/2d_slam/install/lslidar_driver/share/lslidar_driver/cmake/lslidar_driverConfig.cmake
[37.545s] -- Up-to-date: /home/nvidia/2d_slam/install/lslidar_driver/share/lslidar_driver/cmake/lslidar_driverConfig-version.cmake
[37.545s] -- Installing: /home/nvidia/2d_slam/install/lslidar_driver/share/lslidar_driver/package.xml
[37.551s] Invoked command in '/home/nvidia/2d_slam/build/lslidar_driver' returned '0': AMENT_PREFIX_PATH=/home/nvidia/2d_slam/install/lslidar_msgs:${AMENT_PREFIX_PATH} CMAKE_PREFIX_PATH=/home/nvidia/2d_slam/install/lslidar_msgs:/home/nvidia/DDSM_ws/install/camera_publisher:/usr/share/gazebo-11/cmake:/usr/share/gazebo/cmake:/home/nvidia/DDSM_ws/install/robot_nav:/home/nvidia/DDSM_ws/install/robot_control:/opt/ros/humble LD_LIBRARY_PATH=/home/nvidia/2d_slam/install/lslidar_msgs/lib:${LD_LIBRARY_PATH} PYTHONPATH=/home/nvidia/2d_slam/install/lslidar_msgs/local/lib/python3.10/dist-packages:${PYTHONPATH} /usr/bin/cmake --install /home/nvidia/2d_slam/build/lslidar_driver
