[1.825s] Invoking command in '/home/nvidia/ros2_ws/src/robot_nav': PYTHONPATH=/home/nvidia/ros2_ws/build/robot_nav/prefix_override:/usr/lib/python3/dist-packages/colcon_core/task/python/colcon_distutils_commands:/home/nvidia/ros2_ws/install/robot_nav/lib/python3.10/site-packages:${PYTHONPATH} /usr/bin/python3 -W ignore:setup.py install is deprecated -W ignore:easy_install command is deprecated setup.py egg_info --egg-base ../../build/robot_nav build --build-base /home/nvidia/ros2_ws/build/robot_nav/build install --record /home/nvidia/ros2_ws/build/robot_nav/install.log --single-version-externally-managed install_data
[2.284s] running egg_info
[2.286s] writing ../../build/robot_nav/robot_nav.egg-info/PKG-INFO
[2.287s] writing dependency_links to ../../build/robot_nav/robot_nav.egg-info/dependency_links.txt
[2.288s] writing entry points to ../../build/robot_nav/robot_nav.egg-info/entry_points.txt
[2.288s] writing requirements to ../../build/robot_nav/robot_nav.egg-info/requires.txt
[2.288s] writing top-level names to ../../build/robot_nav/robot_nav.egg-info/top_level.txt
[2.293s] reading manifest file '../../build/robot_nav/robot_nav.egg-info/SOURCES.txt'
[2.298s] writing manifest file '../../build/robot_nav/robot_nav.egg-info/SOURCES.txt'
[2.299s] running build
[2.299s] running build_py
[2.299s] running install
[2.300s] running install_lib
[2.303s] running install_data
[2.303s] copying launch/nav2_slam.launch.py -> /home/nvidia/ros2_ws/install/robot_nav/share/robot_nav/launch
[2.303s] copying config/nav2_params.yaml -> /home/nvidia/ros2_ws/install/robot_nav/share/robot_nav/config
[2.303s] running install_egg_info
[2.308s] removing '/home/nvidia/ros2_ws/install/robot_nav/lib/python3.10/site-packages/robot_nav-0.0.1-py3.10.egg-info' (and everything under it)
[2.309s] Copying ../../build/robot_nav/robot_nav.egg-info to /home/nvidia/ros2_ws/install/robot_nav/lib/python3.10/site-packages/robot_nav-0.0.1-py3.10.egg-info
[2.310s] running install_scripts
[2.351s] Installing cmd_vel_mux script to /home/nvidia/ros2_ws/install/robot_nav/lib/robot_nav
[2.352s] Installing map_converter script to /home/nvidia/ros2_ws/install/robot_nav/lib/robot_nav
[2.352s] Installing odom_converter script to /home/nvidia/ros2_ws/install/robot_nav/lib/robot_nav
[2.352s] Installing odom_to_tf script to /home/nvidia/ros2_ws/install/robot_nav/lib/robot_nav
[2.353s] writing list of installed files to '/home/nvidia/ros2_ws/build/robot_nav/install.log'
[2.466s] Invoked command in '/home/nvidia/ros2_ws/src/robot_nav' returned '0': PYTHONPATH=/home/nvidia/ros2_ws/build/robot_nav/prefix_override:/usr/lib/python3/dist-packages/colcon_core/task/python/colcon_distutils_commands:/home/nvidia/ros2_ws/install/robot_nav/lib/python3.10/site-packages:${PYTHONPATH} /usr/bin/python3 -W ignore:setup.py install is deprecated -W ignore:easy_install command is deprecated setup.py egg_info --egg-base ../../build/robot_nav build --build-base /home/nvidia/ros2_ws/build/robot_nav/build install --record /home/nvidia/ros2_ws/build/robot_nav/install.log --single-version-externally-managed install_data
