[1.244s] Invoking command in '/home/nvidia/fishbot_ws/src/fishbot_description': PYTHONPATH=/home/nvidia/fishbot_ws/build/fishbot_description/prefix_override:/usr/lib/python3/dist-packages/colcon_core/task/python/colcon_distutils_commands:/home/nvidia/fishbot_ws/install/fishbot_description/lib/python3.10/site-packages:${PYTHONPATH} /usr/bin/python3 -W ignore:setup.py install is deprecated -W ignore:easy_install command is deprecated setup.py egg_info --egg-base ../../build/fishbot_description build --build-base /home/nvidia/fishbot_ws/build/fishbot_description/build install --record /home/nvidia/fishbot_ws/build/fishbot_description/install.log --single-version-externally-managed install_data
[1.716s] running egg_info
[1.717s] writing ../../build/fishbot_description/fishbot_description.egg-info/PKG-INFO
[1.718s] writing dependency_links to ../../build/fishbot_description/fishbot_description.egg-info/dependency_links.txt
[1.718s] writing entry points to ../../build/fishbot_description/fishbot_description.egg-info/entry_points.txt
[1.718s] writing requirements to ../../build/fishbot_description/fishbot_description.egg-info/requires.txt
[1.719s] writing top-level names to ../../build/fishbot_description/fishbot_description.egg-info/top_level.txt
[1.724s] reading manifest file '../../build/fishbot_description/fishbot_description.egg-info/SOURCES.txt'
[1.726s] writing manifest file '../../build/fishbot_description/fishbot_description.egg-info/SOURCES.txt'
[1.727s] running build
[1.727s] running build_py
[1.727s] running install
[1.727s] running install_lib
[1.730s] byte-compiling /home/nvidia/fishbot_ws/install/fishbot_description/lib/python3.10/site-packages/fishbot_description/__init__.py to __init__.cpython-310.pyc
[1.730s] running install_data
[1.730s] running install_egg_info
[1.734s] removing '/home/nvidia/fishbot_ws/install/fishbot_description/lib/python3.10/site-packages/fishbot_description-0.0.0-py3.10.egg-info' (and everything under it)
[1.734s] Copying ../../build/fishbot_description/fishbot_description.egg-info to /home/nvidia/fishbot_ws/install/fishbot_description/lib/python3.10/site-packages/fishbot_description-0.0.0-py3.10.egg-info
[1.736s] running install_scripts
[1.774s] writing list of installed files to '/home/nvidia/fishbot_ws/build/fishbot_description/install.log'
[1.843s] Invoked command in '/home/nvidia/fishbot_ws/src/fishbot_description' returned '0': PYTHONPATH=/home/nvidia/fishbot_ws/build/fishbot_description/prefix_override:/usr/lib/python3/dist-packages/colcon_core/task/python/colcon_distutils_commands:/home/nvidia/fishbot_ws/install/fishbot_description/lib/python3.10/site-packages:${PYTHONPATH} /usr/bin/python3 -W ignore:setup.py install is deprecated -W ignore:easy_install command is deprecated setup.py egg_info --egg-base ../../build/fishbot_description build --build-base /home/nvidia/fishbot_ws/build/fishbot_description/build install --record /home/nvidia/fishbot_ws/build/fishbot_description/install.log --single-version-externally-managed install_data
