[1.221s] Invoking command in '/home/nvidia/ros2_ws/src/robot_nav': PYTHONPATH=/home/nvidia/ros2_ws/build/robot_nav/prefix_override:/usr/lib/python3/dist-packages/colcon_core/task/python/colcon_distutils_commands:/home/nvidia/ros2_ws/install/robot_nav/lib/python3.10/site-packages:${PYTHONPATH} /usr/bin/python3 -W ignore:setup.py install is deprecated -W ignore:easy_install command is deprecated setup.py egg_info --egg-base ../../build/robot_nav build --build-base /home/nvidia/ros2_ws/build/robot_nav/build install --record /home/nvidia/ros2_ws/build/robot_nav/install.log --single-version-externally-managed install_data
[1.681s] running egg_info
[1.682s] writing ../../build/robot_nav/robot_nav.egg-info/PKG-INFO
[1.682s] writing dependency_links to ../../build/robot_nav/robot_nav.egg-info/dependency_links.txt
[1.683s] writing entry points to ../../build/robot_nav/robot_nav.egg-info/entry_points.txt
[1.683s] writing requirements to ../../build/robot_nav/robot_nav.egg-info/requires.txt
[1.683s] writing top-level names to ../../build/robot_nav/robot_nav.egg-info/top_level.txt
[1.687s] reading manifest file '../../build/robot_nav/robot_nav.egg-info/SOURCES.txt'
[1.692s] writing manifest file '../../build/robot_nav/robot_nav.egg-info/SOURCES.txt'
[1.692s] running build
[1.692s] running build_py
[1.693s] running install
[1.693s] running install_lib
[1.697s] running install_data
[1.697s] running install_egg_info
[1.701s] removing '/home/nvidia/ros2_ws/install/robot_nav/lib/python3.10/site-packages/robot_nav-0.0.1-py3.10.egg-info' (and everything under it)
[1.702s] Copying ../../build/robot_nav/robot_nav.egg-info to /home/nvidia/ros2_ws/install/robot_nav/lib/python3.10/site-packages/robot_nav-0.0.1-py3.10.egg-info
[1.704s] running install_scripts
[1.743s] Installing odom_converter script to /home/nvidia/ros2_ws/install/robot_nav/lib/robot_nav
[1.744s] writing list of installed files to '/home/nvidia/ros2_ws/build/robot_nav/install.log'
[1.827s] Invoked command in '/home/nvidia/ros2_ws/src/robot_nav' returned '0': PYTHONPATH=/home/nvidia/ros2_ws/build/robot_nav/prefix_override:/usr/lib/python3/dist-packages/colcon_core/task/python/colcon_distutils_commands:/home/nvidia/ros2_ws/install/robot_nav/lib/python3.10/site-packages:${PYTHONPATH} /usr/bin/python3 -W ignore:setup.py install is deprecated -W ignore:easy_install command is deprecated setup.py egg_info --egg-base ../../build/robot_nav build --build-base /home/nvidia/ros2_ws/build/robot_nav/build install --record /home/nvidia/ros2_ws/build/robot_nav/install.log --single-version-externally-managed install_data
