[0.186s] DEBUG:colcon:Command line arguments: ['/usr/bin/colcon', 'build']
[0.186s] DEBUG:colcon:Parsed command line arguments: Namespace(log_base=None, log_level=None, verb_name='build', build_base='build', install_base='install', merge_install=False, symlink_install=False, test_result_base=None, continue_on_error=False, executor='parallel', parallel_workers=8, event_handlers=None, ignore_user_meta=False, metas=['./colcon.meta'], base_paths=['.'], packages_ignore=None, packages_ignore_regex=None, paths=None, packages_up_to=None, packages_up_to_regex=None, packages_above=None, packages_above_and_dependencies=None, packages_above_depth=None, packages_select_by_dep=None, packages_skip_by_dep=None, packages_skip_up_to=None, packages_select_build_failed=False, packages_skip_build_finished=False, packages_select_test_failures=False, packages_skip_test_passed=False, packages_select=None, packages_skip=None, packages_select_regex=None, packages_skip_regex=None, packages_start=None, packages_end=None, allow_overriding=[], cmake_args=None, cmake_target=None, cmake_target_skip_unavailable=False, cmake_clean_cache=False, cmake_clean_first=False, cmake_force_configure=False, ament_cmake_args=None, catkin_cmake_args=None, catkin_skip_building_tests=False, mixin_files=None, mixin=None, verb_parser=<colcon_mixin.mixin.mixin_argument.MixinArgumentDecorator object at 0xffffb05e7a90>, verb_extension=<colcon_core.verb.build.BuildVerb object at 0xffffb05e70d0>, main=<bound method BuildVerb.main of <colcon_core.verb.build.BuildVerb object at 0xffffb05e70d0>>, mixin_verb=('build',))
[0.480s] Level 1:colcon.colcon_core.package_discovery:discover_packages(colcon_meta) check parameters
[0.480s] Level 1:colcon.colcon_core.package_discovery:discover_packages(recursive) check parameters
[0.480s] Level 1:colcon.colcon_core.package_discovery:discover_packages(ignore) check parameters
[0.480s] Level 1:colcon.colcon_core.package_discovery:discover_packages(path) check parameters
[0.480s] Level 1:colcon.colcon_core.package_discovery:discover_packages(colcon_meta) discover
[0.480s] Level 1:colcon.colcon_core.package_discovery:discover_packages(recursive) discover
[0.480s] INFO:colcon.colcon_core.package_discovery:Crawling recursively for packages in '/home/nvidia/2d_slam'
[0.481s] Level 1:colcon.colcon_core.package_identification:_identify(.) by extensions ['ignore', 'ignore_ament_install']
[0.481s] Level 1:colcon.colcon_core.package_identification:_identify(.) by extension 'ignore'
[0.481s] Level 1:colcon.colcon_core.package_identification:_identify(.) by extension 'ignore_ament_install'
[0.481s] Level 1:colcon.colcon_core.package_identification:_identify(.) by extensions ['colcon_pkg']
[0.481s] Level 1:colcon.colcon_core.package_identification:_identify(.) by extension 'colcon_pkg'
[0.481s] Level 1:colcon.colcon_core.package_identification:_identify(.) by extensions ['colcon_meta']
[0.481s] Level 1:colcon.colcon_core.package_identification:_identify(.) by extension 'colcon_meta'
[0.481s] Level 1:colcon.colcon_core.package_identification:_identify(.) by extensions ['ros']
[0.481s] Level 1:colcon.colcon_core.package_identification:_identify(.) by extension 'ros'
[0.498s] Level 1:colcon.colcon_core.package_identification:_identify(.) by extensions ['cmake', 'python']
[0.499s] Level 1:colcon.colcon_core.package_identification:_identify(.) by extension 'cmake'
[0.499s] Level 1:colcon.colcon_core.package_identification:_identify(.) by extension 'python'
[0.499s] Level 1:colcon.colcon_core.package_identification:_identify(.) by extensions ['python_setup_py']
[0.499s] Level 1:colcon.colcon_core.package_identification:_identify(.) by extension 'python_setup_py'
[0.499s] Level 1:colcon.colcon_core.package_identification:_identify(build) by extensions ['ignore', 'ignore_ament_install']
[0.499s] Level 1:colcon.colcon_core.package_identification:_identify(build) by extension 'ignore'
[0.499s] Level 1:colcon.colcon_core.package_identification:_identify(build) ignored
[0.500s] Level 1:colcon.colcon_core.package_identification:_identify(install) by extensions ['ignore', 'ignore_ament_install']
[0.500s] Level 1:colcon.colcon_core.package_identification:_identify(install) by extension 'ignore'
[0.500s] Level 1:colcon.colcon_core.package_identification:_identify(install) ignored
[0.500s] Level 1:colcon.colcon_core.package_identification:_identify(log) by extensions ['ignore', 'ignore_ament_install']
[0.500s] Level 1:colcon.colcon_core.package_identification:_identify(log) by extension 'ignore'
[0.500s] Level 1:colcon.colcon_core.package_identification:_identify(log) ignored
[0.500s] Level 1:colcon.colcon_core.package_identification:_identify(src) by extensions ['ignore', 'ignore_ament_install']
[0.501s] Level 1:colcon.colcon_core.package_identification:_identify(src) by extension 'ignore'
[0.501s] Level 1:colcon.colcon_core.package_identification:_identify(src) by extension 'ignore_ament_install'
[0.501s] Level 1:colcon.colcon_core.package_identification:_identify(src) by extensions ['colcon_pkg']
[0.501s] Level 1:colcon.colcon_core.package_identification:_identify(src) by extension 'colcon_pkg'
[0.501s] Level 1:colcon.colcon_core.package_identification:_identify(src) by extensions ['colcon_meta']
[0.501s] Level 1:colcon.colcon_core.package_identification:_identify(src) by extension 'colcon_meta'
[0.501s] Level 1:colcon.colcon_core.package_identification:_identify(src) by extensions ['ros']
[0.501s] Level 1:colcon.colcon_core.package_identification:_identify(src) by extension 'ros'
[0.501s] Level 1:colcon.colcon_core.package_identification:_identify(src) by extensions ['cmake', 'python']
[0.501s] Level 1:colcon.colcon_core.package_identification:_identify(src) by extension 'cmake'
[0.501s] Level 1:colcon.colcon_core.package_identification:_identify(src) by extension 'python'
[0.501s] Level 1:colcon.colcon_core.package_identification:_identify(src) by extensions ['python_setup_py']
[0.502s] Level 1:colcon.colcon_core.package_identification:_identify(src) by extension 'python_setup_py'
[0.502s] Level 1:colcon.colcon_core.package_identification:_identify(src/LSLIDAR_X_ROS2-20240228) by extensions ['ignore', 'ignore_ament_install']
[0.502s] Level 1:colcon.colcon_core.package_identification:_identify(src/LSLIDAR_X_ROS2-20240228) by extension 'ignore'
[0.502s] Level 1:colcon.colcon_core.package_identification:_identify(src/LSLIDAR_X_ROS2-20240228) by extension 'ignore_ament_install'
[0.502s] Level 1:colcon.colcon_core.package_identification:_identify(src/LSLIDAR_X_ROS2-20240228) by extensions ['colcon_pkg']
[0.502s] Level 1:colcon.colcon_core.package_identification:_identify(src/LSLIDAR_X_ROS2-20240228) by extension 'colcon_pkg'
[0.502s] Level 1:colcon.colcon_core.package_identification:_identify(src/LSLIDAR_X_ROS2-20240228) by extensions ['colcon_meta']
[0.502s] Level 1:colcon.colcon_core.package_identification:_identify(src/LSLIDAR_X_ROS2-20240228) by extension 'colcon_meta'
[0.502s] Level 1:colcon.colcon_core.package_identification:_identify(src/LSLIDAR_X_ROS2-20240228) by extensions ['ros']
[0.502s] Level 1:colcon.colcon_core.package_identification:_identify(src/LSLIDAR_X_ROS2-20240228) by extension 'ros'
[0.502s] Level 1:colcon.colcon_core.package_identification:_identify(src/LSLIDAR_X_ROS2-20240228) by extensions ['cmake', 'python']
[0.503s] Level 1:colcon.colcon_core.package_identification:_identify(src/LSLIDAR_X_ROS2-20240228) by extension 'cmake'
[0.503s] Level 1:colcon.colcon_core.package_identification:_identify(src/LSLIDAR_X_ROS2-20240228) by extension 'python'
[0.503s] Level 1:colcon.colcon_core.package_identification:_identify(src/LSLIDAR_X_ROS2-20240228) by extensions ['python_setup_py']
[0.503s] Level 1:colcon.colcon_core.package_identification:_identify(src/LSLIDAR_X_ROS2-20240228) by extension 'python_setup_py'
[0.503s] Level 1:colcon.colcon_core.package_identification:_identify(src/LSLIDAR_X_ROS2-20240228/build) by extensions ['ignore', 'ignore_ament_install']
[0.503s] Level 1:colcon.colcon_core.package_identification:_identify(src/LSLIDAR_X_ROS2-20240228/build) by extension 'ignore'
[0.503s] Level 1:colcon.colcon_core.package_identification:_identify(src/LSLIDAR_X_ROS2-20240228/build) ignored
[0.503s] Level 1:colcon.colcon_core.package_identification:_identify(src/LSLIDAR_X_ROS2-20240228/install) by extensions ['ignore', 'ignore_ament_install']
[0.503s] Level 1:colcon.colcon_core.package_identification:_identify(src/LSLIDAR_X_ROS2-20240228/install) by extension 'ignore'
[0.503s] Level 1:colcon.colcon_core.package_identification:_identify(src/LSLIDAR_X_ROS2-20240228/install) ignored
[0.504s] Level 1:colcon.colcon_core.package_identification:_identify(src/LSLIDAR_X_ROS2-20240228/log) by extensions ['ignore', 'ignore_ament_install']
[0.504s] Level 1:colcon.colcon_core.package_identification:_identify(src/LSLIDAR_X_ROS2-20240228/log) by extension 'ignore'
[0.504s] Level 1:colcon.colcon_core.package_identification:_identify(src/LSLIDAR_X_ROS2-20240228/log) ignored
[0.504s] Level 1:colcon.colcon_core.package_identification:_identify(src/LSLIDAR_X_ROS2-20240228/src) by extensions ['ignore', 'ignore_ament_install']
[0.504s] Level 1:colcon.colcon_core.package_identification:_identify(src/LSLIDAR_X_ROS2-20240228/src) by extension 'ignore'
[0.504s] Level 1:colcon.colcon_core.package_identification:_identify(src/LSLIDAR_X_ROS2-20240228/src) by extension 'ignore_ament_install'
[0.504s] Level 1:colcon.colcon_core.package_identification:_identify(src/LSLIDAR_X_ROS2-20240228/src) by extensions ['colcon_pkg']
[0.504s] Level 1:colcon.colcon_core.package_identification:_identify(src/LSLIDAR_X_ROS2-20240228/src) by extension 'colcon_pkg'
[0.504s] Level 1:colcon.colcon_core.package_identification:_identify(src/LSLIDAR_X_ROS2-20240228/src) by extensions ['colcon_meta']
[0.505s] Level 1:colcon.colcon_core.package_identification:_identify(src/LSLIDAR_X_ROS2-20240228/src) by extension 'colcon_meta'
[0.505s] Level 1:colcon.colcon_core.package_identification:_identify(src/LSLIDAR_X_ROS2-20240228/src) by extensions ['ros']
[0.505s] Level 1:colcon.colcon_core.package_identification:_identify(src/LSLIDAR_X_ROS2-20240228/src) by extension 'ros'
[0.505s] Level 1:colcon.colcon_core.package_identification:_identify(src/LSLIDAR_X_ROS2-20240228/src) by extensions ['cmake', 'python']
[0.505s] Level 1:colcon.colcon_core.package_identification:_identify(src/LSLIDAR_X_ROS2-20240228/src) by extension 'cmake'
[0.505s] Level 1:colcon.colcon_core.package_identification:_identify(src/LSLIDAR_X_ROS2-20240228/src) by extension 'python'
[0.505s] Level 1:colcon.colcon_core.package_identification:_identify(src/LSLIDAR_X_ROS2-20240228/src) by extensions ['python_setup_py']
[0.505s] Level 1:colcon.colcon_core.package_identification:_identify(src/LSLIDAR_X_ROS2-20240228/src) by extension 'python_setup_py'
[0.505s] Level 1:colcon.colcon_core.package_identification:_identify(src/LSLIDAR_X_ROS2-20240228/src/lslidar_driver) by extensions ['ignore', 'ignore_ament_install']
[0.505s] Level 1:colcon.colcon_core.package_identification:_identify(src/LSLIDAR_X_ROS2-20240228/src/lslidar_driver) by extension 'ignore'
[0.505s] Level 1:colcon.colcon_core.package_identification:_identify(src/LSLIDAR_X_ROS2-20240228/src/lslidar_driver) by extension 'ignore_ament_install'
[0.506s] Level 1:colcon.colcon_core.package_identification:_identify(src/LSLIDAR_X_ROS2-20240228/src/lslidar_driver) by extensions ['colcon_pkg']
[0.506s] Level 1:colcon.colcon_core.package_identification:_identify(src/LSLIDAR_X_ROS2-20240228/src/lslidar_driver) by extension 'colcon_pkg'
[0.506s] Level 1:colcon.colcon_core.package_identification:_identify(src/LSLIDAR_X_ROS2-20240228/src/lslidar_driver) by extensions ['colcon_meta']
[0.506s] Level 1:colcon.colcon_core.package_identification:_identify(src/LSLIDAR_X_ROS2-20240228/src/lslidar_driver) by extension 'colcon_meta'
[0.506s] Level 1:colcon.colcon_core.package_identification:_identify(src/LSLIDAR_X_ROS2-20240228/src/lslidar_driver) by extensions ['ros']
[0.506s] Level 1:colcon.colcon_core.package_identification:_identify(src/LSLIDAR_X_ROS2-20240228/src/lslidar_driver) by extension 'ros'
[0.510s] DEBUG:colcon.colcon_core.package_identification:Package 'src/LSLIDAR_X_ROS2-20240228/src/lslidar_driver' with type 'ros.ament_cmake' and name 'lslidar_driver'
[0.510s] Level 1:colcon.colcon_core.package_identification:_identify(src/LSLIDAR_X_ROS2-20240228/src/lslidar_msgs) by extensions ['ignore', 'ignore_ament_install']
[0.511s] Level 1:colcon.colcon_core.package_identification:_identify(src/LSLIDAR_X_ROS2-20240228/src/lslidar_msgs) by extension 'ignore'
[0.511s] Level 1:colcon.colcon_core.package_identification:_identify(src/LSLIDAR_X_ROS2-20240228/src/lslidar_msgs) by extension 'ignore_ament_install'
[0.511s] Level 1:colcon.colcon_core.package_identification:_identify(src/LSLIDAR_X_ROS2-20240228/src/lslidar_msgs) by extensions ['colcon_pkg']
[0.511s] Level 1:colcon.colcon_core.package_identification:_identify(src/LSLIDAR_X_ROS2-20240228/src/lslidar_msgs) by extension 'colcon_pkg'
[0.511s] Level 1:colcon.colcon_core.package_identification:_identify(src/LSLIDAR_X_ROS2-20240228/src/lslidar_msgs) by extensions ['colcon_meta']
[0.511s] Level 1:colcon.colcon_core.package_identification:_identify(src/LSLIDAR_X_ROS2-20240228/src/lslidar_msgs) by extension 'colcon_meta'
[0.511s] Level 1:colcon.colcon_core.package_identification:_identify(src/LSLIDAR_X_ROS2-20240228/src/lslidar_msgs) by extensions ['ros']
[0.511s] Level 1:colcon.colcon_core.package_identification:_identify(src/LSLIDAR_X_ROS2-20240228/src/lslidar_msgs) by extension 'ros'
[0.512s] DEBUG:colcon.colcon_core.package_identification:Package 'src/LSLIDAR_X_ROS2-20240228/src/lslidar_msgs' with type 'ros.ament_cmake' and name 'lslidar_msgs'
[0.512s] Level 1:colcon.colcon_core.package_identification:_identify(src/build) by extensions ['ignore', 'ignore_ament_install']
[0.513s] Level 1:colcon.colcon_core.package_identification:_identify(src/build) by extension 'ignore'
[0.513s] Level 1:colcon.colcon_core.package_identification:_identify(src/build) ignored
[0.513s] Level 1:colcon.colcon_core.package_identification:_identify(src/install) by extensions ['ignore', 'ignore_ament_install']
[0.513s] Level 1:colcon.colcon_core.package_identification:_identify(src/install) by extension 'ignore'
[0.513s] Level 1:colcon.colcon_core.package_identification:_identify(src/install) ignored
[0.513s] Level 1:colcon.colcon_core.package_identification:_identify(src/log) by extensions ['ignore', 'ignore_ament_install']
[0.513s] Level 1:colcon.colcon_core.package_identification:_identify(src/log) by extension 'ignore'
[0.513s] Level 1:colcon.colcon_core.package_identification:_identify(src/log) ignored
[0.513s] Level 1:colcon.colcon_core.package_discovery:discover_packages(recursive) using defaults
[0.514s] Level 1:colcon.colcon_core.package_discovery:discover_packages(ignore) discover
[0.514s] Level 1:colcon.colcon_core.package_discovery:discover_packages(ignore) using defaults
[0.514s] Level 1:colcon.colcon_core.package_discovery:discover_packages(path) discover
[0.514s] Level 1:colcon.colcon_core.package_discovery:discover_packages(path) using defaults
[0.573s] Level 1:colcon.colcon_core.package_discovery:discover_packages(prefix_path) check parameters
[0.574s] Level 1:colcon.colcon_core.package_discovery:discover_packages(prefix_path) discover
[0.575s] WARNING:colcon.colcon_ros.prefix_path.catkin:The path '/usr/share/gazebo-11/cmake' in the environment variable CMAKE_PREFIX_PATH doesn't exist
[0.577s] DEBUG:colcon.colcon_installed_package_information.package_discovery:Found 3 installed packages in /home/nvidia/DDSM_ws/install
[0.579s] DEBUG:colcon.colcon_installed_package_information.package_discovery:Found 408 installed packages in /opt/ros/humble
[0.582s] Level 1:colcon.colcon_core.package_discovery:discover_packages(prefix_path) using defaults
[0.659s] Level 5:colcon.colcon_core.verb:set package 'lslidar_msgs' build argument 'cmake_args' from command line to 'None'
[0.660s] Level 5:colcon.colcon_core.verb:set package 'lslidar_msgs' build argument 'cmake_target' from command line to 'None'
[0.660s] Level 5:colcon.colcon_core.verb:set package 'lslidar_msgs' build argument 'cmake_target_skip_unavailable' from command line to 'False'
[0.660s] Level 5:colcon.colcon_core.verb:set package 'lslidar_msgs' build argument 'cmake_clean_cache' from command line to 'False'
[0.660s] Level 5:colcon.colcon_core.verb:set package 'lslidar_msgs' build argument 'cmake_clean_first' from command line to 'False'
[0.660s] Level 5:colcon.colcon_core.verb:set package 'lslidar_msgs' build argument 'cmake_force_configure' from command line to 'False'
[0.660s] Level 5:colcon.colcon_core.verb:set package 'lslidar_msgs' build argument 'ament_cmake_args' from command line to 'None'
[0.660s] Level 5:colcon.colcon_core.verb:set package 'lslidar_msgs' build argument 'catkin_cmake_args' from command line to 'None'
[0.660s] Level 5:colcon.colcon_core.verb:set package 'lslidar_msgs' build argument 'catkin_skip_building_tests' from command line to 'False'
[0.660s] DEBUG:colcon.colcon_core.verb:Building package 'lslidar_msgs' with the following arguments: {'ament_cmake_args': None, 'build_base': '/home/nvidia/2d_slam/build/lslidar_msgs', 'catkin_cmake_args': None, 'catkin_skip_building_tests': False, 'cmake_args': None, 'cmake_clean_cache': False, 'cmake_clean_first': False, 'cmake_force_configure': False, 'cmake_target': None, 'cmake_target_skip_unavailable': False, 'install_base': '/home/nvidia/2d_slam/install/lslidar_msgs', 'merge_install': False, 'path': '/home/nvidia/2d_slam/src/LSLIDAR_X_ROS2-20240228/src/lslidar_msgs', 'symlink_install': False, 'test_result_base': None}
[0.661s] Level 5:colcon.colcon_core.verb:set package 'lslidar_driver' build argument 'cmake_args' from command line to 'None'
[0.661s] Level 5:colcon.colcon_core.verb:set package 'lslidar_driver' build argument 'cmake_target' from command line to 'None'
[0.661s] Level 5:colcon.colcon_core.verb:set package 'lslidar_driver' build argument 'cmake_target_skip_unavailable' from command line to 'False'
[0.661s] Level 5:colcon.colcon_core.verb:set package 'lslidar_driver' build argument 'cmake_clean_cache' from command line to 'False'
[0.661s] Level 5:colcon.colcon_core.verb:set package 'lslidar_driver' build argument 'cmake_clean_first' from command line to 'False'
[0.661s] Level 5:colcon.colcon_core.verb:set package 'lslidar_driver' build argument 'cmake_force_configure' from command line to 'False'
[0.661s] Level 5:colcon.colcon_core.verb:set package 'lslidar_driver' build argument 'ament_cmake_args' from command line to 'None'
[0.661s] Level 5:colcon.colcon_core.verb:set package 'lslidar_driver' build argument 'catkin_cmake_args' from command line to 'None'
[0.661s] Level 5:colcon.colcon_core.verb:set package 'lslidar_driver' build argument 'catkin_skip_building_tests' from command line to 'False'
[0.661s] DEBUG:colcon.colcon_core.verb:Building package 'lslidar_driver' with the following arguments: {'ament_cmake_args': None, 'build_base': '/home/nvidia/2d_slam/build/lslidar_driver', 'catkin_cmake_args': None, 'catkin_skip_building_tests': False, 'cmake_args': None, 'cmake_clean_cache': False, 'cmake_clean_first': False, 'cmake_force_configure': False, 'cmake_target': None, 'cmake_target_skip_unavailable': False, 'install_base': '/home/nvidia/2d_slam/install/lslidar_driver', 'merge_install': False, 'path': '/home/nvidia/2d_slam/src/LSLIDAR_X_ROS2-20240228/src/lslidar_driver', 'symlink_install': False, 'test_result_base': None}
[0.661s] INFO:colcon.colcon_core.executor:Executing jobs using 'parallel' executor
[0.663s] DEBUG:colcon.colcon_parallel_executor.executor.parallel:run_until_complete
[0.664s] INFO:colcon.colcon_ros.task.ament_cmake.build:Building ROS package in '/home/nvidia/2d_slam/src/LSLIDAR_X_ROS2-20240228/src/lslidar_msgs' with build type 'ament_cmake'
[0.664s] INFO:colcon.colcon_cmake.task.cmake.build:Building CMake package in '/home/nvidia/2d_slam/src/LSLIDAR_X_ROS2-20240228/src/lslidar_msgs'
[0.668s] INFO:colcon.colcon_core.plugin_system:Skipping extension 'colcon_core.shell.bat': Not used on non-Windows systems
[0.668s] INFO:colcon.colcon_core.shell:Skip shell extension 'powershell' for command environment: Not usable outside of PowerShell
[0.668s] DEBUG:colcon.colcon_core.shell:Skip shell extension 'dsv' for command environment
[0.685s] DEBUG:colcon.colcon_core.event_handler.log_command:Invoking command in '/home/nvidia/2d_slam/build/lslidar_msgs': CMAKE_PREFIX_PATH=${CMAKE_PREFIX_PATH}:/home/nvidia/DDSM_ws/install/robot_nav:/home/nvidia/DDSM_ws/install/robot_control:/opt/ros/humble /usr/bin/cmake --build /home/nvidia/2d_slam/build/lslidar_msgs -- -j8 -l8
[1.330s] DEBUG:colcon.colcon_core.event_handler.log_command:Invoked command in '/home/nvidia/2d_slam/build/lslidar_msgs' returned '0': CMAKE_PREFIX_PATH=${CMAKE_PREFIX_PATH}:/home/nvidia/DDSM_ws/install/robot_nav:/home/nvidia/DDSM_ws/install/robot_control:/opt/ros/humble /usr/bin/cmake --build /home/nvidia/2d_slam/build/lslidar_msgs -- -j8 -l8
[1.352s] DEBUG:colcon.colcon_core.event_handler.log_command:Invoking command in '/home/nvidia/2d_slam/build/lslidar_msgs': CMAKE_PREFIX_PATH=${CMAKE_PREFIX_PATH}:/home/nvidia/DDSM_ws/install/robot_nav:/home/nvidia/DDSM_ws/install/robot_control:/opt/ros/humble /usr/bin/cmake --install /home/nvidia/2d_slam/build/lslidar_msgs
[1.460s] Level 1:colcon.colcon_core.environment:create_environment_scripts_only(lslidar_msgs)
[1.474s] DEBUG:colcon.colcon_core.event_handler.log_command:Invoked command in '/home/nvidia/2d_slam/build/lslidar_msgs' returned '0': CMAKE_PREFIX_PATH=${CMAKE_PREFIX_PATH}:/home/nvidia/DDSM_ws/install/robot_nav:/home/nvidia/DDSM_ws/install/robot_control:/opt/ros/humble /usr/bin/cmake --install /home/nvidia/2d_slam/build/lslidar_msgs
[1.477s] Level 1:colcon.colcon_core.environment:checking '/home/nvidia/2d_slam/install/lslidar_msgs' for CMake module files
[1.480s] Level 1:colcon.colcon_core.environment:checking '/home/nvidia/2d_slam/install/lslidar_msgs' for CMake config files
[1.481s] Level 1:colcon.colcon_core.shell:create_environment_hook('lslidar_msgs', 'cmake_prefix_path')
[1.482s] INFO:colcon.colcon_core.shell:Creating environment hook '/home/nvidia/2d_slam/install/lslidar_msgs/share/lslidar_msgs/hook/cmake_prefix_path.ps1'
[1.484s] INFO:colcon.colcon_core.shell:Creating environment descriptor '/home/nvidia/2d_slam/install/lslidar_msgs/share/lslidar_msgs/hook/cmake_prefix_path.dsv'
[1.486s] INFO:colcon.colcon_core.shell:Creating environment hook '/home/nvidia/2d_slam/install/lslidar_msgs/share/lslidar_msgs/hook/cmake_prefix_path.sh'
[1.489s] Level 1:colcon.colcon_core.environment:checking '/home/nvidia/2d_slam/install/lslidar_msgs/lib'
[1.490s] Level 1:colcon.colcon_core.shell:create_environment_hook('lslidar_msgs', 'ld_library_path_lib')
[1.490s] INFO:colcon.colcon_core.shell:Creating environment hook '/home/nvidia/2d_slam/install/lslidar_msgs/share/lslidar_msgs/hook/ld_library_path_lib.ps1'
[1.492s] INFO:colcon.colcon_core.shell:Creating environment descriptor '/home/nvidia/2d_slam/install/lslidar_msgs/share/lslidar_msgs/hook/ld_library_path_lib.dsv'
[1.493s] INFO:colcon.colcon_core.shell:Creating environment hook '/home/nvidia/2d_slam/install/lslidar_msgs/share/lslidar_msgs/hook/ld_library_path_lib.sh'
[1.495s] Level 1:colcon.colcon_core.environment:checking '/home/nvidia/2d_slam/install/lslidar_msgs/bin'
[1.495s] Level 1:colcon.colcon_core.environment:checking '/home/nvidia/2d_slam/install/lslidar_msgs/lib/pkgconfig/lslidar_msgs.pc'
[1.496s] Level 1:colcon.colcon_core.environment:checking '/home/nvidia/2d_slam/install/lslidar_msgs/lib/python3.10/site-packages'
[1.497s] Level 1:colcon.colcon_core.environment:checking '/home/nvidia/2d_slam/install/lslidar_msgs/bin'
[1.498s] INFO:colcon.colcon_core.shell:Creating package script '/home/nvidia/2d_slam/install/lslidar_msgs/share/lslidar_msgs/package.ps1'
[1.501s] INFO:colcon.colcon_core.shell:Creating package descriptor '/home/nvidia/2d_slam/install/lslidar_msgs/share/lslidar_msgs/package.dsv'
[1.503s] INFO:colcon.colcon_core.shell:Creating package script '/home/nvidia/2d_slam/install/lslidar_msgs/share/lslidar_msgs/package.sh'
[1.506s] INFO:colcon.colcon_core.shell:Creating package script '/home/nvidia/2d_slam/install/lslidar_msgs/share/lslidar_msgs/package.bash'
[1.508s] INFO:colcon.colcon_core.shell:Creating package script '/home/nvidia/2d_slam/install/lslidar_msgs/share/lslidar_msgs/package.zsh'
[1.511s] Level 1:colcon.colcon_core.environment:create_file_with_runtime_dependencies(/home/nvidia/2d_slam/install/lslidar_msgs/share/colcon-core/packages/lslidar_msgs)
[1.513s] Level 1:colcon.colcon_core.environment:create_environment_scripts_only(lslidar_msgs)
[1.514s] Level 1:colcon.colcon_core.environment:checking '/home/nvidia/2d_slam/install/lslidar_msgs' for CMake module files
[1.516s] Level 1:colcon.colcon_core.environment:checking '/home/nvidia/2d_slam/install/lslidar_msgs' for CMake config files
[1.517s] Level 1:colcon.colcon_core.shell:create_environment_hook('lslidar_msgs', 'cmake_prefix_path')
[1.518s] INFO:colcon.colcon_core.shell:Creating environment hook '/home/nvidia/2d_slam/install/lslidar_msgs/share/lslidar_msgs/hook/cmake_prefix_path.ps1'
[1.520s] INFO:colcon.colcon_core.shell:Creating environment descriptor '/home/nvidia/2d_slam/install/lslidar_msgs/share/lslidar_msgs/hook/cmake_prefix_path.dsv'
[1.521s] INFO:colcon.colcon_core.shell:Creating environment hook '/home/nvidia/2d_slam/install/lslidar_msgs/share/lslidar_msgs/hook/cmake_prefix_path.sh'
[1.522s] Level 1:colcon.colcon_core.environment:checking '/home/nvidia/2d_slam/install/lslidar_msgs/lib'
[1.523s] Level 1:colcon.colcon_core.shell:create_environment_hook('lslidar_msgs', 'ld_library_path_lib')
[1.523s] INFO:colcon.colcon_core.shell:Creating environment hook '/home/nvidia/2d_slam/install/lslidar_msgs/share/lslidar_msgs/hook/ld_library_path_lib.ps1'
[1.524s] INFO:colcon.colcon_core.shell:Creating environment descriptor '/home/nvidia/2d_slam/install/lslidar_msgs/share/lslidar_msgs/hook/ld_library_path_lib.dsv'
[1.525s] INFO:colcon.colcon_core.shell:Creating environment hook '/home/nvidia/2d_slam/install/lslidar_msgs/share/lslidar_msgs/hook/ld_library_path_lib.sh'
[1.527s] Level 1:colcon.colcon_core.environment:checking '/home/nvidia/2d_slam/install/lslidar_msgs/bin'
[1.527s] Level 1:colcon.colcon_core.environment:checking '/home/nvidia/2d_slam/install/lslidar_msgs/lib/pkgconfig/lslidar_msgs.pc'
[1.528s] Level 1:colcon.colcon_core.environment:checking '/home/nvidia/2d_slam/install/lslidar_msgs/lib/python3.10/site-packages'
[1.529s] Level 1:colcon.colcon_core.environment:checking '/home/nvidia/2d_slam/install/lslidar_msgs/bin'
[1.530s] INFO:colcon.colcon_core.shell:Creating package script '/home/nvidia/2d_slam/install/lslidar_msgs/share/lslidar_msgs/package.ps1'
[1.531s] INFO:colcon.colcon_core.shell:Creating package descriptor '/home/nvidia/2d_slam/install/lslidar_msgs/share/lslidar_msgs/package.dsv'
[1.533s] INFO:colcon.colcon_core.shell:Creating package script '/home/nvidia/2d_slam/install/lslidar_msgs/share/lslidar_msgs/package.sh'
[1.534s] INFO:colcon.colcon_core.shell:Creating package script '/home/nvidia/2d_slam/install/lslidar_msgs/share/lslidar_msgs/package.bash'
[1.536s] INFO:colcon.colcon_core.shell:Creating package script '/home/nvidia/2d_slam/install/lslidar_msgs/share/lslidar_msgs/package.zsh'
[1.537s] Level 1:colcon.colcon_core.environment:create_file_with_runtime_dependencies(/home/nvidia/2d_slam/install/lslidar_msgs/share/colcon-core/packages/lslidar_msgs)
[1.538s] INFO:colcon.colcon_ros.task.ament_cmake.build:Building ROS package in '/home/nvidia/2d_slam/src/LSLIDAR_X_ROS2-20240228/src/lslidar_driver' with build type 'ament_cmake'
[1.538s] INFO:colcon.colcon_cmake.task.cmake.build:Building CMake package in '/home/nvidia/2d_slam/src/LSLIDAR_X_ROS2-20240228/src/lslidar_driver'
[1.539s] INFO:colcon.colcon_core.shell:Skip shell extension 'powershell' for command environment: Not usable outside of PowerShell
[1.539s] DEBUG:colcon.colcon_core.shell:Skip shell extension 'dsv' for command environment
[1.566s] DEBUG:colcon.colcon_core.event_handler.log_command:Invoking command in '/home/nvidia/2d_slam/build/lslidar_driver': AMENT_PREFIX_PATH=/home/nvidia/2d_slam/install/lslidar_msgs:${AMENT_PREFIX_PATH} CMAKE_PREFIX_PATH=/home/nvidia/2d_slam/install/lslidar_msgs:/home/nvidia/DDSM_ws/install/camera_publisher:/usr/share/gazebo-11/cmake:/usr/share/gazebo/cmake:/home/nvidia/DDSM_ws/install/robot_nav:/home/nvidia/DDSM_ws/install/robot_control:/opt/ros/humble LD_LIBRARY_PATH=/home/nvidia/2d_slam/install/lslidar_msgs/lib:${LD_LIBRARY_PATH} PYTHONPATH=/home/nvidia/2d_slam/install/lslidar_msgs/local/lib/python3.10/dist-packages:${PYTHONPATH} /usr/bin/cmake --build /home/nvidia/2d_slam/build/lslidar_driver -- -j8 -l8
[39.046s] DEBUG:colcon.colcon_core.event_handler.log_command:Invoked command in '/home/nvidia/2d_slam/build/lslidar_driver' returned '0': AMENT_PREFIX_PATH=/home/nvidia/2d_slam/install/lslidar_msgs:${AMENT_PREFIX_PATH} CMAKE_PREFIX_PATH=/home/nvidia/2d_slam/install/lslidar_msgs:/home/nvidia/DDSM_ws/install/camera_publisher:/usr/share/gazebo-11/cmake:/usr/share/gazebo/cmake:/home/nvidia/DDSM_ws/install/robot_nav:/home/nvidia/DDSM_ws/install/robot_control:/opt/ros/humble LD_LIBRARY_PATH=/home/nvidia/2d_slam/install/lslidar_msgs/lib:${LD_LIBRARY_PATH} PYTHONPATH=/home/nvidia/2d_slam/install/lslidar_msgs/local/lib/python3.10/dist-packages:${PYTHONPATH} /usr/bin/cmake --build /home/nvidia/2d_slam/build/lslidar_driver -- -j8 -l8
[39.053s] DEBUG:colcon.colcon_core.event_handler.log_command:Invoking command in '/home/nvidia/2d_slam/build/lslidar_driver': AMENT_PREFIX_PATH=/home/nvidia/2d_slam/install/lslidar_msgs:${AMENT_PREFIX_PATH} CMAKE_PREFIX_PATH=/home/nvidia/2d_slam/install/lslidar_msgs:/home/nvidia/DDSM_ws/install/camera_publisher:/usr/share/gazebo-11/cmake:/usr/share/gazebo/cmake:/home/nvidia/DDSM_ws/install/robot_nav:/home/nvidia/DDSM_ws/install/robot_control:/opt/ros/humble LD_LIBRARY_PATH=/home/nvidia/2d_slam/install/lslidar_msgs/lib:${LD_LIBRARY_PATH} PYTHONPATH=/home/nvidia/2d_slam/install/lslidar_msgs/local/lib/python3.10/dist-packages:${PYTHONPATH} /usr/bin/cmake --install /home/nvidia/2d_slam/build/lslidar_driver
[39.089s] Level 1:colcon.colcon_core.environment:create_environment_scripts_only(lslidar_driver)
[39.090s] Level 1:colcon.colcon_core.environment:checking '/home/nvidia/2d_slam/install/lslidar_driver' for CMake module files
[39.092s] DEBUG:colcon.colcon_core.event_handler.log_command:Invoked command in '/home/nvidia/2d_slam/build/lslidar_driver' returned '0': AMENT_PREFIX_PATH=/home/nvidia/2d_slam/install/lslidar_msgs:${AMENT_PREFIX_PATH} CMAKE_PREFIX_PATH=/home/nvidia/2d_slam/install/lslidar_msgs:/home/nvidia/DDSM_ws/install/camera_publisher:/usr/share/gazebo-11/cmake:/usr/share/gazebo/cmake:/home/nvidia/DDSM_ws/install/robot_nav:/home/nvidia/DDSM_ws/install/robot_control:/opt/ros/humble LD_LIBRARY_PATH=/home/nvidia/2d_slam/install/lslidar_msgs/lib:${LD_LIBRARY_PATH} PYTHONPATH=/home/nvidia/2d_slam/install/lslidar_msgs/local/lib/python3.10/dist-packages:${PYTHONPATH} /usr/bin/cmake --install /home/nvidia/2d_slam/build/lslidar_driver
[39.093s] Level 1:colcon.colcon_core.environment:checking '/home/nvidia/2d_slam/install/lslidar_driver' for CMake config files
[39.094s] Level 1:colcon.colcon_core.shell:create_environment_hook('lslidar_driver', 'cmake_prefix_path')
[39.095s] INFO:colcon.colcon_core.shell:Creating environment hook '/home/nvidia/2d_slam/install/lslidar_driver/share/lslidar_driver/hook/cmake_prefix_path.ps1'
[39.097s] INFO:colcon.colcon_core.shell:Creating environment descriptor '/home/nvidia/2d_slam/install/lslidar_driver/share/lslidar_driver/hook/cmake_prefix_path.dsv'
[39.098s] INFO:colcon.colcon_core.shell:Creating environment hook '/home/nvidia/2d_slam/install/lslidar_driver/share/lslidar_driver/hook/cmake_prefix_path.sh'
[39.100s] Level 1:colcon.colcon_core.environment:checking '/home/nvidia/2d_slam/install/lslidar_driver/lib'
[39.100s] Level 1:colcon.colcon_core.environment:checking '/home/nvidia/2d_slam/install/lslidar_driver/bin'
[39.100s] Level 1:colcon.colcon_core.environment:checking '/home/nvidia/2d_slam/install/lslidar_driver/lib/pkgconfig/lslidar_driver.pc'
[39.101s] Level 1:colcon.colcon_core.environment:checking '/home/nvidia/2d_slam/install/lslidar_driver/lib/python3.10/site-packages'
[39.102s] Level 1:colcon.colcon_core.environment:checking '/home/nvidia/2d_slam/install/lslidar_driver/bin'
[39.103s] INFO:colcon.colcon_core.shell:Creating package script '/home/nvidia/2d_slam/install/lslidar_driver/share/lslidar_driver/package.ps1'
[39.105s] INFO:colcon.colcon_core.shell:Creating package descriptor '/home/nvidia/2d_slam/install/lslidar_driver/share/lslidar_driver/package.dsv'
[39.106s] INFO:colcon.colcon_core.shell:Creating package script '/home/nvidia/2d_slam/install/lslidar_driver/share/lslidar_driver/package.sh'
[39.108s] INFO:colcon.colcon_core.shell:Creating package script '/home/nvidia/2d_slam/install/lslidar_driver/share/lslidar_driver/package.bash'
[39.109s] INFO:colcon.colcon_core.shell:Creating package script '/home/nvidia/2d_slam/install/lslidar_driver/share/lslidar_driver/package.zsh'
[39.110s] Level 1:colcon.colcon_core.environment:create_file_with_runtime_dependencies(/home/nvidia/2d_slam/install/lslidar_driver/share/colcon-core/packages/lslidar_driver)
[39.112s] Level 1:colcon.colcon_core.environment:create_environment_scripts_only(lslidar_driver)
[39.113s] Level 1:colcon.colcon_core.environment:checking '/home/nvidia/2d_slam/install/lslidar_driver' for CMake module files
[39.115s] Level 1:colcon.colcon_core.environment:checking '/home/nvidia/2d_slam/install/lslidar_driver' for CMake config files
[39.115s] Level 1:colcon.colcon_core.shell:create_environment_hook('lslidar_driver', 'cmake_prefix_path')
[39.116s] INFO:colcon.colcon_core.shell:Creating environment hook '/home/nvidia/2d_slam/install/lslidar_driver/share/lslidar_driver/hook/cmake_prefix_path.ps1'
[39.117s] INFO:colcon.colcon_core.shell:Creating environment descriptor '/home/nvidia/2d_slam/install/lslidar_driver/share/lslidar_driver/hook/cmake_prefix_path.dsv'
[39.119s] INFO:colcon.colcon_core.shell:Creating environment hook '/home/nvidia/2d_slam/install/lslidar_driver/share/lslidar_driver/hook/cmake_prefix_path.sh'
[39.120s] Level 1:colcon.colcon_core.environment:checking '/home/nvidia/2d_slam/install/lslidar_driver/lib'
[39.121s] Level 1:colcon.colcon_core.environment:checking '/home/nvidia/2d_slam/install/lslidar_driver/bin'
[39.121s] Level 1:colcon.colcon_core.environment:checking '/home/nvidia/2d_slam/install/lslidar_driver/lib/pkgconfig/lslidar_driver.pc'
[39.122s] Level 1:colcon.colcon_core.environment:checking '/home/nvidia/2d_slam/install/lslidar_driver/lib/python3.10/site-packages'
[39.123s] Level 1:colcon.colcon_core.environment:checking '/home/nvidia/2d_slam/install/lslidar_driver/bin'
[39.124s] INFO:colcon.colcon_core.shell:Creating package script '/home/nvidia/2d_slam/install/lslidar_driver/share/lslidar_driver/package.ps1'
[39.125s] INFO:colcon.colcon_core.shell:Creating package descriptor '/home/nvidia/2d_slam/install/lslidar_driver/share/lslidar_driver/package.dsv'
[39.127s] INFO:colcon.colcon_core.shell:Creating package script '/home/nvidia/2d_slam/install/lslidar_driver/share/lslidar_driver/package.sh'
[39.128s] INFO:colcon.colcon_core.shell:Creating package script '/home/nvidia/2d_slam/install/lslidar_driver/share/lslidar_driver/package.bash'
[39.130s] INFO:colcon.colcon_core.shell:Creating package script '/home/nvidia/2d_slam/install/lslidar_driver/share/lslidar_driver/package.zsh'
[39.131s] Level 1:colcon.colcon_core.environment:create_file_with_runtime_dependencies(/home/nvidia/2d_slam/install/lslidar_driver/share/colcon-core/packages/lslidar_driver)
[39.132s] DEBUG:colcon.colcon_parallel_executor.executor.parallel:closing loop
[39.133s] DEBUG:colcon.colcon_parallel_executor.executor.parallel:loop closed
[39.133s] DEBUG:colcon.colcon_parallel_executor.executor.parallel:run_until_complete finished with '0'
[39.134s] DEBUG:colcon.colcon_core.event_reactor:joining thread
[39.151s] INFO:colcon.colcon_core.plugin_system:Skipping extension 'colcon_notification.desktop_notification.terminal_notifier': Not used on non-Darwin systems
[39.152s] INFO:colcon.colcon_core.plugin_system:Skipping extension 'colcon_notification.desktop_notification.win32': Not used on non-Windows systems
[39.152s] INFO:colcon.colcon_notification.desktop_notification:Sending desktop notification using 'notify2'
[39.193s] DEBUG:colcon.colcon_core.event_reactor:joined thread
[39.194s] INFO:colcon.colcon_core.shell:Creating prefix script '/home/nvidia/2d_slam/install/local_setup.ps1'
[39.198s] INFO:colcon.colcon_core.shell:Creating prefix util module '/home/nvidia/2d_slam/install/_local_setup_util_ps1.py'
[39.202s] INFO:colcon.colcon_core.shell:Creating prefix chain script '/home/nvidia/2d_slam/install/setup.ps1'
[39.205s] INFO:colcon.colcon_core.shell:Creating prefix script '/home/nvidia/2d_slam/install/local_setup.sh'
[39.206s] INFO:colcon.colcon_core.shell:Creating prefix util module '/home/nvidia/2d_slam/install/_local_setup_util_sh.py'
[39.207s] INFO:colcon.colcon_core.shell:Creating prefix chain script '/home/nvidia/2d_slam/install/setup.sh'
[39.210s] INFO:colcon.colcon_core.shell:Creating prefix script '/home/nvidia/2d_slam/install/local_setup.bash'
[39.211s] INFO:colcon.colcon_core.shell:Creating prefix chain script '/home/nvidia/2d_slam/install/setup.bash'
[39.214s] INFO:colcon.colcon_core.shell:Creating prefix script '/home/nvidia/2d_slam/install/local_setup.zsh'
[39.215s] INFO:colcon.colcon_core.shell:Creating prefix chain script '/home/nvidia/2d_slam/install/setup.zsh'
