running egg_info
creating ../../build/robot_control/robot_control.egg-info
writing ../../build/robot_control/robot_control.egg-info/PKG-INFO
writing dependency_links to ../../build/robot_control/robot_control.egg-info/dependency_links.txt
writing entry points to ../../build/robot_control/robot_control.egg-info/entry_points.txt
writing requirements to ../../build/robot_control/robot_control.egg-info/requires.txt
writing top-level names to ../../build/robot_control/robot_control.egg-info/top_level.txt
writing manifest file '../../build/robot_control/robot_control.egg-info/SOURCES.txt'
reading manifest file '../../build/robot_control/robot_control.egg-info/SOURCES.txt'
writing manifest file '../../build/robot_control/robot_control.egg-info/SOURCES.txt'
running build
running build_py
creating /home/nvidia/ros2_ws/build/robot_control/build
creating /home/nvidia/ros2_ws/build/robot_control/build/lib
creating /home/nvidia/ros2_ws/build/robot_control/build/lib/robot_control
copying robot_control/robot_controller_former.py -> /home/nvidia/ros2_ws/build/robot_control/build/lib/robot_control
copying robot_control/robot_controller.py -> /home/nvidia/ros2_ws/build/robot_control/build/lib/robot_control
copying robot_control/serial_controller.py -> /home/nvidia/ros2_ws/build/robot_control/build/lib/robot_control
copying robot_control/__init__.py -> /home/nvidia/ros2_ws/build/robot_control/build/lib/robot_control
running install
running install_lib
creating /home/nvidia/ros2_ws/install/robot_control/lib/python3.10/site-packages/robot_control
copying /home/nvidia/ros2_ws/build/robot_control/build/lib/robot_control/robot_controller_former.py -> /home/nvidia/ros2_ws/install/robot_control/lib/python3.10/site-packages/robot_control
copying /home/nvidia/ros2_ws/build/robot_control/build/lib/robot_control/robot_controller.py -> /home/nvidia/ros2_ws/install/robot_control/lib/python3.10/site-packages/robot_control
copying /home/nvidia/ros2_ws/build/robot_control/build/lib/robot_control/serial_controller.py -> /home/nvidia/ros2_ws/install/robot_control/lib/python3.10/site-packages/robot_control
copying /home/nvidia/ros2_ws/build/robot_control/build/lib/robot_control/__init__.py -> /home/nvidia/ros2_ws/install/robot_control/lib/python3.10/site-packages/robot_control
byte-compiling /home/nvidia/ros2_ws/install/robot_control/lib/python3.10/site-packages/robot_control/robot_controller_former.py to robot_controller_former.cpython-310.pyc
byte-compiling /home/nvidia/ros2_ws/install/robot_control/lib/python3.10/site-packages/robot_control/robot_controller.py to robot_controller.cpython-310.pyc
byte-compiling /home/nvidia/ros2_ws/install/robot_control/lib/python3.10/site-packages/robot_control/serial_controller.py to serial_controller.cpython-310.pyc
byte-compiling /home/nvidia/ros2_ws/install/robot_control/lib/python3.10/site-packages/robot_control/__init__.py to __init__.cpython-310.pyc
running install_data
creating /home/nvidia/ros2_ws/install/robot_control/share/ament_index
creating /home/nvidia/ros2_ws/install/robot_control/share/ament_index/resource_index
creating /home/nvidia/ros2_ws/install/robot_control/share/ament_index/resource_index/packages
copying resource/robot_control -> /home/nvidia/ros2_ws/install/robot_control/share/ament_index/resource_index/packages
copying package.xml -> /home/nvidia/ros2_ws/install/robot_control/share/robot_control
creating /home/nvidia/ros2_ws/install/robot_control/share/robot_control/launch
copying launch/serial_control.launch.py -> /home/nvidia/ros2_ws/install/robot_control/share/robot_control/launch
copying launch/robot.launch.py -> /home/nvidia/ros2_ws/install/robot_control/share/robot_control/launch
creating /home/nvidia/ros2_ws/install/robot_control/lib/robot_control
running install_egg_info
Copying ../../build/robot_control/robot_control.egg-info to /home/nvidia/ros2_ws/install/robot_control/lib/python3.10/site-packages/robot_control-0.0.1-py3.10.egg-info
running install_scripts
Installing robot_controller script to /home/nvidia/ros2_ws/install/robot_control/bin
Installing serial_controller script to /home/nvidia/ros2_ws/install/robot_control/bin
writing list of installed files to '/home/nvidia/ros2_ws/build/robot_control/install.log'
