[1.047s] Invoking command in '/home/nvidia/ros2_ws/src/robot_control': PYTHONPATH=/home/nvidia/ros2_ws/build/robot_control/prefix_override:/usr/lib/python3/dist-packages/colcon_core/task/python/colcon_distutils_commands:/home/nvidia/ros2_ws/install/robot_control/lib/python3.10/site-packages:${PYTHONPATH} /usr/bin/python3 -W ignore:setup.py install is deprecated -W ignore:easy_install command is deprecated setup.py egg_info --egg-base ../../build/robot_control build --build-base /home/nvidia/ros2_ws/build/robot_control/build install --record /home/nvidia/ros2_ws/build/robot_control/install.log --single-version-externally-managed install_data
[1.435s] running egg_info
[1.436s] creating ../../build/robot_control/robot_control.egg-info
[1.436s] writing ../../build/robot_control/robot_control.egg-info/PKG-INFO
[1.437s] writing dependency_links to ../../build/robot_control/robot_control.egg-info/dependency_links.txt
[1.437s] writing entry points to ../../build/robot_control/robot_control.egg-info/entry_points.txt
[1.437s] writing requirements to ../../build/robot_control/robot_control.egg-info/requires.txt
[1.437s] writing top-level names to ../../build/robot_control/robot_control.egg-info/top_level.txt
[1.438s] writing manifest file '../../build/robot_control/robot_control.egg-info/SOURCES.txt'
[1.440s] reading manifest file '../../build/robot_control/robot_control.egg-info/SOURCES.txt'
[1.441s] writing manifest file '../../build/robot_control/robot_control.egg-info/SOURCES.txt'
[1.441s] running build
[1.442s] running build_py
[1.442s] creating /home/nvidia/ros2_ws/build/robot_control/build
[1.442s] creating /home/nvidia/ros2_ws/build/robot_control/build/lib
[1.442s] creating /home/nvidia/ros2_ws/build/robot_control/build/lib/robot_control
[1.443s] copying robot_control/robot_controller_former.py -> /home/nvidia/ros2_ws/build/robot_control/build/lib/robot_control
[1.443s] copying robot_control/robot_controller.py -> /home/nvidia/ros2_ws/build/robot_control/build/lib/robot_control
[1.443s] copying robot_control/serial_controller.py -> /home/nvidia/ros2_ws/build/robot_control/build/lib/robot_control
[1.443s] copying robot_control/__init__.py -> /home/nvidia/ros2_ws/build/robot_control/build/lib/robot_control
[1.444s] running install
[1.444s] running install_lib
[1.444s] creating /home/nvidia/ros2_ws/install/robot_control/lib/python3.10/site-packages/robot_control
[1.445s] copying /home/nvidia/ros2_ws/build/robot_control/build/lib/robot_control/robot_controller_former.py -> /home/nvidia/ros2_ws/install/robot_control/lib/python3.10/site-packages/robot_control
[1.445s] copying /home/nvidia/ros2_ws/build/robot_control/build/lib/robot_control/robot_controller.py -> /home/nvidia/ros2_ws/install/robot_control/lib/python3.10/site-packages/robot_control
[1.445s] copying /home/nvidia/ros2_ws/build/robot_control/build/lib/robot_control/serial_controller.py -> /home/nvidia/ros2_ws/install/robot_control/lib/python3.10/site-packages/robot_control
[1.446s] copying /home/nvidia/ros2_ws/build/robot_control/build/lib/robot_control/__init__.py -> /home/nvidia/ros2_ws/install/robot_control/lib/python3.10/site-packages/robot_control
[1.448s] byte-compiling /home/nvidia/ros2_ws/install/robot_control/lib/python3.10/site-packages/robot_control/robot_controller_former.py to robot_controller_former.cpython-310.pyc
[1.450s] byte-compiling /home/nvidia/ros2_ws/install/robot_control/lib/python3.10/site-packages/robot_control/robot_controller.py to robot_controller.cpython-310.pyc
[1.452s] byte-compiling /home/nvidia/ros2_ws/install/robot_control/lib/python3.10/site-packages/robot_control/serial_controller.py to serial_controller.cpython-310.pyc
[1.453s] byte-compiling /home/nvidia/ros2_ws/install/robot_control/lib/python3.10/site-packages/robot_control/__init__.py to __init__.cpython-310.pyc
[1.453s] running install_data
[1.453s] creating /home/nvidia/ros2_ws/install/robot_control/share/ament_index
[1.454s] creating /home/nvidia/ros2_ws/install/robot_control/share/ament_index/resource_index
[1.454s] creating /home/nvidia/ros2_ws/install/robot_control/share/ament_index/resource_index/packages
[1.454s] copying resource/robot_control -> /home/nvidia/ros2_ws/install/robot_control/share/ament_index/resource_index/packages
[1.455s] copying package.xml -> /home/nvidia/ros2_ws/install/robot_control/share/robot_control
[1.455s] creating /home/nvidia/ros2_ws/install/robot_control/share/robot_control/launch
[1.455s] copying launch/serial_control.launch.py -> /home/nvidia/ros2_ws/install/robot_control/share/robot_control/launch
[1.455s] copying launch/robot.launch.py -> /home/nvidia/ros2_ws/install/robot_control/share/robot_control/launch
[1.455s] creating /home/nvidia/ros2_ws/install/robot_control/lib/robot_control
[1.456s] running install_egg_info
[1.457s] Copying ../../build/robot_control/robot_control.egg-info to /home/nvidia/ros2_ws/install/robot_control/lib/python3.10/site-packages/robot_control-0.0.1-py3.10.egg-info
[1.459s] running install_scripts
[1.491s] Installing robot_controller script to /home/nvidia/ros2_ws/install/robot_control/bin
[1.492s] Installing serial_controller script to /home/nvidia/ros2_ws/install/robot_control/bin
[1.493s] writing list of installed files to '/home/nvidia/ros2_ws/build/robot_control/install.log'
[1.557s] Invoked command in '/home/nvidia/ros2_ws/src/robot_control' returned '0': PYTHONPATH=/home/nvidia/ros2_ws/build/robot_control/prefix_override:/usr/lib/python3/dist-packages/colcon_core/task/python/colcon_distutils_commands:/home/nvidia/ros2_ws/install/robot_control/lib/python3.10/site-packages:${PYTHONPATH} /usr/bin/python3 -W ignore:setup.py install is deprecated -W ignore:easy_install command is deprecated setup.py egg_info --egg-base ../../build/robot_control build --build-base /home/nvidia/ros2_ws/build/robot_control/build install --record /home/nvidia/ros2_ws/build/robot_control/install.log --single-version-externally-managed install_data
