[0.021s] Invoking command in '/home/nvidia/fishbot_ws/src/fishbot_bringup/build/fishbot_bringup': CMAKE_PREFIX_PATH=${CMAKE_PREFIX_PATH}:/opt/ros/humble /usr/bin/cmake --build /home/nvidia/fishbot_ws/src/fishbot_bringup/build/fishbot_bringup -- -j8 -l8
[0.037s] gmake: Warning: File 'Makefile' has modification time 245751 s in the future
[0.077s] gmake[1]: Warning: File 'CMakeFiles/Makefile2' has modification time 245751 s in the future
[0.082s] gmake[2]: Warning: File 'CMakeFiles/fishbot_bringup.dir/flags.make' has modification time 244868 s in the future
[0.100s] gmake[2]: warning:  Clock skew detected.  Your build may be incomplete.
[0.107s] gmake[2]: Warning: File 'CMakeFiles/fishbot_bringup.dir/flags.make' has modification time 244868 s in the future
[0.110s] gmake[2]: warning:  Clock skew detected.  Your build may be incomplete.
[0.125s] [100%] Built target fishbot_bringup
[0.127s] gmake[1]: warning:  Clock skew detected.  Your build may be incomplete.
[0.144s] gmake: warning:  Clock skew detected.  Your build may be incomplete.
[0.151s] Invoked command in '/home/nvidia/fishbot_ws/src/fishbot_bringup/build/fishbot_bringup' returned '0': CMAKE_PREFIX_PATH=${CMAKE_PREFIX_PATH}:/opt/ros/humble /usr/bin/cmake --build /home/nvidia/fishbot_ws/src/fishbot_bringup/build/fishbot_bringup -- -j8 -l8
[0.177s] Invoking command in '/home/nvidia/fishbot_ws/src/fishbot_bringup/build/fishbot_bringup': CMAKE_PREFIX_PATH=${CMAKE_PREFIX_PATH}:/opt/ros/humble /usr/bin/cmake --install /home/nvidia/fishbot_ws/src/fishbot_bringup/build/fishbot_bringup
[0.189s] -- Install configuration: ""
[0.190s] -- Up-to-date: /home/nvidia/fishbot_ws/src/fishbot_bringup/install/fishbot_bringup/lib/fishbot_bringup/fishbot_bringup
[0.190s] -- Up-to-date: /home/nvidia/fishbot_ws/src/fishbot_bringup/install/fishbot_bringup/share/fishbot_bringup/launch
[0.190s] -- Up-to-date: /home/nvidia/fishbot_ws/src/fishbot_bringup/install/fishbot_bringup/share/fishbot_bringup/launch/fishbot_bringup.launch.py
[0.191s] -- Up-to-date: /home/nvidia/fishbot_ws/src/fishbot_bringup/install/fishbot_bringup/share/ament_index/resource_index/package_run_dependencies/fishbot_bringup
[0.191s] -- Up-to-date: /home/nvidia/fishbot_ws/src/fishbot_bringup/install/fishbot_bringup/share/ament_index/resource_index/parent_prefix_path/fishbot_bringup
[0.191s] -- Up-to-date: /home/nvidia/fishbot_ws/src/fishbot_bringup/install/fishbot_bringup/share/fishbot_bringup/environment/ament_prefix_path.sh
[0.191s] -- Up-to-date: /home/nvidia/fishbot_ws/src/fishbot_bringup/install/fishbot_bringup/share/fishbot_bringup/environment/ament_prefix_path.dsv
[0.192s] -- Up-to-date: /home/nvidia/fishbot_ws/src/fishbot_bringup/install/fishbot_bringup/share/fishbot_bringup/environment/path.sh
[0.192s] -- Up-to-date: /home/nvidia/fishbot_ws/src/fishbot_bringup/install/fishbot_bringup/share/fishbot_bringup/environment/path.dsv
[0.192s] -- Up-to-date: /home/nvidia/fishbot_ws/src/fishbot_bringup/install/fishbot_bringup/share/fishbot_bringup/local_setup.bash
[0.192s] -- Up-to-date: /home/nvidia/fishbot_ws/src/fishbot_bringup/install/fishbot_bringup/share/fishbot_bringup/local_setup.sh
[0.192s] -- Up-to-date: /home/nvidia/fishbot_ws/src/fishbot_bringup/install/fishbot_bringup/share/fishbot_bringup/local_setup.zsh
[0.192s] -- Up-to-date: /home/nvidia/fishbot_ws/src/fishbot_bringup/install/fishbot_bringup/share/fishbot_bringup/local_setup.dsv
[0.192s] -- Installing: /home/nvidia/fishbot_ws/src/fishbot_bringup/install/fishbot_bringup/share/fishbot_bringup/package.dsv
[0.197s] -- Up-to-date: /home/nvidia/fishbot_ws/src/fishbot_bringup/install/fishbot_bringup/share/ament_index/resource_index/packages/fishbot_bringup
[0.198s] -- Up-to-date: /home/nvidia/fishbot_ws/src/fishbot_bringup/install/fishbot_bringup/share/fishbot_bringup/cmake/fishbot_bringupConfig.cmake
[0.198s] -- Up-to-date: /home/nvidia/fishbot_ws/src/fishbot_bringup/install/fishbot_bringup/share/fishbot_bringup/cmake/fishbot_bringupConfig-version.cmake
[0.198s] -- Up-to-date: /home/nvidia/fishbot_ws/src/fishbot_bringup/install/fishbot_bringup/share/fishbot_bringup/package.xml
[0.203s] Invoked command in '/home/nvidia/fishbot_ws/src/fishbot_bringup/build/fishbot_bringup' returned '0': CMAKE_PREFIX_PATH=${CMAKE_PREFIX_PATH}:/opt/ros/humble /usr/bin/cmake --install /home/nvidia/fishbot_ws/src/fishbot_bringup/build/fishbot_bringup
