[0.031s] Invoking command in '/home/nvidia/2d_slam/build/lslidar_driver': CMAKE_PREFIX_PATH=/home/nvidia/2d_slam/install/lslidar_msgs:/home/nvidia/2d_slam/install/lslidar_driver:/home/nvidia/2d_slam/install/fishbot_cartographer:/usr/share/gazebo-11/cmake:/usr/share/gazebo/cmake:/opt/ros/humble /usr/bin/cmake --build /home/nvidia/2d_slam/build/lslidar_driver -- -j8 -l8
[0.050s] gmake: Warning: File 'Makefile' has modification time 230388 s in the future
[0.112s] gmake[1]: Warning: File 'CMakeFiles/Makefile2' has modification time 230388 s in the future
[0.131s] gmake[2]: Warning: File 'CMakeFiles/lslidar_driver_node.dir/flags.make' has modification time 230388 s in the future
[0.149s] gmake[2]: warning:  Clock skew detected.  Your build may be incomplete.
[0.168s] gmake[2]: Warning: File 'CMakeFiles/lslidar_driver_node.dir/flags.make' has modification time 230388 s in the future
[0.242s] gmake[2]: warning:  Clock skew detected.  Your build may be incomplete.
[0.255s] [100%] Built target lslidar_driver_node
[0.257s] gmake[1]: warning:  Clock skew detected.  Your build may be incomplete.
[0.275s] gmake: warning:  Clock skew detected.  Your build may be incomplete.
[0.281s] Invoked command in '/home/nvidia/2d_slam/build/lslidar_driver' returned '0': CMAKE_PREFIX_PATH=/home/nvidia/2d_slam/install/lslidar_msgs:/home/nvidia/2d_slam/install/lslidar_driver:/home/nvidia/2d_slam/install/fishbot_cartographer:/usr/share/gazebo-11/cmake:/usr/share/gazebo/cmake:/opt/ros/humble /usr/bin/cmake --build /home/nvidia/2d_slam/build/lslidar_driver -- -j8 -l8
[0.287s] Invoking command in '/home/nvidia/2d_slam/build/lslidar_driver': CMAKE_PREFIX_PATH=/home/nvidia/2d_slam/install/lslidar_msgs:/home/nvidia/2d_slam/install/lslidar_driver:/home/nvidia/2d_slam/install/fishbot_cartographer:/usr/share/gazebo-11/cmake:/usr/share/gazebo/cmake:/opt/ros/humble /usr/bin/cmake --install /home/nvidia/2d_slam/build/lslidar_driver
[0.302s] -- Install configuration: ""
[0.302s] -- Up-to-date: /home/nvidia/2d_slam/install/lslidar_driver/share/lslidar_driver/launch
[0.303s] -- Up-to-date: /home/nvidia/2d_slam/install/lslidar_driver/share/lslidar_driver/launch/viewer_scan_launch.py
[0.303s] -- Up-to-date: /home/nvidia/2d_slam/install/lslidar_driver/share/lslidar_driver/launch/lsn10_net_launch.py
[0.303s] -- Up-to-date: /home/nvidia/2d_slam/install/lslidar_driver/share/lslidar_driver/launch/lsn10p_launch.py
[0.303s] -- Up-to-date: /home/nvidia/2d_slam/install/lslidar_driver/share/lslidar_driver/launch/lsn10_launch.py
[0.303s] -- Up-to-date: /home/nvidia/2d_slam/install/lslidar_driver/share/lslidar_driver/launch/lsm10_net_launch.py
[0.303s] -- Up-to-date: /home/nvidia/2d_slam/install/lslidar_driver/share/lslidar_driver/launch/lsm10_uart_launch.py
[0.303s] -- Up-to-date: /home/nvidia/2d_slam/install/lslidar_driver/share/lslidar_driver/launch/lsm10p_net_launch.py
[0.304s] -- Up-to-date: /home/nvidia/2d_slam/install/lslidar_driver/share/lslidar_driver/launch/lslidar_double_launch.py
[0.304s] -- Up-to-date: /home/nvidia/2d_slam/install/lslidar_driver/share/lslidar_driver/launch/lsm10p_uart_launch.py
[0.304s] -- Up-to-date: /home/nvidia/2d_slam/install/lslidar_driver/share/lslidar_driver/launch/lsn10p_net_launch.py
[0.304s] -- Up-to-date: /home/nvidia/2d_slam/install/lslidar_driver/share/lslidar_driver/params
[0.304s] -- Up-to-date: /home/nvidia/2d_slam/install/lslidar_driver/share/lslidar_driver/params/lidar_net_ros2
[0.304s] -- Up-to-date: /home/nvidia/2d_slam/install/lslidar_driver/share/lslidar_driver/params/lidar_net_ros2/lsn10p_net.yaml
[0.304s] -- Up-to-date: /home/nvidia/2d_slam/install/lslidar_driver/share/lslidar_driver/params/lidar_net_ros2/lsn10_net.yaml
[0.305s] -- Up-to-date: /home/nvidia/2d_slam/install/lslidar_driver/share/lslidar_driver/params/lidar_net_ros2/lsm10p_net.yaml
[0.305s] -- Up-to-date: /home/nvidia/2d_slam/install/lslidar_driver/share/lslidar_driver/params/lidar_net_ros2/lsm10_net.yaml
[0.305s] -- Up-to-date: /home/nvidia/2d_slam/install/lslidar_driver/share/lslidar_driver/params/lidar_uart_ros2
[0.305s] -- Up-to-date: /home/nvidia/2d_slam/install/lslidar_driver/share/lslidar_driver/params/lidar_uart_ros2/lsn10p.yaml
[0.305s] -- Up-to-date: /home/nvidia/2d_slam/install/lslidar_driver/share/lslidar_driver/params/lidar_uart_ros2/lsm10.yaml
[0.305s] -- Up-to-date: /home/nvidia/2d_slam/install/lslidar_driver/share/lslidar_driver/params/lidar_uart_ros2/lsm10_p.yaml
[0.306s] -- Installing: /home/nvidia/2d_slam/install/lslidar_driver/share/lslidar_driver/params/lidar_uart_ros2/lsn10.yaml
[0.306s] -- Up-to-date: /home/nvidia/2d_slam/install/lslidar_driver/share/lslidar_driver/rviz
[0.306s] -- Up-to-date: /home/nvidia/2d_slam/install/lslidar_driver/share/lslidar_driver/rviz/lslidar.rviz
[0.306s] -- Up-to-date: /home/nvidia/2d_slam/install/lslidar_driver/lib/lslidar_driver/lslidar_driver_node
[0.306s] -- Up-to-date: /home/nvidia/2d_slam/install/lslidar_driver/share/ament_index/resource_index/package_run_dependencies/lslidar_driver
[0.306s] -- Up-to-date: /home/nvidia/2d_slam/install/lslidar_driver/share/ament_index/resource_index/parent_prefix_path/lslidar_driver
[0.306s] -- Up-to-date: /home/nvidia/2d_slam/install/lslidar_driver/share/lslidar_driver/environment/ament_prefix_path.sh
[0.307s] -- Up-to-date: /home/nvidia/2d_slam/install/lslidar_driver/share/lslidar_driver/environment/ament_prefix_path.dsv
[0.307s] -- Up-to-date: /home/nvidia/2d_slam/install/lslidar_driver/share/lslidar_driver/environment/path.sh
[0.307s] -- Up-to-date: /home/nvidia/2d_slam/install/lslidar_driver/share/lslidar_driver/environment/path.dsv
[0.307s] -- Up-to-date: /home/nvidia/2d_slam/install/lslidar_driver/share/lslidar_driver/local_setup.bash
[0.307s] -- Up-to-date: /home/nvidia/2d_slam/install/lslidar_driver/share/lslidar_driver/local_setup.sh
[0.307s] -- Up-to-date: /home/nvidia/2d_slam/install/lslidar_driver/share/lslidar_driver/local_setup.zsh
[0.307s] -- Up-to-date: /home/nvidia/2d_slam/install/lslidar_driver/share/lslidar_driver/local_setup.dsv
[0.307s] -- Installing: /home/nvidia/2d_slam/install/lslidar_driver/share/lslidar_driver/package.dsv
[0.308s] -- Up-to-date: /home/nvidia/2d_slam/install/lslidar_driver/share/ament_index/resource_index/packages/lslidar_driver
[0.308s] -- Up-to-date: /home/nvidia/2d_slam/install/lslidar_driver/share/lslidar_driver/cmake/ament_cmake_export_dependencies-extras.cmake
[0.308s] -- Up-to-date: /home/nvidia/2d_slam/install/lslidar_driver/share/lslidar_driver/cmake/ament_cmake_export_include_directories-extras.cmake
[0.308s] -- Up-to-date: /home/nvidia/2d_slam/install/lslidar_driver/share/lslidar_driver/cmake/lslidar_driverConfig.cmake
[0.308s] -- Up-to-date: /home/nvidia/2d_slam/install/lslidar_driver/share/lslidar_driver/cmake/lslidar_driverConfig-version.cmake
[0.308s] -- Up-to-date: /home/nvidia/2d_slam/install/lslidar_driver/share/lslidar_driver/package.xml
[0.312s] Invoked command in '/home/nvidia/2d_slam/build/lslidar_driver' returned '0': CMAKE_PREFIX_PATH=/home/nvidia/2d_slam/install/lslidar_msgs:/home/nvidia/2d_slam/install/lslidar_driver:/home/nvidia/2d_slam/install/fishbot_cartographer:/usr/share/gazebo-11/cmake:/usr/share/gazebo/cmake:/opt/ros/humble /usr/bin/cmake --install /home/nvidia/2d_slam/build/lslidar_driver
