[0.521s] Invoking command in '/home/nvidia/fishbot_ws/src/build/fishbot_navigation2': CMAKE_PREFIX_PATH=/opt/ros/humble /usr/bin/cmake /home/nvidia/fishbot_ws/src/fishbot_navigation2 -DCMAKE_INSTALL_PREFIX=/home/nvidia/fishbot_ws/src/install/fishbot_navigation2
[0.629s] -- The C compiler identification is GNU 11.4.0
[0.716s] -- The CXX compiler identification is GNU 11.4.0
[0.727s] -- Detecting C compiler ABI info
[0.856s] -- Detecting C compiler ABI info - done
[0.867s] -- Check for working C compiler: /usr/bin/cc - skipped
[0.867s] -- Detecting C compile features
[0.868s] -- Detecting C compile features - done
[0.873s] -- Detecting CXX compiler ABI info
[1.045s] -- Detecting CXX compiler ABI info - done
[1.055s] -- Check for working CXX compiler: /usr/bin/c++ - skipped
[1.056s] -- Detecting CXX compile features
[1.056s] -- Detecting CXX compile features - done
[1.062s] -- Found ament_cmake: 1.3.11 (/opt/ros/humble/share/ament_cmake/cmake)
[1.342s] -- Found Python3: /usr/bin/python3 (found version "3.10.12") found components: Interpreter 
[1.495s] -- Found nav2_bringup: 1.1.18 (/opt/ros/humble/share/nav2_bringup/cmake)
[1.498s] -- Found ament_lint_auto: 0.12.11 (/opt/ros/humble/share/ament_lint_auto/cmake)
[1.629s] -- Added test 'flake8' to check Python code syntax and style conventions
[1.630s] -- Added test 'lint_cmake' to check CMake code style
[1.631s] -- Added test 'pep257' to check Python code against some of the docstring style conventions in PEP 257
[1.633s] -- Added test 'xmllint' to check XML markup files
[1.636s] -- Configuring done
[1.644s] -- Generating done
[1.647s] -- Build files have been written to: /home/nvidia/fishbot_ws/src/build/fishbot_navigation2
[1.658s] Invoked command in '/home/nvidia/fishbot_ws/src/build/fishbot_navigation2' returned '0': CMAKE_PREFIX_PATH=/opt/ros/humble /usr/bin/cmake /home/nvidia/fishbot_ws/src/fishbot_navigation2 -DCMAKE_INSTALL_PREFIX=/home/nvidia/fishbot_ws/src/install/fishbot_navigation2
[1.661s] Invoking command in '/home/nvidia/fishbot_ws/src/build/fishbot_navigation2': CMAKE_PREFIX_PATH=/opt/ros/humble /usr/bin/cmake --build /home/nvidia/fishbot_ws/src/build/fishbot_navigation2 -- -j8 -l8
[1.735s] Invoked command in '/home/nvidia/fishbot_ws/src/build/fishbot_navigation2' returned '0': CMAKE_PREFIX_PATH=/opt/ros/humble /usr/bin/cmake --build /home/nvidia/fishbot_ws/src/build/fishbot_navigation2 -- -j8 -l8
[1.738s] Invoking command in '/home/nvidia/fishbot_ws/src/build/fishbot_navigation2': CMAKE_PREFIX_PATH=/opt/ros/humble /usr/bin/cmake --install /home/nvidia/fishbot_ws/src/build/fishbot_navigation2
[1.749s] -- Install configuration: ""
[1.749s] -- Installing: /home/nvidia/fishbot_ws/src/install/fishbot_navigation2/share/fishbot_navigation2/launch
[1.750s] -- Installing: /home/nvidia/fishbot_ws/src/install/fishbot_navigation2/share/fishbot_navigation2/launch/navigation2.launch.py
[1.750s] -- Installing: /home/nvidia/fishbot_ws/src/install/fishbot_navigation2/share/fishbot_navigation2/param
[1.750s] -- Installing: /home/nvidia/fishbot_ws/src/install/fishbot_navigation2/share/fishbot_navigation2/param/fishbot_nav2.yaml
[1.750s] -- Installing: /home/nvidia/fishbot_ws/src/install/fishbot_navigation2/share/fishbot_navigation2/maps
[1.750s] -- Installing: /home/nvidia/fishbot_ws/src/install/fishbot_navigation2/share/fishbot_navigation2/maps/fishbot_map.pgm
[1.758s] -- Installing: /home/nvidia/fishbot_ws/src/install/fishbot_navigation2/share/fishbot_navigation2/maps/fishbot_map.yaml
[1.758s] -- Installing: /home/nvidia/fishbot_ws/src/install/fishbot_navigation2/share/ament_index/resource_index/package_run_dependencies/fishbot_navigation2
[1.758s] -- Installing: /home/nvidia/fishbot_ws/src/install/fishbot_navigation2/share/ament_index/resource_index/parent_prefix_path/fishbot_navigation2
[1.759s] -- Installing: /home/nvidia/fishbot_ws/src/install/fishbot_navigation2/share/fishbot_navigation2/environment/ament_prefix_path.sh
[1.759s] -- Installing: /home/nvidia/fishbot_ws/src/install/fishbot_navigation2/share/fishbot_navigation2/environment/ament_prefix_path.dsv
[1.759s] -- Installing: /home/nvidia/fishbot_ws/src/install/fishbot_navigation2/share/fishbot_navigation2/environment/path.sh
[1.759s] -- Installing: /home/nvidia/fishbot_ws/src/install/fishbot_navigation2/share/fishbot_navigation2/environment/path.dsv
[1.760s] -- Installing: /home/nvidia/fishbot_ws/src/install/fishbot_navigation2/share/fishbot_navigation2/local_setup.bash
[1.760s] -- Installing: /home/nvidia/fishbot_ws/src/install/fishbot_navigation2/share/fishbot_navigation2/local_setup.sh
[1.760s] -- Installing: /home/nvidia/fishbot_ws/src/install/fishbot_navigation2/share/fishbot_navigation2/local_setup.zsh
[1.760s] -- Installing: /home/nvidia/fishbot_ws/src/install/fishbot_navigation2/share/fishbot_navigation2/local_setup.dsv
[1.760s] -- Installing: /home/nvidia/fishbot_ws/src/install/fishbot_navigation2/share/fishbot_navigation2/package.dsv
[1.760s] -- Installing: /home/nvidia/fishbot_ws/src/install/fishbot_navigation2/share/ament_index/resource_index/packages/fishbot_navigation2
[1.761s] -- Installing: /home/nvidia/fishbot_ws/src/install/fishbot_navigation2/share/fishbot_navigation2/cmake/fishbot_navigation2Config.cmake
[1.761s] -- Installing: /home/nvidia/fishbot_ws/src/install/fishbot_navigation2/share/fishbot_navigation2/cmake/fishbot_navigation2Config-version.cmake
[1.761s] -- Installing: /home/nvidia/fishbot_ws/src/install/fishbot_navigation2/share/fishbot_navigation2/package.xml
[1.767s] Invoked command in '/home/nvidia/fishbot_ws/src/build/fishbot_navigation2' returned '0': CMAKE_PREFIX_PATH=/opt/ros/humble /usr/bin/cmake --install /home/nvidia/fishbot_ws/src/build/fishbot_navigation2
