[1.107s] Invoking command in '/home/nvidia/ros2_ws/src/robot_control': PYTHONPATH=/home/nvidia/ros2_ws/build/robot_control/prefix_override:/usr/lib/python3/dist-packages/colcon_core/task/python/colcon_distutils_commands:/home/nvidia/ros2_ws/install/robot_control/lib/python3.10/site-packages:${PYTHONPATH} /usr/bin/python3 -W ignore:setup.py install is deprecated -W ignore:easy_install command is deprecated setup.py egg_info --egg-base ../../build/robot_control build --build-base /home/nvidia/ros2_ws/build/robot_control/build install --record /home/nvidia/ros2_ws/build/robot_control/install.log --single-version-externally-managed install_data
[1.521s] running egg_info
[1.522s] writing ../../build/robot_control/robot_control.egg-info/PKG-INFO
[1.522s] writing dependency_links to ../../build/robot_control/robot_control.egg-info/dependency_links.txt
[1.523s] writing entry points to ../../build/robot_control/robot_control.egg-info/entry_points.txt
[1.523s] writing requirements to ../../build/robot_control/robot_control.egg-info/requires.txt
[1.523s] writing top-level names to ../../build/robot_control/robot_control.egg-info/top_level.txt
[1.526s] reading manifest file '../../build/robot_control/robot_control.egg-info/SOURCES.txt'
[1.527s] writing manifest file '../../build/robot_control/robot_control.egg-info/SOURCES.txt'
[1.528s] running build
[1.528s] running build_py
[1.528s] copying robot_control/serial_controller.py -> /home/nvidia/ros2_ws/build/robot_control/build/lib/robot_control
[1.529s] running install
[1.529s] running install_lib
[1.530s] copying /home/nvidia/ros2_ws/build/robot_control/build/lib/robot_control/serial_controller.py -> /home/nvidia/ros2_ws/install/robot_control/lib/python3.10/site-packages/robot_control
[1.534s] byte-compiling /home/nvidia/ros2_ws/install/robot_control/lib/python3.10/site-packages/robot_control/serial_controller.py to serial_controller.cpython-310.pyc
[1.536s] running install_data
[1.536s] running install_egg_info
[1.539s] removing '/home/nvidia/ros2_ws/install/robot_control/lib/python3.10/site-packages/robot_control-0.0.1-py3.10.egg-info' (and everything under it)
[1.540s] Copying ../../build/robot_control/robot_control.egg-info to /home/nvidia/ros2_ws/install/robot_control/lib/python3.10/site-packages/robot_control-0.0.1-py3.10.egg-info
[1.541s] running install_scripts
[1.578s] Installing robot_controller script to /home/nvidia/ros2_ws/install/robot_control/bin
[1.578s] Installing serial_controller script to /home/nvidia/ros2_ws/install/robot_control/bin
[1.579s] writing list of installed files to '/home/nvidia/ros2_ws/build/robot_control/install.log'
[1.649s] Invoked command in '/home/nvidia/ros2_ws/src/robot_control' returned '0': PYTHONPATH=/home/nvidia/ros2_ws/build/robot_control/prefix_override:/usr/lib/python3/dist-packages/colcon_core/task/python/colcon_distutils_commands:/home/nvidia/ros2_ws/install/robot_control/lib/python3.10/site-packages:${PYTHONPATH} /usr/bin/python3 -W ignore:setup.py install is deprecated -W ignore:easy_install command is deprecated setup.py egg_info --egg-base ../../build/robot_control build --build-base /home/nvidia/ros2_ws/build/robot_control/build install --record /home/nvidia/ros2_ws/build/robot_control/install.log --single-version-externally-managed install_data
