[0.029s] Invoking command in '/home/nvidia/2d_slam/src/LSLIDAR_X_ROS2-20240228/build/lslidar_driver': CMAKE_PREFIX_PATH=/home/nvidia/2d_slam/src/LSLIDAR_X_ROS2-20240228/install/lslidar_msgs:/home/nvidia/2d_slam/src/LSLIDAR_X_ROS2-20240228/install/lslidar_driver:/usr/share/gazebo-11/cmake:/usr/share/gazebo/cmake:/opt/ros/humble /usr/bin/cmake --build /home/nvidia/2d_slam/src/LSLIDAR_X_ROS2-20240228/build/lslidar_driver -- -j8 -l8
[0.078s] -- Found ament_cmake: 1.3.11 (/opt/ros/humble/share/ament_cmake/cmake)
[0.331s] -- Found rclcpp: 16.0.11 (/opt/ros/humble/share/rclcpp/cmake)
[0.401s] -- Found rosidl_generator_c: 3.1.6 (/opt/ros/humble/share/rosidl_generator_c/cmake)
[0.404s] -- Found rosidl_adapter: 3.1.6 (/opt/ros/humble/share/rosidl_adapter/cmake)
[0.413s] -- Found rosidl_generator_cpp: 3.1.6 (/opt/ros/humble/share/rosidl_generator_cpp/cmake)
[0.429s] -- Using all available rosidl_typesupport_c: rosidl_typesupport_fastrtps_c;rosidl_typesupport_introspection_c
[0.448s] -- Using all available rosidl_typesupport_cpp: rosidl_typesupport_fastrtps_cpp;rosidl_typesupport_introspection_cpp
[0.495s] -- Found rmw_implementation_cmake: 6.1.2 (/opt/ros/humble/share/rmw_implementation_cmake/cmake)
[0.497s] -- Found rmw_fastrtps_cpp: 6.2.7 (/opt/ros/humble/share/rmw_fastrtps_cpp/cmake)
[0.675s] -- Using RMW implementation 'rmw_fastrtps_cpp' as default
[0.770s] -- Eigen found (include: /usr/include/eigen3, version: 3.4.0)
[0.780s] -- Found Boost: /usr/lib/aarch64-linux-gnu/cmake/Boost-1.74.0/BoostConfig.cmake (found suitable version "1.74.0", minimum required is "1.65.0") found components: system filesystem date_time iostreams serialization 
[0.818s] -- FLANN found (include: /usr/include, lib: /usr/lib/aarch64-linux-gnu/libflann_cpp.so)
[1.296s] -- OpenNI found (version: 1.5.4.0, include: /usr/include/ni, lib: /usr/lib/libOpenNI.so;libusb::libusb)
[1.306s] -- OpenNI2 found (version: 2.2.0.33, include: /usr/include/openni2, lib: /usr/lib/aarch64-linux-gnu/libOpenNI2.so;libusb::libusb)
[1.546s] -- Eigen found (include: /usr/include/eigen3, version: 3.4.0)
[1.559s] -- OpenNI found (version: 1.5.4.0, include: /usr/include/ni, lib: /usr/lib/libOpenNI.so;libusb::libusb)
[1.573s] -- OpenNI2 found (version: 2.2.0.33, include: /usr/include/openni2, lib: /usr/lib/aarch64-linux-gnu/libOpenNI2.so;libusb::libusb)
[1.793s] -- Found Qhull version 8.0.2
[2.028s] -- OpenNI found (version: 1.5.4.0, include: /usr/include/ni, lib: /usr/lib/libOpenNI.so;libusb::libusb)
[2.245s] -- looking for PCL_COMMON
[2.246s] -- looking for PCL_KDTREE
[2.246s] -- looking for PCL_OCTREE
[2.247s] -- looking for PCL_SEARCH
[2.247s] -- looking for PCL_SAMPLE_CONSENSUS
[2.248s] -- looking for PCL_FILTERS
[2.248s] -- looking for PCL_2D
[2.249s] -- looking for PCL_GEOMETRY
[2.249s] -- looking for PCL_IO
[2.249s] -- looking for PCL_FEATURES
[2.250s] -- looking for PCL_ML
[2.251s] -- looking for PCL_SEGMENTATION
[2.251s] -- looking for PCL_VISUALIZATION
[2.252s] -- looking for PCL_SURFACE
[2.252s] -- looking for PCL_REGISTRATION
[2.253s] -- looking for PCL_KEYPOINTS
[2.254s] -- looking for PCL_TRACKING
[2.254s] -- looking for PCL_RECOGNITION
[2.255s] -- looking for PCL_STEREO
[2.256s] -- looking for PCL_APPS
[2.257s] -- looking for PCL_IN_HAND_SCANNER
[2.258s] -- looking for PCL_MODELER
[2.259s] -- looking for PCL_POINT_CLOUD_EDITOR
[2.260s] -- looking for PCL_OUTOFCORE
[2.260s] -- looking for PCL_PEOPLE
[2.261s] -- Found diagnostic_updater: 4.0.2 (/opt/ros/humble/share/diagnostic_updater/cmake)
[2.287s] -- Found lslidar_msgs: 1.2.0 (/home/nvidia/2d_slam/src/LSLIDAR_X_ROS2-20240228/install/lslidar_msgs/share/lslidar_msgs/cmake)
[2.307s] -- Found pluginlib: 5.1.0 (/opt/ros/humble/share/pluginlib/cmake)
[2.330s] -- Found pcl_conversions: 2.4.5 (/opt/ros/humble/share/pcl_conversions/cmake)
[2.419s] -- Found Boost: /usr/lib/aarch64-linux-gnu/cmake/Boost-1.74.0/BoostConfig.cmake (found version "1.74.0") found components: thread 
[2.430s] -- Found ros2_control: 2.48.0 (/opt/ros/humble/share/ros2_control/cmake)
[2.430s] -- Found controller_manager: 2.48.0 (/opt/ros/humble/share/controller_manager/cmake)
[2.782s] -- Configuring done
[2.941s] -- Generating done
[2.968s] -- Build files have been written to: /home/nvidia/2d_slam/src/LSLIDAR_X_ROS2-20240228/build/lslidar_driver
[3.056s] [35m[1mConsolidate compiler generated dependencies of target lslidar_driver_node[0m
[3.131s] [100%] Built target lslidar_driver_node
[3.158s] Invoked command in '/home/nvidia/2d_slam/src/LSLIDAR_X_ROS2-20240228/build/lslidar_driver' returned '0': CMAKE_PREFIX_PATH=/home/nvidia/2d_slam/src/LSLIDAR_X_ROS2-20240228/install/lslidar_msgs:/home/nvidia/2d_slam/src/LSLIDAR_X_ROS2-20240228/install/lslidar_driver:/usr/share/gazebo-11/cmake:/usr/share/gazebo/cmake:/opt/ros/humble /usr/bin/cmake --build /home/nvidia/2d_slam/src/LSLIDAR_X_ROS2-20240228/build/lslidar_driver -- -j8 -l8
[3.165s] Invoking command in '/home/nvidia/2d_slam/src/LSLIDAR_X_ROS2-20240228/build/lslidar_driver': CMAKE_PREFIX_PATH=/home/nvidia/2d_slam/src/LSLIDAR_X_ROS2-20240228/install/lslidar_msgs:/home/nvidia/2d_slam/src/LSLIDAR_X_ROS2-20240228/install/lslidar_driver:/usr/share/gazebo-11/cmake:/usr/share/gazebo/cmake:/opt/ros/humble /usr/bin/cmake --install /home/nvidia/2d_slam/src/LSLIDAR_X_ROS2-20240228/build/lslidar_driver
[3.179s] -- Install configuration: ""
[3.179s] -- Up-to-date: /home/nvidia/2d_slam/src/LSLIDAR_X_ROS2-20240228/install/lslidar_driver/share/lslidar_driver/launch
[3.180s] -- Up-to-date: /home/nvidia/2d_slam/src/LSLIDAR_X_ROS2-20240228/install/lslidar_driver/share/lslidar_driver/launch/lslidar_interface.launch.py
[3.180s] -- Up-to-date: /home/nvidia/2d_slam/src/LSLIDAR_X_ROS2-20240228/install/lslidar_driver/share/lslidar_driver/launch/viewer_scan_launch.py
[3.180s] -- Up-to-date: /home/nvidia/2d_slam/src/LSLIDAR_X_ROS2-20240228/install/lslidar_driver/share/lslidar_driver/launch/lsn10_net_launch.py
[3.181s] -- Up-to-date: /home/nvidia/2d_slam/src/LSLIDAR_X_ROS2-20240228/install/lslidar_driver/share/lslidar_driver/launch/lsn10p_launch.py
[3.181s] -- Up-to-date: /home/nvidia/2d_slam/src/LSLIDAR_X_ROS2-20240228/install/lslidar_driver/share/lslidar_driver/launch/lsn10_launch.py
[3.181s] -- Up-to-date: /home/nvidia/2d_slam/src/LSLIDAR_X_ROS2-20240228/install/lslidar_driver/share/lslidar_driver/launch/lsm10_net_launch.py
[3.181s] -- Up-to-date: /home/nvidia/2d_slam/src/LSLIDAR_X_ROS2-20240228/install/lslidar_driver/share/lslidar_driver/launch/lsm10_uart_launch.py
[3.181s] -- Up-to-date: /home/nvidia/2d_slam/src/LSLIDAR_X_ROS2-20240228/install/lslidar_driver/share/lslidar_driver/launch/lsm10p_net_launch.py
[3.182s] -- Up-to-date: /home/nvidia/2d_slam/src/LSLIDAR_X_ROS2-20240228/install/lslidar_driver/share/lslidar_driver/launch/lslidar_double_launch.py
[3.182s] -- Up-to-date: /home/nvidia/2d_slam/src/LSLIDAR_X_ROS2-20240228/install/lslidar_driver/share/lslidar_driver/launch/lsm10p_uart_launch.py
[3.182s] -- Up-to-date: /home/nvidia/2d_slam/src/LSLIDAR_X_ROS2-20240228/install/lslidar_driver/share/lslidar_driver/launch/lsn10p_net_launch.py
[3.182s] -- Up-to-date: /home/nvidia/2d_slam/src/LSLIDAR_X_ROS2-20240228/install/lslidar_driver/share/lslidar_driver/params
[3.183s] -- Up-to-date: /home/nvidia/2d_slam/src/LSLIDAR_X_ROS2-20240228/install/lslidar_driver/share/lslidar_driver/params/lidar_net_ros2
[3.183s] -- Up-to-date: /home/nvidia/2d_slam/src/LSLIDAR_X_ROS2-20240228/install/lslidar_driver/share/lslidar_driver/params/lidar_net_ros2/lsn10p_net.yaml
[3.183s] -- Up-to-date: /home/nvidia/2d_slam/src/LSLIDAR_X_ROS2-20240228/install/lslidar_driver/share/lslidar_driver/params/lidar_net_ros2/lsn10_net.yaml
[3.183s] -- Up-to-date: /home/nvidia/2d_slam/src/LSLIDAR_X_ROS2-20240228/install/lslidar_driver/share/lslidar_driver/params/lidar_net_ros2/lsm10p_net.yaml
[3.184s] -- Up-to-date: /home/nvidia/2d_slam/src/LSLIDAR_X_ROS2-20240228/install/lslidar_driver/share/lslidar_driver/params/lidar_net_ros2/lsm10_net.yaml
[3.184s] -- Up-to-date: /home/nvidia/2d_slam/src/LSLIDAR_X_ROS2-20240228/install/lslidar_driver/share/lslidar_driver/params/lidar_uart_ros2
[3.184s] -- Up-to-date: /home/nvidia/2d_slam/src/LSLIDAR_X_ROS2-20240228/install/lslidar_driver/share/lslidar_driver/params/lidar_uart_ros2/lsn10p.yaml
[3.184s] -- Up-to-date: /home/nvidia/2d_slam/src/LSLIDAR_X_ROS2-20240228/install/lslidar_driver/share/lslidar_driver/params/lidar_uart_ros2/lsm10.yaml
[3.184s] -- Up-to-date: /home/nvidia/2d_slam/src/LSLIDAR_X_ROS2-20240228/install/lslidar_driver/share/lslidar_driver/params/lidar_uart_ros2/lsm10_p.yaml
[3.185s] -- Up-to-date: /home/nvidia/2d_slam/src/LSLIDAR_X_ROS2-20240228/install/lslidar_driver/share/lslidar_driver/params/lidar_uart_ros2/lsn10.yaml
[3.185s] -- Up-to-date: /home/nvidia/2d_slam/src/LSLIDAR_X_ROS2-20240228/install/lslidar_driver/share/lslidar_driver/rviz
[3.185s] -- Up-to-date: /home/nvidia/2d_slam/src/LSLIDAR_X_ROS2-20240228/install/lslidar_driver/share/lslidar_driver/rviz/lslidar.rviz
[3.185s] -- Up-to-date: /home/nvidia/2d_slam/src/LSLIDAR_X_ROS2-20240228/install/lslidar_driver/lib/lslidar_driver/lslidar_driver_node
[3.185s] -- Up-to-date: /home/nvidia/2d_slam/src/LSLIDAR_X_ROS2-20240228/install/lslidar_driver/share/lslidar_driver/launch
[3.185s] -- Up-to-date: /home/nvidia/2d_slam/src/LSLIDAR_X_ROS2-20240228/install/lslidar_driver/share/lslidar_driver/launch/lslidar_interface.launch.py
[3.186s] -- Up-to-date: /home/nvidia/2d_slam/src/LSLIDAR_X_ROS2-20240228/install/lslidar_driver/share/lslidar_driver/launch/viewer_scan_launch.py
[3.186s] -- Up-to-date: /home/nvidia/2d_slam/src/LSLIDAR_X_ROS2-20240228/install/lslidar_driver/share/lslidar_driver/launch/lsn10_net_launch.py
[3.186s] -- Up-to-date: /home/nvidia/2d_slam/src/LSLIDAR_X_ROS2-20240228/install/lslidar_driver/share/lslidar_driver/launch/lsn10p_launch.py
[3.186s] -- Up-to-date: /home/nvidia/2d_slam/src/LSLIDAR_X_ROS2-20240228/install/lslidar_driver/share/lslidar_driver/launch/lsn10_launch.py
[3.186s] -- Up-to-date: /home/nvidia/2d_slam/src/LSLIDAR_X_ROS2-20240228/install/lslidar_driver/share/lslidar_driver/launch/lsm10_net_launch.py
[3.186s] -- Up-to-date: /home/nvidia/2d_slam/src/LSLIDAR_X_ROS2-20240228/install/lslidar_driver/share/lslidar_driver/launch/lsm10_uart_launch.py
[3.187s] -- Up-to-date: /home/nvidia/2d_slam/src/LSLIDAR_X_ROS2-20240228/install/lslidar_driver/share/lslidar_driver/launch/lsm10p_net_launch.py
[3.187s] -- Up-to-date: /home/nvidia/2d_slam/src/LSLIDAR_X_ROS2-20240228/install/lslidar_driver/share/lslidar_driver/launch/lslidar_double_launch.py
[3.187s] -- Up-to-date: /home/nvidia/2d_slam/src/LSLIDAR_X_ROS2-20240228/install/lslidar_driver/share/lslidar_driver/launch/lsm10p_uart_launch.py
[3.187s] -- Up-to-date: /home/nvidia/2d_slam/src/LSLIDAR_X_ROS2-20240228/install/lslidar_driver/share/lslidar_driver/launch/lsn10p_net_launch.py
[3.187s] -- Up-to-date: /home/nvidia/2d_slam/src/LSLIDAR_X_ROS2-20240228/install/lslidar_driver/share/ament_index/resource_index/package_run_dependencies/lslidar_driver
[3.187s] -- Installing: /home/nvidia/2d_slam/src/LSLIDAR_X_ROS2-20240228/install/lslidar_driver/share/ament_index/resource_index/parent_prefix_path/lslidar_driver
[3.188s] -- Up-to-date: /home/nvidia/2d_slam/src/LSLIDAR_X_ROS2-20240228/install/lslidar_driver/share/lslidar_driver/environment/ament_prefix_path.sh
[3.188s] -- Installing: /home/nvidia/2d_slam/src/LSLIDAR_X_ROS2-20240228/install/lslidar_driver/share/lslidar_driver/environment/ament_prefix_path.dsv
[3.188s] -- Up-to-date: /home/nvidia/2d_slam/src/LSLIDAR_X_ROS2-20240228/install/lslidar_driver/share/lslidar_driver/environment/path.sh
[3.188s] -- Installing: /home/nvidia/2d_slam/src/LSLIDAR_X_ROS2-20240228/install/lslidar_driver/share/lslidar_driver/environment/path.dsv
[3.188s] -- Up-to-date: /home/nvidia/2d_slam/src/LSLIDAR_X_ROS2-20240228/install/lslidar_driver/share/lslidar_driver/local_setup.bash
[3.188s] -- Up-to-date: /home/nvidia/2d_slam/src/LSLIDAR_X_ROS2-20240228/install/lslidar_driver/share/lslidar_driver/local_setup.sh
[3.189s] -- Up-to-date: /home/nvidia/2d_slam/src/LSLIDAR_X_ROS2-20240228/install/lslidar_driver/share/lslidar_driver/local_setup.zsh
[3.189s] -- Installing: /home/nvidia/2d_slam/src/LSLIDAR_X_ROS2-20240228/install/lslidar_driver/share/lslidar_driver/local_setup.dsv
[3.189s] -- Installing: /home/nvidia/2d_slam/src/LSLIDAR_X_ROS2-20240228/install/lslidar_driver/share/lslidar_driver/package.dsv
[3.189s] -- Up-to-date: /home/nvidia/2d_slam/src/LSLIDAR_X_ROS2-20240228/install/lslidar_driver/share/ament_index/resource_index/packages/lslidar_driver
[3.189s] -- Up-to-date: /home/nvidia/2d_slam/src/LSLIDAR_X_ROS2-20240228/install/lslidar_driver/share/lslidar_driver/cmake/ament_cmake_export_dependencies-extras.cmake
[3.189s] -- Up-to-date: /home/nvidia/2d_slam/src/LSLIDAR_X_ROS2-20240228/install/lslidar_driver/share/lslidar_driver/cmake/ament_cmake_export_include_directories-extras.cmake
[3.190s] -- Up-to-date: /home/nvidia/2d_slam/src/LSLIDAR_X_ROS2-20240228/install/lslidar_driver/share/lslidar_driver/cmake/lslidar_driverConfig.cmake
[3.190s] -- Up-to-date: /home/nvidia/2d_slam/src/LSLIDAR_X_ROS2-20240228/install/lslidar_driver/share/lslidar_driver/cmake/lslidar_driverConfig-version.cmake
[3.191s] -- Up-to-date: /home/nvidia/2d_slam/src/LSLIDAR_X_ROS2-20240228/install/lslidar_driver/share/lslidar_driver/package.xml
[3.195s] Invoked command in '/home/nvidia/2d_slam/src/LSLIDAR_X_ROS2-20240228/build/lslidar_driver' returned '0': CMAKE_PREFIX_PATH=/home/nvidia/2d_slam/src/LSLIDAR_X_ROS2-20240228/install/lslidar_msgs:/home/nvidia/2d_slam/src/LSLIDAR_X_ROS2-20240228/install/lslidar_driver:/usr/share/gazebo-11/cmake:/usr/share/gazebo/cmake:/opt/ros/humble /usr/bin/cmake --install /home/nvidia/2d_slam/src/LSLIDAR_X_ROS2-20240228/build/lslidar_driver
