[1.348s] Invoking command in '/home/nvidia/fishbot_ws/src/fishbot_description': PYTHONPATH=/home/nvidia/fishbot_ws/src/build/fishbot_description/prefix_override:/usr/lib/python3/dist-packages/colcon_core/task/python/colcon_distutils_commands:/home/nvidia/fishbot_ws/src/install/fishbot_description/lib/python3.10/site-packages:${PYTHONPATH} /usr/bin/python3 -W ignore:setup.py install is deprecated -W ignore:easy_install command is deprecated setup.py egg_info --egg-base ../build/fishbot_description build --build-base /home/nvidia/fishbot_ws/src/build/fishbot_description/build install --record /home/nvidia/fishbot_ws/src/build/fishbot_description/install.log --single-version-externally-managed install_data
[1.843s] running egg_info
[1.843s] creating ../build/fishbot_description/fishbot_description.egg-info
[1.844s] writing ../build/fishbot_description/fishbot_description.egg-info/PKG-INFO
[1.844s] writing dependency_links to ../build/fishbot_description/fishbot_description.egg-info/dependency_links.txt
[1.844s] writing entry points to ../build/fishbot_description/fishbot_description.egg-info/entry_points.txt
[1.845s] writing requirements to ../build/fishbot_description/fishbot_description.egg-info/requires.txt
[1.845s] writing top-level names to ../build/fishbot_description/fishbot_description.egg-info/top_level.txt
[1.845s] writing manifest file '../build/fishbot_description/fishbot_description.egg-info/SOURCES.txt'
[1.849s] reading manifest file '../build/fishbot_description/fishbot_description.egg-info/SOURCES.txt'
[1.850s] writing manifest file '../build/fishbot_description/fishbot_description.egg-info/SOURCES.txt'
[1.850s] running build
[1.850s] running build_py
[1.851s] creating /home/nvidia/fishbot_ws/src/build/fishbot_description/build
[1.851s] creating /home/nvidia/fishbot_ws/src/build/fishbot_description/build/lib
[1.851s] creating /home/nvidia/fishbot_ws/src/build/fishbot_description/build/lib/fishbot_description
[1.851s] copying fishbot_description/__init__.py -> /home/nvidia/fishbot_ws/src/build/fishbot_description/build/lib/fishbot_description
[1.852s] running install
[1.852s] running install_lib
[1.854s] creating /home/nvidia/fishbot_ws/src/install/fishbot_description/lib/python3.10/site-packages/fishbot_description
[1.854s] copying /home/nvidia/fishbot_ws/src/build/fishbot_description/build/lib/fishbot_description/__init__.py -> /home/nvidia/fishbot_ws/src/install/fishbot_description/lib/python3.10/site-packages/fishbot_description
[1.855s] byte-compiling /home/nvidia/fishbot_ws/src/install/fishbot_description/lib/python3.10/site-packages/fishbot_description/__init__.py to __init__.cpython-310.pyc
[1.855s] running install_data
[1.856s] creating /home/nvidia/fishbot_ws/src/install/fishbot_description/share/ament_index
[1.856s] creating /home/nvidia/fishbot_ws/src/install/fishbot_description/share/ament_index/resource_index
[1.856s] creating /home/nvidia/fishbot_ws/src/install/fishbot_description/share/ament_index/resource_index/packages
[1.856s] copying resource/fishbot_description -> /home/nvidia/fishbot_ws/src/install/fishbot_description/share/ament_index/resource_index/packages
[1.856s] copying package.xml -> /home/nvidia/fishbot_ws/src/install/fishbot_description/share/fishbot_description
[1.856s] running install_egg_info
[1.860s] Copying ../build/fishbot_description/fishbot_description.egg-info to /home/nvidia/fishbot_ws/src/install/fishbot_description/lib/python3.10/site-packages/fishbot_description-0.0.0-py3.10.egg-info
[1.861s] running install_scripts
[1.899s] writing list of installed files to '/home/nvidia/fishbot_ws/src/build/fishbot_description/install.log'
[1.979s] Invoked command in '/home/nvidia/fishbot_ws/src/fishbot_description' returned '0': PYTHONPATH=/home/nvidia/fishbot_ws/src/build/fishbot_description/prefix_override:/usr/lib/python3/dist-packages/colcon_core/task/python/colcon_distutils_commands:/home/nvidia/fishbot_ws/src/install/fishbot_description/lib/python3.10/site-packages:${PYTHONPATH} /usr/bin/python3 -W ignore:setup.py install is deprecated -W ignore:easy_install command is deprecated setup.py egg_info --egg-base ../build/fishbot_description build --build-base /home/nvidia/fishbot_ws/src/build/fishbot_description/build install --record /home/nvidia/fishbot_ws/src/build/fishbot_description/install.log --single-version-externally-managed install_data
