[0.023s] Invoking command in '/home/nvidia/ros2_ws/build/camera_publisher': CMAKE_PREFIX_PATH=${CMAKE_PREFIX_PATH}:/home/nvidia/ros2_ws/install/robot_control:/opt/ros/humble /usr/bin/cmake /home/nvidia/ros2_ws/src/camera_publisher -DCMAKE_INSTALL_PREFIX=/home/nvidia/ros2_ws/install/camera_publisher
[0.105s] -- The C compiler identification is GNU 11.4.0
[0.203s] -- The CXX compiler identification is GNU 11.4.0
[0.220s] -- Detecting C compiler ABI info
[0.345s] -- Detecting C compiler ABI info - done
[0.355s] -- Check for working C compiler: /usr/bin/cc - skipped
[0.355s] -- Detecting C compile features
[0.355s] -- Detecting C compile features - done
[0.360s] -- Detecting CXX compiler ABI info
[0.490s] -- Detecting CXX compiler ABI info - done
[0.513s] -- Check for working CXX compiler: /usr/bin/c++ - skipped
[0.513s] -- Detecting CXX compile features
[0.514s] -- Detecting CXX compile features - done
[0.521s] -- Found ament_cmake: 1.3.11 (/opt/ros/humble/share/ament_cmake/cmake)
[0.805s] -- Found Python3: /usr/bin/python3 (found version "3.10.12") found components: Interpreter 
[0.993s] -- Found ament_lint_auto: 0.12.11 (/opt/ros/humble/share/ament_lint_auto/cmake)
[1.152s] -- Added test 'lint_cmake' to check CMake code style
[1.154s] -- Added test 'xmllint' to check XML markup files
[1.157s] -- Configuring done
[1.165s] -- Generating done
[1.169s] -- Build files have been written to: /home/nvidia/ros2_ws/build/camera_publisher
[1.180s] Invoked command in '/home/nvidia/ros2_ws/build/camera_publisher' returned '0': CMAKE_PREFIX_PATH=${CMAKE_PREFIX_PATH}:/home/nvidia/ros2_ws/install/robot_control:/opt/ros/humble /usr/bin/cmake /home/nvidia/ros2_ws/src/camera_publisher -DCMAKE_INSTALL_PREFIX=/home/nvidia/ros2_ws/install/camera_publisher
[1.185s] Invoking command in '/home/nvidia/ros2_ws/build/camera_publisher': CMAKE_PREFIX_PATH=${CMAKE_PREFIX_PATH}:/home/nvidia/ros2_ws/install/robot_control:/opt/ros/humble /usr/bin/cmake --build /home/nvidia/ros2_ws/build/camera_publisher -- -j8 -l8
[1.255s] Invoked command in '/home/nvidia/ros2_ws/build/camera_publisher' returned '0': CMAKE_PREFIX_PATH=${CMAKE_PREFIX_PATH}:/home/nvidia/ros2_ws/install/robot_control:/opt/ros/humble /usr/bin/cmake --build /home/nvidia/ros2_ws/build/camera_publisher -- -j8 -l8
[1.275s] Invoking command in '/home/nvidia/ros2_ws/build/camera_publisher': CMAKE_PREFIX_PATH=${CMAKE_PREFIX_PATH}:/home/nvidia/ros2_ws/install/robot_control:/opt/ros/humble /usr/bin/cmake --install /home/nvidia/ros2_ws/build/camera_publisher
[1.289s] -- Install configuration: ""
[1.289s] -- Installing: /home/nvidia/ros2_ws/install/camera_publisher/share/ament_index/resource_index/package_run_dependencies/camera_publisher
[1.289s] -- Installing: /home/nvidia/ros2_ws/install/camera_publisher/share/ament_index/resource_index/parent_prefix_path/camera_publisher
[1.290s] -- Installing: /home/nvidia/ros2_ws/install/camera_publisher/share/camera_publisher/environment/ament_prefix_path.sh
[1.290s] -- Installing: /home/nvidia/ros2_ws/install/camera_publisher/share/camera_publisher/environment/ament_prefix_path.dsv
[1.290s] -- Installing: /home/nvidia/ros2_ws/install/camera_publisher/share/camera_publisher/environment/path.sh
[1.291s] -- Installing: /home/nvidia/ros2_ws/install/camera_publisher/share/camera_publisher/environment/path.dsv
[1.291s] -- Installing: /home/nvidia/ros2_ws/install/camera_publisher/share/camera_publisher/local_setup.bash
[1.291s] -- Installing: /home/nvidia/ros2_ws/install/camera_publisher/share/camera_publisher/local_setup.sh
[1.291s] -- Installing: /home/nvidia/ros2_ws/install/camera_publisher/share/camera_publisher/local_setup.zsh
[1.292s] -- Installing: /home/nvidia/ros2_ws/install/camera_publisher/share/camera_publisher/local_setup.dsv
[1.292s] -- Installing: /home/nvidia/ros2_ws/install/camera_publisher/share/camera_publisher/package.dsv
[1.292s] -- Installing: /home/nvidia/ros2_ws/install/camera_publisher/share/ament_index/resource_index/packages/camera_publisher
[1.292s] -- Installing: /home/nvidia/ros2_ws/install/camera_publisher/share/camera_publisher/cmake/camera_publisherConfig.cmake
[1.293s] -- Installing: /home/nvidia/ros2_ws/install/camera_publisher/share/camera_publisher/cmake/camera_publisherConfig-version.cmake
[1.293s] -- Installing: /home/nvidia/ros2_ws/install/camera_publisher/share/camera_publisher/package.xml
[1.299s] Invoked command in '/home/nvidia/ros2_ws/build/camera_publisher' returned '0': CMAKE_PREFIX_PATH=${CMAKE_PREFIX_PATH}:/home/nvidia/ros2_ws/install/robot_control:/opt/ros/humble /usr/bin/cmake --install /home/nvidia/ros2_ws/build/camera_publisher
