[0.193s] DEBUG:colcon:Command line arguments: ['/usr/bin/colcon', 'build', '--symlink-install']
[0.193s] DEBUG:colcon:Parsed command line arguments: Namespace(log_base=None, log_level=None, verb_name='build', build_base='build', install_base='install', merge_install=False, symlink_install=True, test_result_base=None, continue_on_error=False, executor='parallel', parallel_workers=8, event_handlers=None, ignore_user_meta=False, metas=['./colcon.meta'], base_paths=['.'], packages_ignore=None, packages_ignore_regex=None, paths=None, packages_up_to=None, packages_up_to_regex=None, packages_above=None, packages_above_and_dependencies=None, packages_above_depth=None, packages_select_by_dep=None, packages_skip_by_dep=None, packages_skip_up_to=None, packages_select_build_failed=False, packages_skip_build_finished=False, packages_select_test_failures=False, packages_skip_test_passed=False, packages_select=None, packages_skip=None, packages_select_regex=None, packages_skip_regex=None, packages_start=None, packages_end=None, allow_overriding=[], cmake_args=None, cmake_target=None, cmake_target_skip_unavailable=False, cmake_clean_cache=False, cmake_clean_first=False, cmake_force_configure=False, ament_cmake_args=None, catkin_cmake_args=None, catkin_skip_building_tests=False, mixin_files=None, mixin=None, verb_parser=<colcon_mixin.mixin.mixin_argument.MixinArgumentDecorator object at 0xffff8fec7610>, verb_extension=<colcon_core.verb.build.BuildVerb object at 0xffff8fec6c50>, main=<bound method BuildVerb.main of <colcon_core.verb.build.BuildVerb object at 0xffff8fec6c50>>, mixin_verb=('build',))
[0.499s] Level 1:colcon.colcon_core.package_discovery:discover_packages(colcon_meta) check parameters
[0.500s] Level 1:colcon.colcon_core.package_discovery:discover_packages(recursive) check parameters
[0.500s] Level 1:colcon.colcon_core.package_discovery:discover_packages(ignore) check parameters
[0.500s] Level 1:colcon.colcon_core.package_discovery:discover_packages(path) check parameters
[0.500s] Level 1:colcon.colcon_core.package_discovery:discover_packages(colcon_meta) discover
[0.500s] Level 1:colcon.colcon_core.package_discovery:discover_packages(recursive) discover
[0.500s] INFO:colcon.colcon_core.package_discovery:Crawling recursively for packages in '/home/nvidia/fishbot_ws'
[0.501s] Level 1:colcon.colcon_core.package_identification:_identify(.) by extensions ['ignore', 'ignore_ament_install']
[0.501s] Level 1:colcon.colcon_core.package_identification:_identify(.) by extension 'ignore'
[0.501s] Level 1:colcon.colcon_core.package_identification:_identify(.) by extension 'ignore_ament_install'
[0.501s] Level 1:colcon.colcon_core.package_identification:_identify(.) by extensions ['colcon_pkg']
[0.501s] Level 1:colcon.colcon_core.package_identification:_identify(.) by extension 'colcon_pkg'
[0.501s] Level 1:colcon.colcon_core.package_identification:_identify(.) by extensions ['colcon_meta']
[0.501s] Level 1:colcon.colcon_core.package_identification:_identify(.) by extension 'colcon_meta'
[0.501s] Level 1:colcon.colcon_core.package_identification:_identify(.) by extensions ['ros']
[0.501s] Level 1:colcon.colcon_core.package_identification:_identify(.) by extension 'ros'
[0.520s] Level 1:colcon.colcon_core.package_identification:_identify(.) by extensions ['cmake', 'python']
[0.520s] Level 1:colcon.colcon_core.package_identification:_identify(.) by extension 'cmake'
[0.521s] Level 1:colcon.colcon_core.package_identification:_identify(.) by extension 'python'
[0.521s] Level 1:colcon.colcon_core.package_identification:_identify(.) by extensions ['python_setup_py']
[0.521s] Level 1:colcon.colcon_core.package_identification:_identify(.) by extension 'python_setup_py'
[0.521s] Level 1:colcon.colcon_core.package_identification:_identify(build) by extensions ['ignore', 'ignore_ament_install']
[0.522s] Level 1:colcon.colcon_core.package_identification:_identify(build) by extension 'ignore'
[0.522s] Level 1:colcon.colcon_core.package_identification:_identify(build) ignored
[0.522s] Level 1:colcon.colcon_core.package_identification:_identify(install) by extensions ['ignore', 'ignore_ament_install']
[0.522s] Level 1:colcon.colcon_core.package_identification:_identify(install) by extension 'ignore'
[0.522s] Level 1:colcon.colcon_core.package_identification:_identify(install) ignored
[0.523s] Level 1:colcon.colcon_core.package_identification:_identify(log) by extensions ['ignore', 'ignore_ament_install']
[0.523s] Level 1:colcon.colcon_core.package_identification:_identify(log) by extension 'ignore'
[0.523s] Level 1:colcon.colcon_core.package_identification:_identify(log) ignored
[0.523s] Level 1:colcon.colcon_core.package_identification:_identify(src) by extensions ['ignore', 'ignore_ament_install']
[0.523s] Level 1:colcon.colcon_core.package_identification:_identify(src) by extension 'ignore'
[0.523s] Level 1:colcon.colcon_core.package_identification:_identify(src) by extension 'ignore_ament_install'
[0.524s] Level 1:colcon.colcon_core.package_identification:_identify(src) by extensions ['colcon_pkg']
[0.524s] Level 1:colcon.colcon_core.package_identification:_identify(src) by extension 'colcon_pkg'
[0.524s] Level 1:colcon.colcon_core.package_identification:_identify(src) by extensions ['colcon_meta']
[0.524s] Level 1:colcon.colcon_core.package_identification:_identify(src) by extension 'colcon_meta'
[0.524s] Level 1:colcon.colcon_core.package_identification:_identify(src) by extensions ['ros']
[0.524s] Level 1:colcon.colcon_core.package_identification:_identify(src) by extension 'ros'
[0.524s] Level 1:colcon.colcon_core.package_identification:_identify(src) by extensions ['cmake', 'python']
[0.524s] Level 1:colcon.colcon_core.package_identification:_identify(src) by extension 'cmake'
[0.524s] Level 1:colcon.colcon_core.package_identification:_identify(src) by extension 'python'
[0.524s] Level 1:colcon.colcon_core.package_identification:_identify(src) by extensions ['python_setup_py']
[0.524s] Level 1:colcon.colcon_core.package_identification:_identify(src) by extension 'python_setup_py'
[0.525s] Level 1:colcon.colcon_core.package_identification:_identify(src/fishbot_bringup) by extensions ['ignore', 'ignore_ament_install']
[0.525s] Level 1:colcon.colcon_core.package_identification:_identify(src/fishbot_bringup) by extension 'ignore'
[0.525s] Level 1:colcon.colcon_core.package_identification:_identify(src/fishbot_bringup) by extension 'ignore_ament_install'
[0.525s] Level 1:colcon.colcon_core.package_identification:_identify(src/fishbot_bringup) by extensions ['colcon_pkg']
[0.525s] Level 1:colcon.colcon_core.package_identification:_identify(src/fishbot_bringup) by extension 'colcon_pkg'
[0.525s] Level 1:colcon.colcon_core.package_identification:_identify(src/fishbot_bringup) by extensions ['colcon_meta']
[0.525s] Level 1:colcon.colcon_core.package_identification:_identify(src/fishbot_bringup) by extension 'colcon_meta'
[0.525s] Level 1:colcon.colcon_core.package_identification:_identify(src/fishbot_bringup) by extensions ['ros']
[0.525s] Level 1:colcon.colcon_core.package_identification:_identify(src/fishbot_bringup) by extension 'ros'
[0.530s] DEBUG:colcon.colcon_core.package_identification:Package 'src/fishbot_bringup' with type 'ros.ament_cmake' and name 'fishbot_bringup'
[0.530s] Level 1:colcon.colcon_core.package_identification:_identify(src/fishbot_description) by extensions ['ignore', 'ignore_ament_install']
[0.530s] Level 1:colcon.colcon_core.package_identification:_identify(src/fishbot_description) by extension 'ignore'
[0.530s] Level 1:colcon.colcon_core.package_identification:_identify(src/fishbot_description) by extension 'ignore_ament_install'
[0.531s] Level 1:colcon.colcon_core.package_identification:_identify(src/fishbot_description) by extensions ['colcon_pkg']
[0.531s] Level 1:colcon.colcon_core.package_identification:_identify(src/fishbot_description) by extension 'colcon_pkg'
[0.531s] Level 1:colcon.colcon_core.package_identification:_identify(src/fishbot_description) by extensions ['colcon_meta']
[0.531s] Level 1:colcon.colcon_core.package_identification:_identify(src/fishbot_description) by extension 'colcon_meta'
[0.531s] Level 1:colcon.colcon_core.package_identification:_identify(src/fishbot_description) by extensions ['ros']
[0.531s] Level 1:colcon.colcon_core.package_identification:_identify(src/fishbot_description) by extension 'ros'
[0.532s] DEBUG:colcon.colcon_core.package_identification:Package 'src/fishbot_description' with type 'ros.ament_python' and name 'fishbot_description'
[0.532s] Level 1:colcon.colcon_core.package_discovery:discover_packages(recursive) using defaults
[0.532s] Level 1:colcon.colcon_core.package_discovery:discover_packages(ignore) discover
[0.532s] Level 1:colcon.colcon_core.package_discovery:discover_packages(ignore) using defaults
[0.532s] Level 1:colcon.colcon_core.package_discovery:discover_packages(path) discover
[0.532s] Level 1:colcon.colcon_core.package_discovery:discover_packages(path) using defaults
[0.605s] Level 1:colcon.colcon_core.package_discovery:discover_packages(prefix_path) check parameters
[0.605s] Level 1:colcon.colcon_core.package_discovery:discover_packages(prefix_path) discover
[0.607s] WARNING:colcon.colcon_ros.prefix_path.catkin:The path '/usr/share/gazebo-11/cmake' in the environment variable CMAKE_PREFIX_PATH doesn't exist
[0.610s] DEBUG:colcon.colcon_installed_package_information.package_discovery:Found 398 installed packages in /opt/ros/humble
[0.613s] Level 1:colcon.colcon_core.package_discovery:discover_packages(prefix_path) using defaults
[0.694s] Level 5:colcon.colcon_core.verb:set package 'fishbot_bringup' build argument 'cmake_args' from command line to 'None'
[0.694s] Level 5:colcon.colcon_core.verb:set package 'fishbot_bringup' build argument 'cmake_target' from command line to 'None'
[0.695s] Level 5:colcon.colcon_core.verb:set package 'fishbot_bringup' build argument 'cmake_target_skip_unavailable' from command line to 'False'
[0.695s] Level 5:colcon.colcon_core.verb:set package 'fishbot_bringup' build argument 'cmake_clean_cache' from command line to 'False'
[0.695s] Level 5:colcon.colcon_core.verb:set package 'fishbot_bringup' build argument 'cmake_clean_first' from command line to 'False'
[0.695s] Level 5:colcon.colcon_core.verb:set package 'fishbot_bringup' build argument 'cmake_force_configure' from command line to 'False'
[0.695s] Level 5:colcon.colcon_core.verb:set package 'fishbot_bringup' build argument 'ament_cmake_args' from command line to 'None'
[0.695s] Level 5:colcon.colcon_core.verb:set package 'fishbot_bringup' build argument 'catkin_cmake_args' from command line to 'None'
[0.695s] Level 5:colcon.colcon_core.verb:set package 'fishbot_bringup' build argument 'catkin_skip_building_tests' from command line to 'False'
[0.695s] DEBUG:colcon.colcon_core.verb:Building package 'fishbot_bringup' with the following arguments: {'ament_cmake_args': None, 'build_base': '/home/nvidia/fishbot_ws/build/fishbot_bringup', 'catkin_cmake_args': None, 'catkin_skip_building_tests': False, 'cmake_args': None, 'cmake_clean_cache': False, 'cmake_clean_first': False, 'cmake_force_configure': False, 'cmake_target': None, 'cmake_target_skip_unavailable': False, 'install_base': '/home/nvidia/fishbot_ws/install/fishbot_bringup', 'merge_install': False, 'path': '/home/nvidia/fishbot_ws/src/fishbot_bringup', 'symlink_install': True, 'test_result_base': None}
[0.695s] Level 5:colcon.colcon_core.verb:set package 'fishbot_description' build argument 'cmake_args' from command line to 'None'
[0.696s] Level 5:colcon.colcon_core.verb:set package 'fishbot_description' build argument 'cmake_target' from command line to 'None'
[0.696s] Level 5:colcon.colcon_core.verb:set package 'fishbot_description' build argument 'cmake_target_skip_unavailable' from command line to 'False'
[0.696s] Level 5:colcon.colcon_core.verb:set package 'fishbot_description' build argument 'cmake_clean_cache' from command line to 'False'
[0.696s] Level 5:colcon.colcon_core.verb:set package 'fishbot_description' build argument 'cmake_clean_first' from command line to 'False'
[0.696s] Level 5:colcon.colcon_core.verb:set package 'fishbot_description' build argument 'cmake_force_configure' from command line to 'False'
[0.696s] Level 5:colcon.colcon_core.verb:set package 'fishbot_description' build argument 'ament_cmake_args' from command line to 'None'
[0.696s] Level 5:colcon.colcon_core.verb:set package 'fishbot_description' build argument 'catkin_cmake_args' from command line to 'None'
[0.696s] Level 5:colcon.colcon_core.verb:set package 'fishbot_description' build argument 'catkin_skip_building_tests' from command line to 'False'
[0.696s] DEBUG:colcon.colcon_core.verb:Building package 'fishbot_description' with the following arguments: {'ament_cmake_args': None, 'build_base': '/home/nvidia/fishbot_ws/build/fishbot_description', 'catkin_cmake_args': None, 'catkin_skip_building_tests': False, 'cmake_args': None, 'cmake_clean_cache': False, 'cmake_clean_first': False, 'cmake_force_configure': False, 'cmake_target': None, 'cmake_target_skip_unavailable': False, 'install_base': '/home/nvidia/fishbot_ws/install/fishbot_description', 'merge_install': False, 'path': '/home/nvidia/fishbot_ws/src/fishbot_description', 'symlink_install': True, 'test_result_base': None}
[0.696s] INFO:colcon.colcon_core.executor:Executing jobs using 'parallel' executor
[0.698s] DEBUG:colcon.colcon_parallel_executor.executor.parallel:run_until_complete
[0.699s] INFO:colcon.colcon_ros.task.ament_cmake.build:Building ROS package in '/home/nvidia/fishbot_ws/src/fishbot_bringup' with build type 'ament_cmake'
[0.699s] INFO:colcon.colcon_cmake.task.cmake.build:Building CMake package in '/home/nvidia/fishbot_ws/src/fishbot_bringup'
[0.703s] INFO:colcon.colcon_core.plugin_system:Skipping extension 'colcon_core.shell.bat': Not used on non-Windows systems
[0.703s] INFO:colcon.colcon_core.shell:Skip shell extension 'powershell' for command environment: Not usable outside of PowerShell
[0.703s] DEBUG:colcon.colcon_core.shell:Skip shell extension 'dsv' for command environment
[0.711s] INFO:colcon.colcon_ros.task.ament_python.build:Building ROS package in '/home/nvidia/fishbot_ws/src/fishbot_description' with build type 'ament_python'
[0.712s] Level 1:colcon.colcon_core.shell:create_environment_hook('fishbot_description', 'ament_prefix_path')
[0.713s] INFO:colcon.colcon_core.shell:Creating environment hook '/home/nvidia/fishbot_ws/install/fishbot_description/share/fishbot_description/hook/ament_prefix_path.ps1'
[0.715s] INFO:colcon.colcon_core.shell:Creating environment descriptor '/home/nvidia/fishbot_ws/install/fishbot_description/share/fishbot_description/hook/ament_prefix_path.dsv'
[0.716s] INFO:colcon.colcon_core.shell:Creating environment hook '/home/nvidia/fishbot_ws/install/fishbot_description/share/fishbot_description/hook/ament_prefix_path.sh'
[0.717s] INFO:colcon.colcon_core.shell:Skip shell extension 'powershell' for command environment: Not usable outside of PowerShell
[0.717s] DEBUG:colcon.colcon_core.shell:Skip shell extension 'dsv' for command environment
[0.728s] DEBUG:colcon.colcon_core.event_handler.log_command:Invoking command in '/home/nvidia/fishbot_ws/build/fishbot_bringup': CMAKE_PREFIX_PATH=${CMAKE_PREFIX_PATH}:/opt/ros/humble /usr/bin/cmake /home/nvidia/fishbot_ws/src/fishbot_bringup -DAMENT_CMAKE_SYMLINK_INSTALL=1 -DCMAKE_INSTALL_PREFIX=/home/nvidia/fishbot_ws/install/fishbot_bringup
[1.250s] INFO:colcon.colcon_core.task.python.build:Building Python package in '/home/nvidia/fishbot_ws/src/fishbot_description'
[1.250s] INFO:colcon.colcon_core.shell:Skip shell extension 'powershell' for command environment: Not usable outside of PowerShell
[1.251s] DEBUG:colcon.colcon_core.shell:Skip shell extension 'dsv' for command environment
[2.081s] DEBUG:colcon.colcon_core.event_handler.log_command:Invoking command in '/home/nvidia/fishbot_ws/build/fishbot_description': PYTHONPATH=/home/nvidia/fishbot_ws/build/fishbot_description/prefix_override:/usr/lib/python3/dist-packages/colcon_core/task/python/colcon_distutils_commands:/home/nvidia/fishbot_ws/install/fishbot_description/lib/python3.10/site-packages:${PYTHONPATH} /usr/bin/python3 -W ignore:setup.py install is deprecated -W ignore:easy_install command is deprecated setup.py develop --editable --build-directory /home/nvidia/fishbot_ws/build/fishbot_description/build --no-deps symlink_data
[2.952s] Level 1:colcon.colcon_core.shell:create_environment_hook('fishbot_description', 'pythonpath_develop')
[2.953s] INFO:colcon.colcon_core.shell:Creating environment hook '/home/nvidia/fishbot_ws/build/fishbot_description/share/fishbot_description/hook/pythonpath_develop.ps1'
[2.954s] DEBUG:colcon.colcon_core.event_handler.log_command:Invoked command in '/home/nvidia/fishbot_ws/build/fishbot_description' returned '0': PYTHONPATH=/home/nvidia/fishbot_ws/build/fishbot_description/prefix_override:/usr/lib/python3/dist-packages/colcon_core/task/python/colcon_distutils_commands:/home/nvidia/fishbot_ws/install/fishbot_description/lib/python3.10/site-packages:${PYTHONPATH} /usr/bin/python3 -W ignore:setup.py install is deprecated -W ignore:easy_install command is deprecated setup.py develop --editable --build-directory /home/nvidia/fishbot_ws/build/fishbot_description/build --no-deps symlink_data
[2.956s] INFO:colcon.colcon_core.shell:Creating environment descriptor '/home/nvidia/fishbot_ws/build/fishbot_description/share/fishbot_description/hook/pythonpath_develop.dsv'
[2.957s] INFO:colcon.colcon_core.shell:Creating environment hook '/home/nvidia/fishbot_ws/build/fishbot_description/share/fishbot_description/hook/pythonpath_develop.sh'
[2.962s] Level 1:colcon.colcon_core.environment:checking '/home/nvidia/fishbot_ws/install/fishbot_description' for CMake module files
[2.962s] Level 1:colcon.colcon_core.environment:checking '/home/nvidia/fishbot_ws/install/fishbot_description' for CMake config files
[2.964s] Level 1:colcon.colcon_core.environment:checking '/home/nvidia/fishbot_ws/install/fishbot_description/lib'
[2.964s] Level 1:colcon.colcon_core.environment:checking '/home/nvidia/fishbot_ws/install/fishbot_description/bin'
[2.964s] Level 1:colcon.colcon_core.environment:checking '/home/nvidia/fishbot_ws/install/fishbot_description/lib/pkgconfig/fishbot_description.pc'
[2.965s] Level 1:colcon.colcon_core.environment:checking '/home/nvidia/fishbot_ws/install/fishbot_description/lib/python3.10/site-packages'
[2.965s] Level 1:colcon.colcon_core.shell:create_environment_hook('fishbot_description', 'pythonpath')
[2.965s] INFO:colcon.colcon_core.shell:Creating environment hook '/home/nvidia/fishbot_ws/install/fishbot_description/share/fishbot_description/hook/pythonpath.ps1'
[2.967s] INFO:colcon.colcon_core.shell:Creating environment descriptor '/home/nvidia/fishbot_ws/install/fishbot_description/share/fishbot_description/hook/pythonpath.dsv'
[2.967s] INFO:colcon.colcon_core.shell:Creating environment hook '/home/nvidia/fishbot_ws/install/fishbot_description/share/fishbot_description/hook/pythonpath.sh'
[2.968s] Level 1:colcon.colcon_core.environment:checking '/home/nvidia/fishbot_ws/install/fishbot_description/bin'
[2.968s] Level 1:colcon.colcon_core.environment:create_environment_scripts_only(fishbot_description)
[2.969s] INFO:colcon.colcon_core.shell:Creating package script '/home/nvidia/fishbot_ws/install/fishbot_description/share/fishbot_description/package.ps1'
[2.970s] INFO:colcon.colcon_core.shell:Creating package descriptor '/home/nvidia/fishbot_ws/install/fishbot_description/share/fishbot_description/package.dsv'
[2.971s] INFO:colcon.colcon_core.shell:Creating package script '/home/nvidia/fishbot_ws/install/fishbot_description/share/fishbot_description/package.sh'
[2.973s] INFO:colcon.colcon_core.shell:Creating package script '/home/nvidia/fishbot_ws/install/fishbot_description/share/fishbot_description/package.bash'
[2.974s] INFO:colcon.colcon_core.shell:Creating package script '/home/nvidia/fishbot_ws/install/fishbot_description/share/fishbot_description/package.zsh'
[2.975s] Level 1:colcon.colcon_core.environment:create_file_with_runtime_dependencies(/home/nvidia/fishbot_ws/install/fishbot_description/share/colcon-core/packages/fishbot_description)
[3.493s] DEBUG:colcon.colcon_core.event_handler.log_command:Invoked command in '/home/nvidia/fishbot_ws/build/fishbot_bringup' returned '0': CMAKE_PREFIX_PATH=${CMAKE_PREFIX_PATH}:/opt/ros/humble /usr/bin/cmake /home/nvidia/fishbot_ws/src/fishbot_bringup -DAMENT_CMAKE_SYMLINK_INSTALL=1 -DCMAKE_INSTALL_PREFIX=/home/nvidia/fishbot_ws/install/fishbot_bringup
[3.500s] DEBUG:colcon.colcon_core.event_handler.log_command:Invoking command in '/home/nvidia/fishbot_ws/build/fishbot_bringup': CMAKE_PREFIX_PATH=${CMAKE_PREFIX_PATH}:/opt/ros/humble /usr/bin/cmake --build /home/nvidia/fishbot_ws/build/fishbot_bringup -- -j8 -l8
[22.333s] DEBUG:colcon.colcon_core.event_handler.log_command:Invoked command in '/home/nvidia/fishbot_ws/build/fishbot_bringup' returned '0': CMAKE_PREFIX_PATH=${CMAKE_PREFIX_PATH}:/opt/ros/humble /usr/bin/cmake --build /home/nvidia/fishbot_ws/build/fishbot_bringup -- -j8 -l8
[22.357s] DEBUG:colcon.colcon_core.event_handler.log_command:Invoking command in '/home/nvidia/fishbot_ws/build/fishbot_bringup': CMAKE_PREFIX_PATH=${CMAKE_PREFIX_PATH}:/opt/ros/humble /usr/bin/cmake --install /home/nvidia/fishbot_ws/build/fishbot_bringup
[22.693s] Level 1:colcon.colcon_core.environment:create_environment_scripts_only(fishbot_bringup)
[22.694s] Level 1:colcon.colcon_core.environment:checking '/home/nvidia/fishbot_ws/install/fishbot_bringup' for CMake module files
[22.696s] DEBUG:colcon.colcon_core.event_handler.log_command:Invoked command in '/home/nvidia/fishbot_ws/build/fishbot_bringup' returned '0': CMAKE_PREFIX_PATH=${CMAKE_PREFIX_PATH}:/opt/ros/humble /usr/bin/cmake --install /home/nvidia/fishbot_ws/build/fishbot_bringup
[22.698s] Level 1:colcon.colcon_core.environment:checking '/home/nvidia/fishbot_ws/install/fishbot_bringup' for CMake config files
[22.699s] Level 1:colcon.colcon_core.shell:create_environment_hook('fishbot_bringup', 'cmake_prefix_path')
[22.699s] INFO:colcon.colcon_core.shell:Creating environment hook '/home/nvidia/fishbot_ws/install/fishbot_bringup/share/fishbot_bringup/hook/cmake_prefix_path.ps1'
[22.701s] INFO:colcon.colcon_core.shell:Creating environment descriptor '/home/nvidia/fishbot_ws/install/fishbot_bringup/share/fishbot_bringup/hook/cmake_prefix_path.dsv'
[22.702s] INFO:colcon.colcon_core.shell:Creating environment hook '/home/nvidia/fishbot_ws/install/fishbot_bringup/share/fishbot_bringup/hook/cmake_prefix_path.sh'
[22.704s] Level 1:colcon.colcon_core.environment:checking '/home/nvidia/fishbot_ws/install/fishbot_bringup/lib'
[22.705s] Level 1:colcon.colcon_core.environment:checking '/home/nvidia/fishbot_ws/install/fishbot_bringup/bin'
[22.705s] Level 1:colcon.colcon_core.environment:checking '/home/nvidia/fishbot_ws/install/fishbot_bringup/lib/pkgconfig/fishbot_bringup.pc'
[22.706s] Level 1:colcon.colcon_core.environment:checking '/home/nvidia/fishbot_ws/install/fishbot_bringup/lib/python3.10/site-packages'
[22.707s] Level 1:colcon.colcon_core.environment:checking '/home/nvidia/fishbot_ws/install/fishbot_bringup/bin'
[22.708s] INFO:colcon.colcon_core.shell:Creating package script '/home/nvidia/fishbot_ws/install/fishbot_bringup/share/fishbot_bringup/package.ps1'
[22.710s] INFO:colcon.colcon_core.shell:Creating package descriptor '/home/nvidia/fishbot_ws/install/fishbot_bringup/share/fishbot_bringup/package.dsv'
[22.711s] INFO:colcon.colcon_core.shell:Creating package script '/home/nvidia/fishbot_ws/install/fishbot_bringup/share/fishbot_bringup/package.sh'
[22.713s] INFO:colcon.colcon_core.shell:Creating package script '/home/nvidia/fishbot_ws/install/fishbot_bringup/share/fishbot_bringup/package.bash'
[22.714s] INFO:colcon.colcon_core.shell:Creating package script '/home/nvidia/fishbot_ws/install/fishbot_bringup/share/fishbot_bringup/package.zsh'
[22.715s] Level 1:colcon.colcon_core.environment:create_file_with_runtime_dependencies(/home/nvidia/fishbot_ws/install/fishbot_bringup/share/colcon-core/packages/fishbot_bringup)
[22.717s] Level 1:colcon.colcon_core.environment:create_environment_scripts_only(fishbot_bringup)
[22.718s] Level 1:colcon.colcon_core.environment:checking '/home/nvidia/fishbot_ws/install/fishbot_bringup' for CMake module files
[22.720s] Level 1:colcon.colcon_core.environment:checking '/home/nvidia/fishbot_ws/install/fishbot_bringup' for CMake config files
[22.721s] Level 1:colcon.colcon_core.shell:create_environment_hook('fishbot_bringup', 'cmake_prefix_path')
[22.722s] INFO:colcon.colcon_core.shell:Creating environment hook '/home/nvidia/fishbot_ws/install/fishbot_bringup/share/fishbot_bringup/hook/cmake_prefix_path.ps1'
[22.723s] INFO:colcon.colcon_core.shell:Creating environment descriptor '/home/nvidia/fishbot_ws/install/fishbot_bringup/share/fishbot_bringup/hook/cmake_prefix_path.dsv'
[22.725s] INFO:colcon.colcon_core.shell:Creating environment hook '/home/nvidia/fishbot_ws/install/fishbot_bringup/share/fishbot_bringup/hook/cmake_prefix_path.sh'
[22.727s] Level 1:colcon.colcon_core.environment:checking '/home/nvidia/fishbot_ws/install/fishbot_bringup/lib'
[22.728s] Level 1:colcon.colcon_core.environment:checking '/home/nvidia/fishbot_ws/install/fishbot_bringup/bin'
[22.728s] Level 1:colcon.colcon_core.environment:checking '/home/nvidia/fishbot_ws/install/fishbot_bringup/lib/pkgconfig/fishbot_bringup.pc'
[22.729s] Level 1:colcon.colcon_core.environment:checking '/home/nvidia/fishbot_ws/install/fishbot_bringup/lib/python3.10/site-packages'
[22.730s] Level 1:colcon.colcon_core.environment:checking '/home/nvidia/fishbot_ws/install/fishbot_bringup/bin'
[22.731s] INFO:colcon.colcon_core.shell:Creating package script '/home/nvidia/fishbot_ws/install/fishbot_bringup/share/fishbot_bringup/package.ps1'
[22.733s] INFO:colcon.colcon_core.shell:Creating package descriptor '/home/nvidia/fishbot_ws/install/fishbot_bringup/share/fishbot_bringup/package.dsv'
[22.735s] INFO:colcon.colcon_core.shell:Creating package script '/home/nvidia/fishbot_ws/install/fishbot_bringup/share/fishbot_bringup/package.sh'
[22.736s] INFO:colcon.colcon_core.shell:Creating package script '/home/nvidia/fishbot_ws/install/fishbot_bringup/share/fishbot_bringup/package.bash'
[22.737s] INFO:colcon.colcon_core.shell:Creating package script '/home/nvidia/fishbot_ws/install/fishbot_bringup/share/fishbot_bringup/package.zsh'
[22.738s] Level 1:colcon.colcon_core.environment:create_file_with_runtime_dependencies(/home/nvidia/fishbot_ws/install/fishbot_bringup/share/colcon-core/packages/fishbot_bringup)
[22.739s] DEBUG:colcon.colcon_parallel_executor.executor.parallel:closing loop
[22.741s] DEBUG:colcon.colcon_parallel_executor.executor.parallel:loop closed
[22.741s] DEBUG:colcon.colcon_parallel_executor.executor.parallel:run_until_complete finished with '0'
[22.742s] DEBUG:colcon.colcon_core.event_reactor:joining thread
[22.761s] INFO:colcon.colcon_core.plugin_system:Skipping extension 'colcon_notification.desktop_notification.terminal_notifier': Not used on non-Darwin systems
[22.761s] INFO:colcon.colcon_core.plugin_system:Skipping extension 'colcon_notification.desktop_notification.win32': Not used on non-Windows systems
[22.762s] INFO:colcon.colcon_notification.desktop_notification:Sending desktop notification using 'notify2'
[22.808s] DEBUG:colcon.colcon_core.event_reactor:joined thread
[22.809s] INFO:colcon.colcon_core.shell:Creating prefix script '/home/nvidia/fishbot_ws/install/local_setup.ps1'
[22.813s] INFO:colcon.colcon_core.shell:Creating prefix util module '/home/nvidia/fishbot_ws/install/_local_setup_util_ps1.py'
[22.816s] INFO:colcon.colcon_core.shell:Creating prefix chain script '/home/nvidia/fishbot_ws/install/setup.ps1'
[22.819s] INFO:colcon.colcon_core.shell:Creating prefix script '/home/nvidia/fishbot_ws/install/local_setup.sh'
[22.821s] INFO:colcon.colcon_core.shell:Creating prefix util module '/home/nvidia/fishbot_ws/install/_local_setup_util_sh.py'
[22.822s] INFO:colcon.colcon_core.shell:Creating prefix chain script '/home/nvidia/fishbot_ws/install/setup.sh'
[22.825s] INFO:colcon.colcon_core.shell:Creating prefix script '/home/nvidia/fishbot_ws/install/local_setup.bash'
[22.827s] INFO:colcon.colcon_core.shell:Creating prefix chain script '/home/nvidia/fishbot_ws/install/setup.bash'
[22.830s] INFO:colcon.colcon_core.shell:Creating prefix script '/home/nvidia/fishbot_ws/install/local_setup.zsh'
[22.832s] INFO:colcon.colcon_core.shell:Creating prefix chain script '/home/nvidia/fishbot_ws/install/setup.zsh'
