[1.254s] Invoking command in '/home/nvidia/ros2_ws (copy)/src/robot_control': PYTHONPATH=/home/nvidia/ros2_ws (copy)/build/robot_control/prefix_override:/usr/lib/python3/dist-packages/colcon_core/task/python/colcon_distutils_commands:/home/nvidia/ros2_ws (copy)/install/robot_control/lib/python3.10/site-packages:${PYTHONPATH} /usr/bin/python3 -W ignore:setup.py install is deprecated -W ignore:easy_install command is deprecated setup.py egg_info --egg-base ../../build/robot_control build --build-base /home/nvidia/ros2_ws (copy)/build/robot_control/build install --record /home/nvidia/ros2_ws (copy)/build/robot_control/install.log --single-version-externally-managed install_data
[1.670s] running egg_info
[1.671s] writing ../../build/robot_control/robot_control.egg-info/PKG-INFO
[1.674s] writing dependency_links to ../../build/robot_control/robot_control.egg-info/dependency_links.txt
[1.674s] writing entry points to ../../build/robot_control/robot_control.egg-info/entry_points.txt
[1.675s] writing requirements to ../../build/robot_control/robot_control.egg-info/requires.txt
[1.675s] writing top-level names to ../../build/robot_control/robot_control.egg-info/top_level.txt
[1.677s] reading manifest file '../../build/robot_control/robot_control.egg-info/SOURCES.txt'
[1.679s] writing manifest file '../../build/robot_control/robot_control.egg-info/SOURCES.txt'
[1.679s] running build
[1.680s] running build_py
[1.680s] running install
[1.681s] running install_lib
[1.683s] running install_data
[1.683s] copying launch/serial_control.launch.py -> /home/nvidia/ros2_ws (copy)/install/robot_control/share/robot_control/launch
[1.684s] running install_egg_info
[1.686s] removing '/home/nvidia/ros2_ws (copy)/install/robot_control/lib/python3.10/site-packages/robot_control-0.0.1-py3.10.egg-info' (and everything under it)
[1.687s] Copying ../../build/robot_control/robot_control.egg-info to /home/nvidia/ros2_ws (copy)/install/robot_control/lib/python3.10/site-packages/robot_control-0.0.1-py3.10.egg-info
[1.689s] running install_scripts
[1.722s] Installing robot_controller script to /home/nvidia/ros2_ws (copy)/install/robot_control/bin
[1.722s] Installing serial_controller script to /home/nvidia/ros2_ws (copy)/install/robot_control/bin
[1.723s] writing list of installed files to '/home/nvidia/ros2_ws (copy)/build/robot_control/install.log'
[1.784s] Invoked command in '/home/nvidia/ros2_ws (copy)/src/robot_control' returned '0': PYTHONPATH=/home/nvidia/ros2_ws (copy)/build/robot_control/prefix_override:/usr/lib/python3/dist-packages/colcon_core/task/python/colcon_distutils_commands:/home/nvidia/ros2_ws (copy)/install/robot_control/lib/python3.10/site-packages:${PYTHONPATH} /usr/bin/python3 -W ignore:setup.py install is deprecated -W ignore:easy_install command is deprecated setup.py egg_info --egg-base ../../build/robot_control build --build-base /home/nvidia/ros2_ws (copy)/build/robot_control/build install --record /home/nvidia/ros2_ws (copy)/build/robot_control/install.log --single-version-externally-managed install_data
