[1.103s] Invoking command in '/home/nvidia/roadRunner/urdf_ws/src/rr_description': PYTHONPATH=/home/nvidia/roadRunner/urdf_ws/build/rr_description/prefix_override:/usr/lib/python3/dist-packages/colcon_core/task/python/colcon_distutils_commands:/home/nvidia/roadRunner/urdf_ws/install/rr_description/lib/python3.10/site-packages:${PYTHONPATH} /usr/bin/python3 -W ignore:setup.py install is deprecated -W ignore:easy_install command is deprecated setup.py egg_info --egg-base ../../build/rr_description build --build-base /home/nvidia/roadRunner/urdf_ws/build/rr_description/build install --record /home/nvidia/roadRunner/urdf_ws/build/rr_description/install.log --single-version-externally-managed install_data
[1.515s] running egg_info
[1.516s] writing ../../build/rr_description/rr_description.egg-info/PKG-INFO
[1.516s] writing dependency_links to ../../build/rr_description/rr_description.egg-info/dependency_links.txt
[1.517s] writing entry points to ../../build/rr_description/rr_description.egg-info/entry_points.txt
[1.517s] writing requirements to ../../build/rr_description/rr_description.egg-info/requires.txt
[1.517s] writing top-level names to ../../build/rr_description/rr_description.egg-info/top_level.txt
[1.520s] reading manifest file '../../build/rr_description/rr_description.egg-info/SOURCES.txt'
[1.521s] writing manifest file '../../build/rr_description/rr_description.egg-info/SOURCES.txt'
[1.522s] running build
[1.522s] running build_py
[1.522s] running install
[1.523s] running install_lib
[1.524s] running install_data
[1.524s] copying launch/display_rviz2.launch.py -> /home/nvidia/roadRunner/urdf_ws/install/rr_description/share/rr_description/launch
[1.525s] running install_egg_info
[1.527s] removing '/home/nvidia/roadRunner/urdf_ws/install/rr_description/lib/python3.10/site-packages/rr_description-0.0.0-py3.10.egg-info' (and everything under it)
[1.528s] Copying ../../build/rr_description/rr_description.egg-info to /home/nvidia/roadRunner/urdf_ws/install/rr_description/lib/python3.10/site-packages/rr_description-0.0.0-py3.10.egg-info
[1.529s] running install_scripts
[1.564s] writing list of installed files to '/home/nvidia/roadRunner/urdf_ws/build/rr_description/install.log'
[1.615s] Invoked command in '/home/nvidia/roadRunner/urdf_ws/src/rr_description' returned '0': PYTHONPATH=/home/nvidia/roadRunner/urdf_ws/build/rr_description/prefix_override:/usr/lib/python3/dist-packages/colcon_core/task/python/colcon_distutils_commands:/home/nvidia/roadRunner/urdf_ws/install/rr_description/lib/python3.10/site-packages:${PYTHONPATH} /usr/bin/python3 -W ignore:setup.py install is deprecated -W ignore:easy_install command is deprecated setup.py egg_info --egg-base ../../build/rr_description build --build-base /home/nvidia/roadRunner/urdf_ws/build/rr_description/build install --record /home/nvidia/roadRunner/urdf_ws/build/rr_description/install.log --single-version-externally-managed install_data
