[0.180s] DEBUG:colcon:Command line arguments: ['/usr/bin/colcon', 'build']
[0.181s] DEBUG:colcon:Parsed command line arguments: Namespace(log_base=None, log_level=None, verb_name='build', build_base='build', install_base='install', merge_install=False, symlink_install=False, test_result_base=None, continue_on_error=False, executor='parallel', parallel_workers=8, event_handlers=None, ignore_user_meta=False, metas=['./colcon.meta'], base_paths=['.'], packages_ignore=None, packages_ignore_regex=None, paths=None, packages_up_to=None, packages_up_to_regex=None, packages_above=None, packages_above_and_dependencies=None, packages_above_depth=None, packages_select_by_dep=None, packages_skip_by_dep=None, packages_skip_up_to=None, packages_select_build_failed=False, packages_skip_build_finished=False, packages_select_test_failures=False, packages_skip_test_passed=False, packages_select=None, packages_skip=None, packages_select_regex=None, packages_skip_regex=None, packages_start=None, packages_end=None, allow_overriding=[], cmake_args=None, cmake_target=None, cmake_target_skip_unavailable=False, cmake_clean_cache=False, cmake_clean_first=False, cmake_force_configure=False, ament_cmake_args=None, catkin_cmake_args=None, catkin_skip_building_tests=False, mixin_files=None, mixin=None, verb_parser=<colcon_mixin.mixin.mixin_argument.MixinArgumentDecorator object at 0xffffbbb97850>, verb_extension=<colcon_core.verb.build.BuildVerb object at 0xffffbbb96e90>, main=<bound method BuildVerb.main of <colcon_core.verb.build.BuildVerb object at 0xffffbbb96e90>>, mixin_verb=('build',))
[0.469s] Level 1:colcon.colcon_core.package_discovery:discover_packages(colcon_meta) check parameters
[0.469s] Level 1:colcon.colcon_core.package_discovery:discover_packages(recursive) check parameters
[0.469s] Level 1:colcon.colcon_core.package_discovery:discover_packages(ignore) check parameters
[0.469s] Level 1:colcon.colcon_core.package_discovery:discover_packages(path) check parameters
[0.469s] Level 1:colcon.colcon_core.package_discovery:discover_packages(colcon_meta) discover
[0.469s] Level 1:colcon.colcon_core.package_discovery:discover_packages(recursive) discover
[0.469s] INFO:colcon.colcon_core.package_discovery:Crawling recursively for packages in '/home/nvidia/2d_slam/src/LSLIDAR_X_ROS2-20240228'
[0.470s] Level 1:colcon.colcon_core.package_identification:_identify(.) by extensions ['ignore', 'ignore_ament_install']
[0.470s] Level 1:colcon.colcon_core.package_identification:_identify(.) by extension 'ignore'
[0.470s] Level 1:colcon.colcon_core.package_identification:_identify(.) by extension 'ignore_ament_install'
[0.470s] Level 1:colcon.colcon_core.package_identification:_identify(.) by extensions ['colcon_pkg']
[0.470s] Level 1:colcon.colcon_core.package_identification:_identify(.) by extension 'colcon_pkg'
[0.470s] Level 1:colcon.colcon_core.package_identification:_identify(.) by extensions ['colcon_meta']
[0.470s] Level 1:colcon.colcon_core.package_identification:_identify(.) by extension 'colcon_meta'
[0.470s] Level 1:colcon.colcon_core.package_identification:_identify(.) by extensions ['ros']
[0.470s] Level 1:colcon.colcon_core.package_identification:_identify(.) by extension 'ros'
[0.487s] Level 1:colcon.colcon_core.package_identification:_identify(.) by extensions ['cmake', 'python']
[0.488s] Level 1:colcon.colcon_core.package_identification:_identify(.) by extension 'cmake'
[0.488s] Level 1:colcon.colcon_core.package_identification:_identify(.) by extension 'python'
[0.488s] Level 1:colcon.colcon_core.package_identification:_identify(.) by extensions ['python_setup_py']
[0.488s] Level 1:colcon.colcon_core.package_identification:_identify(.) by extension 'python_setup_py'
[0.488s] Level 1:colcon.colcon_core.package_identification:_identify(build) by extensions ['ignore', 'ignore_ament_install']
[0.488s] Level 1:colcon.colcon_core.package_identification:_identify(build) by extension 'ignore'
[0.488s] Level 1:colcon.colcon_core.package_identification:_identify(build) ignored
[0.489s] Level 1:colcon.colcon_core.package_identification:_identify(install) by extensions ['ignore', 'ignore_ament_install']
[0.489s] Level 1:colcon.colcon_core.package_identification:_identify(install) by extension 'ignore'
[0.489s] Level 1:colcon.colcon_core.package_identification:_identify(install) ignored
[0.489s] Level 1:colcon.colcon_core.package_identification:_identify(log) by extensions ['ignore', 'ignore_ament_install']
[0.489s] Level 1:colcon.colcon_core.package_identification:_identify(log) by extension 'ignore'
[0.489s] Level 1:colcon.colcon_core.package_identification:_identify(log) ignored
[0.489s] Level 1:colcon.colcon_core.package_identification:_identify(src) by extensions ['ignore', 'ignore_ament_install']
[0.490s] Level 1:colcon.colcon_core.package_identification:_identify(src) by extension 'ignore'
[0.490s] Level 1:colcon.colcon_core.package_identification:_identify(src) by extension 'ignore_ament_install'
[0.490s] Level 1:colcon.colcon_core.package_identification:_identify(src) by extensions ['colcon_pkg']
[0.490s] Level 1:colcon.colcon_core.package_identification:_identify(src) by extension 'colcon_pkg'
[0.490s] Level 1:colcon.colcon_core.package_identification:_identify(src) by extensions ['colcon_meta']
[0.490s] Level 1:colcon.colcon_core.package_identification:_identify(src) by extension 'colcon_meta'
[0.490s] Level 1:colcon.colcon_core.package_identification:_identify(src) by extensions ['ros']
[0.490s] Level 1:colcon.colcon_core.package_identification:_identify(src) by extension 'ros'
[0.490s] Level 1:colcon.colcon_core.package_identification:_identify(src) by extensions ['cmake', 'python']
[0.490s] Level 1:colcon.colcon_core.package_identification:_identify(src) by extension 'cmake'
[0.490s] Level 1:colcon.colcon_core.package_identification:_identify(src) by extension 'python'
[0.490s] Level 1:colcon.colcon_core.package_identification:_identify(src) by extensions ['python_setup_py']
[0.490s] Level 1:colcon.colcon_core.package_identification:_identify(src) by extension 'python_setup_py'
[0.491s] Level 1:colcon.colcon_core.package_identification:_identify(src/lslidar_driver) by extensions ['ignore', 'ignore_ament_install']
[0.491s] Level 1:colcon.colcon_core.package_identification:_identify(src/lslidar_driver) by extension 'ignore'
[0.491s] Level 1:colcon.colcon_core.package_identification:_identify(src/lslidar_driver) by extension 'ignore_ament_install'
[0.491s] Level 1:colcon.colcon_core.package_identification:_identify(src/lslidar_driver) by extensions ['colcon_pkg']
[0.491s] Level 1:colcon.colcon_core.package_identification:_identify(src/lslidar_driver) by extension 'colcon_pkg'
[0.491s] Level 1:colcon.colcon_core.package_identification:_identify(src/lslidar_driver) by extensions ['colcon_meta']
[0.491s] Level 1:colcon.colcon_core.package_identification:_identify(src/lslidar_driver) by extension 'colcon_meta'
[0.491s] Level 1:colcon.colcon_core.package_identification:_identify(src/lslidar_driver) by extensions ['ros']
[0.491s] Level 1:colcon.colcon_core.package_identification:_identify(src/lslidar_driver) by extension 'ros'
[0.495s] DEBUG:colcon.colcon_core.package_identification:Package 'src/lslidar_driver' with type 'ros.ament_cmake' and name 'lslidar_driver'
[0.496s] Level 1:colcon.colcon_core.package_identification:_identify(src/lslidar_msgs) by extensions ['ignore', 'ignore_ament_install']
[0.496s] Level 1:colcon.colcon_core.package_identification:_identify(src/lslidar_msgs) by extension 'ignore'
[0.496s] Level 1:colcon.colcon_core.package_identification:_identify(src/lslidar_msgs) by extension 'ignore_ament_install'
[0.496s] Level 1:colcon.colcon_core.package_identification:_identify(src/lslidar_msgs) by extensions ['colcon_pkg']
[0.496s] Level 1:colcon.colcon_core.package_identification:_identify(src/lslidar_msgs) by extension 'colcon_pkg'
[0.496s] Level 1:colcon.colcon_core.package_identification:_identify(src/lslidar_msgs) by extensions ['colcon_meta']
[0.496s] Level 1:colcon.colcon_core.package_identification:_identify(src/lslidar_msgs) by extension 'colcon_meta'
[0.496s] Level 1:colcon.colcon_core.package_identification:_identify(src/lslidar_msgs) by extensions ['ros']
[0.496s] Level 1:colcon.colcon_core.package_identification:_identify(src/lslidar_msgs) by extension 'ros'
[0.497s] DEBUG:colcon.colcon_core.package_identification:Package 'src/lslidar_msgs' with type 'ros.ament_cmake' and name 'lslidar_msgs'
[0.498s] Level 1:colcon.colcon_core.package_discovery:discover_packages(recursive) using defaults
[0.498s] Level 1:colcon.colcon_core.package_discovery:discover_packages(ignore) discover
[0.498s] Level 1:colcon.colcon_core.package_discovery:discover_packages(ignore) using defaults
[0.498s] Level 1:colcon.colcon_core.package_discovery:discover_packages(path) discover
[0.498s] Level 1:colcon.colcon_core.package_discovery:discover_packages(path) using defaults
[0.562s] Level 1:colcon.colcon_core.package_discovery:discover_packages(prefix_path) check parameters
[0.562s] Level 1:colcon.colcon_core.package_discovery:discover_packages(prefix_path) discover
[0.564s] WARNING:colcon.colcon_ros.prefix_path.catkin:The path '/usr/share/gazebo-11/cmake' in the environment variable CMAKE_PREFIX_PATH doesn't exist
[0.565s] DEBUG:colcon.colcon_installed_package_information.package_discovery:Found 2 installed packages in /home/nvidia/2d_slam/src/LSLIDAR_X_ROS2-20240228/install
[0.567s] DEBUG:colcon.colcon_installed_package_information.package_discovery:Found 399 installed packages in /opt/ros/humble
[0.570s] Level 1:colcon.colcon_core.package_discovery:discover_packages(prefix_path) using defaults
[0.651s] Level 5:colcon.colcon_core.verb:set package 'lslidar_msgs' build argument 'cmake_args' from command line to 'None'
[0.651s] Level 5:colcon.colcon_core.verb:set package 'lslidar_msgs' build argument 'cmake_target' from command line to 'None'
[0.651s] Level 5:colcon.colcon_core.verb:set package 'lslidar_msgs' build argument 'cmake_target_skip_unavailable' from command line to 'False'
[0.651s] Level 5:colcon.colcon_core.verb:set package 'lslidar_msgs' build argument 'cmake_clean_cache' from command line to 'False'
[0.651s] Level 5:colcon.colcon_core.verb:set package 'lslidar_msgs' build argument 'cmake_clean_first' from command line to 'False'
[0.651s] Level 5:colcon.colcon_core.verb:set package 'lslidar_msgs' build argument 'cmake_force_configure' from command line to 'False'
[0.651s] Level 5:colcon.colcon_core.verb:set package 'lslidar_msgs' build argument 'ament_cmake_args' from command line to 'None'
[0.651s] Level 5:colcon.colcon_core.verb:set package 'lslidar_msgs' build argument 'catkin_cmake_args' from command line to 'None'
[0.651s] Level 5:colcon.colcon_core.verb:set package 'lslidar_msgs' build argument 'catkin_skip_building_tests' from command line to 'False'
[0.651s] DEBUG:colcon.colcon_core.verb:Building package 'lslidar_msgs' with the following arguments: {'ament_cmake_args': None, 'build_base': '/home/nvidia/2d_slam/src/LSLIDAR_X_ROS2-20240228/build/lslidar_msgs', 'catkin_cmake_args': None, 'catkin_skip_building_tests': False, 'cmake_args': None, 'cmake_clean_cache': False, 'cmake_clean_first': False, 'cmake_force_configure': False, 'cmake_target': None, 'cmake_target_skip_unavailable': False, 'install_base': '/home/nvidia/2d_slam/src/LSLIDAR_X_ROS2-20240228/install/lslidar_msgs', 'merge_install': False, 'path': '/home/nvidia/2d_slam/src/LSLIDAR_X_ROS2-20240228/src/lslidar_msgs', 'symlink_install': False, 'test_result_base': None}
[0.652s] Level 5:colcon.colcon_core.verb:set package 'lslidar_driver' build argument 'cmake_args' from command line to 'None'
[0.652s] Level 5:colcon.colcon_core.verb:set package 'lslidar_driver' build argument 'cmake_target' from command line to 'None'
[0.652s] Level 5:colcon.colcon_core.verb:set package 'lslidar_driver' build argument 'cmake_target_skip_unavailable' from command line to 'False'
[0.652s] Level 5:colcon.colcon_core.verb:set package 'lslidar_driver' build argument 'cmake_clean_cache' from command line to 'False'
[0.652s] Level 5:colcon.colcon_core.verb:set package 'lslidar_driver' build argument 'cmake_clean_first' from command line to 'False'
[0.652s] Level 5:colcon.colcon_core.verb:set package 'lslidar_driver' build argument 'cmake_force_configure' from command line to 'False'
[0.652s] Level 5:colcon.colcon_core.verb:set package 'lslidar_driver' build argument 'ament_cmake_args' from command line to 'None'
[0.652s] Level 5:colcon.colcon_core.verb:set package 'lslidar_driver' build argument 'catkin_cmake_args' from command line to 'None'
[0.652s] Level 5:colcon.colcon_core.verb:set package 'lslidar_driver' build argument 'catkin_skip_building_tests' from command line to 'False'
[0.652s] DEBUG:colcon.colcon_core.verb:Building package 'lslidar_driver' with the following arguments: {'ament_cmake_args': None, 'build_base': '/home/nvidia/2d_slam/src/LSLIDAR_X_ROS2-20240228/build/lslidar_driver', 'catkin_cmake_args': None, 'catkin_skip_building_tests': False, 'cmake_args': None, 'cmake_clean_cache': False, 'cmake_clean_first': False, 'cmake_force_configure': False, 'cmake_target': None, 'cmake_target_skip_unavailable': False, 'install_base': '/home/nvidia/2d_slam/src/LSLIDAR_X_ROS2-20240228/install/lslidar_driver', 'merge_install': False, 'path': '/home/nvidia/2d_slam/src/LSLIDAR_X_ROS2-20240228/src/lslidar_driver', 'symlink_install': False, 'test_result_base': None}
[0.653s] INFO:colcon.colcon_core.executor:Executing jobs using 'parallel' executor
[0.655s] DEBUG:colcon.colcon_parallel_executor.executor.parallel:run_until_complete
[0.655s] INFO:colcon.colcon_ros.task.ament_cmake.build:Building ROS package in '/home/nvidia/2d_slam/src/LSLIDAR_X_ROS2-20240228/src/lslidar_msgs' with build type 'ament_cmake'
[0.655s] INFO:colcon.colcon_cmake.task.cmake.build:Building CMake package in '/home/nvidia/2d_slam/src/LSLIDAR_X_ROS2-20240228/src/lslidar_msgs'
[0.659s] INFO:colcon.colcon_core.plugin_system:Skipping extension 'colcon_core.shell.bat': Not used on non-Windows systems
[0.659s] INFO:colcon.colcon_core.shell:Skip shell extension 'powershell' for command environment: Not usable outside of PowerShell
[0.660s] DEBUG:colcon.colcon_core.shell:Skip shell extension 'dsv' for command environment
[0.678s] DEBUG:colcon.colcon_core.event_handler.log_command:Invoking command in '/home/nvidia/2d_slam/src/LSLIDAR_X_ROS2-20240228/build/lslidar_msgs': CMAKE_PREFIX_PATH=${CMAKE_PREFIX_PATH}:/opt/ros/humble /usr/bin/cmake --build /home/nvidia/2d_slam/src/LSLIDAR_X_ROS2-20240228/build/lslidar_msgs -- -j8 -l8
[1.315s] DEBUG:colcon.colcon_core.event_handler.log_command:Invoked command in '/home/nvidia/2d_slam/src/LSLIDAR_X_ROS2-20240228/build/lslidar_msgs' returned '0': CMAKE_PREFIX_PATH=${CMAKE_PREFIX_PATH}:/opt/ros/humble /usr/bin/cmake --build /home/nvidia/2d_slam/src/LSLIDAR_X_ROS2-20240228/build/lslidar_msgs -- -j8 -l8
[1.338s] DEBUG:colcon.colcon_core.event_handler.log_command:Invoking command in '/home/nvidia/2d_slam/src/LSLIDAR_X_ROS2-20240228/build/lslidar_msgs': CMAKE_PREFIX_PATH=${CMAKE_PREFIX_PATH}:/opt/ros/humble /usr/bin/cmake --install /home/nvidia/2d_slam/src/LSLIDAR_X_ROS2-20240228/build/lslidar_msgs
[1.443s] Level 1:colcon.colcon_core.environment:create_environment_scripts_only(lslidar_msgs)
[1.454s] DEBUG:colcon.colcon_core.event_handler.log_command:Invoked command in '/home/nvidia/2d_slam/src/LSLIDAR_X_ROS2-20240228/build/lslidar_msgs' returned '0': CMAKE_PREFIX_PATH=${CMAKE_PREFIX_PATH}:/opt/ros/humble /usr/bin/cmake --install /home/nvidia/2d_slam/src/LSLIDAR_X_ROS2-20240228/build/lslidar_msgs
[1.459s] Level 1:colcon.colcon_core.environment:checking '/home/nvidia/2d_slam/src/LSLIDAR_X_ROS2-20240228/install/lslidar_msgs' for CMake module files
[1.462s] Level 1:colcon.colcon_core.environment:checking '/home/nvidia/2d_slam/src/LSLIDAR_X_ROS2-20240228/install/lslidar_msgs' for CMake config files
[1.463s] Level 1:colcon.colcon_core.shell:create_environment_hook('lslidar_msgs', 'cmake_prefix_path')
[1.464s] INFO:colcon.colcon_core.shell:Creating environment hook '/home/nvidia/2d_slam/src/LSLIDAR_X_ROS2-20240228/install/lslidar_msgs/share/lslidar_msgs/hook/cmake_prefix_path.ps1'
[1.466s] INFO:colcon.colcon_core.shell:Creating environment descriptor '/home/nvidia/2d_slam/src/LSLIDAR_X_ROS2-20240228/install/lslidar_msgs/share/lslidar_msgs/hook/cmake_prefix_path.dsv'
[1.468s] INFO:colcon.colcon_core.shell:Creating environment hook '/home/nvidia/2d_slam/src/LSLIDAR_X_ROS2-20240228/install/lslidar_msgs/share/lslidar_msgs/hook/cmake_prefix_path.sh'
[1.471s] Level 1:colcon.colcon_core.environment:checking '/home/nvidia/2d_slam/src/LSLIDAR_X_ROS2-20240228/install/lslidar_msgs/lib'
[1.472s] Level 1:colcon.colcon_core.shell:create_environment_hook('lslidar_msgs', 'ld_library_path_lib')
[1.473s] INFO:colcon.colcon_core.shell:Creating environment hook '/home/nvidia/2d_slam/src/LSLIDAR_X_ROS2-20240228/install/lslidar_msgs/share/lslidar_msgs/hook/ld_library_path_lib.ps1'
[1.475s] INFO:colcon.colcon_core.shell:Creating environment descriptor '/home/nvidia/2d_slam/src/LSLIDAR_X_ROS2-20240228/install/lslidar_msgs/share/lslidar_msgs/hook/ld_library_path_lib.dsv'
[1.476s] INFO:colcon.colcon_core.shell:Creating environment hook '/home/nvidia/2d_slam/src/LSLIDAR_X_ROS2-20240228/install/lslidar_msgs/share/lslidar_msgs/hook/ld_library_path_lib.sh'
[1.478s] Level 1:colcon.colcon_core.environment:checking '/home/nvidia/2d_slam/src/LSLIDAR_X_ROS2-20240228/install/lslidar_msgs/bin'
[1.478s] Level 1:colcon.colcon_core.environment:checking '/home/nvidia/2d_slam/src/LSLIDAR_X_ROS2-20240228/install/lslidar_msgs/lib/pkgconfig/lslidar_msgs.pc'
[1.478s] Level 1:colcon.colcon_core.environment:checking '/home/nvidia/2d_slam/src/LSLIDAR_X_ROS2-20240228/install/lslidar_msgs/lib/python3.10/site-packages'
[1.479s] Level 1:colcon.colcon_core.environment:checking '/home/nvidia/2d_slam/src/LSLIDAR_X_ROS2-20240228/install/lslidar_msgs/bin'
[1.479s] INFO:colcon.colcon_core.shell:Creating package script '/home/nvidia/2d_slam/src/LSLIDAR_X_ROS2-20240228/install/lslidar_msgs/share/lslidar_msgs/package.ps1'
[1.482s] INFO:colcon.colcon_core.shell:Creating package descriptor '/home/nvidia/2d_slam/src/LSLIDAR_X_ROS2-20240228/install/lslidar_msgs/share/lslidar_msgs/package.dsv'
[1.484s] INFO:colcon.colcon_core.shell:Creating package script '/home/nvidia/2d_slam/src/LSLIDAR_X_ROS2-20240228/install/lslidar_msgs/share/lslidar_msgs/package.sh'
[1.486s] INFO:colcon.colcon_core.shell:Creating package script '/home/nvidia/2d_slam/src/LSLIDAR_X_ROS2-20240228/install/lslidar_msgs/share/lslidar_msgs/package.bash'
[1.489s] INFO:colcon.colcon_core.shell:Creating package script '/home/nvidia/2d_slam/src/LSLIDAR_X_ROS2-20240228/install/lslidar_msgs/share/lslidar_msgs/package.zsh'
[1.490s] Level 1:colcon.colcon_core.environment:create_file_with_runtime_dependencies(/home/nvidia/2d_slam/src/LSLIDAR_X_ROS2-20240228/install/lslidar_msgs/share/colcon-core/packages/lslidar_msgs)
[1.492s] Level 1:colcon.colcon_core.environment:create_environment_scripts_only(lslidar_msgs)
[1.492s] Level 1:colcon.colcon_core.environment:checking '/home/nvidia/2d_slam/src/LSLIDAR_X_ROS2-20240228/install/lslidar_msgs' for CMake module files
[1.494s] Level 1:colcon.colcon_core.environment:checking '/home/nvidia/2d_slam/src/LSLIDAR_X_ROS2-20240228/install/lslidar_msgs' for CMake config files
[1.494s] Level 1:colcon.colcon_core.shell:create_environment_hook('lslidar_msgs', 'cmake_prefix_path')
[1.494s] INFO:colcon.colcon_core.shell:Creating environment hook '/home/nvidia/2d_slam/src/LSLIDAR_X_ROS2-20240228/install/lslidar_msgs/share/lslidar_msgs/hook/cmake_prefix_path.ps1'
[1.495s] INFO:colcon.colcon_core.shell:Creating environment descriptor '/home/nvidia/2d_slam/src/LSLIDAR_X_ROS2-20240228/install/lslidar_msgs/share/lslidar_msgs/hook/cmake_prefix_path.dsv'
[1.496s] INFO:colcon.colcon_core.shell:Creating environment hook '/home/nvidia/2d_slam/src/LSLIDAR_X_ROS2-20240228/install/lslidar_msgs/share/lslidar_msgs/hook/cmake_prefix_path.sh'
[1.497s] Level 1:colcon.colcon_core.environment:checking '/home/nvidia/2d_slam/src/LSLIDAR_X_ROS2-20240228/install/lslidar_msgs/lib'
[1.498s] Level 1:colcon.colcon_core.shell:create_environment_hook('lslidar_msgs', 'ld_library_path_lib')
[1.498s] INFO:colcon.colcon_core.shell:Creating environment hook '/home/nvidia/2d_slam/src/LSLIDAR_X_ROS2-20240228/install/lslidar_msgs/share/lslidar_msgs/hook/ld_library_path_lib.ps1'
[1.500s] INFO:colcon.colcon_core.shell:Creating environment descriptor '/home/nvidia/2d_slam/src/LSLIDAR_X_ROS2-20240228/install/lslidar_msgs/share/lslidar_msgs/hook/ld_library_path_lib.dsv'
[1.502s] INFO:colcon.colcon_core.shell:Creating environment hook '/home/nvidia/2d_slam/src/LSLIDAR_X_ROS2-20240228/install/lslidar_msgs/share/lslidar_msgs/hook/ld_library_path_lib.sh'
[1.503s] Level 1:colcon.colcon_core.environment:checking '/home/nvidia/2d_slam/src/LSLIDAR_X_ROS2-20240228/install/lslidar_msgs/bin'
[1.503s] Level 1:colcon.colcon_core.environment:checking '/home/nvidia/2d_slam/src/LSLIDAR_X_ROS2-20240228/install/lslidar_msgs/lib/pkgconfig/lslidar_msgs.pc'
[1.504s] Level 1:colcon.colcon_core.environment:checking '/home/nvidia/2d_slam/src/LSLIDAR_X_ROS2-20240228/install/lslidar_msgs/lib/python3.10/site-packages'
[1.505s] Level 1:colcon.colcon_core.environment:checking '/home/nvidia/2d_slam/src/LSLIDAR_X_ROS2-20240228/install/lslidar_msgs/bin'
[1.506s] INFO:colcon.colcon_core.shell:Creating package script '/home/nvidia/2d_slam/src/LSLIDAR_X_ROS2-20240228/install/lslidar_msgs/share/lslidar_msgs/package.ps1'
[1.508s] INFO:colcon.colcon_core.shell:Creating package descriptor '/home/nvidia/2d_slam/src/LSLIDAR_X_ROS2-20240228/install/lslidar_msgs/share/lslidar_msgs/package.dsv'
[1.509s] INFO:colcon.colcon_core.shell:Creating package script '/home/nvidia/2d_slam/src/LSLIDAR_X_ROS2-20240228/install/lslidar_msgs/share/lslidar_msgs/package.sh'
[1.510s] INFO:colcon.colcon_core.shell:Creating package script '/home/nvidia/2d_slam/src/LSLIDAR_X_ROS2-20240228/install/lslidar_msgs/share/lslidar_msgs/package.bash'
[1.510s] INFO:colcon.colcon_core.shell:Creating package script '/home/nvidia/2d_slam/src/LSLIDAR_X_ROS2-20240228/install/lslidar_msgs/share/lslidar_msgs/package.zsh'
[1.511s] Level 1:colcon.colcon_core.environment:create_file_with_runtime_dependencies(/home/nvidia/2d_slam/src/LSLIDAR_X_ROS2-20240228/install/lslidar_msgs/share/colcon-core/packages/lslidar_msgs)
[1.512s] INFO:colcon.colcon_ros.task.ament_cmake.build:Building ROS package in '/home/nvidia/2d_slam/src/LSLIDAR_X_ROS2-20240228/src/lslidar_driver' with build type 'ament_cmake'
[1.512s] INFO:colcon.colcon_cmake.task.cmake.build:Building CMake package in '/home/nvidia/2d_slam/src/LSLIDAR_X_ROS2-20240228/src/lslidar_driver'
[1.512s] INFO:colcon.colcon_core.shell:Skip shell extension 'powershell' for command environment: Not usable outside of PowerShell
[1.513s] DEBUG:colcon.colcon_core.shell:Skip shell extension 'dsv' for command environment
[1.544s] DEBUG:colcon.colcon_core.event_handler.log_command:Invoking command in '/home/nvidia/2d_slam/src/LSLIDAR_X_ROS2-20240228/build/lslidar_driver': CMAKE_PREFIX_PATH=/home/nvidia/2d_slam/src/LSLIDAR_X_ROS2-20240228/install/lslidar_msgs:/home/nvidia/2d_slam/src/LSLIDAR_X_ROS2-20240228/install/lslidar_driver:/usr/share/gazebo-11/cmake:/usr/share/gazebo/cmake:/opt/ros/humble /usr/bin/cmake --build /home/nvidia/2d_slam/src/LSLIDAR_X_ROS2-20240228/build/lslidar_driver -- -j8 -l8
[1.756s] DEBUG:colcon.colcon_core.event_handler.log_command:Invoked command in '/home/nvidia/2d_slam/src/LSLIDAR_X_ROS2-20240228/build/lslidar_driver' returned '0': CMAKE_PREFIX_PATH=/home/nvidia/2d_slam/src/LSLIDAR_X_ROS2-20240228/install/lslidar_msgs:/home/nvidia/2d_slam/src/LSLIDAR_X_ROS2-20240228/install/lslidar_driver:/usr/share/gazebo-11/cmake:/usr/share/gazebo/cmake:/opt/ros/humble /usr/bin/cmake --build /home/nvidia/2d_slam/src/LSLIDAR_X_ROS2-20240228/build/lslidar_driver -- -j8 -l8
[1.762s] DEBUG:colcon.colcon_core.event_handler.log_command:Invoking command in '/home/nvidia/2d_slam/src/LSLIDAR_X_ROS2-20240228/build/lslidar_driver': CMAKE_PREFIX_PATH=/home/nvidia/2d_slam/src/LSLIDAR_X_ROS2-20240228/install/lslidar_msgs:/home/nvidia/2d_slam/src/LSLIDAR_X_ROS2-20240228/install/lslidar_driver:/usr/share/gazebo-11/cmake:/usr/share/gazebo/cmake:/opt/ros/humble /usr/bin/cmake --install /home/nvidia/2d_slam/src/LSLIDAR_X_ROS2-20240228/build/lslidar_driver
[1.783s] Level 1:colcon.colcon_core.environment:create_environment_scripts_only(lslidar_driver)
[1.784s] Level 1:colcon.colcon_core.environment:checking '/home/nvidia/2d_slam/src/LSLIDAR_X_ROS2-20240228/install/lslidar_driver' for CMake module files
[1.787s] DEBUG:colcon.colcon_core.event_handler.log_command:Invoked command in '/home/nvidia/2d_slam/src/LSLIDAR_X_ROS2-20240228/build/lslidar_driver' returned '0': CMAKE_PREFIX_PATH=/home/nvidia/2d_slam/src/LSLIDAR_X_ROS2-20240228/install/lslidar_msgs:/home/nvidia/2d_slam/src/LSLIDAR_X_ROS2-20240228/install/lslidar_driver:/usr/share/gazebo-11/cmake:/usr/share/gazebo/cmake:/opt/ros/humble /usr/bin/cmake --install /home/nvidia/2d_slam/src/LSLIDAR_X_ROS2-20240228/build/lslidar_driver
[1.788s] Level 1:colcon.colcon_core.environment:checking '/home/nvidia/2d_slam/src/LSLIDAR_X_ROS2-20240228/install/lslidar_driver' for CMake config files
[1.788s] Level 1:colcon.colcon_core.shell:create_environment_hook('lslidar_driver', 'cmake_prefix_path')
[1.789s] INFO:colcon.colcon_core.shell:Creating environment hook '/home/nvidia/2d_slam/src/LSLIDAR_X_ROS2-20240228/install/lslidar_driver/share/lslidar_driver/hook/cmake_prefix_path.ps1'
[1.790s] INFO:colcon.colcon_core.shell:Creating environment descriptor '/home/nvidia/2d_slam/src/LSLIDAR_X_ROS2-20240228/install/lslidar_driver/share/lslidar_driver/hook/cmake_prefix_path.dsv'
[1.791s] INFO:colcon.colcon_core.shell:Creating environment hook '/home/nvidia/2d_slam/src/LSLIDAR_X_ROS2-20240228/install/lslidar_driver/share/lslidar_driver/hook/cmake_prefix_path.sh'
[1.792s] Level 1:colcon.colcon_core.environment:checking '/home/nvidia/2d_slam/src/LSLIDAR_X_ROS2-20240228/install/lslidar_driver/lib'
[1.792s] Level 1:colcon.colcon_core.environment:checking '/home/nvidia/2d_slam/src/LSLIDAR_X_ROS2-20240228/install/lslidar_driver/bin'
[1.793s] Level 1:colcon.colcon_core.environment:checking '/home/nvidia/2d_slam/src/LSLIDAR_X_ROS2-20240228/install/lslidar_driver/lib/pkgconfig/lslidar_driver.pc'
[1.793s] Level 1:colcon.colcon_core.environment:checking '/home/nvidia/2d_slam/src/LSLIDAR_X_ROS2-20240228/install/lslidar_driver/lib/python3.10/site-packages'
[1.793s] Level 1:colcon.colcon_core.environment:checking '/home/nvidia/2d_slam/src/LSLIDAR_X_ROS2-20240228/install/lslidar_driver/bin'
[1.794s] INFO:colcon.colcon_core.shell:Creating package script '/home/nvidia/2d_slam/src/LSLIDAR_X_ROS2-20240228/install/lslidar_driver/share/lslidar_driver/package.ps1'
[1.796s] INFO:colcon.colcon_core.shell:Creating package descriptor '/home/nvidia/2d_slam/src/LSLIDAR_X_ROS2-20240228/install/lslidar_driver/share/lslidar_driver/package.dsv'
[1.797s] INFO:colcon.colcon_core.shell:Creating package script '/home/nvidia/2d_slam/src/LSLIDAR_X_ROS2-20240228/install/lslidar_driver/share/lslidar_driver/package.sh'
[1.797s] INFO:colcon.colcon_core.shell:Creating package script '/home/nvidia/2d_slam/src/LSLIDAR_X_ROS2-20240228/install/lslidar_driver/share/lslidar_driver/package.bash'
[1.798s] INFO:colcon.colcon_core.shell:Creating package script '/home/nvidia/2d_slam/src/LSLIDAR_X_ROS2-20240228/install/lslidar_driver/share/lslidar_driver/package.zsh'
[1.800s] Level 1:colcon.colcon_core.environment:create_file_with_runtime_dependencies(/home/nvidia/2d_slam/src/LSLIDAR_X_ROS2-20240228/install/lslidar_driver/share/colcon-core/packages/lslidar_driver)
[1.802s] Level 1:colcon.colcon_core.environment:create_environment_scripts_only(lslidar_driver)
[1.803s] Level 1:colcon.colcon_core.environment:checking '/home/nvidia/2d_slam/src/LSLIDAR_X_ROS2-20240228/install/lslidar_driver' for CMake module files
[1.805s] Level 1:colcon.colcon_core.environment:checking '/home/nvidia/2d_slam/src/LSLIDAR_X_ROS2-20240228/install/lslidar_driver' for CMake config files
[1.806s] Level 1:colcon.colcon_core.shell:create_environment_hook('lslidar_driver', 'cmake_prefix_path')
[1.807s] INFO:colcon.colcon_core.shell:Creating environment hook '/home/nvidia/2d_slam/src/LSLIDAR_X_ROS2-20240228/install/lslidar_driver/share/lslidar_driver/hook/cmake_prefix_path.ps1'
[1.809s] INFO:colcon.colcon_core.shell:Creating environment descriptor '/home/nvidia/2d_slam/src/LSLIDAR_X_ROS2-20240228/install/lslidar_driver/share/lslidar_driver/hook/cmake_prefix_path.dsv'
[1.810s] INFO:colcon.colcon_core.shell:Creating environment hook '/home/nvidia/2d_slam/src/LSLIDAR_X_ROS2-20240228/install/lslidar_driver/share/lslidar_driver/hook/cmake_prefix_path.sh'
[1.812s] Level 1:colcon.colcon_core.environment:checking '/home/nvidia/2d_slam/src/LSLIDAR_X_ROS2-20240228/install/lslidar_driver/lib'
[1.813s] Level 1:colcon.colcon_core.environment:checking '/home/nvidia/2d_slam/src/LSLIDAR_X_ROS2-20240228/install/lslidar_driver/bin'
[1.813s] Level 1:colcon.colcon_core.environment:checking '/home/nvidia/2d_slam/src/LSLIDAR_X_ROS2-20240228/install/lslidar_driver/lib/pkgconfig/lslidar_driver.pc'
[1.813s] Level 1:colcon.colcon_core.environment:checking '/home/nvidia/2d_slam/src/LSLIDAR_X_ROS2-20240228/install/lslidar_driver/lib/python3.10/site-packages'
[1.814s] Level 1:colcon.colcon_core.environment:checking '/home/nvidia/2d_slam/src/LSLIDAR_X_ROS2-20240228/install/lslidar_driver/bin'
[1.814s] INFO:colcon.colcon_core.shell:Creating package script '/home/nvidia/2d_slam/src/LSLIDAR_X_ROS2-20240228/install/lslidar_driver/share/lslidar_driver/package.ps1'
[1.815s] INFO:colcon.colcon_core.shell:Creating package descriptor '/home/nvidia/2d_slam/src/LSLIDAR_X_ROS2-20240228/install/lslidar_driver/share/lslidar_driver/package.dsv'
[1.816s] INFO:colcon.colcon_core.shell:Creating package script '/home/nvidia/2d_slam/src/LSLIDAR_X_ROS2-20240228/install/lslidar_driver/share/lslidar_driver/package.sh'
[1.817s] INFO:colcon.colcon_core.shell:Creating package script '/home/nvidia/2d_slam/src/LSLIDAR_X_ROS2-20240228/install/lslidar_driver/share/lslidar_driver/package.bash'
[1.819s] INFO:colcon.colcon_core.shell:Creating package script '/home/nvidia/2d_slam/src/LSLIDAR_X_ROS2-20240228/install/lslidar_driver/share/lslidar_driver/package.zsh'
[1.819s] Level 1:colcon.colcon_core.environment:create_file_with_runtime_dependencies(/home/nvidia/2d_slam/src/LSLIDAR_X_ROS2-20240228/install/lslidar_driver/share/colcon-core/packages/lslidar_driver)
[1.820s] DEBUG:colcon.colcon_parallel_executor.executor.parallel:closing loop
[1.820s] DEBUG:colcon.colcon_parallel_executor.executor.parallel:loop closed
[1.821s] DEBUG:colcon.colcon_parallel_executor.executor.parallel:run_until_complete finished with '0'
[1.821s] DEBUG:colcon.colcon_core.event_reactor:joining thread
[1.838s] INFO:colcon.colcon_core.plugin_system:Skipping extension 'colcon_notification.desktop_notification.terminal_notifier': Not used on non-Darwin systems
[1.838s] INFO:colcon.colcon_core.plugin_system:Skipping extension 'colcon_notification.desktop_notification.win32': Not used on non-Windows systems
[1.838s] INFO:colcon.colcon_notification.desktop_notification:Sending desktop notification using 'notify2'
[1.886s] DEBUG:colcon.colcon_core.event_reactor:joined thread
[1.887s] INFO:colcon.colcon_core.shell:Creating prefix script '/home/nvidia/2d_slam/src/LSLIDAR_X_ROS2-20240228/install/local_setup.ps1'
[1.890s] INFO:colcon.colcon_core.shell:Creating prefix util module '/home/nvidia/2d_slam/src/LSLIDAR_X_ROS2-20240228/install/_local_setup_util_ps1.py'
[1.894s] INFO:colcon.colcon_core.shell:Creating prefix chain script '/home/nvidia/2d_slam/src/LSLIDAR_X_ROS2-20240228/install/setup.ps1'
[1.896s] INFO:colcon.colcon_core.shell:Creating prefix script '/home/nvidia/2d_slam/src/LSLIDAR_X_ROS2-20240228/install/local_setup.sh'
[1.898s] INFO:colcon.colcon_core.shell:Creating prefix util module '/home/nvidia/2d_slam/src/LSLIDAR_X_ROS2-20240228/install/_local_setup_util_sh.py'
[1.899s] INFO:colcon.colcon_core.shell:Creating prefix chain script '/home/nvidia/2d_slam/src/LSLIDAR_X_ROS2-20240228/install/setup.sh'
[1.903s] INFO:colcon.colcon_core.shell:Creating prefix script '/home/nvidia/2d_slam/src/LSLIDAR_X_ROS2-20240228/install/local_setup.bash'
[1.905s] INFO:colcon.colcon_core.shell:Creating prefix chain script '/home/nvidia/2d_slam/src/LSLIDAR_X_ROS2-20240228/install/setup.bash'
[1.908s] INFO:colcon.colcon_core.shell:Creating prefix script '/home/nvidia/2d_slam/src/LSLIDAR_X_ROS2-20240228/install/local_setup.zsh'
[1.910s] INFO:colcon.colcon_core.shell:Creating prefix chain script '/home/nvidia/2d_slam/src/LSLIDAR_X_ROS2-20240228/install/setup.zsh'
