[0.018s] Invoking command in '/home/nvidia/2d_slam/build/lslidar_msgs': CMAKE_PREFIX_PATH=${CMAKE_PREFIX_PATH}:/opt/ros/humble /usr/bin/cmake --build /home/nvidia/2d_slam/build/lslidar_msgs -- -j8 -l8
[0.092s] [35m[1mConsolidate compiler generated dependencies of target lslidar_msgs__rosidl_generator_c[0m
[0.111s] [  1%] Built target lslidar_msgs__cpp
[0.113s] [ 12%] Built target lslidar_msgs__rosidl_generator_c
[0.130s] [ 12%] Built target ament_cmake_python_copy_lslidar_msgs
[0.136s] [35m[1mConsolidate compiler generated dependencies of target lslidar_msgs__rosidl_typesupport_fastrtps_c[0m
[0.137s] [35m[1mConsolidate compiler generated dependencies of target lslidar_msgs__rosidl_typesupport_introspection_cpp[0m
[0.137s] [35m[1mConsolidate compiler generated dependencies of target lslidar_msgs__rosidl_typesupport_fastrtps_cpp[0m
[0.152s] [35m[1mConsolidate compiler generated dependencies of target lslidar_msgs__rosidl_typesupport_introspection_c[0m
[0.152s] [35m[1mConsolidate compiler generated dependencies of target lslidar_msgs__rosidl_typesupport_c[0m
[0.154s] [35m[1mConsolidate compiler generated dependencies of target lslidar_msgs__rosidl_typesupport_cpp[0m
[0.167s] [ 23%] Built target lslidar_msgs__rosidl_typesupport_fastrtps_c
[0.171s] [ 34%] Built target lslidar_msgs__rosidl_typesupport_introspection_cpp
[0.173s] [ 55%] Built target lslidar_msgs__rosidl_typesupport_fastrtps_cpp
[0.173s] [ 57%] Built target lslidar_msgs__rosidl_typesupport_c
[0.175s] [ 68%] Built target lslidar_msgs__rosidl_typesupport_introspection_c
[0.188s] [ 79%] Built target lslidar_msgs__rosidl_typesupport_cpp
[0.224s] [ 79%] Built target lslidar_msgs
[0.267s] [ 80%] Built target lslidar_msgs__py
[0.289s] [35m[1mConsolidate compiler generated dependencies of target lslidar_msgs__rosidl_generator_py[0m
[0.320s] [ 90%] Built target lslidar_msgs__rosidl_generator_py
[0.341s] [35m[1mConsolidate compiler generated dependencies of target lslidar_msgs__rosidl_typesupport_c__pyext[0m
[0.341s] [35m[1mConsolidate compiler generated dependencies of target lslidar_msgs__rosidl_typesupport_introspection_c__pyext[0m
[0.342s] [35m[1mConsolidate compiler generated dependencies of target lslidar_msgs__rosidl_typesupport_fastrtps_c__pyext[0m
[0.368s] [ 96%] Built target lslidar_msgs__rosidl_typesupport_c__pyext
[0.368s] [ 96%] Built target lslidar_msgs__rosidl_typesupport_fastrtps_c__pyext
[0.368s] [100%] Built target lslidar_msgs__rosidl_typesupport_introspection_c__pyext
[0.610s] running egg_info
[0.611s] writing lslidar_msgs.egg-info/PKG-INFO
[0.612s] writing dependency_links to lslidar_msgs.egg-info/dependency_links.txt
[0.612s] writing top-level names to lslidar_msgs.egg-info/top_level.txt
[0.616s] reading manifest file 'lslidar_msgs.egg-info/SOURCES.txt'
[0.617s] writing manifest file 'lslidar_msgs.egg-info/SOURCES.txt'
[0.700s] [100%] Built target ament_cmake_python_build_lslidar_msgs_egg
[0.726s] Invoked command in '/home/nvidia/2d_slam/build/lslidar_msgs' returned '0': CMAKE_PREFIX_PATH=${CMAKE_PREFIX_PATH}:/opt/ros/humble /usr/bin/cmake --build /home/nvidia/2d_slam/build/lslidar_msgs -- -j8 -l8
[0.747s] Invoking command in '/home/nvidia/2d_slam/build/lslidar_msgs': CMAKE_PREFIX_PATH=${CMAKE_PREFIX_PATH}:/opt/ros/humble /usr/bin/cmake --install /home/nvidia/2d_slam/build/lslidar_msgs
[0.764s] -- Install configuration: ""
[0.765s] -- Up-to-date: /home/nvidia/2d_slam/install/lslidar_msgs/share/ament_index/resource_index/rosidl_interfaces/lslidar_msgs
[0.765s] -- Up-to-date: /home/nvidia/2d_slam/install/lslidar_msgs/include/lslidar_msgs/lslidar_msgs
[0.765s] -- Up-to-date: /home/nvidia/2d_slam/install/lslidar_msgs/include/lslidar_msgs/lslidar_msgs/msg
[0.765s] -- Up-to-date: /home/nvidia/2d_slam/install/lslidar_msgs/include/lslidar_msgs/lslidar_msgs/msg/lslidar_sweep.h
[0.766s] -- Up-to-date: /home/nvidia/2d_slam/install/lslidar_msgs/include/lslidar_msgs/lslidar_msgs/msg/rosidl_generator_c__visibility_control.h
[0.766s] -- Up-to-date: /home/nvidia/2d_slam/install/lslidar_msgs/include/lslidar_msgs/lslidar_msgs/msg/detail
[0.766s] -- Up-to-date: /home/nvidia/2d_slam/install/lslidar_msgs/include/lslidar_msgs/lslidar_msgs/msg/detail/lslidar_packet__struct.h
[0.766s] -- Up-to-date: /home/nvidia/2d_slam/install/lslidar_msgs/include/lslidar_msgs/lslidar_msgs/msg/detail/lslidar_scan__type_support.h
[0.766s] -- Up-to-date: /home/nvidia/2d_slam/install/lslidar_msgs/include/lslidar_msgs/lslidar_msgs/msg/detail/lslidar_scan__functions.h
[0.767s] -- Up-to-date: /home/nvidia/2d_slam/install/lslidar_msgs/include/lslidar_msgs/lslidar_msgs/msg/detail/lslidar_scan__struct.h
[0.767s] -- Up-to-date: /home/nvidia/2d_slam/install/lslidar_msgs/include/lslidar_msgs/lslidar_msgs/msg/detail/lslidar_packet__type_support.h
[0.767s] -- Up-to-date: /home/nvidia/2d_slam/install/lslidar_msgs/include/lslidar_msgs/lslidar_msgs/msg/detail/lslidar_point__functions.c
[0.767s] -- Up-to-date: /home/nvidia/2d_slam/install/lslidar_msgs/include/lslidar_msgs/lslidar_msgs/msg/detail/lslidar_difop__functions.h
[0.767s] -- Up-to-date: /home/nvidia/2d_slam/install/lslidar_msgs/include/lslidar_msgs/lslidar_msgs/msg/detail/lslidar_point__functions.h
[0.767s] -- Up-to-date: /home/nvidia/2d_slam/install/lslidar_msgs/include/lslidar_msgs/lslidar_msgs/msg/detail/lslidar_sweep__type_support.h
[0.767s] -- Up-to-date: /home/nvidia/2d_slam/install/lslidar_msgs/include/lslidar_msgs/lslidar_msgs/msg/detail/lslidar_sweep__struct.h
[0.768s] -- Up-to-date: /home/nvidia/2d_slam/install/lslidar_msgs/include/lslidar_msgs/lslidar_msgs/msg/detail/lslidar_sweep__functions.h
[0.768s] -- Up-to-date: /home/nvidia/2d_slam/install/lslidar_msgs/include/lslidar_msgs/lslidar_msgs/msg/detail/lslidar_point__struct.h
[0.768s] -- Up-to-date: /home/nvidia/2d_slam/install/lslidar_msgs/include/lslidar_msgs/lslidar_msgs/msg/detail/lslidar_point__type_support.h
[0.768s] -- Up-to-date: /home/nvidia/2d_slam/install/lslidar_msgs/include/lslidar_msgs/lslidar_msgs/msg/detail/lslidar_scan__functions.c
[0.768s] -- Up-to-date: /home/nvidia/2d_slam/install/lslidar_msgs/include/lslidar_msgs/lslidar_msgs/msg/detail/lslidar_packet__functions.h
[0.768s] -- Up-to-date: /home/nvidia/2d_slam/install/lslidar_msgs/include/lslidar_msgs/lslidar_msgs/msg/detail/lslidar_difop__struct.h
[0.769s] -- Up-to-date: /home/nvidia/2d_slam/install/lslidar_msgs/include/lslidar_msgs/lslidar_msgs/msg/detail/lslidar_difop__functions.c
[0.769s] -- Up-to-date: /home/nvidia/2d_slam/install/lslidar_msgs/include/lslidar_msgs/lslidar_msgs/msg/detail/lslidar_sweep__functions.c
[0.769s] -- Up-to-date: /home/nvidia/2d_slam/install/lslidar_msgs/include/lslidar_msgs/lslidar_msgs/msg/detail/lslidar_packet__functions.c
[0.769s] -- Up-to-date: /home/nvidia/2d_slam/install/lslidar_msgs/include/lslidar_msgs/lslidar_msgs/msg/detail/lslidar_difop__type_support.h
[0.769s] -- Up-to-date: /home/nvidia/2d_slam/install/lslidar_msgs/include/lslidar_msgs/lslidar_msgs/msg/lslidar_scan.h
[0.770s] -- Up-to-date: /home/nvidia/2d_slam/install/lslidar_msgs/include/lslidar_msgs/lslidar_msgs/msg/lslidar_packet.h
[0.770s] -- Up-to-date: /home/nvidia/2d_slam/install/lslidar_msgs/include/lslidar_msgs/lslidar_msgs/msg/lslidar_point.h
[0.770s] -- Up-to-date: /home/nvidia/2d_slam/install/lslidar_msgs/include/lslidar_msgs/lslidar_msgs/msg/lslidar_difop.h
[0.770s] -- Up-to-date: /home/nvidia/2d_slam/install/lslidar_msgs/share/lslidar_msgs/environment/library_path.sh
[0.770s] -- Up-to-date: /home/nvidia/2d_slam/install/lslidar_msgs/share/lslidar_msgs/environment/library_path.dsv
[0.771s] -- Up-to-date: /home/nvidia/2d_slam/install/lslidar_msgs/lib/liblslidar_msgs__rosidl_generator_c.so
[0.771s] -- Up-to-date: /home/nvidia/2d_slam/install/lslidar_msgs/include/lslidar_msgs/lslidar_msgs
[0.771s] -- Up-to-date: /home/nvidia/2d_slam/install/lslidar_msgs/include/lslidar_msgs/lslidar_msgs/msg
[0.771s] -- Up-to-date: /home/nvidia/2d_slam/install/lslidar_msgs/include/lslidar_msgs/lslidar_msgs/msg/detail
[0.771s] -- Up-to-date: /home/nvidia/2d_slam/install/lslidar_msgs/include/lslidar_msgs/lslidar_msgs/msg/detail/lslidar_scan__rosidl_typesupport_fastrtps_c.h
[0.772s] -- Up-to-date: /home/nvidia/2d_slam/install/lslidar_msgs/include/lslidar_msgs/lslidar_msgs/msg/detail/lslidar_point__rosidl_typesupport_fastrtps_c.h
[0.772s] -- Up-to-date: /home/nvidia/2d_slam/install/lslidar_msgs/include/lslidar_msgs/lslidar_msgs/msg/detail/lslidar_packet__rosidl_typesupport_fastrtps_c.h
[0.772s] -- Up-to-date: /home/nvidia/2d_slam/install/lslidar_msgs/include/lslidar_msgs/lslidar_msgs/msg/detail/lslidar_sweep__rosidl_typesupport_fastrtps_c.h
[0.772s] -- Up-to-date: /home/nvidia/2d_slam/install/lslidar_msgs/include/lslidar_msgs/lslidar_msgs/msg/detail/lslidar_difop__rosidl_typesupport_fastrtps_c.h
[0.772s] -- Up-to-date: /home/nvidia/2d_slam/install/lslidar_msgs/include/lslidar_msgs/lslidar_msgs/msg/rosidl_typesupport_fastrtps_c__visibility_control.h
[0.772s] -- Up-to-date: /home/nvidia/2d_slam/install/lslidar_msgs/lib/liblslidar_msgs__rosidl_typesupport_fastrtps_c.so
[0.772s] -- Up-to-date: /home/nvidia/2d_slam/install/lslidar_msgs/include/lslidar_msgs/lslidar_msgs
[0.773s] -- Up-to-date: /home/nvidia/2d_slam/install/lslidar_msgs/include/lslidar_msgs/lslidar_msgs/msg
[0.773s] -- Up-to-date: /home/nvidia/2d_slam/install/lslidar_msgs/include/lslidar_msgs/lslidar_msgs/msg/lslidar_point.hpp
[0.773s] -- Up-to-date: /home/nvidia/2d_slam/install/lslidar_msgs/include/lslidar_msgs/lslidar_msgs/msg/lslidar_packet.hpp
[0.773s] -- Up-to-date: /home/nvidia/2d_slam/install/lslidar_msgs/include/lslidar_msgs/lslidar_msgs/msg/detail
[0.773s] -- Up-to-date: /home/nvidia/2d_slam/install/lslidar_msgs/include/lslidar_msgs/lslidar_msgs/msg/detail/lslidar_point__type_support.hpp
[0.773s] -- Up-to-date: /home/nvidia/2d_slam/install/lslidar_msgs/include/lslidar_msgs/lslidar_msgs/msg/detail/lslidar_sweep__struct.hpp
[0.773s] -- Up-to-date: /home/nvidia/2d_slam/install/lslidar_msgs/include/lslidar_msgs/lslidar_msgs/msg/detail/lslidar_packet__builder.hpp
[0.774s] -- Up-to-date: /home/nvidia/2d_slam/install/lslidar_msgs/include/lslidar_msgs/lslidar_msgs/msg/detail/lslidar_scan__struct.hpp
[0.774s] -- Up-to-date: /home/nvidia/2d_slam/install/lslidar_msgs/include/lslidar_msgs/lslidar_msgs/msg/detail/lslidar_point__builder.hpp
[0.774s] -- Up-to-date: /home/nvidia/2d_slam/install/lslidar_msgs/include/lslidar_msgs/lslidar_msgs/msg/detail/lslidar_scan__traits.hpp
[0.774s] -- Up-to-date: /home/nvidia/2d_slam/install/lslidar_msgs/include/lslidar_msgs/lslidar_msgs/msg/detail/lslidar_sweep__traits.hpp
[0.774s] -- Up-to-date: /home/nvidia/2d_slam/install/lslidar_msgs/include/lslidar_msgs/lslidar_msgs/msg/detail/lslidar_scan__builder.hpp
[0.774s] -- Up-to-date: /home/nvidia/2d_slam/install/lslidar_msgs/include/lslidar_msgs/lslidar_msgs/msg/detail/lslidar_difop__type_support.hpp
[0.774s] -- Up-to-date: /home/nvidia/2d_slam/install/lslidar_msgs/include/lslidar_msgs/lslidar_msgs/msg/detail/lslidar_packet__type_support.hpp
[0.774s] -- Up-to-date: /home/nvidia/2d_slam/install/lslidar_msgs/include/lslidar_msgs/lslidar_msgs/msg/detail/lslidar_sweep__type_support.hpp
[0.775s] -- Up-to-date: /home/nvidia/2d_slam/install/lslidar_msgs/include/lslidar_msgs/lslidar_msgs/msg/detail/lslidar_packet__struct.hpp
[0.775s] -- Up-to-date: /home/nvidia/2d_slam/install/lslidar_msgs/include/lslidar_msgs/lslidar_msgs/msg/detail/lslidar_difop__traits.hpp
[0.775s] -- Up-to-date: /home/nvidia/2d_slam/install/lslidar_msgs/include/lslidar_msgs/lslidar_msgs/msg/detail/lslidar_point__struct.hpp
[0.775s] -- Up-to-date: /home/nvidia/2d_slam/install/lslidar_msgs/include/lslidar_msgs/lslidar_msgs/msg/detail/lslidar_difop__builder.hpp
[0.775s] -- Up-to-date: /home/nvidia/2d_slam/install/lslidar_msgs/include/lslidar_msgs/lslidar_msgs/msg/detail/lslidar_sweep__builder.hpp
[0.775s] -- Up-to-date: /home/nvidia/2d_slam/install/lslidar_msgs/include/lslidar_msgs/lslidar_msgs/msg/detail/lslidar_difop__struct.hpp
[0.775s] -- Up-to-date: /home/nvidia/2d_slam/install/lslidar_msgs/include/lslidar_msgs/lslidar_msgs/msg/detail/lslidar_scan__type_support.hpp
[0.775s] -- Up-to-date: /home/nvidia/2d_slam/install/lslidar_msgs/include/lslidar_msgs/lslidar_msgs/msg/detail/lslidar_packet__traits.hpp
[0.776s] -- Up-to-date: /home/nvidia/2d_slam/install/lslidar_msgs/include/lslidar_msgs/lslidar_msgs/msg/detail/lslidar_point__traits.hpp
[0.776s] -- Up-to-date: /home/nvidia/2d_slam/install/lslidar_msgs/include/lslidar_msgs/lslidar_msgs/msg/lslidar_sweep.hpp
[0.776s] -- Up-to-date: /home/nvidia/2d_slam/install/lslidar_msgs/include/lslidar_msgs/lslidar_msgs/msg/rosidl_generator_cpp__visibility_control.hpp
[0.776s] -- Up-to-date: /home/nvidia/2d_slam/install/lslidar_msgs/include/lslidar_msgs/lslidar_msgs/msg/lslidar_scan.hpp
[0.777s] -- Up-to-date: /home/nvidia/2d_slam/install/lslidar_msgs/include/lslidar_msgs/lslidar_msgs/msg/lslidar_difop.hpp
[0.777s] -- Up-to-date: /home/nvidia/2d_slam/install/lslidar_msgs/include/lslidar_msgs/lslidar_msgs
[0.777s] -- Up-to-date: /home/nvidia/2d_slam/install/lslidar_msgs/include/lslidar_msgs/lslidar_msgs/msg
[0.777s] -- Up-to-date: /home/nvidia/2d_slam/install/lslidar_msgs/include/lslidar_msgs/lslidar_msgs/msg/detail
[0.777s] -- Up-to-date: /home/nvidia/2d_slam/install/lslidar_msgs/include/lslidar_msgs/lslidar_msgs/msg/detail/lslidar_packet__rosidl_typesupport_fastrtps_cpp.hpp
[0.777s] -- Up-to-date: /home/nvidia/2d_slam/install/lslidar_msgs/include/lslidar_msgs/lslidar_msgs/msg/detail/lslidar_difop__rosidl_typesupport_fastrtps_cpp.hpp
[0.777s] -- Up-to-date: /home/nvidia/2d_slam/install/lslidar_msgs/include/lslidar_msgs/lslidar_msgs/msg/detail/lslidar_sweep__rosidl_typesupport_fastrtps_cpp.hpp
[0.777s] -- Up-to-date: /home/nvidia/2d_slam/install/lslidar_msgs/include/lslidar_msgs/lslidar_msgs/msg/detail/lslidar_point__rosidl_typesupport_fastrtps_cpp.hpp
[0.777s] -- Up-to-date: /home/nvidia/2d_slam/install/lslidar_msgs/include/lslidar_msgs/lslidar_msgs/msg/detail/lslidar_scan__rosidl_typesupport_fastrtps_cpp.hpp
[0.778s] -- Up-to-date: /home/nvidia/2d_slam/install/lslidar_msgs/include/lslidar_msgs/lslidar_msgs/msg/detail/dds_fastrtps
[0.778s] -- Up-to-date: /home/nvidia/2d_slam/install/lslidar_msgs/include/lslidar_msgs/lslidar_msgs/msg/rosidl_typesupport_fastrtps_cpp__visibility_control.h
[0.778s] -- Up-to-date: /home/nvidia/2d_slam/install/lslidar_msgs/lib/liblslidar_msgs__rosidl_typesupport_fastrtps_cpp.so
[0.778s] -- Up-to-date: /home/nvidia/2d_slam/install/lslidar_msgs/include/lslidar_msgs/lslidar_msgs
[0.778s] -- Up-to-date: /home/nvidia/2d_slam/install/lslidar_msgs/include/lslidar_msgs/lslidar_msgs/msg
[0.778s] -- Up-to-date: /home/nvidia/2d_slam/install/lslidar_msgs/include/lslidar_msgs/lslidar_msgs/msg/rosidl_typesupport_introspection_c__visibility_control.h
[0.778s] -- Up-to-date: /home/nvidia/2d_slam/install/lslidar_msgs/include/lslidar_msgs/lslidar_msgs/msg/detail
[0.778s] -- Up-to-date: /home/nvidia/2d_slam/install/lslidar_msgs/include/lslidar_msgs/lslidar_msgs/msg/detail/lslidar_sweep__type_support.c
[0.778s] -- Up-to-date: /home/nvidia/2d_slam/install/lslidar_msgs/include/lslidar_msgs/lslidar_msgs/msg/detail/lslidar_point__type_support.c
[0.778s] -- Up-to-date: /home/nvidia/2d_slam/install/lslidar_msgs/include/lslidar_msgs/lslidar_msgs/msg/detail/lslidar_difop__rosidl_typesupport_introspection_c.h
[0.779s] -- Up-to-date: /home/nvidia/2d_slam/install/lslidar_msgs/include/lslidar_msgs/lslidar_msgs/msg/detail/lslidar_packet__type_support.c
[0.779s] -- Up-to-date: /home/nvidia/2d_slam/install/lslidar_msgs/include/lslidar_msgs/lslidar_msgs/msg/detail/lslidar_point__rosidl_typesupport_introspection_c.h
[0.779s] -- Up-to-date: /home/nvidia/2d_slam/install/lslidar_msgs/include/lslidar_msgs/lslidar_msgs/msg/detail/lslidar_packet__rosidl_typesupport_introspection_c.h
[0.779s] -- Up-to-date: /home/nvidia/2d_slam/install/lslidar_msgs/include/lslidar_msgs/lslidar_msgs/msg/detail/lslidar_sweep__rosidl_typesupport_introspection_c.h
[0.779s] -- Up-to-date: /home/nvidia/2d_slam/install/lslidar_msgs/include/lslidar_msgs/lslidar_msgs/msg/detail/lslidar_difop__type_support.c
[0.779s] -- Up-to-date: /home/nvidia/2d_slam/install/lslidar_msgs/include/lslidar_msgs/lslidar_msgs/msg/detail/lslidar_scan__type_support.c
[0.779s] -- Up-to-date: /home/nvidia/2d_slam/install/lslidar_msgs/include/lslidar_msgs/lslidar_msgs/msg/detail/lslidar_scan__rosidl_typesupport_introspection_c.h
[0.779s] -- Up-to-date: /home/nvidia/2d_slam/install/lslidar_msgs/lib/liblslidar_msgs__rosidl_typesupport_introspection_c.so
[0.779s] -- Up-to-date: /home/nvidia/2d_slam/install/lslidar_msgs/lib/liblslidar_msgs__rosidl_typesupport_c.so
[0.780s] -- Up-to-date: /home/nvidia/2d_slam/install/lslidar_msgs/include/lslidar_msgs/lslidar_msgs
[0.780s] -- Up-to-date: /home/nvidia/2d_slam/install/lslidar_msgs/include/lslidar_msgs/lslidar_msgs/msg
[0.780s] -- Up-to-date: /home/nvidia/2d_slam/install/lslidar_msgs/include/lslidar_msgs/lslidar_msgs/msg/detail
[0.780s] -- Up-to-date: /home/nvidia/2d_slam/install/lslidar_msgs/include/lslidar_msgs/lslidar_msgs/msg/detail/lslidar_packet__rosidl_typesupport_introspection_cpp.hpp
[0.780s] -- Up-to-date: /home/nvidia/2d_slam/install/lslidar_msgs/include/lslidar_msgs/lslidar_msgs/msg/detail/lslidar_difop__rosidl_typesupport_introspection_cpp.hpp
[0.780s] -- Up-to-date: /home/nvidia/2d_slam/install/lslidar_msgs/include/lslidar_msgs/lslidar_msgs/msg/detail/lslidar_difop__type_support.cpp
[0.780s] -- Up-to-date: /home/nvidia/2d_slam/install/lslidar_msgs/include/lslidar_msgs/lslidar_msgs/msg/detail/lslidar_packet__type_support.cpp
[0.780s] -- Up-to-date: /home/nvidia/2d_slam/install/lslidar_msgs/include/lslidar_msgs/lslidar_msgs/msg/detail/lslidar_point__rosidl_typesupport_introspection_cpp.hpp
[0.781s] -- Up-to-date: /home/nvidia/2d_slam/install/lslidar_msgs/include/lslidar_msgs/lslidar_msgs/msg/detail/lslidar_scan__rosidl_typesupport_introspection_cpp.hpp
[0.781s] -- Up-to-date: /home/nvidia/2d_slam/install/lslidar_msgs/include/lslidar_msgs/lslidar_msgs/msg/detail/lslidar_sweep__rosidl_typesupport_introspection_cpp.hpp
[0.781s] -- Up-to-date: /home/nvidia/2d_slam/install/lslidar_msgs/include/lslidar_msgs/lslidar_msgs/msg/detail/lslidar_scan__type_support.cpp
[0.781s] -- Up-to-date: /home/nvidia/2d_slam/install/lslidar_msgs/include/lslidar_msgs/lslidar_msgs/msg/detail/lslidar_point__type_support.cpp
[0.781s] -- Up-to-date: /home/nvidia/2d_slam/install/lslidar_msgs/include/lslidar_msgs/lslidar_msgs/msg/detail/lslidar_sweep__type_support.cpp
[0.781s] -- Up-to-date: /home/nvidia/2d_slam/install/lslidar_msgs/lib/liblslidar_msgs__rosidl_typesupport_introspection_cpp.so
[0.781s] -- Up-to-date: /home/nvidia/2d_slam/install/lslidar_msgs/lib/liblslidar_msgs__rosidl_typesupport_cpp.so
[0.781s] -- Up-to-date: /home/nvidia/2d_slam/install/lslidar_msgs/share/lslidar_msgs/environment/pythonpath.sh
[0.781s] -- Up-to-date: /home/nvidia/2d_slam/install/lslidar_msgs/share/lslidar_msgs/environment/pythonpath.dsv
[0.782s] -- Up-to-date: /home/nvidia/2d_slam/install/lslidar_msgs/local/lib/python3.10/dist-packages/lslidar_msgs-1.2.0-py3.10.egg-info
[0.782s] -- Installing: /home/nvidia/2d_slam/install/lslidar_msgs/local/lib/python3.10/dist-packages/lslidar_msgs-1.2.0-py3.10.egg-info/dependency_links.txt
[0.782s] -- Installing: /home/nvidia/2d_slam/install/lslidar_msgs/local/lib/python3.10/dist-packages/lslidar_msgs-1.2.0-py3.10.egg-info/SOURCES.txt
[0.782s] -- Installing: /home/nvidia/2d_slam/install/lslidar_msgs/local/lib/python3.10/dist-packages/lslidar_msgs-1.2.0-py3.10.egg-info/top_level.txt
[0.782s] -- Installing: /home/nvidia/2d_slam/install/lslidar_msgs/local/lib/python3.10/dist-packages/lslidar_msgs-1.2.0-py3.10.egg-info/PKG-INFO
[0.782s] -- Up-to-date: /home/nvidia/2d_slam/install/lslidar_msgs/local/lib/python3.10/dist-packages/lslidar_msgs
[0.782s] -- Up-to-date: /home/nvidia/2d_slam/install/lslidar_msgs/local/lib/python3.10/dist-packages/lslidar_msgs/lslidar_msgs_s__rosidl_typesupport_introspection_c.cpython-310-aarch64-linux-gnu.so
[0.782s] -- Up-to-date: /home/nvidia/2d_slam/install/lslidar_msgs/local/lib/python3.10/dist-packages/lslidar_msgs/msg
[0.782s] -- Up-to-date: /home/nvidia/2d_slam/install/lslidar_msgs/local/lib/python3.10/dist-packages/lslidar_msgs/msg/_lslidar_difop_s.c
[0.783s] -- Up-to-date: /home/nvidia/2d_slam/install/lslidar_msgs/local/lib/python3.10/dist-packages/lslidar_msgs/msg/_lslidar_packet.py
[0.783s] -- Up-to-date: /home/nvidia/2d_slam/install/lslidar_msgs/local/lib/python3.10/dist-packages/lslidar_msgs/msg/_lslidar_sweep_s.c
[0.783s] -- Up-to-date: /home/nvidia/2d_slam/install/lslidar_msgs/local/lib/python3.10/dist-packages/lslidar_msgs/msg/_lslidar_packet_s.c
[0.783s] -- Up-to-date: /home/nvidia/2d_slam/install/lslidar_msgs/local/lib/python3.10/dist-packages/lslidar_msgs/msg/_lslidar_sweep.py
[0.783s] -- Up-to-date: /home/nvidia/2d_slam/install/lslidar_msgs/local/lib/python3.10/dist-packages/lslidar_msgs/msg/_lslidar_scan_s.c
[0.783s] -- Up-to-date: /home/nvidia/2d_slam/install/lslidar_msgs/local/lib/python3.10/dist-packages/lslidar_msgs/msg/_lslidar_point_s.c
[0.783s] -- Up-to-date: /home/nvidia/2d_slam/install/lslidar_msgs/local/lib/python3.10/dist-packages/lslidar_msgs/msg/_lslidar_difop.py
[0.783s] -- Up-to-date: /home/nvidia/2d_slam/install/lslidar_msgs/local/lib/python3.10/dist-packages/lslidar_msgs/msg/_lslidar_scan.py
[0.783s] -- Up-to-date: /home/nvidia/2d_slam/install/lslidar_msgs/local/lib/python3.10/dist-packages/lslidar_msgs/msg/_lslidar_point.py
[0.784s] -- Up-to-date: /home/nvidia/2d_slam/install/lslidar_msgs/local/lib/python3.10/dist-packages/lslidar_msgs/msg/__init__.py
[0.784s] -- Up-to-date: /home/nvidia/2d_slam/install/lslidar_msgs/local/lib/python3.10/dist-packages/lslidar_msgs/_lslidar_msgs_s.ep.rosidl_typesupport_c.c
[0.784s] -- Up-to-date: /home/nvidia/2d_slam/install/lslidar_msgs/local/lib/python3.10/dist-packages/lslidar_msgs/lslidar_msgs_s__rosidl_typesupport_c.cpython-310-aarch64-linux-gnu.so
[0.784s] -- Up-to-date: /home/nvidia/2d_slam/install/lslidar_msgs/local/lib/python3.10/dist-packages/lslidar_msgs/lslidar_msgs_s__rosidl_typesupport_fastrtps_c.cpython-310-aarch64-linux-gnu.so
[0.784s] -- Up-to-date: /home/nvidia/2d_slam/install/lslidar_msgs/local/lib/python3.10/dist-packages/lslidar_msgs/_lslidar_msgs_s.ep.rosidl_typesupport_introspection_c.c
[0.784s] -- Up-to-date: /home/nvidia/2d_slam/install/lslidar_msgs/local/lib/python3.10/dist-packages/lslidar_msgs/_lslidar_msgs_s.ep.rosidl_typesupport_fastrtps_c.c
[0.784s] -- Up-to-date: /home/nvidia/2d_slam/install/lslidar_msgs/local/lib/python3.10/dist-packages/lslidar_msgs/liblslidar_msgs__rosidl_generator_py.so
[0.784s] -- Up-to-date: /home/nvidia/2d_slam/install/lslidar_msgs/local/lib/python3.10/dist-packages/lslidar_msgs/__init__.py
[0.850s] Listing '/home/nvidia/2d_slam/install/lslidar_msgs/local/lib/python3.10/dist-packages/lslidar_msgs'...
[0.850s] Listing '/home/nvidia/2d_slam/install/lslidar_msgs/local/lib/python3.10/dist-packages/lslidar_msgs/msg'...
[0.861s] -- Up-to-date: /home/nvidia/2d_slam/install/lslidar_msgs/local/lib/python3.10/dist-packages/lslidar_msgs/lslidar_msgs_s__rosidl_typesupport_fastrtps_c.cpython-310-aarch64-linux-gnu.so
[0.861s] -- Up-to-date: /home/nvidia/2d_slam/install/lslidar_msgs/local/lib/python3.10/dist-packages/lslidar_msgs/lslidar_msgs_s__rosidl_typesupport_introspection_c.cpython-310-aarch64-linux-gnu.so
[0.862s] -- Up-to-date: /home/nvidia/2d_slam/install/lslidar_msgs/local/lib/python3.10/dist-packages/lslidar_msgs/lslidar_msgs_s__rosidl_typesupport_c.cpython-310-aarch64-linux-gnu.so
[0.862s] -- Up-to-date: /home/nvidia/2d_slam/install/lslidar_msgs/lib/liblslidar_msgs__rosidl_generator_py.so
[0.862s] -- Up-to-date: /home/nvidia/2d_slam/install/lslidar_msgs/share/lslidar_msgs/msg/LslidarDifop.idl
[0.863s] -- Up-to-date: /home/nvidia/2d_slam/install/lslidar_msgs/share/lslidar_msgs/msg/LslidarPacket.idl
[0.863s] -- Up-to-date: /home/nvidia/2d_slam/install/lslidar_msgs/share/lslidar_msgs/msg/LslidarPoint.idl
[0.863s] -- Up-to-date: /home/nvidia/2d_slam/install/lslidar_msgs/share/lslidar_msgs/msg/LslidarScan.idl
[0.863s] -- Up-to-date: /home/nvidia/2d_slam/install/lslidar_msgs/share/lslidar_msgs/msg/LslidarSweep.idl
[0.863s] -- Up-to-date: /home/nvidia/2d_slam/install/lslidar_msgs/share/lslidar_msgs/msg/LslidarDifop.msg
[0.864s] -- Up-to-date: /home/nvidia/2d_slam/install/lslidar_msgs/share/lslidar_msgs/msg/LslidarPacket.msg
[0.864s] -- Up-to-date: /home/nvidia/2d_slam/install/lslidar_msgs/share/lslidar_msgs/msg/LslidarPoint.msg
[0.864s] -- Up-to-date: /home/nvidia/2d_slam/install/lslidar_msgs/share/lslidar_msgs/msg/LslidarScan.msg
[0.864s] -- Up-to-date: /home/nvidia/2d_slam/install/lslidar_msgs/share/lslidar_msgs/msg/LslidarSweep.msg
[0.864s] -- Up-to-date: /home/nvidia/2d_slam/install/lslidar_msgs/share/ament_index/resource_index/package_run_dependencies/lslidar_msgs
[0.865s] -- Up-to-date: /home/nvidia/2d_slam/install/lslidar_msgs/share/ament_index/resource_index/parent_prefix_path/lslidar_msgs
[0.865s] -- Up-to-date: /home/nvidia/2d_slam/install/lslidar_msgs/share/lslidar_msgs/environment/ament_prefix_path.sh
[0.866s] -- Up-to-date: /home/nvidia/2d_slam/install/lslidar_msgs/share/lslidar_msgs/environment/ament_prefix_path.dsv
[0.866s] -- Up-to-date: /home/nvidia/2d_slam/install/lslidar_msgs/share/lslidar_msgs/environment/path.sh
[0.866s] -- Up-to-date: /home/nvidia/2d_slam/install/lslidar_msgs/share/lslidar_msgs/environment/path.dsv
[0.866s] -- Up-to-date: /home/nvidia/2d_slam/install/lslidar_msgs/share/lslidar_msgs/local_setup.bash
[0.866s] -- Up-to-date: /home/nvidia/2d_slam/install/lslidar_msgs/share/lslidar_msgs/local_setup.sh
[0.867s] -- Up-to-date: /home/nvidia/2d_slam/install/lslidar_msgs/share/lslidar_msgs/local_setup.zsh
[0.867s] -- Up-to-date: /home/nvidia/2d_slam/install/lslidar_msgs/share/lslidar_msgs/local_setup.dsv
[0.867s] -- Installing: /home/nvidia/2d_slam/install/lslidar_msgs/share/lslidar_msgs/package.dsv
[0.867s] -- Up-to-date: /home/nvidia/2d_slam/install/lslidar_msgs/share/ament_index/resource_index/packages/lslidar_msgs
[0.867s] -- Up-to-date: /home/nvidia/2d_slam/install/lslidar_msgs/share/lslidar_msgs/cmake/export_lslidar_msgs__rosidl_generator_cExport.cmake
[0.867s] -- Up-to-date: /home/nvidia/2d_slam/install/lslidar_msgs/share/lslidar_msgs/cmake/export_lslidar_msgs__rosidl_generator_cExport-noconfig.cmake
[0.867s] -- Up-to-date: /home/nvidia/2d_slam/install/lslidar_msgs/share/lslidar_msgs/cmake/export_lslidar_msgs__rosidl_typesupport_fastrtps_cExport.cmake
[0.868s] -- Up-to-date: /home/nvidia/2d_slam/install/lslidar_msgs/share/lslidar_msgs/cmake/export_lslidar_msgs__rosidl_typesupport_fastrtps_cExport-noconfig.cmake
[0.868s] -- Up-to-date: /home/nvidia/2d_slam/install/lslidar_msgs/share/lslidar_msgs/cmake/export_lslidar_msgs__rosidl_generator_cppExport.cmake
[0.868s] -- Up-to-date: /home/nvidia/2d_slam/install/lslidar_msgs/share/lslidar_msgs/cmake/export_lslidar_msgs__rosidl_typesupport_fastrtps_cppExport.cmake
[0.868s] -- Up-to-date: /home/nvidia/2d_slam/install/lslidar_msgs/share/lslidar_msgs/cmake/export_lslidar_msgs__rosidl_typesupport_fastrtps_cppExport-noconfig.cmake
[0.868s] -- Up-to-date: /home/nvidia/2d_slam/install/lslidar_msgs/share/lslidar_msgs/cmake/lslidar_msgs__rosidl_typesupport_introspection_cExport.cmake
[0.868s] -- Up-to-date: /home/nvidia/2d_slam/install/lslidar_msgs/share/lslidar_msgs/cmake/lslidar_msgs__rosidl_typesupport_introspection_cExport-noconfig.cmake
[0.869s] -- Up-to-date: /home/nvidia/2d_slam/install/lslidar_msgs/share/lslidar_msgs/cmake/lslidar_msgs__rosidl_typesupport_cExport.cmake
[0.869s] -- Up-to-date: /home/nvidia/2d_slam/install/lslidar_msgs/share/lslidar_msgs/cmake/lslidar_msgs__rosidl_typesupport_cExport-noconfig.cmake
[0.869s] -- Up-to-date: /home/nvidia/2d_slam/install/lslidar_msgs/share/lslidar_msgs/cmake/lslidar_msgs__rosidl_typesupport_introspection_cppExport.cmake
[0.869s] -- Up-to-date: /home/nvidia/2d_slam/install/lslidar_msgs/share/lslidar_msgs/cmake/lslidar_msgs__rosidl_typesupport_introspection_cppExport-noconfig.cmake
[0.869s] -- Up-to-date: /home/nvidia/2d_slam/install/lslidar_msgs/share/lslidar_msgs/cmake/lslidar_msgs__rosidl_typesupport_cppExport.cmake
[0.870s] -- Up-to-date: /home/nvidia/2d_slam/install/lslidar_msgs/share/lslidar_msgs/cmake/lslidar_msgs__rosidl_typesupport_cppExport-noconfig.cmake
[0.870s] -- Up-to-date: /home/nvidia/2d_slam/install/lslidar_msgs/share/lslidar_msgs/cmake/export_lslidar_msgs__rosidl_generator_pyExport.cmake
[0.870s] -- Up-to-date: /home/nvidia/2d_slam/install/lslidar_msgs/share/lslidar_msgs/cmake/export_lslidar_msgs__rosidl_generator_pyExport-noconfig.cmake
[0.870s] -- Up-to-date: /home/nvidia/2d_slam/install/lslidar_msgs/share/lslidar_msgs/cmake/rosidl_cmake-extras.cmake
[0.870s] -- Up-to-date: /home/nvidia/2d_slam/install/lslidar_msgs/share/lslidar_msgs/cmake/ament_cmake_export_dependencies-extras.cmake
[0.870s] -- Up-to-date: /home/nvidia/2d_slam/install/lslidar_msgs/share/lslidar_msgs/cmake/ament_cmake_export_include_directories-extras.cmake
[0.871s] -- Up-to-date: /home/nvidia/2d_slam/install/lslidar_msgs/share/lslidar_msgs/cmake/ament_cmake_export_libraries-extras.cmake
[0.871s] -- Up-to-date: /home/nvidia/2d_slam/install/lslidar_msgs/share/lslidar_msgs/cmake/ament_cmake_export_targets-extras.cmake
[0.871s] -- Up-to-date: /home/nvidia/2d_slam/install/lslidar_msgs/share/lslidar_msgs/cmake/rosidl_cmake_export_typesupport_targets-extras.cmake
[0.872s] -- Up-to-date: /home/nvidia/2d_slam/install/lslidar_msgs/share/lslidar_msgs/cmake/rosidl_cmake_export_typesupport_libraries-extras.cmake
[0.873s] -- Up-to-date: /home/nvidia/2d_slam/install/lslidar_msgs/share/lslidar_msgs/cmake/lslidar_msgsConfig.cmake
[0.874s] -- Up-to-date: /home/nvidia/2d_slam/install/lslidar_msgs/share/lslidar_msgs/cmake/lslidar_msgsConfig-version.cmake
[0.874s] -- Up-to-date: /home/nvidia/2d_slam/install/lslidar_msgs/share/lslidar_msgs/package.xml
[0.875s] Invoked command in '/home/nvidia/2d_slam/build/lslidar_msgs' returned '0': CMAKE_PREFIX_PATH=${CMAKE_PREFIX_PATH}:/opt/ros/humble /usr/bin/cmake --install /home/nvidia/2d_slam/build/lslidar_msgs
