[0.015s] Invoking command in '/home/nvidia/fishbot_ws/build/fishbot_navigation2': CMAKE_PREFIX_PATH=${CMAKE_PREFIX_PATH}:/opt/ros/humble /usr/bin/cmake /home/nvidia/fishbot_ws/src/fishbot_navigation2 -DCMAKE_INSTALL_PREFIX=/home/nvidia/fishbot_ws/install/fishbot_navigation2
[0.111s] -- The C compiler identification is GNU 11.4.0
[0.212s] -- The CXX compiler identification is GNU 11.4.0
[0.231s] -- Detecting C compiler ABI info
[0.368s] -- Detecting C compiler ABI info - done
[0.390s] -- Check for working C compiler: /usr/bin/cc - skipped
[0.391s] -- Detecting C compile features
[0.392s] -- Detecting C compile features - done
[0.403s] -- Detecting CXX compiler ABI info
[0.563s] -- Detecting CXX compiler ABI info - done
[0.585s] -- Check for working CXX compiler: /usr/bin/c++ - skipped
[0.586s] -- Detecting CXX compile features
[0.588s] -- Detecting CXX compile features - done
[0.596s] -- Found ament_cmake: 1.3.11 (/opt/ros/humble/share/ament_cmake/cmake)
[0.904s] -- Found Python3: /usr/bin/python3 (found version "3.10.12") found components: Interpreter 
[1.157s] -- Found nav2_bringup: 1.1.18 (/opt/ros/humble/share/nav2_bringup/cmake)
[1.160s] -- Found ament_lint_auto: 0.12.11 (/opt/ros/humble/share/ament_lint_auto/cmake)
[1.341s] -- Added test 'flake8' to check Python code syntax and style conventions
[1.342s] -- Added test 'lint_cmake' to check CMake code style
[1.347s] -- Added test 'pep257' to check Python code against some of the docstring style conventions in PEP 257
[1.350s] -- Added test 'xmllint' to check XML markup files
[1.353s] -- Configuring done
[1.360s] -- Generating done
[1.364s] -- Build files have been written to: /home/nvidia/fishbot_ws/build/fishbot_navigation2
[1.375s] Invoked command in '/home/nvidia/fishbot_ws/build/fishbot_navigation2' returned '0': CMAKE_PREFIX_PATH=${CMAKE_PREFIX_PATH}:/opt/ros/humble /usr/bin/cmake /home/nvidia/fishbot_ws/src/fishbot_navigation2 -DCMAKE_INSTALL_PREFIX=/home/nvidia/fishbot_ws/install/fishbot_navigation2
[1.381s] Invoking command in '/home/nvidia/fishbot_ws/build/fishbot_navigation2': CMAKE_PREFIX_PATH=${CMAKE_PREFIX_PATH}:/opt/ros/humble /usr/bin/cmake --build /home/nvidia/fishbot_ws/build/fishbot_navigation2 -- -j8 -l8
[1.469s] Invoked command in '/home/nvidia/fishbot_ws/build/fishbot_navigation2' returned '0': CMAKE_PREFIX_PATH=${CMAKE_PREFIX_PATH}:/opt/ros/humble /usr/bin/cmake --build /home/nvidia/fishbot_ws/build/fishbot_navigation2 -- -j8 -l8
[1.492s] Invoking command in '/home/nvidia/fishbot_ws/build/fishbot_navigation2': CMAKE_PREFIX_PATH=${CMAKE_PREFIX_PATH}:/opt/ros/humble /usr/bin/cmake --install /home/nvidia/fishbot_ws/build/fishbot_navigation2
[1.507s] -- Install configuration: ""
[1.508s] -- Installing: /home/nvidia/fishbot_ws/install/fishbot_navigation2/share/fishbot_navigation2/launch
[1.508s] -- Installing: /home/nvidia/fishbot_ws/install/fishbot_navigation2/share/fishbot_navigation2/launch/fishbot_nav2.launch.py
[1.508s] -- Installing: /home/nvidia/fishbot_ws/install/fishbot_navigation2/share/fishbot_navigation2/param
[1.509s] -- Installing: /home/nvidia/fishbot_ws/install/fishbot_navigation2/share/fishbot_navigation2/param/fishbot_nav2.yaml
[1.509s] -- Installing: /home/nvidia/fishbot_ws/install/fishbot_navigation2/share/fishbot_navigation2/maps
[1.509s] -- Installing: /home/nvidia/fishbot_ws/install/fishbot_navigation2/share/fishbot_navigation2/maps/fishbot_map.pgm
[1.518s] -- Installing: /home/nvidia/fishbot_ws/install/fishbot_navigation2/share/fishbot_navigation2/maps/fishbot_map.yaml
[1.518s] -- Installing: /home/nvidia/fishbot_ws/install/fishbot_navigation2/share/ament_index/resource_index/package_run_dependencies/fishbot_navigation2
[1.519s] -- Installing: /home/nvidia/fishbot_ws/install/fishbot_navigation2/share/ament_index/resource_index/parent_prefix_path/fishbot_navigation2
[1.519s] -- Installing: /home/nvidia/fishbot_ws/install/fishbot_navigation2/share/fishbot_navigation2/environment/ament_prefix_path.sh
[1.519s] -- Installing: /home/nvidia/fishbot_ws/install/fishbot_navigation2/share/fishbot_navigation2/environment/ament_prefix_path.dsv
[1.520s] -- Installing: /home/nvidia/fishbot_ws/install/fishbot_navigation2/share/fishbot_navigation2/environment/path.sh
[1.520s] -- Installing: /home/nvidia/fishbot_ws/install/fishbot_navigation2/share/fishbot_navigation2/environment/path.dsv
[1.520s] -- Installing: /home/nvidia/fishbot_ws/install/fishbot_navigation2/share/fishbot_navigation2/local_setup.bash
[1.521s] -- Installing: /home/nvidia/fishbot_ws/install/fishbot_navigation2/share/fishbot_navigation2/local_setup.sh
[1.521s] -- Installing: /home/nvidia/fishbot_ws/install/fishbot_navigation2/share/fishbot_navigation2/local_setup.zsh
[1.521s] -- Installing: /home/nvidia/fishbot_ws/install/fishbot_navigation2/share/fishbot_navigation2/local_setup.dsv
[1.522s] -- Installing: /home/nvidia/fishbot_ws/install/fishbot_navigation2/share/fishbot_navigation2/package.dsv
[1.522s] -- Installing: /home/nvidia/fishbot_ws/install/fishbot_navigation2/share/ament_index/resource_index/packages/fishbot_navigation2
[1.522s] -- Installing: /home/nvidia/fishbot_ws/install/fishbot_navigation2/share/fishbot_navigation2/cmake/fishbot_navigation2Config.cmake
[1.522s] -- Installing: /home/nvidia/fishbot_ws/install/fishbot_navigation2/share/fishbot_navigation2/cmake/fishbot_navigation2Config-version.cmake
[1.523s] -- Installing: /home/nvidia/fishbot_ws/install/fishbot_navigation2/share/fishbot_navigation2/package.xml
[1.527s] Invoked command in '/home/nvidia/fishbot_ws/build/fishbot_navigation2' returned '0': CMAKE_PREFIX_PATH=${CMAKE_PREFIX_PATH}:/opt/ros/humble /usr/bin/cmake --install /home/nvidia/fishbot_ws/build/fishbot_navigation2
