[0mCMake Error: The current CMakeCache.txt directory /home/nvidia/roadRunner/fishbot_ws/src/build/fishbot_cartographer/CMakeCache.txt is different than the directory /home/nvidia/fishbot_ws/src/build/fishbot_cartographer where CMakeCache.txt was created. This may result in binaries being created in the wrong place. If you are not sure, reedit the CMakeCache.txt[0m
-- Found ament_cmake: 1.3.11 (/opt/ros/humble/share/ament_cmake/cmake)
-- Found ament_lint_auto: 0.12.11 (/opt/ros/humble/share/ament_lint_auto/cmake)
-- Added test 'flake8' to check Python code syntax and style conventions
-- Added test 'lint_cmake' to check CMake code style
-- Added test 'pep257' to check Python code against some of the docstring style conventions in PEP 257
-- Added test 'xmllint' to check XML markup files
-- Configuring done
-- Generating done
-- Build files have been written to: /home/nvidia/fishbot_ws/src/build/fishbot_cartographer
-- Install configuration: ""
-- Up-to-date: /home/nvidia/fishbot_ws/src/install/fishbot_cartographer/share/fishbot_cartographer/config
-- Up-to-date: /home/nvidia/fishbot_ws/src/install/fishbot_cartographer/share/fishbot_cartographer/config/fishbot_2d.lua
-- Up-to-date: /home/nvidia/fishbot_ws/src/install/fishbot_cartographer/share/fishbot_cartographer/config/fishbot_2d_former.lua
-- Up-to-date: /home/nvidia/fishbot_ws/src/install/fishbot_cartographer/share/fishbot_cartographer/launch
-- Up-to-date: /home/nvidia/fishbot_ws/src/install/fishbot_cartographer/share/fishbot_cartographer/launch/cartographer.launch.py
-- Up-to-date: /home/nvidia/fishbot_ws/src/install/fishbot_cartographer/share/fishbot_cartographer/rviz
-- Up-to-date: /home/nvidia/fishbot_ws/src/install/fishbot_cartographer/share/ament_index/resource_index/package_run_dependencies/fishbot_cartographer
-- Installing: /home/nvidia/fishbot_ws/src/install/fishbot_cartographer/share/ament_index/resource_index/parent_prefix_path/fishbot_cartographer
-- Up-to-date: /home/nvidia/fishbot_ws/src/install/fishbot_cartographer/share/fishbot_cartographer/environment/ament_prefix_path.sh
-- Installing: /home/nvidia/fishbot_ws/src/install/fishbot_cartographer/share/fishbot_cartographer/environment/ament_prefix_path.dsv
-- Up-to-date: /home/nvidia/fishbot_ws/src/install/fishbot_cartographer/share/fishbot_cartographer/environment/path.sh
-- Installing: /home/nvidia/fishbot_ws/src/install/fishbot_cartographer/share/fishbot_cartographer/environment/path.dsv
-- Up-to-date: /home/nvidia/fishbot_ws/src/install/fishbot_cartographer/share/fishbot_cartographer/local_setup.bash
-- Up-to-date: /home/nvidia/fishbot_ws/src/install/fishbot_cartographer/share/fishbot_cartographer/local_setup.sh
-- Up-to-date: /home/nvidia/fishbot_ws/src/install/fishbot_cartographer/share/fishbot_cartographer/local_setup.zsh
-- Installing: /home/nvidia/fishbot_ws/src/install/fishbot_cartographer/share/fishbot_cartographer/local_setup.dsv
-- Installing: /home/nvidia/fishbot_ws/src/install/fishbot_cartographer/share/fishbot_cartographer/package.dsv
-- Up-to-date: /home/nvidia/fishbot_ws/src/install/fishbot_cartographer/share/ament_index/resource_index/packages/fishbot_cartographer
-- Up-to-date: /home/nvidia/fishbot_ws/src/install/fishbot_cartographer/share/fishbot_cartographer/cmake/fishbot_cartographerConfig.cmake
-- Up-to-date: /home/nvidia/fishbot_ws/src/install/fishbot_cartographer/share/fishbot_cartographer/cmake/fishbot_cartographerConfig-version.cmake
-- Up-to-date: /home/nvidia/fishbot_ws/src/install/fishbot_cartographer/share/fishbot_cartographer/package.xml
