[0.038s] Invoking command in '/home/nvidia/roadRunner/fishbot_ws/src/build/fishbot_cartographer': CMAKE_PREFIX_PATH=${CMAKE_PREFIX_PATH}:/home/nvidia/roadRunner/DDSM_ws/install/robot_nav:/home/nvidia/roadRunner/DDSM_ws/install/robot_control:/home/nvidia/DDSM_ws/install/robot_nav:/home/nvidia/DDSM_ws/install/robot_control:/opt/ros/humble /usr/bin/cmake --build /home/nvidia/roadRunner/fishbot_ws/src/build/fishbot_cartographer -- -j8 -l8
[0.507s] [0mCMake Error: The current CMakeCache.txt directory /home/nvidia/roadRunner/fishbot_ws/src/build/fishbot_cartographer/CMakeCache.txt is different than the directory /home/nvidia/fishbot_ws/src/build/fishbot_cartographer where CMakeCache.txt was created. This may result in binaries being created in the wrong place. If you are not sure, reedit the CMakeCache.txt[0m
[0.507s] -- Found ament_cmake: 1.3.11 (/opt/ros/humble/share/ament_cmake/cmake)
[0.507s] -- Found ament_lint_auto: 0.12.11 (/opt/ros/humble/share/ament_lint_auto/cmake)
[0.507s] -- Added test 'flake8' to check Python code syntax and style conventions
[0.508s] -- Added test 'lint_cmake' to check CMake code style
[0.508s] -- Added test 'pep257' to check Python code against some of the docstring style conventions in PEP 257
[0.508s] -- Added test 'xmllint' to check XML markup files
[0.508s] -- Configuring done
[0.508s] -- Generating done
[0.509s] -- Build files have been written to: /home/nvidia/fishbot_ws/src/build/fishbot_cartographer
[0.514s] Invoked command in '/home/nvidia/roadRunner/fishbot_ws/src/build/fishbot_cartographer' returned '0': CMAKE_PREFIX_PATH=${CMAKE_PREFIX_PATH}:/home/nvidia/roadRunner/DDSM_ws/install/robot_nav:/home/nvidia/roadRunner/DDSM_ws/install/robot_control:/home/nvidia/DDSM_ws/install/robot_nav:/home/nvidia/DDSM_ws/install/robot_control:/opt/ros/humble /usr/bin/cmake --build /home/nvidia/roadRunner/fishbot_ws/src/build/fishbot_cartographer -- -j8 -l8
[0.530s] Invoking command in '/home/nvidia/roadRunner/fishbot_ws/src/build/fishbot_cartographer': CMAKE_PREFIX_PATH=${CMAKE_PREFIX_PATH}:/home/nvidia/roadRunner/DDSM_ws/install/robot_nav:/home/nvidia/roadRunner/DDSM_ws/install/robot_control:/home/nvidia/DDSM_ws/install/robot_nav:/home/nvidia/DDSM_ws/install/robot_control:/opt/ros/humble /usr/bin/cmake --install /home/nvidia/roadRunner/fishbot_ws/src/build/fishbot_cartographer
[0.542s] -- Install configuration: ""
[0.542s] -- Up-to-date: /home/nvidia/fishbot_ws/src/install/fishbot_cartographer/share/fishbot_cartographer/config
[0.542s] -- Up-to-date: /home/nvidia/fishbot_ws/src/install/fishbot_cartographer/share/fishbot_cartographer/config/fishbot_2d.lua
[0.542s] -- Up-to-date: /home/nvidia/fishbot_ws/src/install/fishbot_cartographer/share/fishbot_cartographer/config/fishbot_2d_former.lua
[0.542s] -- Up-to-date: /home/nvidia/fishbot_ws/src/install/fishbot_cartographer/share/fishbot_cartographer/launch
[0.542s] -- Up-to-date: /home/nvidia/fishbot_ws/src/install/fishbot_cartographer/share/fishbot_cartographer/launch/cartographer.launch.py
[0.543s] -- Up-to-date: /home/nvidia/fishbot_ws/src/install/fishbot_cartographer/share/fishbot_cartographer/rviz
[0.543s] -- Up-to-date: /home/nvidia/fishbot_ws/src/install/fishbot_cartographer/share/ament_index/resource_index/package_run_dependencies/fishbot_cartographer
[0.543s] -- Installing: /home/nvidia/fishbot_ws/src/install/fishbot_cartographer/share/ament_index/resource_index/parent_prefix_path/fishbot_cartographer
[0.543s] -- Up-to-date: /home/nvidia/fishbot_ws/src/install/fishbot_cartographer/share/fishbot_cartographer/environment/ament_prefix_path.sh
[0.543s] -- Installing: /home/nvidia/fishbot_ws/src/install/fishbot_cartographer/share/fishbot_cartographer/environment/ament_prefix_path.dsv
[0.543s] -- Up-to-date: /home/nvidia/fishbot_ws/src/install/fishbot_cartographer/share/fishbot_cartographer/environment/path.sh
[0.544s] -- Installing: /home/nvidia/fishbot_ws/src/install/fishbot_cartographer/share/fishbot_cartographer/environment/path.dsv
[0.544s] -- Up-to-date: /home/nvidia/fishbot_ws/src/install/fishbot_cartographer/share/fishbot_cartographer/local_setup.bash
[0.544s] -- Up-to-date: /home/nvidia/fishbot_ws/src/install/fishbot_cartographer/share/fishbot_cartographer/local_setup.sh
[0.544s] -- Up-to-date: /home/nvidia/fishbot_ws/src/install/fishbot_cartographer/share/fishbot_cartographer/local_setup.zsh
[0.544s] -- Installing: /home/nvidia/fishbot_ws/src/install/fishbot_cartographer/share/fishbot_cartographer/local_setup.dsv
[0.544s] -- Installing: /home/nvidia/fishbot_ws/src/install/fishbot_cartographer/share/fishbot_cartographer/package.dsv
[0.544s] -- Up-to-date: /home/nvidia/fishbot_ws/src/install/fishbot_cartographer/share/ament_index/resource_index/packages/fishbot_cartographer
[0.544s] -- Up-to-date: /home/nvidia/fishbot_ws/src/install/fishbot_cartographer/share/fishbot_cartographer/cmake/fishbot_cartographerConfig.cmake
[0.544s] -- Up-to-date: /home/nvidia/fishbot_ws/src/install/fishbot_cartographer/share/fishbot_cartographer/cmake/fishbot_cartographerConfig-version.cmake
[0.545s] -- Up-to-date: /home/nvidia/fishbot_ws/src/install/fishbot_cartographer/share/fishbot_cartographer/package.xml
[0.547s] Invoked command in '/home/nvidia/roadRunner/fishbot_ws/src/build/fishbot_cartographer' returned '0': CMAKE_PREFIX_PATH=${CMAKE_PREFIX_PATH}:/home/nvidia/roadRunner/DDSM_ws/install/robot_nav:/home/nvidia/roadRunner/DDSM_ws/install/robot_control:/home/nvidia/DDSM_ws/install/robot_nav:/home/nvidia/DDSM_ws/install/robot_control:/opt/ros/humble /usr/bin/cmake --install /home/nvidia/roadRunner/fishbot_ws/src/build/fishbot_cartographer
