[0.019s] Invoking command in '/home/nvidia/2d_slam/src/build/lslidar_msgs': CMAKE_PREFIX_PATH=${CMAKE_PREFIX_PATH}:/opt/ros/humble /usr/bin/cmake /home/nvidia/2d_slam/src/LSLIDAR_X_ROS2-20240228/src/lslidar_msgs -DCMAKE_INSTALL_PREFIX=/home/nvidia/2d_slam/src/install/lslidar_msgs
[0.105s] -- The C compiler identification is GNU 11.4.0
[0.204s] -- The CXX compiler identification is GNU 11.4.0
[0.225s] -- Detecting C compiler ABI info
[0.370s] -- Detecting C compiler ABI info - done
[0.385s] -- Check for working C compiler: /usr/bin/cc - skipped
[0.386s] -- Detecting C compile features
[0.387s] -- Detecting C compile features - done
[0.392s] -- Detecting CXX compiler ABI info
[0.542s] -- Detecting CXX compiler ABI info - done
[0.568s] -- Check for working CXX compiler: /usr/bin/c++ - skipped
[0.569s] -- Detecting CXX compile features
[0.570s] -- Detecting CXX compile features - done
[0.580s] -- Found ament_cmake: 1.3.11 (/opt/ros/humble/share/ament_cmake/cmake)
[0.900s] -- Found Python3: /usr/bin/python3 (found version "3.10.12") found components: Interpreter 
[1.112s] -- Found std_msgs: 4.2.4 (/opt/ros/humble/share/std_msgs/cmake)
[1.178s] -- Found rosidl_generator_c: 3.1.6 (/opt/ros/humble/share/rosidl_generator_c/cmake)
[1.185s] -- Found rosidl_adapter: 3.1.6 (/opt/ros/humble/share/rosidl_adapter/cmake)
[1.198s] -- Found rosidl_generator_cpp: 3.1.6 (/opt/ros/humble/share/rosidl_generator_cpp/cmake)
[1.215s] -- Using all available rosidl_typesupport_c: rosidl_typesupport_fastrtps_c;rosidl_typesupport_introspection_c
[1.238s] -- Using all available rosidl_typesupport_cpp: rosidl_typesupport_fastrtps_cpp;rosidl_typesupport_introspection_cpp
[1.279s] -- Found sensor_msgs: 4.2.4 (/opt/ros/humble/share/sensor_msgs/cmake)
[1.323s] -- Found rosidl_default_generators: 1.2.0 (/opt/ros/humble/share/rosidl_default_generators/cmake)
[1.336s] -- Found ament_lint_auto: 0.12.11 (/opt/ros/humble/share/ament_lint_auto/cmake)
[1.930s] -- Found ament_cmake_ros: 0.10.0 (/opt/ros/humble/share/ament_cmake_ros/cmake)
[2.732s] -- Using all available rosidl_typesupport_c: rosidl_typesupport_fastrtps_c;rosidl_typesupport_introspection_c
[3.027s] -- Using all available rosidl_typesupport_cpp: rosidl_typesupport_fastrtps_cpp;rosidl_typesupport_introspection_cpp
[3.079s] -- Found PythonInterp: /usr/bin/python3 (found suitable version "3.10.12", minimum required is "3.6") 
[3.082s] -- Found python_cmake_module: 0.10.0 (/opt/ros/humble/share/python_cmake_module/cmake)
[3.143s] -- Found PythonLibs: /usr/lib/aarch64-linux-gnu/libpython3.10.so (found suitable version "3.10.12", minimum required is "3.5") 
[3.144s] -- Using PYTHON_EXECUTABLE: /usr/bin/python3
[3.144s] -- Using PYTHON_INCLUDE_DIRS: /usr/include/python3.10
[3.144s] -- Using PYTHON_LIBRARIES: /usr/lib/aarch64-linux-gnu/libpython3.10.so
[3.190s] -- Found PythonExtra: .so  
[3.314s] -- Added test 'copyright' to check source files copyright and LICENSE
[3.318s] -- Added test 'lint_cmake' to check CMake code style
[3.321s] -- Added test 'xmllint' to check XML markup files
[3.331s] -- Configuring done
[3.399s] -- Generating done
[3.417s] -- Build files have been written to: /home/nvidia/2d_slam/src/build/lslidar_msgs
[3.442s] Invoked command in '/home/nvidia/2d_slam/src/build/lslidar_msgs' returned '0': CMAKE_PREFIX_PATH=${CMAKE_PREFIX_PATH}:/opt/ros/humble /usr/bin/cmake /home/nvidia/2d_slam/src/LSLIDAR_X_ROS2-20240228/src/lslidar_msgs -DCMAKE_INSTALL_PREFIX=/home/nvidia/2d_slam/src/install/lslidar_msgs
[3.448s] Invoking command in '/home/nvidia/2d_slam/src/build/lslidar_msgs': CMAKE_PREFIX_PATH=${CMAKE_PREFIX_PATH}:/opt/ros/humble /usr/bin/cmake --build /home/nvidia/2d_slam/src/build/lslidar_msgs -- -j8 -l8
[3.523s] [  1%] [34m[1mGenerating C code for ROS interfaces[0m
[3.540s] [  3%] [34m[1mGenerating C++ code for ROS interfaces[0m
[3.562s] [  3%] Built target ament_cmake_python_copy_lslidar_msgs
[3.995s] running egg_info
[3.996s] creating lslidar_msgs.egg-info
[3.997s] writing lslidar_msgs.egg-info/PKG-INFO
[3.997s] writing dependency_links to lslidar_msgs.egg-info/dependency_links.txt
[3.997s] writing top-level names to lslidar_msgs.egg-info/top_level.txt
[3.998s] writing manifest file 'lslidar_msgs.egg-info/SOURCES.txt'
[4.001s] reading manifest file 'lslidar_msgs.egg-info/SOURCES.txt'
[4.002s] writing manifest file 'lslidar_msgs.egg-info/SOURCES.txt'
[4.067s] [  3%] Built target ament_cmake_python_build_lslidar_msgs_egg
[4.421s] [  3%] Built target lslidar_msgs__cpp
[4.437s] [  7%] [34m[1mGenerating C++ type support dispatch for ROS interfaces[0m
[4.437s] [  7%] [34m[1mGenerating C++ introspection for ROS interfaces[0m
[4.437s] [  7%] [34m[1mGenerating C++ type support for eProsima Fast-RTPS[0m
[4.455s] [ 11%] [32mBuilding C object CMakeFiles/lslidar_msgs__rosidl_generator_c.dir/rosidl_generator_c/lslidar_msgs/msg/detail/lslidar_difop__functions.c.o[0m
[4.456s] [ 11%] [32mBuilding C object CMakeFiles/lslidar_msgs__rosidl_generator_c.dir/rosidl_generator_c/lslidar_msgs/msg/detail/lslidar_scan__functions.c.o[0m
[4.460s] [ 14%] [32mBuilding C object CMakeFiles/lslidar_msgs__rosidl_generator_c.dir/rosidl_generator_c/lslidar_msgs/msg/detail/lslidar_sweep__functions.c.o[0m
[4.460s] [ 14%] [32mBuilding C object CMakeFiles/lslidar_msgs__rosidl_generator_c.dir/rosidl_generator_c/lslidar_msgs/msg/detail/lslidar_point__functions.c.o[0m
[4.463s] [ 15%] [32mBuilding C object CMakeFiles/lslidar_msgs__rosidl_generator_c.dir/rosidl_generator_c/lslidar_msgs/msg/detail/lslidar_packet__functions.c.o[0m
[4.559s] [ 17%] [32m[1mLinking C shared library liblslidar_msgs__rosidl_generator_c.so[0m
[4.616s] [ 17%] Built target lslidar_msgs__rosidl_generator_c
[4.632s] [ 22%] [34m[1mGenerating C introspection for ROS interfaces[0m
[4.632s] [ 22%] [34m[1mGenerating C type support for eProsima Fast-RTPS[0m
[4.632s] [ 22%] [34m[1mGenerating C type support dispatch for ROS interfaces[0m
[5.111s] [ 26%] [32mBuilding CXX object CMakeFiles/lslidar_msgs__rosidl_typesupport_cpp.dir/rosidl_typesupport_cpp/lslidar_msgs/msg/lslidar_point__type_support.cpp.o[0m
[5.111s] [ 26%] [32mBuilding CXX object CMakeFiles/lslidar_msgs__rosidl_typesupport_cpp.dir/rosidl_typesupport_cpp/lslidar_msgs/msg/lslidar_difop__type_support.cpp.o[0m
[5.111s] [ 26%] [32mBuilding CXX object CMakeFiles/lslidar_msgs__rosidl_typesupport_cpp.dir/rosidl_typesupport_cpp/lslidar_msgs/msg/lslidar_packet__type_support.cpp.o[0m
[5.314s] [ 28%] [32mBuilding CXX object CMakeFiles/lslidar_msgs__rosidl_typesupport_introspection_cpp.dir/rosidl_typesupport_introspection_cpp/lslidar_msgs/msg/detail/lslidar_difop__type_support.cpp.o[0m
[5.399s] [ 30%] [32mBuilding CXX object CMakeFiles/lslidar_msgs__rosidl_typesupport_c.dir/rosidl_typesupport_c/lslidar_msgs/msg/lslidar_difop__type_support.cpp.o[0m
[5.460s] [ 31%] [32mBuilding CXX object CMakeFiles/lslidar_msgs__rosidl_typesupport_c.dir/rosidl_typesupport_c/lslidar_msgs/msg/lslidar_packet__type_support.cpp.o[0m
[5.469s] [ 33%] [32mBuilding CXX object CMakeFiles/lslidar_msgs__rosidl_typesupport_fastrtps_cpp.dir/rosidl_typesupport_fastrtps_cpp/lslidar_msgs/msg/detail/dds_fastrtps/lslidar_difop__type_support.cpp.o[0m
[5.520s] [ 34%] [32mBuilding CXX object CMakeFiles/lslidar_msgs__rosidl_typesupport_c.dir/rosidl_typesupport_c/lslidar_msgs/msg/lslidar_point__type_support.cpp.o[0m
[5.546s] [ 36%] [32mBuilding C object CMakeFiles/lslidar_msgs__rosidl_typesupport_introspection_c.dir/rosidl_typesupport_introspection_c/lslidar_msgs/msg/detail/lslidar_difop__type_support.c.o[0m
[5.565s] [ 38%] [32mBuilding CXX object CMakeFiles/lslidar_msgs__rosidl_typesupport_fastrtps_c.dir/rosidl_typesupport_fastrtps_c/lslidar_msgs/msg/detail/lslidar_difop__type_support_c.cpp.o[0m
[5.576s] [ 39%] [32mBuilding CXX object CMakeFiles/lslidar_msgs__rosidl_typesupport_c.dir/rosidl_typesupport_c/lslidar_msgs/msg/lslidar_scan__type_support.cpp.o[0m
[5.612s] [ 41%] [32mBuilding C object CMakeFiles/lslidar_msgs__rosidl_typesupport_introspection_c.dir/rosidl_typesupport_introspection_c/lslidar_msgs/msg/detail/lslidar_packet__type_support.c.o[0m
[5.634s] [ 42%] [32mBuilding CXX object CMakeFiles/lslidar_msgs__rosidl_typesupport_c.dir/rosidl_typesupport_c/lslidar_msgs/msg/lslidar_sweep__type_support.cpp.o[0m
[5.644s] [ 44%] [32mBuilding CXX object CMakeFiles/lslidar_msgs__rosidl_typesupport_cpp.dir/rosidl_typesupport_cpp/lslidar_msgs/msg/lslidar_scan__type_support.cpp.o[0m
[5.654s] [ 46%] [32mBuilding CXX object CMakeFiles/lslidar_msgs__rosidl_typesupport_fastrtps_cpp.dir/rosidl_typesupport_fastrtps_cpp/lslidar_msgs/msg/detail/dds_fastrtps/lslidar_packet__type_support.cpp.o[0m
[5.671s] [ 47%] [32mBuilding CXX object CMakeFiles/lslidar_msgs__rosidl_typesupport_cpp.dir/rosidl_typesupport_cpp/lslidar_msgs/msg/lslidar_sweep__type_support.cpp.o[0m
[5.686s] [ 49%] [32mBuilding C object CMakeFiles/lslidar_msgs__rosidl_typesupport_introspection_c.dir/rosidl_typesupport_introspection_c/lslidar_msgs/msg/detail/lslidar_point__type_support.c.o[0m
[5.697s] [ 50%] [32m[1mLinking CXX shared library liblslidar_msgs__rosidl_typesupport_c.so[0m
[5.746s] [ 52%] [32mBuilding C object CMakeFiles/lslidar_msgs__rosidl_typesupport_introspection_c.dir/rosidl_typesupport_introspection_c/lslidar_msgs/msg/detail/lslidar_scan__type_support.c.o[0m
[5.787s] [ 52%] Built target lslidar_msgs__rosidl_typesupport_c
[5.806s] [ 53%] [32mBuilding C object CMakeFiles/lslidar_msgs__rosidl_typesupport_introspection_c.dir/rosidl_typesupport_introspection_c/lslidar_msgs/msg/detail/lslidar_sweep__type_support.c.o[0m
[5.819s] [ 55%] [32mBuilding CXX object CMakeFiles/lslidar_msgs__rosidl_typesupport_fastrtps_cpp.dir/rosidl_typesupport_fastrtps_cpp/lslidar_msgs/msg/detail/dds_fastrtps/lslidar_point__type_support.cpp.o[0m
[5.897s] [ 57%] [32m[1mLinking C shared library liblslidar_msgs__rosidl_typesupport_introspection_c.so[0m
[5.954s] [ 57%] Built target lslidar_msgs__rosidl_typesupport_introspection_c
[5.974s] [ 58%] [32mBuilding CXX object CMakeFiles/lslidar_msgs__rosidl_typesupport_fastrtps_cpp.dir/rosidl_typesupport_fastrtps_cpp/lslidar_msgs/msg/detail/dds_fastrtps/lslidar_scan__type_support.cpp.o[0m
[6.138s] [ 60%] [32mBuilding CXX object CMakeFiles/lslidar_msgs__rosidl_typesupport_introspection_cpp.dir/rosidl_typesupport_introspection_cpp/lslidar_msgs/msg/detail/lslidar_packet__type_support.cpp.o[0m
[6.190s] [ 61%] [32mBuilding CXX object CMakeFiles/lslidar_msgs__rosidl_typesupport_fastrtps_cpp.dir/rosidl_typesupport_fastrtps_cpp/lslidar_msgs/msg/detail/dds_fastrtps/lslidar_sweep__type_support.cpp.o[0m
[6.227s] [ 63%] [32mBuilding CXX object CMakeFiles/lslidar_msgs__rosidl_typesupport_fastrtps_c.dir/rosidl_typesupport_fastrtps_c/lslidar_msgs/msg/detail/lslidar_packet__type_support_c.cpp.o[0m
[6.249s] [ 65%] [32m[1mLinking CXX shared library liblslidar_msgs__rosidl_typesupport_cpp.so[0m
[6.276s] [ 66%] [32mBuilding CXX object CMakeFiles/lslidar_msgs__rosidl_typesupport_fastrtps_c.dir/rosidl_typesupport_fastrtps_c/lslidar_msgs/msg/detail/lslidar_point__type_support_c.cpp.o[0m
[6.330s] [ 66%] Built target lslidar_msgs__rosidl_typesupport_cpp
[6.347s] [ 68%] [32mBuilding CXX object CMakeFiles/lslidar_msgs__rosidl_typesupport_fastrtps_c.dir/rosidl_typesupport_fastrtps_c/lslidar_msgs/msg/detail/lslidar_scan__type_support_c.cpp.o[0m
[6.478s] [ 69%] [32mBuilding CXX object CMakeFiles/lslidar_msgs__rosidl_typesupport_fastrtps_c.dir/rosidl_typesupport_fastrtps_c/lslidar_msgs/msg/detail/lslidar_sweep__type_support_c.cpp.o[0m
[6.596s] [ 71%] [32mBuilding CXX object CMakeFiles/lslidar_msgs__rosidl_typesupport_introspection_cpp.dir/rosidl_typesupport_introspection_cpp/lslidar_msgs/msg/detail/lslidar_point__type_support.cpp.o[0m
[6.876s] [ 73%] [32mBuilding CXX object CMakeFiles/lslidar_msgs__rosidl_typesupport_introspection_cpp.dir/rosidl_typesupport_introspection_cpp/lslidar_msgs/msg/detail/lslidar_scan__type_support.cpp.o[0m
[6.919s] [ 74%] [32mBuilding CXX object CMakeFiles/lslidar_msgs__rosidl_typesupport_introspection_cpp.dir/rosidl_typesupport_introspection_cpp/lslidar_msgs/msg/detail/lslidar_sweep__type_support.cpp.o[0m
[6.985s] [ 76%] [32m[1mLinking CXX shared library liblslidar_msgs__rosidl_typesupport_fastrtps_cpp.so[0m
[7.126s] [ 76%] Built target lslidar_msgs__rosidl_typesupport_fastrtps_cpp
[7.145s] [ 77%] [32m[1mLinking CXX shared library liblslidar_msgs__rosidl_typesupport_fastrtps_c.so[0m
[7.305s] [ 77%] Built target lslidar_msgs__rosidl_typesupport_fastrtps_c
[7.712s] [ 79%] [32m[1mLinking CXX shared library liblslidar_msgs__rosidl_typesupport_introspection_cpp.so[0m
[7.851s] [ 79%] Built target lslidar_msgs__rosidl_typesupport_introspection_cpp
[7.891s] [ 79%] Built target lslidar_msgs
[7.929s] [ 80%] [34m[1mGenerating Python code for ROS interfaces[0m
[9.193s] [ 80%] Built target lslidar_msgs__py
[9.231s] [ 87%] [32mBuilding C object CMakeFiles/lslidar_msgs__rosidl_generator_py.dir/rosidl_generator_py/lslidar_msgs/msg/_lslidar_difop_s.c.o[0m
[9.231s] [ 87%] [32mBuilding C object CMakeFiles/lslidar_msgs__rosidl_generator_py.dir/rosidl_generator_py/lslidar_msgs/msg/_lslidar_scan_s.c.o[0m
[9.231s] [ 87%] [32mBuilding C object CMakeFiles/lslidar_msgs__rosidl_generator_py.dir/rosidl_generator_py/lslidar_msgs/msg/_lslidar_point_s.c.o[0m
[9.232s] [ 88%] [32mBuilding C object CMakeFiles/lslidar_msgs__rosidl_generator_py.dir/rosidl_generator_py/lslidar_msgs/msg/_lslidar_sweep_s.c.o[0m
[9.232s] [ 88%] [32mBuilding C object CMakeFiles/lslidar_msgs__rosidl_generator_py.dir/rosidl_generator_py/lslidar_msgs/msg/_lslidar_packet_s.c.o[0m
[9.425s] [ 90%] [32m[1mLinking C shared library rosidl_generator_py/lslidar_msgs/liblslidar_msgs__rosidl_generator_py.so[0m
[9.505s] [ 90%] Built target lslidar_msgs__rosidl_generator_py
[9.537s] [ 95%] [32mBuilding C object CMakeFiles/lslidar_msgs__rosidl_typesupport_c__pyext.dir/rosidl_generator_py/lslidar_msgs/_lslidar_msgs_s.ep.rosidl_typesupport_c.c.o[0m
[9.538s] [ 95%] [32mBuilding C object CMakeFiles/lslidar_msgs__rosidl_typesupport_introspection_c__pyext.dir/rosidl_generator_py/lslidar_msgs/_lslidar_msgs_s.ep.rosidl_typesupport_introspection_c.c.o[0m
[9.538s] [ 95%] [32mBuilding C object CMakeFiles/lslidar_msgs__rosidl_typesupport_fastrtps_c__pyext.dir/rosidl_generator_py/lslidar_msgs/_lslidar_msgs_s.ep.rosidl_typesupport_fastrtps_c.c.o[0m
[9.719s] [ 98%] [32m[1mLinking C shared library rosidl_generator_py/lslidar_msgs/lslidar_msgs_s__rosidl_typesupport_introspection_c.cpython-310-aarch64-linux-gnu.so[0m
[9.719s] [ 98%] [32m[1mLinking C shared library rosidl_generator_py/lslidar_msgs/lslidar_msgs_s__rosidl_typesupport_fastrtps_c.cpython-310-aarch64-linux-gnu.so[0m
[9.719s] [100%] [32m[1mLinking C shared library rosidl_generator_py/lslidar_msgs/lslidar_msgs_s__rosidl_typesupport_c.cpython-310-aarch64-linux-gnu.so[0m
[9.785s] [100%] Built target lslidar_msgs__rosidl_typesupport_c__pyext
[9.785s] [100%] Built target lslidar_msgs__rosidl_typesupport_fastrtps_c__pyext
[9.791s] [100%] Built target lslidar_msgs__rosidl_typesupport_introspection_c__pyext
[9.818s] Invoked command in '/home/nvidia/2d_slam/src/build/lslidar_msgs' returned '0': CMAKE_PREFIX_PATH=${CMAKE_PREFIX_PATH}:/opt/ros/humble /usr/bin/cmake --build /home/nvidia/2d_slam/src/build/lslidar_msgs -- -j8 -l8
[9.839s] Invoking command in '/home/nvidia/2d_slam/src/build/lslidar_msgs': CMAKE_PREFIX_PATH=${CMAKE_PREFIX_PATH}:/opt/ros/humble /usr/bin/cmake --install /home/nvidia/2d_slam/src/build/lslidar_msgs
[9.854s] -- Install configuration: ""
[9.855s] -- Installing: /home/nvidia/2d_slam/src/install/lslidar_msgs/share/ament_index/resource_index/rosidl_interfaces/lslidar_msgs
[9.855s] -- Installing: /home/nvidia/2d_slam/src/install/lslidar_msgs/include/lslidar_msgs/lslidar_msgs
[9.855s] -- Installing: /home/nvidia/2d_slam/src/install/lslidar_msgs/include/lslidar_msgs/lslidar_msgs/msg
[9.855s] -- Installing: /home/nvidia/2d_slam/src/install/lslidar_msgs/include/lslidar_msgs/lslidar_msgs/msg/lslidar_sweep.h
[9.856s] -- Installing: /home/nvidia/2d_slam/src/install/lslidar_msgs/include/lslidar_msgs/lslidar_msgs/msg/rosidl_generator_c__visibility_control.h
[9.856s] -- Installing: /home/nvidia/2d_slam/src/install/lslidar_msgs/include/lslidar_msgs/lslidar_msgs/msg/detail
[9.856s] -- Installing: /home/nvidia/2d_slam/src/install/lslidar_msgs/include/lslidar_msgs/lslidar_msgs/msg/detail/lslidar_packet__struct.h
[9.856s] -- Installing: /home/nvidia/2d_slam/src/install/lslidar_msgs/include/lslidar_msgs/lslidar_msgs/msg/detail/lslidar_scan__type_support.h
[9.856s] -- Installing: /home/nvidia/2d_slam/src/install/lslidar_msgs/include/lslidar_msgs/lslidar_msgs/msg/detail/lslidar_scan__functions.h
[9.857s] -- Installing: /home/nvidia/2d_slam/src/install/lslidar_msgs/include/lslidar_msgs/lslidar_msgs/msg/detail/lslidar_scan__struct.h
[9.857s] -- Installing: /home/nvidia/2d_slam/src/install/lslidar_msgs/include/lslidar_msgs/lslidar_msgs/msg/detail/lslidar_packet__type_support.h
[9.857s] -- Installing: /home/nvidia/2d_slam/src/install/lslidar_msgs/include/lslidar_msgs/lslidar_msgs/msg/detail/lslidar_point__functions.c
[9.858s] -- Installing: /home/nvidia/2d_slam/src/install/lslidar_msgs/include/lslidar_msgs/lslidar_msgs/msg/detail/lslidar_difop__functions.h
[9.858s] -- Installing: /home/nvidia/2d_slam/src/install/lslidar_msgs/include/lslidar_msgs/lslidar_msgs/msg/detail/lslidar_point__functions.h
[9.858s] -- Installing: /home/nvidia/2d_slam/src/install/lslidar_msgs/include/lslidar_msgs/lslidar_msgs/msg/detail/lslidar_sweep__type_support.h
[9.858s] -- Installing: /home/nvidia/2d_slam/src/install/lslidar_msgs/include/lslidar_msgs/lslidar_msgs/msg/detail/lslidar_sweep__struct.h
[9.858s] -- Installing: /home/nvidia/2d_slam/src/install/lslidar_msgs/include/lslidar_msgs/lslidar_msgs/msg/detail/lslidar_sweep__functions.h
[9.859s] -- Installing: /home/nvidia/2d_slam/src/install/lslidar_msgs/include/lslidar_msgs/lslidar_msgs/msg/detail/lslidar_point__struct.h
[9.859s] -- Installing: /home/nvidia/2d_slam/src/install/lslidar_msgs/include/lslidar_msgs/lslidar_msgs/msg/detail/lslidar_point__type_support.h
[9.859s] -- Installing: /home/nvidia/2d_slam/src/install/lslidar_msgs/include/lslidar_msgs/lslidar_msgs/msg/detail/lslidar_scan__functions.c
[9.859s] -- Installing: /home/nvidia/2d_slam/src/install/lslidar_msgs/include/lslidar_msgs/lslidar_msgs/msg/detail/lslidar_packet__functions.h
[9.860s] -- Installing: /home/nvidia/2d_slam/src/install/lslidar_msgs/include/lslidar_msgs/lslidar_msgs/msg/detail/lslidar_difop__struct.h
[9.860s] -- Installing: /home/nvidia/2d_slam/src/install/lslidar_msgs/include/lslidar_msgs/lslidar_msgs/msg/detail/lslidar_difop__functions.c
[9.860s] -- Installing: /home/nvidia/2d_slam/src/install/lslidar_msgs/include/lslidar_msgs/lslidar_msgs/msg/detail/lslidar_sweep__functions.c
[9.860s] -- Installing: /home/nvidia/2d_slam/src/install/lslidar_msgs/include/lslidar_msgs/lslidar_msgs/msg/detail/lslidar_packet__functions.c
[9.861s] -- Installing: /home/nvidia/2d_slam/src/install/lslidar_msgs/include/lslidar_msgs/lslidar_msgs/msg/detail/lslidar_difop__type_support.h
[9.861s] -- Installing: /home/nvidia/2d_slam/src/install/lslidar_msgs/include/lslidar_msgs/lslidar_msgs/msg/lslidar_scan.h
[9.861s] -- Installing: /home/nvidia/2d_slam/src/install/lslidar_msgs/include/lslidar_msgs/lslidar_msgs/msg/lslidar_packet.h
[9.861s] -- Installing: /home/nvidia/2d_slam/src/install/lslidar_msgs/include/lslidar_msgs/lslidar_msgs/msg/lslidar_point.h
[9.861s] -- Installing: /home/nvidia/2d_slam/src/install/lslidar_msgs/include/lslidar_msgs/lslidar_msgs/msg/lslidar_difop.h
[9.862s] -- Installing: /home/nvidia/2d_slam/src/install/lslidar_msgs/share/lslidar_msgs/environment/library_path.sh
[9.862s] -- Installing: /home/nvidia/2d_slam/src/install/lslidar_msgs/share/lslidar_msgs/environment/library_path.dsv
[9.862s] -- Installing: /home/nvidia/2d_slam/src/install/lslidar_msgs/lib/liblslidar_msgs__rosidl_generator_c.so
[9.863s] -- Set runtime path of "/home/nvidia/2d_slam/src/install/lslidar_msgs/lib/liblslidar_msgs__rosidl_generator_c.so" to ""
[9.863s] -- Up-to-date: /home/nvidia/2d_slam/src/install/lslidar_msgs/include/lslidar_msgs/lslidar_msgs
[9.863s] -- Up-to-date: /home/nvidia/2d_slam/src/install/lslidar_msgs/include/lslidar_msgs/lslidar_msgs/msg
[9.863s] -- Up-to-date: /home/nvidia/2d_slam/src/install/lslidar_msgs/include/lslidar_msgs/lslidar_msgs/msg/detail
[9.864s] -- Installing: /home/nvidia/2d_slam/src/install/lslidar_msgs/include/lslidar_msgs/lslidar_msgs/msg/detail/lslidar_scan__rosidl_typesupport_fastrtps_c.h
[9.864s] -- Installing: /home/nvidia/2d_slam/src/install/lslidar_msgs/include/lslidar_msgs/lslidar_msgs/msg/detail/lslidar_point__rosidl_typesupport_fastrtps_c.h
[9.864s] -- Installing: /home/nvidia/2d_slam/src/install/lslidar_msgs/include/lslidar_msgs/lslidar_msgs/msg/detail/lslidar_packet__rosidl_typesupport_fastrtps_c.h
[9.864s] -- Installing: /home/nvidia/2d_slam/src/install/lslidar_msgs/include/lslidar_msgs/lslidar_msgs/msg/detail/lslidar_sweep__rosidl_typesupport_fastrtps_c.h
[9.864s] -- Installing: /home/nvidia/2d_slam/src/install/lslidar_msgs/include/lslidar_msgs/lslidar_msgs/msg/detail/lslidar_difop__rosidl_typesupport_fastrtps_c.h
[9.865s] -- Installing: /home/nvidia/2d_slam/src/install/lslidar_msgs/include/lslidar_msgs/lslidar_msgs/msg/rosidl_typesupport_fastrtps_c__visibility_control.h
[9.865s] -- Installing: /home/nvidia/2d_slam/src/install/lslidar_msgs/lib/liblslidar_msgs__rosidl_typesupport_fastrtps_c.so
[9.865s] -- Set runtime path of "/home/nvidia/2d_slam/src/install/lslidar_msgs/lib/liblslidar_msgs__rosidl_typesupport_fastrtps_c.so" to ""
[9.865s] -- Up-to-date: /home/nvidia/2d_slam/src/install/lslidar_msgs/include/lslidar_msgs/lslidar_msgs
[9.866s] -- Up-to-date: /home/nvidia/2d_slam/src/install/lslidar_msgs/include/lslidar_msgs/lslidar_msgs/msg
[9.866s] -- Installing: /home/nvidia/2d_slam/src/install/lslidar_msgs/include/lslidar_msgs/lslidar_msgs/msg/lslidar_point.hpp
[9.866s] -- Installing: /home/nvidia/2d_slam/src/install/lslidar_msgs/include/lslidar_msgs/lslidar_msgs/msg/lslidar_packet.hpp
[9.866s] -- Up-to-date: /home/nvidia/2d_slam/src/install/lslidar_msgs/include/lslidar_msgs/lslidar_msgs/msg/detail
[9.866s] -- Installing: /home/nvidia/2d_slam/src/install/lslidar_msgs/include/lslidar_msgs/lslidar_msgs/msg/detail/lslidar_point__type_support.hpp
[9.866s] -- Installing: /home/nvidia/2d_slam/src/install/lslidar_msgs/include/lslidar_msgs/lslidar_msgs/msg/detail/lslidar_sweep__struct.hpp
[9.867s] -- Installing: /home/nvidia/2d_slam/src/install/lslidar_msgs/include/lslidar_msgs/lslidar_msgs/msg/detail/lslidar_packet__builder.hpp
[9.867s] -- Installing: /home/nvidia/2d_slam/src/install/lslidar_msgs/include/lslidar_msgs/lslidar_msgs/msg/detail/lslidar_scan__struct.hpp
[9.867s] -- Installing: /home/nvidia/2d_slam/src/install/lslidar_msgs/include/lslidar_msgs/lslidar_msgs/msg/detail/lslidar_point__builder.hpp
[9.867s] -- Installing: /home/nvidia/2d_slam/src/install/lslidar_msgs/include/lslidar_msgs/lslidar_msgs/msg/detail/lslidar_scan__traits.hpp
[9.867s] -- Installing: /home/nvidia/2d_slam/src/install/lslidar_msgs/include/lslidar_msgs/lslidar_msgs/msg/detail/lslidar_sweep__traits.hpp
[9.868s] -- Installing: /home/nvidia/2d_slam/src/install/lslidar_msgs/include/lslidar_msgs/lslidar_msgs/msg/detail/lslidar_scan__builder.hpp
[9.868s] -- Installing: /home/nvidia/2d_slam/src/install/lslidar_msgs/include/lslidar_msgs/lslidar_msgs/msg/detail/lslidar_difop__type_support.hpp
[9.868s] -- Installing: /home/nvidia/2d_slam/src/install/lslidar_msgs/include/lslidar_msgs/lslidar_msgs/msg/detail/lslidar_packet__type_support.hpp
[9.868s] -- Installing: /home/nvidia/2d_slam/src/install/lslidar_msgs/include/lslidar_msgs/lslidar_msgs/msg/detail/lslidar_sweep__type_support.hpp
[9.869s] -- Installing: /home/nvidia/2d_slam/src/install/lslidar_msgs/include/lslidar_msgs/lslidar_msgs/msg/detail/lslidar_packet__struct.hpp
[9.869s] -- Installing: /home/nvidia/2d_slam/src/install/lslidar_msgs/include/lslidar_msgs/lslidar_msgs/msg/detail/lslidar_difop__traits.hpp
[9.869s] -- Installing: /home/nvidia/2d_slam/src/install/lslidar_msgs/include/lslidar_msgs/lslidar_msgs/msg/detail/lslidar_point__struct.hpp
[9.869s] -- Installing: /home/nvidia/2d_slam/src/install/lslidar_msgs/include/lslidar_msgs/lslidar_msgs/msg/detail/lslidar_difop__builder.hpp
[9.869s] -- Installing: /home/nvidia/2d_slam/src/install/lslidar_msgs/include/lslidar_msgs/lslidar_msgs/msg/detail/lslidar_sweep__builder.hpp
[9.870s] -- Installing: /home/nvidia/2d_slam/src/install/lslidar_msgs/include/lslidar_msgs/lslidar_msgs/msg/detail/lslidar_difop__struct.hpp
[9.870s] -- Installing: /home/nvidia/2d_slam/src/install/lslidar_msgs/include/lslidar_msgs/lslidar_msgs/msg/detail/lslidar_scan__type_support.hpp
[9.870s] -- Installing: /home/nvidia/2d_slam/src/install/lslidar_msgs/include/lslidar_msgs/lslidar_msgs/msg/detail/lslidar_packet__traits.hpp
[9.871s] -- Installing: /home/nvidia/2d_slam/src/install/lslidar_msgs/include/lslidar_msgs/lslidar_msgs/msg/detail/lslidar_point__traits.hpp
[9.871s] -- Installing: /home/nvidia/2d_slam/src/install/lslidar_msgs/include/lslidar_msgs/lslidar_msgs/msg/lslidar_sweep.hpp
[9.871s] -- Installing: /home/nvidia/2d_slam/src/install/lslidar_msgs/include/lslidar_msgs/lslidar_msgs/msg/rosidl_generator_cpp__visibility_control.hpp
[9.871s] -- Installing: /home/nvidia/2d_slam/src/install/lslidar_msgs/include/lslidar_msgs/lslidar_msgs/msg/lslidar_scan.hpp
[9.871s] -- Installing: /home/nvidia/2d_slam/src/install/lslidar_msgs/include/lslidar_msgs/lslidar_msgs/msg/lslidar_difop.hpp
[9.871s] -- Up-to-date: /home/nvidia/2d_slam/src/install/lslidar_msgs/include/lslidar_msgs/lslidar_msgs
[9.871s] -- Up-to-date: /home/nvidia/2d_slam/src/install/lslidar_msgs/include/lslidar_msgs/lslidar_msgs/msg
[9.872s] -- Up-to-date: /home/nvidia/2d_slam/src/install/lslidar_msgs/include/lslidar_msgs/lslidar_msgs/msg/detail
[9.872s] -- Installing: /home/nvidia/2d_slam/src/install/lslidar_msgs/include/lslidar_msgs/lslidar_msgs/msg/detail/lslidar_packet__rosidl_typesupport_fastrtps_cpp.hpp
[9.873s] -- Installing: /home/nvidia/2d_slam/src/install/lslidar_msgs/include/lslidar_msgs/lslidar_msgs/msg/detail/lslidar_difop__rosidl_typesupport_fastrtps_cpp.hpp
[9.873s] -- Installing: /home/nvidia/2d_slam/src/install/lslidar_msgs/include/lslidar_msgs/lslidar_msgs/msg/detail/lslidar_sweep__rosidl_typesupport_fastrtps_cpp.hpp
[9.873s] -- Installing: /home/nvidia/2d_slam/src/install/lslidar_msgs/include/lslidar_msgs/lslidar_msgs/msg/detail/lslidar_point__rosidl_typesupport_fastrtps_cpp.hpp
[9.873s] -- Installing: /home/nvidia/2d_slam/src/install/lslidar_msgs/include/lslidar_msgs/lslidar_msgs/msg/detail/lslidar_scan__rosidl_typesupport_fastrtps_cpp.hpp
[9.873s] -- Installing: /home/nvidia/2d_slam/src/install/lslidar_msgs/include/lslidar_msgs/lslidar_msgs/msg/detail/dds_fastrtps
[9.873s] -- Installing: /home/nvidia/2d_slam/src/install/lslidar_msgs/include/lslidar_msgs/lslidar_msgs/msg/rosidl_typesupport_fastrtps_cpp__visibility_control.h
[9.874s] -- Installing: /home/nvidia/2d_slam/src/install/lslidar_msgs/lib/liblslidar_msgs__rosidl_typesupport_fastrtps_cpp.so
[9.874s] -- Set runtime path of "/home/nvidia/2d_slam/src/install/lslidar_msgs/lib/liblslidar_msgs__rosidl_typesupport_fastrtps_cpp.so" to ""
[9.874s] -- Up-to-date: /home/nvidia/2d_slam/src/install/lslidar_msgs/include/lslidar_msgs/lslidar_msgs
[9.874s] -- Up-to-date: /home/nvidia/2d_slam/src/install/lslidar_msgs/include/lslidar_msgs/lslidar_msgs/msg
[9.874s] -- Installing: /home/nvidia/2d_slam/src/install/lslidar_msgs/include/lslidar_msgs/lslidar_msgs/msg/rosidl_typesupport_introspection_c__visibility_control.h
[9.874s] -- Up-to-date: /home/nvidia/2d_slam/src/install/lslidar_msgs/include/lslidar_msgs/lslidar_msgs/msg/detail
[9.874s] -- Installing: /home/nvidia/2d_slam/src/install/lslidar_msgs/include/lslidar_msgs/lslidar_msgs/msg/detail/lslidar_sweep__type_support.c
[9.874s] -- Installing: /home/nvidia/2d_slam/src/install/lslidar_msgs/include/lslidar_msgs/lslidar_msgs/msg/detail/lslidar_point__type_support.c
[9.875s] -- Installing: /home/nvidia/2d_slam/src/install/lslidar_msgs/include/lslidar_msgs/lslidar_msgs/msg/detail/lslidar_difop__rosidl_typesupport_introspection_c.h
[9.875s] -- Installing: /home/nvidia/2d_slam/src/install/lslidar_msgs/include/lslidar_msgs/lslidar_msgs/msg/detail/lslidar_packet__type_support.c
[9.875s] -- Installing: /home/nvidia/2d_slam/src/install/lslidar_msgs/include/lslidar_msgs/lslidar_msgs/msg/detail/lslidar_point__rosidl_typesupport_introspection_c.h
[9.875s] -- Installing: /home/nvidia/2d_slam/src/install/lslidar_msgs/include/lslidar_msgs/lslidar_msgs/msg/detail/lslidar_packet__rosidl_typesupport_introspection_c.h
[9.875s] -- Installing: /home/nvidia/2d_slam/src/install/lslidar_msgs/include/lslidar_msgs/lslidar_msgs/msg/detail/lslidar_sweep__rosidl_typesupport_introspection_c.h
[9.875s] -- Installing: /home/nvidia/2d_slam/src/install/lslidar_msgs/include/lslidar_msgs/lslidar_msgs/msg/detail/lslidar_difop__type_support.c
[9.875s] -- Installing: /home/nvidia/2d_slam/src/install/lslidar_msgs/include/lslidar_msgs/lslidar_msgs/msg/detail/lslidar_scan__type_support.c
[9.875s] -- Installing: /home/nvidia/2d_slam/src/install/lslidar_msgs/include/lslidar_msgs/lslidar_msgs/msg/detail/lslidar_scan__rosidl_typesupport_introspection_c.h
[9.876s] -- Installing: /home/nvidia/2d_slam/src/install/lslidar_msgs/lib/liblslidar_msgs__rosidl_typesupport_introspection_c.so
[9.876s] -- Set runtime path of "/home/nvidia/2d_slam/src/install/lslidar_msgs/lib/liblslidar_msgs__rosidl_typesupport_introspection_c.so" to ""
[9.876s] -- Installing: /home/nvidia/2d_slam/src/install/lslidar_msgs/lib/liblslidar_msgs__rosidl_typesupport_c.so
[9.877s] -- Set runtime path of "/home/nvidia/2d_slam/src/install/lslidar_msgs/lib/liblslidar_msgs__rosidl_typesupport_c.so" to ""
[9.877s] -- Up-to-date: /home/nvidia/2d_slam/src/install/lslidar_msgs/include/lslidar_msgs/lslidar_msgs
[9.877s] -- Up-to-date: /home/nvidia/2d_slam/src/install/lslidar_msgs/include/lslidar_msgs/lslidar_msgs/msg
[9.877s] -- Up-to-date: /home/nvidia/2d_slam/src/install/lslidar_msgs/include/lslidar_msgs/lslidar_msgs/msg/detail
[9.877s] -- Installing: /home/nvidia/2d_slam/src/install/lslidar_msgs/include/lslidar_msgs/lslidar_msgs/msg/detail/lslidar_packet__rosidl_typesupport_introspection_cpp.hpp
[9.877s] -- Installing: /home/nvidia/2d_slam/src/install/lslidar_msgs/include/lslidar_msgs/lslidar_msgs/msg/detail/lslidar_difop__rosidl_typesupport_introspection_cpp.hpp
[9.878s] -- Installing: /home/nvidia/2d_slam/src/install/lslidar_msgs/include/lslidar_msgs/lslidar_msgs/msg/detail/lslidar_difop__type_support.cpp
[9.878s] -- Installing: /home/nvidia/2d_slam/src/install/lslidar_msgs/include/lslidar_msgs/lslidar_msgs/msg/detail/lslidar_packet__type_support.cpp
[9.878s] -- Installing: /home/nvidia/2d_slam/src/install/lslidar_msgs/include/lslidar_msgs/lslidar_msgs/msg/detail/lslidar_point__rosidl_typesupport_introspection_cpp.hpp
[9.878s] -- Installing: /home/nvidia/2d_slam/src/install/lslidar_msgs/include/lslidar_msgs/lslidar_msgs/msg/detail/lslidar_scan__rosidl_typesupport_introspection_cpp.hpp
[9.878s] -- Installing: /home/nvidia/2d_slam/src/install/lslidar_msgs/include/lslidar_msgs/lslidar_msgs/msg/detail/lslidar_sweep__rosidl_typesupport_introspection_cpp.hpp
[9.878s] -- Installing: /home/nvidia/2d_slam/src/install/lslidar_msgs/include/lslidar_msgs/lslidar_msgs/msg/detail/lslidar_scan__type_support.cpp
[9.878s] -- Installing: /home/nvidia/2d_slam/src/install/lslidar_msgs/include/lslidar_msgs/lslidar_msgs/msg/detail/lslidar_point__type_support.cpp
[9.879s] -- Installing: /home/nvidia/2d_slam/src/install/lslidar_msgs/include/lslidar_msgs/lslidar_msgs/msg/detail/lslidar_sweep__type_support.cpp
[9.879s] -- Installing: /home/nvidia/2d_slam/src/install/lslidar_msgs/lib/liblslidar_msgs__rosidl_typesupport_introspection_cpp.so
[9.880s] -- Set runtime path of "/home/nvidia/2d_slam/src/install/lslidar_msgs/lib/liblslidar_msgs__rosidl_typesupport_introspection_cpp.so" to ""
[9.880s] -- Installing: /home/nvidia/2d_slam/src/install/lslidar_msgs/lib/liblslidar_msgs__rosidl_typesupport_cpp.so
[9.880s] -- Set runtime path of "/home/nvidia/2d_slam/src/install/lslidar_msgs/lib/liblslidar_msgs__rosidl_typesupport_cpp.so" to ""
[9.880s] -- Installing: /home/nvidia/2d_slam/src/install/lslidar_msgs/share/lslidar_msgs/environment/pythonpath.sh
[9.880s] -- Installing: /home/nvidia/2d_slam/src/install/lslidar_msgs/share/lslidar_msgs/environment/pythonpath.dsv
[9.881s] -- Installing: /home/nvidia/2d_slam/src/install/lslidar_msgs/local/lib/python3.10/dist-packages/lslidar_msgs-1.2.0-py3.10.egg-info
[9.881s] -- Installing: /home/nvidia/2d_slam/src/install/lslidar_msgs/local/lib/python3.10/dist-packages/lslidar_msgs-1.2.0-py3.10.egg-info/dependency_links.txt
[9.881s] -- Installing: /home/nvidia/2d_slam/src/install/lslidar_msgs/local/lib/python3.10/dist-packages/lslidar_msgs-1.2.0-py3.10.egg-info/SOURCES.txt
[9.881s] -- Installing: /home/nvidia/2d_slam/src/install/lslidar_msgs/local/lib/python3.10/dist-packages/lslidar_msgs-1.2.0-py3.10.egg-info/top_level.txt
[9.881s] -- Installing: /home/nvidia/2d_slam/src/install/lslidar_msgs/local/lib/python3.10/dist-packages/lslidar_msgs-1.2.0-py3.10.egg-info/PKG-INFO
[9.882s] -- Installing: /home/nvidia/2d_slam/src/install/lslidar_msgs/local/lib/python3.10/dist-packages/lslidar_msgs
[9.882s] -- Installing: /home/nvidia/2d_slam/src/install/lslidar_msgs/local/lib/python3.10/dist-packages/lslidar_msgs/lslidar_msgs_s__rosidl_typesupport_introspection_c.cpython-310-aarch64-linux-gnu.so
[9.883s] -- Installing: /home/nvidia/2d_slam/src/install/lslidar_msgs/local/lib/python3.10/dist-packages/lslidar_msgs/msg
[9.884s] -- Installing: /home/nvidia/2d_slam/src/install/lslidar_msgs/local/lib/python3.10/dist-packages/lslidar_msgs/msg/_lslidar_difop_s.c
[9.884s] -- Installing: /home/nvidia/2d_slam/src/install/lslidar_msgs/local/lib/python3.10/dist-packages/lslidar_msgs/msg/_lslidar_packet.py
[9.884s] -- Installing: /home/nvidia/2d_slam/src/install/lslidar_msgs/local/lib/python3.10/dist-packages/lslidar_msgs/msg/_lslidar_sweep_s.c
[9.884s] -- Installing: /home/nvidia/2d_slam/src/install/lslidar_msgs/local/lib/python3.10/dist-packages/lslidar_msgs/msg/_lslidar_packet_s.c
[9.885s] -- Installing: /home/nvidia/2d_slam/src/install/lslidar_msgs/local/lib/python3.10/dist-packages/lslidar_msgs/msg/_lslidar_sweep.py
[9.885s] -- Installing: /home/nvidia/2d_slam/src/install/lslidar_msgs/local/lib/python3.10/dist-packages/lslidar_msgs/msg/_lslidar_scan_s.c
[9.886s] -- Installing: /home/nvidia/2d_slam/src/install/lslidar_msgs/local/lib/python3.10/dist-packages/lslidar_msgs/msg/_lslidar_point_s.c
[9.887s] -- Installing: /home/nvidia/2d_slam/src/install/lslidar_msgs/local/lib/python3.10/dist-packages/lslidar_msgs/msg/_lslidar_difop.py
[9.887s] -- Installing: /home/nvidia/2d_slam/src/install/lslidar_msgs/local/lib/python3.10/dist-packages/lslidar_msgs/msg/_lslidar_scan.py
[9.887s] -- Installing: /home/nvidia/2d_slam/src/install/lslidar_msgs/local/lib/python3.10/dist-packages/lslidar_msgs/msg/_lslidar_point.py
[9.887s] -- Installing: /home/nvidia/2d_slam/src/install/lslidar_msgs/local/lib/python3.10/dist-packages/lslidar_msgs/msg/__init__.py
[9.888s] -- Installing: /home/nvidia/2d_slam/src/install/lslidar_msgs/local/lib/python3.10/dist-packages/lslidar_msgs/_lslidar_msgs_s.ep.rosidl_typesupport_c.c
[9.888s] -- Installing: /home/nvidia/2d_slam/src/install/lslidar_msgs/local/lib/python3.10/dist-packages/lslidar_msgs/lslidar_msgs_s__rosidl_typesupport_c.cpython-310-aarch64-linux-gnu.so
[9.888s] -- Installing: /home/nvidia/2d_slam/src/install/lslidar_msgs/local/lib/python3.10/dist-packages/lslidar_msgs/lslidar_msgs_s__rosidl_typesupport_fastrtps_c.cpython-310-aarch64-linux-gnu.so
[9.888s] -- Installing: /home/nvidia/2d_slam/src/install/lslidar_msgs/local/lib/python3.10/dist-packages/lslidar_msgs/_lslidar_msgs_s.ep.rosidl_typesupport_introspection_c.c
[9.889s] -- Installing: /home/nvidia/2d_slam/src/install/lslidar_msgs/local/lib/python3.10/dist-packages/lslidar_msgs/_lslidar_msgs_s.ep.rosidl_typesupport_fastrtps_c.c
[9.889s] -- Installing: /home/nvidia/2d_slam/src/install/lslidar_msgs/local/lib/python3.10/dist-packages/lslidar_msgs/liblslidar_msgs__rosidl_generator_py.so
[9.889s] -- Installing: /home/nvidia/2d_slam/src/install/lslidar_msgs/local/lib/python3.10/dist-packages/lslidar_msgs/__init__.py
[9.947s] Listing '/home/nvidia/2d_slam/src/install/lslidar_msgs/local/lib/python3.10/dist-packages/lslidar_msgs'...
[9.948s] Compiling '/home/nvidia/2d_slam/src/install/lslidar_msgs/local/lib/python3.10/dist-packages/lslidar_msgs/__init__.py'...
[9.948s] Listing '/home/nvidia/2d_slam/src/install/lslidar_msgs/local/lib/python3.10/dist-packages/lslidar_msgs/msg'...
[9.948s] Compiling '/home/nvidia/2d_slam/src/install/lslidar_msgs/local/lib/python3.10/dist-packages/lslidar_msgs/msg/__init__.py'...
[9.948s] Compiling '/home/nvidia/2d_slam/src/install/lslidar_msgs/local/lib/python3.10/dist-packages/lslidar_msgs/msg/_lslidar_difop.py'...
[9.949s] Compiling '/home/nvidia/2d_slam/src/install/lslidar_msgs/local/lib/python3.10/dist-packages/lslidar_msgs/msg/_lslidar_packet.py'...
[9.949s] Compiling '/home/nvidia/2d_slam/src/install/lslidar_msgs/local/lib/python3.10/dist-packages/lslidar_msgs/msg/_lslidar_point.py'...
[9.949s] Compiling '/home/nvidia/2d_slam/src/install/lslidar_msgs/local/lib/python3.10/dist-packages/lslidar_msgs/msg/_lslidar_scan.py'...
[9.949s] Compiling '/home/nvidia/2d_slam/src/install/lslidar_msgs/local/lib/python3.10/dist-packages/lslidar_msgs/msg/_lslidar_sweep.py'...
[9.958s] -- Installing: /home/nvidia/2d_slam/src/install/lslidar_msgs/local/lib/python3.10/dist-packages/lslidar_msgs/lslidar_msgs_s__rosidl_typesupport_fastrtps_c.cpython-310-aarch64-linux-gnu.so
[9.958s] -- Set runtime path of "/home/nvidia/2d_slam/src/install/lslidar_msgs/local/lib/python3.10/dist-packages/lslidar_msgs/lslidar_msgs_s__rosidl_typesupport_fastrtps_c.cpython-310-aarch64-linux-gnu.so" to ""
[9.958s] -- Installing: /home/nvidia/2d_slam/src/install/lslidar_msgs/local/lib/python3.10/dist-packages/lslidar_msgs/lslidar_msgs_s__rosidl_typesupport_introspection_c.cpython-310-aarch64-linux-gnu.so
[9.959s] -- Set runtime path of "/home/nvidia/2d_slam/src/install/lslidar_msgs/local/lib/python3.10/dist-packages/lslidar_msgs/lslidar_msgs_s__rosidl_typesupport_introspection_c.cpython-310-aarch64-linux-gnu.so" to ""
[9.959s] -- Installing: /home/nvidia/2d_slam/src/install/lslidar_msgs/local/lib/python3.10/dist-packages/lslidar_msgs/lslidar_msgs_s__rosidl_typesupport_c.cpython-310-aarch64-linux-gnu.so
[9.959s] -- Set runtime path of "/home/nvidia/2d_slam/src/install/lslidar_msgs/local/lib/python3.10/dist-packages/lslidar_msgs/lslidar_msgs_s__rosidl_typesupport_c.cpython-310-aarch64-linux-gnu.so" to ""
[9.960s] -- Installing: /home/nvidia/2d_slam/src/install/lslidar_msgs/lib/liblslidar_msgs__rosidl_generator_py.so
[9.960s] -- Set runtime path of "/home/nvidia/2d_slam/src/install/lslidar_msgs/lib/liblslidar_msgs__rosidl_generator_py.so" to ""
[9.960s] -- Installing: /home/nvidia/2d_slam/src/install/lslidar_msgs/share/lslidar_msgs/msg/LslidarDifop.idl
[9.961s] -- Installing: /home/nvidia/2d_slam/src/install/lslidar_msgs/share/lslidar_msgs/msg/LslidarPacket.idl
[9.961s] -- Installing: /home/nvidia/2d_slam/src/install/lslidar_msgs/share/lslidar_msgs/msg/LslidarPoint.idl
[9.961s] -- Installing: /home/nvidia/2d_slam/src/install/lslidar_msgs/share/lslidar_msgs/msg/LslidarScan.idl
[9.961s] -- Installing: /home/nvidia/2d_slam/src/install/lslidar_msgs/share/lslidar_msgs/msg/LslidarSweep.idl
[9.962s] -- Installing: /home/nvidia/2d_slam/src/install/lslidar_msgs/share/lslidar_msgs/msg/LslidarDifop.msg
[9.962s] -- Installing: /home/nvidia/2d_slam/src/install/lslidar_msgs/share/lslidar_msgs/msg/LslidarPacket.msg
[9.962s] -- Installing: /home/nvidia/2d_slam/src/install/lslidar_msgs/share/lslidar_msgs/msg/LslidarPoint.msg
[9.963s] -- Installing: /home/nvidia/2d_slam/src/install/lslidar_msgs/share/lslidar_msgs/msg/LslidarScan.msg
[9.963s] -- Installing: /home/nvidia/2d_slam/src/install/lslidar_msgs/share/lslidar_msgs/msg/LslidarSweep.msg
[9.963s] -- Installing: /home/nvidia/2d_slam/src/install/lslidar_msgs/share/ament_index/resource_index/package_run_dependencies/lslidar_msgs
[9.963s] -- Installing: /home/nvidia/2d_slam/src/install/lslidar_msgs/share/ament_index/resource_index/parent_prefix_path/lslidar_msgs
[9.964s] -- Installing: /home/nvidia/2d_slam/src/install/lslidar_msgs/share/lslidar_msgs/environment/ament_prefix_path.sh
[9.964s] -- Installing: /home/nvidia/2d_slam/src/install/lslidar_msgs/share/lslidar_msgs/environment/ament_prefix_path.dsv
[9.964s] -- Installing: /home/nvidia/2d_slam/src/install/lslidar_msgs/share/lslidar_msgs/environment/path.sh
[9.965s] -- Installing: /home/nvidia/2d_slam/src/install/lslidar_msgs/share/lslidar_msgs/environment/path.dsv
[9.965s] -- Installing: /home/nvidia/2d_slam/src/install/lslidar_msgs/share/lslidar_msgs/local_setup.bash
[9.965s] -- Installing: /home/nvidia/2d_slam/src/install/lslidar_msgs/share/lslidar_msgs/local_setup.sh
[9.965s] -- Installing: /home/nvidia/2d_slam/src/install/lslidar_msgs/share/lslidar_msgs/local_setup.zsh
[9.966s] -- Installing: /home/nvidia/2d_slam/src/install/lslidar_msgs/share/lslidar_msgs/local_setup.dsv
[9.966s] -- Installing: /home/nvidia/2d_slam/src/install/lslidar_msgs/share/lslidar_msgs/package.dsv
[9.966s] -- Installing: /home/nvidia/2d_slam/src/install/lslidar_msgs/share/ament_index/resource_index/packages/lslidar_msgs
[9.966s] -- Installing: /home/nvidia/2d_slam/src/install/lslidar_msgs/share/lslidar_msgs/cmake/export_lslidar_msgs__rosidl_generator_cExport.cmake
[9.967s] -- Installing: /home/nvidia/2d_slam/src/install/lslidar_msgs/share/lslidar_msgs/cmake/export_lslidar_msgs__rosidl_generator_cExport-noconfig.cmake
[9.967s] -- Installing: /home/nvidia/2d_slam/src/install/lslidar_msgs/share/lslidar_msgs/cmake/export_lslidar_msgs__rosidl_typesupport_fastrtps_cExport.cmake
[9.967s] -- Installing: /home/nvidia/2d_slam/src/install/lslidar_msgs/share/lslidar_msgs/cmake/export_lslidar_msgs__rosidl_typesupport_fastrtps_cExport-noconfig.cmake
[9.968s] -- Installing: /home/nvidia/2d_slam/src/install/lslidar_msgs/share/lslidar_msgs/cmake/export_lslidar_msgs__rosidl_generator_cppExport.cmake
[9.968s] -- Installing: /home/nvidia/2d_slam/src/install/lslidar_msgs/share/lslidar_msgs/cmake/export_lslidar_msgs__rosidl_typesupport_fastrtps_cppExport.cmake
[9.968s] -- Installing: /home/nvidia/2d_slam/src/install/lslidar_msgs/share/lslidar_msgs/cmake/export_lslidar_msgs__rosidl_typesupport_fastrtps_cppExport-noconfig.cmake
[9.968s] -- Installing: /home/nvidia/2d_slam/src/install/lslidar_msgs/share/lslidar_msgs/cmake/lslidar_msgs__rosidl_typesupport_introspection_cExport.cmake
[9.969s] -- Installing: /home/nvidia/2d_slam/src/install/lslidar_msgs/share/lslidar_msgs/cmake/lslidar_msgs__rosidl_typesupport_introspection_cExport-noconfig.cmake
[9.969s] -- Installing: /home/nvidia/2d_slam/src/install/lslidar_msgs/share/lslidar_msgs/cmake/lslidar_msgs__rosidl_typesupport_cExport.cmake
[9.969s] -- Installing: /home/nvidia/2d_slam/src/install/lslidar_msgs/share/lslidar_msgs/cmake/lslidar_msgs__rosidl_typesupport_cExport-noconfig.cmake
[9.969s] -- Installing: /home/nvidia/2d_slam/src/install/lslidar_msgs/share/lslidar_msgs/cmake/lslidar_msgs__rosidl_typesupport_introspection_cppExport.cmake
[9.970s] -- Installing: /home/nvidia/2d_slam/src/install/lslidar_msgs/share/lslidar_msgs/cmake/lslidar_msgs__rosidl_typesupport_introspection_cppExport-noconfig.cmake
[9.970s] -- Installing: /home/nvidia/2d_slam/src/install/lslidar_msgs/share/lslidar_msgs/cmake/lslidar_msgs__rosidl_typesupport_cppExport.cmake
[9.970s] -- Installing: /home/nvidia/2d_slam/src/install/lslidar_msgs/share/lslidar_msgs/cmake/lslidar_msgs__rosidl_typesupport_cppExport-noconfig.cmake
[9.971s] -- Installing: /home/nvidia/2d_slam/src/install/lslidar_msgs/share/lslidar_msgs/cmake/export_lslidar_msgs__rosidl_generator_pyExport.cmake
[9.971s] -- Installing: /home/nvidia/2d_slam/src/install/lslidar_msgs/share/lslidar_msgs/cmake/export_lslidar_msgs__rosidl_generator_pyExport-noconfig.cmake
[9.971s] -- Installing: /home/nvidia/2d_slam/src/install/lslidar_msgs/share/lslidar_msgs/cmake/rosidl_cmake-extras.cmake
[9.971s] -- Installing: /home/nvidia/2d_slam/src/install/lslidar_msgs/share/lslidar_msgs/cmake/ament_cmake_export_dependencies-extras.cmake
[9.972s] -- Installing: /home/nvidia/2d_slam/src/install/lslidar_msgs/share/lslidar_msgs/cmake/ament_cmake_export_include_directories-extras.cmake
[9.972s] -- Installing: /home/nvidia/2d_slam/src/install/lslidar_msgs/share/lslidar_msgs/cmake/ament_cmake_export_libraries-extras.cmake
[9.972s] -- Installing: /home/nvidia/2d_slam/src/install/lslidar_msgs/share/lslidar_msgs/cmake/ament_cmake_export_targets-extras.cmake
[9.973s] -- Installing: /home/nvidia/2d_slam/src/install/lslidar_msgs/share/lslidar_msgs/cmake/rosidl_cmake_export_typesupport_targets-extras.cmake
[9.973s] -- Installing: /home/nvidia/2d_slam/src/install/lslidar_msgs/share/lslidar_msgs/cmake/rosidl_cmake_export_typesupport_libraries-extras.cmake
[9.973s] -- Installing: /home/nvidia/2d_slam/src/install/lslidar_msgs/share/lslidar_msgs/cmake/lslidar_msgsConfig.cmake
[9.973s] -- Installing: /home/nvidia/2d_slam/src/install/lslidar_msgs/share/lslidar_msgs/cmake/lslidar_msgsConfig-version.cmake
[9.973s] -- Installing: /home/nvidia/2d_slam/src/install/lslidar_msgs/share/lslidar_msgs/package.xml
[9.980s] Invoked command in '/home/nvidia/2d_slam/src/build/lslidar_msgs' returned '0': CMAKE_PREFIX_PATH=${CMAKE_PREFIX_PATH}:/opt/ros/humble /usr/bin/cmake --install /home/nvidia/2d_slam/src/build/lslidar_msgs
