running egg_info
creating ../../build/rr_description/rr_description.egg-info
writing ../../build/rr_description/rr_description.egg-info/PKG-INFO
writing dependency_links to ../../build/rr_description/rr_description.egg-info/dependency_links.txt
writing entry points to ../../build/rr_description/rr_description.egg-info/entry_points.txt
writing requirements to ../../build/rr_description/rr_description.egg-info/requires.txt
writing top-level names to ../../build/rr_description/rr_description.egg-info/top_level.txt
writing manifest file '../../build/rr_description/rr_description.egg-info/SOURCES.txt'
reading manifest file '../../build/rr_description/rr_description.egg-info/SOURCES.txt'
writing manifest file '../../build/rr_description/rr_description.egg-info/SOURCES.txt'
running build
running build_py
creating /home/nvidia/roadRunner/urdf_ws/build/rr_description/build
creating /home/nvidia/roadRunner/urdf_ws/build/rr_description/build/lib
creating /home/nvidia/roadRunner/urdf_ws/build/rr_description/build/lib/rr_description
copying rr_description/__init__.py -> /home/nvidia/roadRunner/urdf_ws/build/rr_description/build/lib/rr_description
running install
running install_lib
creating /home/nvidia/roadRunner/urdf_ws/install/rr_description/lib/python3.10/site-packages/rr_description
copying /home/nvidia/roadRunner/urdf_ws/build/rr_description/build/lib/rr_description/__init__.py -> /home/nvidia/roadRunner/urdf_ws/install/rr_description/lib/python3.10/site-packages/rr_description
byte-compiling /home/nvidia/roadRunner/urdf_ws/install/rr_description/lib/python3.10/site-packages/rr_description/__init__.py to __init__.cpython-310.pyc
running install_data
creating /home/nvidia/roadRunner/urdf_ws/install/rr_description/share/ament_index
creating /home/nvidia/roadRunner/urdf_ws/install/rr_description/share/ament_index/resource_index
creating /home/nvidia/roadRunner/urdf_ws/install/rr_description/share/ament_index/resource_index/packages
copying resource/rr_description -> /home/nvidia/roadRunner/urdf_ws/install/rr_description/share/ament_index/resource_index/packages
copying package.xml -> /home/nvidia/roadRunner/urdf_ws/install/rr_description/share/rr_description
running install_egg_info
Copying ../../build/rr_description/rr_description.egg-info to /home/nvidia/roadRunner/urdf_ws/install/rr_description/lib/python3.10/site-packages/rr_description-0.0.0-py3.10.egg-info
running install_scripts
writing list of installed files to '/home/nvidia/roadRunner/urdf_ws/build/rr_description/install.log'
