[1.130s] Invoking command in '/home/nvidia/roadRunner/urdf_ws/src/rr_description': PYTHONPATH=/home/nvidia/roadRunner/urdf_ws/build/rr_description/prefix_override:/usr/lib/python3/dist-packages/colcon_core/task/python/colcon_distutils_commands:/home/nvidia/roadRunner/urdf_ws/install/rr_description/lib/python3.10/site-packages:${PYTHONPATH} /usr/bin/python3 -W ignore:setup.py install is deprecated -W ignore:easy_install command is deprecated setup.py egg_info --egg-base ../../build/rr_description build --build-base /home/nvidia/roadRunner/urdf_ws/build/rr_description/build install --record /home/nvidia/roadRunner/urdf_ws/build/rr_description/install.log --single-version-externally-managed install_data
[1.537s] running egg_info
[1.537s] creating ../../build/rr_description/rr_description.egg-info
[1.538s] writing ../../build/rr_description/rr_description.egg-info/PKG-INFO
[1.538s] writing dependency_links to ../../build/rr_description/rr_description.egg-info/dependency_links.txt
[1.538s] writing entry points to ../../build/rr_description/rr_description.egg-info/entry_points.txt
[1.539s] writing requirements to ../../build/rr_description/rr_description.egg-info/requires.txt
[1.539s] writing top-level names to ../../build/rr_description/rr_description.egg-info/top_level.txt
[1.539s] writing manifest file '../../build/rr_description/rr_description.egg-info/SOURCES.txt'
[1.542s] reading manifest file '../../build/rr_description/rr_description.egg-info/SOURCES.txt'
[1.543s] writing manifest file '../../build/rr_description/rr_description.egg-info/SOURCES.txt'
[1.543s] running build
[1.544s] running build_py
[1.544s] creating /home/nvidia/roadRunner/urdf_ws/build/rr_description/build
[1.544s] creating /home/nvidia/roadRunner/urdf_ws/build/rr_description/build/lib
[1.544s] creating /home/nvidia/roadRunner/urdf_ws/build/rr_description/build/lib/rr_description
[1.545s] copying rr_description/__init__.py -> /home/nvidia/roadRunner/urdf_ws/build/rr_description/build/lib/rr_description
[1.545s] running install
[1.545s] running install_lib
[1.545s] creating /home/nvidia/roadRunner/urdf_ws/install/rr_description/lib/python3.10/site-packages/rr_description
[1.545s] copying /home/nvidia/roadRunner/urdf_ws/build/rr_description/build/lib/rr_description/__init__.py -> /home/nvidia/roadRunner/urdf_ws/install/rr_description/lib/python3.10/site-packages/rr_description
[1.546s] byte-compiling /home/nvidia/roadRunner/urdf_ws/install/rr_description/lib/python3.10/site-packages/rr_description/__init__.py to __init__.cpython-310.pyc
[1.546s] running install_data
[1.547s] creating /home/nvidia/roadRunner/urdf_ws/install/rr_description/share/ament_index
[1.547s] creating /home/nvidia/roadRunner/urdf_ws/install/rr_description/share/ament_index/resource_index
[1.547s] creating /home/nvidia/roadRunner/urdf_ws/install/rr_description/share/ament_index/resource_index/packages
[1.547s] copying resource/rr_description -> /home/nvidia/roadRunner/urdf_ws/install/rr_description/share/ament_index/resource_index/packages
[1.548s] copying package.xml -> /home/nvidia/roadRunner/urdf_ws/install/rr_description/share/rr_description
[1.548s] running install_egg_info
[1.550s] Copying ../../build/rr_description/rr_description.egg-info to /home/nvidia/roadRunner/urdf_ws/install/rr_description/lib/python3.10/site-packages/rr_description-0.0.0-py3.10.egg-info
[1.551s] running install_scripts
[1.582s] writing list of installed files to '/home/nvidia/roadRunner/urdf_ws/build/rr_description/install.log'
[1.630s] Invoked command in '/home/nvidia/roadRunner/urdf_ws/src/rr_description' returned '0': PYTHONPATH=/home/nvidia/roadRunner/urdf_ws/build/rr_description/prefix_override:/usr/lib/python3/dist-packages/colcon_core/task/python/colcon_distutils_commands:/home/nvidia/roadRunner/urdf_ws/install/rr_description/lib/python3.10/site-packages:${PYTHONPATH} /usr/bin/python3 -W ignore:setup.py install is deprecated -W ignore:easy_install command is deprecated setup.py egg_info --egg-base ../../build/rr_description build --build-base /home/nvidia/roadRunner/urdf_ws/build/rr_description/build install --record /home/nvidia/roadRunner/urdf_ws/build/rr_description/install.log --single-version-externally-managed install_data
