[0.181s] DEBUG:colcon:Command line arguments: ['/usr/bin/colcon', 'build']
[0.181s] DEBUG:colcon:Parsed command line arguments: Namespace(log_base=None, log_level=None, verb_name='build', build_base='build', install_base='install', merge_install=False, symlink_install=False, test_result_base=None, continue_on_error=False, executor='parallel', parallel_workers=8, event_handlers=None, ignore_user_meta=False, metas=['./colcon.meta'], base_paths=['.'], packages_ignore=None, packages_ignore_regex=None, paths=None, packages_up_to=None, packages_up_to_regex=None, packages_above=None, packages_above_and_dependencies=None, packages_above_depth=None, packages_select_by_dep=None, packages_skip_by_dep=None, packages_skip_up_to=None, packages_select_build_failed=False, packages_skip_build_finished=False, packages_select_test_failures=False, packages_skip_test_passed=False, packages_select=None, packages_skip=None, packages_select_regex=None, packages_skip_regex=None, packages_start=None, packages_end=None, allow_overriding=[], cmake_args=None, cmake_target=None, cmake_target_skip_unavailable=False, cmake_clean_cache=False, cmake_clean_first=False, cmake_force_configure=False, ament_cmake_args=None, catkin_cmake_args=None, catkin_skip_building_tests=False, mixin_files=None, mixin=None, verb_parser=<colcon_mixin.mixin.mixin_argument.MixinArgumentDecorator object at 0xffff81ab7a30>, verb_extension=<colcon_core.verb.build.BuildVerb object at 0xffff81ab7070>, main=<bound method BuildVerb.main of <colcon_core.verb.build.BuildVerb object at 0xffff81ab7070>>, mixin_verb=('build',))
[0.477s] Level 1:colcon.colcon_core.package_discovery:discover_packages(colcon_meta) check parameters
[0.477s] Level 1:colcon.colcon_core.package_discovery:discover_packages(recursive) check parameters
[0.477s] Level 1:colcon.colcon_core.package_discovery:discover_packages(ignore) check parameters
[0.477s] Level 1:colcon.colcon_core.package_discovery:discover_packages(path) check parameters
[0.477s] Level 1:colcon.colcon_core.package_discovery:discover_packages(colcon_meta) discover
[0.478s] Level 1:colcon.colcon_core.package_discovery:discover_packages(recursive) discover
[0.478s] INFO:colcon.colcon_core.package_discovery:Crawling recursively for packages in '/home/nvidia/roadRunner/2d_slam'
[0.478s] Level 1:colcon.colcon_core.package_identification:_identify(.) by extensions ['ignore', 'ignore_ament_install']
[0.478s] Level 1:colcon.colcon_core.package_identification:_identify(.) by extension 'ignore'
[0.478s] Level 1:colcon.colcon_core.package_identification:_identify(.) by extension 'ignore_ament_install'
[0.478s] Level 1:colcon.colcon_core.package_identification:_identify(.) by extensions ['colcon_pkg']
[0.478s] Level 1:colcon.colcon_core.package_identification:_identify(.) by extension 'colcon_pkg'
[0.478s] Level 1:colcon.colcon_core.package_identification:_identify(.) by extensions ['colcon_meta']
[0.478s] Level 1:colcon.colcon_core.package_identification:_identify(.) by extension 'colcon_meta'
[0.479s] Level 1:colcon.colcon_core.package_identification:_identify(.) by extensions ['ros']
[0.479s] Level 1:colcon.colcon_core.package_identification:_identify(.) by extension 'ros'
[0.495s] Level 1:colcon.colcon_core.package_identification:_identify(.) by extensions ['cmake', 'python']
[0.496s] Level 1:colcon.colcon_core.package_identification:_identify(.) by extension 'cmake'
[0.496s] Level 1:colcon.colcon_core.package_identification:_identify(.) by extension 'python'
[0.496s] Level 1:colcon.colcon_core.package_identification:_identify(.) by extensions ['python_setup_py']
[0.496s] Level 1:colcon.colcon_core.package_identification:_identify(.) by extension 'python_setup_py'
[0.496s] Level 1:colcon.colcon_core.package_identification:_identify(build) by extensions ['ignore', 'ignore_ament_install']
[0.496s] Level 1:colcon.colcon_core.package_identification:_identify(build) by extension 'ignore'
[0.496s] Level 1:colcon.colcon_core.package_identification:_identify(build) ignored
[0.497s] Level 1:colcon.colcon_core.package_identification:_identify(install) by extensions ['ignore', 'ignore_ament_install']
[0.497s] Level 1:colcon.colcon_core.package_identification:_identify(install) by extension 'ignore'
[0.497s] Level 1:colcon.colcon_core.package_identification:_identify(install) ignored
[0.497s] Level 1:colcon.colcon_core.package_identification:_identify(log) by extensions ['ignore', 'ignore_ament_install']
[0.497s] Level 1:colcon.colcon_core.package_identification:_identify(log) by extension 'ignore'
[0.497s] Level 1:colcon.colcon_core.package_identification:_identify(log) ignored
[0.497s] Level 1:colcon.colcon_core.package_identification:_identify(src) by extensions ['ignore', 'ignore_ament_install']
[0.497s] Level 1:colcon.colcon_core.package_identification:_identify(src) by extension 'ignore'
[0.498s] Level 1:colcon.colcon_core.package_identification:_identify(src) by extension 'ignore_ament_install'
[0.498s] Level 1:colcon.colcon_core.package_identification:_identify(src) by extensions ['colcon_pkg']
[0.498s] Level 1:colcon.colcon_core.package_identification:_identify(src) by extension 'colcon_pkg'
[0.498s] Level 1:colcon.colcon_core.package_identification:_identify(src) by extensions ['colcon_meta']
[0.498s] Level 1:colcon.colcon_core.package_identification:_identify(src) by extension 'colcon_meta'
[0.498s] Level 1:colcon.colcon_core.package_identification:_identify(src) by extensions ['ros']
[0.498s] Level 1:colcon.colcon_core.package_identification:_identify(src) by extension 'ros'
[0.498s] Level 1:colcon.colcon_core.package_identification:_identify(src) by extensions ['cmake', 'python']
[0.498s] Level 1:colcon.colcon_core.package_identification:_identify(src) by extension 'cmake'
[0.498s] Level 1:colcon.colcon_core.package_identification:_identify(src) by extension 'python'
[0.498s] Level 1:colcon.colcon_core.package_identification:_identify(src) by extensions ['python_setup_py']
[0.498s] Level 1:colcon.colcon_core.package_identification:_identify(src) by extension 'python_setup_py'
[0.499s] Level 1:colcon.colcon_core.package_identification:_identify(src/LSLIDAR_X_ROS2-20240228) by extensions ['ignore', 'ignore_ament_install']
[0.499s] Level 1:colcon.colcon_core.package_identification:_identify(src/LSLIDAR_X_ROS2-20240228) by extension 'ignore'
[0.499s] Level 1:colcon.colcon_core.package_identification:_identify(src/LSLIDAR_X_ROS2-20240228) by extension 'ignore_ament_install'
[0.499s] Level 1:colcon.colcon_core.package_identification:_identify(src/LSLIDAR_X_ROS2-20240228) by extensions ['colcon_pkg']
[0.499s] Level 1:colcon.colcon_core.package_identification:_identify(src/LSLIDAR_X_ROS2-20240228) by extension 'colcon_pkg'
[0.499s] Level 1:colcon.colcon_core.package_identification:_identify(src/LSLIDAR_X_ROS2-20240228) by extensions ['colcon_meta']
[0.499s] Level 1:colcon.colcon_core.package_identification:_identify(src/LSLIDAR_X_ROS2-20240228) by extension 'colcon_meta'
[0.499s] Level 1:colcon.colcon_core.package_identification:_identify(src/LSLIDAR_X_ROS2-20240228) by extensions ['ros']
[0.499s] Level 1:colcon.colcon_core.package_identification:_identify(src/LSLIDAR_X_ROS2-20240228) by extension 'ros'
[0.499s] Level 1:colcon.colcon_core.package_identification:_identify(src/LSLIDAR_X_ROS2-20240228) by extensions ['cmake', 'python']
[0.499s] Level 1:colcon.colcon_core.package_identification:_identify(src/LSLIDAR_X_ROS2-20240228) by extension 'cmake'
[0.499s] Level 1:colcon.colcon_core.package_identification:_identify(src/LSLIDAR_X_ROS2-20240228) by extension 'python'
[0.500s] Level 1:colcon.colcon_core.package_identification:_identify(src/LSLIDAR_X_ROS2-20240228) by extensions ['python_setup_py']
[0.500s] Level 1:colcon.colcon_core.package_identification:_identify(src/LSLIDAR_X_ROS2-20240228) by extension 'python_setup_py'
[0.500s] Level 1:colcon.colcon_core.package_identification:_identify(src/LSLIDAR_X_ROS2-20240228/build) by extensions ['ignore', 'ignore_ament_install']
[0.500s] Level 1:colcon.colcon_core.package_identification:_identify(src/LSLIDAR_X_ROS2-20240228/build) by extension 'ignore'
[0.500s] Level 1:colcon.colcon_core.package_identification:_identify(src/LSLIDAR_X_ROS2-20240228/build) ignored
[0.500s] Level 1:colcon.colcon_core.package_identification:_identify(src/LSLIDAR_X_ROS2-20240228/install) by extensions ['ignore', 'ignore_ament_install']
[0.500s] Level 1:colcon.colcon_core.package_identification:_identify(src/LSLIDAR_X_ROS2-20240228/install) by extension 'ignore'
[0.500s] Level 1:colcon.colcon_core.package_identification:_identify(src/LSLIDAR_X_ROS2-20240228/install) ignored
[0.501s] Level 1:colcon.colcon_core.package_identification:_identify(src/LSLIDAR_X_ROS2-20240228/log) by extensions ['ignore', 'ignore_ament_install']
[0.501s] Level 1:colcon.colcon_core.package_identification:_identify(src/LSLIDAR_X_ROS2-20240228/log) by extension 'ignore'
[0.501s] Level 1:colcon.colcon_core.package_identification:_identify(src/LSLIDAR_X_ROS2-20240228/log) ignored
[0.501s] Level 1:colcon.colcon_core.package_identification:_identify(src/LSLIDAR_X_ROS2-20240228/src) by extensions ['ignore', 'ignore_ament_install']
[0.501s] Level 1:colcon.colcon_core.package_identification:_identify(src/LSLIDAR_X_ROS2-20240228/src) by extension 'ignore'
[0.501s] Level 1:colcon.colcon_core.package_identification:_identify(src/LSLIDAR_X_ROS2-20240228/src) by extension 'ignore_ament_install'
[0.501s] Level 1:colcon.colcon_core.package_identification:_identify(src/LSLIDAR_X_ROS2-20240228/src) by extensions ['colcon_pkg']
[0.501s] Level 1:colcon.colcon_core.package_identification:_identify(src/LSLIDAR_X_ROS2-20240228/src) by extension 'colcon_pkg'
[0.501s] Level 1:colcon.colcon_core.package_identification:_identify(src/LSLIDAR_X_ROS2-20240228/src) by extensions ['colcon_meta']
[0.501s] Level 1:colcon.colcon_core.package_identification:_identify(src/LSLIDAR_X_ROS2-20240228/src) by extension 'colcon_meta'
[0.502s] Level 1:colcon.colcon_core.package_identification:_identify(src/LSLIDAR_X_ROS2-20240228/src) by extensions ['ros']
[0.502s] Level 1:colcon.colcon_core.package_identification:_identify(src/LSLIDAR_X_ROS2-20240228/src) by extension 'ros'
[0.502s] Level 1:colcon.colcon_core.package_identification:_identify(src/LSLIDAR_X_ROS2-20240228/src) by extensions ['cmake', 'python']
[0.502s] Level 1:colcon.colcon_core.package_identification:_identify(src/LSLIDAR_X_ROS2-20240228/src) by extension 'cmake'
[0.502s] Level 1:colcon.colcon_core.package_identification:_identify(src/LSLIDAR_X_ROS2-20240228/src) by extension 'python'
[0.502s] Level 1:colcon.colcon_core.package_identification:_identify(src/LSLIDAR_X_ROS2-20240228/src) by extensions ['python_setup_py']
[0.502s] Level 1:colcon.colcon_core.package_identification:_identify(src/LSLIDAR_X_ROS2-20240228/src) by extension 'python_setup_py'
[0.502s] Level 1:colcon.colcon_core.package_identification:_identify(src/LSLIDAR_X_ROS2-20240228/src/lslidar_driver) by extensions ['ignore', 'ignore_ament_install']
[0.502s] Level 1:colcon.colcon_core.package_identification:_identify(src/LSLIDAR_X_ROS2-20240228/src/lslidar_driver) by extension 'ignore'
[0.502s] Level 1:colcon.colcon_core.package_identification:_identify(src/LSLIDAR_X_ROS2-20240228/src/lslidar_driver) by extension 'ignore_ament_install'
[0.503s] Level 1:colcon.colcon_core.package_identification:_identify(src/LSLIDAR_X_ROS2-20240228/src/lslidar_driver) by extensions ['colcon_pkg']
[0.503s] Level 1:colcon.colcon_core.package_identification:_identify(src/LSLIDAR_X_ROS2-20240228/src/lslidar_driver) by extension 'colcon_pkg'
[0.503s] Level 1:colcon.colcon_core.package_identification:_identify(src/LSLIDAR_X_ROS2-20240228/src/lslidar_driver) by extensions ['colcon_meta']
[0.503s] Level 1:colcon.colcon_core.package_identification:_identify(src/LSLIDAR_X_ROS2-20240228/src/lslidar_driver) by extension 'colcon_meta'
[0.503s] Level 1:colcon.colcon_core.package_identification:_identify(src/LSLIDAR_X_ROS2-20240228/src/lslidar_driver) by extensions ['ros']
[0.503s] Level 1:colcon.colcon_core.package_identification:_identify(src/LSLIDAR_X_ROS2-20240228/src/lslidar_driver) by extension 'ros'
[0.507s] DEBUG:colcon.colcon_core.package_identification:Package 'src/LSLIDAR_X_ROS2-20240228/src/lslidar_driver' with type 'ros.ament_cmake' and name 'lslidar_driver'
[0.507s] Level 1:colcon.colcon_core.package_identification:_identify(src/LSLIDAR_X_ROS2-20240228/src/lslidar_msgs) by extensions ['ignore', 'ignore_ament_install']
[0.508s] Level 1:colcon.colcon_core.package_identification:_identify(src/LSLIDAR_X_ROS2-20240228/src/lslidar_msgs) by extension 'ignore'
[0.508s] Level 1:colcon.colcon_core.package_identification:_identify(src/LSLIDAR_X_ROS2-20240228/src/lslidar_msgs) by extension 'ignore_ament_install'
[0.508s] Level 1:colcon.colcon_core.package_identification:_identify(src/LSLIDAR_X_ROS2-20240228/src/lslidar_msgs) by extensions ['colcon_pkg']
[0.508s] Level 1:colcon.colcon_core.package_identification:_identify(src/LSLIDAR_X_ROS2-20240228/src/lslidar_msgs) by extension 'colcon_pkg'
[0.508s] Level 1:colcon.colcon_core.package_identification:_identify(src/LSLIDAR_X_ROS2-20240228/src/lslidar_msgs) by extensions ['colcon_meta']
[0.508s] Level 1:colcon.colcon_core.package_identification:_identify(src/LSLIDAR_X_ROS2-20240228/src/lslidar_msgs) by extension 'colcon_meta'
[0.508s] Level 1:colcon.colcon_core.package_identification:_identify(src/LSLIDAR_X_ROS2-20240228/src/lslidar_msgs) by extensions ['ros']
[0.508s] Level 1:colcon.colcon_core.package_identification:_identify(src/LSLIDAR_X_ROS2-20240228/src/lslidar_msgs) by extension 'ros'
[0.509s] DEBUG:colcon.colcon_core.package_identification:Package 'src/LSLIDAR_X_ROS2-20240228/src/lslidar_msgs' with type 'ros.ament_cmake' and name 'lslidar_msgs'
[0.509s] Level 1:colcon.colcon_core.package_identification:_identify(src/build) by extensions ['ignore', 'ignore_ament_install']
[0.510s] Level 1:colcon.colcon_core.package_identification:_identify(src/build) by extension 'ignore'
[0.510s] Level 1:colcon.colcon_core.package_identification:_identify(src/build) ignored
[0.510s] Level 1:colcon.colcon_core.package_identification:_identify(src/install) by extensions ['ignore', 'ignore_ament_install']
[0.510s] Level 1:colcon.colcon_core.package_identification:_identify(src/install) by extension 'ignore'
[0.510s] Level 1:colcon.colcon_core.package_identification:_identify(src/install) ignored
[0.510s] Level 1:colcon.colcon_core.package_identification:_identify(src/log) by extensions ['ignore', 'ignore_ament_install']
[0.510s] Level 1:colcon.colcon_core.package_identification:_identify(src/log) by extension 'ignore'
[0.510s] Level 1:colcon.colcon_core.package_identification:_identify(src/log) ignored
[0.510s] Level 1:colcon.colcon_core.package_discovery:discover_packages(recursive) using defaults
[0.511s] Level 1:colcon.colcon_core.package_discovery:discover_packages(ignore) discover
[0.511s] Level 1:colcon.colcon_core.package_discovery:discover_packages(ignore) using defaults
[0.511s] Level 1:colcon.colcon_core.package_discovery:discover_packages(path) discover
[0.511s] Level 1:colcon.colcon_core.package_discovery:discover_packages(path) using defaults
[0.563s] Level 1:colcon.colcon_core.package_discovery:discover_packages(prefix_path) check parameters
[0.564s] Level 1:colcon.colcon_core.package_discovery:discover_packages(prefix_path) discover
[0.567s] DEBUG:colcon.colcon_installed_package_information.package_discovery:Found 3 installed packages in /home/nvidia/DDSM_ws/install
[0.569s] DEBUG:colcon.colcon_installed_package_information.package_discovery:Found 408 installed packages in /opt/ros/humble
[0.572s] Level 1:colcon.colcon_core.package_discovery:discover_packages(prefix_path) using defaults
[0.650s] Level 5:colcon.colcon_core.verb:set package 'lslidar_msgs' build argument 'cmake_args' from command line to 'None'
[0.650s] Level 5:colcon.colcon_core.verb:set package 'lslidar_msgs' build argument 'cmake_target' from command line to 'None'
[0.650s] Level 5:colcon.colcon_core.verb:set package 'lslidar_msgs' build argument 'cmake_target_skip_unavailable' from command line to 'False'
[0.650s] Level 5:colcon.colcon_core.verb:set package 'lslidar_msgs' build argument 'cmake_clean_cache' from command line to 'False'
[0.650s] Level 5:colcon.colcon_core.verb:set package 'lslidar_msgs' build argument 'cmake_clean_first' from command line to 'False'
[0.650s] Level 5:colcon.colcon_core.verb:set package 'lslidar_msgs' build argument 'cmake_force_configure' from command line to 'False'
[0.650s] Level 5:colcon.colcon_core.verb:set package 'lslidar_msgs' build argument 'ament_cmake_args' from command line to 'None'
[0.650s] Level 5:colcon.colcon_core.verb:set package 'lslidar_msgs' build argument 'catkin_cmake_args' from command line to 'None'
[0.650s] Level 5:colcon.colcon_core.verb:set package 'lslidar_msgs' build argument 'catkin_skip_building_tests' from command line to 'False'
[0.650s] DEBUG:colcon.colcon_core.verb:Building package 'lslidar_msgs' with the following arguments: {'ament_cmake_args': None, 'build_base': '/home/nvidia/roadRunner/2d_slam/build/lslidar_msgs', 'catkin_cmake_args': None, 'catkin_skip_building_tests': False, 'cmake_args': None, 'cmake_clean_cache': False, 'cmake_clean_first': False, 'cmake_force_configure': False, 'cmake_target': None, 'cmake_target_skip_unavailable': False, 'install_base': '/home/nvidia/roadRunner/2d_slam/install/lslidar_msgs', 'merge_install': False, 'path': '/home/nvidia/roadRunner/2d_slam/src/LSLIDAR_X_ROS2-20240228/src/lslidar_msgs', 'symlink_install': False, 'test_result_base': None}
[0.651s] Level 5:colcon.colcon_core.verb:set package 'lslidar_driver' build argument 'cmake_args' from command line to 'None'
[0.651s] Level 5:colcon.colcon_core.verb:set package 'lslidar_driver' build argument 'cmake_target' from command line to 'None'
[0.651s] Level 5:colcon.colcon_core.verb:set package 'lslidar_driver' build argument 'cmake_target_skip_unavailable' from command line to 'False'
[0.651s] Level 5:colcon.colcon_core.verb:set package 'lslidar_driver' build argument 'cmake_clean_cache' from command line to 'False'
[0.651s] Level 5:colcon.colcon_core.verb:set package 'lslidar_driver' build argument 'cmake_clean_first' from command line to 'False'
[0.651s] Level 5:colcon.colcon_core.verb:set package 'lslidar_driver' build argument 'cmake_force_configure' from command line to 'False'
[0.651s] Level 5:colcon.colcon_core.verb:set package 'lslidar_driver' build argument 'ament_cmake_args' from command line to 'None'
[0.651s] Level 5:colcon.colcon_core.verb:set package 'lslidar_driver' build argument 'catkin_cmake_args' from command line to 'None'
[0.651s] Level 5:colcon.colcon_core.verb:set package 'lslidar_driver' build argument 'catkin_skip_building_tests' from command line to 'False'
[0.651s] DEBUG:colcon.colcon_core.verb:Building package 'lslidar_driver' with the following arguments: {'ament_cmake_args': None, 'build_base': '/home/nvidia/roadRunner/2d_slam/build/lslidar_driver', 'catkin_cmake_args': None, 'catkin_skip_building_tests': False, 'cmake_args': None, 'cmake_clean_cache': False, 'cmake_clean_first': False, 'cmake_force_configure': False, 'cmake_target': None, 'cmake_target_skip_unavailable': False, 'install_base': '/home/nvidia/roadRunner/2d_slam/install/lslidar_driver', 'merge_install': False, 'path': '/home/nvidia/roadRunner/2d_slam/src/LSLIDAR_X_ROS2-20240228/src/lslidar_driver', 'symlink_install': False, 'test_result_base': None}
[0.652s] INFO:colcon.colcon_core.executor:Executing jobs using 'parallel' executor
[0.654s] DEBUG:colcon.colcon_parallel_executor.executor.parallel:run_until_complete
[0.654s] INFO:colcon.colcon_ros.task.ament_cmake.build:Building ROS package in '/home/nvidia/roadRunner/2d_slam/src/LSLIDAR_X_ROS2-20240228/src/lslidar_msgs' with build type 'ament_cmake'
[0.654s] INFO:colcon.colcon_cmake.task.cmake.build:Building CMake package in '/home/nvidia/roadRunner/2d_slam/src/LSLIDAR_X_ROS2-20240228/src/lslidar_msgs'
[0.658s] INFO:colcon.colcon_core.plugin_system:Skipping extension 'colcon_core.shell.bat': Not used on non-Windows systems
[0.658s] INFO:colcon.colcon_core.shell:Skip shell extension 'powershell' for command environment: Not usable outside of PowerShell
[0.658s] DEBUG:colcon.colcon_core.shell:Skip shell extension 'dsv' for command environment
[0.673s] DEBUG:colcon.colcon_core.event_handler.log_command:Invoking command in '/home/nvidia/roadRunner/2d_slam/build/lslidar_msgs': CMAKE_PREFIX_PATH=${CMAKE_PREFIX_PATH}:/home/nvidia/DDSM_ws/install/robot_nav:/home/nvidia/DDSM_ws/install/robot_control:/opt/ros/humble /usr/bin/cmake --build /home/nvidia/roadRunner/2d_slam/build/lslidar_msgs -- -j8 -l8
[5.961s] DEBUG:colcon.colcon_core.event_handler.log_command:Invoked command in '/home/nvidia/roadRunner/2d_slam/build/lslidar_msgs' returned '0': CMAKE_PREFIX_PATH=${CMAKE_PREFIX_PATH}:/home/nvidia/DDSM_ws/install/robot_nav:/home/nvidia/DDSM_ws/install/robot_control:/opt/ros/humble /usr/bin/cmake --build /home/nvidia/roadRunner/2d_slam/build/lslidar_msgs -- -j8 -l8
[5.979s] DEBUG:colcon.colcon_core.event_handler.log_command:Invoking command in '/home/nvidia/roadRunner/2d_slam/build/lslidar_msgs': CMAKE_PREFIX_PATH=${CMAKE_PREFIX_PATH}:/home/nvidia/DDSM_ws/install/robot_nav:/home/nvidia/DDSM_ws/install/robot_control:/opt/ros/humble /usr/bin/cmake --install /home/nvidia/roadRunner/2d_slam/build/lslidar_msgs
[6.083s] Level 1:colcon.colcon_core.environment:create_environment_scripts_only(lslidar_msgs)
[6.085s] DEBUG:colcon.colcon_core.event_handler.log_command:Invoked command in '/home/nvidia/roadRunner/2d_slam/build/lslidar_msgs' returned '0': CMAKE_PREFIX_PATH=${CMAKE_PREFIX_PATH}:/home/nvidia/DDSM_ws/install/robot_nav:/home/nvidia/DDSM_ws/install/robot_control:/opt/ros/humble /usr/bin/cmake --install /home/nvidia/roadRunner/2d_slam/build/lslidar_msgs
[6.090s] Level 1:colcon.colcon_core.environment:checking '/home/nvidia/roadRunner/2d_slam/install/lslidar_msgs' for CMake module files
[6.092s] Level 1:colcon.colcon_core.environment:checking '/home/nvidia/roadRunner/2d_slam/install/lslidar_msgs' for CMake config files
[6.093s] Level 1:colcon.colcon_core.shell:create_environment_hook('lslidar_msgs', 'cmake_prefix_path')
[6.093s] INFO:colcon.colcon_core.shell:Creating environment hook '/home/nvidia/roadRunner/2d_slam/install/lslidar_msgs/share/lslidar_msgs/hook/cmake_prefix_path.ps1'
[6.095s] INFO:colcon.colcon_core.shell:Creating environment descriptor '/home/nvidia/roadRunner/2d_slam/install/lslidar_msgs/share/lslidar_msgs/hook/cmake_prefix_path.dsv'
[6.097s] INFO:colcon.colcon_core.shell:Creating environment hook '/home/nvidia/roadRunner/2d_slam/install/lslidar_msgs/share/lslidar_msgs/hook/cmake_prefix_path.sh'
[6.100s] Level 1:colcon.colcon_core.environment:checking '/home/nvidia/roadRunner/2d_slam/install/lslidar_msgs/lib'
[6.101s] Level 1:colcon.colcon_core.shell:create_environment_hook('lslidar_msgs', 'ld_library_path_lib')
[6.101s] INFO:colcon.colcon_core.shell:Creating environment hook '/home/nvidia/roadRunner/2d_slam/install/lslidar_msgs/share/lslidar_msgs/hook/ld_library_path_lib.ps1'
[6.103s] INFO:colcon.colcon_core.shell:Creating environment descriptor '/home/nvidia/roadRunner/2d_slam/install/lslidar_msgs/share/lslidar_msgs/hook/ld_library_path_lib.dsv'
[6.104s] INFO:colcon.colcon_core.shell:Creating environment hook '/home/nvidia/roadRunner/2d_slam/install/lslidar_msgs/share/lslidar_msgs/hook/ld_library_path_lib.sh'
[6.105s] Level 1:colcon.colcon_core.environment:checking '/home/nvidia/roadRunner/2d_slam/install/lslidar_msgs/bin'
[6.105s] Level 1:colcon.colcon_core.environment:checking '/home/nvidia/roadRunner/2d_slam/install/lslidar_msgs/lib/pkgconfig/lslidar_msgs.pc'
[6.106s] Level 1:colcon.colcon_core.environment:checking '/home/nvidia/roadRunner/2d_slam/install/lslidar_msgs/lib/python3.10/site-packages'
[6.107s] Level 1:colcon.colcon_core.environment:checking '/home/nvidia/roadRunner/2d_slam/install/lslidar_msgs/bin'
[6.108s] INFO:colcon.colcon_core.shell:Creating package script '/home/nvidia/roadRunner/2d_slam/install/lslidar_msgs/share/lslidar_msgs/package.ps1'
[6.111s] INFO:colcon.colcon_core.shell:Creating package descriptor '/home/nvidia/roadRunner/2d_slam/install/lslidar_msgs/share/lslidar_msgs/package.dsv'
[6.113s] INFO:colcon.colcon_core.shell:Creating package script '/home/nvidia/roadRunner/2d_slam/install/lslidar_msgs/share/lslidar_msgs/package.sh'
[6.116s] INFO:colcon.colcon_core.shell:Creating package script '/home/nvidia/roadRunner/2d_slam/install/lslidar_msgs/share/lslidar_msgs/package.bash'
[6.118s] INFO:colcon.colcon_core.shell:Creating package script '/home/nvidia/roadRunner/2d_slam/install/lslidar_msgs/share/lslidar_msgs/package.zsh'
[6.121s] Level 1:colcon.colcon_core.environment:create_file_with_runtime_dependencies(/home/nvidia/roadRunner/2d_slam/install/lslidar_msgs/share/colcon-core/packages/lslidar_msgs)
[6.123s] Level 1:colcon.colcon_core.environment:create_environment_scripts_only(lslidar_msgs)
[6.124s] Level 1:colcon.colcon_core.environment:checking '/home/nvidia/roadRunner/2d_slam/install/lslidar_msgs' for CMake module files
[6.126s] Level 1:colcon.colcon_core.environment:checking '/home/nvidia/roadRunner/2d_slam/install/lslidar_msgs' for CMake config files
[6.127s] Level 1:colcon.colcon_core.shell:create_environment_hook('lslidar_msgs', 'cmake_prefix_path')
[6.128s] INFO:colcon.colcon_core.shell:Creating environment hook '/home/nvidia/roadRunner/2d_slam/install/lslidar_msgs/share/lslidar_msgs/hook/cmake_prefix_path.ps1'
[6.129s] INFO:colcon.colcon_core.shell:Creating environment descriptor '/home/nvidia/roadRunner/2d_slam/install/lslidar_msgs/share/lslidar_msgs/hook/cmake_prefix_path.dsv'
[6.130s] INFO:colcon.colcon_core.shell:Creating environment hook '/home/nvidia/roadRunner/2d_slam/install/lslidar_msgs/share/lslidar_msgs/hook/cmake_prefix_path.sh'
[6.132s] Level 1:colcon.colcon_core.environment:checking '/home/nvidia/roadRunner/2d_slam/install/lslidar_msgs/lib'
[6.132s] Level 1:colcon.colcon_core.shell:create_environment_hook('lslidar_msgs', 'ld_library_path_lib')
[6.133s] INFO:colcon.colcon_core.shell:Creating environment hook '/home/nvidia/roadRunner/2d_slam/install/lslidar_msgs/share/lslidar_msgs/hook/ld_library_path_lib.ps1'
[6.134s] INFO:colcon.colcon_core.shell:Creating environment descriptor '/home/nvidia/roadRunner/2d_slam/install/lslidar_msgs/share/lslidar_msgs/hook/ld_library_path_lib.dsv'
[6.135s] INFO:colcon.colcon_core.shell:Creating environment hook '/home/nvidia/roadRunner/2d_slam/install/lslidar_msgs/share/lslidar_msgs/hook/ld_library_path_lib.sh'
[6.136s] Level 1:colcon.colcon_core.environment:checking '/home/nvidia/roadRunner/2d_slam/install/lslidar_msgs/bin'
[6.137s] Level 1:colcon.colcon_core.environment:checking '/home/nvidia/roadRunner/2d_slam/install/lslidar_msgs/lib/pkgconfig/lslidar_msgs.pc'
[6.137s] Level 1:colcon.colcon_core.environment:checking '/home/nvidia/roadRunner/2d_slam/install/lslidar_msgs/lib/python3.10/site-packages'
[6.138s] Level 1:colcon.colcon_core.environment:checking '/home/nvidia/roadRunner/2d_slam/install/lslidar_msgs/bin'
[6.139s] INFO:colcon.colcon_core.shell:Creating package script '/home/nvidia/roadRunner/2d_slam/install/lslidar_msgs/share/lslidar_msgs/package.ps1'
[6.140s] INFO:colcon.colcon_core.shell:Creating package descriptor '/home/nvidia/roadRunner/2d_slam/install/lslidar_msgs/share/lslidar_msgs/package.dsv'
[6.142s] INFO:colcon.colcon_core.shell:Creating package script '/home/nvidia/roadRunner/2d_slam/install/lslidar_msgs/share/lslidar_msgs/package.sh'
[6.143s] INFO:colcon.colcon_core.shell:Creating package script '/home/nvidia/roadRunner/2d_slam/install/lslidar_msgs/share/lslidar_msgs/package.bash'
[6.145s] INFO:colcon.colcon_core.shell:Creating package script '/home/nvidia/roadRunner/2d_slam/install/lslidar_msgs/share/lslidar_msgs/package.zsh'
[6.146s] Level 1:colcon.colcon_core.environment:create_file_with_runtime_dependencies(/home/nvidia/roadRunner/2d_slam/install/lslidar_msgs/share/colcon-core/packages/lslidar_msgs)
[6.147s] INFO:colcon.colcon_ros.task.ament_cmake.build:Building ROS package in '/home/nvidia/roadRunner/2d_slam/src/LSLIDAR_X_ROS2-20240228/src/lslidar_driver' with build type 'ament_cmake'
[6.147s] INFO:colcon.colcon_cmake.task.cmake.build:Building CMake package in '/home/nvidia/roadRunner/2d_slam/src/LSLIDAR_X_ROS2-20240228/src/lslidar_driver'
[6.148s] INFO:colcon.colcon_core.shell:Skip shell extension 'powershell' for command environment: Not usable outside of PowerShell
[6.148s] DEBUG:colcon.colcon_core.shell:Skip shell extension 'dsv' for command environment
[6.176s] DEBUG:colcon.colcon_core.event_handler.log_command:Invoking command in '/home/nvidia/roadRunner/2d_slam/build/lslidar_driver': AMENT_PREFIX_PATH=/home/nvidia/2d_slam/install/lslidar_msgs:${AMENT_PREFIX_PATH} CMAKE_PREFIX_PATH=/home/nvidia/roadRunner/2d_slam/install/lslidar_msgs:/home/nvidia/DDSM_ws/install/camera_publisher:/home/nvidia/DDSM_ws/install/robot_nav:/home/nvidia/DDSM_ws/install/robot_control:/opt/ros/humble LD_LIBRARY_PATH=/home/nvidia/2d_slam/install/lslidar_msgs/lib:/home/nvidia/roadRunner/2d_slam/install/lslidar_msgs/lib:${LD_LIBRARY_PATH} PYTHONPATH=/home/nvidia/2d_slam/install/lslidar_msgs/local/lib/python3.10/dist-packages:${PYTHONPATH} /usr/bin/cmake --build /home/nvidia/roadRunner/2d_slam/build/lslidar_driver -- -j8 -l8
[13.225s] DEBUG:colcon.colcon_core.event_handler.log_command:Invoked command in '/home/nvidia/roadRunner/2d_slam/build/lslidar_driver' returned '0': AMENT_PREFIX_PATH=/home/nvidia/2d_slam/install/lslidar_msgs:${AMENT_PREFIX_PATH} CMAKE_PREFIX_PATH=/home/nvidia/roadRunner/2d_slam/install/lslidar_msgs:/home/nvidia/DDSM_ws/install/camera_publisher:/home/nvidia/DDSM_ws/install/robot_nav:/home/nvidia/DDSM_ws/install/robot_control:/opt/ros/humble LD_LIBRARY_PATH=/home/nvidia/2d_slam/install/lslidar_msgs/lib:/home/nvidia/roadRunner/2d_slam/install/lslidar_msgs/lib:${LD_LIBRARY_PATH} PYTHONPATH=/home/nvidia/2d_slam/install/lslidar_msgs/local/lib/python3.10/dist-packages:${PYTHONPATH} /usr/bin/cmake --build /home/nvidia/roadRunner/2d_slam/build/lslidar_driver -- -j8 -l8
[13.229s] DEBUG:colcon.colcon_core.event_handler.log_command:Invoking command in '/home/nvidia/roadRunner/2d_slam/build/lslidar_driver': AMENT_PREFIX_PATH=/home/nvidia/2d_slam/install/lslidar_msgs:${AMENT_PREFIX_PATH} CMAKE_PREFIX_PATH=/home/nvidia/roadRunner/2d_slam/install/lslidar_msgs:/home/nvidia/DDSM_ws/install/camera_publisher:/home/nvidia/DDSM_ws/install/robot_nav:/home/nvidia/DDSM_ws/install/robot_control:/opt/ros/humble LD_LIBRARY_PATH=/home/nvidia/2d_slam/install/lslidar_msgs/lib:/home/nvidia/roadRunner/2d_slam/install/lslidar_msgs/lib:${LD_LIBRARY_PATH} PYTHONPATH=/home/nvidia/2d_slam/install/lslidar_msgs/local/lib/python3.10/dist-packages:${PYTHONPATH} /usr/bin/cmake --install /home/nvidia/roadRunner/2d_slam/build/lslidar_driver
[13.247s] Level 1:colcon.colcon_core.environment:create_environment_scripts_only(lslidar_driver)
[13.247s] Level 1:colcon.colcon_core.environment:checking '/home/nvidia/roadRunner/2d_slam/install/lslidar_driver' for CMake module files
[13.250s] DEBUG:colcon.colcon_core.event_handler.log_command:Invoked command in '/home/nvidia/roadRunner/2d_slam/build/lslidar_driver' returned '0': AMENT_PREFIX_PATH=/home/nvidia/2d_slam/install/lslidar_msgs:${AMENT_PREFIX_PATH} CMAKE_PREFIX_PATH=/home/nvidia/roadRunner/2d_slam/install/lslidar_msgs:/home/nvidia/DDSM_ws/install/camera_publisher:/home/nvidia/DDSM_ws/install/robot_nav:/home/nvidia/DDSM_ws/install/robot_control:/opt/ros/humble LD_LIBRARY_PATH=/home/nvidia/2d_slam/install/lslidar_msgs/lib:/home/nvidia/roadRunner/2d_slam/install/lslidar_msgs/lib:${LD_LIBRARY_PATH} PYTHONPATH=/home/nvidia/2d_slam/install/lslidar_msgs/local/lib/python3.10/dist-packages:${PYTHONPATH} /usr/bin/cmake --install /home/nvidia/roadRunner/2d_slam/build/lslidar_driver
[13.250s] Level 1:colcon.colcon_core.environment:checking '/home/nvidia/roadRunner/2d_slam/install/lslidar_driver' for CMake config files
[13.251s] Level 1:colcon.colcon_core.shell:create_environment_hook('lslidar_driver', 'cmake_prefix_path')
[13.251s] INFO:colcon.colcon_core.shell:Creating environment hook '/home/nvidia/roadRunner/2d_slam/install/lslidar_driver/share/lslidar_driver/hook/cmake_prefix_path.ps1'
[13.252s] INFO:colcon.colcon_core.shell:Creating environment descriptor '/home/nvidia/roadRunner/2d_slam/install/lslidar_driver/share/lslidar_driver/hook/cmake_prefix_path.dsv'
[13.253s] INFO:colcon.colcon_core.shell:Creating environment hook '/home/nvidia/roadRunner/2d_slam/install/lslidar_driver/share/lslidar_driver/hook/cmake_prefix_path.sh'
[13.254s] Level 1:colcon.colcon_core.environment:checking '/home/nvidia/roadRunner/2d_slam/install/lslidar_driver/lib'
[13.254s] Level 1:colcon.colcon_core.environment:checking '/home/nvidia/roadRunner/2d_slam/install/lslidar_driver/bin'
[13.254s] Level 1:colcon.colcon_core.environment:checking '/home/nvidia/roadRunner/2d_slam/install/lslidar_driver/lib/pkgconfig/lslidar_driver.pc'
[13.254s] Level 1:colcon.colcon_core.environment:checking '/home/nvidia/roadRunner/2d_slam/install/lslidar_driver/lib/python3.10/site-packages'
[13.255s] Level 1:colcon.colcon_core.environment:checking '/home/nvidia/roadRunner/2d_slam/install/lslidar_driver/bin'
[13.255s] INFO:colcon.colcon_core.shell:Creating package script '/home/nvidia/roadRunner/2d_slam/install/lslidar_driver/share/lslidar_driver/package.ps1'
[13.256s] INFO:colcon.colcon_core.shell:Creating package descriptor '/home/nvidia/roadRunner/2d_slam/install/lslidar_driver/share/lslidar_driver/package.dsv'
[13.257s] INFO:colcon.colcon_core.shell:Creating package script '/home/nvidia/roadRunner/2d_slam/install/lslidar_driver/share/lslidar_driver/package.sh'
[13.257s] INFO:colcon.colcon_core.shell:Creating package script '/home/nvidia/roadRunner/2d_slam/install/lslidar_driver/share/lslidar_driver/package.bash'
[13.258s] INFO:colcon.colcon_core.shell:Creating package script '/home/nvidia/roadRunner/2d_slam/install/lslidar_driver/share/lslidar_driver/package.zsh'
[13.258s] Level 1:colcon.colcon_core.environment:create_file_with_runtime_dependencies(/home/nvidia/roadRunner/2d_slam/install/lslidar_driver/share/colcon-core/packages/lslidar_driver)
[13.259s] Level 1:colcon.colcon_core.environment:create_environment_scripts_only(lslidar_driver)
[13.260s] Level 1:colcon.colcon_core.environment:checking '/home/nvidia/roadRunner/2d_slam/install/lslidar_driver' for CMake module files
[13.261s] Level 1:colcon.colcon_core.environment:checking '/home/nvidia/roadRunner/2d_slam/install/lslidar_driver' for CMake config files
[13.261s] Level 1:colcon.colcon_core.shell:create_environment_hook('lslidar_driver', 'cmake_prefix_path')
[13.262s] INFO:colcon.colcon_core.shell:Creating environment hook '/home/nvidia/roadRunner/2d_slam/install/lslidar_driver/share/lslidar_driver/hook/cmake_prefix_path.ps1'
[13.262s] INFO:colcon.colcon_core.shell:Creating environment descriptor '/home/nvidia/roadRunner/2d_slam/install/lslidar_driver/share/lslidar_driver/hook/cmake_prefix_path.dsv'
[13.263s] INFO:colcon.colcon_core.shell:Creating environment hook '/home/nvidia/roadRunner/2d_slam/install/lslidar_driver/share/lslidar_driver/hook/cmake_prefix_path.sh'
[13.264s] Level 1:colcon.colcon_core.environment:checking '/home/nvidia/roadRunner/2d_slam/install/lslidar_driver/lib'
[13.264s] Level 1:colcon.colcon_core.environment:checking '/home/nvidia/roadRunner/2d_slam/install/lslidar_driver/bin'
[13.264s] Level 1:colcon.colcon_core.environment:checking '/home/nvidia/roadRunner/2d_slam/install/lslidar_driver/lib/pkgconfig/lslidar_driver.pc'
[13.264s] Level 1:colcon.colcon_core.environment:checking '/home/nvidia/roadRunner/2d_slam/install/lslidar_driver/lib/python3.10/site-packages'
[13.265s] Level 1:colcon.colcon_core.environment:checking '/home/nvidia/roadRunner/2d_slam/install/lslidar_driver/bin'
[13.265s] INFO:colcon.colcon_core.shell:Creating package script '/home/nvidia/roadRunner/2d_slam/install/lslidar_driver/share/lslidar_driver/package.ps1'
[13.266s] INFO:colcon.colcon_core.shell:Creating package descriptor '/home/nvidia/roadRunner/2d_slam/install/lslidar_driver/share/lslidar_driver/package.dsv'
[13.267s] INFO:colcon.colcon_core.shell:Creating package script '/home/nvidia/roadRunner/2d_slam/install/lslidar_driver/share/lslidar_driver/package.sh'
[13.267s] INFO:colcon.colcon_core.shell:Creating package script '/home/nvidia/roadRunner/2d_slam/install/lslidar_driver/share/lslidar_driver/package.bash'
[13.268s] INFO:colcon.colcon_core.shell:Creating package script '/home/nvidia/roadRunner/2d_slam/install/lslidar_driver/share/lslidar_driver/package.zsh'
[13.269s] Level 1:colcon.colcon_core.environment:create_file_with_runtime_dependencies(/home/nvidia/roadRunner/2d_slam/install/lslidar_driver/share/colcon-core/packages/lslidar_driver)
[13.269s] DEBUG:colcon.colcon_parallel_executor.executor.parallel:closing loop
[13.270s] DEBUG:colcon.colcon_parallel_executor.executor.parallel:loop closed
[13.270s] DEBUG:colcon.colcon_parallel_executor.executor.parallel:run_until_complete finished with '0'
[13.270s] DEBUG:colcon.colcon_core.event_reactor:joining thread
[13.279s] INFO:colcon.colcon_core.plugin_system:Skipping extension 'colcon_notification.desktop_notification.terminal_notifier': Not used on non-Darwin systems
[13.279s] INFO:colcon.colcon_core.plugin_system:Skipping extension 'colcon_notification.desktop_notification.win32': Not used on non-Windows systems
[13.279s] INFO:colcon.colcon_notification.desktop_notification:Sending desktop notification using 'notify2'
[13.307s] DEBUG:colcon.colcon_core.event_reactor:joined thread
[13.308s] INFO:colcon.colcon_core.shell:Creating prefix script '/home/nvidia/roadRunner/2d_slam/install/local_setup.ps1'
[13.310s] INFO:colcon.colcon_core.shell:Creating prefix util module '/home/nvidia/roadRunner/2d_slam/install/_local_setup_util_ps1.py'
[13.312s] INFO:colcon.colcon_core.shell:Creating prefix chain script '/home/nvidia/roadRunner/2d_slam/install/setup.ps1'
[13.314s] INFO:colcon.colcon_core.shell:Creating prefix script '/home/nvidia/roadRunner/2d_slam/install/local_setup.sh'
[13.315s] INFO:colcon.colcon_core.shell:Creating prefix util module '/home/nvidia/roadRunner/2d_slam/install/_local_setup_util_sh.py'
[13.316s] INFO:colcon.colcon_core.shell:Creating prefix chain script '/home/nvidia/roadRunner/2d_slam/install/setup.sh'
[13.318s] INFO:colcon.colcon_core.shell:Creating prefix script '/home/nvidia/roadRunner/2d_slam/install/local_setup.bash'
[13.319s] INFO:colcon.colcon_core.shell:Creating prefix chain script '/home/nvidia/roadRunner/2d_slam/install/setup.bash'
[13.321s] INFO:colcon.colcon_core.shell:Creating prefix script '/home/nvidia/roadRunner/2d_slam/install/local_setup.zsh'
[13.322s] INFO:colcon.colcon_core.shell:Creating prefix chain script '/home/nvidia/roadRunner/2d_slam/install/setup.zsh'
