[0.040s] Invoking command in '/home/nvidia/fishbot_ws/src/build/fishbot_bringup': CMAKE_PREFIX_PATH=/opt/ros/humble /usr/bin/cmake --build /home/nvidia/fishbot_ws/src/build/fishbot_bringup -- -j8 -l8
[0.618s] [35m[1mConsolidate compiler generated dependencies of target fishbot_bringup[0m
[0.620s] [100%] Built target fishbot_bringup
[0.642s] Invoked command in '/home/nvidia/fishbot_ws/src/build/fishbot_bringup' returned '0': CMAKE_PREFIX_PATH=/opt/ros/humble /usr/bin/cmake --build /home/nvidia/fishbot_ws/src/build/fishbot_bringup -- -j8 -l8
[0.645s] Invoking command in '/home/nvidia/fishbot_ws/src/build/fishbot_bringup': CMAKE_PREFIX_PATH=/opt/ros/humble /usr/bin/cmake --install /home/nvidia/fishbot_ws/src/build/fishbot_bringup
[0.661s] -- Install configuration: ""
[0.661s] -- Up-to-date: /home/nvidia/fishbot_ws/src/install/fishbot_bringup/lib/fishbot_bringup/fishbot_bringup
[0.661s] -- Up-to-date: /home/nvidia/fishbot_ws/src/install/fishbot_bringup/share/fishbot_bringup/launch
[0.661s] -- Up-to-date: /home/nvidia/fishbot_ws/src/install/fishbot_bringup/share/fishbot_bringup/launch/fishbot_bringup.launch.py
[0.661s] -- Up-to-date: /home/nvidia/fishbot_ws/src/install/fishbot_bringup/share/ament_index/resource_index/package_run_dependencies/fishbot_bringup
[0.661s] -- Up-to-date: /home/nvidia/fishbot_ws/src/install/fishbot_bringup/share/ament_index/resource_index/parent_prefix_path/fishbot_bringup
[0.661s] -- Up-to-date: /home/nvidia/fishbot_ws/src/install/fishbot_bringup/share/fishbot_bringup/environment/ament_prefix_path.sh
[0.661s] -- Up-to-date: /home/nvidia/fishbot_ws/src/install/fishbot_bringup/share/fishbot_bringup/environment/ament_prefix_path.dsv
[0.661s] -- Up-to-date: /home/nvidia/fishbot_ws/src/install/fishbot_bringup/share/fishbot_bringup/environment/path.sh
[0.662s] -- Up-to-date: /home/nvidia/fishbot_ws/src/install/fishbot_bringup/share/fishbot_bringup/environment/path.dsv
[0.662s] -- Up-to-date: /home/nvidia/fishbot_ws/src/install/fishbot_bringup/share/fishbot_bringup/local_setup.bash
[0.662s] -- Up-to-date: /home/nvidia/fishbot_ws/src/install/fishbot_bringup/share/fishbot_bringup/local_setup.sh
[0.662s] -- Up-to-date: /home/nvidia/fishbot_ws/src/install/fishbot_bringup/share/fishbot_bringup/local_setup.zsh
[0.662s] -- Up-to-date: /home/nvidia/fishbot_ws/src/install/fishbot_bringup/share/fishbot_bringup/local_setup.dsv
[0.662s] -- Installing: /home/nvidia/fishbot_ws/src/install/fishbot_bringup/share/fishbot_bringup/package.dsv
[0.662s] -- Up-to-date: /home/nvidia/fishbot_ws/src/install/fishbot_bringup/share/ament_index/resource_index/packages/fishbot_bringup
[0.662s] -- Up-to-date: /home/nvidia/fishbot_ws/src/install/fishbot_bringup/share/fishbot_bringup/cmake/fishbot_bringupConfig.cmake
[0.662s] -- Up-to-date: /home/nvidia/fishbot_ws/src/install/fishbot_bringup/share/fishbot_bringup/cmake/fishbot_bringupConfig-version.cmake
[0.662s] -- Up-to-date: /home/nvidia/fishbot_ws/src/install/fishbot_bringup/share/fishbot_bringup/package.xml
[0.709s] Invoked command in '/home/nvidia/fishbot_ws/src/build/fishbot_bringup' returned '0': CMAKE_PREFIX_PATH=/opt/ros/humble /usr/bin/cmake --install /home/nvidia/fishbot_ws/src/build/fishbot_bringup
