[1.539s] Invoking command in '/home/nvidia/ros2_ws/src/robot_nav': PYTHONPATH=/home/nvidia/ros2_ws/build/robot_nav/prefix_override:/usr/lib/python3/dist-packages/colcon_core/task/python/colcon_distutils_commands:/home/nvidia/ros2_ws/install/robot_nav/lib/python3.10/site-packages:${PYTHONPATH} /usr/bin/python3 -W ignore:setup.py install is deprecated -W ignore:easy_install command is deprecated setup.py egg_info --egg-base ../../build/robot_nav build --build-base /home/nvidia/ros2_ws/build/robot_nav/build install --record /home/nvidia/ros2_ws/build/robot_nav/install.log --single-version-externally-managed install_data
[1.942s] running egg_info
[1.943s] writing ../../build/robot_nav/robot_nav.egg-info/PKG-INFO
[1.944s] writing dependency_links to ../../build/robot_nav/robot_nav.egg-info/dependency_links.txt
[1.944s] writing entry points to ../../build/robot_nav/robot_nav.egg-info/entry_points.txt
[1.944s] writing requirements to ../../build/robot_nav/robot_nav.egg-info/requires.txt
[1.944s] writing top-level names to ../../build/robot_nav/robot_nav.egg-info/top_level.txt
[1.947s] reading manifest file '../../build/robot_nav/robot_nav.egg-info/SOURCES.txt'
[1.951s] writing manifest file '../../build/robot_nav/robot_nav.egg-info/SOURCES.txt'
[1.951s] running build
[1.951s] running build_py
[1.952s] running install
[1.952s] running install_lib
[1.954s] running install_data
[1.955s] running install_egg_info
[1.958s] removing '/home/nvidia/ros2_ws/install/robot_nav/lib/python3.10/site-packages/robot_nav-0.0.1-py3.10.egg-info' (and everything under it)
[1.958s] Copying ../../build/robot_nav/robot_nav.egg-info to /home/nvidia/ros2_ws/install/robot_nav/lib/python3.10/site-packages/robot_nav-0.0.1-py3.10.egg-info
[1.960s] running install_scripts
[1.994s] Installing odom_converter script to /home/nvidia/ros2_ws/install/robot_nav/lib/robot_nav
[1.994s] Installing odom_to_tf script to /home/nvidia/ros2_ws/install/robot_nav/lib/robot_nav
[1.995s] writing list of installed files to '/home/nvidia/ros2_ws/build/robot_nav/install.log'
[2.082s] Invoked command in '/home/nvidia/ros2_ws/src/robot_nav' returned '0': PYTHONPATH=/home/nvidia/ros2_ws/build/robot_nav/prefix_override:/usr/lib/python3/dist-packages/colcon_core/task/python/colcon_distutils_commands:/home/nvidia/ros2_ws/install/robot_nav/lib/python3.10/site-packages:${PYTHONPATH} /usr/bin/python3 -W ignore:setup.py install is deprecated -W ignore:easy_install command is deprecated setup.py egg_info --egg-base ../../build/robot_nav build --build-base /home/nvidia/ros2_ws/build/robot_nav/build install --record /home/nvidia/ros2_ws/build/robot_nav/install.log --single-version-externally-managed install_data
