[0.202s] DEBUG:colcon:Command line arguments: ['/usr/bin/colcon', 'build']
[0.203s] DEBUG:colcon:Parsed command line arguments: Namespace(log_base=None, log_level=None, verb_name='build', build_base='build', install_base='install', merge_install=False, symlink_install=False, test_result_base=None, continue_on_error=False, executor='parallel', parallel_workers=8, event_handlers=None, ignore_user_meta=False, metas=['./colcon.meta'], base_paths=['.'], packages_ignore=None, packages_ignore_regex=None, paths=None, packages_up_to=None, packages_up_to_regex=None, packages_above=None, packages_above_and_dependencies=None, packages_above_depth=None, packages_select_by_dep=None, packages_skip_by_dep=None, packages_skip_up_to=None, packages_select_build_failed=False, packages_skip_build_finished=False, packages_select_test_failures=False, packages_skip_test_passed=False, packages_select=None, packages_skip=None, packages_select_regex=None, packages_skip_regex=None, packages_start=None, packages_end=None, allow_overriding=[], cmake_args=None, cmake_target=None, cmake_target_skip_unavailable=False, cmake_clean_cache=False, cmake_clean_first=False, cmake_force_configure=False, ament_cmake_args=None, catkin_cmake_args=None, catkin_skip_building_tests=False, mixin_files=None, mixin=None, verb_parser=<colcon_mixin.mixin.mixin_argument.MixinArgumentDecorator object at 0xffff9f9b7850>, verb_extension=<colcon_core.verb.build.BuildVerb object at 0xffff9f9b6e90>, main=<bound method BuildVerb.main of <colcon_core.verb.build.BuildVerb object at 0xffff9f9b6e90>>, mixin_verb=('build',))
[0.514s] Level 1:colcon.colcon_core.package_discovery:discover_packages(colcon_meta) check parameters
[0.514s] Level 1:colcon.colcon_core.package_discovery:discover_packages(recursive) check parameters
[0.514s] Level 1:colcon.colcon_core.package_discovery:discover_packages(ignore) check parameters
[0.514s] Level 1:colcon.colcon_core.package_discovery:discover_packages(path) check parameters
[0.515s] Level 1:colcon.colcon_core.package_discovery:discover_packages(colcon_meta) discover
[0.515s] Level 1:colcon.colcon_core.package_discovery:discover_packages(recursive) discover
[0.515s] INFO:colcon.colcon_core.package_discovery:Crawling recursively for packages in '/home/nvidia/2d_slam'
[0.515s] Level 1:colcon.colcon_core.package_identification:_identify(.) by extensions ['ignore', 'ignore_ament_install']
[0.516s] Level 1:colcon.colcon_core.package_identification:_identify(.) by extension 'ignore'
[0.516s] Level 1:colcon.colcon_core.package_identification:_identify(.) by extension 'ignore_ament_install'
[0.516s] Level 1:colcon.colcon_core.package_identification:_identify(.) by extensions ['colcon_pkg']
[0.516s] Level 1:colcon.colcon_core.package_identification:_identify(.) by extension 'colcon_pkg'
[0.516s] Level 1:colcon.colcon_core.package_identification:_identify(.) by extensions ['colcon_meta']
[0.516s] Level 1:colcon.colcon_core.package_identification:_identify(.) by extension 'colcon_meta'
[0.516s] Level 1:colcon.colcon_core.package_identification:_identify(.) by extensions ['ros']
[0.516s] Level 1:colcon.colcon_core.package_identification:_identify(.) by extension 'ros'
[0.535s] Level 1:colcon.colcon_core.package_identification:_identify(.) by extensions ['cmake', 'python']
[0.535s] Level 1:colcon.colcon_core.package_identification:_identify(.) by extension 'cmake'
[0.535s] Level 1:colcon.colcon_core.package_identification:_identify(.) by extension 'python'
[0.535s] Level 1:colcon.colcon_core.package_identification:_identify(.) by extensions ['python_setup_py']
[0.535s] Level 1:colcon.colcon_core.package_identification:_identify(.) by extension 'python_setup_py'
[0.536s] Level 1:colcon.colcon_core.package_identification:_identify(build) by extensions ['ignore', 'ignore_ament_install']
[0.536s] Level 1:colcon.colcon_core.package_identification:_identify(build) by extension 'ignore'
[0.536s] Level 1:colcon.colcon_core.package_identification:_identify(build) ignored
[0.536s] Level 1:colcon.colcon_core.package_identification:_identify(install) by extensions ['ignore', 'ignore_ament_install']
[0.536s] Level 1:colcon.colcon_core.package_identification:_identify(install) by extension 'ignore'
[0.536s] Level 1:colcon.colcon_core.package_identification:_identify(install) ignored
[0.537s] Level 1:colcon.colcon_core.package_identification:_identify(log) by extensions ['ignore', 'ignore_ament_install']
[0.537s] Level 1:colcon.colcon_core.package_identification:_identify(log) by extension 'ignore'
[0.537s] Level 1:colcon.colcon_core.package_identification:_identify(log) ignored
[0.537s] Level 1:colcon.colcon_core.package_identification:_identify(src) by extensions ['ignore', 'ignore_ament_install']
[0.537s] Level 1:colcon.colcon_core.package_identification:_identify(src) by extension 'ignore'
[0.537s] Level 1:colcon.colcon_core.package_identification:_identify(src) by extension 'ignore_ament_install'
[0.537s] Level 1:colcon.colcon_core.package_identification:_identify(src) by extensions ['colcon_pkg']
[0.537s] Level 1:colcon.colcon_core.package_identification:_identify(src) by extension 'colcon_pkg'
[0.537s] Level 1:colcon.colcon_core.package_identification:_identify(src) by extensions ['colcon_meta']
[0.537s] Level 1:colcon.colcon_core.package_identification:_identify(src) by extension 'colcon_meta'
[0.537s] Level 1:colcon.colcon_core.package_identification:_identify(src) by extensions ['ros']
[0.538s] Level 1:colcon.colcon_core.package_identification:_identify(src) by extension 'ros'
[0.538s] Level 1:colcon.colcon_core.package_identification:_identify(src) by extensions ['cmake', 'python']
[0.538s] Level 1:colcon.colcon_core.package_identification:_identify(src) by extension 'cmake'
[0.538s] Level 1:colcon.colcon_core.package_identification:_identify(src) by extension 'python'
[0.538s] Level 1:colcon.colcon_core.package_identification:_identify(src) by extensions ['python_setup_py']
[0.538s] Level 1:colcon.colcon_core.package_identification:_identify(src) by extension 'python_setup_py'
[0.538s] Level 1:colcon.colcon_core.package_identification:_identify(src/LSLIDAR_X_ROS2-20240228) by extensions ['ignore', 'ignore_ament_install']
[0.538s] Level 1:colcon.colcon_core.package_identification:_identify(src/LSLIDAR_X_ROS2-20240228) by extension 'ignore'
[0.538s] Level 1:colcon.colcon_core.package_identification:_identify(src/LSLIDAR_X_ROS2-20240228) by extension 'ignore_ament_install'
[0.538s] Level 1:colcon.colcon_core.package_identification:_identify(src/LSLIDAR_X_ROS2-20240228) by extensions ['colcon_pkg']
[0.538s] Level 1:colcon.colcon_core.package_identification:_identify(src/LSLIDAR_X_ROS2-20240228) by extension 'colcon_pkg'
[0.538s] Level 1:colcon.colcon_core.package_identification:_identify(src/LSLIDAR_X_ROS2-20240228) by extensions ['colcon_meta']
[0.539s] Level 1:colcon.colcon_core.package_identification:_identify(src/LSLIDAR_X_ROS2-20240228) by extension 'colcon_meta'
[0.539s] Level 1:colcon.colcon_core.package_identification:_identify(src/LSLIDAR_X_ROS2-20240228) by extensions ['ros']
[0.539s] Level 1:colcon.colcon_core.package_identification:_identify(src/LSLIDAR_X_ROS2-20240228) by extension 'ros'
[0.539s] Level 1:colcon.colcon_core.package_identification:_identify(src/LSLIDAR_X_ROS2-20240228) by extensions ['cmake', 'python']
[0.539s] Level 1:colcon.colcon_core.package_identification:_identify(src/LSLIDAR_X_ROS2-20240228) by extension 'cmake'
[0.539s] Level 1:colcon.colcon_core.package_identification:_identify(src/LSLIDAR_X_ROS2-20240228) by extension 'python'
[0.539s] Level 1:colcon.colcon_core.package_identification:_identify(src/LSLIDAR_X_ROS2-20240228) by extensions ['python_setup_py']
[0.539s] Level 1:colcon.colcon_core.package_identification:_identify(src/LSLIDAR_X_ROS2-20240228) by extension 'python_setup_py'
[0.539s] Level 1:colcon.colcon_core.package_identification:_identify(src/LSLIDAR_X_ROS2-20240228/src) by extensions ['ignore', 'ignore_ament_install']
[0.539s] Level 1:colcon.colcon_core.package_identification:_identify(src/LSLIDAR_X_ROS2-20240228/src) by extension 'ignore'
[0.539s] Level 1:colcon.colcon_core.package_identification:_identify(src/LSLIDAR_X_ROS2-20240228/src) by extension 'ignore_ament_install'
[0.540s] Level 1:colcon.colcon_core.package_identification:_identify(src/LSLIDAR_X_ROS2-20240228/src) by extensions ['colcon_pkg']
[0.540s] Level 1:colcon.colcon_core.package_identification:_identify(src/LSLIDAR_X_ROS2-20240228/src) by extension 'colcon_pkg'
[0.540s] Level 1:colcon.colcon_core.package_identification:_identify(src/LSLIDAR_X_ROS2-20240228/src) by extensions ['colcon_meta']
[0.540s] Level 1:colcon.colcon_core.package_identification:_identify(src/LSLIDAR_X_ROS2-20240228/src) by extension 'colcon_meta'
[0.540s] Level 1:colcon.colcon_core.package_identification:_identify(src/LSLIDAR_X_ROS2-20240228/src) by extensions ['ros']
[0.540s] Level 1:colcon.colcon_core.package_identification:_identify(src/LSLIDAR_X_ROS2-20240228/src) by extension 'ros'
[0.540s] Level 1:colcon.colcon_core.package_identification:_identify(src/LSLIDAR_X_ROS2-20240228/src) by extensions ['cmake', 'python']
[0.540s] Level 1:colcon.colcon_core.package_identification:_identify(src/LSLIDAR_X_ROS2-20240228/src) by extension 'cmake'
[0.540s] Level 1:colcon.colcon_core.package_identification:_identify(src/LSLIDAR_X_ROS2-20240228/src) by extension 'python'
[0.540s] Level 1:colcon.colcon_core.package_identification:_identify(src/LSLIDAR_X_ROS2-20240228/src) by extensions ['python_setup_py']
[0.540s] Level 1:colcon.colcon_core.package_identification:_identify(src/LSLIDAR_X_ROS2-20240228/src) by extension 'python_setup_py'
[0.540s] Level 1:colcon.colcon_core.package_identification:_identify(src/LSLIDAR_X_ROS2-20240228/src/lslidar_driver) by extensions ['ignore', 'ignore_ament_install']
[0.540s] Level 1:colcon.colcon_core.package_identification:_identify(src/LSLIDAR_X_ROS2-20240228/src/lslidar_driver) by extension 'ignore'
[0.541s] Level 1:colcon.colcon_core.package_identification:_identify(src/LSLIDAR_X_ROS2-20240228/src/lslidar_driver) by extension 'ignore_ament_install'
[0.541s] Level 1:colcon.colcon_core.package_identification:_identify(src/LSLIDAR_X_ROS2-20240228/src/lslidar_driver) by extensions ['colcon_pkg']
[0.541s] Level 1:colcon.colcon_core.package_identification:_identify(src/LSLIDAR_X_ROS2-20240228/src/lslidar_driver) by extension 'colcon_pkg'
[0.541s] Level 1:colcon.colcon_core.package_identification:_identify(src/LSLIDAR_X_ROS2-20240228/src/lslidar_driver) by extensions ['colcon_meta']
[0.541s] Level 1:colcon.colcon_core.package_identification:_identify(src/LSLIDAR_X_ROS2-20240228/src/lslidar_driver) by extension 'colcon_meta'
[0.541s] Level 1:colcon.colcon_core.package_identification:_identify(src/LSLIDAR_X_ROS2-20240228/src/lslidar_driver) by extensions ['ros']
[0.541s] Level 1:colcon.colcon_core.package_identification:_identify(src/LSLIDAR_X_ROS2-20240228/src/lslidar_driver) by extension 'ros'
[0.546s] DEBUG:colcon.colcon_core.package_identification:Package 'src/LSLIDAR_X_ROS2-20240228/src/lslidar_driver' with type 'ros.ament_cmake' and name 'lslidar_driver'
[0.547s] Level 1:colcon.colcon_core.package_identification:_identify(src/LSLIDAR_X_ROS2-20240228/src/lslidar_msgs) by extensions ['ignore', 'ignore_ament_install']
[0.547s] Level 1:colcon.colcon_core.package_identification:_identify(src/LSLIDAR_X_ROS2-20240228/src/lslidar_msgs) by extension 'ignore'
[0.547s] Level 1:colcon.colcon_core.package_identification:_identify(src/LSLIDAR_X_ROS2-20240228/src/lslidar_msgs) by extension 'ignore_ament_install'
[0.547s] Level 1:colcon.colcon_core.package_identification:_identify(src/LSLIDAR_X_ROS2-20240228/src/lslidar_msgs) by extensions ['colcon_pkg']
[0.547s] Level 1:colcon.colcon_core.package_identification:_identify(src/LSLIDAR_X_ROS2-20240228/src/lslidar_msgs) by extension 'colcon_pkg'
[0.547s] Level 1:colcon.colcon_core.package_identification:_identify(src/LSLIDAR_X_ROS2-20240228/src/lslidar_msgs) by extensions ['colcon_meta']
[0.548s] Level 1:colcon.colcon_core.package_identification:_identify(src/LSLIDAR_X_ROS2-20240228/src/lslidar_msgs) by extension 'colcon_meta'
[0.548s] Level 1:colcon.colcon_core.package_identification:_identify(src/LSLIDAR_X_ROS2-20240228/src/lslidar_msgs) by extensions ['ros']
[0.548s] Level 1:colcon.colcon_core.package_identification:_identify(src/LSLIDAR_X_ROS2-20240228/src/lslidar_msgs) by extension 'ros'
[0.550s] DEBUG:colcon.colcon_core.package_identification:Package 'src/LSLIDAR_X_ROS2-20240228/src/lslidar_msgs' with type 'ros.ament_cmake' and name 'lslidar_msgs'
[0.550s] Level 1:colcon.colcon_core.package_discovery:discover_packages(recursive) using defaults
[0.550s] Level 1:colcon.colcon_core.package_discovery:discover_packages(ignore) discover
[0.550s] Level 1:colcon.colcon_core.package_discovery:discover_packages(ignore) using defaults
[0.551s] Level 1:colcon.colcon_core.package_discovery:discover_packages(path) discover
[0.551s] Level 1:colcon.colcon_core.package_discovery:discover_packages(path) using defaults
[0.622s] Level 1:colcon.colcon_core.package_discovery:discover_packages(prefix_path) check parameters
[0.622s] Level 1:colcon.colcon_core.package_discovery:discover_packages(prefix_path) discover
[0.624s] WARNING:colcon.colcon_ros.prefix_path.catkin:The path '/usr/share/gazebo-11/cmake' in the environment variable CMAKE_PREFIX_PATH doesn't exist
[0.626s] DEBUG:colcon.colcon_installed_package_information.package_discovery:Found 2 installed packages in /home/nvidia/2d_slam/install
[0.629s] DEBUG:colcon.colcon_installed_package_information.package_discovery:Found 398 installed packages in /opt/ros/humble
[0.632s] Level 1:colcon.colcon_core.package_discovery:discover_packages(prefix_path) using defaults
[0.716s] Level 5:colcon.colcon_core.verb:set package 'lslidar_msgs' build argument 'cmake_args' from command line to 'None'
[0.716s] Level 5:colcon.colcon_core.verb:set package 'lslidar_msgs' build argument 'cmake_target' from command line to 'None'
[0.716s] Level 5:colcon.colcon_core.verb:set package 'lslidar_msgs' build argument 'cmake_target_skip_unavailable' from command line to 'False'
[0.716s] Level 5:colcon.colcon_core.verb:set package 'lslidar_msgs' build argument 'cmake_clean_cache' from command line to 'False'
[0.716s] Level 5:colcon.colcon_core.verb:set package 'lslidar_msgs' build argument 'cmake_clean_first' from command line to 'False'
[0.717s] Level 5:colcon.colcon_core.verb:set package 'lslidar_msgs' build argument 'cmake_force_configure' from command line to 'False'
[0.717s] Level 5:colcon.colcon_core.verb:set package 'lslidar_msgs' build argument 'ament_cmake_args' from command line to 'None'
[0.717s] Level 5:colcon.colcon_core.verb:set package 'lslidar_msgs' build argument 'catkin_cmake_args' from command line to 'None'
[0.717s] Level 5:colcon.colcon_core.verb:set package 'lslidar_msgs' build argument 'catkin_skip_building_tests' from command line to 'False'
[0.717s] DEBUG:colcon.colcon_core.verb:Building package 'lslidar_msgs' with the following arguments: {'ament_cmake_args': None, 'build_base': '/home/nvidia/2d_slam/build/lslidar_msgs', 'catkin_cmake_args': None, 'catkin_skip_building_tests': False, 'cmake_args': None, 'cmake_clean_cache': False, 'cmake_clean_first': False, 'cmake_force_configure': False, 'cmake_target': None, 'cmake_target_skip_unavailable': False, 'install_base': '/home/nvidia/2d_slam/install/lslidar_msgs', 'merge_install': False, 'path': '/home/nvidia/2d_slam/src/LSLIDAR_X_ROS2-20240228/src/lslidar_msgs', 'symlink_install': False, 'test_result_base': None}
[0.717s] Level 5:colcon.colcon_core.verb:set package 'lslidar_driver' build argument 'cmake_args' from command line to 'None'
[0.717s] Level 5:colcon.colcon_core.verb:set package 'lslidar_driver' build argument 'cmake_target' from command line to 'None'
[0.717s] Level 5:colcon.colcon_core.verb:set package 'lslidar_driver' build argument 'cmake_target_skip_unavailable' from command line to 'False'
[0.717s] Level 5:colcon.colcon_core.verb:set package 'lslidar_driver' build argument 'cmake_clean_cache' from command line to 'False'
[0.717s] Level 5:colcon.colcon_core.verb:set package 'lslidar_driver' build argument 'cmake_clean_first' from command line to 'False'
[0.718s] Level 5:colcon.colcon_core.verb:set package 'lslidar_driver' build argument 'cmake_force_configure' from command line to 'False'
[0.718s] Level 5:colcon.colcon_core.verb:set package 'lslidar_driver' build argument 'ament_cmake_args' from command line to 'None'
[0.718s] Level 5:colcon.colcon_core.verb:set package 'lslidar_driver' build argument 'catkin_cmake_args' from command line to 'None'
[0.718s] Level 5:colcon.colcon_core.verb:set package 'lslidar_driver' build argument 'catkin_skip_building_tests' from command line to 'False'
[0.718s] DEBUG:colcon.colcon_core.verb:Building package 'lslidar_driver' with the following arguments: {'ament_cmake_args': None, 'build_base': '/home/nvidia/2d_slam/build/lslidar_driver', 'catkin_cmake_args': None, 'catkin_skip_building_tests': False, 'cmake_args': None, 'cmake_clean_cache': False, 'cmake_clean_first': False, 'cmake_force_configure': False, 'cmake_target': None, 'cmake_target_skip_unavailable': False, 'install_base': '/home/nvidia/2d_slam/install/lslidar_driver', 'merge_install': False, 'path': '/home/nvidia/2d_slam/src/LSLIDAR_X_ROS2-20240228/src/lslidar_driver', 'symlink_install': False, 'test_result_base': None}
[0.718s] INFO:colcon.colcon_core.executor:Executing jobs using 'parallel' executor
[0.720s] DEBUG:colcon.colcon_parallel_executor.executor.parallel:run_until_complete
[0.721s] INFO:colcon.colcon_ros.task.ament_cmake.build:Building ROS package in '/home/nvidia/2d_slam/src/LSLIDAR_X_ROS2-20240228/src/lslidar_msgs' with build type 'ament_cmake'
[0.721s] INFO:colcon.colcon_cmake.task.cmake.build:Building CMake package in '/home/nvidia/2d_slam/src/LSLIDAR_X_ROS2-20240228/src/lslidar_msgs'
[0.724s] INFO:colcon.colcon_core.plugin_system:Skipping extension 'colcon_core.shell.bat': Not used on non-Windows systems
[0.725s] INFO:colcon.colcon_core.shell:Skip shell extension 'powershell' for command environment: Not usable outside of PowerShell
[0.725s] DEBUG:colcon.colcon_core.shell:Skip shell extension 'dsv' for command environment
[0.740s] DEBUG:colcon.colcon_core.event_handler.log_command:Invoking command in '/home/nvidia/2d_slam/build/lslidar_msgs': CMAKE_PREFIX_PATH=${CMAKE_PREFIX_PATH}:/opt/ros/humble /usr/bin/cmake --build /home/nvidia/2d_slam/build/lslidar_msgs -- -j8 -l8
[1.447s] DEBUG:colcon.colcon_core.event_handler.log_command:Invoked command in '/home/nvidia/2d_slam/build/lslidar_msgs' returned '0': CMAKE_PREFIX_PATH=${CMAKE_PREFIX_PATH}:/opt/ros/humble /usr/bin/cmake --build /home/nvidia/2d_slam/build/lslidar_msgs -- -j8 -l8
[1.467s] DEBUG:colcon.colcon_core.event_handler.log_command:Invoking command in '/home/nvidia/2d_slam/build/lslidar_msgs': CMAKE_PREFIX_PATH=${CMAKE_PREFIX_PATH}:/opt/ros/humble /usr/bin/cmake --install /home/nvidia/2d_slam/build/lslidar_msgs
[1.588s] Level 1:colcon.colcon_core.environment:create_environment_scripts_only(lslidar_msgs)
[1.590s] DEBUG:colcon.colcon_core.event_handler.log_command:Invoked command in '/home/nvidia/2d_slam/build/lslidar_msgs' returned '0': CMAKE_PREFIX_PATH=${CMAKE_PREFIX_PATH}:/opt/ros/humble /usr/bin/cmake --install /home/nvidia/2d_slam/build/lslidar_msgs
[1.596s] Level 1:colcon.colcon_core.environment:checking '/home/nvidia/2d_slam/install/lslidar_msgs' for CMake module files
[1.598s] Level 1:colcon.colcon_core.environment:checking '/home/nvidia/2d_slam/install/lslidar_msgs' for CMake config files
[1.599s] Level 1:colcon.colcon_core.shell:create_environment_hook('lslidar_msgs', 'cmake_prefix_path')
[1.600s] INFO:colcon.colcon_core.shell:Creating environment hook '/home/nvidia/2d_slam/install/lslidar_msgs/share/lslidar_msgs/hook/cmake_prefix_path.ps1'
[1.602s] INFO:colcon.colcon_core.shell:Creating environment descriptor '/home/nvidia/2d_slam/install/lslidar_msgs/share/lslidar_msgs/hook/cmake_prefix_path.dsv'
[1.603s] INFO:colcon.colcon_core.shell:Creating environment hook '/home/nvidia/2d_slam/install/lslidar_msgs/share/lslidar_msgs/hook/cmake_prefix_path.sh'
[1.605s] Level 1:colcon.colcon_core.environment:checking '/home/nvidia/2d_slam/install/lslidar_msgs/lib'
[1.605s] Level 1:colcon.colcon_core.shell:create_environment_hook('lslidar_msgs', 'ld_library_path_lib')
[1.606s] INFO:colcon.colcon_core.shell:Creating environment hook '/home/nvidia/2d_slam/install/lslidar_msgs/share/lslidar_msgs/hook/ld_library_path_lib.ps1'
[1.607s] INFO:colcon.colcon_core.shell:Creating environment descriptor '/home/nvidia/2d_slam/install/lslidar_msgs/share/lslidar_msgs/hook/ld_library_path_lib.dsv'
[1.608s] INFO:colcon.colcon_core.shell:Creating environment hook '/home/nvidia/2d_slam/install/lslidar_msgs/share/lslidar_msgs/hook/ld_library_path_lib.sh'
[1.609s] Level 1:colcon.colcon_core.environment:checking '/home/nvidia/2d_slam/install/lslidar_msgs/bin'
[1.609s] Level 1:colcon.colcon_core.environment:checking '/home/nvidia/2d_slam/install/lslidar_msgs/lib/pkgconfig/lslidar_msgs.pc'
[1.610s] Level 1:colcon.colcon_core.environment:checking '/home/nvidia/2d_slam/install/lslidar_msgs/lib/python3.10/site-packages'
[1.610s] Level 1:colcon.colcon_core.environment:checking '/home/nvidia/2d_slam/install/lslidar_msgs/bin'
[1.611s] INFO:colcon.colcon_core.shell:Creating package script '/home/nvidia/2d_slam/install/lslidar_msgs/share/lslidar_msgs/package.ps1'
[1.613s] INFO:colcon.colcon_core.shell:Creating package descriptor '/home/nvidia/2d_slam/install/lslidar_msgs/share/lslidar_msgs/package.dsv'
[1.615s] INFO:colcon.colcon_core.shell:Creating package script '/home/nvidia/2d_slam/install/lslidar_msgs/share/lslidar_msgs/package.sh'
[1.617s] INFO:colcon.colcon_core.shell:Creating package script '/home/nvidia/2d_slam/install/lslidar_msgs/share/lslidar_msgs/package.bash'
[1.619s] INFO:colcon.colcon_core.shell:Creating package script '/home/nvidia/2d_slam/install/lslidar_msgs/share/lslidar_msgs/package.zsh'
[1.620s] Level 1:colcon.colcon_core.environment:create_file_with_runtime_dependencies(/home/nvidia/2d_slam/install/lslidar_msgs/share/colcon-core/packages/lslidar_msgs)
[1.622s] Level 1:colcon.colcon_core.environment:create_environment_scripts_only(lslidar_msgs)
[1.623s] Level 1:colcon.colcon_core.environment:checking '/home/nvidia/2d_slam/install/lslidar_msgs' for CMake module files
[1.625s] Level 1:colcon.colcon_core.environment:checking '/home/nvidia/2d_slam/install/lslidar_msgs' for CMake config files
[1.626s] Level 1:colcon.colcon_core.shell:create_environment_hook('lslidar_msgs', 'cmake_prefix_path')
[1.628s] INFO:colcon.colcon_core.shell:Creating environment hook '/home/nvidia/2d_slam/install/lslidar_msgs/share/lslidar_msgs/hook/cmake_prefix_path.ps1'
[1.629s] INFO:colcon.colcon_core.shell:Creating environment descriptor '/home/nvidia/2d_slam/install/lslidar_msgs/share/lslidar_msgs/hook/cmake_prefix_path.dsv'
[1.631s] INFO:colcon.colcon_core.shell:Creating environment hook '/home/nvidia/2d_slam/install/lslidar_msgs/share/lslidar_msgs/hook/cmake_prefix_path.sh'
[1.632s] Level 1:colcon.colcon_core.environment:checking '/home/nvidia/2d_slam/install/lslidar_msgs/lib'
[1.633s] Level 1:colcon.colcon_core.shell:create_environment_hook('lslidar_msgs', 'ld_library_path_lib')
[1.634s] INFO:colcon.colcon_core.shell:Creating environment hook '/home/nvidia/2d_slam/install/lslidar_msgs/share/lslidar_msgs/hook/ld_library_path_lib.ps1'
[1.635s] INFO:colcon.colcon_core.shell:Creating environment descriptor '/home/nvidia/2d_slam/install/lslidar_msgs/share/lslidar_msgs/hook/ld_library_path_lib.dsv'
[1.636s] INFO:colcon.colcon_core.shell:Creating environment hook '/home/nvidia/2d_slam/install/lslidar_msgs/share/lslidar_msgs/hook/ld_library_path_lib.sh'
[1.638s] Level 1:colcon.colcon_core.environment:checking '/home/nvidia/2d_slam/install/lslidar_msgs/bin'
[1.638s] Level 1:colcon.colcon_core.environment:checking '/home/nvidia/2d_slam/install/lslidar_msgs/lib/pkgconfig/lslidar_msgs.pc'
[1.638s] Level 1:colcon.colcon_core.environment:checking '/home/nvidia/2d_slam/install/lslidar_msgs/lib/python3.10/site-packages'
[1.639s] Level 1:colcon.colcon_core.environment:checking '/home/nvidia/2d_slam/install/lslidar_msgs/bin'
[1.639s] INFO:colcon.colcon_core.shell:Creating package script '/home/nvidia/2d_slam/install/lslidar_msgs/share/lslidar_msgs/package.ps1'
[1.641s] INFO:colcon.colcon_core.shell:Creating package descriptor '/home/nvidia/2d_slam/install/lslidar_msgs/share/lslidar_msgs/package.dsv'
[1.642s] INFO:colcon.colcon_core.shell:Creating package script '/home/nvidia/2d_slam/install/lslidar_msgs/share/lslidar_msgs/package.sh'
[1.643s] INFO:colcon.colcon_core.shell:Creating package script '/home/nvidia/2d_slam/install/lslidar_msgs/share/lslidar_msgs/package.bash'
[1.644s] INFO:colcon.colcon_core.shell:Creating package script '/home/nvidia/2d_slam/install/lslidar_msgs/share/lslidar_msgs/package.zsh'
[1.645s] Level 1:colcon.colcon_core.environment:create_file_with_runtime_dependencies(/home/nvidia/2d_slam/install/lslidar_msgs/share/colcon-core/packages/lslidar_msgs)
[1.646s] INFO:colcon.colcon_ros.task.ament_cmake.build:Building ROS package in '/home/nvidia/2d_slam/src/LSLIDAR_X_ROS2-20240228/src/lslidar_driver' with build type 'ament_cmake'
[1.647s] INFO:colcon.colcon_cmake.task.cmake.build:Building CMake package in '/home/nvidia/2d_slam/src/LSLIDAR_X_ROS2-20240228/src/lslidar_driver'
[1.648s] INFO:colcon.colcon_core.shell:Skip shell extension 'powershell' for command environment: Not usable outside of PowerShell
[1.648s] DEBUG:colcon.colcon_core.shell:Skip shell extension 'dsv' for command environment
[1.669s] DEBUG:colcon.colcon_core.event_handler.log_command:Invoking command in '/home/nvidia/2d_slam/build/lslidar_driver': CMAKE_PREFIX_PATH=/home/nvidia/2d_slam/install/lslidar_msgs:/home/nvidia/2d_slam/install/lslidar_driver:/usr/share/gazebo-11/cmake:/usr/share/gazebo/cmake:/opt/ros/humble /usr/bin/cmake --build /home/nvidia/2d_slam/build/lslidar_driver -- -j8 -l8
[1.846s] DEBUG:colcon.colcon_core.event_handler.log_command:Invoked command in '/home/nvidia/2d_slam/build/lslidar_driver' returned '0': CMAKE_PREFIX_PATH=/home/nvidia/2d_slam/install/lslidar_msgs:/home/nvidia/2d_slam/install/lslidar_driver:/usr/share/gazebo-11/cmake:/usr/share/gazebo/cmake:/opt/ros/humble /usr/bin/cmake --build /home/nvidia/2d_slam/build/lslidar_driver -- -j8 -l8
[1.851s] DEBUG:colcon.colcon_core.event_handler.log_command:Invoking command in '/home/nvidia/2d_slam/build/lslidar_driver': CMAKE_PREFIX_PATH=/home/nvidia/2d_slam/install/lslidar_msgs:/home/nvidia/2d_slam/install/lslidar_driver:/usr/share/gazebo-11/cmake:/usr/share/gazebo/cmake:/opt/ros/humble /usr/bin/cmake --install /home/nvidia/2d_slam/build/lslidar_driver
[1.881s] Level 1:colcon.colcon_core.environment:create_environment_scripts_only(lslidar_driver)
[1.882s] Level 1:colcon.colcon_core.environment:checking '/home/nvidia/2d_slam/install/lslidar_driver' for CMake module files
[1.883s] DEBUG:colcon.colcon_core.event_handler.log_command:Invoked command in '/home/nvidia/2d_slam/build/lslidar_driver' returned '0': CMAKE_PREFIX_PATH=/home/nvidia/2d_slam/install/lslidar_msgs:/home/nvidia/2d_slam/install/lslidar_driver:/usr/share/gazebo-11/cmake:/usr/share/gazebo/cmake:/opt/ros/humble /usr/bin/cmake --install /home/nvidia/2d_slam/build/lslidar_driver
[1.884s] Level 1:colcon.colcon_core.environment:checking '/home/nvidia/2d_slam/install/lslidar_driver' for CMake config files
[1.885s] Level 1:colcon.colcon_core.shell:create_environment_hook('lslidar_driver', 'cmake_prefix_path')
[1.885s] INFO:colcon.colcon_core.shell:Creating environment hook '/home/nvidia/2d_slam/install/lslidar_driver/share/lslidar_driver/hook/cmake_prefix_path.ps1'
[1.886s] INFO:colcon.colcon_core.shell:Creating environment descriptor '/home/nvidia/2d_slam/install/lslidar_driver/share/lslidar_driver/hook/cmake_prefix_path.dsv'
[1.887s] INFO:colcon.colcon_core.shell:Creating environment hook '/home/nvidia/2d_slam/install/lslidar_driver/share/lslidar_driver/hook/cmake_prefix_path.sh'
[1.888s] Level 1:colcon.colcon_core.environment:checking '/home/nvidia/2d_slam/install/lslidar_driver/lib'
[1.888s] Level 1:colcon.colcon_core.environment:checking '/home/nvidia/2d_slam/install/lslidar_driver/bin'
[1.889s] Level 1:colcon.colcon_core.environment:checking '/home/nvidia/2d_slam/install/lslidar_driver/lib/pkgconfig/lslidar_driver.pc'
[1.889s] Level 1:colcon.colcon_core.environment:checking '/home/nvidia/2d_slam/install/lslidar_driver/lib/python3.10/site-packages'
[1.890s] Level 1:colcon.colcon_core.environment:checking '/home/nvidia/2d_slam/install/lslidar_driver/bin'
[1.890s] INFO:colcon.colcon_core.shell:Creating package script '/home/nvidia/2d_slam/install/lslidar_driver/share/lslidar_driver/package.ps1'
[1.891s] INFO:colcon.colcon_core.shell:Creating package descriptor '/home/nvidia/2d_slam/install/lslidar_driver/share/lslidar_driver/package.dsv'
[1.892s] INFO:colcon.colcon_core.shell:Creating package script '/home/nvidia/2d_slam/install/lslidar_driver/share/lslidar_driver/package.sh'
[1.893s] INFO:colcon.colcon_core.shell:Creating package script '/home/nvidia/2d_slam/install/lslidar_driver/share/lslidar_driver/package.bash'
[1.893s] INFO:colcon.colcon_core.shell:Creating package script '/home/nvidia/2d_slam/install/lslidar_driver/share/lslidar_driver/package.zsh'
[1.894s] Level 1:colcon.colcon_core.environment:create_file_with_runtime_dependencies(/home/nvidia/2d_slam/install/lslidar_driver/share/colcon-core/packages/lslidar_driver)
[1.895s] Level 1:colcon.colcon_core.environment:create_environment_scripts_only(lslidar_driver)
[1.895s] Level 1:colcon.colcon_core.environment:checking '/home/nvidia/2d_slam/install/lslidar_driver' for CMake module files
[1.896s] Level 1:colcon.colcon_core.environment:checking '/home/nvidia/2d_slam/install/lslidar_driver' for CMake config files
[1.896s] Level 1:colcon.colcon_core.shell:create_environment_hook('lslidar_driver', 'cmake_prefix_path')
[1.897s] INFO:colcon.colcon_core.shell:Creating environment hook '/home/nvidia/2d_slam/install/lslidar_driver/share/lslidar_driver/hook/cmake_prefix_path.ps1'
[1.897s] INFO:colcon.colcon_core.shell:Creating environment descriptor '/home/nvidia/2d_slam/install/lslidar_driver/share/lslidar_driver/hook/cmake_prefix_path.dsv'
[1.898s] INFO:colcon.colcon_core.shell:Creating environment hook '/home/nvidia/2d_slam/install/lslidar_driver/share/lslidar_driver/hook/cmake_prefix_path.sh'
[1.899s] Level 1:colcon.colcon_core.environment:checking '/home/nvidia/2d_slam/install/lslidar_driver/lib'
[1.899s] Level 1:colcon.colcon_core.environment:checking '/home/nvidia/2d_slam/install/lslidar_driver/bin'
[1.899s] Level 1:colcon.colcon_core.environment:checking '/home/nvidia/2d_slam/install/lslidar_driver/lib/pkgconfig/lslidar_driver.pc'
[1.899s] Level 1:colcon.colcon_core.environment:checking '/home/nvidia/2d_slam/install/lslidar_driver/lib/python3.10/site-packages'
[1.900s] Level 1:colcon.colcon_core.environment:checking '/home/nvidia/2d_slam/install/lslidar_driver/bin'
[1.900s] INFO:colcon.colcon_core.shell:Creating package script '/home/nvidia/2d_slam/install/lslidar_driver/share/lslidar_driver/package.ps1'
[1.901s] INFO:colcon.colcon_core.shell:Creating package descriptor '/home/nvidia/2d_slam/install/lslidar_driver/share/lslidar_driver/package.dsv'
[1.902s] INFO:colcon.colcon_core.shell:Creating package script '/home/nvidia/2d_slam/install/lslidar_driver/share/lslidar_driver/package.sh'
[1.903s] INFO:colcon.colcon_core.shell:Creating package script '/home/nvidia/2d_slam/install/lslidar_driver/share/lslidar_driver/package.bash'
[1.904s] INFO:colcon.colcon_core.shell:Creating package script '/home/nvidia/2d_slam/install/lslidar_driver/share/lslidar_driver/package.zsh'
[1.905s] Level 1:colcon.colcon_core.environment:create_file_with_runtime_dependencies(/home/nvidia/2d_slam/install/lslidar_driver/share/colcon-core/packages/lslidar_driver)
[1.905s] DEBUG:colcon.colcon_parallel_executor.executor.parallel:closing loop
[1.906s] DEBUG:colcon.colcon_parallel_executor.executor.parallel:loop closed
[1.906s] DEBUG:colcon.colcon_parallel_executor.executor.parallel:run_until_complete finished with '0'
[1.906s] DEBUG:colcon.colcon_core.event_reactor:joining thread
[1.917s] INFO:colcon.colcon_core.plugin_system:Skipping extension 'colcon_notification.desktop_notification.terminal_notifier': Not used on non-Darwin systems
[1.917s] INFO:colcon.colcon_core.plugin_system:Skipping extension 'colcon_notification.desktop_notification.win32': Not used on non-Windows systems
[1.917s] INFO:colcon.colcon_notification.desktop_notification:Sending desktop notification using 'notify2'
[1.941s] DEBUG:colcon.colcon_core.event_reactor:joined thread
[1.942s] INFO:colcon.colcon_core.shell:Creating prefix script '/home/nvidia/2d_slam/install/local_setup.ps1'
[1.944s] INFO:colcon.colcon_core.shell:Creating prefix util module '/home/nvidia/2d_slam/install/_local_setup_util_ps1.py'
[1.947s] INFO:colcon.colcon_core.shell:Creating prefix chain script '/home/nvidia/2d_slam/install/setup.ps1'
[1.949s] INFO:colcon.colcon_core.shell:Creating prefix script '/home/nvidia/2d_slam/install/local_setup.sh'
[1.950s] INFO:colcon.colcon_core.shell:Creating prefix util module '/home/nvidia/2d_slam/install/_local_setup_util_sh.py'
[1.951s] INFO:colcon.colcon_core.shell:Creating prefix chain script '/home/nvidia/2d_slam/install/setup.sh'
[1.953s] INFO:colcon.colcon_core.shell:Creating prefix script '/home/nvidia/2d_slam/install/local_setup.bash'
[1.954s] INFO:colcon.colcon_core.shell:Creating prefix chain script '/home/nvidia/2d_slam/install/setup.bash'
[1.955s] INFO:colcon.colcon_core.shell:Creating prefix script '/home/nvidia/2d_slam/install/local_setup.zsh'
[1.956s] INFO:colcon.colcon_core.shell:Creating prefix chain script '/home/nvidia/2d_slam/install/setup.zsh'
