[0.035s] Invoking command in '/home/nvidia/fishbot_ws/build/fishbot_cartographer': CMAKE_PREFIX_PATH=${CMAKE_PREFIX_PATH}:/opt/ros/humble /usr/bin/cmake /home/nvidia/fishbot_ws/src/fishbot_cartographer -DCMAKE_INSTALL_PREFIX=/home/nvidia/fishbot_ws/install/fishbot_cartographer
[0.234s] -- The C compiler identification is GNU 11.4.0
[0.409s] -- The CXX compiler identification is GNU 11.4.0
[0.423s] -- Detecting C compiler ABI info
[0.560s] -- Detecting C compiler ABI info - done
[0.574s] -- Check for working C compiler: /usr/bin/cc - skipped
[0.574s] -- Detecting C compile features
[0.575s] -- Detecting C compile features - done
[0.580s] -- Detecting CXX compiler ABI info
[0.714s] -- Detecting CXX compiler ABI info - done
[0.725s] -- Check for working CXX compiler: /usr/bin/c++ - skipped
[0.726s] -- Detecting CXX compile features
[0.726s] -- Detecting CXX compile features - done
[0.731s] -- Found ament_cmake: 1.3.11 (/opt/ros/humble/share/ament_cmake/cmake)
[1.019s] -- Found Python3: /usr/bin/python3 (found version "3.10.12") found components: Interpreter 
[1.207s] -- Found ament_lint_auto: 0.12.11 (/opt/ros/humble/share/ament_lint_auto/cmake)
[1.357s] -- Added test 'flake8' to check Python code syntax and style conventions
[1.358s] -- Added test 'lint_cmake' to check CMake code style
[1.359s] -- Added test 'pep257' to check Python code against some of the docstring style conventions in PEP 257
[1.361s] -- Added test 'xmllint' to check XML markup files
[1.363s] -- Configuring done
[1.369s] -- Generating done
[1.372s] -- Build files have been written to: /home/nvidia/fishbot_ws/build/fishbot_cartographer
[1.381s] Invoked command in '/home/nvidia/fishbot_ws/build/fishbot_cartographer' returned '0': CMAKE_PREFIX_PATH=${CMAKE_PREFIX_PATH}:/opt/ros/humble /usr/bin/cmake /home/nvidia/fishbot_ws/src/fishbot_cartographer -DCMAKE_INSTALL_PREFIX=/home/nvidia/fishbot_ws/install/fishbot_cartographer
[1.385s] Invoking command in '/home/nvidia/fishbot_ws/build/fishbot_cartographer': CMAKE_PREFIX_PATH=${CMAKE_PREFIX_PATH}:/opt/ros/humble /usr/bin/cmake --build /home/nvidia/fishbot_ws/build/fishbot_cartographer -- -j8 -l8
[1.458s] Invoked command in '/home/nvidia/fishbot_ws/build/fishbot_cartographer' returned '0': CMAKE_PREFIX_PATH=${CMAKE_PREFIX_PATH}:/opt/ros/humble /usr/bin/cmake --build /home/nvidia/fishbot_ws/build/fishbot_cartographer -- -j8 -l8
[1.475s] Invoking command in '/home/nvidia/fishbot_ws/build/fishbot_cartographer': CMAKE_PREFIX_PATH=${CMAKE_PREFIX_PATH}:/opt/ros/humble /usr/bin/cmake --install /home/nvidia/fishbot_ws/build/fishbot_cartographer
[1.487s] -- Install configuration: ""
[1.487s] -- Installing: /home/nvidia/fishbot_ws/install/fishbot_cartographer/share/fishbot_cartographer/config
[1.489s] -- Installing: /home/nvidia/fishbot_ws/install/fishbot_cartographer/share/fishbot_cartographer/config/fishbot_2d.lua
[1.489s] -- Installing: /home/nvidia/fishbot_ws/install/fishbot_cartographer/share/fishbot_cartographer/launch
[1.489s] -- Installing: /home/nvidia/fishbot_ws/install/fishbot_cartographer/share/fishbot_cartographer/launch/cartographer.launch.py
[1.490s] -- Installing: /home/nvidia/fishbot_ws/install/fishbot_cartographer/share/fishbot_cartographer/rviz
[1.490s] -- Installing: /home/nvidia/fishbot_ws/install/fishbot_cartographer/share/ament_index/resource_index/package_run_dependencies/fishbot_cartographer
[1.490s] -- Installing: /home/nvidia/fishbot_ws/install/fishbot_cartographer/share/ament_index/resource_index/parent_prefix_path/fishbot_cartographer
[1.490s] -- Installing: /home/nvidia/fishbot_ws/install/fishbot_cartographer/share/fishbot_cartographer/environment/ament_prefix_path.sh
[1.491s] -- Installing: /home/nvidia/fishbot_ws/install/fishbot_cartographer/share/fishbot_cartographer/environment/ament_prefix_path.dsv
[1.492s] -- Installing: /home/nvidia/fishbot_ws/install/fishbot_cartographer/share/fishbot_cartographer/environment/path.sh
[1.492s] -- Installing: /home/nvidia/fishbot_ws/install/fishbot_cartographer/share/fishbot_cartographer/environment/path.dsv
[1.492s] -- Installing: /home/nvidia/fishbot_ws/install/fishbot_cartographer/share/fishbot_cartographer/local_setup.bash
[1.493s] -- Installing: /home/nvidia/fishbot_ws/install/fishbot_cartographer/share/fishbot_cartographer/local_setup.sh
[1.493s] -- Installing: /home/nvidia/fishbot_ws/install/fishbot_cartographer/share/fishbot_cartographer/local_setup.zsh
[1.493s] -- Installing: /home/nvidia/fishbot_ws/install/fishbot_cartographer/share/fishbot_cartographer/local_setup.dsv
[1.493s] -- Installing: /home/nvidia/fishbot_ws/install/fishbot_cartographer/share/fishbot_cartographer/package.dsv
[1.494s] -- Installing: /home/nvidia/fishbot_ws/install/fishbot_cartographer/share/ament_index/resource_index/packages/fishbot_cartographer
[1.494s] -- Installing: /home/nvidia/fishbot_ws/install/fishbot_cartographer/share/fishbot_cartographer/cmake/fishbot_cartographerConfig.cmake
[1.494s] -- Installing: /home/nvidia/fishbot_ws/install/fishbot_cartographer/share/fishbot_cartographer/cmake/fishbot_cartographerConfig-version.cmake
[1.494s] -- Installing: /home/nvidia/fishbot_ws/install/fishbot_cartographer/share/fishbot_cartographer/package.xml
[1.499s] Invoked command in '/home/nvidia/fishbot_ws/build/fishbot_cartographer' returned '0': CMAKE_PREFIX_PATH=${CMAKE_PREFIX_PATH}:/opt/ros/humble /usr/bin/cmake --install /home/nvidia/fishbot_ws/build/fishbot_cartographer
