[0.221s] DEBUG:colcon:Command line arguments: ['/usr/bin/colcon', 'build']
[0.221s] DEBUG:colcon:Parsed command line arguments: Namespace(log_base=None, log_level=None, verb_name='build', build_base='build', install_base='install', merge_install=False, symlink_install=False, test_result_base=None, continue_on_error=False, executor='parallel', parallel_workers=8, event_handlers=None, ignore_user_meta=False, metas=['./colcon.meta'], base_paths=['.'], packages_ignore=None, packages_ignore_regex=None, paths=None, packages_up_to=None, packages_up_to_regex=None, packages_above=None, packages_above_and_dependencies=None, packages_above_depth=None, packages_select_by_dep=None, packages_skip_by_dep=None, packages_skip_up_to=None, packages_select_build_failed=False, packages_skip_build_finished=False, packages_select_test_failures=False, packages_skip_test_passed=False, packages_select=None, packages_skip=None, packages_select_regex=None, packages_skip_regex=None, packages_start=None, packages_end=None, allow_overriding=[], cmake_args=None, cmake_target=None, cmake_target_skip_unavailable=False, cmake_clean_cache=False, cmake_clean_first=False, cmake_force_configure=False, ament_cmake_args=None, catkin_cmake_args=None, catkin_skip_building_tests=False, mixin_files=None, mixin=None, verb_parser=<colcon_mixin.mixin.mixin_argument.MixinArgumentDecorator object at 0xffffa227b3d0>, verb_extension=<colcon_core.verb.build.BuildVerb object at 0xffffa227aa10>, main=<bound method BuildVerb.main of <colcon_core.verb.build.BuildVerb object at 0xffffa227aa10>>, mixin_verb=('build',))
[0.561s] Level 1:colcon.colcon_core.package_discovery:discover_packages(colcon_meta) check parameters
[0.561s] Level 1:colcon.colcon_core.package_discovery:discover_packages(recursive) check parameters
[0.561s] Level 1:colcon.colcon_core.package_discovery:discover_packages(ignore) check parameters
[0.561s] Level 1:colcon.colcon_core.package_discovery:discover_packages(path) check parameters
[0.561s] Level 1:colcon.colcon_core.package_discovery:discover_packages(colcon_meta) discover
[0.562s] Level 1:colcon.colcon_core.package_discovery:discover_packages(recursive) discover
[0.562s] INFO:colcon.colcon_core.package_discovery:Crawling recursively for packages in '/home/nvidia/DDSM_ws'
[0.562s] Level 1:colcon.colcon_core.package_identification:_identify(.) by extensions ['ignore', 'ignore_ament_install']
[0.562s] Level 1:colcon.colcon_core.package_identification:_identify(.) by extension 'ignore'
[0.562s] Level 1:colcon.colcon_core.package_identification:_identify(.) by extension 'ignore_ament_install'
[0.562s] Level 1:colcon.colcon_core.package_identification:_identify(.) by extensions ['colcon_pkg']
[0.562s] Level 1:colcon.colcon_core.package_identification:_identify(.) by extension 'colcon_pkg'
[0.562s] Level 1:colcon.colcon_core.package_identification:_identify(.) by extensions ['colcon_meta']
[0.562s] Level 1:colcon.colcon_core.package_identification:_identify(.) by extension 'colcon_meta'
[0.563s] Level 1:colcon.colcon_core.package_identification:_identify(.) by extensions ['ros']
[0.563s] Level 1:colcon.colcon_core.package_identification:_identify(.) by extension 'ros'
[0.581s] Level 1:colcon.colcon_core.package_identification:_identify(.) by extensions ['cmake', 'python']
[0.582s] Level 1:colcon.colcon_core.package_identification:_identify(.) by extension 'cmake'
[0.582s] Level 1:colcon.colcon_core.package_identification:_identify(.) by extension 'python'
[0.582s] Level 1:colcon.colcon_core.package_identification:_identify(.) by extensions ['python_setup_py']
[0.582s] Level 1:colcon.colcon_core.package_identification:_identify(.) by extension 'python_setup_py'
[0.582s] Level 1:colcon.colcon_core.package_identification:_identify(build) by extensions ['ignore', 'ignore_ament_install']
[0.582s] Level 1:colcon.colcon_core.package_identification:_identify(build) by extension 'ignore'
[0.582s] Level 1:colcon.colcon_core.package_identification:_identify(build) ignored
[0.583s] Level 1:colcon.colcon_core.package_identification:_identify(install) by extensions ['ignore', 'ignore_ament_install']
[0.583s] Level 1:colcon.colcon_core.package_identification:_identify(install) by extension 'ignore'
[0.583s] Level 1:colcon.colcon_core.package_identification:_identify(install) ignored
[0.583s] Level 1:colcon.colcon_core.package_identification:_identify(log) by extensions ['ignore', 'ignore_ament_install']
[0.583s] Level 1:colcon.colcon_core.package_identification:_identify(log) by extension 'ignore'
[0.583s] Level 1:colcon.colcon_core.package_identification:_identify(log) ignored
[0.583s] Level 1:colcon.colcon_core.package_identification:_identify(src) by extensions ['ignore', 'ignore_ament_install']
[0.584s] Level 1:colcon.colcon_core.package_identification:_identify(src) by extension 'ignore'
[0.584s] Level 1:colcon.colcon_core.package_identification:_identify(src) by extension 'ignore_ament_install'
[0.584s] Level 1:colcon.colcon_core.package_identification:_identify(src) by extensions ['colcon_pkg']
[0.584s] Level 1:colcon.colcon_core.package_identification:_identify(src) by extension 'colcon_pkg'
[0.584s] Level 1:colcon.colcon_core.package_identification:_identify(src) by extensions ['colcon_meta']
[0.584s] Level 1:colcon.colcon_core.package_identification:_identify(src) by extension 'colcon_meta'
[0.584s] Level 1:colcon.colcon_core.package_identification:_identify(src) by extensions ['ros']
[0.584s] Level 1:colcon.colcon_core.package_identification:_identify(src) by extension 'ros'
[0.584s] Level 1:colcon.colcon_core.package_identification:_identify(src) by extensions ['cmake', 'python']
[0.584s] Level 1:colcon.colcon_core.package_identification:_identify(src) by extension 'cmake'
[0.584s] Level 1:colcon.colcon_core.package_identification:_identify(src) by extension 'python'
[0.584s] Level 1:colcon.colcon_core.package_identification:_identify(src) by extensions ['python_setup_py']
[0.585s] Level 1:colcon.colcon_core.package_identification:_identify(src) by extension 'python_setup_py'
[0.585s] Level 1:colcon.colcon_core.package_identification:_identify(src/camera_publisher) by extensions ['ignore', 'ignore_ament_install']
[0.585s] Level 1:colcon.colcon_core.package_identification:_identify(src/camera_publisher) by extension 'ignore'
[0.585s] Level 1:colcon.colcon_core.package_identification:_identify(src/camera_publisher) by extension 'ignore_ament_install'
[0.585s] Level 1:colcon.colcon_core.package_identification:_identify(src/camera_publisher) by extensions ['colcon_pkg']
[0.585s] Level 1:colcon.colcon_core.package_identification:_identify(src/camera_publisher) by extension 'colcon_pkg'
[0.585s] Level 1:colcon.colcon_core.package_identification:_identify(src/camera_publisher) by extensions ['colcon_meta']
[0.585s] Level 1:colcon.colcon_core.package_identification:_identify(src/camera_publisher) by extension 'colcon_meta'
[0.585s] Level 1:colcon.colcon_core.package_identification:_identify(src/camera_publisher) by extensions ['ros']
[0.585s] Level 1:colcon.colcon_core.package_identification:_identify(src/camera_publisher) by extension 'ros'
[0.590s] DEBUG:colcon.colcon_core.package_identification:Package 'src/camera_publisher' with type 'ros.ament_cmake' and name 'camera_publisher'
[0.590s] Level 1:colcon.colcon_core.package_identification:_identify(src/robot_control) by extensions ['ignore', 'ignore_ament_install']
[0.590s] Level 1:colcon.colcon_core.package_identification:_identify(src/robot_control) by extension 'ignore'
[0.590s] Level 1:colcon.colcon_core.package_identification:_identify(src/robot_control) by extension 'ignore_ament_install'
[0.590s] Level 1:colcon.colcon_core.package_identification:_identify(src/robot_control) by extensions ['colcon_pkg']
[0.591s] Level 1:colcon.colcon_core.package_identification:_identify(src/robot_control) by extension 'colcon_pkg'
[0.591s] Level 1:colcon.colcon_core.package_identification:_identify(src/robot_control) by extensions ['colcon_meta']
[0.591s] Level 1:colcon.colcon_core.package_identification:_identify(src/robot_control) by extension 'colcon_meta'
[0.591s] Level 1:colcon.colcon_core.package_identification:_identify(src/robot_control) by extensions ['ros']
[0.591s] Level 1:colcon.colcon_core.package_identification:_identify(src/robot_control) by extension 'ros'
[0.592s] DEBUG:colcon.colcon_core.package_identification:Package 'src/robot_control' with type 'ros.ament_python' and name 'robot_control'
[0.592s] Level 1:colcon.colcon_core.package_discovery:discover_packages(recursive) using defaults
[0.593s] Level 1:colcon.colcon_core.package_discovery:discover_packages(ignore) discover
[0.593s] Level 1:colcon.colcon_core.package_discovery:discover_packages(ignore) using defaults
[0.593s] Level 1:colcon.colcon_core.package_discovery:discover_packages(path) discover
[0.593s] Level 1:colcon.colcon_core.package_discovery:discover_packages(path) using defaults
[0.667s] Level 1:colcon.colcon_core.package_discovery:discover_packages(prefix_path) check parameters
[0.667s] Level 1:colcon.colcon_core.package_discovery:discover_packages(prefix_path) discover
[0.668s] WARNING:colcon.colcon_ros.prefix_path.catkin:The path '/usr/share/gazebo-11/cmake' in the environment variable CMAKE_PREFIX_PATH doesn't exist
[0.672s] DEBUG:colcon.colcon_installed_package_information.package_discovery:Found 408 installed packages in /opt/ros/humble
[0.675s] Level 1:colcon.colcon_core.package_discovery:discover_packages(prefix_path) using defaults
[0.756s] Level 5:colcon.colcon_core.verb:set package 'camera_publisher' build argument 'cmake_args' from command line to 'None'
[0.756s] Level 5:colcon.colcon_core.verb:set package 'camera_publisher' build argument 'cmake_target' from command line to 'None'
[0.756s] Level 5:colcon.colcon_core.verb:set package 'camera_publisher' build argument 'cmake_target_skip_unavailable' from command line to 'False'
[0.757s] Level 5:colcon.colcon_core.verb:set package 'camera_publisher' build argument 'cmake_clean_cache' from command line to 'False'
[0.757s] Level 5:colcon.colcon_core.verb:set package 'camera_publisher' build argument 'cmake_clean_first' from command line to 'False'
[0.757s] Level 5:colcon.colcon_core.verb:set package 'camera_publisher' build argument 'cmake_force_configure' from command line to 'False'
[0.757s] Level 5:colcon.colcon_core.verb:set package 'camera_publisher' build argument 'ament_cmake_args' from command line to 'None'
[0.757s] Level 5:colcon.colcon_core.verb:set package 'camera_publisher' build argument 'catkin_cmake_args' from command line to 'None'
[0.757s] Level 5:colcon.colcon_core.verb:set package 'camera_publisher' build argument 'catkin_skip_building_tests' from command line to 'False'
[0.757s] DEBUG:colcon.colcon_core.verb:Building package 'camera_publisher' with the following arguments: {'ament_cmake_args': None, 'build_base': '/home/nvidia/DDSM_ws/build/camera_publisher', 'catkin_cmake_args': None, 'catkin_skip_building_tests': False, 'cmake_args': None, 'cmake_clean_cache': False, 'cmake_clean_first': False, 'cmake_force_configure': False, 'cmake_target': None, 'cmake_target_skip_unavailable': False, 'install_base': '/home/nvidia/DDSM_ws/install/camera_publisher', 'merge_install': False, 'path': '/home/nvidia/DDSM_ws/src/camera_publisher', 'symlink_install': False, 'test_result_base': None}
[0.757s] Level 5:colcon.colcon_core.verb:set package 'robot_control' build argument 'cmake_args' from command line to 'None'
[0.757s] Level 5:colcon.colcon_core.verb:set package 'robot_control' build argument 'cmake_target' from command line to 'None'
[0.758s] Level 5:colcon.colcon_core.verb:set package 'robot_control' build argument 'cmake_target_skip_unavailable' from command line to 'False'
[0.758s] Level 5:colcon.colcon_core.verb:set package 'robot_control' build argument 'cmake_clean_cache' from command line to 'False'
[0.758s] Level 5:colcon.colcon_core.verb:set package 'robot_control' build argument 'cmake_clean_first' from command line to 'False'
[0.758s] Level 5:colcon.colcon_core.verb:set package 'robot_control' build argument 'cmake_force_configure' from command line to 'False'
[0.758s] Level 5:colcon.colcon_core.verb:set package 'robot_control' build argument 'ament_cmake_args' from command line to 'None'
[0.758s] Level 5:colcon.colcon_core.verb:set package 'robot_control' build argument 'catkin_cmake_args' from command line to 'None'
[0.758s] Level 5:colcon.colcon_core.verb:set package 'robot_control' build argument 'catkin_skip_building_tests' from command line to 'False'
[0.758s] DEBUG:colcon.colcon_core.verb:Building package 'robot_control' with the following arguments: {'ament_cmake_args': None, 'build_base': '/home/nvidia/DDSM_ws/build/robot_control', 'catkin_cmake_args': None, 'catkin_skip_building_tests': False, 'cmake_args': None, 'cmake_clean_cache': False, 'cmake_clean_first': False, 'cmake_force_configure': False, 'cmake_target': None, 'cmake_target_skip_unavailable': False, 'install_base': '/home/nvidia/DDSM_ws/install/robot_control', 'merge_install': False, 'path': '/home/nvidia/DDSM_ws/src/robot_control', 'symlink_install': False, 'test_result_base': None}
[0.758s] INFO:colcon.colcon_core.executor:Executing jobs using 'parallel' executor
[0.760s] DEBUG:colcon.colcon_parallel_executor.executor.parallel:run_until_complete
[0.760s] INFO:colcon.colcon_ros.task.ament_cmake.build:Building ROS package in '/home/nvidia/DDSM_ws/src/camera_publisher' with build type 'ament_cmake'
[0.761s] INFO:colcon.colcon_cmake.task.cmake.build:Building CMake package in '/home/nvidia/DDSM_ws/src/camera_publisher'
[0.765s] INFO:colcon.colcon_core.plugin_system:Skipping extension 'colcon_core.shell.bat': Not used on non-Windows systems
[0.765s] INFO:colcon.colcon_core.shell:Skip shell extension 'powershell' for command environment: Not usable outside of PowerShell
[0.766s] DEBUG:colcon.colcon_core.shell:Skip shell extension 'dsv' for command environment
[0.771s] INFO:colcon.colcon_ros.task.ament_python.build:Building ROS package in '/home/nvidia/DDSM_ws/src/robot_control' with build type 'ament_python'
[0.772s] Level 1:colcon.colcon_core.shell:create_environment_hook('robot_control', 'ament_prefix_path')
[0.772s] INFO:colcon.colcon_core.shell:Creating environment hook '/home/nvidia/DDSM_ws/install/robot_control/share/robot_control/hook/ament_prefix_path.ps1'
[0.774s] INFO:colcon.colcon_core.shell:Creating environment descriptor '/home/nvidia/DDSM_ws/install/robot_control/share/robot_control/hook/ament_prefix_path.dsv'
[0.774s] INFO:colcon.colcon_core.shell:Creating environment hook '/home/nvidia/DDSM_ws/install/robot_control/share/robot_control/hook/ament_prefix_path.sh'
[0.776s] INFO:colcon.colcon_core.shell:Skip shell extension 'powershell' for command environment: Not usable outside of PowerShell
[0.776s] DEBUG:colcon.colcon_core.shell:Skip shell extension 'dsv' for command environment
[0.786s] DEBUG:colcon.colcon_core.event_handler.log_command:Invoking command in '/home/nvidia/DDSM_ws/build/camera_publisher': CMAKE_PREFIX_PATH=${CMAKE_PREFIX_PATH}:/opt/ros/humble /usr/bin/cmake --build /home/nvidia/DDSM_ws/build/camera_publisher -- -j8 -l8
[1.292s] INFO:colcon.colcon_core.task.python.build:Building Python package in '/home/nvidia/DDSM_ws/src/robot_control'
[1.292s] INFO:colcon.colcon_core.shell:Skip shell extension 'powershell' for command environment: Not usable outside of PowerShell
[1.293s] DEBUG:colcon.colcon_core.shell:Skip shell extension 'dsv' for command environment
[1.301s] DEBUG:colcon.colcon_core.event_handler.log_command:Invoked command in '/home/nvidia/DDSM_ws/build/camera_publisher' returned '0': CMAKE_PREFIX_PATH=${CMAKE_PREFIX_PATH}:/opt/ros/humble /usr/bin/cmake --build /home/nvidia/DDSM_ws/build/camera_publisher -- -j8 -l8
[1.317s] DEBUG:colcon.colcon_core.event_handler.log_command:Invoking command in '/home/nvidia/DDSM_ws/build/camera_publisher': CMAKE_PREFIX_PATH=${CMAKE_PREFIX_PATH}:/opt/ros/humble /usr/bin/cmake --install /home/nvidia/DDSM_ws/build/camera_publisher
[1.334s] Level 1:colcon.colcon_core.environment:create_environment_scripts_only(camera_publisher)
[1.335s] DEBUG:colcon.colcon_core.event_handler.log_command:Invoked command in '/home/nvidia/DDSM_ws/build/camera_publisher' returned '0': CMAKE_PREFIX_PATH=${CMAKE_PREFIX_PATH}:/opt/ros/humble /usr/bin/cmake --install /home/nvidia/DDSM_ws/build/camera_publisher
[1.339s] Level 1:colcon.colcon_core.environment:checking '/home/nvidia/DDSM_ws/install/camera_publisher' for CMake module files
[1.340s] Level 1:colcon.colcon_core.environment:checking '/home/nvidia/DDSM_ws/install/camera_publisher' for CMake config files
[1.341s] Level 1:colcon.colcon_core.shell:create_environment_hook('camera_publisher', 'cmake_prefix_path')
[1.341s] INFO:colcon.colcon_core.shell:Creating environment hook '/home/nvidia/DDSM_ws/install/camera_publisher/share/camera_publisher/hook/cmake_prefix_path.ps1'
[1.342s] INFO:colcon.colcon_core.shell:Creating environment descriptor '/home/nvidia/DDSM_ws/install/camera_publisher/share/camera_publisher/hook/cmake_prefix_path.dsv'
[1.343s] INFO:colcon.colcon_core.shell:Creating environment hook '/home/nvidia/DDSM_ws/install/camera_publisher/share/camera_publisher/hook/cmake_prefix_path.sh'
[1.344s] Level 1:colcon.colcon_core.environment:checking '/home/nvidia/DDSM_ws/install/camera_publisher/bin'
[1.344s] Level 1:colcon.colcon_core.environment:checking '/home/nvidia/DDSM_ws/install/camera_publisher/lib/pkgconfig/camera_publisher.pc'
[1.345s] Level 1:colcon.colcon_core.environment:checking '/home/nvidia/DDSM_ws/install/camera_publisher/lib/python3.10/site-packages'
[1.345s] Level 1:colcon.colcon_core.environment:checking '/home/nvidia/DDSM_ws/install/camera_publisher/bin'
[1.346s] INFO:colcon.colcon_core.shell:Creating package script '/home/nvidia/DDSM_ws/install/camera_publisher/share/camera_publisher/package.ps1'
[1.347s] INFO:colcon.colcon_core.shell:Creating package descriptor '/home/nvidia/DDSM_ws/install/camera_publisher/share/camera_publisher/package.dsv'
[1.348s] INFO:colcon.colcon_core.shell:Creating package script '/home/nvidia/DDSM_ws/install/camera_publisher/share/camera_publisher/package.sh'
[1.350s] INFO:colcon.colcon_core.shell:Creating package script '/home/nvidia/DDSM_ws/install/camera_publisher/share/camera_publisher/package.bash'
[1.351s] INFO:colcon.colcon_core.shell:Creating package script '/home/nvidia/DDSM_ws/install/camera_publisher/share/camera_publisher/package.zsh'
[1.352s] Level 1:colcon.colcon_core.environment:create_file_with_runtime_dependencies(/home/nvidia/DDSM_ws/install/camera_publisher/share/colcon-core/packages/camera_publisher)
[1.353s] Level 1:colcon.colcon_core.environment:create_environment_scripts_only(camera_publisher)
[1.353s] Level 1:colcon.colcon_core.environment:checking '/home/nvidia/DDSM_ws/install/camera_publisher' for CMake module files
[1.354s] Level 1:colcon.colcon_core.environment:checking '/home/nvidia/DDSM_ws/install/camera_publisher' for CMake config files
[1.354s] Level 1:colcon.colcon_core.shell:create_environment_hook('camera_publisher', 'cmake_prefix_path')
[1.355s] INFO:colcon.colcon_core.shell:Creating environment hook '/home/nvidia/DDSM_ws/install/camera_publisher/share/camera_publisher/hook/cmake_prefix_path.ps1'
[1.355s] INFO:colcon.colcon_core.shell:Creating environment descriptor '/home/nvidia/DDSM_ws/install/camera_publisher/share/camera_publisher/hook/cmake_prefix_path.dsv'
[1.356s] INFO:colcon.colcon_core.shell:Creating environment hook '/home/nvidia/DDSM_ws/install/camera_publisher/share/camera_publisher/hook/cmake_prefix_path.sh'
[1.357s] Level 1:colcon.colcon_core.environment:checking '/home/nvidia/DDSM_ws/install/camera_publisher/bin'
[1.357s] Level 1:colcon.colcon_core.environment:checking '/home/nvidia/DDSM_ws/install/camera_publisher/lib/pkgconfig/camera_publisher.pc'
[1.358s] Level 1:colcon.colcon_core.environment:checking '/home/nvidia/DDSM_ws/install/camera_publisher/lib/python3.10/site-packages'
[1.358s] Level 1:colcon.colcon_core.environment:checking '/home/nvidia/DDSM_ws/install/camera_publisher/bin'
[1.359s] INFO:colcon.colcon_core.shell:Creating package script '/home/nvidia/DDSM_ws/install/camera_publisher/share/camera_publisher/package.ps1'
[1.360s] INFO:colcon.colcon_core.shell:Creating package descriptor '/home/nvidia/DDSM_ws/install/camera_publisher/share/camera_publisher/package.dsv'
[1.362s] INFO:colcon.colcon_core.shell:Creating package script '/home/nvidia/DDSM_ws/install/camera_publisher/share/camera_publisher/package.sh'
[1.363s] INFO:colcon.colcon_core.shell:Creating package script '/home/nvidia/DDSM_ws/install/camera_publisher/share/camera_publisher/package.bash'
[1.364s] INFO:colcon.colcon_core.shell:Creating package script '/home/nvidia/DDSM_ws/install/camera_publisher/share/camera_publisher/package.zsh'
[1.366s] Level 1:colcon.colcon_core.environment:create_file_with_runtime_dependencies(/home/nvidia/DDSM_ws/install/camera_publisher/share/colcon-core/packages/camera_publisher)
[2.020s] DEBUG:colcon.colcon_core.event_handler.log_command:Invoking command in '/home/nvidia/DDSM_ws/src/robot_control': PYTHONPATH=/home/nvidia/DDSM_ws/build/robot_control/prefix_override:/usr/lib/python3/dist-packages/colcon_core/task/python/colcon_distutils_commands:/home/nvidia/DDSM_ws/install/robot_control/lib/python3.10/site-packages:${PYTHONPATH} /usr/bin/python3 -W ignore:setup.py install is deprecated -W ignore:easy_install command is deprecated setup.py egg_info --egg-base ../../build/robot_control build --build-base /home/nvidia/DDSM_ws/build/robot_control/build install --record /home/nvidia/DDSM_ws/build/robot_control/install.log --single-version-externally-managed install_data
[2.612s] Level 1:colcon.colcon_core.environment:checking '/home/nvidia/DDSM_ws/install/robot_control' for CMake module files
[2.613s] DEBUG:colcon.colcon_core.event_handler.log_command:Invoked command in '/home/nvidia/DDSM_ws/src/robot_control' returned '0': PYTHONPATH=/home/nvidia/DDSM_ws/build/robot_control/prefix_override:/usr/lib/python3/dist-packages/colcon_core/task/python/colcon_distutils_commands:/home/nvidia/DDSM_ws/install/robot_control/lib/python3.10/site-packages:${PYTHONPATH} /usr/bin/python3 -W ignore:setup.py install is deprecated -W ignore:easy_install command is deprecated setup.py egg_info --egg-base ../../build/robot_control build --build-base /home/nvidia/DDSM_ws/build/robot_control/build install --record /home/nvidia/DDSM_ws/build/robot_control/install.log --single-version-externally-managed install_data
[2.613s] Level 1:colcon.colcon_core.environment:checking '/home/nvidia/DDSM_ws/install/robot_control' for CMake config files
[2.615s] Level 1:colcon.colcon_core.environment:checking '/home/nvidia/DDSM_ws/install/robot_control/lib'
[2.615s] Level 1:colcon.colcon_core.environment:checking '/home/nvidia/DDSM_ws/install/robot_control/bin'
[2.615s] Level 1:colcon.colcon_core.shell:create_environment_hook('robot_control', 'path')
[2.616s] INFO:colcon.colcon_core.shell:Creating environment hook '/home/nvidia/DDSM_ws/install/robot_control/share/robot_control/hook/path.ps1'
[2.617s] INFO:colcon.colcon_core.shell:Creating environment descriptor '/home/nvidia/DDSM_ws/install/robot_control/share/robot_control/hook/path.dsv'
[2.618s] INFO:colcon.colcon_core.shell:Creating environment hook '/home/nvidia/DDSM_ws/install/robot_control/share/robot_control/hook/path.sh'
[2.618s] Level 1:colcon.colcon_core.environment:checking '/home/nvidia/DDSM_ws/install/robot_control/lib/pkgconfig/robot_control.pc'
[2.619s] Level 1:colcon.colcon_core.environment:checking '/home/nvidia/DDSM_ws/install/robot_control/lib/python3.10/site-packages'
[2.619s] Level 1:colcon.colcon_core.shell:create_environment_hook('robot_control', 'pythonpath')
[2.619s] INFO:colcon.colcon_core.shell:Creating environment hook '/home/nvidia/DDSM_ws/install/robot_control/share/robot_control/hook/pythonpath.ps1'
[2.620s] INFO:colcon.colcon_core.shell:Creating environment descriptor '/home/nvidia/DDSM_ws/install/robot_control/share/robot_control/hook/pythonpath.dsv'
[2.620s] INFO:colcon.colcon_core.shell:Creating environment hook '/home/nvidia/DDSM_ws/install/robot_control/share/robot_control/hook/pythonpath.sh'
[2.621s] Level 1:colcon.colcon_core.environment:checking '/home/nvidia/DDSM_ws/install/robot_control/bin'
[2.621s] Level 1:colcon.colcon_core.shell:create_environment_hook('robot_control', 'pythonscriptspath')
[2.622s] INFO:colcon.colcon_core.shell:Creating environment hook '/home/nvidia/DDSM_ws/install/robot_control/share/robot_control/hook/pythonscriptspath.ps1'
[2.623s] INFO:colcon.colcon_core.shell:Creating environment descriptor '/home/nvidia/DDSM_ws/install/robot_control/share/robot_control/hook/pythonscriptspath.dsv'
[2.623s] INFO:colcon.colcon_core.shell:Creating environment hook '/home/nvidia/DDSM_ws/install/robot_control/share/robot_control/hook/pythonscriptspath.sh'
[2.624s] Level 1:colcon.colcon_core.environment:create_environment_scripts_only(robot_control)
[2.624s] INFO:colcon.colcon_core.shell:Creating package script '/home/nvidia/DDSM_ws/install/robot_control/share/robot_control/package.ps1'
[2.625s] INFO:colcon.colcon_core.shell:Creating package descriptor '/home/nvidia/DDSM_ws/install/robot_control/share/robot_control/package.dsv'
[2.626s] INFO:colcon.colcon_core.shell:Creating package script '/home/nvidia/DDSM_ws/install/robot_control/share/robot_control/package.sh'
[2.627s] INFO:colcon.colcon_core.shell:Creating package script '/home/nvidia/DDSM_ws/install/robot_control/share/robot_control/package.bash'
[2.627s] INFO:colcon.colcon_core.shell:Creating package script '/home/nvidia/DDSM_ws/install/robot_control/share/robot_control/package.zsh'
[2.628s] Level 1:colcon.colcon_core.environment:create_file_with_runtime_dependencies(/home/nvidia/DDSM_ws/install/robot_control/share/colcon-core/packages/robot_control)
[2.628s] DEBUG:colcon.colcon_parallel_executor.executor.parallel:closing loop
[2.629s] DEBUG:colcon.colcon_parallel_executor.executor.parallel:loop closed
[2.629s] DEBUG:colcon.colcon_parallel_executor.executor.parallel:run_until_complete finished with '0'
[2.629s] DEBUG:colcon.colcon_core.event_reactor:joining thread
[2.639s] INFO:colcon.colcon_core.plugin_system:Skipping extension 'colcon_notification.desktop_notification.terminal_notifier': Not used on non-Darwin systems
[2.640s] INFO:colcon.colcon_core.plugin_system:Skipping extension 'colcon_notification.desktop_notification.win32': Not used on non-Windows systems
[2.640s] INFO:colcon.colcon_notification.desktop_notification:Sending desktop notification using 'notify2'
[2.667s] DEBUG:colcon.colcon_core.event_reactor:joined thread
[2.668s] INFO:colcon.colcon_core.shell:Creating prefix script '/home/nvidia/DDSM_ws/install/local_setup.ps1'
[2.670s] INFO:colcon.colcon_core.shell:Creating prefix util module '/home/nvidia/DDSM_ws/install/_local_setup_util_ps1.py'
[2.673s] INFO:colcon.colcon_core.shell:Creating prefix chain script '/home/nvidia/DDSM_ws/install/setup.ps1'
[2.675s] INFO:colcon.colcon_core.shell:Creating prefix script '/home/nvidia/DDSM_ws/install/local_setup.sh'
[2.676s] INFO:colcon.colcon_core.shell:Creating prefix util module '/home/nvidia/DDSM_ws/install/_local_setup_util_sh.py'
[2.677s] INFO:colcon.colcon_core.shell:Creating prefix chain script '/home/nvidia/DDSM_ws/install/setup.sh'
[2.679s] INFO:colcon.colcon_core.shell:Creating prefix script '/home/nvidia/DDSM_ws/install/local_setup.bash'
[2.680s] INFO:colcon.colcon_core.shell:Creating prefix chain script '/home/nvidia/DDSM_ws/install/setup.bash'
[2.681s] INFO:colcon.colcon_core.shell:Creating prefix script '/home/nvidia/DDSM_ws/install/local_setup.zsh'
[2.682s] INFO:colcon.colcon_core.shell:Creating prefix chain script '/home/nvidia/DDSM_ws/install/setup.zsh'
