[0.190s] DEBUG:colcon:Command line arguments: ['/usr/bin/colcon', 'build']
[0.190s] DEBUG:colcon:Parsed command line arguments: Namespace(log_base=None, log_level=None, verb_name='build', build_base='build', install_base='install', merge_install=False, symlink_install=False, test_result_base=None, continue_on_error=False, executor='parallel', parallel_workers=8, event_handlers=None, ignore_user_meta=False, metas=['./colcon.meta'], base_paths=['.'], packages_ignore=None, packages_ignore_regex=None, paths=None, packages_up_to=None, packages_up_to_regex=None, packages_above=None, packages_above_and_dependencies=None, packages_above_depth=None, packages_select_by_dep=None, packages_skip_by_dep=None, packages_skip_up_to=None, packages_select_build_failed=False, packages_skip_build_finished=False, packages_select_test_failures=False, packages_skip_test_passed=False, packages_select=None, packages_skip=None, packages_select_regex=None, packages_skip_regex=None, packages_start=None, packages_end=None, allow_overriding=[], cmake_args=None, cmake_target=None, cmake_target_skip_unavailable=False, cmake_clean_cache=False, cmake_clean_first=False, cmake_force_configure=False, ament_cmake_args=None, catkin_cmake_args=None, catkin_skip_building_tests=False, mixin_files=None, mixin=None, verb_parser=<colcon_mixin.mixin.mixin_argument.MixinArgumentDecorator object at 0xffff9c070280>, verb_extension=<colcon_core.verb.build.BuildVerb object at 0xffff9c047880>, main=<bound method BuildVerb.main of <colcon_core.verb.build.BuildVerb object at 0xffff9c047880>>, mixin_verb=('build',))
[0.498s] Level 1:colcon.colcon_core.package_discovery:discover_packages(colcon_meta) check parameters
[0.499s] Level 1:colcon.colcon_core.package_discovery:discover_packages(recursive) check parameters
[0.499s] Level 1:colcon.colcon_core.package_discovery:discover_packages(ignore) check parameters
[0.499s] Level 1:colcon.colcon_core.package_discovery:discover_packages(path) check parameters
[0.499s] Level 1:colcon.colcon_core.package_discovery:discover_packages(colcon_meta) discover
[0.499s] Level 1:colcon.colcon_core.package_discovery:discover_packages(recursive) discover
[0.499s] INFO:colcon.colcon_core.package_discovery:Crawling recursively for packages in '/home/nvidia/roadRunner/2d_slam'
[0.499s] Level 1:colcon.colcon_core.package_identification:_identify(.) by extensions ['ignore', 'ignore_ament_install']
[0.499s] Level 1:colcon.colcon_core.package_identification:_identify(.) by extension 'ignore'
[0.500s] Level 1:colcon.colcon_core.package_identification:_identify(.) by extension 'ignore_ament_install'
[0.500s] Level 1:colcon.colcon_core.package_identification:_identify(.) by extensions ['colcon_pkg']
[0.500s] Level 1:colcon.colcon_core.package_identification:_identify(.) by extension 'colcon_pkg'
[0.500s] Level 1:colcon.colcon_core.package_identification:_identify(.) by extensions ['colcon_meta']
[0.500s] Level 1:colcon.colcon_core.package_identification:_identify(.) by extension 'colcon_meta'
[0.500s] Level 1:colcon.colcon_core.package_identification:_identify(.) by extensions ['ros']
[0.500s] Level 1:colcon.colcon_core.package_identification:_identify(.) by extension 'ros'
[0.518s] Level 1:colcon.colcon_core.package_identification:_identify(.) by extensions ['cmake', 'python']
[0.519s] Level 1:colcon.colcon_core.package_identification:_identify(.) by extension 'cmake'
[0.519s] Level 1:colcon.colcon_core.package_identification:_identify(.) by extension 'python'
[0.519s] Level 1:colcon.colcon_core.package_identification:_identify(.) by extensions ['python_setup_py']
[0.519s] Level 1:colcon.colcon_core.package_identification:_identify(.) by extension 'python_setup_py'
[0.519s] Level 1:colcon.colcon_core.package_identification:_identify(build) by extensions ['ignore', 'ignore_ament_install']
[0.519s] Level 1:colcon.colcon_core.package_identification:_identify(build) by extension 'ignore'
[0.519s] Level 1:colcon.colcon_core.package_identification:_identify(build) ignored
[0.520s] Level 1:colcon.colcon_core.package_identification:_identify(install) by extensions ['ignore', 'ignore_ament_install']
[0.520s] Level 1:colcon.colcon_core.package_identification:_identify(install) by extension 'ignore'
[0.520s] Level 1:colcon.colcon_core.package_identification:_identify(install) ignored
[0.520s] Level 1:colcon.colcon_core.package_identification:_identify(log) by extensions ['ignore', 'ignore_ament_install']
[0.520s] Level 1:colcon.colcon_core.package_identification:_identify(log) by extension 'ignore'
[0.520s] Level 1:colcon.colcon_core.package_identification:_identify(log) ignored
[0.520s] Level 1:colcon.colcon_core.package_identification:_identify(src) by extensions ['ignore', 'ignore_ament_install']
[0.520s] Level 1:colcon.colcon_core.package_identification:_identify(src) by extension 'ignore'
[0.521s] Level 1:colcon.colcon_core.package_identification:_identify(src) by extension 'ignore_ament_install'
[0.521s] Level 1:colcon.colcon_core.package_identification:_identify(src) by extensions ['colcon_pkg']
[0.521s] Level 1:colcon.colcon_core.package_identification:_identify(src) by extension 'colcon_pkg'
[0.521s] Level 1:colcon.colcon_core.package_identification:_identify(src) by extensions ['colcon_meta']
[0.521s] Level 1:colcon.colcon_core.package_identification:_identify(src) by extension 'colcon_meta'
[0.521s] Level 1:colcon.colcon_core.package_identification:_identify(src) by extensions ['ros']
[0.521s] Level 1:colcon.colcon_core.package_identification:_identify(src) by extension 'ros'
[0.521s] Level 1:colcon.colcon_core.package_identification:_identify(src) by extensions ['cmake', 'python']
[0.521s] Level 1:colcon.colcon_core.package_identification:_identify(src) by extension 'cmake'
[0.521s] Level 1:colcon.colcon_core.package_identification:_identify(src) by extension 'python'
[0.521s] Level 1:colcon.colcon_core.package_identification:_identify(src) by extensions ['python_setup_py']
[0.521s] Level 1:colcon.colcon_core.package_identification:_identify(src) by extension 'python_setup_py'
[0.522s] Level 1:colcon.colcon_core.package_identification:_identify(src/LSLIDAR_X_ROS2-20240228) by extensions ['ignore', 'ignore_ament_install']
[0.522s] Level 1:colcon.colcon_core.package_identification:_identify(src/LSLIDAR_X_ROS2-20240228) by extension 'ignore'
[0.522s] Level 1:colcon.colcon_core.package_identification:_identify(src/LSLIDAR_X_ROS2-20240228) by extension 'ignore_ament_install'
[0.522s] Level 1:colcon.colcon_core.package_identification:_identify(src/LSLIDAR_X_ROS2-20240228) by extensions ['colcon_pkg']
[0.522s] Level 1:colcon.colcon_core.package_identification:_identify(src/LSLIDAR_X_ROS2-20240228) by extension 'colcon_pkg'
[0.522s] Level 1:colcon.colcon_core.package_identification:_identify(src/LSLIDAR_X_ROS2-20240228) by extensions ['colcon_meta']
[0.522s] Level 1:colcon.colcon_core.package_identification:_identify(src/LSLIDAR_X_ROS2-20240228) by extension 'colcon_meta'
[0.522s] Level 1:colcon.colcon_core.package_identification:_identify(src/LSLIDAR_X_ROS2-20240228) by extensions ['ros']
[0.522s] Level 1:colcon.colcon_core.package_identification:_identify(src/LSLIDAR_X_ROS2-20240228) by extension 'ros'
[0.522s] Level 1:colcon.colcon_core.package_identification:_identify(src/LSLIDAR_X_ROS2-20240228) by extensions ['cmake', 'python']
[0.522s] Level 1:colcon.colcon_core.package_identification:_identify(src/LSLIDAR_X_ROS2-20240228) by extension 'cmake'
[0.522s] Level 1:colcon.colcon_core.package_identification:_identify(src/LSLIDAR_X_ROS2-20240228) by extension 'python'
[0.523s] Level 1:colcon.colcon_core.package_identification:_identify(src/LSLIDAR_X_ROS2-20240228) by extensions ['python_setup_py']
[0.523s] Level 1:colcon.colcon_core.package_identification:_identify(src/LSLIDAR_X_ROS2-20240228) by extension 'python_setup_py'
[0.523s] Level 1:colcon.colcon_core.package_identification:_identify(src/LSLIDAR_X_ROS2-20240228/build) by extensions ['ignore', 'ignore_ament_install']
[0.523s] Level 1:colcon.colcon_core.package_identification:_identify(src/LSLIDAR_X_ROS2-20240228/build) by extension 'ignore'
[0.523s] Level 1:colcon.colcon_core.package_identification:_identify(src/LSLIDAR_X_ROS2-20240228/build) ignored
[0.523s] Level 1:colcon.colcon_core.package_identification:_identify(src/LSLIDAR_X_ROS2-20240228/install) by extensions ['ignore', 'ignore_ament_install']
[0.523s] Level 1:colcon.colcon_core.package_identification:_identify(src/LSLIDAR_X_ROS2-20240228/install) by extension 'ignore'
[0.523s] Level 1:colcon.colcon_core.package_identification:_identify(src/LSLIDAR_X_ROS2-20240228/install) ignored
[0.524s] Level 1:colcon.colcon_core.package_identification:_identify(src/LSLIDAR_X_ROS2-20240228/log) by extensions ['ignore', 'ignore_ament_install']
[0.524s] Level 1:colcon.colcon_core.package_identification:_identify(src/LSLIDAR_X_ROS2-20240228/log) by extension 'ignore'
[0.524s] Level 1:colcon.colcon_core.package_identification:_identify(src/LSLIDAR_X_ROS2-20240228/log) ignored
[0.524s] Level 1:colcon.colcon_core.package_identification:_identify(src/LSLIDAR_X_ROS2-20240228/src) by extensions ['ignore', 'ignore_ament_install']
[0.524s] Level 1:colcon.colcon_core.package_identification:_identify(src/LSLIDAR_X_ROS2-20240228/src) by extension 'ignore'
[0.524s] Level 1:colcon.colcon_core.package_identification:_identify(src/LSLIDAR_X_ROS2-20240228/src) by extension 'ignore_ament_install'
[0.524s] Level 1:colcon.colcon_core.package_identification:_identify(src/LSLIDAR_X_ROS2-20240228/src) by extensions ['colcon_pkg']
[0.524s] Level 1:colcon.colcon_core.package_identification:_identify(src/LSLIDAR_X_ROS2-20240228/src) by extension 'colcon_pkg'
[0.524s] Level 1:colcon.colcon_core.package_identification:_identify(src/LSLIDAR_X_ROS2-20240228/src) by extensions ['colcon_meta']
[0.525s] Level 1:colcon.colcon_core.package_identification:_identify(src/LSLIDAR_X_ROS2-20240228/src) by extension 'colcon_meta'
[0.525s] Level 1:colcon.colcon_core.package_identification:_identify(src/LSLIDAR_X_ROS2-20240228/src) by extensions ['ros']
[0.525s] Level 1:colcon.colcon_core.package_identification:_identify(src/LSLIDAR_X_ROS2-20240228/src) by extension 'ros'
[0.525s] Level 1:colcon.colcon_core.package_identification:_identify(src/LSLIDAR_X_ROS2-20240228/src) by extensions ['cmake', 'python']
[0.525s] Level 1:colcon.colcon_core.package_identification:_identify(src/LSLIDAR_X_ROS2-20240228/src) by extension 'cmake'
[0.525s] Level 1:colcon.colcon_core.package_identification:_identify(src/LSLIDAR_X_ROS2-20240228/src) by extension 'python'
[0.525s] Level 1:colcon.colcon_core.package_identification:_identify(src/LSLIDAR_X_ROS2-20240228/src) by extensions ['python_setup_py']
[0.525s] Level 1:colcon.colcon_core.package_identification:_identify(src/LSLIDAR_X_ROS2-20240228/src) by extension 'python_setup_py'
[0.525s] Level 1:colcon.colcon_core.package_identification:_identify(src/LSLIDAR_X_ROS2-20240228/src/lslidar_driver) by extensions ['ignore', 'ignore_ament_install']
[0.525s] Level 1:colcon.colcon_core.package_identification:_identify(src/LSLIDAR_X_ROS2-20240228/src/lslidar_driver) by extension 'ignore'
[0.525s] Level 1:colcon.colcon_core.package_identification:_identify(src/LSLIDAR_X_ROS2-20240228/src/lslidar_driver) by extension 'ignore_ament_install'
[0.526s] Level 1:colcon.colcon_core.package_identification:_identify(src/LSLIDAR_X_ROS2-20240228/src/lslidar_driver) by extensions ['colcon_pkg']
[0.526s] Level 1:colcon.colcon_core.package_identification:_identify(src/LSLIDAR_X_ROS2-20240228/src/lslidar_driver) by extension 'colcon_pkg'
[0.526s] Level 1:colcon.colcon_core.package_identification:_identify(src/LSLIDAR_X_ROS2-20240228/src/lslidar_driver) by extensions ['colcon_meta']
[0.526s] Level 1:colcon.colcon_core.package_identification:_identify(src/LSLIDAR_X_ROS2-20240228/src/lslidar_driver) by extension 'colcon_meta'
[0.526s] Level 1:colcon.colcon_core.package_identification:_identify(src/LSLIDAR_X_ROS2-20240228/src/lslidar_driver) by extensions ['ros']
[0.526s] Level 1:colcon.colcon_core.package_identification:_identify(src/LSLIDAR_X_ROS2-20240228/src/lslidar_driver) by extension 'ros'
[0.530s] DEBUG:colcon.colcon_core.package_identification:Package 'src/LSLIDAR_X_ROS2-20240228/src/lslidar_driver' with type 'ros.ament_cmake' and name 'lslidar_driver'
[0.531s] Level 1:colcon.colcon_core.package_identification:_identify(src/LSLIDAR_X_ROS2-20240228/src/lslidar_msgs) by extensions ['ignore', 'ignore_ament_install']
[0.531s] Level 1:colcon.colcon_core.package_identification:_identify(src/LSLIDAR_X_ROS2-20240228/src/lslidar_msgs) by extension 'ignore'
[0.531s] Level 1:colcon.colcon_core.package_identification:_identify(src/LSLIDAR_X_ROS2-20240228/src/lslidar_msgs) by extension 'ignore_ament_install'
[0.531s] Level 1:colcon.colcon_core.package_identification:_identify(src/LSLIDAR_X_ROS2-20240228/src/lslidar_msgs) by extensions ['colcon_pkg']
[0.531s] Level 1:colcon.colcon_core.package_identification:_identify(src/LSLIDAR_X_ROS2-20240228/src/lslidar_msgs) by extension 'colcon_pkg'
[0.531s] Level 1:colcon.colcon_core.package_identification:_identify(src/LSLIDAR_X_ROS2-20240228/src/lslidar_msgs) by extensions ['colcon_meta']
[0.531s] Level 1:colcon.colcon_core.package_identification:_identify(src/LSLIDAR_X_ROS2-20240228/src/lslidar_msgs) by extension 'colcon_meta'
[0.531s] Level 1:colcon.colcon_core.package_identification:_identify(src/LSLIDAR_X_ROS2-20240228/src/lslidar_msgs) by extensions ['ros']
[0.531s] Level 1:colcon.colcon_core.package_identification:_identify(src/LSLIDAR_X_ROS2-20240228/src/lslidar_msgs) by extension 'ros'
[0.532s] DEBUG:colcon.colcon_core.package_identification:Package 'src/LSLIDAR_X_ROS2-20240228/src/lslidar_msgs' with type 'ros.ament_cmake' and name 'lslidar_msgs'
[0.533s] Level 1:colcon.colcon_core.package_identification:_identify(src/build) by extensions ['ignore', 'ignore_ament_install']
[0.533s] Level 1:colcon.colcon_core.package_identification:_identify(src/build) by extension 'ignore'
[0.533s] Level 1:colcon.colcon_core.package_identification:_identify(src/build) ignored
[0.533s] Level 1:colcon.colcon_core.package_identification:_identify(src/install) by extensions ['ignore', 'ignore_ament_install']
[0.533s] Level 1:colcon.colcon_core.package_identification:_identify(src/install) by extension 'ignore'
[0.533s] Level 1:colcon.colcon_core.package_identification:_identify(src/install) ignored
[0.533s] Level 1:colcon.colcon_core.package_identification:_identify(src/log) by extensions ['ignore', 'ignore_ament_install']
[0.534s] Level 1:colcon.colcon_core.package_identification:_identify(src/log) by extension 'ignore'
[0.534s] Level 1:colcon.colcon_core.package_identification:_identify(src/log) ignored
[0.534s] Level 1:colcon.colcon_core.package_discovery:discover_packages(recursive) using defaults
[0.534s] Level 1:colcon.colcon_core.package_discovery:discover_packages(ignore) discover
[0.534s] Level 1:colcon.colcon_core.package_discovery:discover_packages(ignore) using defaults
[0.534s] Level 1:colcon.colcon_core.package_discovery:discover_packages(path) discover
[0.534s] Level 1:colcon.colcon_core.package_discovery:discover_packages(path) using defaults
[0.594s] Level 1:colcon.colcon_core.package_discovery:discover_packages(prefix_path) check parameters
[0.594s] Level 1:colcon.colcon_core.package_discovery:discover_packages(prefix_path) discover
[0.597s] DEBUG:colcon.colcon_installed_package_information.package_discovery:Found 5 installed packages in /home/nvidia/roadRunner/2d_slam/install
[0.598s] DEBUG:colcon.colcon_installed_package_information.package_discovery:Found 3 installed packages in /home/nvidia/DDSM_ws/install
[0.601s] DEBUG:colcon.colcon_installed_package_information.package_discovery:Found 408 installed packages in /opt/ros/humble
[0.604s] Level 1:colcon.colcon_core.package_discovery:discover_packages(prefix_path) using defaults
[0.686s] Level 5:colcon.colcon_core.verb:set package 'lslidar_msgs' build argument 'cmake_args' from command line to 'None'
[0.686s] Level 5:colcon.colcon_core.verb:set package 'lslidar_msgs' build argument 'cmake_target' from command line to 'None'
[0.686s] Level 5:colcon.colcon_core.verb:set package 'lslidar_msgs' build argument 'cmake_target_skip_unavailable' from command line to 'False'
[0.686s] Level 5:colcon.colcon_core.verb:set package 'lslidar_msgs' build argument 'cmake_clean_cache' from command line to 'False'
[0.686s] Level 5:colcon.colcon_core.verb:set package 'lslidar_msgs' build argument 'cmake_clean_first' from command line to 'False'
[0.686s] Level 5:colcon.colcon_core.verb:set package 'lslidar_msgs' build argument 'cmake_force_configure' from command line to 'False'
[0.686s] Level 5:colcon.colcon_core.verb:set package 'lslidar_msgs' build argument 'ament_cmake_args' from command line to 'None'
[0.686s] Level 5:colcon.colcon_core.verb:set package 'lslidar_msgs' build argument 'catkin_cmake_args' from command line to 'None'
[0.686s] Level 5:colcon.colcon_core.verb:set package 'lslidar_msgs' build argument 'catkin_skip_building_tests' from command line to 'False'
[0.686s] DEBUG:colcon.colcon_core.verb:Building package 'lslidar_msgs' with the following arguments: {'ament_cmake_args': None, 'build_base': '/home/nvidia/roadRunner/2d_slam/build/lslidar_msgs', 'catkin_cmake_args': None, 'catkin_skip_building_tests': False, 'cmake_args': None, 'cmake_clean_cache': False, 'cmake_clean_first': False, 'cmake_force_configure': False, 'cmake_target': None, 'cmake_target_skip_unavailable': False, 'install_base': '/home/nvidia/roadRunner/2d_slam/install/lslidar_msgs', 'merge_install': False, 'path': '/home/nvidia/roadRunner/2d_slam/src/LSLIDAR_X_ROS2-20240228/src/lslidar_msgs', 'symlink_install': False, 'test_result_base': None}
[0.687s] Level 5:colcon.colcon_core.verb:set package 'lslidar_driver' build argument 'cmake_args' from command line to 'None'
[0.687s] Level 5:colcon.colcon_core.verb:set package 'lslidar_driver' build argument 'cmake_target' from command line to 'None'
[0.687s] Level 5:colcon.colcon_core.verb:set package 'lslidar_driver' build argument 'cmake_target_skip_unavailable' from command line to 'False'
[0.687s] Level 5:colcon.colcon_core.verb:set package 'lslidar_driver' build argument 'cmake_clean_cache' from command line to 'False'
[0.687s] Level 5:colcon.colcon_core.verb:set package 'lslidar_driver' build argument 'cmake_clean_first' from command line to 'False'
[0.687s] Level 5:colcon.colcon_core.verb:set package 'lslidar_driver' build argument 'cmake_force_configure' from command line to 'False'
[0.687s] Level 5:colcon.colcon_core.verb:set package 'lslidar_driver' build argument 'ament_cmake_args' from command line to 'None'
[0.687s] Level 5:colcon.colcon_core.verb:set package 'lslidar_driver' build argument 'catkin_cmake_args' from command line to 'None'
[0.687s] Level 5:colcon.colcon_core.verb:set package 'lslidar_driver' build argument 'catkin_skip_building_tests' from command line to 'False'
[0.687s] DEBUG:colcon.colcon_core.verb:Building package 'lslidar_driver' with the following arguments: {'ament_cmake_args': None, 'build_base': '/home/nvidia/roadRunner/2d_slam/build/lslidar_driver', 'catkin_cmake_args': None, 'catkin_skip_building_tests': False, 'cmake_args': None, 'cmake_clean_cache': False, 'cmake_clean_first': False, 'cmake_force_configure': False, 'cmake_target': None, 'cmake_target_skip_unavailable': False, 'install_base': '/home/nvidia/roadRunner/2d_slam/install/lslidar_driver', 'merge_install': False, 'path': '/home/nvidia/roadRunner/2d_slam/src/LSLIDAR_X_ROS2-20240228/src/lslidar_driver', 'symlink_install': False, 'test_result_base': None}
[0.688s] INFO:colcon.colcon_core.executor:Executing jobs using 'parallel' executor
[0.689s] DEBUG:colcon.colcon_parallel_executor.executor.parallel:run_until_complete
[0.690s] INFO:colcon.colcon_ros.task.ament_cmake.build:Building ROS package in '/home/nvidia/roadRunner/2d_slam/src/LSLIDAR_X_ROS2-20240228/src/lslidar_msgs' with build type 'ament_cmake'
[0.690s] INFO:colcon.colcon_cmake.task.cmake.build:Building CMake package in '/home/nvidia/roadRunner/2d_slam/src/LSLIDAR_X_ROS2-20240228/src/lslidar_msgs'
[0.693s] INFO:colcon.colcon_core.plugin_system:Skipping extension 'colcon_core.shell.bat': Not used on non-Windows systems
[0.694s] INFO:colcon.colcon_core.shell:Skip shell extension 'powershell' for command environment: Not usable outside of PowerShell
[0.694s] DEBUG:colcon.colcon_core.shell:Skip shell extension 'dsv' for command environment
[0.707s] DEBUG:colcon.colcon_core.event_handler.log_command:Invoking command in '/home/nvidia/roadRunner/2d_slam/build/lslidar_msgs': CMAKE_PREFIX_PATH=${CMAKE_PREFIX_PATH}:/home/nvidia/DDSM_ws/install/robot_nav:/home/nvidia/DDSM_ws/install/robot_control:/opt/ros/humble /usr/bin/cmake --build /home/nvidia/roadRunner/2d_slam/build/lslidar_msgs -- -j8 -l8
[3.488s] DEBUG:colcon.colcon_core.event_handler.log_command:Invoked command in '/home/nvidia/roadRunner/2d_slam/build/lslidar_msgs' returned '0': CMAKE_PREFIX_PATH=${CMAKE_PREFIX_PATH}:/home/nvidia/DDSM_ws/install/robot_nav:/home/nvidia/DDSM_ws/install/robot_control:/opt/ros/humble /usr/bin/cmake --build /home/nvidia/roadRunner/2d_slam/build/lslidar_msgs -- -j8 -l8
[3.505s] DEBUG:colcon.colcon_core.event_handler.log_command:Invoking command in '/home/nvidia/roadRunner/2d_slam/build/lslidar_msgs': CMAKE_PREFIX_PATH=${CMAKE_PREFIX_PATH}:/home/nvidia/DDSM_ws/install/robot_nav:/home/nvidia/DDSM_ws/install/robot_control:/opt/ros/humble /usr/bin/cmake --install /home/nvidia/roadRunner/2d_slam/build/lslidar_msgs
[3.600s] Level 1:colcon.colcon_core.environment:create_environment_scripts_only(lslidar_msgs)
[3.601s] DEBUG:colcon.colcon_core.event_handler.log_command:Invoked command in '/home/nvidia/roadRunner/2d_slam/build/lslidar_msgs' returned '0': CMAKE_PREFIX_PATH=${CMAKE_PREFIX_PATH}:/home/nvidia/DDSM_ws/install/robot_nav:/home/nvidia/DDSM_ws/install/robot_control:/opt/ros/humble /usr/bin/cmake --install /home/nvidia/roadRunner/2d_slam/build/lslidar_msgs
[3.605s] Level 1:colcon.colcon_core.environment:checking '/home/nvidia/roadRunner/2d_slam/install/lslidar_msgs' for CMake module files
[3.606s] Level 1:colcon.colcon_core.environment:checking '/home/nvidia/roadRunner/2d_slam/install/lslidar_msgs' for CMake config files
[3.607s] Level 1:colcon.colcon_core.shell:create_environment_hook('lslidar_msgs', 'cmake_prefix_path')
[3.607s] INFO:colcon.colcon_core.shell:Creating environment hook '/home/nvidia/roadRunner/2d_slam/install/lslidar_msgs/share/lslidar_msgs/hook/cmake_prefix_path.ps1'
[3.609s] INFO:colcon.colcon_core.shell:Creating environment descriptor '/home/nvidia/roadRunner/2d_slam/install/lslidar_msgs/share/lslidar_msgs/hook/cmake_prefix_path.dsv'
[3.609s] INFO:colcon.colcon_core.shell:Creating environment hook '/home/nvidia/roadRunner/2d_slam/install/lslidar_msgs/share/lslidar_msgs/hook/cmake_prefix_path.sh'
[3.611s] Level 1:colcon.colcon_core.environment:checking '/home/nvidia/roadRunner/2d_slam/install/lslidar_msgs/lib'
[3.611s] Level 1:colcon.colcon_core.shell:create_environment_hook('lslidar_msgs', 'ld_library_path_lib')
[3.612s] INFO:colcon.colcon_core.shell:Creating environment hook '/home/nvidia/roadRunner/2d_slam/install/lslidar_msgs/share/lslidar_msgs/hook/ld_library_path_lib.ps1'
[3.612s] INFO:colcon.colcon_core.shell:Creating environment descriptor '/home/nvidia/roadRunner/2d_slam/install/lslidar_msgs/share/lslidar_msgs/hook/ld_library_path_lib.dsv'
[3.613s] INFO:colcon.colcon_core.shell:Creating environment hook '/home/nvidia/roadRunner/2d_slam/install/lslidar_msgs/share/lslidar_msgs/hook/ld_library_path_lib.sh'
[3.614s] Level 1:colcon.colcon_core.environment:checking '/home/nvidia/roadRunner/2d_slam/install/lslidar_msgs/bin'
[3.614s] Level 1:colcon.colcon_core.environment:checking '/home/nvidia/roadRunner/2d_slam/install/lslidar_msgs/lib/pkgconfig/lslidar_msgs.pc'
[3.614s] Level 1:colcon.colcon_core.environment:checking '/home/nvidia/roadRunner/2d_slam/install/lslidar_msgs/lib/python3.10/site-packages'
[3.615s] Level 1:colcon.colcon_core.environment:checking '/home/nvidia/roadRunner/2d_slam/install/lslidar_msgs/bin'
[3.615s] INFO:colcon.colcon_core.shell:Creating package script '/home/nvidia/roadRunner/2d_slam/install/lslidar_msgs/share/lslidar_msgs/package.ps1'
[3.617s] INFO:colcon.colcon_core.shell:Creating package descriptor '/home/nvidia/roadRunner/2d_slam/install/lslidar_msgs/share/lslidar_msgs/package.dsv'
[3.618s] INFO:colcon.colcon_core.shell:Creating package script '/home/nvidia/roadRunner/2d_slam/install/lslidar_msgs/share/lslidar_msgs/package.sh'
[3.619s] INFO:colcon.colcon_core.shell:Creating package script '/home/nvidia/roadRunner/2d_slam/install/lslidar_msgs/share/lslidar_msgs/package.bash'
[3.620s] INFO:colcon.colcon_core.shell:Creating package script '/home/nvidia/roadRunner/2d_slam/install/lslidar_msgs/share/lslidar_msgs/package.zsh'
[3.622s] Level 1:colcon.colcon_core.environment:create_file_with_runtime_dependencies(/home/nvidia/roadRunner/2d_slam/install/lslidar_msgs/share/colcon-core/packages/lslidar_msgs)
[3.623s] Level 1:colcon.colcon_core.environment:create_environment_scripts_only(lslidar_msgs)
[3.623s] Level 1:colcon.colcon_core.environment:checking '/home/nvidia/roadRunner/2d_slam/install/lslidar_msgs' for CMake module files
[3.624s] Level 1:colcon.colcon_core.environment:checking '/home/nvidia/roadRunner/2d_slam/install/lslidar_msgs' for CMake config files
[3.625s] Level 1:colcon.colcon_core.shell:create_environment_hook('lslidar_msgs', 'cmake_prefix_path')
[3.625s] INFO:colcon.colcon_core.shell:Creating environment hook '/home/nvidia/roadRunner/2d_slam/install/lslidar_msgs/share/lslidar_msgs/hook/cmake_prefix_path.ps1'
[3.626s] INFO:colcon.colcon_core.shell:Creating environment descriptor '/home/nvidia/roadRunner/2d_slam/install/lslidar_msgs/share/lslidar_msgs/hook/cmake_prefix_path.dsv'
[3.626s] INFO:colcon.colcon_core.shell:Creating environment hook '/home/nvidia/roadRunner/2d_slam/install/lslidar_msgs/share/lslidar_msgs/hook/cmake_prefix_path.sh'
[3.627s] Level 1:colcon.colcon_core.environment:checking '/home/nvidia/roadRunner/2d_slam/install/lslidar_msgs/lib'
[3.627s] Level 1:colcon.colcon_core.shell:create_environment_hook('lslidar_msgs', 'ld_library_path_lib')
[3.628s] INFO:colcon.colcon_core.shell:Creating environment hook '/home/nvidia/roadRunner/2d_slam/install/lslidar_msgs/share/lslidar_msgs/hook/ld_library_path_lib.ps1'
[3.628s] INFO:colcon.colcon_core.shell:Creating environment descriptor '/home/nvidia/roadRunner/2d_slam/install/lslidar_msgs/share/lslidar_msgs/hook/ld_library_path_lib.dsv'
[3.629s] INFO:colcon.colcon_core.shell:Creating environment hook '/home/nvidia/roadRunner/2d_slam/install/lslidar_msgs/share/lslidar_msgs/hook/ld_library_path_lib.sh'
[3.630s] Level 1:colcon.colcon_core.environment:checking '/home/nvidia/roadRunner/2d_slam/install/lslidar_msgs/bin'
[3.630s] Level 1:colcon.colcon_core.environment:checking '/home/nvidia/roadRunner/2d_slam/install/lslidar_msgs/lib/pkgconfig/lslidar_msgs.pc'
[3.630s] Level 1:colcon.colcon_core.environment:checking '/home/nvidia/roadRunner/2d_slam/install/lslidar_msgs/lib/python3.10/site-packages'
[3.631s] Level 1:colcon.colcon_core.environment:checking '/home/nvidia/roadRunner/2d_slam/install/lslidar_msgs/bin'
[3.631s] INFO:colcon.colcon_core.shell:Creating package script '/home/nvidia/roadRunner/2d_slam/install/lslidar_msgs/share/lslidar_msgs/package.ps1'
[3.632s] INFO:colcon.colcon_core.shell:Creating package descriptor '/home/nvidia/roadRunner/2d_slam/install/lslidar_msgs/share/lslidar_msgs/package.dsv'
[3.633s] INFO:colcon.colcon_core.shell:Creating package script '/home/nvidia/roadRunner/2d_slam/install/lslidar_msgs/share/lslidar_msgs/package.sh'
[3.634s] INFO:colcon.colcon_core.shell:Creating package script '/home/nvidia/roadRunner/2d_slam/install/lslidar_msgs/share/lslidar_msgs/package.bash'
[3.634s] INFO:colcon.colcon_core.shell:Creating package script '/home/nvidia/roadRunner/2d_slam/install/lslidar_msgs/share/lslidar_msgs/package.zsh'
[3.635s] Level 1:colcon.colcon_core.environment:create_file_with_runtime_dependencies(/home/nvidia/roadRunner/2d_slam/install/lslidar_msgs/share/colcon-core/packages/lslidar_msgs)
[3.636s] INFO:colcon.colcon_ros.task.ament_cmake.build:Building ROS package in '/home/nvidia/roadRunner/2d_slam/src/LSLIDAR_X_ROS2-20240228/src/lslidar_driver' with build type 'ament_cmake'
[3.636s] INFO:colcon.colcon_cmake.task.cmake.build:Building CMake package in '/home/nvidia/roadRunner/2d_slam/src/LSLIDAR_X_ROS2-20240228/src/lslidar_driver'
[3.637s] INFO:colcon.colcon_core.shell:Skip shell extension 'powershell' for command environment: Not usable outside of PowerShell
[3.637s] DEBUG:colcon.colcon_core.shell:Skip shell extension 'dsv' for command environment
[3.656s] DEBUG:colcon.colcon_core.event_handler.log_command:Invoking command in '/home/nvidia/roadRunner/2d_slam/build/lslidar_driver': AMENT_PREFIX_PATH=/home/nvidia/2d_slam/install/lslidar_msgs:${AMENT_PREFIX_PATH} CMAKE_PREFIX_PATH=/home/nvidia/roadRunner/2d_slam/install/lslidar_msgs:/home/nvidia/roadRunner/2d_slam/install/lslidar_driver:/home/nvidia/roadRunner/2d_slam/install/fishbot_cartographer:/home/nvidia/DDSM_ws/install/camera_publisher:/home/nvidia/DDSM_ws/install/robot_nav:/home/nvidia/DDSM_ws/install/robot_control:/opt/ros/humble LD_LIBRARY_PATH=/home/nvidia/2d_slam/install/lslidar_msgs/lib:${LD_LIBRARY_PATH} PYTHONPATH=/home/nvidia/2d_slam/install/lslidar_msgs/local/lib/python3.10/dist-packages:${PYTHONPATH} /usr/bin/cmake --build /home/nvidia/roadRunner/2d_slam/build/lslidar_driver -- -j8 -l8
[6.658s] DEBUG:colcon.colcon_core.event_handler.log_command:Invoked command in '/home/nvidia/roadRunner/2d_slam/build/lslidar_driver' returned '0': AMENT_PREFIX_PATH=/home/nvidia/2d_slam/install/lslidar_msgs:${AMENT_PREFIX_PATH} CMAKE_PREFIX_PATH=/home/nvidia/roadRunner/2d_slam/install/lslidar_msgs:/home/nvidia/roadRunner/2d_slam/install/lslidar_driver:/home/nvidia/roadRunner/2d_slam/install/fishbot_cartographer:/home/nvidia/DDSM_ws/install/camera_publisher:/home/nvidia/DDSM_ws/install/robot_nav:/home/nvidia/DDSM_ws/install/robot_control:/opt/ros/humble LD_LIBRARY_PATH=/home/nvidia/2d_slam/install/lslidar_msgs/lib:${LD_LIBRARY_PATH} PYTHONPATH=/home/nvidia/2d_slam/install/lslidar_msgs/local/lib/python3.10/dist-packages:${PYTHONPATH} /usr/bin/cmake --build /home/nvidia/roadRunner/2d_slam/build/lslidar_driver -- -j8 -l8
[6.661s] DEBUG:colcon.colcon_core.event_handler.log_command:Invoking command in '/home/nvidia/roadRunner/2d_slam/build/lslidar_driver': AMENT_PREFIX_PATH=/home/nvidia/2d_slam/install/lslidar_msgs:${AMENT_PREFIX_PATH} CMAKE_PREFIX_PATH=/home/nvidia/roadRunner/2d_slam/install/lslidar_msgs:/home/nvidia/roadRunner/2d_slam/install/lslidar_driver:/home/nvidia/roadRunner/2d_slam/install/fishbot_cartographer:/home/nvidia/DDSM_ws/install/camera_publisher:/home/nvidia/DDSM_ws/install/robot_nav:/home/nvidia/DDSM_ws/install/robot_control:/opt/ros/humble LD_LIBRARY_PATH=/home/nvidia/2d_slam/install/lslidar_msgs/lib:${LD_LIBRARY_PATH} PYTHONPATH=/home/nvidia/2d_slam/install/lslidar_msgs/local/lib/python3.10/dist-packages:${PYTHONPATH} /usr/bin/cmake --install /home/nvidia/roadRunner/2d_slam/build/lslidar_driver
[6.678s] Level 1:colcon.colcon_core.environment:create_environment_scripts_only(lslidar_driver)
[6.678s] Level 1:colcon.colcon_core.environment:checking '/home/nvidia/roadRunner/2d_slam/install/lslidar_driver' for CMake module files
[6.680s] Level 1:colcon.colcon_core.environment:checking '/home/nvidia/roadRunner/2d_slam/install/lslidar_driver' for CMake config files
[6.682s] DEBUG:colcon.colcon_core.event_handler.log_command:Invoked command in '/home/nvidia/roadRunner/2d_slam/build/lslidar_driver' returned '0': AMENT_PREFIX_PATH=/home/nvidia/2d_slam/install/lslidar_msgs:${AMENT_PREFIX_PATH} CMAKE_PREFIX_PATH=/home/nvidia/roadRunner/2d_slam/install/lslidar_msgs:/home/nvidia/roadRunner/2d_slam/install/lslidar_driver:/home/nvidia/roadRunner/2d_slam/install/fishbot_cartographer:/home/nvidia/DDSM_ws/install/camera_publisher:/home/nvidia/DDSM_ws/install/robot_nav:/home/nvidia/DDSM_ws/install/robot_control:/opt/ros/humble LD_LIBRARY_PATH=/home/nvidia/2d_slam/install/lslidar_msgs/lib:${LD_LIBRARY_PATH} PYTHONPATH=/home/nvidia/2d_slam/install/lslidar_msgs/local/lib/python3.10/dist-packages:${PYTHONPATH} /usr/bin/cmake --install /home/nvidia/roadRunner/2d_slam/build/lslidar_driver
[6.682s] Level 1:colcon.colcon_core.shell:create_environment_hook('lslidar_driver', 'cmake_prefix_path')
[6.682s] INFO:colcon.colcon_core.shell:Creating environment hook '/home/nvidia/roadRunner/2d_slam/install/lslidar_driver/share/lslidar_driver/hook/cmake_prefix_path.ps1'
[6.683s] INFO:colcon.colcon_core.shell:Creating environment descriptor '/home/nvidia/roadRunner/2d_slam/install/lslidar_driver/share/lslidar_driver/hook/cmake_prefix_path.dsv'
[6.684s] INFO:colcon.colcon_core.shell:Creating environment hook '/home/nvidia/roadRunner/2d_slam/install/lslidar_driver/share/lslidar_driver/hook/cmake_prefix_path.sh'
[6.685s] Level 1:colcon.colcon_core.environment:checking '/home/nvidia/roadRunner/2d_slam/install/lslidar_driver/lib'
[6.685s] Level 1:colcon.colcon_core.environment:checking '/home/nvidia/roadRunner/2d_slam/install/lslidar_driver/bin'
[6.685s] Level 1:colcon.colcon_core.environment:checking '/home/nvidia/roadRunner/2d_slam/install/lslidar_driver/lib/pkgconfig/lslidar_driver.pc'
[6.685s] Level 1:colcon.colcon_core.environment:checking '/home/nvidia/roadRunner/2d_slam/install/lslidar_driver/lib/python3.10/site-packages'
[6.686s] Level 1:colcon.colcon_core.environment:checking '/home/nvidia/roadRunner/2d_slam/install/lslidar_driver/bin'
[6.686s] INFO:colcon.colcon_core.shell:Creating package script '/home/nvidia/roadRunner/2d_slam/install/lslidar_driver/share/lslidar_driver/package.ps1'
[6.687s] INFO:colcon.colcon_core.shell:Creating package descriptor '/home/nvidia/roadRunner/2d_slam/install/lslidar_driver/share/lslidar_driver/package.dsv'
[6.688s] INFO:colcon.colcon_core.shell:Creating package script '/home/nvidia/roadRunner/2d_slam/install/lslidar_driver/share/lslidar_driver/package.sh'
[6.688s] INFO:colcon.colcon_core.shell:Creating package script '/home/nvidia/roadRunner/2d_slam/install/lslidar_driver/share/lslidar_driver/package.bash'
[6.689s] INFO:colcon.colcon_core.shell:Creating package script '/home/nvidia/roadRunner/2d_slam/install/lslidar_driver/share/lslidar_driver/package.zsh'
[6.689s] Level 1:colcon.colcon_core.environment:create_file_with_runtime_dependencies(/home/nvidia/roadRunner/2d_slam/install/lslidar_driver/share/colcon-core/packages/lslidar_driver)
[6.690s] Level 1:colcon.colcon_core.environment:create_environment_scripts_only(lslidar_driver)
[6.691s] Level 1:colcon.colcon_core.environment:checking '/home/nvidia/roadRunner/2d_slam/install/lslidar_driver' for CMake module files
[6.692s] Level 1:colcon.colcon_core.environment:checking '/home/nvidia/roadRunner/2d_slam/install/lslidar_driver' for CMake config files
[6.692s] Level 1:colcon.colcon_core.shell:create_environment_hook('lslidar_driver', 'cmake_prefix_path')
[6.692s] INFO:colcon.colcon_core.shell:Creating environment hook '/home/nvidia/roadRunner/2d_slam/install/lslidar_driver/share/lslidar_driver/hook/cmake_prefix_path.ps1'
[6.693s] INFO:colcon.colcon_core.shell:Creating environment descriptor '/home/nvidia/roadRunner/2d_slam/install/lslidar_driver/share/lslidar_driver/hook/cmake_prefix_path.dsv'
[6.694s] INFO:colcon.colcon_core.shell:Creating environment hook '/home/nvidia/roadRunner/2d_slam/install/lslidar_driver/share/lslidar_driver/hook/cmake_prefix_path.sh'
[6.694s] Level 1:colcon.colcon_core.environment:checking '/home/nvidia/roadRunner/2d_slam/install/lslidar_driver/lib'
[6.695s] Level 1:colcon.colcon_core.environment:checking '/home/nvidia/roadRunner/2d_slam/install/lslidar_driver/bin'
[6.695s] Level 1:colcon.colcon_core.environment:checking '/home/nvidia/roadRunner/2d_slam/install/lslidar_driver/lib/pkgconfig/lslidar_driver.pc'
[6.695s] Level 1:colcon.colcon_core.environment:checking '/home/nvidia/roadRunner/2d_slam/install/lslidar_driver/lib/python3.10/site-packages'
[6.695s] Level 1:colcon.colcon_core.environment:checking '/home/nvidia/roadRunner/2d_slam/install/lslidar_driver/bin'
[6.696s] INFO:colcon.colcon_core.shell:Creating package script '/home/nvidia/roadRunner/2d_slam/install/lslidar_driver/share/lslidar_driver/package.ps1'
[6.697s] INFO:colcon.colcon_core.shell:Creating package descriptor '/home/nvidia/roadRunner/2d_slam/install/lslidar_driver/share/lslidar_driver/package.dsv'
[6.698s] INFO:colcon.colcon_core.shell:Creating package script '/home/nvidia/roadRunner/2d_slam/install/lslidar_driver/share/lslidar_driver/package.sh'
[6.698s] INFO:colcon.colcon_core.shell:Creating package script '/home/nvidia/roadRunner/2d_slam/install/lslidar_driver/share/lslidar_driver/package.bash'
[6.699s] INFO:colcon.colcon_core.shell:Creating package script '/home/nvidia/roadRunner/2d_slam/install/lslidar_driver/share/lslidar_driver/package.zsh'
[6.700s] Level 1:colcon.colcon_core.environment:create_file_with_runtime_dependencies(/home/nvidia/roadRunner/2d_slam/install/lslidar_driver/share/colcon-core/packages/lslidar_driver)
[6.700s] DEBUG:colcon.colcon_parallel_executor.executor.parallel:closing loop
[6.700s] DEBUG:colcon.colcon_parallel_executor.executor.parallel:loop closed
[6.701s] DEBUG:colcon.colcon_parallel_executor.executor.parallel:run_until_complete finished with '0'
[6.701s] DEBUG:colcon.colcon_core.event_reactor:joining thread
[6.710s] INFO:colcon.colcon_core.plugin_system:Skipping extension 'colcon_notification.desktop_notification.terminal_notifier': Not used on non-Darwin systems
[6.711s] INFO:colcon.colcon_core.plugin_system:Skipping extension 'colcon_notification.desktop_notification.win32': Not used on non-Windows systems
[6.711s] INFO:colcon.colcon_notification.desktop_notification:Sending desktop notification using 'notify2'
[6.731s] DEBUG:colcon.colcon_core.event_reactor:joined thread
[6.732s] INFO:colcon.colcon_core.shell:Creating prefix script '/home/nvidia/roadRunner/2d_slam/install/local_setup.ps1'
[6.734s] INFO:colcon.colcon_core.shell:Creating prefix util module '/home/nvidia/roadRunner/2d_slam/install/_local_setup_util_ps1.py'
[6.736s] INFO:colcon.colcon_core.shell:Creating prefix chain script '/home/nvidia/roadRunner/2d_slam/install/setup.ps1'
[6.738s] INFO:colcon.colcon_core.shell:Creating prefix script '/home/nvidia/roadRunner/2d_slam/install/local_setup.sh'
[6.739s] INFO:colcon.colcon_core.shell:Creating prefix util module '/home/nvidia/roadRunner/2d_slam/install/_local_setup_util_sh.py'
[6.741s] INFO:colcon.colcon_core.shell:Creating prefix chain script '/home/nvidia/roadRunner/2d_slam/install/setup.sh'
[6.743s] INFO:colcon.colcon_core.shell:Creating prefix script '/home/nvidia/roadRunner/2d_slam/install/local_setup.bash'
[6.746s] INFO:colcon.colcon_core.shell:Creating prefix chain script '/home/nvidia/roadRunner/2d_slam/install/setup.bash'
[6.748s] INFO:colcon.colcon_core.shell:Creating prefix script '/home/nvidia/roadRunner/2d_slam/install/local_setup.zsh'
[6.749s] INFO:colcon.colcon_core.shell:Creating prefix chain script '/home/nvidia/roadRunner/2d_slam/install/setup.zsh'
