[1.217s] Invoking command in '/home/nvidia/ros2_ws/src/robot_nav': PYTHONPATH=/home/nvidia/ros2_ws/build/robot_nav/prefix_override:/usr/lib/python3/dist-packages/colcon_core/task/python/colcon_distutils_commands:/home/nvidia/ros2_ws/install/robot_nav/lib/python3.10/site-packages:${PYTHONPATH} /usr/bin/python3 -W ignore:setup.py install is deprecated -W ignore:easy_install command is deprecated setup.py egg_info --egg-base ../../build/robot_nav build --build-base /home/nvidia/ros2_ws/build/robot_nav/build install --record /home/nvidia/ros2_ws/build/robot_nav/install.log --single-version-externally-managed install_data
[1.672s] running egg_info
[1.673s] writing ../../build/robot_nav/robot_nav.egg-info/PKG-INFO
[1.674s] writing dependency_links to ../../build/robot_nav/robot_nav.egg-info/dependency_links.txt
[1.675s] writing entry points to ../../build/robot_nav/robot_nav.egg-info/entry_points.txt
[1.675s] writing requirements to ../../build/robot_nav/robot_nav.egg-info/requires.txt
[1.676s] writing top-level names to ../../build/robot_nav/robot_nav.egg-info/top_level.txt
[1.680s] reading manifest file '../../build/robot_nav/robot_nav.egg-info/SOURCES.txt'
[1.684s] writing manifest file '../../build/robot_nav/robot_nav.egg-info/SOURCES.txt'
[1.685s] running build
[1.686s] running build_py
[1.686s] running install
[1.687s] running install_lib
[1.689s] running install_data
[1.690s] copying config/nav2_params.yaml -> /home/nvidia/ros2_ws/install/robot_nav/share/robot_nav/config
[1.690s] running install_egg_info
[1.695s] removing '/home/nvidia/ros2_ws/install/robot_nav/lib/python3.10/site-packages/robot_nav-0.0.1-py3.10.egg-info' (and everything under it)
[1.698s] Copying ../../build/robot_nav/robot_nav.egg-info to /home/nvidia/ros2_ws/install/robot_nav/lib/python3.10/site-packages/robot_nav-0.0.1-py3.10.egg-info
[1.698s] running install_scripts
[1.738s] Installing cmd_vel_mux script to /home/nvidia/ros2_ws/install/robot_nav/lib/robot_nav
[1.738s] Installing map_converter script to /home/nvidia/ros2_ws/install/robot_nav/lib/robot_nav
[1.738s] Installing odom_converter script to /home/nvidia/ros2_ws/install/robot_nav/lib/robot_nav
[1.739s] Installing odom_to_tf script to /home/nvidia/ros2_ws/install/robot_nav/lib/robot_nav
[1.740s] writing list of installed files to '/home/nvidia/ros2_ws/build/robot_nav/install.log'
[1.824s] Invoked command in '/home/nvidia/ros2_ws/src/robot_nav' returned '0': PYTHONPATH=/home/nvidia/ros2_ws/build/robot_nav/prefix_override:/usr/lib/python3/dist-packages/colcon_core/task/python/colcon_distutils_commands:/home/nvidia/ros2_ws/install/robot_nav/lib/python3.10/site-packages:${PYTHONPATH} /usr/bin/python3 -W ignore:setup.py install is deprecated -W ignore:easy_install command is deprecated setup.py egg_info --egg-base ../../build/robot_nav build --build-base /home/nvidia/ros2_ws/build/robot_nav/build install --record /home/nvidia/ros2_ws/build/robot_nav/install.log --single-version-externally-managed install_data
