[0.019s] Invoking command in '/home/nvidia/2d_slam/build/fishbot_cartographer': CMAKE_PREFIX_PATH=${CMAKE_PREFIX_PATH}:/opt/ros/humble /usr/bin/cmake /home/nvidia/2d_slam/src/fishbot_cartographer -DCMAKE_INSTALL_PREFIX=/home/nvidia/2d_slam/install/fishbot_cartographer
[0.123s] -- The C compiler identification is GNU 11.4.0
[0.238s] -- The CXX compiler identification is GNU 11.4.0
[0.259s] -- Detecting C compiler ABI info
[0.413s] -- Detecting C compiler ABI info - done
[0.436s] -- Check for working C compiler: /usr/bin/cc - skipped
[0.436s] -- Detecting C compile features
[0.437s] -- Detecting C compile features - done
[0.448s] -- Detecting CXX compiler ABI info
[0.614s] -- Detecting CXX compiler ABI info - done
[0.639s] -- Check for working CXX compiler: /usr/bin/c++ - skipped
[0.640s] -- Detecting CXX compile features
[0.640s] -- Detecting CXX compile features - done
[0.647s] -- Found ament_cmake: 1.3.11 (/opt/ros/humble/share/ament_cmake/cmake)
[0.969s] -- Found Python3: /usr/bin/python3 (found version "3.10.12") found components: Interpreter 
[1.176s] -- Found ament_lint_auto: 0.12.11 (/opt/ros/humble/share/ament_lint_auto/cmake)
[1.375s] -- Added test 'cppcheck' to perform static code analysis on C / C++ code
[1.376s] -- Configured cppcheck include dirs: 
[1.376s] -- Configured cppcheck exclude dirs and/or files: 
[1.379s] -- Added test 'flake8' to check Python code syntax and style conventions
[1.384s] -- Added test 'lint_cmake' to check CMake code style
[1.388s] -- Added test 'pep257' to check Python code against some of the docstring style conventions in PEP 257
[1.406s] -- Added test 'uncrustify' to check C / C++ code style
[1.407s] -- Configured uncrustify additional arguments: 
[1.409s] -- Added test 'xmllint' to check XML markup files
[1.412s] -- Configuring done
[1.418s] -- Generating done
[1.421s] -- Build files have been written to: /home/nvidia/2d_slam/build/fishbot_cartographer
[1.430s] Invoked command in '/home/nvidia/2d_slam/build/fishbot_cartographer' returned '0': CMAKE_PREFIX_PATH=${CMAKE_PREFIX_PATH}:/opt/ros/humble /usr/bin/cmake /home/nvidia/2d_slam/src/fishbot_cartographer -DCMAKE_INSTALL_PREFIX=/home/nvidia/2d_slam/install/fishbot_cartographer
[1.434s] Invoking command in '/home/nvidia/2d_slam/build/fishbot_cartographer': CMAKE_PREFIX_PATH=${CMAKE_PREFIX_PATH}:/opt/ros/humble /usr/bin/cmake --build /home/nvidia/2d_slam/build/fishbot_cartographer -- -j8 -l8
[1.517s] Invoked command in '/home/nvidia/2d_slam/build/fishbot_cartographer' returned '0': CMAKE_PREFIX_PATH=${CMAKE_PREFIX_PATH}:/opt/ros/humble /usr/bin/cmake --build /home/nvidia/2d_slam/build/fishbot_cartographer -- -j8 -l8
[1.538s] Invoking command in '/home/nvidia/2d_slam/build/fishbot_cartographer': CMAKE_PREFIX_PATH=${CMAKE_PREFIX_PATH}:/opt/ros/humble /usr/bin/cmake --install /home/nvidia/2d_slam/build/fishbot_cartographer
[1.562s] -- Install configuration: ""
[1.562s] -- Installing: /home/nvidia/2d_slam/install/fishbot_cartographer/share/fishbot_cartographer/config
[1.562s] -- Installing: /home/nvidia/2d_slam/install/fishbot_cartographer/share/fishbot_cartographer/config/fishbot_2d.lua
[1.563s] -- Installing: /home/nvidia/2d_slam/install/fishbot_cartographer/share/fishbot_cartographer/launch
[1.563s] -- Installing: /home/nvidia/2d_slam/install/fishbot_cartographer/share/fishbot_cartographer/launch/cartographer.launch.py
[1.563s] -- Installing: /home/nvidia/2d_slam/install/fishbot_cartographer/share/fishbot_cartographer/rviz
[1.563s] -- Installing: /home/nvidia/2d_slam/install/fishbot_cartographer/share/ament_index/resource_index/package_run_dependencies/fishbot_cartographer
[1.564s] -- Installing: /home/nvidia/2d_slam/install/fishbot_cartographer/share/ament_index/resource_index/parent_prefix_path/fishbot_cartographer
[1.564s] -- Installing: /home/nvidia/2d_slam/install/fishbot_cartographer/share/fishbot_cartographer/environment/ament_prefix_path.sh
[1.564s] -- Installing: /home/nvidia/2d_slam/install/fishbot_cartographer/share/fishbot_cartographer/environment/ament_prefix_path.dsv
[1.564s] -- Installing: /home/nvidia/2d_slam/install/fishbot_cartographer/share/fishbot_cartographer/environment/path.sh
[1.564s] -- Installing: /home/nvidia/2d_slam/install/fishbot_cartographer/share/fishbot_cartographer/environment/path.dsv
[1.565s] -- Installing: /home/nvidia/2d_slam/install/fishbot_cartographer/share/fishbot_cartographer/local_setup.bash
[1.565s] -- Installing: /home/nvidia/2d_slam/install/fishbot_cartographer/share/fishbot_cartographer/local_setup.sh
[1.565s] -- Installing: /home/nvidia/2d_slam/install/fishbot_cartographer/share/fishbot_cartographer/local_setup.zsh
[1.565s] -- Installing: /home/nvidia/2d_slam/install/fishbot_cartographer/share/fishbot_cartographer/local_setup.dsv
[1.566s] -- Installing: /home/nvidia/2d_slam/install/fishbot_cartographer/share/fishbot_cartographer/package.dsv
[1.566s] -- Installing: /home/nvidia/2d_slam/install/fishbot_cartographer/share/ament_index/resource_index/packages/fishbot_cartographer
[1.566s] -- Installing: /home/nvidia/2d_slam/install/fishbot_cartographer/share/fishbot_cartographer/cmake/fishbot_cartographerConfig.cmake
[1.567s] -- Installing: /home/nvidia/2d_slam/install/fishbot_cartographer/share/fishbot_cartographer/cmake/fishbot_cartographerConfig-version.cmake
[1.567s] -- Installing: /home/nvidia/2d_slam/install/fishbot_cartographer/share/fishbot_cartographer/package.xml
[1.572s] Invoked command in '/home/nvidia/2d_slam/build/fishbot_cartographer' returned '0': CMAKE_PREFIX_PATH=${CMAKE_PREFIX_PATH}:/opt/ros/humble /usr/bin/cmake --install /home/nvidia/2d_slam/build/fishbot_cartographer
