[0.019s] Invoking command in '/home/nvidia/2d_slam/build/lslidar_msgs': CMAKE_PREFIX_PATH=${CMAKE_PREFIX_PATH}:/home/nvidia/DDSM_ws/install/robot_nav:/home/nvidia/DDSM_ws/install/robot_control:/opt/ros/humble /usr/bin/cmake --build /home/nvidia/2d_slam/build/lslidar_msgs -- -j8 -l8
[0.113s] [  1%] Built target lslidar_msgs__cpp
[0.117s] [ 12%] Built target lslidar_msgs__rosidl_generator_c
[0.131s] [ 12%] Built target ament_cmake_python_copy_lslidar_msgs
[0.153s] [ 36%] Built target lslidar_msgs__rosidl_typesupport_introspection_cpp
[0.153s] [ 46%] Built target lslidar_msgs__rosidl_typesupport_fastrtps_cpp
[0.153s] [ 36%] Built target lslidar_msgs__rosidl_typesupport_cpp
[0.157s] [ 69%] Built target lslidar_msgs__rosidl_typesupport_c
[0.157s] [ 76%] Built target lslidar_msgs__rosidl_typesupport_fastrtps_c
[0.157s] [ 79%] Built target lslidar_msgs__rosidl_typesupport_introspection_c
[0.198s] [ 79%] Built target lslidar_msgs
[0.238s] [ 80%] Built target lslidar_msgs__py
[0.279s] [ 90%] Built target lslidar_msgs__rosidl_generator_py
[0.316s] [ 98%] Built target lslidar_msgs__rosidl_typesupport_fastrtps_c__pyext
[0.316s] [100%] Built target lslidar_msgs__rosidl_typesupport_c__pyext
[0.317s] [100%] Built target lslidar_msgs__rosidl_typesupport_introspection_c__pyext
[0.566s] running egg_info
[0.569s] writing lslidar_msgs.egg-info/PKG-INFO
[0.569s] writing dependency_links to lslidar_msgs.egg-info/dependency_links.txt
[0.569s] writing top-level names to lslidar_msgs.egg-info/top_level.txt
[0.573s] reading manifest file 'lslidar_msgs.egg-info/SOURCES.txt'
[0.574s] writing manifest file 'lslidar_msgs.egg-info/SOURCES.txt'
[0.639s] [100%] Built target ament_cmake_python_build_lslidar_msgs_egg
[0.665s] Invoked command in '/home/nvidia/2d_slam/build/lslidar_msgs' returned '0': CMAKE_PREFIX_PATH=${CMAKE_PREFIX_PATH}:/home/nvidia/DDSM_ws/install/robot_nav:/home/nvidia/DDSM_ws/install/robot_control:/opt/ros/humble /usr/bin/cmake --build /home/nvidia/2d_slam/build/lslidar_msgs -- -j8 -l8
[0.687s] Invoking command in '/home/nvidia/2d_slam/build/lslidar_msgs': CMAKE_PREFIX_PATH=${CMAKE_PREFIX_PATH}:/home/nvidia/DDSM_ws/install/robot_nav:/home/nvidia/DDSM_ws/install/robot_control:/opt/ros/humble /usr/bin/cmake --install /home/nvidia/2d_slam/build/lslidar_msgs
[0.701s] -- Install configuration: ""
[0.702s] -- Up-to-date: /home/nvidia/2d_slam/install/lslidar_msgs/share/ament_index/resource_index/rosidl_interfaces/lslidar_msgs
[0.702s] -- Up-to-date: /home/nvidia/2d_slam/install/lslidar_msgs/include/lslidar_msgs/lslidar_msgs
[0.702s] -- Up-to-date: /home/nvidia/2d_slam/install/lslidar_msgs/include/lslidar_msgs/lslidar_msgs/msg
[0.702s] -- Up-to-date: /home/nvidia/2d_slam/install/lslidar_msgs/include/lslidar_msgs/lslidar_msgs/msg/lslidar_sweep.h
[0.703s] -- Up-to-date: /home/nvidia/2d_slam/install/lslidar_msgs/include/lslidar_msgs/lslidar_msgs/msg/rosidl_generator_c__visibility_control.h
[0.703s] -- Up-to-date: /home/nvidia/2d_slam/install/lslidar_msgs/include/lslidar_msgs/lslidar_msgs/msg/detail
[0.703s] -- Up-to-date: /home/nvidia/2d_slam/install/lslidar_msgs/include/lslidar_msgs/lslidar_msgs/msg/detail/lslidar_packet__struct.h
[0.703s] -- Up-to-date: /home/nvidia/2d_slam/install/lslidar_msgs/include/lslidar_msgs/lslidar_msgs/msg/detail/lslidar_scan__type_support.h
[0.703s] -- Up-to-date: /home/nvidia/2d_slam/install/lslidar_msgs/include/lslidar_msgs/lslidar_msgs/msg/detail/lslidar_scan__functions.h
[0.703s] -- Up-to-date: /home/nvidia/2d_slam/install/lslidar_msgs/include/lslidar_msgs/lslidar_msgs/msg/detail/lslidar_scan__struct.h
[0.704s] -- Up-to-date: /home/nvidia/2d_slam/install/lslidar_msgs/include/lslidar_msgs/lslidar_msgs/msg/detail/lslidar_packet__type_support.h
[0.704s] -- Up-to-date: /home/nvidia/2d_slam/install/lslidar_msgs/include/lslidar_msgs/lslidar_msgs/msg/detail/lslidar_point__functions.c
[0.704s] -- Up-to-date: /home/nvidia/2d_slam/install/lslidar_msgs/include/lslidar_msgs/lslidar_msgs/msg/detail/lslidar_difop__functions.h
[0.704s] -- Up-to-date: /home/nvidia/2d_slam/install/lslidar_msgs/include/lslidar_msgs/lslidar_msgs/msg/detail/lslidar_point__functions.h
[0.704s] -- Up-to-date: /home/nvidia/2d_slam/install/lslidar_msgs/include/lslidar_msgs/lslidar_msgs/msg/detail/lslidar_sweep__type_support.h
[0.704s] -- Up-to-date: /home/nvidia/2d_slam/install/lslidar_msgs/include/lslidar_msgs/lslidar_msgs/msg/detail/lslidar_sweep__struct.h
[0.705s] -- Up-to-date: /home/nvidia/2d_slam/install/lslidar_msgs/include/lslidar_msgs/lslidar_msgs/msg/detail/lslidar_sweep__functions.h
[0.705s] -- Up-to-date: /home/nvidia/2d_slam/install/lslidar_msgs/include/lslidar_msgs/lslidar_msgs/msg/detail/lslidar_point__struct.h
[0.705s] -- Up-to-date: /home/nvidia/2d_slam/install/lslidar_msgs/include/lslidar_msgs/lslidar_msgs/msg/detail/lslidar_point__type_support.h
[0.705s] -- Up-to-date: /home/nvidia/2d_slam/install/lslidar_msgs/include/lslidar_msgs/lslidar_msgs/msg/detail/lslidar_scan__functions.c
[0.705s] -- Up-to-date: /home/nvidia/2d_slam/install/lslidar_msgs/include/lslidar_msgs/lslidar_msgs/msg/detail/lslidar_packet__functions.h
[0.705s] -- Up-to-date: /home/nvidia/2d_slam/install/lslidar_msgs/include/lslidar_msgs/lslidar_msgs/msg/detail/lslidar_difop__struct.h
[0.706s] -- Up-to-date: /home/nvidia/2d_slam/install/lslidar_msgs/include/lslidar_msgs/lslidar_msgs/msg/detail/lslidar_difop__functions.c
[0.706s] -- Up-to-date: /home/nvidia/2d_slam/install/lslidar_msgs/include/lslidar_msgs/lslidar_msgs/msg/detail/lslidar_sweep__functions.c
[0.706s] -- Up-to-date: /home/nvidia/2d_slam/install/lslidar_msgs/include/lslidar_msgs/lslidar_msgs/msg/detail/lslidar_packet__functions.c
[0.706s] -- Up-to-date: /home/nvidia/2d_slam/install/lslidar_msgs/include/lslidar_msgs/lslidar_msgs/msg/detail/lslidar_difop__type_support.h
[0.707s] -- Up-to-date: /home/nvidia/2d_slam/install/lslidar_msgs/include/lslidar_msgs/lslidar_msgs/msg/lslidar_scan.h
[0.707s] -- Up-to-date: /home/nvidia/2d_slam/install/lslidar_msgs/include/lslidar_msgs/lslidar_msgs/msg/lslidar_packet.h
[0.707s] -- Up-to-date: /home/nvidia/2d_slam/install/lslidar_msgs/include/lslidar_msgs/lslidar_msgs/msg/lslidar_point.h
[0.707s] -- Up-to-date: /home/nvidia/2d_slam/install/lslidar_msgs/include/lslidar_msgs/lslidar_msgs/msg/lslidar_difop.h
[0.707s] -- Up-to-date: /home/nvidia/2d_slam/install/lslidar_msgs/share/lslidar_msgs/environment/library_path.sh
[0.708s] -- Up-to-date: /home/nvidia/2d_slam/install/lslidar_msgs/share/lslidar_msgs/environment/library_path.dsv
[0.708s] -- Up-to-date: /home/nvidia/2d_slam/install/lslidar_msgs/lib/liblslidar_msgs__rosidl_generator_c.so
[0.708s] -- Up-to-date: /home/nvidia/2d_slam/install/lslidar_msgs/include/lslidar_msgs/lslidar_msgs
[0.708s] -- Up-to-date: /home/nvidia/2d_slam/install/lslidar_msgs/include/lslidar_msgs/lslidar_msgs/msg
[0.708s] -- Up-to-date: /home/nvidia/2d_slam/install/lslidar_msgs/include/lslidar_msgs/lslidar_msgs/msg/detail
[0.708s] -- Up-to-date: /home/nvidia/2d_slam/install/lslidar_msgs/include/lslidar_msgs/lslidar_msgs/msg/detail/lslidar_scan__rosidl_typesupport_fastrtps_c.h
[0.708s] -- Up-to-date: /home/nvidia/2d_slam/install/lslidar_msgs/include/lslidar_msgs/lslidar_msgs/msg/detail/lslidar_point__rosidl_typesupport_fastrtps_c.h
[0.709s] -- Up-to-date: /home/nvidia/2d_slam/install/lslidar_msgs/include/lslidar_msgs/lslidar_msgs/msg/detail/lslidar_packet__rosidl_typesupport_fastrtps_c.h
[0.709s] -- Up-to-date: /home/nvidia/2d_slam/install/lslidar_msgs/include/lslidar_msgs/lslidar_msgs/msg/detail/lslidar_sweep__rosidl_typesupport_fastrtps_c.h
[0.709s] -- Up-to-date: /home/nvidia/2d_slam/install/lslidar_msgs/include/lslidar_msgs/lslidar_msgs/msg/detail/lslidar_difop__rosidl_typesupport_fastrtps_c.h
[0.709s] -- Up-to-date: /home/nvidia/2d_slam/install/lslidar_msgs/include/lslidar_msgs/lslidar_msgs/msg/rosidl_typesupport_fastrtps_c__visibility_control.h
[0.709s] -- Up-to-date: /home/nvidia/2d_slam/install/lslidar_msgs/lib/liblslidar_msgs__rosidl_typesupport_fastrtps_c.so
[0.709s] -- Up-to-date: /home/nvidia/2d_slam/install/lslidar_msgs/include/lslidar_msgs/lslidar_msgs
[0.710s] -- Up-to-date: /home/nvidia/2d_slam/install/lslidar_msgs/include/lslidar_msgs/lslidar_msgs/msg
[0.710s] -- Up-to-date: /home/nvidia/2d_slam/install/lslidar_msgs/include/lslidar_msgs/lslidar_msgs/msg/lslidar_point.hpp
[0.710s] -- Up-to-date: /home/nvidia/2d_slam/install/lslidar_msgs/include/lslidar_msgs/lslidar_msgs/msg/lslidar_packet.hpp
[0.710s] -- Up-to-date: /home/nvidia/2d_slam/install/lslidar_msgs/include/lslidar_msgs/lslidar_msgs/msg/detail
[0.710s] -- Up-to-date: /home/nvidia/2d_slam/install/lslidar_msgs/include/lslidar_msgs/lslidar_msgs/msg/detail/lslidar_point__type_support.hpp
[0.710s] -- Up-to-date: /home/nvidia/2d_slam/install/lslidar_msgs/include/lslidar_msgs/lslidar_msgs/msg/detail/lslidar_sweep__struct.hpp
[0.710s] -- Up-to-date: /home/nvidia/2d_slam/install/lslidar_msgs/include/lslidar_msgs/lslidar_msgs/msg/detail/lslidar_packet__builder.hpp
[0.710s] -- Up-to-date: /home/nvidia/2d_slam/install/lslidar_msgs/include/lslidar_msgs/lslidar_msgs/msg/detail/lslidar_scan__struct.hpp
[0.711s] -- Up-to-date: /home/nvidia/2d_slam/install/lslidar_msgs/include/lslidar_msgs/lslidar_msgs/msg/detail/lslidar_point__builder.hpp
[0.711s] -- Up-to-date: /home/nvidia/2d_slam/install/lslidar_msgs/include/lslidar_msgs/lslidar_msgs/msg/detail/lslidar_scan__traits.hpp
[0.711s] -- Up-to-date: /home/nvidia/2d_slam/install/lslidar_msgs/include/lslidar_msgs/lslidar_msgs/msg/detail/lslidar_sweep__traits.hpp
[0.711s] -- Up-to-date: /home/nvidia/2d_slam/install/lslidar_msgs/include/lslidar_msgs/lslidar_msgs/msg/detail/lslidar_scan__builder.hpp
[0.711s] -- Up-to-date: /home/nvidia/2d_slam/install/lslidar_msgs/include/lslidar_msgs/lslidar_msgs/msg/detail/lslidar_difop__type_support.hpp
[0.711s] -- Up-to-date: /home/nvidia/2d_slam/install/lslidar_msgs/include/lslidar_msgs/lslidar_msgs/msg/detail/lslidar_packet__type_support.hpp
[0.711s] -- Up-to-date: /home/nvidia/2d_slam/install/lslidar_msgs/include/lslidar_msgs/lslidar_msgs/msg/detail/lslidar_sweep__type_support.hpp
[0.712s] -- Up-to-date: /home/nvidia/2d_slam/install/lslidar_msgs/include/lslidar_msgs/lslidar_msgs/msg/detail/lslidar_packet__struct.hpp
[0.712s] -- Up-to-date: /home/nvidia/2d_slam/install/lslidar_msgs/include/lslidar_msgs/lslidar_msgs/msg/detail/lslidar_difop__traits.hpp
[0.712s] -- Up-to-date: /home/nvidia/2d_slam/install/lslidar_msgs/include/lslidar_msgs/lslidar_msgs/msg/detail/lslidar_point__struct.hpp
[0.712s] -- Up-to-date: /home/nvidia/2d_slam/install/lslidar_msgs/include/lslidar_msgs/lslidar_msgs/msg/detail/lslidar_difop__builder.hpp
[0.712s] -- Up-to-date: /home/nvidia/2d_slam/install/lslidar_msgs/include/lslidar_msgs/lslidar_msgs/msg/detail/lslidar_sweep__builder.hpp
[0.712s] -- Up-to-date: /home/nvidia/2d_slam/install/lslidar_msgs/include/lslidar_msgs/lslidar_msgs/msg/detail/lslidar_difop__struct.hpp
[0.713s] -- Up-to-date: /home/nvidia/2d_slam/install/lslidar_msgs/include/lslidar_msgs/lslidar_msgs/msg/detail/lslidar_scan__type_support.hpp
[0.713s] -- Up-to-date: /home/nvidia/2d_slam/install/lslidar_msgs/include/lslidar_msgs/lslidar_msgs/msg/detail/lslidar_packet__traits.hpp
[0.713s] -- Up-to-date: /home/nvidia/2d_slam/install/lslidar_msgs/include/lslidar_msgs/lslidar_msgs/msg/detail/lslidar_point__traits.hpp
[0.713s] -- Up-to-date: /home/nvidia/2d_slam/install/lslidar_msgs/include/lslidar_msgs/lslidar_msgs/msg/lslidar_sweep.hpp
[0.713s] -- Up-to-date: /home/nvidia/2d_slam/install/lslidar_msgs/include/lslidar_msgs/lslidar_msgs/msg/rosidl_generator_cpp__visibility_control.hpp
[0.713s] -- Up-to-date: /home/nvidia/2d_slam/install/lslidar_msgs/include/lslidar_msgs/lslidar_msgs/msg/lslidar_scan.hpp
[0.713s] -- Up-to-date: /home/nvidia/2d_slam/install/lslidar_msgs/include/lslidar_msgs/lslidar_msgs/msg/lslidar_difop.hpp
[0.713s] -- Up-to-date: /home/nvidia/2d_slam/install/lslidar_msgs/include/lslidar_msgs/lslidar_msgs
[0.714s] -- Up-to-date: /home/nvidia/2d_slam/install/lslidar_msgs/include/lslidar_msgs/lslidar_msgs/msg
[0.714s] -- Up-to-date: /home/nvidia/2d_slam/install/lslidar_msgs/include/lslidar_msgs/lslidar_msgs/msg/detail
[0.714s] -- Up-to-date: /home/nvidia/2d_slam/install/lslidar_msgs/include/lslidar_msgs/lslidar_msgs/msg/detail/lslidar_packet__rosidl_typesupport_fastrtps_cpp.hpp
[0.714s] -- Up-to-date: /home/nvidia/2d_slam/install/lslidar_msgs/include/lslidar_msgs/lslidar_msgs/msg/detail/lslidar_difop__rosidl_typesupport_fastrtps_cpp.hpp
[0.714s] -- Up-to-date: /home/nvidia/2d_slam/install/lslidar_msgs/include/lslidar_msgs/lslidar_msgs/msg/detail/lslidar_sweep__rosidl_typesupport_fastrtps_cpp.hpp
[0.714s] -- Up-to-date: /home/nvidia/2d_slam/install/lslidar_msgs/include/lslidar_msgs/lslidar_msgs/msg/detail/lslidar_point__rosidl_typesupport_fastrtps_cpp.hpp
[0.714s] -- Up-to-date: /home/nvidia/2d_slam/install/lslidar_msgs/include/lslidar_msgs/lslidar_msgs/msg/detail/lslidar_scan__rosidl_typesupport_fastrtps_cpp.hpp
[0.714s] -- Up-to-date: /home/nvidia/2d_slam/install/lslidar_msgs/include/lslidar_msgs/lslidar_msgs/msg/detail/dds_fastrtps
[0.714s] -- Up-to-date: /home/nvidia/2d_slam/install/lslidar_msgs/include/lslidar_msgs/lslidar_msgs/msg/rosidl_typesupport_fastrtps_cpp__visibility_control.h
[0.714s] -- Up-to-date: /home/nvidia/2d_slam/install/lslidar_msgs/lib/liblslidar_msgs__rosidl_typesupport_fastrtps_cpp.so
[0.715s] -- Up-to-date: /home/nvidia/2d_slam/install/lslidar_msgs/include/lslidar_msgs/lslidar_msgs
[0.715s] -- Up-to-date: /home/nvidia/2d_slam/install/lslidar_msgs/include/lslidar_msgs/lslidar_msgs/msg
[0.715s] -- Up-to-date: /home/nvidia/2d_slam/install/lslidar_msgs/include/lslidar_msgs/lslidar_msgs/msg/rosidl_typesupport_introspection_c__visibility_control.h
[0.715s] -- Up-to-date: /home/nvidia/2d_slam/install/lslidar_msgs/include/lslidar_msgs/lslidar_msgs/msg/detail
[0.715s] -- Up-to-date: /home/nvidia/2d_slam/install/lslidar_msgs/include/lslidar_msgs/lslidar_msgs/msg/detail/lslidar_sweep__type_support.c
[0.715s] -- Up-to-date: /home/nvidia/2d_slam/install/lslidar_msgs/include/lslidar_msgs/lslidar_msgs/msg/detail/lslidar_point__type_support.c
[0.715s] -- Up-to-date: /home/nvidia/2d_slam/install/lslidar_msgs/include/lslidar_msgs/lslidar_msgs/msg/detail/lslidar_difop__rosidl_typesupport_introspection_c.h
[0.715s] -- Up-to-date: /home/nvidia/2d_slam/install/lslidar_msgs/include/lslidar_msgs/lslidar_msgs/msg/detail/lslidar_packet__type_support.c
[0.715s] -- Up-to-date: /home/nvidia/2d_slam/install/lslidar_msgs/include/lslidar_msgs/lslidar_msgs/msg/detail/lslidar_point__rosidl_typesupport_introspection_c.h
[0.716s] -- Up-to-date: /home/nvidia/2d_slam/install/lslidar_msgs/include/lslidar_msgs/lslidar_msgs/msg/detail/lslidar_packet__rosidl_typesupport_introspection_c.h
[0.716s] -- Up-to-date: /home/nvidia/2d_slam/install/lslidar_msgs/include/lslidar_msgs/lslidar_msgs/msg/detail/lslidar_sweep__rosidl_typesupport_introspection_c.h
[0.716s] -- Up-to-date: /home/nvidia/2d_slam/install/lslidar_msgs/include/lslidar_msgs/lslidar_msgs/msg/detail/lslidar_difop__type_support.c
[0.716s] -- Up-to-date: /home/nvidia/2d_slam/install/lslidar_msgs/include/lslidar_msgs/lslidar_msgs/msg/detail/lslidar_scan__type_support.c
[0.716s] -- Up-to-date: /home/nvidia/2d_slam/install/lslidar_msgs/include/lslidar_msgs/lslidar_msgs/msg/detail/lslidar_scan__rosidl_typesupport_introspection_c.h
[0.716s] -- Up-to-date: /home/nvidia/2d_slam/install/lslidar_msgs/lib/liblslidar_msgs__rosidl_typesupport_introspection_c.so
[0.716s] -- Up-to-date: /home/nvidia/2d_slam/install/lslidar_msgs/lib/liblslidar_msgs__rosidl_typesupport_c.so
[0.716s] -- Up-to-date: /home/nvidia/2d_slam/install/lslidar_msgs/include/lslidar_msgs/lslidar_msgs
[0.716s] -- Up-to-date: /home/nvidia/2d_slam/install/lslidar_msgs/include/lslidar_msgs/lslidar_msgs/msg
[0.717s] -- Up-to-date: /home/nvidia/2d_slam/install/lslidar_msgs/include/lslidar_msgs/lslidar_msgs/msg/detail
[0.717s] -- Up-to-date: /home/nvidia/2d_slam/install/lslidar_msgs/include/lslidar_msgs/lslidar_msgs/msg/detail/lslidar_packet__rosidl_typesupport_introspection_cpp.hpp
[0.717s] -- Up-to-date: /home/nvidia/2d_slam/install/lslidar_msgs/include/lslidar_msgs/lslidar_msgs/msg/detail/lslidar_difop__rosidl_typesupport_introspection_cpp.hpp
[0.717s] -- Up-to-date: /home/nvidia/2d_slam/install/lslidar_msgs/include/lslidar_msgs/lslidar_msgs/msg/detail/lslidar_difop__type_support.cpp
[0.717s] -- Up-to-date: /home/nvidia/2d_slam/install/lslidar_msgs/include/lslidar_msgs/lslidar_msgs/msg/detail/lslidar_packet__type_support.cpp
[0.717s] -- Up-to-date: /home/nvidia/2d_slam/install/lslidar_msgs/include/lslidar_msgs/lslidar_msgs/msg/detail/lslidar_point__rosidl_typesupport_introspection_cpp.hpp
[0.717s] -- Up-to-date: /home/nvidia/2d_slam/install/lslidar_msgs/include/lslidar_msgs/lslidar_msgs/msg/detail/lslidar_scan__rosidl_typesupport_introspection_cpp.hpp
[0.717s] -- Up-to-date: /home/nvidia/2d_slam/install/lslidar_msgs/include/lslidar_msgs/lslidar_msgs/msg/detail/lslidar_sweep__rosidl_typesupport_introspection_cpp.hpp
[0.717s] -- Up-to-date: /home/nvidia/2d_slam/install/lslidar_msgs/include/lslidar_msgs/lslidar_msgs/msg/detail/lslidar_scan__type_support.cpp
[0.718s] -- Up-to-date: /home/nvidia/2d_slam/install/lslidar_msgs/include/lslidar_msgs/lslidar_msgs/msg/detail/lslidar_point__type_support.cpp
[0.718s] -- Up-to-date: /home/nvidia/2d_slam/install/lslidar_msgs/include/lslidar_msgs/lslidar_msgs/msg/detail/lslidar_sweep__type_support.cpp
[0.718s] -- Up-to-date: /home/nvidia/2d_slam/install/lslidar_msgs/lib/liblslidar_msgs__rosidl_typesupport_introspection_cpp.so
[0.718s] -- Up-to-date: /home/nvidia/2d_slam/install/lslidar_msgs/lib/liblslidar_msgs__rosidl_typesupport_cpp.so
[0.718s] -- Up-to-date: /home/nvidia/2d_slam/install/lslidar_msgs/share/lslidar_msgs/environment/pythonpath.sh
[0.718s] -- Up-to-date: /home/nvidia/2d_slam/install/lslidar_msgs/share/lslidar_msgs/environment/pythonpath.dsv
[0.718s] -- Up-to-date: /home/nvidia/2d_slam/install/lslidar_msgs/local/lib/python3.10/dist-packages/lslidar_msgs-1.2.0-py3.10.egg-info
[0.718s] -- Installing: /home/nvidia/2d_slam/install/lslidar_msgs/local/lib/python3.10/dist-packages/lslidar_msgs-1.2.0-py3.10.egg-info/dependency_links.txt
[0.719s] -- Installing: /home/nvidia/2d_slam/install/lslidar_msgs/local/lib/python3.10/dist-packages/lslidar_msgs-1.2.0-py3.10.egg-info/SOURCES.txt
[0.719s] -- Installing: /home/nvidia/2d_slam/install/lslidar_msgs/local/lib/python3.10/dist-packages/lslidar_msgs-1.2.0-py3.10.egg-info/top_level.txt
[0.719s] -- Installing: /home/nvidia/2d_slam/install/lslidar_msgs/local/lib/python3.10/dist-packages/lslidar_msgs-1.2.0-py3.10.egg-info/PKG-INFO
[0.719s] -- Up-to-date: /home/nvidia/2d_slam/install/lslidar_msgs/local/lib/python3.10/dist-packages/lslidar_msgs
[0.719s] -- Up-to-date: /home/nvidia/2d_slam/install/lslidar_msgs/local/lib/python3.10/dist-packages/lslidar_msgs/lslidar_msgs_s__rosidl_typesupport_introspection_c.cpython-310-aarch64-linux-gnu.so
[0.719s] -- Up-to-date: /home/nvidia/2d_slam/install/lslidar_msgs/local/lib/python3.10/dist-packages/lslidar_msgs/msg
[0.719s] -- Up-to-date: /home/nvidia/2d_slam/install/lslidar_msgs/local/lib/python3.10/dist-packages/lslidar_msgs/msg/_lslidar_difop_s.c
[0.719s] -- Up-to-date: /home/nvidia/2d_slam/install/lslidar_msgs/local/lib/python3.10/dist-packages/lslidar_msgs/msg/_lslidar_packet.py
[0.720s] -- Up-to-date: /home/nvidia/2d_slam/install/lslidar_msgs/local/lib/python3.10/dist-packages/lslidar_msgs/msg/_lslidar_sweep_s.c
[0.720s] -- Up-to-date: /home/nvidia/2d_slam/install/lslidar_msgs/local/lib/python3.10/dist-packages/lslidar_msgs/msg/_lslidar_packet_s.c
[0.720s] -- Up-to-date: /home/nvidia/2d_slam/install/lslidar_msgs/local/lib/python3.10/dist-packages/lslidar_msgs/msg/_lslidar_sweep.py
[0.720s] -- Up-to-date: /home/nvidia/2d_slam/install/lslidar_msgs/local/lib/python3.10/dist-packages/lslidar_msgs/msg/_lslidar_scan_s.c
[0.720s] -- Up-to-date: /home/nvidia/2d_slam/install/lslidar_msgs/local/lib/python3.10/dist-packages/lslidar_msgs/msg/_lslidar_point_s.c
[0.720s] -- Up-to-date: /home/nvidia/2d_slam/install/lslidar_msgs/local/lib/python3.10/dist-packages/lslidar_msgs/msg/_lslidar_difop.py
[0.720s] -- Up-to-date: /home/nvidia/2d_slam/install/lslidar_msgs/local/lib/python3.10/dist-packages/lslidar_msgs/msg/_lslidar_scan.py
[0.720s] -- Up-to-date: /home/nvidia/2d_slam/install/lslidar_msgs/local/lib/python3.10/dist-packages/lslidar_msgs/msg/_lslidar_point.py
[0.721s] -- Up-to-date: /home/nvidia/2d_slam/install/lslidar_msgs/local/lib/python3.10/dist-packages/lslidar_msgs/msg/__init__.py
[0.721s] -- Up-to-date: /home/nvidia/2d_slam/install/lslidar_msgs/local/lib/python3.10/dist-packages/lslidar_msgs/_lslidar_msgs_s.ep.rosidl_typesupport_c.c
[0.721s] -- Up-to-date: /home/nvidia/2d_slam/install/lslidar_msgs/local/lib/python3.10/dist-packages/lslidar_msgs/lslidar_msgs_s__rosidl_typesupport_c.cpython-310-aarch64-linux-gnu.so
[0.721s] -- Up-to-date: /home/nvidia/2d_slam/install/lslidar_msgs/local/lib/python3.10/dist-packages/lslidar_msgs/lslidar_msgs_s__rosidl_typesupport_fastrtps_c.cpython-310-aarch64-linux-gnu.so
[0.721s] -- Up-to-date: /home/nvidia/2d_slam/install/lslidar_msgs/local/lib/python3.10/dist-packages/lslidar_msgs/_lslidar_msgs_s.ep.rosidl_typesupport_introspection_c.c
[0.721s] -- Up-to-date: /home/nvidia/2d_slam/install/lslidar_msgs/local/lib/python3.10/dist-packages/lslidar_msgs/_lslidar_msgs_s.ep.rosidl_typesupport_fastrtps_c.c
[0.721s] -- Up-to-date: /home/nvidia/2d_slam/install/lslidar_msgs/local/lib/python3.10/dist-packages/lslidar_msgs/liblslidar_msgs__rosidl_generator_py.so
[0.722s] -- Up-to-date: /home/nvidia/2d_slam/install/lslidar_msgs/local/lib/python3.10/dist-packages/lslidar_msgs/__init__.py
[0.774s] Listing '/home/nvidia/2d_slam/install/lslidar_msgs/local/lib/python3.10/dist-packages/lslidar_msgs'...
[0.774s] Listing '/home/nvidia/2d_slam/install/lslidar_msgs/local/lib/python3.10/dist-packages/lslidar_msgs/msg'...
[0.783s] -- Up-to-date: /home/nvidia/2d_slam/install/lslidar_msgs/local/lib/python3.10/dist-packages/lslidar_msgs/lslidar_msgs_s__rosidl_typesupport_fastrtps_c.cpython-310-aarch64-linux-gnu.so
[0.784s] -- Up-to-date: /home/nvidia/2d_slam/install/lslidar_msgs/local/lib/python3.10/dist-packages/lslidar_msgs/lslidar_msgs_s__rosidl_typesupport_introspection_c.cpython-310-aarch64-linux-gnu.so
[0.784s] -- Up-to-date: /home/nvidia/2d_slam/install/lslidar_msgs/local/lib/python3.10/dist-packages/lslidar_msgs/lslidar_msgs_s__rosidl_typesupport_c.cpython-310-aarch64-linux-gnu.so
[0.784s] -- Up-to-date: /home/nvidia/2d_slam/install/lslidar_msgs/lib/liblslidar_msgs__rosidl_generator_py.so
[0.785s] -- Up-to-date: /home/nvidia/2d_slam/install/lslidar_msgs/share/lslidar_msgs/msg/LslidarDifop.idl
[0.785s] -- Up-to-date: /home/nvidia/2d_slam/install/lslidar_msgs/share/lslidar_msgs/msg/LslidarPacket.idl
[0.786s] -- Up-to-date: /home/nvidia/2d_slam/install/lslidar_msgs/share/lslidar_msgs/msg/LslidarPoint.idl
[0.786s] -- Up-to-date: /home/nvidia/2d_slam/install/lslidar_msgs/share/lslidar_msgs/msg/LslidarScan.idl
[0.786s] -- Up-to-date: /home/nvidia/2d_slam/install/lslidar_msgs/share/lslidar_msgs/msg/LslidarSweep.idl
[0.787s] -- Up-to-date: /home/nvidia/2d_slam/install/lslidar_msgs/share/lslidar_msgs/msg/LslidarDifop.msg
[0.787s] -- Up-to-date: /home/nvidia/2d_slam/install/lslidar_msgs/share/lslidar_msgs/msg/LslidarPacket.msg
[0.787s] -- Up-to-date: /home/nvidia/2d_slam/install/lslidar_msgs/share/lslidar_msgs/msg/LslidarPoint.msg
[0.788s] -- Up-to-date: /home/nvidia/2d_slam/install/lslidar_msgs/share/lslidar_msgs/msg/LslidarScan.msg
[0.788s] -- Up-to-date: /home/nvidia/2d_slam/install/lslidar_msgs/share/lslidar_msgs/msg/LslidarSweep.msg
[0.788s] -- Up-to-date: /home/nvidia/2d_slam/install/lslidar_msgs/share/ament_index/resource_index/package_run_dependencies/lslidar_msgs
[0.789s] -- Up-to-date: /home/nvidia/2d_slam/install/lslidar_msgs/share/ament_index/resource_index/parent_prefix_path/lslidar_msgs
[0.789s] -- Up-to-date: /home/nvidia/2d_slam/install/lslidar_msgs/share/lslidar_msgs/environment/ament_prefix_path.sh
[0.790s] -- Up-to-date: /home/nvidia/2d_slam/install/lslidar_msgs/share/lslidar_msgs/environment/ament_prefix_path.dsv
[0.790s] -- Up-to-date: /home/nvidia/2d_slam/install/lslidar_msgs/share/lslidar_msgs/environment/path.sh
[0.790s] -- Up-to-date: /home/nvidia/2d_slam/install/lslidar_msgs/share/lslidar_msgs/environment/path.dsv
[0.790s] -- Up-to-date: /home/nvidia/2d_slam/install/lslidar_msgs/share/lslidar_msgs/local_setup.bash
[0.791s] -- Up-to-date: /home/nvidia/2d_slam/install/lslidar_msgs/share/lslidar_msgs/local_setup.sh
[0.791s] -- Up-to-date: /home/nvidia/2d_slam/install/lslidar_msgs/share/lslidar_msgs/local_setup.zsh
[0.791s] -- Up-to-date: /home/nvidia/2d_slam/install/lslidar_msgs/share/lslidar_msgs/local_setup.dsv
[0.791s] -- Installing: /home/nvidia/2d_slam/install/lslidar_msgs/share/lslidar_msgs/package.dsv
[0.791s] -- Up-to-date: /home/nvidia/2d_slam/install/lslidar_msgs/share/ament_index/resource_index/packages/lslidar_msgs
[0.792s] -- Up-to-date: /home/nvidia/2d_slam/install/lslidar_msgs/share/lslidar_msgs/cmake/export_lslidar_msgs__rosidl_generator_cExport.cmake
[0.792s] -- Up-to-date: /home/nvidia/2d_slam/install/lslidar_msgs/share/lslidar_msgs/cmake/export_lslidar_msgs__rosidl_generator_cExport-noconfig.cmake
[0.792s] -- Up-to-date: /home/nvidia/2d_slam/install/lslidar_msgs/share/lslidar_msgs/cmake/export_lslidar_msgs__rosidl_typesupport_fastrtps_cExport.cmake
[0.792s] -- Up-to-date: /home/nvidia/2d_slam/install/lslidar_msgs/share/lslidar_msgs/cmake/export_lslidar_msgs__rosidl_typesupport_fastrtps_cExport-noconfig.cmake
[0.793s] -- Up-to-date: /home/nvidia/2d_slam/install/lslidar_msgs/share/lslidar_msgs/cmake/export_lslidar_msgs__rosidl_generator_cppExport.cmake
[0.793s] -- Up-to-date: /home/nvidia/2d_slam/install/lslidar_msgs/share/lslidar_msgs/cmake/export_lslidar_msgs__rosidl_typesupport_fastrtps_cppExport.cmake
[0.793s] -- Up-to-date: /home/nvidia/2d_slam/install/lslidar_msgs/share/lslidar_msgs/cmake/export_lslidar_msgs__rosidl_typesupport_fastrtps_cppExport-noconfig.cmake
[0.794s] -- Up-to-date: /home/nvidia/2d_slam/install/lslidar_msgs/share/lslidar_msgs/cmake/lslidar_msgs__rosidl_typesupport_introspection_cExport.cmake
[0.796s] -- Up-to-date: /home/nvidia/2d_slam/install/lslidar_msgs/share/lslidar_msgs/cmake/lslidar_msgs__rosidl_typesupport_introspection_cExport-noconfig.cmake
[0.796s] -- Up-to-date: /home/nvidia/2d_slam/install/lslidar_msgs/share/lslidar_msgs/cmake/lslidar_msgs__rosidl_typesupport_cExport.cmake
[0.797s] -- Up-to-date: /home/nvidia/2d_slam/install/lslidar_msgs/share/lslidar_msgs/cmake/lslidar_msgs__rosidl_typesupport_cExport-noconfig.cmake
[0.798s] -- Up-to-date: /home/nvidia/2d_slam/install/lslidar_msgs/share/lslidar_msgs/cmake/lslidar_msgs__rosidl_typesupport_introspection_cppExport.cmake
[0.798s] -- Up-to-date: /home/nvidia/2d_slam/install/lslidar_msgs/share/lslidar_msgs/cmake/lslidar_msgs__rosidl_typesupport_introspection_cppExport-noconfig.cmake
[0.799s] -- Up-to-date: /home/nvidia/2d_slam/install/lslidar_msgs/share/lslidar_msgs/cmake/lslidar_msgs__rosidl_typesupport_cppExport.cmake
[0.800s] -- Up-to-date: /home/nvidia/2d_slam/install/lslidar_msgs/share/lslidar_msgs/cmake/lslidar_msgs__rosidl_typesupport_cppExport-noconfig.cmake
[0.801s] -- Up-to-date: /home/nvidia/2d_slam/install/lslidar_msgs/share/lslidar_msgs/cmake/export_lslidar_msgs__rosidl_generator_pyExport.cmake
[0.802s] -- Up-to-date: /home/nvidia/2d_slam/install/lslidar_msgs/share/lslidar_msgs/cmake/export_lslidar_msgs__rosidl_generator_pyExport-noconfig.cmake
[0.802s] -- Up-to-date: /home/nvidia/2d_slam/install/lslidar_msgs/share/lslidar_msgs/cmake/rosidl_cmake-extras.cmake
[0.803s] -- Up-to-date: /home/nvidia/2d_slam/install/lslidar_msgs/share/lslidar_msgs/cmake/ament_cmake_export_dependencies-extras.cmake
[0.803s] -- Up-to-date: /home/nvidia/2d_slam/install/lslidar_msgs/share/lslidar_msgs/cmake/ament_cmake_export_include_directories-extras.cmake
[0.804s] -- Up-to-date: /home/nvidia/2d_slam/install/lslidar_msgs/share/lslidar_msgs/cmake/ament_cmake_export_libraries-extras.cmake
[0.805s] -- Up-to-date: /home/nvidia/2d_slam/install/lslidar_msgs/share/lslidar_msgs/cmake/ament_cmake_export_targets-extras.cmake
[0.805s] -- Up-to-date: /home/nvidia/2d_slam/install/lslidar_msgs/share/lslidar_msgs/cmake/rosidl_cmake_export_typesupport_targets-extras.cmake
[0.806s] -- Up-to-date: /home/nvidia/2d_slam/install/lslidar_msgs/share/lslidar_msgs/cmake/rosidl_cmake_export_typesupport_libraries-extras.cmake
[0.807s] -- Up-to-date: /home/nvidia/2d_slam/install/lslidar_msgs/share/lslidar_msgs/cmake/lslidar_msgsConfig.cmake
[0.807s] -- Up-to-date: /home/nvidia/2d_slam/install/lslidar_msgs/share/lslidar_msgs/cmake/lslidar_msgsConfig-version.cmake
[0.808s] -- Up-to-date: /home/nvidia/2d_slam/install/lslidar_msgs/share/lslidar_msgs/package.xml
[0.809s] Invoked command in '/home/nvidia/2d_slam/build/lslidar_msgs' returned '0': CMAKE_PREFIX_PATH=${CMAKE_PREFIX_PATH}:/home/nvidia/DDSM_ws/install/robot_nav:/home/nvidia/DDSM_ws/install/robot_control:/opt/ros/humble /usr/bin/cmake --install /home/nvidia/2d_slam/build/lslidar_msgs
