[0.182s] DEBUG:colcon:Command line arguments: ['/usr/bin/colcon', 'build']
[0.183s] DEBUG:colcon:Parsed command line arguments: Namespace(log_base=None, log_level=None, verb_name='build', build_base='build', install_base='install', merge_install=False, symlink_install=False, test_result_base=None, continue_on_error=False, executor='parallel', parallel_workers=8, event_handlers=None, ignore_user_meta=False, metas=['./colcon.meta'], base_paths=['.'], packages_ignore=None, packages_ignore_regex=None, paths=None, packages_up_to=None, packages_up_to_regex=None, packages_above=None, packages_above_and_dependencies=None, packages_above_depth=None, packages_select_by_dep=None, packages_skip_by_dep=None, packages_skip_up_to=None, packages_select_build_failed=False, packages_skip_build_finished=False, packages_select_test_failures=False, packages_skip_test_passed=False, packages_select=None, packages_skip=None, packages_select_regex=None, packages_skip_regex=None, packages_start=None, packages_end=None, allow_overriding=[], cmake_args=None, cmake_target=None, cmake_target_skip_unavailable=False, cmake_clean_cache=False, cmake_clean_first=False, cmake_force_configure=False, ament_cmake_args=None, catkin_cmake_args=None, catkin_skip_building_tests=False, mixin_files=None, mixin=None, verb_parser=<colcon_mixin.mixin.mixin_argument.MixinArgumentDecorator object at 0xffff7da0b3d0>, verb_extension=<colcon_core.verb.build.BuildVerb object at 0xffff7da0aa10>, main=<bound method BuildVerb.main of <colcon_core.verb.build.BuildVerb object at 0xffff7da0aa10>>, mixin_verb=('build',))
[0.477s] Level 1:colcon.colcon_core.package_discovery:discover_packages(colcon_meta) check parameters
[0.477s] Level 1:colcon.colcon_core.package_discovery:discover_packages(recursive) check parameters
[0.477s] Level 1:colcon.colcon_core.package_discovery:discover_packages(ignore) check parameters
[0.477s] Level 1:colcon.colcon_core.package_discovery:discover_packages(path) check parameters
[0.477s] Level 1:colcon.colcon_core.package_discovery:discover_packages(colcon_meta) discover
[0.477s] Level 1:colcon.colcon_core.package_discovery:discover_packages(recursive) discover
[0.477s] INFO:colcon.colcon_core.package_discovery:Crawling recursively for packages in '/home/nvidia/fishbot_ws/src'
[0.478s] Level 1:colcon.colcon_core.package_identification:_identify(.) by extensions ['ignore', 'ignore_ament_install']
[0.478s] Level 1:colcon.colcon_core.package_identification:_identify(.) by extension 'ignore'
[0.478s] Level 1:colcon.colcon_core.package_identification:_identify(.) by extension 'ignore_ament_install'
[0.478s] Level 1:colcon.colcon_core.package_identification:_identify(.) by extensions ['colcon_pkg']
[0.478s] Level 1:colcon.colcon_core.package_identification:_identify(.) by extension 'colcon_pkg'
[0.478s] Level 1:colcon.colcon_core.package_identification:_identify(.) by extensions ['colcon_meta']
[0.478s] Level 1:colcon.colcon_core.package_identification:_identify(.) by extension 'colcon_meta'
[0.478s] Level 1:colcon.colcon_core.package_identification:_identify(.) by extensions ['ros']
[0.478s] Level 1:colcon.colcon_core.package_identification:_identify(.) by extension 'ros'
[0.496s] Level 1:colcon.colcon_core.package_identification:_identify(.) by extensions ['cmake', 'python']
[0.496s] Level 1:colcon.colcon_core.package_identification:_identify(.) by extension 'cmake'
[0.496s] Level 1:colcon.colcon_core.package_identification:_identify(.) by extension 'python'
[0.496s] Level 1:colcon.colcon_core.package_identification:_identify(.) by extensions ['python_setup_py']
[0.496s] Level 1:colcon.colcon_core.package_identification:_identify(.) by extension 'python_setup_py'
[0.496s] Level 1:colcon.colcon_core.package_identification:_identify(build) by extensions ['ignore', 'ignore_ament_install']
[0.497s] Level 1:colcon.colcon_core.package_identification:_identify(build) by extension 'ignore'
[0.497s] Level 1:colcon.colcon_core.package_identification:_identify(build) ignored
[0.497s] Level 1:colcon.colcon_core.package_identification:_identify(fishbot_bringup) by extensions ['ignore', 'ignore_ament_install']
[0.497s] Level 1:colcon.colcon_core.package_identification:_identify(fishbot_bringup) by extension 'ignore'
[0.497s] Level 1:colcon.colcon_core.package_identification:_identify(fishbot_bringup) by extension 'ignore_ament_install'
[0.497s] Level 1:colcon.colcon_core.package_identification:_identify(fishbot_bringup) by extensions ['colcon_pkg']
[0.497s] Level 1:colcon.colcon_core.package_identification:_identify(fishbot_bringup) by extension 'colcon_pkg'
[0.497s] Level 1:colcon.colcon_core.package_identification:_identify(fishbot_bringup) by extensions ['colcon_meta']
[0.497s] Level 1:colcon.colcon_core.package_identification:_identify(fishbot_bringup) by extension 'colcon_meta'
[0.498s] Level 1:colcon.colcon_core.package_identification:_identify(fishbot_bringup) by extensions ['ros']
[0.498s] Level 1:colcon.colcon_core.package_identification:_identify(fishbot_bringup) by extension 'ros'
[0.502s] DEBUG:colcon.colcon_core.package_identification:Package 'fishbot_bringup' with type 'ros.ament_cmake' and name 'fishbot_bringup'
[0.502s] Level 1:colcon.colcon_core.package_identification:_identify(fishbot_cartographer) by extensions ['ignore', 'ignore_ament_install']
[0.502s] Level 1:colcon.colcon_core.package_identification:_identify(fishbot_cartographer) by extension 'ignore'
[0.502s] Level 1:colcon.colcon_core.package_identification:_identify(fishbot_cartographer) by extension 'ignore_ament_install'
[0.503s] Level 1:colcon.colcon_core.package_identification:_identify(fishbot_cartographer) by extensions ['colcon_pkg']
[0.503s] Level 1:colcon.colcon_core.package_identification:_identify(fishbot_cartographer) by extension 'colcon_pkg'
[0.503s] Level 1:colcon.colcon_core.package_identification:_identify(fishbot_cartographer) by extensions ['colcon_meta']
[0.503s] Level 1:colcon.colcon_core.package_identification:_identify(fishbot_cartographer) by extension 'colcon_meta'
[0.503s] Level 1:colcon.colcon_core.package_identification:_identify(fishbot_cartographer) by extensions ['ros']
[0.503s] Level 1:colcon.colcon_core.package_identification:_identify(fishbot_cartographer) by extension 'ros'
[0.504s] DEBUG:colcon.colcon_core.package_identification:Package 'fishbot_cartographer' with type 'ros.ament_cmake' and name 'fishbot_cartographer'
[0.504s] Level 1:colcon.colcon_core.package_identification:_identify(fishbot_description) by extensions ['ignore', 'ignore_ament_install']
[0.504s] Level 1:colcon.colcon_core.package_identification:_identify(fishbot_description) by extension 'ignore'
[0.504s] Level 1:colcon.colcon_core.package_identification:_identify(fishbot_description) by extension 'ignore_ament_install'
[0.504s] Level 1:colcon.colcon_core.package_identification:_identify(fishbot_description) by extensions ['colcon_pkg']
[0.504s] Level 1:colcon.colcon_core.package_identification:_identify(fishbot_description) by extension 'colcon_pkg'
[0.504s] Level 1:colcon.colcon_core.package_identification:_identify(fishbot_description) by extensions ['colcon_meta']
[0.505s] Level 1:colcon.colcon_core.package_identification:_identify(fishbot_description) by extension 'colcon_meta'
[0.505s] Level 1:colcon.colcon_core.package_identification:_identify(fishbot_description) by extensions ['ros']
[0.505s] Level 1:colcon.colcon_core.package_identification:_identify(fishbot_description) by extension 'ros'
[0.505s] DEBUG:colcon.colcon_core.package_identification:Package 'fishbot_description' with type 'ros.ament_python' and name 'fishbot_description'
[0.506s] Level 1:colcon.colcon_core.package_identification:_identify(fishbot_navigation2) by extensions ['ignore', 'ignore_ament_install']
[0.506s] Level 1:colcon.colcon_core.package_identification:_identify(fishbot_navigation2) by extension 'ignore'
[0.506s] Level 1:colcon.colcon_core.package_identification:_identify(fishbot_navigation2) by extension 'ignore_ament_install'
[0.506s] Level 1:colcon.colcon_core.package_identification:_identify(fishbot_navigation2) by extensions ['colcon_pkg']
[0.506s] Level 1:colcon.colcon_core.package_identification:_identify(fishbot_navigation2) by extension 'colcon_pkg'
[0.506s] Level 1:colcon.colcon_core.package_identification:_identify(fishbot_navigation2) by extensions ['colcon_meta']
[0.506s] Level 1:colcon.colcon_core.package_identification:_identify(fishbot_navigation2) by extension 'colcon_meta'
[0.506s] Level 1:colcon.colcon_core.package_identification:_identify(fishbot_navigation2) by extensions ['ros']
[0.506s] Level 1:colcon.colcon_core.package_identification:_identify(fishbot_navigation2) by extension 'ros'
[0.507s] DEBUG:colcon.colcon_core.package_identification:Package 'fishbot_navigation2' with type 'ros.ament_cmake' and name 'fishbot_navigation2'
[0.507s] Level 1:colcon.colcon_core.package_identification:_identify(install) by extensions ['ignore', 'ignore_ament_install']
[0.507s] Level 1:colcon.colcon_core.package_identification:_identify(install) by extension 'ignore'
[0.507s] Level 1:colcon.colcon_core.package_identification:_identify(install) ignored
[0.508s] Level 1:colcon.colcon_core.package_identification:_identify(log) by extensions ['ignore', 'ignore_ament_install']
[0.508s] Level 1:colcon.colcon_core.package_identification:_identify(log) by extension 'ignore'
[0.508s] Level 1:colcon.colcon_core.package_identification:_identify(log) ignored
[0.508s] Level 1:colcon.colcon_core.package_discovery:discover_packages(recursive) using defaults
[0.508s] Level 1:colcon.colcon_core.package_discovery:discover_packages(ignore) discover
[0.508s] Level 1:colcon.colcon_core.package_discovery:discover_packages(ignore) using defaults
[0.508s] Level 1:colcon.colcon_core.package_discovery:discover_packages(path) discover
[0.508s] Level 1:colcon.colcon_core.package_discovery:discover_packages(path) using defaults
[0.570s] Level 1:colcon.colcon_core.package_discovery:discover_packages(prefix_path) check parameters
[0.571s] Level 1:colcon.colcon_core.package_discovery:discover_packages(prefix_path) discover
[0.575s] DEBUG:colcon.colcon_installed_package_information.package_discovery:Found 408 installed packages in /opt/ros/humble
[0.578s] Level 1:colcon.colcon_core.package_discovery:discover_packages(prefix_path) using defaults
[0.656s] Level 5:colcon.colcon_core.verb:set package 'fishbot_bringup' build argument 'cmake_args' from command line to 'None'
[0.656s] Level 5:colcon.colcon_core.verb:set package 'fishbot_bringup' build argument 'cmake_target' from command line to 'None'
[0.656s] Level 5:colcon.colcon_core.verb:set package 'fishbot_bringup' build argument 'cmake_target_skip_unavailable' from command line to 'False'
[0.656s] Level 5:colcon.colcon_core.verb:set package 'fishbot_bringup' build argument 'cmake_clean_cache' from command line to 'False'
[0.656s] Level 5:colcon.colcon_core.verb:set package 'fishbot_bringup' build argument 'cmake_clean_first' from command line to 'False'
[0.656s] Level 5:colcon.colcon_core.verb:set package 'fishbot_bringup' build argument 'cmake_force_configure' from command line to 'False'
[0.656s] Level 5:colcon.colcon_core.verb:set package 'fishbot_bringup' build argument 'ament_cmake_args' from command line to 'None'
[0.656s] Level 5:colcon.colcon_core.verb:set package 'fishbot_bringup' build argument 'catkin_cmake_args' from command line to 'None'
[0.656s] Level 5:colcon.colcon_core.verb:set package 'fishbot_bringup' build argument 'catkin_skip_building_tests' from command line to 'False'
[0.656s] DEBUG:colcon.colcon_core.verb:Building package 'fishbot_bringup' with the following arguments: {'ament_cmake_args': None, 'build_base': '/home/nvidia/fishbot_ws/src/build/fishbot_bringup', 'catkin_cmake_args': None, 'catkin_skip_building_tests': False, 'cmake_args': None, 'cmake_clean_cache': False, 'cmake_clean_first': False, 'cmake_force_configure': False, 'cmake_target': None, 'cmake_target_skip_unavailable': False, 'install_base': '/home/nvidia/fishbot_ws/src/install/fishbot_bringup', 'merge_install': False, 'path': '/home/nvidia/fishbot_ws/src/fishbot_bringup', 'symlink_install': False, 'test_result_base': None}
[0.657s] Level 5:colcon.colcon_core.verb:set package 'fishbot_cartographer' build argument 'cmake_args' from command line to 'None'
[0.657s] Level 5:colcon.colcon_core.verb:set package 'fishbot_cartographer' build argument 'cmake_target' from command line to 'None'
[0.657s] Level 5:colcon.colcon_core.verb:set package 'fishbot_cartographer' build argument 'cmake_target_skip_unavailable' from command line to 'False'
[0.657s] Level 5:colcon.colcon_core.verb:set package 'fishbot_cartographer' build argument 'cmake_clean_cache' from command line to 'False'
[0.657s] Level 5:colcon.colcon_core.verb:set package 'fishbot_cartographer' build argument 'cmake_clean_first' from command line to 'False'
[0.657s] Level 5:colcon.colcon_core.verb:set package 'fishbot_cartographer' build argument 'cmake_force_configure' from command line to 'False'
[0.657s] Level 5:colcon.colcon_core.verb:set package 'fishbot_cartographer' build argument 'ament_cmake_args' from command line to 'None'
[0.657s] Level 5:colcon.colcon_core.verb:set package 'fishbot_cartographer' build argument 'catkin_cmake_args' from command line to 'None'
[0.657s] Level 5:colcon.colcon_core.verb:set package 'fishbot_cartographer' build argument 'catkin_skip_building_tests' from command line to 'False'
[0.657s] DEBUG:colcon.colcon_core.verb:Building package 'fishbot_cartographer' with the following arguments: {'ament_cmake_args': None, 'build_base': '/home/nvidia/fishbot_ws/src/build/fishbot_cartographer', 'catkin_cmake_args': None, 'catkin_skip_building_tests': False, 'cmake_args': None, 'cmake_clean_cache': False, 'cmake_clean_first': False, 'cmake_force_configure': False, 'cmake_target': None, 'cmake_target_skip_unavailable': False, 'install_base': '/home/nvidia/fishbot_ws/src/install/fishbot_cartographer', 'merge_install': False, 'path': '/home/nvidia/fishbot_ws/src/fishbot_cartographer', 'symlink_install': False, 'test_result_base': None}
[0.658s] Level 5:colcon.colcon_core.verb:set package 'fishbot_description' build argument 'cmake_args' from command line to 'None'
[0.658s] Level 5:colcon.colcon_core.verb:set package 'fishbot_description' build argument 'cmake_target' from command line to 'None'
[0.658s] Level 5:colcon.colcon_core.verb:set package 'fishbot_description' build argument 'cmake_target_skip_unavailable' from command line to 'False'
[0.658s] Level 5:colcon.colcon_core.verb:set package 'fishbot_description' build argument 'cmake_clean_cache' from command line to 'False'
[0.658s] Level 5:colcon.colcon_core.verb:set package 'fishbot_description' build argument 'cmake_clean_first' from command line to 'False'
[0.658s] Level 5:colcon.colcon_core.verb:set package 'fishbot_description' build argument 'cmake_force_configure' from command line to 'False'
[0.658s] Level 5:colcon.colcon_core.verb:set package 'fishbot_description' build argument 'ament_cmake_args' from command line to 'None'
[0.658s] Level 5:colcon.colcon_core.verb:set package 'fishbot_description' build argument 'catkin_cmake_args' from command line to 'None'
[0.658s] Level 5:colcon.colcon_core.verb:set package 'fishbot_description' build argument 'catkin_skip_building_tests' from command line to 'False'
[0.658s] DEBUG:colcon.colcon_core.verb:Building package 'fishbot_description' with the following arguments: {'ament_cmake_args': None, 'build_base': '/home/nvidia/fishbot_ws/src/build/fishbot_description', 'catkin_cmake_args': None, 'catkin_skip_building_tests': False, 'cmake_args': None, 'cmake_clean_cache': False, 'cmake_clean_first': False, 'cmake_force_configure': False, 'cmake_target': None, 'cmake_target_skip_unavailable': False, 'install_base': '/home/nvidia/fishbot_ws/src/install/fishbot_description', 'merge_install': False, 'path': '/home/nvidia/fishbot_ws/src/fishbot_description', 'symlink_install': False, 'test_result_base': None}
[0.659s] Level 5:colcon.colcon_core.verb:set package 'fishbot_navigation2' build argument 'cmake_args' from command line to 'None'
[0.659s] Level 5:colcon.colcon_core.verb:set package 'fishbot_navigation2' build argument 'cmake_target' from command line to 'None'
[0.659s] Level 5:colcon.colcon_core.verb:set package 'fishbot_navigation2' build argument 'cmake_target_skip_unavailable' from command line to 'False'
[0.659s] Level 5:colcon.colcon_core.verb:set package 'fishbot_navigation2' build argument 'cmake_clean_cache' from command line to 'False'
[0.659s] Level 5:colcon.colcon_core.verb:set package 'fishbot_navigation2' build argument 'cmake_clean_first' from command line to 'False'
[0.659s] Level 5:colcon.colcon_core.verb:set package 'fishbot_navigation2' build argument 'cmake_force_configure' from command line to 'False'
[0.659s] Level 5:colcon.colcon_core.verb:set package 'fishbot_navigation2' build argument 'ament_cmake_args' from command line to 'None'
[0.659s] Level 5:colcon.colcon_core.verb:set package 'fishbot_navigation2' build argument 'catkin_cmake_args' from command line to 'None'
[0.659s] Level 5:colcon.colcon_core.verb:set package 'fishbot_navigation2' build argument 'catkin_skip_building_tests' from command line to 'False'
[0.659s] DEBUG:colcon.colcon_core.verb:Building package 'fishbot_navigation2' with the following arguments: {'ament_cmake_args': None, 'build_base': '/home/nvidia/fishbot_ws/src/build/fishbot_navigation2', 'catkin_cmake_args': None, 'catkin_skip_building_tests': False, 'cmake_args': None, 'cmake_clean_cache': False, 'cmake_clean_first': False, 'cmake_force_configure': False, 'cmake_target': None, 'cmake_target_skip_unavailable': False, 'install_base': '/home/nvidia/fishbot_ws/src/install/fishbot_navigation2', 'merge_install': False, 'path': '/home/nvidia/fishbot_ws/src/fishbot_navigation2', 'symlink_install': False, 'test_result_base': None}
[0.659s] INFO:colcon.colcon_core.executor:Executing jobs using 'parallel' executor
[0.661s] DEBUG:colcon.colcon_parallel_executor.executor.parallel:run_until_complete
[0.661s] INFO:colcon.colcon_ros.task.ament_cmake.build:Building ROS package in '/home/nvidia/fishbot_ws/src/fishbot_bringup' with build type 'ament_cmake'
[0.662s] INFO:colcon.colcon_cmake.task.cmake.build:Building CMake package in '/home/nvidia/fishbot_ws/src/fishbot_bringup'
[0.666s] INFO:colcon.colcon_core.plugin_system:Skipping extension 'colcon_core.shell.bat': Not used on non-Windows systems
[0.666s] INFO:colcon.colcon_core.shell:Skip shell extension 'powershell' for command environment: Not usable outside of PowerShell
[0.666s] DEBUG:colcon.colcon_core.shell:Skip shell extension 'dsv' for command environment
[0.672s] INFO:colcon.colcon_ros.task.ament_cmake.build:Building ROS package in '/home/nvidia/fishbot_ws/src/fishbot_cartographer' with build type 'ament_cmake'
[0.672s] INFO:colcon.colcon_cmake.task.cmake.build:Building CMake package in '/home/nvidia/fishbot_ws/src/fishbot_cartographer'
[0.673s] INFO:colcon.colcon_core.shell:Skip shell extension 'powershell' for command environment: Not usable outside of PowerShell
[0.673s] DEBUG:colcon.colcon_core.shell:Skip shell extension 'dsv' for command environment
[0.678s] INFO:colcon.colcon_ros.task.ament_python.build:Building ROS package in '/home/nvidia/fishbot_ws/src/fishbot_description' with build type 'ament_python'
[0.678s] Level 1:colcon.colcon_core.shell:create_environment_hook('fishbot_description', 'ament_prefix_path')
[0.678s] INFO:colcon.colcon_core.shell:Creating environment hook '/home/nvidia/fishbot_ws/src/install/fishbot_description/share/fishbot_description/hook/ament_prefix_path.ps1'
[0.680s] INFO:colcon.colcon_core.shell:Creating environment descriptor '/home/nvidia/fishbot_ws/src/install/fishbot_description/share/fishbot_description/hook/ament_prefix_path.dsv'
[0.680s] INFO:colcon.colcon_core.shell:Creating environment hook '/home/nvidia/fishbot_ws/src/install/fishbot_description/share/fishbot_description/hook/ament_prefix_path.sh'
[0.682s] INFO:colcon.colcon_core.shell:Skip shell extension 'powershell' for command environment: Not usable outside of PowerShell
[0.682s] DEBUG:colcon.colcon_core.shell:Skip shell extension 'dsv' for command environment
[0.686s] INFO:colcon.colcon_ros.task.ament_cmake.build:Building ROS package in '/home/nvidia/fishbot_ws/src/fishbot_navigation2' with build type 'ament_cmake'
[0.686s] INFO:colcon.colcon_cmake.task.cmake.build:Building CMake package in '/home/nvidia/fishbot_ws/src/fishbot_navigation2'
[0.686s] INFO:colcon.colcon_core.shell:Skip shell extension 'powershell' for command environment: Not usable outside of PowerShell
[0.687s] DEBUG:colcon.colcon_core.shell:Skip shell extension 'dsv' for command environment
[0.700s] DEBUG:colcon.colcon_core.event_handler.log_command:Invoking command in '/home/nvidia/fishbot_ws/src/build/fishbot_bringup': CMAKE_PREFIX_PATH=/opt/ros/humble /usr/bin/cmake --build /home/nvidia/fishbot_ws/src/build/fishbot_bringup -- -j8 -l8
[0.705s] DEBUG:colcon.colcon_core.event_handler.log_command:Invoking command in '/home/nvidia/fishbot_ws/src/build/fishbot_cartographer': CMAKE_PREFIX_PATH=/opt/ros/humble /usr/bin/cmake --build /home/nvidia/fishbot_ws/src/build/fishbot_cartographer -- -j8 -l8
[1.171s] INFO:colcon.colcon_core.task.python.build:Building Python package in '/home/nvidia/fishbot_ws/src/fishbot_description'
[1.172s] INFO:colcon.colcon_core.shell:Skip shell extension 'powershell' for command environment: Not usable outside of PowerShell
[1.172s] DEBUG:colcon.colcon_core.shell:Skip shell extension 'dsv' for command environment
[1.187s] DEBUG:colcon.colcon_core.event_handler.log_command:Invoked command in '/home/nvidia/fishbot_ws/src/build/fishbot_cartographer' returned '0': CMAKE_PREFIX_PATH=/opt/ros/humble /usr/bin/cmake --build /home/nvidia/fishbot_ws/src/build/fishbot_cartographer -- -j8 -l8
[1.202s] DEBUG:colcon.colcon_core.event_handler.log_command:Invoking command in '/home/nvidia/fishbot_ws/src/build/fishbot_cartographer': CMAKE_PREFIX_PATH=/opt/ros/humble /usr/bin/cmake --install /home/nvidia/fishbot_ws/src/build/fishbot_cartographer
[1.207s] DEBUG:colcon.colcon_core.event_handler.log_command:Invoking command in '/home/nvidia/fishbot_ws/src/build/fishbot_navigation2': CMAKE_PREFIX_PATH=/opt/ros/humble /usr/bin/cmake /home/nvidia/fishbot_ws/src/fishbot_navigation2 -DCMAKE_INSTALL_PREFIX=/home/nvidia/fishbot_ws/src/install/fishbot_navigation2
[1.218s] Level 1:colcon.colcon_core.environment:create_environment_scripts_only(fishbot_cartographer)
[1.222s] Level 1:colcon.colcon_core.environment:checking '/home/nvidia/fishbot_ws/src/install/fishbot_cartographer' for CMake module files
[1.223s] Level 1:colcon.colcon_core.environment:checking '/home/nvidia/fishbot_ws/src/install/fishbot_cartographer' for CMake config files
[1.223s] Level 1:colcon.colcon_core.shell:create_environment_hook('fishbot_cartographer', 'cmake_prefix_path')
[1.224s] INFO:colcon.colcon_core.shell:Creating environment hook '/home/nvidia/fishbot_ws/src/install/fishbot_cartographer/share/fishbot_cartographer/hook/cmake_prefix_path.ps1'
[1.225s] INFO:colcon.colcon_core.shell:Creating environment descriptor '/home/nvidia/fishbot_ws/src/install/fishbot_cartographer/share/fishbot_cartographer/hook/cmake_prefix_path.dsv'
[1.226s] INFO:colcon.colcon_core.shell:Creating environment hook '/home/nvidia/fishbot_ws/src/install/fishbot_cartographer/share/fishbot_cartographer/hook/cmake_prefix_path.sh'
[1.227s] Level 1:colcon.colcon_core.environment:checking '/home/nvidia/fishbot_ws/src/install/fishbot_cartographer/bin'
[1.227s] Level 1:colcon.colcon_core.environment:checking '/home/nvidia/fishbot_ws/src/install/fishbot_cartographer/lib/pkgconfig/fishbot_cartographer.pc'
[1.228s] Level 1:colcon.colcon_core.environment:checking '/home/nvidia/fishbot_ws/src/install/fishbot_cartographer/lib/python3.10/site-packages'
[1.228s] Level 1:colcon.colcon_core.environment:checking '/home/nvidia/fishbot_ws/src/install/fishbot_cartographer/bin'
[1.228s] INFO:colcon.colcon_core.shell:Creating package script '/home/nvidia/fishbot_ws/src/install/fishbot_cartographer/share/fishbot_cartographer/package.ps1'
[1.230s] INFO:colcon.colcon_core.shell:Creating package descriptor '/home/nvidia/fishbot_ws/src/install/fishbot_cartographer/share/fishbot_cartographer/package.dsv'
[1.231s] INFO:colcon.colcon_core.shell:Creating package script '/home/nvidia/fishbot_ws/src/install/fishbot_cartographer/share/fishbot_cartographer/package.sh'
[1.231s] DEBUG:colcon.colcon_core.event_handler.log_command:Invoked command in '/home/nvidia/fishbot_ws/src/build/fishbot_cartographer' returned '0': CMAKE_PREFIX_PATH=/opt/ros/humble /usr/bin/cmake --install /home/nvidia/fishbot_ws/src/build/fishbot_cartographer
[1.233s] INFO:colcon.colcon_core.shell:Creating package script '/home/nvidia/fishbot_ws/src/install/fishbot_cartographer/share/fishbot_cartographer/package.bash'
[1.234s] INFO:colcon.colcon_core.shell:Creating package script '/home/nvidia/fishbot_ws/src/install/fishbot_cartographer/share/fishbot_cartographer/package.zsh'
[1.235s] Level 1:colcon.colcon_core.environment:create_file_with_runtime_dependencies(/home/nvidia/fishbot_ws/src/install/fishbot_cartographer/share/colcon-core/packages/fishbot_cartographer)
[1.236s] Level 1:colcon.colcon_core.environment:create_environment_scripts_only(fishbot_cartographer)
[1.237s] Level 1:colcon.colcon_core.environment:checking '/home/nvidia/fishbot_ws/src/install/fishbot_cartographer' for CMake module files
[1.237s] Level 1:colcon.colcon_core.environment:checking '/home/nvidia/fishbot_ws/src/install/fishbot_cartographer' for CMake config files
[1.238s] Level 1:colcon.colcon_core.shell:create_environment_hook('fishbot_cartographer', 'cmake_prefix_path')
[1.238s] INFO:colcon.colcon_core.shell:Creating environment hook '/home/nvidia/fishbot_ws/src/install/fishbot_cartographer/share/fishbot_cartographer/hook/cmake_prefix_path.ps1'
[1.239s] INFO:colcon.colcon_core.shell:Creating environment descriptor '/home/nvidia/fishbot_ws/src/install/fishbot_cartographer/share/fishbot_cartographer/hook/cmake_prefix_path.dsv'
[1.239s] INFO:colcon.colcon_core.shell:Creating environment hook '/home/nvidia/fishbot_ws/src/install/fishbot_cartographer/share/fishbot_cartographer/hook/cmake_prefix_path.sh'
[1.240s] Level 1:colcon.colcon_core.environment:checking '/home/nvidia/fishbot_ws/src/install/fishbot_cartographer/bin'
[1.241s] Level 1:colcon.colcon_core.environment:checking '/home/nvidia/fishbot_ws/src/install/fishbot_cartographer/lib/pkgconfig/fishbot_cartographer.pc'
[1.241s] Level 1:colcon.colcon_core.environment:checking '/home/nvidia/fishbot_ws/src/install/fishbot_cartographer/lib/python3.10/site-packages'
[1.241s] Level 1:colcon.colcon_core.environment:checking '/home/nvidia/fishbot_ws/src/install/fishbot_cartographer/bin'
[1.242s] INFO:colcon.colcon_core.shell:Creating package script '/home/nvidia/fishbot_ws/src/install/fishbot_cartographer/share/fishbot_cartographer/package.ps1'
[1.243s] INFO:colcon.colcon_core.shell:Creating package descriptor '/home/nvidia/fishbot_ws/src/install/fishbot_cartographer/share/fishbot_cartographer/package.dsv'
[1.244s] INFO:colcon.colcon_core.shell:Creating package script '/home/nvidia/fishbot_ws/src/install/fishbot_cartographer/share/fishbot_cartographer/package.sh'
[1.244s] INFO:colcon.colcon_core.shell:Creating package script '/home/nvidia/fishbot_ws/src/install/fishbot_cartographer/share/fishbot_cartographer/package.bash'
[1.245s] INFO:colcon.colcon_core.shell:Creating package script '/home/nvidia/fishbot_ws/src/install/fishbot_cartographer/share/fishbot_cartographer/package.zsh'
[1.246s] Level 1:colcon.colcon_core.environment:create_file_with_runtime_dependencies(/home/nvidia/fishbot_ws/src/install/fishbot_cartographer/share/colcon-core/packages/fishbot_cartographer)
[1.896s] DEBUG:colcon.colcon_core.event_handler.log_command:Invoking command in '/home/nvidia/fishbot_ws/src/fishbot_description': PYTHONPATH=/home/nvidia/fishbot_ws/src/build/fishbot_description/prefix_override:/usr/lib/python3/dist-packages/colcon_core/task/python/colcon_distutils_commands:/home/nvidia/fishbot_ws/src/install/fishbot_description/lib/python3.10/site-packages:${PYTHONPATH} /usr/bin/python3 -W ignore:setup.py install is deprecated -W ignore:easy_install command is deprecated setup.py egg_info --egg-base ../build/fishbot_description build --build-base /home/nvidia/fishbot_ws/src/build/fishbot_description/build install --record /home/nvidia/fishbot_ws/src/build/fishbot_description/install.log --single-version-externally-managed install_data
[2.344s] DEBUG:colcon.colcon_core.event_handler.log_command:Invoked command in '/home/nvidia/fishbot_ws/src/build/fishbot_navigation2' returned '0': CMAKE_PREFIX_PATH=/opt/ros/humble /usr/bin/cmake /home/nvidia/fishbot_ws/src/fishbot_navigation2 -DCMAKE_INSTALL_PREFIX=/home/nvidia/fishbot_ws/src/install/fishbot_navigation2
[2.347s] DEBUG:colcon.colcon_core.event_handler.log_command:Invoking command in '/home/nvidia/fishbot_ws/src/build/fishbot_navigation2': CMAKE_PREFIX_PATH=/opt/ros/humble /usr/bin/cmake --build /home/nvidia/fishbot_ws/src/build/fishbot_navigation2 -- -j8 -l8
[2.422s] DEBUG:colcon.colcon_core.event_handler.log_command:Invoked command in '/home/nvidia/fishbot_ws/src/build/fishbot_navigation2' returned '0': CMAKE_PREFIX_PATH=/opt/ros/humble /usr/bin/cmake --build /home/nvidia/fishbot_ws/src/build/fishbot_navigation2 -- -j8 -l8
[2.424s] DEBUG:colcon.colcon_core.event_handler.log_command:Invoking command in '/home/nvidia/fishbot_ws/src/build/fishbot_navigation2': CMAKE_PREFIX_PATH=/opt/ros/humble /usr/bin/cmake --install /home/nvidia/fishbot_ws/src/build/fishbot_navigation2
[2.452s] Level 1:colcon.colcon_core.environment:create_environment_scripts_only(fishbot_navigation2)
[2.453s] Level 1:colcon.colcon_core.environment:checking '/home/nvidia/fishbot_ws/src/install/fishbot_navigation2' for CMake module files
[2.454s] DEBUG:colcon.colcon_core.event_handler.log_command:Invoked command in '/home/nvidia/fishbot_ws/src/build/fishbot_navigation2' returned '0': CMAKE_PREFIX_PATH=/opt/ros/humble /usr/bin/cmake --install /home/nvidia/fishbot_ws/src/build/fishbot_navigation2
[2.455s] Level 1:colcon.colcon_core.environment:checking '/home/nvidia/fishbot_ws/src/install/fishbot_navigation2' for CMake config files
[2.456s] Level 1:colcon.colcon_core.shell:create_environment_hook('fishbot_navigation2', 'cmake_prefix_path')
[2.457s] INFO:colcon.colcon_core.shell:Creating environment hook '/home/nvidia/fishbot_ws/src/install/fishbot_navigation2/share/fishbot_navigation2/hook/cmake_prefix_path.ps1'
[2.458s] INFO:colcon.colcon_core.shell:Creating environment descriptor '/home/nvidia/fishbot_ws/src/install/fishbot_navigation2/share/fishbot_navigation2/hook/cmake_prefix_path.dsv'
[2.459s] INFO:colcon.colcon_core.shell:Creating environment hook '/home/nvidia/fishbot_ws/src/install/fishbot_navigation2/share/fishbot_navigation2/hook/cmake_prefix_path.sh'
[2.461s] Level 1:colcon.colcon_core.environment:checking '/home/nvidia/fishbot_ws/src/install/fishbot_navigation2/bin'
[2.461s] Level 1:colcon.colcon_core.environment:checking '/home/nvidia/fishbot_ws/src/install/fishbot_navigation2/lib/pkgconfig/fishbot_navigation2.pc'
[2.461s] Level 1:colcon.colcon_core.environment:checking '/home/nvidia/fishbot_ws/src/install/fishbot_navigation2/lib/python3.10/site-packages'
[2.462s] Level 1:colcon.colcon_core.environment:checking '/home/nvidia/fishbot_ws/src/install/fishbot_navigation2/bin'
[2.462s] INFO:colcon.colcon_core.shell:Creating package script '/home/nvidia/fishbot_ws/src/install/fishbot_navigation2/share/fishbot_navigation2/package.ps1'
[2.464s] INFO:colcon.colcon_core.shell:Creating package descriptor '/home/nvidia/fishbot_ws/src/install/fishbot_navigation2/share/fishbot_navigation2/package.dsv'
[2.466s] INFO:colcon.colcon_core.shell:Creating package script '/home/nvidia/fishbot_ws/src/install/fishbot_navigation2/share/fishbot_navigation2/package.sh'
[2.467s] INFO:colcon.colcon_core.shell:Creating package script '/home/nvidia/fishbot_ws/src/install/fishbot_navigation2/share/fishbot_navigation2/package.bash'
[2.468s] INFO:colcon.colcon_core.shell:Creating package script '/home/nvidia/fishbot_ws/src/install/fishbot_navigation2/share/fishbot_navigation2/package.zsh'
[2.468s] Level 1:colcon.colcon_core.environment:create_file_with_runtime_dependencies(/home/nvidia/fishbot_ws/src/install/fishbot_navigation2/share/colcon-core/packages/fishbot_navigation2)
[2.469s] Level 1:colcon.colcon_core.environment:create_environment_scripts_only(fishbot_navigation2)
[2.470s] Level 1:colcon.colcon_core.environment:checking '/home/nvidia/fishbot_ws/src/install/fishbot_navigation2' for CMake module files
[2.471s] Level 1:colcon.colcon_core.environment:checking '/home/nvidia/fishbot_ws/src/install/fishbot_navigation2' for CMake config files
[2.472s] Level 1:colcon.colcon_core.shell:create_environment_hook('fishbot_navigation2', 'cmake_prefix_path')
[2.473s] INFO:colcon.colcon_core.shell:Creating environment hook '/home/nvidia/fishbot_ws/src/install/fishbot_navigation2/share/fishbot_navigation2/hook/cmake_prefix_path.ps1'
[2.474s] INFO:colcon.colcon_core.shell:Creating environment descriptor '/home/nvidia/fishbot_ws/src/install/fishbot_navigation2/share/fishbot_navigation2/hook/cmake_prefix_path.dsv'
[2.474s] INFO:colcon.colcon_core.shell:Creating environment hook '/home/nvidia/fishbot_ws/src/install/fishbot_navigation2/share/fishbot_navigation2/hook/cmake_prefix_path.sh'
[2.476s] Level 1:colcon.colcon_core.environment:checking '/home/nvidia/fishbot_ws/src/install/fishbot_navigation2/bin'
[2.477s] Level 1:colcon.colcon_core.environment:checking '/home/nvidia/fishbot_ws/src/install/fishbot_navigation2/lib/pkgconfig/fishbot_navigation2.pc'
[2.477s] Level 1:colcon.colcon_core.environment:checking '/home/nvidia/fishbot_ws/src/install/fishbot_navigation2/lib/python3.10/site-packages'
[2.477s] Level 1:colcon.colcon_core.environment:checking '/home/nvidia/fishbot_ws/src/install/fishbot_navigation2/bin'
[2.478s] INFO:colcon.colcon_core.shell:Creating package script '/home/nvidia/fishbot_ws/src/install/fishbot_navigation2/share/fishbot_navigation2/package.ps1'
[2.480s] INFO:colcon.colcon_core.shell:Creating package descriptor '/home/nvidia/fishbot_ws/src/install/fishbot_navigation2/share/fishbot_navigation2/package.dsv'
[2.481s] INFO:colcon.colcon_core.shell:Creating package script '/home/nvidia/fishbot_ws/src/install/fishbot_navigation2/share/fishbot_navigation2/package.sh'
[2.482s] INFO:colcon.colcon_core.shell:Creating package script '/home/nvidia/fishbot_ws/src/install/fishbot_navigation2/share/fishbot_navigation2/package.bash'
[2.484s] INFO:colcon.colcon_core.shell:Creating package script '/home/nvidia/fishbot_ws/src/install/fishbot_navigation2/share/fishbot_navigation2/package.zsh'
[2.485s] Level 1:colcon.colcon_core.environment:create_file_with_runtime_dependencies(/home/nvidia/fishbot_ws/src/install/fishbot_navigation2/share/colcon-core/packages/fishbot_navigation2)
[2.488s] Level 1:colcon.colcon_core.environment:checking '/home/nvidia/fishbot_ws/src/install/fishbot_description' for CMake module files
[2.489s] DEBUG:colcon.colcon_core.event_handler.log_command:Invoked command in '/home/nvidia/fishbot_ws/src/fishbot_description' returned '0': PYTHONPATH=/home/nvidia/fishbot_ws/src/build/fishbot_description/prefix_override:/usr/lib/python3/dist-packages/colcon_core/task/python/colcon_distutils_commands:/home/nvidia/fishbot_ws/src/install/fishbot_description/lib/python3.10/site-packages:${PYTHONPATH} /usr/bin/python3 -W ignore:setup.py install is deprecated -W ignore:easy_install command is deprecated setup.py egg_info --egg-base ../build/fishbot_description build --build-base /home/nvidia/fishbot_ws/src/build/fishbot_description/build install --record /home/nvidia/fishbot_ws/src/build/fishbot_description/install.log --single-version-externally-managed install_data
[2.490s] Level 1:colcon.colcon_core.environment:checking '/home/nvidia/fishbot_ws/src/install/fishbot_description' for CMake config files
[2.491s] Level 1:colcon.colcon_core.environment:checking '/home/nvidia/fishbot_ws/src/install/fishbot_description/lib'
[2.491s] Level 1:colcon.colcon_core.environment:checking '/home/nvidia/fishbot_ws/src/install/fishbot_description/bin'
[2.492s] Level 1:colcon.colcon_core.environment:checking '/home/nvidia/fishbot_ws/src/install/fishbot_description/lib/pkgconfig/fishbot_description.pc'
[2.495s] Level 1:colcon.colcon_core.environment:checking '/home/nvidia/fishbot_ws/src/install/fishbot_description/lib/python3.10/site-packages'
[2.495s] Level 1:colcon.colcon_core.shell:create_environment_hook('fishbot_description', 'pythonpath')
[2.496s] INFO:colcon.colcon_core.shell:Creating environment hook '/home/nvidia/fishbot_ws/src/install/fishbot_description/share/fishbot_description/hook/pythonpath.ps1'
[2.497s] INFO:colcon.colcon_core.shell:Creating environment descriptor '/home/nvidia/fishbot_ws/src/install/fishbot_description/share/fishbot_description/hook/pythonpath.dsv'
[2.498s] INFO:colcon.colcon_core.shell:Creating environment hook '/home/nvidia/fishbot_ws/src/install/fishbot_description/share/fishbot_description/hook/pythonpath.sh'
[2.499s] Level 1:colcon.colcon_core.environment:checking '/home/nvidia/fishbot_ws/src/install/fishbot_description/bin'
[2.499s] Level 1:colcon.colcon_core.environment:create_environment_scripts_only(fishbot_description)
[2.500s] INFO:colcon.colcon_core.shell:Creating package script '/home/nvidia/fishbot_ws/src/install/fishbot_description/share/fishbot_description/package.ps1'
[2.501s] INFO:colcon.colcon_core.shell:Creating package descriptor '/home/nvidia/fishbot_ws/src/install/fishbot_description/share/fishbot_description/package.dsv'
[2.502s] INFO:colcon.colcon_core.shell:Creating package script '/home/nvidia/fishbot_ws/src/install/fishbot_description/share/fishbot_description/package.sh'
[2.502s] INFO:colcon.colcon_core.shell:Creating package script '/home/nvidia/fishbot_ws/src/install/fishbot_description/share/fishbot_description/package.bash'
[2.503s] INFO:colcon.colcon_core.shell:Creating package script '/home/nvidia/fishbot_ws/src/install/fishbot_description/share/fishbot_description/package.zsh'
[2.504s] Level 1:colcon.colcon_core.environment:create_file_with_runtime_dependencies(/home/nvidia/fishbot_ws/src/install/fishbot_description/share/colcon-core/packages/fishbot_description)
[18.079s] DEBUG:colcon.colcon_core.event_handler.log_command:Invoked command in '/home/nvidia/fishbot_ws/src/build/fishbot_bringup' returned '0': CMAKE_PREFIX_PATH=/opt/ros/humble /usr/bin/cmake --build /home/nvidia/fishbot_ws/src/build/fishbot_bringup -- -j8 -l8
[18.081s] DEBUG:colcon.colcon_core.event_handler.log_command:Invoking command in '/home/nvidia/fishbot_ws/src/build/fishbot_bringup': CMAKE_PREFIX_PATH=/opt/ros/humble /usr/bin/cmake --install /home/nvidia/fishbot_ws/src/build/fishbot_bringup
[18.110s] Level 1:colcon.colcon_core.environment:create_environment_scripts_only(fishbot_bringup)
[18.110s] Level 1:colcon.colcon_core.environment:checking '/home/nvidia/fishbot_ws/src/install/fishbot_bringup' for CMake module files
[18.111s] DEBUG:colcon.colcon_core.event_handler.log_command:Invoked command in '/home/nvidia/fishbot_ws/src/build/fishbot_bringup' returned '0': CMAKE_PREFIX_PATH=/opt/ros/humble /usr/bin/cmake --install /home/nvidia/fishbot_ws/src/build/fishbot_bringup
[18.112s] Level 1:colcon.colcon_core.environment:checking '/home/nvidia/fishbot_ws/src/install/fishbot_bringup' for CMake config files
[18.112s] Level 1:colcon.colcon_core.shell:create_environment_hook('fishbot_bringup', 'cmake_prefix_path')
[18.112s] INFO:colcon.colcon_core.shell:Creating environment hook '/home/nvidia/fishbot_ws/src/install/fishbot_bringup/share/fishbot_bringup/hook/cmake_prefix_path.ps1'
[18.113s] INFO:colcon.colcon_core.shell:Creating environment descriptor '/home/nvidia/fishbot_ws/src/install/fishbot_bringup/share/fishbot_bringup/hook/cmake_prefix_path.dsv'
[18.114s] INFO:colcon.colcon_core.shell:Creating environment hook '/home/nvidia/fishbot_ws/src/install/fishbot_bringup/share/fishbot_bringup/hook/cmake_prefix_path.sh'
[18.115s] Level 1:colcon.colcon_core.environment:checking '/home/nvidia/fishbot_ws/src/install/fishbot_bringup/lib'
[18.115s] Level 1:colcon.colcon_core.environment:checking '/home/nvidia/fishbot_ws/src/install/fishbot_bringup/bin'
[18.115s] Level 1:colcon.colcon_core.environment:checking '/home/nvidia/fishbot_ws/src/install/fishbot_bringup/lib/pkgconfig/fishbot_bringup.pc'
[18.116s] Level 1:colcon.colcon_core.environment:checking '/home/nvidia/fishbot_ws/src/install/fishbot_bringup/lib/python3.10/site-packages'
[18.116s] Level 1:colcon.colcon_core.environment:checking '/home/nvidia/fishbot_ws/src/install/fishbot_bringup/bin'
[18.116s] INFO:colcon.colcon_core.shell:Creating package script '/home/nvidia/fishbot_ws/src/install/fishbot_bringup/share/fishbot_bringup/package.ps1'
[18.117s] INFO:colcon.colcon_core.shell:Creating package descriptor '/home/nvidia/fishbot_ws/src/install/fishbot_bringup/share/fishbot_bringup/package.dsv'
[18.118s] INFO:colcon.colcon_core.shell:Creating package script '/home/nvidia/fishbot_ws/src/install/fishbot_bringup/share/fishbot_bringup/package.sh'
[18.119s] INFO:colcon.colcon_core.shell:Creating package script '/home/nvidia/fishbot_ws/src/install/fishbot_bringup/share/fishbot_bringup/package.bash'
[18.120s] INFO:colcon.colcon_core.shell:Creating package script '/home/nvidia/fishbot_ws/src/install/fishbot_bringup/share/fishbot_bringup/package.zsh'
[18.120s] Level 1:colcon.colcon_core.environment:create_file_with_runtime_dependencies(/home/nvidia/fishbot_ws/src/install/fishbot_bringup/share/colcon-core/packages/fishbot_bringup)
[18.121s] Level 1:colcon.colcon_core.environment:create_environment_scripts_only(fishbot_bringup)
[18.122s] Level 1:colcon.colcon_core.environment:checking '/home/nvidia/fishbot_ws/src/install/fishbot_bringup' for CMake module files
[18.122s] Level 1:colcon.colcon_core.environment:checking '/home/nvidia/fishbot_ws/src/install/fishbot_bringup' for CMake config files
[18.123s] Level 1:colcon.colcon_core.shell:create_environment_hook('fishbot_bringup', 'cmake_prefix_path')
[18.123s] INFO:colcon.colcon_core.shell:Creating environment hook '/home/nvidia/fishbot_ws/src/install/fishbot_bringup/share/fishbot_bringup/hook/cmake_prefix_path.ps1'
[18.124s] INFO:colcon.colcon_core.shell:Creating environment descriptor '/home/nvidia/fishbot_ws/src/install/fishbot_bringup/share/fishbot_bringup/hook/cmake_prefix_path.dsv'
[18.125s] INFO:colcon.colcon_core.shell:Creating environment hook '/home/nvidia/fishbot_ws/src/install/fishbot_bringup/share/fishbot_bringup/hook/cmake_prefix_path.sh'
[18.126s] Level 1:colcon.colcon_core.environment:checking '/home/nvidia/fishbot_ws/src/install/fishbot_bringup/lib'
[18.126s] Level 1:colcon.colcon_core.environment:checking '/home/nvidia/fishbot_ws/src/install/fishbot_bringup/bin'
[18.126s] Level 1:colcon.colcon_core.environment:checking '/home/nvidia/fishbot_ws/src/install/fishbot_bringup/lib/pkgconfig/fishbot_bringup.pc'
[18.126s] Level 1:colcon.colcon_core.environment:checking '/home/nvidia/fishbot_ws/src/install/fishbot_bringup/lib/python3.10/site-packages'
[18.127s] Level 1:colcon.colcon_core.environment:checking '/home/nvidia/fishbot_ws/src/install/fishbot_bringup/bin'
[18.127s] INFO:colcon.colcon_core.shell:Creating package script '/home/nvidia/fishbot_ws/src/install/fishbot_bringup/share/fishbot_bringup/package.ps1'
[18.128s] INFO:colcon.colcon_core.shell:Creating package descriptor '/home/nvidia/fishbot_ws/src/install/fishbot_bringup/share/fishbot_bringup/package.dsv'
[18.129s] INFO:colcon.colcon_core.shell:Creating package script '/home/nvidia/fishbot_ws/src/install/fishbot_bringup/share/fishbot_bringup/package.sh'
[18.130s] INFO:colcon.colcon_core.shell:Creating package script '/home/nvidia/fishbot_ws/src/install/fishbot_bringup/share/fishbot_bringup/package.bash'
[18.130s] INFO:colcon.colcon_core.shell:Creating package script '/home/nvidia/fishbot_ws/src/install/fishbot_bringup/share/fishbot_bringup/package.zsh'
[18.131s] Level 1:colcon.colcon_core.environment:create_file_with_runtime_dependencies(/home/nvidia/fishbot_ws/src/install/fishbot_bringup/share/colcon-core/packages/fishbot_bringup)
[18.132s] DEBUG:colcon.colcon_parallel_executor.executor.parallel:closing loop
[18.132s] DEBUG:colcon.colcon_parallel_executor.executor.parallel:loop closed
[18.133s] DEBUG:colcon.colcon_parallel_executor.executor.parallel:run_until_complete finished with '0'
[18.133s] DEBUG:colcon.colcon_core.event_reactor:joining thread
[18.145s] INFO:colcon.colcon_core.plugin_system:Skipping extension 'colcon_notification.desktop_notification.terminal_notifier': Not used on non-Darwin systems
[18.146s] INFO:colcon.colcon_core.plugin_system:Skipping extension 'colcon_notification.desktop_notification.win32': Not used on non-Windows systems
[18.146s] INFO:colcon.colcon_notification.desktop_notification:Sending desktop notification using 'notify2'
[18.174s] DEBUG:colcon.colcon_core.event_reactor:joined thread
[18.175s] INFO:colcon.colcon_core.shell:Creating prefix script '/home/nvidia/fishbot_ws/src/install/local_setup.ps1'
[18.178s] INFO:colcon.colcon_core.shell:Creating prefix util module '/home/nvidia/fishbot_ws/src/install/_local_setup_util_ps1.py'
[18.182s] INFO:colcon.colcon_core.shell:Creating prefix chain script '/home/nvidia/fishbot_ws/src/install/setup.ps1'
[18.184s] INFO:colcon.colcon_core.shell:Creating prefix script '/home/nvidia/fishbot_ws/src/install/local_setup.sh'
[18.186s] INFO:colcon.colcon_core.shell:Creating prefix util module '/home/nvidia/fishbot_ws/src/install/_local_setup_util_sh.py'
[18.187s] INFO:colcon.colcon_core.shell:Creating prefix chain script '/home/nvidia/fishbot_ws/src/install/setup.sh'
[18.190s] INFO:colcon.colcon_core.shell:Creating prefix script '/home/nvidia/fishbot_ws/src/install/local_setup.bash'
[18.192s] INFO:colcon.colcon_core.shell:Creating prefix chain script '/home/nvidia/fishbot_ws/src/install/setup.bash'
[18.195s] INFO:colcon.colcon_core.shell:Creating prefix script '/home/nvidia/fishbot_ws/src/install/local_setup.zsh'
[18.196s] INFO:colcon.colcon_core.shell:Creating prefix chain script '/home/nvidia/fishbot_ws/src/install/setup.zsh'
