[0.202s] DEBUG:colcon:Command line arguments: ['/usr/bin/colcon', 'build']
[0.203s] DEBUG:colcon:Parsed command line arguments: Namespace(log_base=None, log_level=None, verb_name='build', build_base='build', install_base='install', merge_install=False, symlink_install=False, test_result_base=None, continue_on_error=False, executor='parallel', parallel_workers=8, event_handlers=None, ignore_user_meta=False, metas=['./colcon.meta'], base_paths=['.'], packages_ignore=None, packages_ignore_regex=None, paths=None, packages_up_to=None, packages_up_to_regex=None, packages_above=None, packages_above_and_dependencies=None, packages_above_depth=None, packages_select_by_dep=None, packages_skip_by_dep=None, packages_skip_up_to=None, packages_select_build_failed=False, packages_skip_build_finished=False, packages_select_test_failures=False, packages_skip_test_passed=False, packages_select=None, packages_skip=None, packages_select_regex=None, packages_skip_regex=None, packages_start=None, packages_end=None, allow_overriding=[], cmake_args=None, cmake_target=None, cmake_target_skip_unavailable=False, cmake_clean_cache=False, cmake_clean_first=False, cmake_force_configure=False, ament_cmake_args=None, catkin_cmake_args=None, catkin_skip_building_tests=False, mixin_files=None, mixin=None, verb_parser=<colcon_mixin.mixin.mixin_argument.MixinArgumentDecorator object at 0xffff98417610>, verb_extension=<colcon_core.verb.build.BuildVerb object at 0xffff98416c50>, main=<bound method BuildVerb.main of <colcon_core.verb.build.BuildVerb object at 0xffff98416c50>>, mixin_verb=('build',))
[0.512s] Level 1:colcon.colcon_core.package_discovery:discover_packages(colcon_meta) check parameters
[0.512s] Level 1:colcon.colcon_core.package_discovery:discover_packages(recursive) check parameters
[0.512s] Level 1:colcon.colcon_core.package_discovery:discover_packages(ignore) check parameters
[0.512s] Level 1:colcon.colcon_core.package_discovery:discover_packages(path) check parameters
[0.512s] Level 1:colcon.colcon_core.package_discovery:discover_packages(colcon_meta) discover
[0.513s] Level 1:colcon.colcon_core.package_discovery:discover_packages(recursive) discover
[0.513s] INFO:colcon.colcon_core.package_discovery:Crawling recursively for packages in '/home/nvidia/2d_slam'
[0.513s] Level 1:colcon.colcon_core.package_identification:_identify(.) by extensions ['ignore', 'ignore_ament_install']
[0.513s] Level 1:colcon.colcon_core.package_identification:_identify(.) by extension 'ignore'
[0.513s] Level 1:colcon.colcon_core.package_identification:_identify(.) by extension 'ignore_ament_install'
[0.514s] Level 1:colcon.colcon_core.package_identification:_identify(.) by extensions ['colcon_pkg']
[0.514s] Level 1:colcon.colcon_core.package_identification:_identify(.) by extension 'colcon_pkg'
[0.514s] Level 1:colcon.colcon_core.package_identification:_identify(.) by extensions ['colcon_meta']
[0.514s] Level 1:colcon.colcon_core.package_identification:_identify(.) by extension 'colcon_meta'
[0.514s] Level 1:colcon.colcon_core.package_identification:_identify(.) by extensions ['ros']
[0.514s] Level 1:colcon.colcon_core.package_identification:_identify(.) by extension 'ros'
[0.535s] Level 1:colcon.colcon_core.package_identification:_identify(.) by extensions ['cmake', 'python']
[0.535s] Level 1:colcon.colcon_core.package_identification:_identify(.) by extension 'cmake'
[0.535s] Level 1:colcon.colcon_core.package_identification:_identify(.) by extension 'python'
[0.535s] Level 1:colcon.colcon_core.package_identification:_identify(.) by extensions ['python_setup_py']
[0.535s] Level 1:colcon.colcon_core.package_identification:_identify(.) by extension 'python_setup_py'
[0.536s] Level 1:colcon.colcon_core.package_identification:_identify(build) by extensions ['ignore', 'ignore_ament_install']
[0.536s] Level 1:colcon.colcon_core.package_identification:_identify(build) by extension 'ignore'
[0.536s] Level 1:colcon.colcon_core.package_identification:_identify(build) ignored
[0.536s] Level 1:colcon.colcon_core.package_identification:_identify(install) by extensions ['ignore', 'ignore_ament_install']
[0.536s] Level 1:colcon.colcon_core.package_identification:_identify(install) by extension 'ignore'
[0.536s] Level 1:colcon.colcon_core.package_identification:_identify(install) ignored
[0.536s] Level 1:colcon.colcon_core.package_identification:_identify(log) by extensions ['ignore', 'ignore_ament_install']
[0.537s] Level 1:colcon.colcon_core.package_identification:_identify(log) by extension 'ignore'
[0.537s] Level 1:colcon.colcon_core.package_identification:_identify(log) ignored
[0.537s] Level 1:colcon.colcon_core.package_identification:_identify(src) by extensions ['ignore', 'ignore_ament_install']
[0.537s] Level 1:colcon.colcon_core.package_identification:_identify(src) by extension 'ignore'
[0.537s] Level 1:colcon.colcon_core.package_identification:_identify(src) by extension 'ignore_ament_install'
[0.537s] Level 1:colcon.colcon_core.package_identification:_identify(src) by extensions ['colcon_pkg']
[0.537s] Level 1:colcon.colcon_core.package_identification:_identify(src) by extension 'colcon_pkg'
[0.537s] Level 1:colcon.colcon_core.package_identification:_identify(src) by extensions ['colcon_meta']
[0.537s] Level 1:colcon.colcon_core.package_identification:_identify(src) by extension 'colcon_meta'
[0.537s] Level 1:colcon.colcon_core.package_identification:_identify(src) by extensions ['ros']
[0.537s] Level 1:colcon.colcon_core.package_identification:_identify(src) by extension 'ros'
[0.538s] Level 1:colcon.colcon_core.package_identification:_identify(src) by extensions ['cmake', 'python']
[0.538s] Level 1:colcon.colcon_core.package_identification:_identify(src) by extension 'cmake'
[0.538s] Level 1:colcon.colcon_core.package_identification:_identify(src) by extension 'python'
[0.538s] Level 1:colcon.colcon_core.package_identification:_identify(src) by extensions ['python_setup_py']
[0.538s] Level 1:colcon.colcon_core.package_identification:_identify(src) by extension 'python_setup_py'
[0.538s] Level 1:colcon.colcon_core.package_identification:_identify(src/LSLIDAR_X_ROS2-20240228) by extensions ['ignore', 'ignore_ament_install']
[0.538s] Level 1:colcon.colcon_core.package_identification:_identify(src/LSLIDAR_X_ROS2-20240228) by extension 'ignore'
[0.538s] Level 1:colcon.colcon_core.package_identification:_identify(src/LSLIDAR_X_ROS2-20240228) by extension 'ignore_ament_install'
[0.538s] Level 1:colcon.colcon_core.package_identification:_identify(src/LSLIDAR_X_ROS2-20240228) by extensions ['colcon_pkg']
[0.538s] Level 1:colcon.colcon_core.package_identification:_identify(src/LSLIDAR_X_ROS2-20240228) by extension 'colcon_pkg'
[0.539s] Level 1:colcon.colcon_core.package_identification:_identify(src/LSLIDAR_X_ROS2-20240228) by extensions ['colcon_meta']
[0.539s] Level 1:colcon.colcon_core.package_identification:_identify(src/LSLIDAR_X_ROS2-20240228) by extension 'colcon_meta'
[0.539s] Level 1:colcon.colcon_core.package_identification:_identify(src/LSLIDAR_X_ROS2-20240228) by extensions ['ros']
[0.539s] Level 1:colcon.colcon_core.package_identification:_identify(src/LSLIDAR_X_ROS2-20240228) by extension 'ros'
[0.539s] Level 1:colcon.colcon_core.package_identification:_identify(src/LSLIDAR_X_ROS2-20240228) by extensions ['cmake', 'python']
[0.539s] Level 1:colcon.colcon_core.package_identification:_identify(src/LSLIDAR_X_ROS2-20240228) by extension 'cmake'
[0.539s] Level 1:colcon.colcon_core.package_identification:_identify(src/LSLIDAR_X_ROS2-20240228) by extension 'python'
[0.539s] Level 1:colcon.colcon_core.package_identification:_identify(src/LSLIDAR_X_ROS2-20240228) by extensions ['python_setup_py']
[0.539s] Level 1:colcon.colcon_core.package_identification:_identify(src/LSLIDAR_X_ROS2-20240228) by extension 'python_setup_py'
[0.539s] Level 1:colcon.colcon_core.package_identification:_identify(src/LSLIDAR_X_ROS2-20240228/src) by extensions ['ignore', 'ignore_ament_install']
[0.539s] Level 1:colcon.colcon_core.package_identification:_identify(src/LSLIDAR_X_ROS2-20240228/src) by extension 'ignore'
[0.539s] Level 1:colcon.colcon_core.package_identification:_identify(src/LSLIDAR_X_ROS2-20240228/src) by extension 'ignore_ament_install'
[0.540s] Level 1:colcon.colcon_core.package_identification:_identify(src/LSLIDAR_X_ROS2-20240228/src) by extensions ['colcon_pkg']
[0.540s] Level 1:colcon.colcon_core.package_identification:_identify(src/LSLIDAR_X_ROS2-20240228/src) by extension 'colcon_pkg'
[0.540s] Level 1:colcon.colcon_core.package_identification:_identify(src/LSLIDAR_X_ROS2-20240228/src) by extensions ['colcon_meta']
[0.540s] Level 1:colcon.colcon_core.package_identification:_identify(src/LSLIDAR_X_ROS2-20240228/src) by extension 'colcon_meta'
[0.540s] Level 1:colcon.colcon_core.package_identification:_identify(src/LSLIDAR_X_ROS2-20240228/src) by extensions ['ros']
[0.540s] Level 1:colcon.colcon_core.package_identification:_identify(src/LSLIDAR_X_ROS2-20240228/src) by extension 'ros'
[0.540s] Level 1:colcon.colcon_core.package_identification:_identify(src/LSLIDAR_X_ROS2-20240228/src) by extensions ['cmake', 'python']
[0.540s] Level 1:colcon.colcon_core.package_identification:_identify(src/LSLIDAR_X_ROS2-20240228/src) by extension 'cmake'
[0.540s] Level 1:colcon.colcon_core.package_identification:_identify(src/LSLIDAR_X_ROS2-20240228/src) by extension 'python'
[0.540s] Level 1:colcon.colcon_core.package_identification:_identify(src/LSLIDAR_X_ROS2-20240228/src) by extensions ['python_setup_py']
[0.540s] Level 1:colcon.colcon_core.package_identification:_identify(src/LSLIDAR_X_ROS2-20240228/src) by extension 'python_setup_py'
[0.540s] Level 1:colcon.colcon_core.package_identification:_identify(src/LSLIDAR_X_ROS2-20240228/src/lslidar_driver) by extensions ['ignore', 'ignore_ament_install']
[0.541s] Level 1:colcon.colcon_core.package_identification:_identify(src/LSLIDAR_X_ROS2-20240228/src/lslidar_driver) by extension 'ignore'
[0.541s] Level 1:colcon.colcon_core.package_identification:_identify(src/LSLIDAR_X_ROS2-20240228/src/lslidar_driver) by extension 'ignore_ament_install'
[0.541s] Level 1:colcon.colcon_core.package_identification:_identify(src/LSLIDAR_X_ROS2-20240228/src/lslidar_driver) by extensions ['colcon_pkg']
[0.541s] Level 1:colcon.colcon_core.package_identification:_identify(src/LSLIDAR_X_ROS2-20240228/src/lslidar_driver) by extension 'colcon_pkg'
[0.541s] Level 1:colcon.colcon_core.package_identification:_identify(src/LSLIDAR_X_ROS2-20240228/src/lslidar_driver) by extensions ['colcon_meta']
[0.541s] Level 1:colcon.colcon_core.package_identification:_identify(src/LSLIDAR_X_ROS2-20240228/src/lslidar_driver) by extension 'colcon_meta'
[0.541s] Level 1:colcon.colcon_core.package_identification:_identify(src/LSLIDAR_X_ROS2-20240228/src/lslidar_driver) by extensions ['ros']
[0.541s] Level 1:colcon.colcon_core.package_identification:_identify(src/LSLIDAR_X_ROS2-20240228/src/lslidar_driver) by extension 'ros'
[0.545s] DEBUG:colcon.colcon_core.package_identification:Package 'src/LSLIDAR_X_ROS2-20240228/src/lslidar_driver' with type 'ros.ament_cmake' and name 'lslidar_driver'
[0.546s] Level 1:colcon.colcon_core.package_identification:_identify(src/LSLIDAR_X_ROS2-20240228/src/lslidar_msgs) by extensions ['ignore', 'ignore_ament_install']
[0.546s] Level 1:colcon.colcon_core.package_identification:_identify(src/LSLIDAR_X_ROS2-20240228/src/lslidar_msgs) by extension 'ignore'
[0.546s] Level 1:colcon.colcon_core.package_identification:_identify(src/LSLIDAR_X_ROS2-20240228/src/lslidar_msgs) by extension 'ignore_ament_install'
[0.546s] Level 1:colcon.colcon_core.package_identification:_identify(src/LSLIDAR_X_ROS2-20240228/src/lslidar_msgs) by extensions ['colcon_pkg']
[0.546s] Level 1:colcon.colcon_core.package_identification:_identify(src/LSLIDAR_X_ROS2-20240228/src/lslidar_msgs) by extension 'colcon_pkg'
[0.546s] Level 1:colcon.colcon_core.package_identification:_identify(src/LSLIDAR_X_ROS2-20240228/src/lslidar_msgs) by extensions ['colcon_meta']
[0.546s] Level 1:colcon.colcon_core.package_identification:_identify(src/LSLIDAR_X_ROS2-20240228/src/lslidar_msgs) by extension 'colcon_meta'
[0.546s] Level 1:colcon.colcon_core.package_identification:_identify(src/LSLIDAR_X_ROS2-20240228/src/lslidar_msgs) by extensions ['ros']
[0.547s] Level 1:colcon.colcon_core.package_identification:_identify(src/LSLIDAR_X_ROS2-20240228/src/lslidar_msgs) by extension 'ros'
[0.548s] DEBUG:colcon.colcon_core.package_identification:Package 'src/LSLIDAR_X_ROS2-20240228/src/lslidar_msgs' with type 'ros.ament_cmake' and name 'lslidar_msgs'
[0.548s] Level 1:colcon.colcon_core.package_discovery:discover_packages(recursive) using defaults
[0.548s] Level 1:colcon.colcon_core.package_discovery:discover_packages(ignore) discover
[0.548s] Level 1:colcon.colcon_core.package_discovery:discover_packages(ignore) using defaults
[0.548s] Level 1:colcon.colcon_core.package_discovery:discover_packages(path) discover
[0.548s] Level 1:colcon.colcon_core.package_discovery:discover_packages(path) using defaults
[0.617s] Level 1:colcon.colcon_core.package_discovery:discover_packages(prefix_path) check parameters
[0.617s] Level 1:colcon.colcon_core.package_discovery:discover_packages(prefix_path) discover
[0.620s] WARNING:colcon.colcon_ros.prefix_path.catkin:The path '/usr/share/gazebo-11/cmake' in the environment variable CMAKE_PREFIX_PATH doesn't exist
[0.623s] DEBUG:colcon.colcon_installed_package_information.package_discovery:Found 398 installed packages in /opt/ros/humble
[0.626s] Level 1:colcon.colcon_core.package_discovery:discover_packages(prefix_path) using defaults
[0.708s] Level 5:colcon.colcon_core.verb:set package 'lslidar_msgs' build argument 'cmake_args' from command line to 'None'
[0.709s] Level 5:colcon.colcon_core.verb:set package 'lslidar_msgs' build argument 'cmake_target' from command line to 'None'
[0.709s] Level 5:colcon.colcon_core.verb:set package 'lslidar_msgs' build argument 'cmake_target_skip_unavailable' from command line to 'False'
[0.709s] Level 5:colcon.colcon_core.verb:set package 'lslidar_msgs' build argument 'cmake_clean_cache' from command line to 'False'
[0.709s] Level 5:colcon.colcon_core.verb:set package 'lslidar_msgs' build argument 'cmake_clean_first' from command line to 'False'
[0.709s] Level 5:colcon.colcon_core.verb:set package 'lslidar_msgs' build argument 'cmake_force_configure' from command line to 'False'
[0.709s] Level 5:colcon.colcon_core.verb:set package 'lslidar_msgs' build argument 'ament_cmake_args' from command line to 'None'
[0.709s] Level 5:colcon.colcon_core.verb:set package 'lslidar_msgs' build argument 'catkin_cmake_args' from command line to 'None'
[0.709s] Level 5:colcon.colcon_core.verb:set package 'lslidar_msgs' build argument 'catkin_skip_building_tests' from command line to 'False'
[0.709s] DEBUG:colcon.colcon_core.verb:Building package 'lslidar_msgs' with the following arguments: {'ament_cmake_args': None, 'build_base': '/home/nvidia/2d_slam/build/lslidar_msgs', 'catkin_cmake_args': None, 'catkin_skip_building_tests': False, 'cmake_args': None, 'cmake_clean_cache': False, 'cmake_clean_first': False, 'cmake_force_configure': False, 'cmake_target': None, 'cmake_target_skip_unavailable': False, 'install_base': '/home/nvidia/2d_slam/install/lslidar_msgs', 'merge_install': False, 'path': '/home/nvidia/2d_slam/src/LSLIDAR_X_ROS2-20240228/src/lslidar_msgs', 'symlink_install': False, 'test_result_base': None}
[0.710s] Level 5:colcon.colcon_core.verb:set package 'lslidar_driver' build argument 'cmake_args' from command line to 'None'
[0.710s] Level 5:colcon.colcon_core.verb:set package 'lslidar_driver' build argument 'cmake_target' from command line to 'None'
[0.710s] Level 5:colcon.colcon_core.verb:set package 'lslidar_driver' build argument 'cmake_target_skip_unavailable' from command line to 'False'
[0.710s] Level 5:colcon.colcon_core.verb:set package 'lslidar_driver' build argument 'cmake_clean_cache' from command line to 'False'
[0.710s] Level 5:colcon.colcon_core.verb:set package 'lslidar_driver' build argument 'cmake_clean_first' from command line to 'False'
[0.710s] Level 5:colcon.colcon_core.verb:set package 'lslidar_driver' build argument 'cmake_force_configure' from command line to 'False'
[0.710s] Level 5:colcon.colcon_core.verb:set package 'lslidar_driver' build argument 'ament_cmake_args' from command line to 'None'
[0.710s] Level 5:colcon.colcon_core.verb:set package 'lslidar_driver' build argument 'catkin_cmake_args' from command line to 'None'
[0.710s] Level 5:colcon.colcon_core.verb:set package 'lslidar_driver' build argument 'catkin_skip_building_tests' from command line to 'False'
[0.710s] DEBUG:colcon.colcon_core.verb:Building package 'lslidar_driver' with the following arguments: {'ament_cmake_args': None, 'build_base': '/home/nvidia/2d_slam/build/lslidar_driver', 'catkin_cmake_args': None, 'catkin_skip_building_tests': False, 'cmake_args': None, 'cmake_clean_cache': False, 'cmake_clean_first': False, 'cmake_force_configure': False, 'cmake_target': None, 'cmake_target_skip_unavailable': False, 'install_base': '/home/nvidia/2d_slam/install/lslidar_driver', 'merge_install': False, 'path': '/home/nvidia/2d_slam/src/LSLIDAR_X_ROS2-20240228/src/lslidar_driver', 'symlink_install': False, 'test_result_base': None}
[0.710s] INFO:colcon.colcon_core.executor:Executing jobs using 'parallel' executor
[0.713s] DEBUG:colcon.colcon_parallel_executor.executor.parallel:run_until_complete
[0.713s] INFO:colcon.colcon_ros.task.ament_cmake.build:Building ROS package in '/home/nvidia/2d_slam/src/LSLIDAR_X_ROS2-20240228/src/lslidar_msgs' with build type 'ament_cmake'
[0.714s] INFO:colcon.colcon_cmake.task.cmake.build:Building CMake package in '/home/nvidia/2d_slam/src/LSLIDAR_X_ROS2-20240228/src/lslidar_msgs'
[0.717s] INFO:colcon.colcon_core.plugin_system:Skipping extension 'colcon_core.shell.bat': Not used on non-Windows systems
[0.717s] INFO:colcon.colcon_core.shell:Skip shell extension 'powershell' for command environment: Not usable outside of PowerShell
[0.717s] DEBUG:colcon.colcon_core.shell:Skip shell extension 'dsv' for command environment
[0.728s] DEBUG:colcon.colcon_core.event_handler.log_command:Invoking command in '/home/nvidia/2d_slam/build/lslidar_msgs': CMAKE_PREFIX_PATH=${CMAKE_PREFIX_PATH}:/opt/ros/humble /usr/bin/cmake /home/nvidia/2d_slam/src/LSLIDAR_X_ROS2-20240228/src/lslidar_msgs -DCMAKE_INSTALL_PREFIX=/home/nvidia/2d_slam/install/lslidar_msgs
[4.167s] DEBUG:colcon.colcon_core.event_handler.log_command:Invoked command in '/home/nvidia/2d_slam/build/lslidar_msgs' returned '0': CMAKE_PREFIX_PATH=${CMAKE_PREFIX_PATH}:/opt/ros/humble /usr/bin/cmake /home/nvidia/2d_slam/src/LSLIDAR_X_ROS2-20240228/src/lslidar_msgs -DCMAKE_INSTALL_PREFIX=/home/nvidia/2d_slam/install/lslidar_msgs
[4.172s] DEBUG:colcon.colcon_core.event_handler.log_command:Invoking command in '/home/nvidia/2d_slam/build/lslidar_msgs': CMAKE_PREFIX_PATH=${CMAKE_PREFIX_PATH}:/opt/ros/humble /usr/bin/cmake --build /home/nvidia/2d_slam/build/lslidar_msgs -- -j8 -l8
[11.547s] DEBUG:colcon.colcon_core.event_handler.log_command:Invoked command in '/home/nvidia/2d_slam/build/lslidar_msgs' returned '0': CMAKE_PREFIX_PATH=${CMAKE_PREFIX_PATH}:/opt/ros/humble /usr/bin/cmake --build /home/nvidia/2d_slam/build/lslidar_msgs -- -j8 -l8
[11.569s] DEBUG:colcon.colcon_core.event_handler.log_command:Invoking command in '/home/nvidia/2d_slam/build/lslidar_msgs': CMAKE_PREFIX_PATH=${CMAKE_PREFIX_PATH}:/opt/ros/humble /usr/bin/cmake --install /home/nvidia/2d_slam/build/lslidar_msgs
[11.734s] Level 1:colcon.colcon_core.environment:create_environment_scripts_only(lslidar_msgs)
[11.736s] DEBUG:colcon.colcon_core.event_handler.log_command:Invoked command in '/home/nvidia/2d_slam/build/lslidar_msgs' returned '0': CMAKE_PREFIX_PATH=${CMAKE_PREFIX_PATH}:/opt/ros/humble /usr/bin/cmake --install /home/nvidia/2d_slam/build/lslidar_msgs
[11.743s] Level 1:colcon.colcon_core.environment:checking '/home/nvidia/2d_slam/install/lslidar_msgs' for CMake module files
[11.745s] Level 1:colcon.colcon_core.environment:checking '/home/nvidia/2d_slam/install/lslidar_msgs' for CMake config files
[11.746s] Level 1:colcon.colcon_core.shell:create_environment_hook('lslidar_msgs', 'cmake_prefix_path')
[11.746s] INFO:colcon.colcon_core.shell:Creating environment hook '/home/nvidia/2d_slam/install/lslidar_msgs/share/lslidar_msgs/hook/cmake_prefix_path.ps1'
[11.748s] INFO:colcon.colcon_core.shell:Creating environment descriptor '/home/nvidia/2d_slam/install/lslidar_msgs/share/lslidar_msgs/hook/cmake_prefix_path.dsv'
[11.750s] INFO:colcon.colcon_core.shell:Creating environment hook '/home/nvidia/2d_slam/install/lslidar_msgs/share/lslidar_msgs/hook/cmake_prefix_path.sh'
[11.752s] Level 1:colcon.colcon_core.environment:checking '/home/nvidia/2d_slam/install/lslidar_msgs/lib'
[11.753s] Level 1:colcon.colcon_core.shell:create_environment_hook('lslidar_msgs', 'ld_library_path_lib')
[11.754s] INFO:colcon.colcon_core.shell:Creating environment hook '/home/nvidia/2d_slam/install/lslidar_msgs/share/lslidar_msgs/hook/ld_library_path_lib.ps1'
[11.755s] INFO:colcon.colcon_core.shell:Creating environment descriptor '/home/nvidia/2d_slam/install/lslidar_msgs/share/lslidar_msgs/hook/ld_library_path_lib.dsv'
[11.756s] INFO:colcon.colcon_core.shell:Creating environment hook '/home/nvidia/2d_slam/install/lslidar_msgs/share/lslidar_msgs/hook/ld_library_path_lib.sh'
[11.757s] Level 1:colcon.colcon_core.environment:checking '/home/nvidia/2d_slam/install/lslidar_msgs/bin'
[11.757s] Level 1:colcon.colcon_core.environment:checking '/home/nvidia/2d_slam/install/lslidar_msgs/lib/pkgconfig/lslidar_msgs.pc'
[11.758s] Level 1:colcon.colcon_core.environment:checking '/home/nvidia/2d_slam/install/lslidar_msgs/lib/python3.10/site-packages'
[11.759s] Level 1:colcon.colcon_core.environment:checking '/home/nvidia/2d_slam/install/lslidar_msgs/bin'
[11.760s] INFO:colcon.colcon_core.shell:Creating package script '/home/nvidia/2d_slam/install/lslidar_msgs/share/lslidar_msgs/package.ps1'
[11.763s] INFO:colcon.colcon_core.shell:Creating package descriptor '/home/nvidia/2d_slam/install/lslidar_msgs/share/lslidar_msgs/package.dsv'
[11.765s] INFO:colcon.colcon_core.shell:Creating package script '/home/nvidia/2d_slam/install/lslidar_msgs/share/lslidar_msgs/package.sh'
[11.768s] INFO:colcon.colcon_core.shell:Creating package script '/home/nvidia/2d_slam/install/lslidar_msgs/share/lslidar_msgs/package.bash'
[11.772s] INFO:colcon.colcon_core.shell:Creating package script '/home/nvidia/2d_slam/install/lslidar_msgs/share/lslidar_msgs/package.zsh'
[11.775s] Level 1:colcon.colcon_core.environment:create_file_with_runtime_dependencies(/home/nvidia/2d_slam/install/lslidar_msgs/share/colcon-core/packages/lslidar_msgs)
[11.779s] Level 1:colcon.colcon_core.environment:create_environment_scripts_only(lslidar_msgs)
[11.780s] Level 1:colcon.colcon_core.environment:checking '/home/nvidia/2d_slam/install/lslidar_msgs' for CMake module files
[11.782s] Level 1:colcon.colcon_core.environment:checking '/home/nvidia/2d_slam/install/lslidar_msgs' for CMake config files
[11.783s] Level 1:colcon.colcon_core.shell:create_environment_hook('lslidar_msgs', 'cmake_prefix_path')
[11.783s] INFO:colcon.colcon_core.shell:Creating environment hook '/home/nvidia/2d_slam/install/lslidar_msgs/share/lslidar_msgs/hook/cmake_prefix_path.ps1'
[11.785s] INFO:colcon.colcon_core.shell:Creating environment descriptor '/home/nvidia/2d_slam/install/lslidar_msgs/share/lslidar_msgs/hook/cmake_prefix_path.dsv'
[11.786s] INFO:colcon.colcon_core.shell:Creating environment hook '/home/nvidia/2d_slam/install/lslidar_msgs/share/lslidar_msgs/hook/cmake_prefix_path.sh'
[11.788s] Level 1:colcon.colcon_core.environment:checking '/home/nvidia/2d_slam/install/lslidar_msgs/lib'
[11.788s] Level 1:colcon.colcon_core.shell:create_environment_hook('lslidar_msgs', 'ld_library_path_lib')
[11.789s] INFO:colcon.colcon_core.shell:Creating environment hook '/home/nvidia/2d_slam/install/lslidar_msgs/share/lslidar_msgs/hook/ld_library_path_lib.ps1'
[11.790s] INFO:colcon.colcon_core.shell:Creating environment descriptor '/home/nvidia/2d_slam/install/lslidar_msgs/share/lslidar_msgs/hook/ld_library_path_lib.dsv'
[11.791s] INFO:colcon.colcon_core.shell:Creating environment hook '/home/nvidia/2d_slam/install/lslidar_msgs/share/lslidar_msgs/hook/ld_library_path_lib.sh'
[11.792s] Level 1:colcon.colcon_core.environment:checking '/home/nvidia/2d_slam/install/lslidar_msgs/bin'
[11.793s] Level 1:colcon.colcon_core.environment:checking '/home/nvidia/2d_slam/install/lslidar_msgs/lib/pkgconfig/lslidar_msgs.pc'
[11.793s] Level 1:colcon.colcon_core.environment:checking '/home/nvidia/2d_slam/install/lslidar_msgs/lib/python3.10/site-packages'
[11.794s] Level 1:colcon.colcon_core.environment:checking '/home/nvidia/2d_slam/install/lslidar_msgs/bin'
[11.795s] INFO:colcon.colcon_core.shell:Creating package script '/home/nvidia/2d_slam/install/lslidar_msgs/share/lslidar_msgs/package.ps1'
[11.797s] INFO:colcon.colcon_core.shell:Creating package descriptor '/home/nvidia/2d_slam/install/lslidar_msgs/share/lslidar_msgs/package.dsv'
[11.799s] INFO:colcon.colcon_core.shell:Creating package script '/home/nvidia/2d_slam/install/lslidar_msgs/share/lslidar_msgs/package.sh'
[11.800s] INFO:colcon.colcon_core.shell:Creating package script '/home/nvidia/2d_slam/install/lslidar_msgs/share/lslidar_msgs/package.bash'
[11.801s] INFO:colcon.colcon_core.shell:Creating package script '/home/nvidia/2d_slam/install/lslidar_msgs/share/lslidar_msgs/package.zsh'
[11.802s] Level 1:colcon.colcon_core.environment:create_file_with_runtime_dependencies(/home/nvidia/2d_slam/install/lslidar_msgs/share/colcon-core/packages/lslidar_msgs)
[11.803s] INFO:colcon.colcon_ros.task.ament_cmake.build:Building ROS package in '/home/nvidia/2d_slam/src/LSLIDAR_X_ROS2-20240228/src/lslidar_driver' with build type 'ament_cmake'
[11.804s] INFO:colcon.colcon_cmake.task.cmake.build:Building CMake package in '/home/nvidia/2d_slam/src/LSLIDAR_X_ROS2-20240228/src/lslidar_driver'
[11.804s] INFO:colcon.colcon_core.shell:Skip shell extension 'powershell' for command environment: Not usable outside of PowerShell
[11.805s] DEBUG:colcon.colcon_core.shell:Skip shell extension 'dsv' for command environment
[11.828s] DEBUG:colcon.colcon_core.event_handler.log_command:Invoking command in '/home/nvidia/2d_slam/build/lslidar_driver': AMENT_PREFIX_PATH=/home/nvidia/2d_slam/install/lslidar_msgs:${AMENT_PREFIX_PATH} CMAKE_PREFIX_PATH=/home/nvidia/2d_slam/install/lslidar_msgs:/usr/share/gazebo-11/cmake:/usr/share/gazebo/cmake:/opt/ros/humble LD_LIBRARY_PATH=/home/nvidia/2d_slam/install/lslidar_msgs/lib:${LD_LIBRARY_PATH} PYTHONPATH=/home/nvidia/2d_slam/install/lslidar_msgs/local/lib/python3.10/dist-packages:${PYTHONPATH} /usr/bin/cmake /home/nvidia/2d_slam/src/LSLIDAR_X_ROS2-20240228/src/lslidar_driver -DCMAKE_INSTALL_PREFIX=/home/nvidia/2d_slam/install/lslidar_driver
[17.999s] DEBUG:colcon.colcon_core.event_handler.log_command:Invoked command in '/home/nvidia/2d_slam/build/lslidar_driver' returned '0': AMENT_PREFIX_PATH=/home/nvidia/2d_slam/install/lslidar_msgs:${AMENT_PREFIX_PATH} CMAKE_PREFIX_PATH=/home/nvidia/2d_slam/install/lslidar_msgs:/usr/share/gazebo-11/cmake:/usr/share/gazebo/cmake:/opt/ros/humble LD_LIBRARY_PATH=/home/nvidia/2d_slam/install/lslidar_msgs/lib:${LD_LIBRARY_PATH} PYTHONPATH=/home/nvidia/2d_slam/install/lslidar_msgs/local/lib/python3.10/dist-packages:${PYTHONPATH} /usr/bin/cmake /home/nvidia/2d_slam/src/LSLIDAR_X_ROS2-20240228/src/lslidar_driver -DCMAKE_INSTALL_PREFIX=/home/nvidia/2d_slam/install/lslidar_driver
[18.003s] DEBUG:colcon.colcon_core.event_handler.log_command:Invoking command in '/home/nvidia/2d_slam/build/lslidar_driver': AMENT_PREFIX_PATH=/home/nvidia/2d_slam/install/lslidar_msgs:${AMENT_PREFIX_PATH} CMAKE_PREFIX_PATH=/home/nvidia/2d_slam/install/lslidar_msgs:/usr/share/gazebo-11/cmake:/usr/share/gazebo/cmake:/opt/ros/humble LD_LIBRARY_PATH=/home/nvidia/2d_slam/install/lslidar_msgs/lib:${LD_LIBRARY_PATH} PYTHONPATH=/home/nvidia/2d_slam/install/lslidar_msgs/local/lib/python3.10/dist-packages:${PYTHONPATH} /usr/bin/cmake --build /home/nvidia/2d_slam/build/lslidar_driver -- -j8 -l8
[52.678s] DEBUG:colcon.colcon_core.event_handler.log_command:Invoked command in '/home/nvidia/2d_slam/build/lslidar_driver' returned '0': AMENT_PREFIX_PATH=/home/nvidia/2d_slam/install/lslidar_msgs:${AMENT_PREFIX_PATH} CMAKE_PREFIX_PATH=/home/nvidia/2d_slam/install/lslidar_msgs:/usr/share/gazebo-11/cmake:/usr/share/gazebo/cmake:/opt/ros/humble LD_LIBRARY_PATH=/home/nvidia/2d_slam/install/lslidar_msgs/lib:${LD_LIBRARY_PATH} PYTHONPATH=/home/nvidia/2d_slam/install/lslidar_msgs/local/lib/python3.10/dist-packages:${PYTHONPATH} /usr/bin/cmake --build /home/nvidia/2d_slam/build/lslidar_driver -- -j8 -l8
[52.685s] DEBUG:colcon.colcon_core.event_handler.log_command:Invoking command in '/home/nvidia/2d_slam/build/lslidar_driver': AMENT_PREFIX_PATH=/home/nvidia/2d_slam/install/lslidar_msgs:${AMENT_PREFIX_PATH} CMAKE_PREFIX_PATH=/home/nvidia/2d_slam/install/lslidar_msgs:/usr/share/gazebo-11/cmake:/usr/share/gazebo/cmake:/opt/ros/humble LD_LIBRARY_PATH=/home/nvidia/2d_slam/install/lslidar_msgs/lib:${LD_LIBRARY_PATH} PYTHONPATH=/home/nvidia/2d_slam/install/lslidar_msgs/local/lib/python3.10/dist-packages:${PYTHONPATH} /usr/bin/cmake --install /home/nvidia/2d_slam/build/lslidar_driver
[52.729s] Level 1:colcon.colcon_core.environment:create_environment_scripts_only(lslidar_driver)
[52.730s] Level 1:colcon.colcon_core.environment:checking '/home/nvidia/2d_slam/install/lslidar_driver' for CMake module files
[52.731s] DEBUG:colcon.colcon_core.event_handler.log_command:Invoked command in '/home/nvidia/2d_slam/build/lslidar_driver' returned '0': AMENT_PREFIX_PATH=/home/nvidia/2d_slam/install/lslidar_msgs:${AMENT_PREFIX_PATH} CMAKE_PREFIX_PATH=/home/nvidia/2d_slam/install/lslidar_msgs:/usr/share/gazebo-11/cmake:/usr/share/gazebo/cmake:/opt/ros/humble LD_LIBRARY_PATH=/home/nvidia/2d_slam/install/lslidar_msgs/lib:${LD_LIBRARY_PATH} PYTHONPATH=/home/nvidia/2d_slam/install/lslidar_msgs/local/lib/python3.10/dist-packages:${PYTHONPATH} /usr/bin/cmake --install /home/nvidia/2d_slam/build/lslidar_driver
[52.732s] Level 1:colcon.colcon_core.environment:checking '/home/nvidia/2d_slam/install/lslidar_driver' for CMake config files
[52.732s] Level 1:colcon.colcon_core.shell:create_environment_hook('lslidar_driver', 'cmake_prefix_path')
[52.733s] INFO:colcon.colcon_core.shell:Creating environment hook '/home/nvidia/2d_slam/install/lslidar_driver/share/lslidar_driver/hook/cmake_prefix_path.ps1'
[52.734s] INFO:colcon.colcon_core.shell:Creating environment descriptor '/home/nvidia/2d_slam/install/lslidar_driver/share/lslidar_driver/hook/cmake_prefix_path.dsv'
[52.735s] INFO:colcon.colcon_core.shell:Creating environment hook '/home/nvidia/2d_slam/install/lslidar_driver/share/lslidar_driver/hook/cmake_prefix_path.sh'
[52.736s] Level 1:colcon.colcon_core.environment:checking '/home/nvidia/2d_slam/install/lslidar_driver/lib'
[52.736s] Level 1:colcon.colcon_core.environment:checking '/home/nvidia/2d_slam/install/lslidar_driver/bin'
[52.736s] Level 1:colcon.colcon_core.environment:checking '/home/nvidia/2d_slam/install/lslidar_driver/lib/pkgconfig/lslidar_driver.pc'
[52.737s] Level 1:colcon.colcon_core.environment:checking '/home/nvidia/2d_slam/install/lslidar_driver/lib/python3.10/site-packages'
[52.737s] Level 1:colcon.colcon_core.environment:checking '/home/nvidia/2d_slam/install/lslidar_driver/bin'
[52.738s] INFO:colcon.colcon_core.shell:Creating package script '/home/nvidia/2d_slam/install/lslidar_driver/share/lslidar_driver/package.ps1'
[52.739s] INFO:colcon.colcon_core.shell:Creating package descriptor '/home/nvidia/2d_slam/install/lslidar_driver/share/lslidar_driver/package.dsv'
[52.740s] INFO:colcon.colcon_core.shell:Creating package script '/home/nvidia/2d_slam/install/lslidar_driver/share/lslidar_driver/package.sh'
[52.741s] INFO:colcon.colcon_core.shell:Creating package script '/home/nvidia/2d_slam/install/lslidar_driver/share/lslidar_driver/package.bash'
[52.742s] INFO:colcon.colcon_core.shell:Creating package script '/home/nvidia/2d_slam/install/lslidar_driver/share/lslidar_driver/package.zsh'
[52.743s] Level 1:colcon.colcon_core.environment:create_file_with_runtime_dependencies(/home/nvidia/2d_slam/install/lslidar_driver/share/colcon-core/packages/lslidar_driver)
[52.744s] Level 1:colcon.colcon_core.environment:create_environment_scripts_only(lslidar_driver)
[52.745s] Level 1:colcon.colcon_core.environment:checking '/home/nvidia/2d_slam/install/lslidar_driver' for CMake module files
[52.746s] Level 1:colcon.colcon_core.environment:checking '/home/nvidia/2d_slam/install/lslidar_driver' for CMake config files
[52.747s] Level 1:colcon.colcon_core.shell:create_environment_hook('lslidar_driver', 'cmake_prefix_path')
[52.747s] INFO:colcon.colcon_core.shell:Creating environment hook '/home/nvidia/2d_slam/install/lslidar_driver/share/lslidar_driver/hook/cmake_prefix_path.ps1'
[52.748s] INFO:colcon.colcon_core.shell:Creating environment descriptor '/home/nvidia/2d_slam/install/lslidar_driver/share/lslidar_driver/hook/cmake_prefix_path.dsv'
[52.749s] INFO:colcon.colcon_core.shell:Creating environment hook '/home/nvidia/2d_slam/install/lslidar_driver/share/lslidar_driver/hook/cmake_prefix_path.sh'
[52.750s] Level 1:colcon.colcon_core.environment:checking '/home/nvidia/2d_slam/install/lslidar_driver/lib'
[52.750s] Level 1:colcon.colcon_core.environment:checking '/home/nvidia/2d_slam/install/lslidar_driver/bin'
[52.750s] Level 1:colcon.colcon_core.environment:checking '/home/nvidia/2d_slam/install/lslidar_driver/lib/pkgconfig/lslidar_driver.pc'
[52.751s] Level 1:colcon.colcon_core.environment:checking '/home/nvidia/2d_slam/install/lslidar_driver/lib/python3.10/site-packages'
[52.751s] Level 1:colcon.colcon_core.environment:checking '/home/nvidia/2d_slam/install/lslidar_driver/bin'
[52.752s] INFO:colcon.colcon_core.shell:Creating package script '/home/nvidia/2d_slam/install/lslidar_driver/share/lslidar_driver/package.ps1'
[52.753s] INFO:colcon.colcon_core.shell:Creating package descriptor '/home/nvidia/2d_slam/install/lslidar_driver/share/lslidar_driver/package.dsv'
[52.755s] INFO:colcon.colcon_core.shell:Creating package script '/home/nvidia/2d_slam/install/lslidar_driver/share/lslidar_driver/package.sh'
[52.756s] INFO:colcon.colcon_core.shell:Creating package script '/home/nvidia/2d_slam/install/lslidar_driver/share/lslidar_driver/package.bash'
[52.757s] INFO:colcon.colcon_core.shell:Creating package script '/home/nvidia/2d_slam/install/lslidar_driver/share/lslidar_driver/package.zsh'
[52.758s] Level 1:colcon.colcon_core.environment:create_file_with_runtime_dependencies(/home/nvidia/2d_slam/install/lslidar_driver/share/colcon-core/packages/lslidar_driver)
[52.758s] DEBUG:colcon.colcon_parallel_executor.executor.parallel:closing loop
[52.759s] DEBUG:colcon.colcon_parallel_executor.executor.parallel:loop closed
[52.759s] DEBUG:colcon.colcon_parallel_executor.executor.parallel:run_until_complete finished with '0'
[52.760s] DEBUG:colcon.colcon_core.event_reactor:joining thread
[52.775s] INFO:colcon.colcon_core.plugin_system:Skipping extension 'colcon_notification.desktop_notification.terminal_notifier': Not used on non-Darwin systems
[52.776s] INFO:colcon.colcon_core.plugin_system:Skipping extension 'colcon_notification.desktop_notification.win32': Not used on non-Windows systems
[52.776s] INFO:colcon.colcon_notification.desktop_notification:Sending desktop notification using 'notify2'
[52.815s] DEBUG:colcon.colcon_core.event_reactor:joined thread
[52.816s] INFO:colcon.colcon_core.shell:Creating prefix script '/home/nvidia/2d_slam/install/local_setup.ps1'
[52.820s] INFO:colcon.colcon_core.shell:Creating prefix util module '/home/nvidia/2d_slam/install/_local_setup_util_ps1.py'
[52.822s] INFO:colcon.colcon_core.shell:Creating prefix chain script '/home/nvidia/2d_slam/install/setup.ps1'
[52.825s] INFO:colcon.colcon_core.shell:Creating prefix script '/home/nvidia/2d_slam/install/local_setup.sh'
[52.826s] INFO:colcon.colcon_core.shell:Creating prefix util module '/home/nvidia/2d_slam/install/_local_setup_util_sh.py'
[52.828s] INFO:colcon.colcon_core.shell:Creating prefix chain script '/home/nvidia/2d_slam/install/setup.sh'
[52.830s] INFO:colcon.colcon_core.shell:Creating prefix script '/home/nvidia/2d_slam/install/local_setup.bash'
[52.831s] INFO:colcon.colcon_core.shell:Creating prefix chain script '/home/nvidia/2d_slam/install/setup.bash'
[52.836s] INFO:colcon.colcon_core.shell:Creating prefix script '/home/nvidia/2d_slam/install/local_setup.zsh'
[52.838s] INFO:colcon.colcon_core.shell:Creating prefix chain script '/home/nvidia/2d_slam/install/setup.zsh'
