running egg_info
writing ../../build/rr_description/rr_description.egg-info/PKG-INFO
writing dependency_links to ../../build/rr_description/rr_description.egg-info/dependency_links.txt
writing entry points to ../../build/rr_description/rr_description.egg-info/entry_points.txt
writing requirements to ../../build/rr_description/rr_description.egg-info/requires.txt
writing top-level names to ../../build/rr_description/rr_description.egg-info/top_level.txt
reading manifest file '../../build/rr_description/rr_description.egg-info/SOURCES.txt'
writing manifest file '../../build/rr_description/rr_description.egg-info/SOURCES.txt'
running build
running build_py
running install
running install_lib
running install_data
creating /home/nvidia/roadRunner/urdf_ws/install/rr_description/share/rr_description/launch
copying launch/display_rviz2.launch.py -> /home/nvidia/roadRunner/urdf_ws/install/rr_description/share/rr_description/launch
creating /home/nvidia/roadRunner/urdf_ws/install/rr_description/share/rr_description/urdf
copying urdf/rr_base.urdf -> /home/nvidia/roadRunner/urdf_ws/install/rr_description/share/rr_description/urdf
running install_egg_info
removing '/home/nvidia/roadRunner/urdf_ws/install/rr_description/lib/python3.10/site-packages/rr_description-0.0.0-py3.10.egg-info' (and everything under it)
Copying ../../build/rr_description/rr_description.egg-info to /home/nvidia/roadRunner/urdf_ws/install/rr_description/lib/python3.10/site-packages/rr_description-0.0.0-py3.10.egg-info
running install_scripts
writing list of installed files to '/home/nvidia/roadRunner/urdf_ws/build/rr_description/install.log'
