[1.063s] Invoking command in '/home/nvidia/roadRunner/urdf_ws/src/rr_description': PYTHONPATH=/home/nvidia/roadRunner/urdf_ws/build/rr_description/prefix_override:/usr/lib/python3/dist-packages/colcon_core/task/python/colcon_distutils_commands:/home/nvidia/roadRunner/urdf_ws/install/rr_description/lib/python3.10/site-packages:${PYTHONPATH} /usr/bin/python3 -W ignore:setup.py install is deprecated -W ignore:easy_install command is deprecated setup.py egg_info --egg-base ../../build/rr_description build --build-base /home/nvidia/roadRunner/urdf_ws/build/rr_description/build install --record /home/nvidia/roadRunner/urdf_ws/build/rr_description/install.log --single-version-externally-managed install_data
[1.470s] running egg_info
[1.470s] writing ../../build/rr_description/rr_description.egg-info/PKG-INFO
[1.471s] writing dependency_links to ../../build/rr_description/rr_description.egg-info/dependency_links.txt
[1.471s] writing entry points to ../../build/rr_description/rr_description.egg-info/entry_points.txt
[1.471s] writing requirements to ../../build/rr_description/rr_description.egg-info/requires.txt
[1.472s] writing top-level names to ../../build/rr_description/rr_description.egg-info/top_level.txt
[1.475s] reading manifest file '../../build/rr_description/rr_description.egg-info/SOURCES.txt'
[1.476s] writing manifest file '../../build/rr_description/rr_description.egg-info/SOURCES.txt'
[1.476s] running build
[1.476s] running build_py
[1.476s] running install
[1.477s] running install_lib
[1.479s] running install_data
[1.479s] creating /home/nvidia/roadRunner/urdf_ws/install/rr_description/share/rr_description/launch
[1.479s] copying launch/display_rviz2.launch.py -> /home/nvidia/roadRunner/urdf_ws/install/rr_description/share/rr_description/launch
[1.479s] creating /home/nvidia/roadRunner/urdf_ws/install/rr_description/share/rr_description/urdf
[1.479s] copying urdf/rr_base.urdf -> /home/nvidia/roadRunner/urdf_ws/install/rr_description/share/rr_description/urdf
[1.479s] running install_egg_info
[1.482s] removing '/home/nvidia/roadRunner/urdf_ws/install/rr_description/lib/python3.10/site-packages/rr_description-0.0.0-py3.10.egg-info' (and everything under it)
[1.483s] Copying ../../build/rr_description/rr_description.egg-info to /home/nvidia/roadRunner/urdf_ws/install/rr_description/lib/python3.10/site-packages/rr_description-0.0.0-py3.10.egg-info
[1.484s] running install_scripts
[1.518s] writing list of installed files to '/home/nvidia/roadRunner/urdf_ws/build/rr_description/install.log'
[1.569s] Invoked command in '/home/nvidia/roadRunner/urdf_ws/src/rr_description' returned '0': PYTHONPATH=/home/nvidia/roadRunner/urdf_ws/build/rr_description/prefix_override:/usr/lib/python3/dist-packages/colcon_core/task/python/colcon_distutils_commands:/home/nvidia/roadRunner/urdf_ws/install/rr_description/lib/python3.10/site-packages:${PYTHONPATH} /usr/bin/python3 -W ignore:setup.py install is deprecated -W ignore:easy_install command is deprecated setup.py egg_info --egg-base ../../build/rr_description build --build-base /home/nvidia/roadRunner/urdf_ws/build/rr_description/build install --record /home/nvidia/roadRunner/urdf_ws/build/rr_description/install.log --single-version-externally-managed install_data
