/home/nvidia/ros2_ws/install/robot_nav/lib/python3.10/site-packages/robot_nav/odom_converter.py
/home/nvidia/ros2_ws/install/robot_nav/lib/python3.10/site-packages/robot_nav/odom_to_tf.py
/home/nvidia/ros2_ws/install/robot_nav/lib/python3.10/site-packages/robot_nav/map_converter.py
/home/nvidia/ros2_ws/install/robot_nav/lib/python3.10/site-packages/robot_nav/cmd_vel_mux.py
/home/nvidia/ros2_ws/install/robot_nav/lib/python3.10/site-packages/robot_nav/__init__.py
/home/nvidia/ros2_ws/install/robot_nav/lib/python3.10/site-packages/robot_nav/__pycache__/odom_converter.cpython-310.pyc
/home/nvidia/ros2_ws/install/robot_nav/lib/python3.10/site-packages/robot_nav/__pycache__/odom_to_tf.cpython-310.pyc
/home/nvidia/ros2_ws/install/robot_nav/lib/python3.10/site-packages/robot_nav/__pycache__/map_converter.cpython-310.pyc
/home/nvidia/ros2_ws/install/robot_nav/lib/python3.10/site-packages/robot_nav/__pycache__/cmd_vel_mux.cpython-310.pyc
/home/nvidia/ros2_ws/install/robot_nav/lib/python3.10/site-packages/robot_nav/__pycache__/__init__.cpython-310.pyc
/home/nvidia/ros2_ws/install/robot_nav/share/ament_index/resource_index/packages/robot_nav
/home/nvidia/ros2_ws/install/robot_nav/share/robot_nav/package.xml
/home/nvidia/ros2_ws/install/robot_nav/share/robot_nav/launch/nav2_slam.launch.py
/home/nvidia/ros2_ws/install/robot_nav/share/robot_nav/launch/nav2_minimal.launch.py
/home/nvidia/ros2_ws/install/robot_nav/share/robot_nav/config/nav2_params.yaml
/home/nvidia/ros2_ws/install/robot_nav/share/robot_nav/maps/empty_map.yaml
/home/nvidia/ros2_ws/install/robot_nav/lib/python3.10/site-packages/robot_nav-0.0.1-py3.10.egg-info/dependency_links.txt
/home/nvidia/ros2_ws/install/robot_nav/lib/python3.10/site-packages/robot_nav-0.0.1-py3.10.egg-info/requires.txt
/home/nvidia/ros2_ws/install/robot_nav/lib/python3.10/site-packages/robot_nav-0.0.1-py3.10.egg-info/zip-safe
/home/nvidia/ros2_ws/install/robot_nav/lib/python3.10/site-packages/robot_nav-0.0.1-py3.10.egg-info/SOURCES.txt
/home/nvidia/ros2_ws/install/robot_nav/lib/python3.10/site-packages/robot_nav-0.0.1-py3.10.egg-info/top_level.txt
/home/nvidia/ros2_ws/install/robot_nav/lib/python3.10/site-packages/robot_nav-0.0.1-py3.10.egg-info/PKG-INFO
/home/nvidia/ros2_ws/install/robot_nav/lib/python3.10/site-packages/robot_nav-0.0.1-py3.10.egg-info/entry_points.txt
/home/nvidia/ros2_ws/install/robot_nav/lib/robot_nav/cmd_vel_mux
/home/nvidia/ros2_ws/install/robot_nav/lib/robot_nav/map_converter
/home/nvidia/ros2_ws/install/robot_nav/lib/robot_nav/odom_to_tf
