[1.153s] Invoking command in '/home/nvidia/roadRunner/fishbot_ws/src/fishbot_description': PYTHONPATH=/home/nvidia/roadRunner/fishbot_ws/src/build/fishbot_description/prefix_override:/usr/lib/python3/dist-packages/colcon_core/task/python/colcon_distutils_commands:/home/nvidia/roadRunner/fishbot_ws/src/install/fishbot_description/lib/python3.10/site-packages:${PYTHONPATH} /usr/bin/python3 -W ignore:setup.py install is deprecated -W ignore:easy_install command is deprecated setup.py egg_info --egg-base ../build/fishbot_description build --build-base /home/nvidia/roadRunner/fishbot_ws/src/build/fishbot_description/build install --record /home/nvidia/roadRunner/fishbot_ws/src/build/fishbot_description/install.log --single-version-externally-managed install_data
[1.564s] running egg_info
[1.565s] writing ../build/fishbot_description/fishbot_description.egg-info/PKG-INFO
[1.565s] writing dependency_links to ../build/fishbot_description/fishbot_description.egg-info/dependency_links.txt
[1.566s] writing entry points to ../build/fishbot_description/fishbot_description.egg-info/entry_points.txt
[1.566s] writing requirements to ../build/fishbot_description/fishbot_description.egg-info/requires.txt
[1.566s] writing top-level names to ../build/fishbot_description/fishbot_description.egg-info/top_level.txt
[1.569s] reading manifest file '../build/fishbot_description/fishbot_description.egg-info/SOURCES.txt'
[1.570s] writing manifest file '../build/fishbot_description/fishbot_description.egg-info/SOURCES.txt'
[1.570s] running build
[1.571s] running build_py
[1.571s] running install
[1.571s] running install_lib
[1.573s] running install_data
[1.573s] running install_egg_info
[1.576s] removing '/home/nvidia/roadRunner/fishbot_ws/src/install/fishbot_description/lib/python3.10/site-packages/fishbot_description-0.0.0-py3.10.egg-info' (and everything under it)
[1.577s] Copying ../build/fishbot_description/fishbot_description.egg-info to /home/nvidia/roadRunner/fishbot_ws/src/install/fishbot_description/lib/python3.10/site-packages/fishbot_description-0.0.0-py3.10.egg-info
[1.578s] running install_scripts
[1.611s] writing list of installed files to '/home/nvidia/roadRunner/fishbot_ws/src/build/fishbot_description/install.log'
[1.664s] Invoked command in '/home/nvidia/roadRunner/fishbot_ws/src/fishbot_description' returned '0': PYTHONPATH=/home/nvidia/roadRunner/fishbot_ws/src/build/fishbot_description/prefix_override:/usr/lib/python3/dist-packages/colcon_core/task/python/colcon_distutils_commands:/home/nvidia/roadRunner/fishbot_ws/src/install/fishbot_description/lib/python3.10/site-packages:${PYTHONPATH} /usr/bin/python3 -W ignore:setup.py install is deprecated -W ignore:easy_install command is deprecated setup.py egg_info --egg-base ../build/fishbot_description build --build-base /home/nvidia/roadRunner/fishbot_ws/src/build/fishbot_description/build install --record /home/nvidia/roadRunner/fishbot_ws/src/build/fishbot_description/install.log --single-version-externally-managed install_data
