[0.203s] DEBUG:colcon:Command line arguments: ['/usr/bin/colcon', 'build']
[0.203s] DEBUG:colcon:Parsed command line arguments: Namespace(log_base=None, log_level=None, verb_name='build', build_base='build', install_base='install', merge_install=False, symlink_install=False, test_result_base=None, continue_on_error=False, executor='parallel', parallel_workers=8, event_handlers=None, ignore_user_meta=False, metas=['./colcon.meta'], base_paths=['.'], packages_ignore=None, packages_ignore_regex=None, paths=None, packages_up_to=None, packages_up_to_regex=None, packages_above=None, packages_above_and_dependencies=None, packages_above_depth=None, packages_select_by_dep=None, packages_skip_by_dep=None, packages_skip_up_to=None, packages_select_build_failed=False, packages_skip_build_finished=False, packages_select_test_failures=False, packages_skip_test_passed=False, packages_select=None, packages_skip=None, packages_select_regex=None, packages_skip_regex=None, packages_start=None, packages_end=None, allow_overriding=[], cmake_args=None, cmake_target=None, cmake_target_skip_unavailable=False, cmake_clean_cache=False, cmake_clean_first=False, cmake_force_configure=False, ament_cmake_args=None, catkin_cmake_args=None, catkin_skip_building_tests=False, mixin_files=None, mixin=None, verb_parser=<colcon_mixin.mixin.mixin_argument.MixinArgumentDecorator object at 0xffff7ea5b430>, verb_extension=<colcon_core.verb.build.BuildVerb object at 0xffff7ea5aa70>, main=<bound method BuildVerb.main of <colcon_core.verb.build.BuildVerb object at 0xffff7ea5aa70>>, mixin_verb=('build',))
[0.511s] Level 1:colcon.colcon_core.package_discovery:discover_packages(colcon_meta) check parameters
[0.512s] Level 1:colcon.colcon_core.package_discovery:discover_packages(recursive) check parameters
[0.512s] Level 1:colcon.colcon_core.package_discovery:discover_packages(ignore) check parameters
[0.512s] Level 1:colcon.colcon_core.package_discovery:discover_packages(path) check parameters
[0.512s] Level 1:colcon.colcon_core.package_discovery:discover_packages(colcon_meta) discover
[0.512s] Level 1:colcon.colcon_core.package_discovery:discover_packages(recursive) discover
[0.512s] INFO:colcon.colcon_core.package_discovery:Crawling recursively for packages in '/home/nvidia/DDSM_ws'
[0.513s] Level 1:colcon.colcon_core.package_identification:_identify(.) by extensions ['ignore', 'ignore_ament_install']
[0.513s] Level 1:colcon.colcon_core.package_identification:_identify(.) by extension 'ignore'
[0.513s] Level 1:colcon.colcon_core.package_identification:_identify(.) by extension 'ignore_ament_install'
[0.513s] Level 1:colcon.colcon_core.package_identification:_identify(.) by extensions ['colcon_pkg']
[0.513s] Level 1:colcon.colcon_core.package_identification:_identify(.) by extension 'colcon_pkg'
[0.513s] Level 1:colcon.colcon_core.package_identification:_identify(.) by extensions ['colcon_meta']
[0.513s] Level 1:colcon.colcon_core.package_identification:_identify(.) by extension 'colcon_meta'
[0.513s] Level 1:colcon.colcon_core.package_identification:_identify(.) by extensions ['ros']
[0.514s] Level 1:colcon.colcon_core.package_identification:_identify(.) by extension 'ros'
[0.532s] Level 1:colcon.colcon_core.package_identification:_identify(.) by extensions ['cmake', 'python']
[0.532s] Level 1:colcon.colcon_core.package_identification:_identify(.) by extension 'cmake'
[0.532s] Level 1:colcon.colcon_core.package_identification:_identify(.) by extension 'python'
[0.533s] Level 1:colcon.colcon_core.package_identification:_identify(.) by extensions ['python_setup_py']
[0.533s] Level 1:colcon.colcon_core.package_identification:_identify(.) by extension 'python_setup_py'
[0.533s] Level 1:colcon.colcon_core.package_identification:_identify(build) by extensions ['ignore', 'ignore_ament_install']
[0.533s] Level 1:colcon.colcon_core.package_identification:_identify(build) by extension 'ignore'
[0.533s] Level 1:colcon.colcon_core.package_identification:_identify(build) ignored
[0.533s] Level 1:colcon.colcon_core.package_identification:_identify(install) by extensions ['ignore', 'ignore_ament_install']
[0.534s] Level 1:colcon.colcon_core.package_identification:_identify(install) by extension 'ignore'
[0.534s] Level 1:colcon.colcon_core.package_identification:_identify(install) ignored
[0.534s] Level 1:colcon.colcon_core.package_identification:_identify(log) by extensions ['ignore', 'ignore_ament_install']
[0.534s] Level 1:colcon.colcon_core.package_identification:_identify(log) by extension 'ignore'
[0.534s] Level 1:colcon.colcon_core.package_identification:_identify(log) ignored
[0.534s] Level 1:colcon.colcon_core.package_identification:_identify(src) by extensions ['ignore', 'ignore_ament_install']
[0.534s] Level 1:colcon.colcon_core.package_identification:_identify(src) by extension 'ignore'
[0.535s] Level 1:colcon.colcon_core.package_identification:_identify(src) by extension 'ignore_ament_install'
[0.535s] Level 1:colcon.colcon_core.package_identification:_identify(src) by extensions ['colcon_pkg']
[0.535s] Level 1:colcon.colcon_core.package_identification:_identify(src) by extension 'colcon_pkg'
[0.535s] Level 1:colcon.colcon_core.package_identification:_identify(src) by extensions ['colcon_meta']
[0.535s] Level 1:colcon.colcon_core.package_identification:_identify(src) by extension 'colcon_meta'
[0.535s] Level 1:colcon.colcon_core.package_identification:_identify(src) by extensions ['ros']
[0.535s] Level 1:colcon.colcon_core.package_identification:_identify(src) by extension 'ros'
[0.535s] Level 1:colcon.colcon_core.package_identification:_identify(src) by extensions ['cmake', 'python']
[0.535s] Level 1:colcon.colcon_core.package_identification:_identify(src) by extension 'cmake'
[0.535s] Level 1:colcon.colcon_core.package_identification:_identify(src) by extension 'python'
[0.535s] Level 1:colcon.colcon_core.package_identification:_identify(src) by extensions ['python_setup_py']
[0.535s] Level 1:colcon.colcon_core.package_identification:_identify(src) by extension 'python_setup_py'
[0.536s] Level 1:colcon.colcon_core.package_identification:_identify(src/camera_publisher) by extensions ['ignore', 'ignore_ament_install']
[0.536s] Level 1:colcon.colcon_core.package_identification:_identify(src/camera_publisher) by extension 'ignore'
[0.536s] Level 1:colcon.colcon_core.package_identification:_identify(src/camera_publisher) by extension 'ignore_ament_install'
[0.536s] Level 1:colcon.colcon_core.package_identification:_identify(src/camera_publisher) by extensions ['colcon_pkg']
[0.536s] Level 1:colcon.colcon_core.package_identification:_identify(src/camera_publisher) by extension 'colcon_pkg'
[0.536s] Level 1:colcon.colcon_core.package_identification:_identify(src/camera_publisher) by extensions ['colcon_meta']
[0.536s] Level 1:colcon.colcon_core.package_identification:_identify(src/camera_publisher) by extension 'colcon_meta'
[0.536s] Level 1:colcon.colcon_core.package_identification:_identify(src/camera_publisher) by extensions ['ros']
[0.536s] Level 1:colcon.colcon_core.package_identification:_identify(src/camera_publisher) by extension 'ros'
[0.540s] DEBUG:colcon.colcon_core.package_identification:Package 'src/camera_publisher' with type 'ros.ament_cmake' and name 'camera_publisher'
[0.541s] Level 1:colcon.colcon_core.package_identification:_identify(src/robot_control) by extensions ['ignore', 'ignore_ament_install']
[0.541s] Level 1:colcon.colcon_core.package_identification:_identify(src/robot_control) by extension 'ignore'
[0.541s] Level 1:colcon.colcon_core.package_identification:_identify(src/robot_control) by extension 'ignore_ament_install'
[0.541s] Level 1:colcon.colcon_core.package_identification:_identify(src/robot_control) by extensions ['colcon_pkg']
[0.541s] Level 1:colcon.colcon_core.package_identification:_identify(src/robot_control) by extension 'colcon_pkg'
[0.541s] Level 1:colcon.colcon_core.package_identification:_identify(src/robot_control) by extensions ['colcon_meta']
[0.541s] Level 1:colcon.colcon_core.package_identification:_identify(src/robot_control) by extension 'colcon_meta'
[0.541s] Level 1:colcon.colcon_core.package_identification:_identify(src/robot_control) by extensions ['ros']
[0.542s] Level 1:colcon.colcon_core.package_identification:_identify(src/robot_control) by extension 'ros'
[0.543s] DEBUG:colcon.colcon_core.package_identification:Package 'src/robot_control' with type 'ros.ament_python' and name 'robot_control'
[0.543s] Level 1:colcon.colcon_core.package_discovery:discover_packages(recursive) using defaults
[0.543s] Level 1:colcon.colcon_core.package_discovery:discover_packages(ignore) discover
[0.543s] Level 1:colcon.colcon_core.package_discovery:discover_packages(ignore) using defaults
[0.543s] Level 1:colcon.colcon_core.package_discovery:discover_packages(path) discover
[0.543s] Level 1:colcon.colcon_core.package_discovery:discover_packages(path) using defaults
[0.614s] Level 1:colcon.colcon_core.package_discovery:discover_packages(prefix_path) check parameters
[0.614s] Level 1:colcon.colcon_core.package_discovery:discover_packages(prefix_path) discover
[0.616s] WARNING:colcon.colcon_ros.prefix_path.catkin:The path '/usr/share/gazebo-11/cmake' in the environment variable CMAKE_PREFIX_PATH doesn't exist
[0.619s] DEBUG:colcon.colcon_installed_package_information.package_discovery:Found 408 installed packages in /opt/ros/humble
[0.622s] Level 1:colcon.colcon_core.package_discovery:discover_packages(prefix_path) using defaults
[0.702s] Level 5:colcon.colcon_core.verb:set package 'camera_publisher' build argument 'cmake_args' from command line to 'None'
[0.702s] Level 5:colcon.colcon_core.verb:set package 'camera_publisher' build argument 'cmake_target' from command line to 'None'
[0.702s] Level 5:colcon.colcon_core.verb:set package 'camera_publisher' build argument 'cmake_target_skip_unavailable' from command line to 'False'
[0.702s] Level 5:colcon.colcon_core.verb:set package 'camera_publisher' build argument 'cmake_clean_cache' from command line to 'False'
[0.702s] Level 5:colcon.colcon_core.verb:set package 'camera_publisher' build argument 'cmake_clean_first' from command line to 'False'
[0.702s] Level 5:colcon.colcon_core.verb:set package 'camera_publisher' build argument 'cmake_force_configure' from command line to 'False'
[0.702s] Level 5:colcon.colcon_core.verb:set package 'camera_publisher' build argument 'ament_cmake_args' from command line to 'None'
[0.702s] Level 5:colcon.colcon_core.verb:set package 'camera_publisher' build argument 'catkin_cmake_args' from command line to 'None'
[0.702s] Level 5:colcon.colcon_core.verb:set package 'camera_publisher' build argument 'catkin_skip_building_tests' from command line to 'False'
[0.703s] DEBUG:colcon.colcon_core.verb:Building package 'camera_publisher' with the following arguments: {'ament_cmake_args': None, 'build_base': '/home/nvidia/DDSM_ws/build/camera_publisher', 'catkin_cmake_args': None, 'catkin_skip_building_tests': False, 'cmake_args': None, 'cmake_clean_cache': False, 'cmake_clean_first': False, 'cmake_force_configure': False, 'cmake_target': None, 'cmake_target_skip_unavailable': False, 'install_base': '/home/nvidia/DDSM_ws/install/camera_publisher', 'merge_install': False, 'path': '/home/nvidia/DDSM_ws/src/camera_publisher', 'symlink_install': False, 'test_result_base': None}
[0.703s] Level 5:colcon.colcon_core.verb:set package 'robot_control' build argument 'cmake_args' from command line to 'None'
[0.703s] Level 5:colcon.colcon_core.verb:set package 'robot_control' build argument 'cmake_target' from command line to 'None'
[0.703s] Level 5:colcon.colcon_core.verb:set package 'robot_control' build argument 'cmake_target_skip_unavailable' from command line to 'False'
[0.703s] Level 5:colcon.colcon_core.verb:set package 'robot_control' build argument 'cmake_clean_cache' from command line to 'False'
[0.703s] Level 5:colcon.colcon_core.verb:set package 'robot_control' build argument 'cmake_clean_first' from command line to 'False'
[0.703s] Level 5:colcon.colcon_core.verb:set package 'robot_control' build argument 'cmake_force_configure' from command line to 'False'
[0.703s] Level 5:colcon.colcon_core.verb:set package 'robot_control' build argument 'ament_cmake_args' from command line to 'None'
[0.703s] Level 5:colcon.colcon_core.verb:set package 'robot_control' build argument 'catkin_cmake_args' from command line to 'None'
[0.703s] Level 5:colcon.colcon_core.verb:set package 'robot_control' build argument 'catkin_skip_building_tests' from command line to 'False'
[0.704s] DEBUG:colcon.colcon_core.verb:Building package 'robot_control' with the following arguments: {'ament_cmake_args': None, 'build_base': '/home/nvidia/DDSM_ws/build/robot_control', 'catkin_cmake_args': None, 'catkin_skip_building_tests': False, 'cmake_args': None, 'cmake_clean_cache': False, 'cmake_clean_first': False, 'cmake_force_configure': False, 'cmake_target': None, 'cmake_target_skip_unavailable': False, 'install_base': '/home/nvidia/DDSM_ws/install/robot_control', 'merge_install': False, 'path': '/home/nvidia/DDSM_ws/src/robot_control', 'symlink_install': False, 'test_result_base': None}
[0.704s] INFO:colcon.colcon_core.executor:Executing jobs using 'parallel' executor
[0.706s] DEBUG:colcon.colcon_parallel_executor.executor.parallel:run_until_complete
[0.707s] INFO:colcon.colcon_ros.task.ament_cmake.build:Building ROS package in '/home/nvidia/DDSM_ws/src/camera_publisher' with build type 'ament_cmake'
[0.707s] INFO:colcon.colcon_cmake.task.cmake.build:Building CMake package in '/home/nvidia/DDSM_ws/src/camera_publisher'
[0.710s] INFO:colcon.colcon_core.plugin_system:Skipping extension 'colcon_core.shell.bat': Not used on non-Windows systems
[0.711s] INFO:colcon.colcon_core.shell:Skip shell extension 'powershell' for command environment: Not usable outside of PowerShell
[0.711s] DEBUG:colcon.colcon_core.shell:Skip shell extension 'dsv' for command environment
[0.716s] INFO:colcon.colcon_ros.task.ament_python.build:Building ROS package in '/home/nvidia/DDSM_ws/src/robot_control' with build type 'ament_python'
[0.717s] Level 1:colcon.colcon_core.shell:create_environment_hook('robot_control', 'ament_prefix_path')
[0.717s] INFO:colcon.colcon_core.shell:Creating environment hook '/home/nvidia/DDSM_ws/install/robot_control/share/robot_control/hook/ament_prefix_path.ps1'
[0.719s] INFO:colcon.colcon_core.shell:Creating environment descriptor '/home/nvidia/DDSM_ws/install/robot_control/share/robot_control/hook/ament_prefix_path.dsv'
[0.720s] INFO:colcon.colcon_core.shell:Creating environment hook '/home/nvidia/DDSM_ws/install/robot_control/share/robot_control/hook/ament_prefix_path.sh'
[0.721s] INFO:colcon.colcon_core.shell:Skip shell extension 'powershell' for command environment: Not usable outside of PowerShell
[0.721s] DEBUG:colcon.colcon_core.shell:Skip shell extension 'dsv' for command environment
[0.733s] DEBUG:colcon.colcon_core.event_handler.log_command:Invoking command in '/home/nvidia/DDSM_ws/build/camera_publisher': CMAKE_PREFIX_PATH=${CMAKE_PREFIX_PATH}:/opt/ros/humble /usr/bin/cmake --build /home/nvidia/DDSM_ws/build/camera_publisher -- -j8 -l8
[1.211s] INFO:colcon.colcon_core.task.python.build:Building Python package in '/home/nvidia/DDSM_ws/src/robot_control'
[1.211s] INFO:colcon.colcon_core.shell:Skip shell extension 'powershell' for command environment: Not usable outside of PowerShell
[1.212s] DEBUG:colcon.colcon_core.shell:Skip shell extension 'dsv' for command environment
[1.220s] DEBUG:colcon.colcon_core.event_handler.log_command:Invoked command in '/home/nvidia/DDSM_ws/build/camera_publisher' returned '0': CMAKE_PREFIX_PATH=${CMAKE_PREFIX_PATH}:/opt/ros/humble /usr/bin/cmake --build /home/nvidia/DDSM_ws/build/camera_publisher -- -j8 -l8
[1.242s] DEBUG:colcon.colcon_core.event_handler.log_command:Invoking command in '/home/nvidia/DDSM_ws/build/camera_publisher': CMAKE_PREFIX_PATH=${CMAKE_PREFIX_PATH}:/opt/ros/humble /usr/bin/cmake --install /home/nvidia/DDSM_ws/build/camera_publisher
[1.261s] Level 1:colcon.colcon_core.environment:create_environment_scripts_only(camera_publisher)
[1.262s] DEBUG:colcon.colcon_core.event_handler.log_command:Invoked command in '/home/nvidia/DDSM_ws/build/camera_publisher' returned '0': CMAKE_PREFIX_PATH=${CMAKE_PREFIX_PATH}:/opt/ros/humble /usr/bin/cmake --install /home/nvidia/DDSM_ws/build/camera_publisher
[1.267s] Level 1:colcon.colcon_core.environment:checking '/home/nvidia/DDSM_ws/install/camera_publisher' for CMake module files
[1.268s] Level 1:colcon.colcon_core.environment:checking '/home/nvidia/DDSM_ws/install/camera_publisher' for CMake config files
[1.268s] Level 1:colcon.colcon_core.shell:create_environment_hook('camera_publisher', 'cmake_prefix_path')
[1.269s] INFO:colcon.colcon_core.shell:Creating environment hook '/home/nvidia/DDSM_ws/install/camera_publisher/share/camera_publisher/hook/cmake_prefix_path.ps1'
[1.270s] INFO:colcon.colcon_core.shell:Creating environment descriptor '/home/nvidia/DDSM_ws/install/camera_publisher/share/camera_publisher/hook/cmake_prefix_path.dsv'
[1.271s] INFO:colcon.colcon_core.shell:Creating environment hook '/home/nvidia/DDSM_ws/install/camera_publisher/share/camera_publisher/hook/cmake_prefix_path.sh'
[1.272s] Level 1:colcon.colcon_core.environment:checking '/home/nvidia/DDSM_ws/install/camera_publisher/bin'
[1.273s] Level 1:colcon.colcon_core.environment:checking '/home/nvidia/DDSM_ws/install/camera_publisher/lib/pkgconfig/camera_publisher.pc'
[1.273s] Level 1:colcon.colcon_core.environment:checking '/home/nvidia/DDSM_ws/install/camera_publisher/lib/python3.10/site-packages'
[1.273s] Level 1:colcon.colcon_core.environment:checking '/home/nvidia/DDSM_ws/install/camera_publisher/bin'
[1.274s] INFO:colcon.colcon_core.shell:Creating package script '/home/nvidia/DDSM_ws/install/camera_publisher/share/camera_publisher/package.ps1'
[1.276s] INFO:colcon.colcon_core.shell:Creating package descriptor '/home/nvidia/DDSM_ws/install/camera_publisher/share/camera_publisher/package.dsv'
[1.277s] INFO:colcon.colcon_core.shell:Creating package script '/home/nvidia/DDSM_ws/install/camera_publisher/share/camera_publisher/package.sh'
[1.279s] INFO:colcon.colcon_core.shell:Creating package script '/home/nvidia/DDSM_ws/install/camera_publisher/share/camera_publisher/package.bash'
[1.280s] INFO:colcon.colcon_core.shell:Creating package script '/home/nvidia/DDSM_ws/install/camera_publisher/share/camera_publisher/package.zsh'
[1.282s] Level 1:colcon.colcon_core.environment:create_file_with_runtime_dependencies(/home/nvidia/DDSM_ws/install/camera_publisher/share/colcon-core/packages/camera_publisher)
[1.283s] Level 1:colcon.colcon_core.environment:create_environment_scripts_only(camera_publisher)
[1.283s] Level 1:colcon.colcon_core.environment:checking '/home/nvidia/DDSM_ws/install/camera_publisher' for CMake module files
[1.284s] Level 1:colcon.colcon_core.environment:checking '/home/nvidia/DDSM_ws/install/camera_publisher' for CMake config files
[1.284s] Level 1:colcon.colcon_core.shell:create_environment_hook('camera_publisher', 'cmake_prefix_path')
[1.285s] INFO:colcon.colcon_core.shell:Creating environment hook '/home/nvidia/DDSM_ws/install/camera_publisher/share/camera_publisher/hook/cmake_prefix_path.ps1'
[1.285s] INFO:colcon.colcon_core.shell:Creating environment descriptor '/home/nvidia/DDSM_ws/install/camera_publisher/share/camera_publisher/hook/cmake_prefix_path.dsv'
[1.286s] INFO:colcon.colcon_core.shell:Creating environment hook '/home/nvidia/DDSM_ws/install/camera_publisher/share/camera_publisher/hook/cmake_prefix_path.sh'
[1.287s] Level 1:colcon.colcon_core.environment:checking '/home/nvidia/DDSM_ws/install/camera_publisher/bin'
[1.287s] Level 1:colcon.colcon_core.environment:checking '/home/nvidia/DDSM_ws/install/camera_publisher/lib/pkgconfig/camera_publisher.pc'
[1.288s] Level 1:colcon.colcon_core.environment:checking '/home/nvidia/DDSM_ws/install/camera_publisher/lib/python3.10/site-packages'
[1.288s] Level 1:colcon.colcon_core.environment:checking '/home/nvidia/DDSM_ws/install/camera_publisher/bin'
[1.289s] INFO:colcon.colcon_core.shell:Creating package script '/home/nvidia/DDSM_ws/install/camera_publisher/share/camera_publisher/package.ps1'
[1.290s] INFO:colcon.colcon_core.shell:Creating package descriptor '/home/nvidia/DDSM_ws/install/camera_publisher/share/camera_publisher/package.dsv'
[1.291s] INFO:colcon.colcon_core.shell:Creating package script '/home/nvidia/DDSM_ws/install/camera_publisher/share/camera_publisher/package.sh'
[1.292s] INFO:colcon.colcon_core.shell:Creating package script '/home/nvidia/DDSM_ws/install/camera_publisher/share/camera_publisher/package.bash'
[1.293s] INFO:colcon.colcon_core.shell:Creating package script '/home/nvidia/DDSM_ws/install/camera_publisher/share/camera_publisher/package.zsh'
[1.293s] Level 1:colcon.colcon_core.environment:create_file_with_runtime_dependencies(/home/nvidia/DDSM_ws/install/camera_publisher/share/colcon-core/packages/camera_publisher)
[1.926s] DEBUG:colcon.colcon_core.event_handler.log_command:Invoking command in '/home/nvidia/DDSM_ws/src/robot_control': PYTHONPATH=/home/nvidia/DDSM_ws/build/robot_control/prefix_override:/usr/lib/python3/dist-packages/colcon_core/task/python/colcon_distutils_commands:/home/nvidia/DDSM_ws/install/robot_control/lib/python3.10/site-packages:${PYTHONPATH} /usr/bin/python3 -W ignore:setup.py install is deprecated -W ignore:easy_install command is deprecated setup.py egg_info --egg-base ../../build/robot_control build --build-base /home/nvidia/DDSM_ws/build/robot_control/build install --record /home/nvidia/DDSM_ws/build/robot_control/install.log --single-version-externally-managed install_data
[2.472s] Level 1:colcon.colcon_core.environment:checking '/home/nvidia/DDSM_ws/install/robot_control' for CMake module files
[2.473s] DEBUG:colcon.colcon_core.event_handler.log_command:Invoked command in '/home/nvidia/DDSM_ws/src/robot_control' returned '0': PYTHONPATH=/home/nvidia/DDSM_ws/build/robot_control/prefix_override:/usr/lib/python3/dist-packages/colcon_core/task/python/colcon_distutils_commands:/home/nvidia/DDSM_ws/install/robot_control/lib/python3.10/site-packages:${PYTHONPATH} /usr/bin/python3 -W ignore:setup.py install is deprecated -W ignore:easy_install command is deprecated setup.py egg_info --egg-base ../../build/robot_control build --build-base /home/nvidia/DDSM_ws/build/robot_control/build install --record /home/nvidia/DDSM_ws/build/robot_control/install.log --single-version-externally-managed install_data
[2.474s] Level 1:colcon.colcon_core.environment:checking '/home/nvidia/DDSM_ws/install/robot_control' for CMake config files
[2.475s] Level 1:colcon.colcon_core.environment:checking '/home/nvidia/DDSM_ws/install/robot_control/lib'
[2.475s] Level 1:colcon.colcon_core.environment:checking '/home/nvidia/DDSM_ws/install/robot_control/bin'
[2.475s] Level 1:colcon.colcon_core.shell:create_environment_hook('robot_control', 'path')
[2.476s] INFO:colcon.colcon_core.shell:Creating environment hook '/home/nvidia/DDSM_ws/install/robot_control/share/robot_control/hook/path.ps1'
[2.477s] INFO:colcon.colcon_core.shell:Creating environment descriptor '/home/nvidia/DDSM_ws/install/robot_control/share/robot_control/hook/path.dsv'
[2.478s] INFO:colcon.colcon_core.shell:Creating environment hook '/home/nvidia/DDSM_ws/install/robot_control/share/robot_control/hook/path.sh'
[2.479s] Level 1:colcon.colcon_core.environment:checking '/home/nvidia/DDSM_ws/install/robot_control/lib/pkgconfig/robot_control.pc'
[2.479s] Level 1:colcon.colcon_core.environment:checking '/home/nvidia/DDSM_ws/install/robot_control/lib/python3.10/site-packages'
[2.479s] Level 1:colcon.colcon_core.shell:create_environment_hook('robot_control', 'pythonpath')
[2.480s] INFO:colcon.colcon_core.shell:Creating environment hook '/home/nvidia/DDSM_ws/install/robot_control/share/robot_control/hook/pythonpath.ps1'
[2.480s] INFO:colcon.colcon_core.shell:Creating environment descriptor '/home/nvidia/DDSM_ws/install/robot_control/share/robot_control/hook/pythonpath.dsv'
[2.481s] INFO:colcon.colcon_core.shell:Creating environment hook '/home/nvidia/DDSM_ws/install/robot_control/share/robot_control/hook/pythonpath.sh'
[2.482s] Level 1:colcon.colcon_core.environment:checking '/home/nvidia/DDSM_ws/install/robot_control/bin'
[2.482s] Level 1:colcon.colcon_core.shell:create_environment_hook('robot_control', 'pythonscriptspath')
[2.483s] INFO:colcon.colcon_core.shell:Creating environment hook '/home/nvidia/DDSM_ws/install/robot_control/share/robot_control/hook/pythonscriptspath.ps1'
[2.483s] INFO:colcon.colcon_core.shell:Creating environment descriptor '/home/nvidia/DDSM_ws/install/robot_control/share/robot_control/hook/pythonscriptspath.dsv'
[2.484s] INFO:colcon.colcon_core.shell:Creating environment hook '/home/nvidia/DDSM_ws/install/robot_control/share/robot_control/hook/pythonscriptspath.sh'
[2.485s] Level 1:colcon.colcon_core.environment:create_environment_scripts_only(robot_control)
[2.485s] INFO:colcon.colcon_core.shell:Creating package script '/home/nvidia/DDSM_ws/install/robot_control/share/robot_control/package.ps1'
[2.486s] INFO:colcon.colcon_core.shell:Creating package descriptor '/home/nvidia/DDSM_ws/install/robot_control/share/robot_control/package.dsv'
[2.487s] INFO:colcon.colcon_core.shell:Creating package script '/home/nvidia/DDSM_ws/install/robot_control/share/robot_control/package.sh'
[2.488s] INFO:colcon.colcon_core.shell:Creating package script '/home/nvidia/DDSM_ws/install/robot_control/share/robot_control/package.bash'
[2.489s] INFO:colcon.colcon_core.shell:Creating package script '/home/nvidia/DDSM_ws/install/robot_control/share/robot_control/package.zsh'
[2.489s] Level 1:colcon.colcon_core.environment:create_file_with_runtime_dependencies(/home/nvidia/DDSM_ws/install/robot_control/share/colcon-core/packages/robot_control)
[2.490s] DEBUG:colcon.colcon_parallel_executor.executor.parallel:closing loop
[2.491s] DEBUG:colcon.colcon_parallel_executor.executor.parallel:loop closed
[2.491s] DEBUG:colcon.colcon_parallel_executor.executor.parallel:run_until_complete finished with '0'
[2.491s] DEBUG:colcon.colcon_core.event_reactor:joining thread
[2.501s] INFO:colcon.colcon_core.plugin_system:Skipping extension 'colcon_notification.desktop_notification.terminal_notifier': Not used on non-Darwin systems
[2.501s] INFO:colcon.colcon_core.plugin_system:Skipping extension 'colcon_notification.desktop_notification.win32': Not used on non-Windows systems
[2.501s] INFO:colcon.colcon_notification.desktop_notification:Sending desktop notification using 'notify2'
[2.540s] DEBUG:colcon.colcon_core.event_reactor:joined thread
[2.541s] INFO:colcon.colcon_core.shell:Creating prefix script '/home/nvidia/DDSM_ws/install/local_setup.ps1'
[2.543s] INFO:colcon.colcon_core.shell:Creating prefix util module '/home/nvidia/DDSM_ws/install/_local_setup_util_ps1.py'
[2.546s] INFO:colcon.colcon_core.shell:Creating prefix chain script '/home/nvidia/DDSM_ws/install/setup.ps1'
[2.548s] INFO:colcon.colcon_core.shell:Creating prefix script '/home/nvidia/DDSM_ws/install/local_setup.sh'
[2.549s] INFO:colcon.colcon_core.shell:Creating prefix util module '/home/nvidia/DDSM_ws/install/_local_setup_util_sh.py'
[2.550s] INFO:colcon.colcon_core.shell:Creating prefix chain script '/home/nvidia/DDSM_ws/install/setup.sh'
[2.552s] INFO:colcon.colcon_core.shell:Creating prefix script '/home/nvidia/DDSM_ws/install/local_setup.bash'
[2.552s] INFO:colcon.colcon_core.shell:Creating prefix chain script '/home/nvidia/DDSM_ws/install/setup.bash'
[2.554s] INFO:colcon.colcon_core.shell:Creating prefix script '/home/nvidia/DDSM_ws/install/local_setup.zsh'
[2.555s] INFO:colcon.colcon_core.shell:Creating prefix chain script '/home/nvidia/DDSM_ws/install/setup.zsh'
