[0.019s] Invoking command in '/home/nvidia/fishbot_ws/build/fishbot_navigation2': CMAKE_PREFIX_PATH=${CMAKE_PREFIX_PATH}:/home/nvidia/fishbot_ws/install/fishbot_description:/opt/ros/humble /usr/bin/cmake --build /home/nvidia/fishbot_ws/build/fishbot_navigation2 -- -j8 -l8
[0.092s] Invoked command in '/home/nvidia/fishbot_ws/build/fishbot_navigation2' returned '0': CMAKE_PREFIX_PATH=${CMAKE_PREFIX_PATH}:/home/nvidia/fishbot_ws/install/fishbot_description:/opt/ros/humble /usr/bin/cmake --build /home/nvidia/fishbot_ws/build/fishbot_navigation2 -- -j8 -l8
[0.116s] Invoking command in '/home/nvidia/fishbot_ws/build/fishbot_navigation2': CMAKE_PREFIX_PATH=${CMAKE_PREFIX_PATH}:/home/nvidia/fishbot_ws/install/fishbot_description:/opt/ros/humble /usr/bin/cmake --install /home/nvidia/fishbot_ws/build/fishbot_navigation2
[0.130s] -- Install configuration: ""
[0.130s] -- Up-to-date: /home/nvidia/fishbot_ws/install/fishbot_navigation2/share/fishbot_navigation2/launch
[0.131s] -- Up-to-date: /home/nvidia/fishbot_ws/install/fishbot_navigation2/share/fishbot_navigation2/launch/navigation2.launch.py
[0.131s] -- Up-to-date: /home/nvidia/fishbot_ws/install/fishbot_navigation2/share/fishbot_navigation2/param
[0.131s] -- Up-to-date: /home/nvidia/fishbot_ws/install/fishbot_navigation2/share/fishbot_navigation2/param/fishbot_nav2.yaml
[0.132s] -- Up-to-date: /home/nvidia/fishbot_ws/install/fishbot_navigation2/share/fishbot_navigation2/maps
[0.132s] -- Up-to-date: /home/nvidia/fishbot_ws/install/fishbot_navigation2/share/fishbot_navigation2/maps/fishbot_map.pgm
[0.132s] -- Up-to-date: /home/nvidia/fishbot_ws/install/fishbot_navigation2/share/fishbot_navigation2/maps/fishbot_map.yaml
[0.132s] -- Up-to-date: /home/nvidia/fishbot_ws/install/fishbot_navigation2/share/ament_index/resource_index/package_run_dependencies/fishbot_navigation2
[0.133s] -- Up-to-date: /home/nvidia/fishbot_ws/install/fishbot_navigation2/share/ament_index/resource_index/parent_prefix_path/fishbot_navigation2
[0.133s] -- Up-to-date: /home/nvidia/fishbot_ws/install/fishbot_navigation2/share/fishbot_navigation2/environment/ament_prefix_path.sh
[0.133s] -- Up-to-date: /home/nvidia/fishbot_ws/install/fishbot_navigation2/share/fishbot_navigation2/environment/ament_prefix_path.dsv
[0.134s] -- Up-to-date: /home/nvidia/fishbot_ws/install/fishbot_navigation2/share/fishbot_navigation2/environment/path.sh
[0.134s] -- Up-to-date: /home/nvidia/fishbot_ws/install/fishbot_navigation2/share/fishbot_navigation2/environment/path.dsv
[0.136s] -- Up-to-date: /home/nvidia/fishbot_ws/install/fishbot_navigation2/share/fishbot_navigation2/local_setup.bash
[0.137s] -- Up-to-date: /home/nvidia/fishbot_ws/install/fishbot_navigation2/share/fishbot_navigation2/local_setup.sh
[0.137s] -- Up-to-date: /home/nvidia/fishbot_ws/install/fishbot_navigation2/share/fishbot_navigation2/local_setup.zsh
[0.138s] -- Up-to-date: /home/nvidia/fishbot_ws/install/fishbot_navigation2/share/fishbot_navigation2/local_setup.dsv
[0.138s] -- Installing: /home/nvidia/fishbot_ws/install/fishbot_navigation2/share/fishbot_navigation2/package.dsv
[0.139s] -- Up-to-date: /home/nvidia/fishbot_ws/install/fishbot_navigation2/share/ament_index/resource_index/packages/fishbot_navigation2
[0.139s] -- Up-to-date: /home/nvidia/fishbot_ws/install/fishbot_navigation2/share/fishbot_navigation2/cmake/fishbot_navigation2Config.cmake
[0.140s] -- Up-to-date: /home/nvidia/fishbot_ws/install/fishbot_navigation2/share/fishbot_navigation2/cmake/fishbot_navigation2Config-version.cmake
[0.141s] -- Up-to-date: /home/nvidia/fishbot_ws/install/fishbot_navigation2/share/fishbot_navigation2/package.xml
[0.141s] Invoked command in '/home/nvidia/fishbot_ws/build/fishbot_navigation2' returned '0': CMAKE_PREFIX_PATH=${CMAKE_PREFIX_PATH}:/home/nvidia/fishbot_ws/install/fishbot_description:/opt/ros/humble /usr/bin/cmake --install /home/nvidia/fishbot_ws/build/fishbot_navigation2
