[0.045s] Invoking command in '/home/nvidia/ros2_ws/build/camera_publisher': CMAKE_PREFIX_PATH=/opt/ros/humble /usr/bin/cmake --build /home/nvidia/ros2_ws/build/camera_publisher -- -j8 -l8
[0.688s] Invoked command in '/home/nvidia/ros2_ws/build/camera_publisher' returned '0': CMAKE_PREFIX_PATH=/opt/ros/humble /usr/bin/cmake --build /home/nvidia/ros2_ws/build/camera_publisher -- -j8 -l8
[0.720s] Invoking command in '/home/nvidia/ros2_ws/build/camera_publisher': CMAKE_PREFIX_PATH=/opt/ros/humble /usr/bin/cmake --install /home/nvidia/ros2_ws/build/camera_publisher
[1.249s] -- Install configuration: ""
[1.249s] -- Up-to-date: /home/nvidia/ros2_ws/install/camera_publisher/share/ament_index/resource_index/package_run_dependencies/camera_publisher
[1.249s] -- Up-to-date: /home/nvidia/ros2_ws/install/camera_publisher/share/ament_index/resource_index/parent_prefix_path/camera_publisher
[1.249s] -- Up-to-date: /home/nvidia/ros2_ws/install/camera_publisher/share/camera_publisher/environment/ament_prefix_path.sh
[1.250s] -- Up-to-date: /home/nvidia/ros2_ws/install/camera_publisher/share/camera_publisher/environment/ament_prefix_path.dsv
[1.251s] -- Up-to-date: /home/nvidia/ros2_ws/install/camera_publisher/share/camera_publisher/environment/path.sh
[1.251s] -- Up-to-date: /home/nvidia/ros2_ws/install/camera_publisher/share/camera_publisher/environment/path.dsv
[1.252s] -- Up-to-date: /home/nvidia/ros2_ws/install/camera_publisher/share/camera_publisher/local_setup.bash
[1.252s] -- Up-to-date: /home/nvidia/ros2_ws/install/camera_publisher/share/camera_publisher/local_setup.sh
[1.253s] -- Up-to-date: /home/nvidia/ros2_ws/install/camera_publisher/share/camera_publisher/local_setup.zsh
[1.255s] -- Up-to-date: /home/nvidia/ros2_ws/install/camera_publisher/share/camera_publisher/local_setup.dsv
[1.255s] -- Installing: /home/nvidia/ros2_ws/install/camera_publisher/share/camera_publisher/package.dsv
[1.255s] -- Up-to-date: /home/nvidia/ros2_ws/install/camera_publisher/share/ament_index/resource_index/packages/camera_publisher
[1.256s] -- Up-to-date: /home/nvidia/ros2_ws/install/camera_publisher/share/camera_publisher/cmake/camera_publisherConfig.cmake
[1.256s] -- Up-to-date: /home/nvidia/ros2_ws/install/camera_publisher/share/camera_publisher/cmake/camera_publisherConfig-version.cmake
[1.256s] -- Up-to-date: /home/nvidia/ros2_ws/install/camera_publisher/share/camera_publisher/package.xml
[1.262s] Invoked command in '/home/nvidia/ros2_ws/build/camera_publisher' returned '0': CMAKE_PREFIX_PATH=/opt/ros/humble /usr/bin/cmake --install /home/nvidia/ros2_ws/build/camera_publisher
