[0.023s] Invoking command in '/home/nvidia/2d_slam/src/LSLIDAR_X_ROS2-20240228/build/lslidar_driver': AMENT_PREFIX_PATH=/home/nvidia/2d_slam/src/LSLIDAR_X_ROS2-20240228/install/lslidar_msgs:${AMENT_PREFIX_PATH} CMAKE_PREFIX_PATH=/home/nvidia/2d_slam/src/LSLIDAR_X_ROS2-20240228/install/lslidar_msgs:/usr/share/gazebo-11/cmake:/usr/share/gazebo/cmake:/opt/ros/humble LD_LIBRARY_PATH=/home/nvidia/2d_slam/src/LSLIDAR_X_ROS2-20240228/install/lslidar_msgs/lib:${LD_LIBRARY_PATH} PYTHONPATH=/home/nvidia/2d_slam/src/LSLIDAR_X_ROS2-20240228/install/lslidar_msgs/local/lib/python3.10/dist-packages:${PYTHONPATH} /usr/bin/cmake /home/nvidia/2d_slam/src/LSLIDAR_X_ROS2-20240228/src/lslidar_driver -DCMAKE_INSTALL_PREFIX=/home/nvidia/2d_slam/src/LSLIDAR_X_ROS2-20240228/install/lslidar_driver
[0.061s] -- Found Boost: /usr/lib/aarch64-linux-gnu/cmake/Boost-1.74.0/BoostConfig.cmake (found version "1.74.0") found components: thread 
[0.062s] -- Found rclcpp: 16.0.11 (/opt/ros/humble/share/rclcpp/cmake)
[0.385s] -- Found rosidl_generator_c: 3.1.6 (/opt/ros/humble/share/rosidl_generator_c/cmake)
[0.389s] -- Found rosidl_adapter: 3.1.6 (/opt/ros/humble/share/rosidl_adapter/cmake)
[0.398s] -- Found rosidl_generator_cpp: 3.1.6 (/opt/ros/humble/share/rosidl_generator_cpp/cmake)
[0.413s] -- Using all available rosidl_typesupport_c: rosidl_typesupport_fastrtps_c;rosidl_typesupport_introspection_c
[0.430s] -- Using all available rosidl_typesupport_cpp: rosidl_typesupport_fastrtps_cpp;rosidl_typesupport_introspection_cpp
[0.483s] -- Found rmw_implementation_cmake: 6.1.2 (/opt/ros/humble/share/rmw_implementation_cmake/cmake)
[0.484s] -- Found rmw_fastrtps_cpp: 6.2.7 (/opt/ros/humble/share/rmw_fastrtps_cpp/cmake)
[0.657s] -- Using RMW implementation 'rmw_fastrtps_cpp' as default
[0.749s] -- Eigen found (include: /usr/include/eigen3, version: 3.4.0)
[0.761s] -- Found Boost: /usr/lib/aarch64-linux-gnu/cmake/Boost-1.74.0/BoostConfig.cmake (found suitable version "1.74.0", minimum required is "1.65.0") found components: system filesystem date_time iostreams serialization 
[0.802s] -- FLANN found (include: /usr/include, lib: /usr/lib/aarch64-linux-gnu/libflann_cpp.so)
[1.344s] -- OpenNI found (version: 1.5.4.0, include: /usr/include/ni, lib: /usr/lib/libOpenNI.so;libusb::libusb)
[1.354s] -- OpenNI2 found (version: 2.2.0.33, include: /usr/include/openni2, lib: /usr/lib/aarch64-linux-gnu/libOpenNI2.so;libusb::libusb)
[1.355s] [0m** WARNING ** io features related to pcap will be disabled[0m
[1.596s] -- Eigen found (include: /usr/include/eigen3, version: 3.4.0)
[1.607s] -- OpenNI found (version: 1.5.4.0, include: /usr/include/ni, lib: /usr/lib/libOpenNI.so;libusb::libusb)
[1.617s] -- OpenNI2 found (version: 2.2.0.33, include: /usr/include/openni2, lib: /usr/lib/aarch64-linux-gnu/libOpenNI2.so;libusb::libusb)
[1.837s] -- Found Qhull version 8.0.2
[2.073s] -- OpenNI found (version: 1.5.4.0, include: /usr/include/ni, lib: /usr/lib/libOpenNI.so;libusb::libusb)
[2.297s] -- looking for PCL_COMMON
[2.297s] -- looking for PCL_KDTREE
[2.298s] -- looking for PCL_OCTREE
[2.298s] -- looking for PCL_SEARCH
[2.299s] -- looking for PCL_SAMPLE_CONSENSUS
[2.299s] -- looking for PCL_FILTERS
[2.300s] -- looking for PCL_2D
[2.300s] -- looking for PCL_GEOMETRY
[2.300s] -- looking for PCL_IO
[2.301s] -- looking for PCL_FEATURES
[2.302s] -- looking for PCL_ML
[2.302s] -- looking for PCL_SEGMENTATION
[2.303s] -- looking for PCL_VISUALIZATION
[2.304s] -- looking for PCL_SURFACE
[2.305s] -- looking for PCL_REGISTRATION
[2.305s] -- looking for PCL_KEYPOINTS
[2.306s] -- looking for PCL_TRACKING
[2.306s] -- looking for PCL_RECOGNITION
[2.307s] -- looking for PCL_STEREO
[2.307s] -- looking for PCL_APPS
[2.308s] -- looking for PCL_IN_HAND_SCANNER
[2.309s] -- looking for PCL_MODELER
[2.309s] -- looking for PCL_POINT_CLOUD_EDITOR
[2.309s] -- looking for PCL_OUTOFCORE
[2.310s] -- looking for PCL_PEOPLE
[2.312s] -- Found diagnostic_updater: 4.0.2 (/opt/ros/humble/share/diagnostic_updater/cmake)
[2.337s] -- Found lslidar_msgs: 1.2.0 (/home/nvidia/2d_slam/src/LSLIDAR_X_ROS2-20240228/install/lslidar_msgs/share/lslidar_msgs/cmake)
[2.357s] -- Found pluginlib: 5.1.0 (/opt/ros/humble/share/pluginlib/cmake)
[2.383s] -- Found pcl_conversions: 2.4.5 (/opt/ros/humble/share/pcl_conversions/cmake)
[2.476s] [31mCMake Error at CMakeLists.txt:30 (find_package):
[2.477s]   By not providing "Findcatkin.cmake" in CMAKE_MODULE_PATH this project has
[2.477s]   asked CMake to find a package configuration file provided by "catkin", but
[2.477s]   CMake did not find one.
[2.477s] 
[2.478s]   Could not find a package configuration file provided by "catkin" with any
[2.478s]   of the following names:
[2.478s] 
[2.478s]     catkinConfig.cmake
[2.478s]     catkin-config.cmake
[2.478s] 
[2.478s]   Add the installation prefix of "catkin" to CMAKE_PREFIX_PATH or set
[2.478s]   "catkin_DIR" to a directory containing one of the above files.  If "catkin"
[2.478s]   provides a separate development package or SDK, be sure it has been
[2.478s]   installed.
[2.479s] 
[2.479s] [0m
[2.479s] -- Configuring incomplete, errors occurred!
[2.479s] See also "/home/nvidia/2d_slam/src/LSLIDAR_X_ROS2-20240228/build/lslidar_driver/CMakeFiles/CMakeOutput.log".
[2.517s] Invoked command in '/home/nvidia/2d_slam/src/LSLIDAR_X_ROS2-20240228/build/lslidar_driver' returned '1': AMENT_PREFIX_PATH=/home/nvidia/2d_slam/src/LSLIDAR_X_ROS2-20240228/install/lslidar_msgs:${AMENT_PREFIX_PATH} CMAKE_PREFIX_PATH=/home/nvidia/2d_slam/src/LSLIDAR_X_ROS2-20240228/install/lslidar_msgs:/usr/share/gazebo-11/cmake:/usr/share/gazebo/cmake:/opt/ros/humble LD_LIBRARY_PATH=/home/nvidia/2d_slam/src/LSLIDAR_X_ROS2-20240228/install/lslidar_msgs/lib:${LD_LIBRARY_PATH} PYTHONPATH=/home/nvidia/2d_slam/src/LSLIDAR_X_ROS2-20240228/install/lslidar_msgs/local/lib/python3.10/dist-packages:${PYTHONPATH} /usr/bin/cmake /home/nvidia/2d_slam/src/LSLIDAR_X_ROS2-20240228/src/lslidar_driver -DCMAKE_INSTALL_PREFIX=/home/nvidia/2d_slam/src/LSLIDAR_X_ROS2-20240228/install/lslidar_driver
