[1.208s] Invoking command in '/home/nvidia/ros2_ws/src/robot_control': PYTHONPATH=/home/nvidia/ros2_ws/build/robot_control/prefix_override:/usr/lib/python3/dist-packages/colcon_core/task/python/colcon_distutils_commands:/home/nvidia/ros2_ws/install/robot_control/lib/python3.10/site-packages:${PYTHONPATH} /usr/bin/python3 -W ignore:setup.py install is deprecated -W ignore:easy_install command is deprecated setup.py egg_info --egg-base ../../build/robot_control build --build-base /home/nvidia/ros2_ws/build/robot_control/build install --record /home/nvidia/ros2_ws/build/robot_control/install.log --single-version-externally-managed install_data
[1.622s] running egg_info
[1.623s] writing ../../build/robot_control/robot_control.egg-info/PKG-INFO
[1.624s] writing dependency_links to ../../build/robot_control/robot_control.egg-info/dependency_links.txt
[1.624s] writing entry points to ../../build/robot_control/robot_control.egg-info/entry_points.txt
[1.624s] writing requirements to ../../build/robot_control/robot_control.egg-info/requires.txt
[1.625s] writing top-level names to ../../build/robot_control/robot_control.egg-info/top_level.txt
[1.627s] reading manifest file '../../build/robot_control/robot_control.egg-info/SOURCES.txt'
[1.629s] writing manifest file '../../build/robot_control/robot_control.egg-info/SOURCES.txt'
[1.629s] running build
[1.629s] running build_py
[1.630s] running install
[1.630s] running install_lib
[1.634s] running install_data
[1.634s] copying launch/serial_control.launch.py -> /home/nvidia/ros2_ws/install/robot_control/share/robot_control/launch
[1.634s] running install_egg_info
[1.637s] removing '/home/nvidia/ros2_ws/install/robot_control/lib/python3.10/site-packages/robot_control-0.0.1-py3.10.egg-info' (and everything under it)
[1.638s] Copying ../../build/robot_control/robot_control.egg-info to /home/nvidia/ros2_ws/install/robot_control/lib/python3.10/site-packages/robot_control-0.0.1-py3.10.egg-info
[1.639s] running install_scripts
[1.679s] Installing robot_controller script to /home/nvidia/ros2_ws/install/robot_control/bin
[1.679s] Installing serial_controller script to /home/nvidia/ros2_ws/install/robot_control/bin
[1.680s] writing list of installed files to '/home/nvidia/ros2_ws/build/robot_control/install.log'
[1.745s] Invoked command in '/home/nvidia/ros2_ws/src/robot_control' returned '0': PYTHONPATH=/home/nvidia/ros2_ws/build/robot_control/prefix_override:/usr/lib/python3/dist-packages/colcon_core/task/python/colcon_distutils_commands:/home/nvidia/ros2_ws/install/robot_control/lib/python3.10/site-packages:${PYTHONPATH} /usr/bin/python3 -W ignore:setup.py install is deprecated -W ignore:easy_install command is deprecated setup.py egg_info --egg-base ../../build/robot_control build --build-base /home/nvidia/ros2_ws/build/robot_control/build install --record /home/nvidia/ros2_ws/build/robot_control/install.log --single-version-externally-managed install_data
