[0.181s] DEBUG:colcon:Command line arguments: ['/usr/bin/colcon', 'build']
[0.181s] DEBUG:colcon:Parsed command line arguments: Namespace(log_base=None, log_level=None, verb_name='build', build_base='build', install_base='install', merge_install=False, symlink_install=False, test_result_base=None, continue_on_error=False, executor='parallel', parallel_workers=8, event_handlers=None, ignore_user_meta=False, metas=['./colcon.meta'], base_paths=['.'], packages_ignore=None, packages_ignore_regex=None, paths=None, packages_up_to=None, packages_up_to_regex=None, packages_above=None, packages_above_and_dependencies=None, packages_above_depth=None, packages_select_by_dep=None, packages_skip_by_dep=None, packages_skip_up_to=None, packages_select_build_failed=False, packages_skip_build_finished=False, packages_select_test_failures=False, packages_skip_test_passed=False, packages_select=None, packages_skip=None, packages_select_regex=None, packages_skip_regex=None, packages_start=None, packages_end=None, allow_overriding=[], cmake_args=None, cmake_target=None, cmake_target_skip_unavailable=False, cmake_clean_cache=False, cmake_clean_first=False, cmake_force_configure=False, ament_cmake_args=None, catkin_cmake_args=None, catkin_skip_building_tests=False, mixin_files=None, mixin=None, verb_parser=<colcon_mixin.mixin.mixin_argument.MixinArgumentDecorator object at 0xffff81e04760>, verb_extension=<colcon_core.verb.build.BuildVerb object at 0xffff81e04160>, main=<bound method BuildVerb.main of <colcon_core.verb.build.BuildVerb object at 0xffff81e04160>>, mixin_verb=('build',))
[0.476s] Level 1:colcon.colcon_core.package_discovery:discover_packages(colcon_meta) check parameters
[0.476s] Level 1:colcon.colcon_core.package_discovery:discover_packages(recursive) check parameters
[0.476s] Level 1:colcon.colcon_core.package_discovery:discover_packages(ignore) check parameters
[0.476s] Level 1:colcon.colcon_core.package_discovery:discover_packages(path) check parameters
[0.476s] Level 1:colcon.colcon_core.package_discovery:discover_packages(colcon_meta) discover
[0.476s] Level 1:colcon.colcon_core.package_discovery:discover_packages(recursive) discover
[0.477s] INFO:colcon.colcon_core.package_discovery:Crawling recursively for packages in '/home/nvidia/roadRunner/fishbot_ws/src'
[0.477s] Level 1:colcon.colcon_core.package_identification:_identify(.) by extensions ['ignore', 'ignore_ament_install']
[0.477s] Level 1:colcon.colcon_core.package_identification:_identify(.) by extension 'ignore'
[0.477s] Level 1:colcon.colcon_core.package_identification:_identify(.) by extension 'ignore_ament_install'
[0.477s] Level 1:colcon.colcon_core.package_identification:_identify(.) by extensions ['colcon_pkg']
[0.477s] Level 1:colcon.colcon_core.package_identification:_identify(.) by extension 'colcon_pkg'
[0.477s] Level 1:colcon.colcon_core.package_identification:_identify(.) by extensions ['colcon_meta']
[0.477s] Level 1:colcon.colcon_core.package_identification:_identify(.) by extension 'colcon_meta'
[0.477s] Level 1:colcon.colcon_core.package_identification:_identify(.) by extensions ['ros']
[0.477s] Level 1:colcon.colcon_core.package_identification:_identify(.) by extension 'ros'
[0.494s] Level 1:colcon.colcon_core.package_identification:_identify(.) by extensions ['cmake', 'python']
[0.495s] Level 1:colcon.colcon_core.package_identification:_identify(.) by extension 'cmake'
[0.495s] Level 1:colcon.colcon_core.package_identification:_identify(.) by extension 'python'
[0.495s] Level 1:colcon.colcon_core.package_identification:_identify(.) by extensions ['python_setup_py']
[0.495s] Level 1:colcon.colcon_core.package_identification:_identify(.) by extension 'python_setup_py'
[0.495s] Level 1:colcon.colcon_core.package_identification:_identify(build) by extensions ['ignore', 'ignore_ament_install']
[0.495s] Level 1:colcon.colcon_core.package_identification:_identify(build) by extension 'ignore'
[0.495s] Level 1:colcon.colcon_core.package_identification:_identify(build) ignored
[0.496s] Level 1:colcon.colcon_core.package_identification:_identify(fishbot_bringup) by extensions ['ignore', 'ignore_ament_install']
[0.496s] Level 1:colcon.colcon_core.package_identification:_identify(fishbot_bringup) by extension 'ignore'
[0.496s] Level 1:colcon.colcon_core.package_identification:_identify(fishbot_bringup) by extension 'ignore_ament_install'
[0.496s] Level 1:colcon.colcon_core.package_identification:_identify(fishbot_bringup) by extensions ['colcon_pkg']
[0.496s] Level 1:colcon.colcon_core.package_identification:_identify(fishbot_bringup) by extension 'colcon_pkg'
[0.496s] Level 1:colcon.colcon_core.package_identification:_identify(fishbot_bringup) by extensions ['colcon_meta']
[0.496s] Level 1:colcon.colcon_core.package_identification:_identify(fishbot_bringup) by extension 'colcon_meta'
[0.496s] Level 1:colcon.colcon_core.package_identification:_identify(fishbot_bringup) by extensions ['ros']
[0.496s] Level 1:colcon.colcon_core.package_identification:_identify(fishbot_bringup) by extension 'ros'
[0.500s] DEBUG:colcon.colcon_core.package_identification:Package 'fishbot_bringup' with type 'ros.ament_cmake' and name 'fishbot_bringup'
[0.500s] Level 1:colcon.colcon_core.package_identification:_identify(fishbot_cartographer) by extensions ['ignore', 'ignore_ament_install']
[0.500s] Level 1:colcon.colcon_core.package_identification:_identify(fishbot_cartographer) by extension 'ignore'
[0.500s] Level 1:colcon.colcon_core.package_identification:_identify(fishbot_cartographer) by extension 'ignore_ament_install'
[0.500s] Level 1:colcon.colcon_core.package_identification:_identify(fishbot_cartographer) by extensions ['colcon_pkg']
[0.500s] Level 1:colcon.colcon_core.package_identification:_identify(fishbot_cartographer) by extension 'colcon_pkg'
[0.501s] Level 1:colcon.colcon_core.package_identification:_identify(fishbot_cartographer) by extensions ['colcon_meta']
[0.501s] Level 1:colcon.colcon_core.package_identification:_identify(fishbot_cartographer) by extension 'colcon_meta'
[0.501s] Level 1:colcon.colcon_core.package_identification:_identify(fishbot_cartographer) by extensions ['ros']
[0.501s] Level 1:colcon.colcon_core.package_identification:_identify(fishbot_cartographer) by extension 'ros'
[0.502s] DEBUG:colcon.colcon_core.package_identification:Package 'fishbot_cartographer' with type 'ros.ament_cmake' and name 'fishbot_cartographer'
[0.502s] Level 1:colcon.colcon_core.package_identification:_identify(fishbot_description) by extensions ['ignore', 'ignore_ament_install']
[0.502s] Level 1:colcon.colcon_core.package_identification:_identify(fishbot_description) by extension 'ignore'
[0.502s] Level 1:colcon.colcon_core.package_identification:_identify(fishbot_description) by extension 'ignore_ament_install'
[0.502s] Level 1:colcon.colcon_core.package_identification:_identify(fishbot_description) by extensions ['colcon_pkg']
[0.502s] Level 1:colcon.colcon_core.package_identification:_identify(fishbot_description) by extension 'colcon_pkg'
[0.502s] Level 1:colcon.colcon_core.package_identification:_identify(fishbot_description) by extensions ['colcon_meta']
[0.502s] Level 1:colcon.colcon_core.package_identification:_identify(fishbot_description) by extension 'colcon_meta'
[0.502s] Level 1:colcon.colcon_core.package_identification:_identify(fishbot_description) by extensions ['ros']
[0.502s] Level 1:colcon.colcon_core.package_identification:_identify(fishbot_description) by extension 'ros'
[0.505s] DEBUG:colcon.colcon_core.package_identification:Package 'fishbot_description' with type 'ros.ament_python' and name 'fishbot_description'
[0.505s] Level 1:colcon.colcon_core.package_identification:_identify(fishbot_navigation2) by extensions ['ignore', 'ignore_ament_install']
[0.506s] Level 1:colcon.colcon_core.package_identification:_identify(fishbot_navigation2) by extension 'ignore'
[0.506s] Level 1:colcon.colcon_core.package_identification:_identify(fishbot_navigation2) by extension 'ignore_ament_install'
[0.506s] Level 1:colcon.colcon_core.package_identification:_identify(fishbot_navigation2) by extensions ['colcon_pkg']
[0.506s] Level 1:colcon.colcon_core.package_identification:_identify(fishbot_navigation2) by extension 'colcon_pkg'
[0.506s] Level 1:colcon.colcon_core.package_identification:_identify(fishbot_navigation2) by extensions ['colcon_meta']
[0.506s] Level 1:colcon.colcon_core.package_identification:_identify(fishbot_navigation2) by extension 'colcon_meta'
[0.506s] Level 1:colcon.colcon_core.package_identification:_identify(fishbot_navigation2) by extensions ['ros']
[0.506s] Level 1:colcon.colcon_core.package_identification:_identify(fishbot_navigation2) by extension 'ros'
[0.507s] DEBUG:colcon.colcon_core.package_identification:Package 'fishbot_navigation2' with type 'ros.ament_cmake' and name 'fishbot_navigation2'
[0.507s] Level 1:colcon.colcon_core.package_identification:_identify(install) by extensions ['ignore', 'ignore_ament_install']
[0.507s] Level 1:colcon.colcon_core.package_identification:_identify(install) by extension 'ignore'
[0.507s] Level 1:colcon.colcon_core.package_identification:_identify(install) ignored
[0.508s] Level 1:colcon.colcon_core.package_identification:_identify(log) by extensions ['ignore', 'ignore_ament_install']
[0.508s] Level 1:colcon.colcon_core.package_identification:_identify(log) by extension 'ignore'
[0.508s] Level 1:colcon.colcon_core.package_identification:_identify(log) ignored
[0.508s] Level 1:colcon.colcon_core.package_discovery:discover_packages(recursive) using defaults
[0.508s] Level 1:colcon.colcon_core.package_discovery:discover_packages(ignore) discover
[0.508s] Level 1:colcon.colcon_core.package_discovery:discover_packages(ignore) using defaults
[0.508s] Level 1:colcon.colcon_core.package_discovery:discover_packages(path) discover
[0.508s] Level 1:colcon.colcon_core.package_discovery:discover_packages(path) using defaults
[0.559s] Level 1:colcon.colcon_core.package_discovery:discover_packages(prefix_path) check parameters
[0.560s] Level 1:colcon.colcon_core.package_discovery:discover_packages(prefix_path) discover
[0.563s] DEBUG:colcon.colcon_installed_package_information.package_discovery:Found 3 installed packages in /home/nvidia/roadRunner/DDSM_ws/install
[0.564s] DEBUG:colcon.colcon_installed_package_information.package_discovery:Found 5 installed packages in /home/nvidia/roadRunner/2d_slam/install
[0.565s] DEBUG:colcon.colcon_installed_package_information.package_discovery:Found 3 installed packages in /home/nvidia/DDSM_ws/install
[0.567s] DEBUG:colcon.colcon_installed_package_information.package_discovery:Found 408 installed packages in /opt/ros/humble
[0.570s] Level 1:colcon.colcon_core.package_discovery:discover_packages(prefix_path) using defaults
[0.650s] Level 5:colcon.colcon_core.verb:set package 'fishbot_bringup' build argument 'cmake_args' from command line to 'None'
[0.650s] Level 5:colcon.colcon_core.verb:set package 'fishbot_bringup' build argument 'cmake_target' from command line to 'None'
[0.651s] Level 5:colcon.colcon_core.verb:set package 'fishbot_bringup' build argument 'cmake_target_skip_unavailable' from command line to 'False'
[0.651s] Level 5:colcon.colcon_core.verb:set package 'fishbot_bringup' build argument 'cmake_clean_cache' from command line to 'False'
[0.651s] Level 5:colcon.colcon_core.verb:set package 'fishbot_bringup' build argument 'cmake_clean_first' from command line to 'False'
[0.651s] Level 5:colcon.colcon_core.verb:set package 'fishbot_bringup' build argument 'cmake_force_configure' from command line to 'False'
[0.651s] Level 5:colcon.colcon_core.verb:set package 'fishbot_bringup' build argument 'ament_cmake_args' from command line to 'None'
[0.651s] Level 5:colcon.colcon_core.verb:set package 'fishbot_bringup' build argument 'catkin_cmake_args' from command line to 'None'
[0.651s] Level 5:colcon.colcon_core.verb:set package 'fishbot_bringup' build argument 'catkin_skip_building_tests' from command line to 'False'
[0.651s] DEBUG:colcon.colcon_core.verb:Building package 'fishbot_bringup' with the following arguments: {'ament_cmake_args': None, 'build_base': '/home/nvidia/roadRunner/fishbot_ws/src/build/fishbot_bringup', 'catkin_cmake_args': None, 'catkin_skip_building_tests': False, 'cmake_args': None, 'cmake_clean_cache': False, 'cmake_clean_first': False, 'cmake_force_configure': False, 'cmake_target': None, 'cmake_target_skip_unavailable': False, 'install_base': '/home/nvidia/roadRunner/fishbot_ws/src/install/fishbot_bringup', 'merge_install': False, 'path': '/home/nvidia/roadRunner/fishbot_ws/src/fishbot_bringup', 'symlink_install': False, 'test_result_base': None}
[0.651s] Level 5:colcon.colcon_core.verb:set package 'fishbot_cartographer' build argument 'cmake_args' from command line to 'None'
[0.652s] Level 5:colcon.colcon_core.verb:set package 'fishbot_cartographer' build argument 'cmake_target' from command line to 'None'
[0.652s] Level 5:colcon.colcon_core.verb:set package 'fishbot_cartographer' build argument 'cmake_target_skip_unavailable' from command line to 'False'
[0.652s] Level 5:colcon.colcon_core.verb:set package 'fishbot_cartographer' build argument 'cmake_clean_cache' from command line to 'False'
[0.652s] Level 5:colcon.colcon_core.verb:set package 'fishbot_cartographer' build argument 'cmake_clean_first' from command line to 'False'
[0.652s] Level 5:colcon.colcon_core.verb:set package 'fishbot_cartographer' build argument 'cmake_force_configure' from command line to 'False'
[0.652s] Level 5:colcon.colcon_core.verb:set package 'fishbot_cartographer' build argument 'ament_cmake_args' from command line to 'None'
[0.652s] Level 5:colcon.colcon_core.verb:set package 'fishbot_cartographer' build argument 'catkin_cmake_args' from command line to 'None'
[0.652s] Level 5:colcon.colcon_core.verb:set package 'fishbot_cartographer' build argument 'catkin_skip_building_tests' from command line to 'False'
[0.652s] DEBUG:colcon.colcon_core.verb:Building package 'fishbot_cartographer' with the following arguments: {'ament_cmake_args': None, 'build_base': '/home/nvidia/roadRunner/fishbot_ws/src/build/fishbot_cartographer', 'catkin_cmake_args': None, 'catkin_skip_building_tests': False, 'cmake_args': None, 'cmake_clean_cache': False, 'cmake_clean_first': False, 'cmake_force_configure': False, 'cmake_target': None, 'cmake_target_skip_unavailable': False, 'install_base': '/home/nvidia/roadRunner/fishbot_ws/src/install/fishbot_cartographer', 'merge_install': False, 'path': '/home/nvidia/roadRunner/fishbot_ws/src/fishbot_cartographer', 'symlink_install': False, 'test_result_base': None}
[0.652s] Level 5:colcon.colcon_core.verb:set package 'fishbot_description' build argument 'cmake_args' from command line to 'None'
[0.652s] Level 5:colcon.colcon_core.verb:set package 'fishbot_description' build argument 'cmake_target' from command line to 'None'
[0.652s] Level 5:colcon.colcon_core.verb:set package 'fishbot_description' build argument 'cmake_target_skip_unavailable' from command line to 'False'
[0.652s] Level 5:colcon.colcon_core.verb:set package 'fishbot_description' build argument 'cmake_clean_cache' from command line to 'False'
[0.652s] Level 5:colcon.colcon_core.verb:set package 'fishbot_description' build argument 'cmake_clean_first' from command line to 'False'
[0.653s] Level 5:colcon.colcon_core.verb:set package 'fishbot_description' build argument 'cmake_force_configure' from command line to 'False'
[0.653s] Level 5:colcon.colcon_core.verb:set package 'fishbot_description' build argument 'ament_cmake_args' from command line to 'None'
[0.653s] Level 5:colcon.colcon_core.verb:set package 'fishbot_description' build argument 'catkin_cmake_args' from command line to 'None'
[0.653s] Level 5:colcon.colcon_core.verb:set package 'fishbot_description' build argument 'catkin_skip_building_tests' from command line to 'False'
[0.653s] DEBUG:colcon.colcon_core.verb:Building package 'fishbot_description' with the following arguments: {'ament_cmake_args': None, 'build_base': '/home/nvidia/roadRunner/fishbot_ws/src/build/fishbot_description', 'catkin_cmake_args': None, 'catkin_skip_building_tests': False, 'cmake_args': None, 'cmake_clean_cache': False, 'cmake_clean_first': False, 'cmake_force_configure': False, 'cmake_target': None, 'cmake_target_skip_unavailable': False, 'install_base': '/home/nvidia/roadRunner/fishbot_ws/src/install/fishbot_description', 'merge_install': False, 'path': '/home/nvidia/roadRunner/fishbot_ws/src/fishbot_description', 'symlink_install': False, 'test_result_base': None}
[0.653s] Level 5:colcon.colcon_core.verb:set package 'fishbot_navigation2' build argument 'cmake_args' from command line to 'None'
[0.653s] Level 5:colcon.colcon_core.verb:set package 'fishbot_navigation2' build argument 'cmake_target' from command line to 'None'
[0.653s] Level 5:colcon.colcon_core.verb:set package 'fishbot_navigation2' build argument 'cmake_target_skip_unavailable' from command line to 'False'
[0.653s] Level 5:colcon.colcon_core.verb:set package 'fishbot_navigation2' build argument 'cmake_clean_cache' from command line to 'False'
[0.653s] Level 5:colcon.colcon_core.verb:set package 'fishbot_navigation2' build argument 'cmake_clean_first' from command line to 'False'
[0.653s] Level 5:colcon.colcon_core.verb:set package 'fishbot_navigation2' build argument 'cmake_force_configure' from command line to 'False'
[0.653s] Level 5:colcon.colcon_core.verb:set package 'fishbot_navigation2' build argument 'ament_cmake_args' from command line to 'None'
[0.653s] Level 5:colcon.colcon_core.verb:set package 'fishbot_navigation2' build argument 'catkin_cmake_args' from command line to 'None'
[0.654s] Level 5:colcon.colcon_core.verb:set package 'fishbot_navigation2' build argument 'catkin_skip_building_tests' from command line to 'False'
[0.654s] DEBUG:colcon.colcon_core.verb:Building package 'fishbot_navigation2' with the following arguments: {'ament_cmake_args': None, 'build_base': '/home/nvidia/roadRunner/fishbot_ws/src/build/fishbot_navigation2', 'catkin_cmake_args': None, 'catkin_skip_building_tests': False, 'cmake_args': None, 'cmake_clean_cache': False, 'cmake_clean_first': False, 'cmake_force_configure': False, 'cmake_target': None, 'cmake_target_skip_unavailable': False, 'install_base': '/home/nvidia/roadRunner/fishbot_ws/src/install/fishbot_navigation2', 'merge_install': False, 'path': '/home/nvidia/roadRunner/fishbot_ws/src/fishbot_navigation2', 'symlink_install': False, 'test_result_base': None}
[0.654s] INFO:colcon.colcon_core.executor:Executing jobs using 'parallel' executor
[0.656s] DEBUG:colcon.colcon_parallel_executor.executor.parallel:run_until_complete
[0.656s] INFO:colcon.colcon_ros.task.ament_cmake.build:Building ROS package in '/home/nvidia/roadRunner/fishbot_ws/src/fishbot_bringup' with build type 'ament_cmake'
[0.656s] INFO:colcon.colcon_cmake.task.cmake.build:Building CMake package in '/home/nvidia/roadRunner/fishbot_ws/src/fishbot_bringup'
[0.659s] INFO:colcon.colcon_core.plugin_system:Skipping extension 'colcon_core.shell.bat': Not used on non-Windows systems
[0.660s] INFO:colcon.colcon_core.shell:Skip shell extension 'powershell' for command environment: Not usable outside of PowerShell
[0.660s] DEBUG:colcon.colcon_core.shell:Skip shell extension 'dsv' for command environment
[0.668s] INFO:colcon.colcon_ros.task.ament_cmake.build:Building ROS package in '/home/nvidia/roadRunner/fishbot_ws/src/fishbot_cartographer' with build type 'ament_cmake'
[0.668s] INFO:colcon.colcon_cmake.task.cmake.build:Building CMake package in '/home/nvidia/roadRunner/fishbot_ws/src/fishbot_cartographer'
[0.668s] INFO:colcon.colcon_core.shell:Skip shell extension 'powershell' for command environment: Not usable outside of PowerShell
[0.668s] DEBUG:colcon.colcon_core.shell:Skip shell extension 'dsv' for command environment
[0.675s] INFO:colcon.colcon_ros.task.ament_python.build:Building ROS package in '/home/nvidia/roadRunner/fishbot_ws/src/fishbot_description' with build type 'ament_python'
[0.676s] Level 1:colcon.colcon_core.shell:create_environment_hook('fishbot_description', 'ament_prefix_path')
[0.676s] INFO:colcon.colcon_core.shell:Creating environment hook '/home/nvidia/roadRunner/fishbot_ws/src/install/fishbot_description/share/fishbot_description/hook/ament_prefix_path.ps1'
[0.677s] INFO:colcon.colcon_core.shell:Creating environment descriptor '/home/nvidia/roadRunner/fishbot_ws/src/install/fishbot_description/share/fishbot_description/hook/ament_prefix_path.dsv'
[0.678s] INFO:colcon.colcon_core.shell:Creating environment hook '/home/nvidia/roadRunner/fishbot_ws/src/install/fishbot_description/share/fishbot_description/hook/ament_prefix_path.sh'
[0.679s] INFO:colcon.colcon_core.shell:Skip shell extension 'powershell' for command environment: Not usable outside of PowerShell
[0.679s] DEBUG:colcon.colcon_core.shell:Skip shell extension 'dsv' for command environment
[0.686s] INFO:colcon.colcon_ros.task.ament_cmake.build:Building ROS package in '/home/nvidia/roadRunner/fishbot_ws/src/fishbot_navigation2' with build type 'ament_cmake'
[0.686s] INFO:colcon.colcon_cmake.task.cmake.build:Building CMake package in '/home/nvidia/roadRunner/fishbot_ws/src/fishbot_navigation2'
[0.687s] INFO:colcon.colcon_core.shell:Skip shell extension 'powershell' for command environment: Not usable outside of PowerShell
[0.687s] DEBUG:colcon.colcon_core.shell:Skip shell extension 'dsv' for command environment
[0.699s] DEBUG:colcon.colcon_core.event_handler.log_command:Invoking command in '/home/nvidia/roadRunner/fishbot_ws/src/build/fishbot_bringup': CMAKE_PREFIX_PATH=${CMAKE_PREFIX_PATH}:/home/nvidia/roadRunner/DDSM_ws/install/robot_nav:/home/nvidia/roadRunner/DDSM_ws/install/robot_control:/home/nvidia/DDSM_ws/install/robot_nav:/home/nvidia/DDSM_ws/install/robot_control:/opt/ros/humble /usr/bin/cmake --build /home/nvidia/roadRunner/fishbot_ws/src/build/fishbot_bringup -- -j8 -l8
[0.706s] DEBUG:colcon.colcon_core.event_handler.log_command:Invoking command in '/home/nvidia/roadRunner/fishbot_ws/src/build/fishbot_cartographer': CMAKE_PREFIX_PATH=${CMAKE_PREFIX_PATH}:/home/nvidia/roadRunner/DDSM_ws/install/robot_nav:/home/nvidia/roadRunner/DDSM_ws/install/robot_control:/home/nvidia/DDSM_ws/install/robot_nav:/home/nvidia/DDSM_ws/install/robot_control:/opt/ros/humble /usr/bin/cmake --build /home/nvidia/roadRunner/fishbot_ws/src/build/fishbot_cartographer -- -j8 -l8
[1.160s] INFO:colcon.colcon_core.task.python.build:Building Python package in '/home/nvidia/roadRunner/fishbot_ws/src/fishbot_description'
[1.161s] INFO:colcon.colcon_core.shell:Skip shell extension 'powershell' for command environment: Not usable outside of PowerShell
[1.161s] DEBUG:colcon.colcon_core.shell:Skip shell extension 'dsv' for command environment
[1.180s] DEBUG:colcon.colcon_core.event_handler.log_command:Invoking command in '/home/nvidia/roadRunner/fishbot_ws/src/build/fishbot_navigation2': CMAKE_PREFIX_PATH=${CMAKE_PREFIX_PATH}:/home/nvidia/roadRunner/DDSM_ws/install/robot_nav:/home/nvidia/roadRunner/DDSM_ws/install/robot_control:/home/nvidia/DDSM_ws/install/robot_nav:/home/nvidia/DDSM_ws/install/robot_control:/opt/ros/humble /usr/bin/cmake --build /home/nvidia/roadRunner/fishbot_ws/src/build/fishbot_navigation2 -- -j8 -l8
[1.182s] DEBUG:colcon.colcon_core.event_handler.log_command:Invoked command in '/home/nvidia/roadRunner/fishbot_ws/src/build/fishbot_cartographer' returned '0': CMAKE_PREFIX_PATH=${CMAKE_PREFIX_PATH}:/home/nvidia/roadRunner/DDSM_ws/install/robot_nav:/home/nvidia/roadRunner/DDSM_ws/install/robot_control:/home/nvidia/DDSM_ws/install/robot_nav:/home/nvidia/DDSM_ws/install/robot_control:/opt/ros/humble /usr/bin/cmake --build /home/nvidia/roadRunner/fishbot_ws/src/build/fishbot_cartographer -- -j8 -l8
[1.198s] DEBUG:colcon.colcon_core.event_handler.log_command:Invoking command in '/home/nvidia/roadRunner/fishbot_ws/src/build/fishbot_cartographer': CMAKE_PREFIX_PATH=${CMAKE_PREFIX_PATH}:/home/nvidia/roadRunner/DDSM_ws/install/robot_nav:/home/nvidia/roadRunner/DDSM_ws/install/robot_control:/home/nvidia/DDSM_ws/install/robot_nav:/home/nvidia/DDSM_ws/install/robot_control:/opt/ros/humble /usr/bin/cmake --install /home/nvidia/roadRunner/fishbot_ws/src/build/fishbot_cartographer
[1.214s] Level 1:colcon.colcon_core.environment:create_environment_scripts_only(fishbot_cartographer)
[1.215s] DEBUG:colcon.colcon_core.event_handler.log_command:Invoked command in '/home/nvidia/roadRunner/fishbot_ws/src/build/fishbot_cartographer' returned '0': CMAKE_PREFIX_PATH=${CMAKE_PREFIX_PATH}:/home/nvidia/roadRunner/DDSM_ws/install/robot_nav:/home/nvidia/roadRunner/DDSM_ws/install/robot_control:/home/nvidia/DDSM_ws/install/robot_nav:/home/nvidia/DDSM_ws/install/robot_control:/opt/ros/humble /usr/bin/cmake --install /home/nvidia/roadRunner/fishbot_ws/src/build/fishbot_cartographer
[1.219s] Level 1:colcon.colcon_core.environment:checking '/home/nvidia/roadRunner/fishbot_ws/src/install/fishbot_cartographer' for CMake module files
[1.220s] Level 1:colcon.colcon_core.environment:checking '/home/nvidia/roadRunner/fishbot_ws/src/install/fishbot_cartographer' for CMake config files
[1.220s] Level 1:colcon.colcon_core.shell:create_environment_hook('fishbot_cartographer', 'cmake_prefix_path')
[1.220s] INFO:colcon.colcon_core.shell:Creating environment hook '/home/nvidia/roadRunner/fishbot_ws/src/install/fishbot_cartographer/share/fishbot_cartographer/hook/cmake_prefix_path.ps1'
[1.221s] INFO:colcon.colcon_core.shell:Creating environment descriptor '/home/nvidia/roadRunner/fishbot_ws/src/install/fishbot_cartographer/share/fishbot_cartographer/hook/cmake_prefix_path.dsv'
[1.222s] INFO:colcon.colcon_core.shell:Creating environment hook '/home/nvidia/roadRunner/fishbot_ws/src/install/fishbot_cartographer/share/fishbot_cartographer/hook/cmake_prefix_path.sh'
[1.223s] Level 1:colcon.colcon_core.environment:checking '/home/nvidia/roadRunner/fishbot_ws/src/install/fishbot_cartographer/bin'
[1.224s] Level 1:colcon.colcon_core.environment:checking '/home/nvidia/roadRunner/fishbot_ws/src/install/fishbot_cartographer/lib/pkgconfig/fishbot_cartographer.pc'
[1.224s] Level 1:colcon.colcon_core.environment:checking '/home/nvidia/roadRunner/fishbot_ws/src/install/fishbot_cartographer/lib/python3.10/site-packages'
[1.224s] Level 1:colcon.colcon_core.environment:checking '/home/nvidia/roadRunner/fishbot_ws/src/install/fishbot_cartographer/bin'
[1.225s] INFO:colcon.colcon_core.shell:Creating package script '/home/nvidia/roadRunner/fishbot_ws/src/install/fishbot_cartographer/share/fishbot_cartographer/package.ps1'
[1.226s] INFO:colcon.colcon_core.shell:Creating package descriptor '/home/nvidia/roadRunner/fishbot_ws/src/install/fishbot_cartographer/share/fishbot_cartographer/package.dsv'
[1.227s] INFO:colcon.colcon_core.shell:Creating package script '/home/nvidia/roadRunner/fishbot_ws/src/install/fishbot_cartographer/share/fishbot_cartographer/package.sh'
[1.229s] INFO:colcon.colcon_core.shell:Creating package script '/home/nvidia/roadRunner/fishbot_ws/src/install/fishbot_cartographer/share/fishbot_cartographer/package.bash'
[1.230s] INFO:colcon.colcon_core.shell:Creating package script '/home/nvidia/roadRunner/fishbot_ws/src/install/fishbot_cartographer/share/fishbot_cartographer/package.zsh'
[1.231s] Level 1:colcon.colcon_core.environment:create_file_with_runtime_dependencies(/home/nvidia/roadRunner/fishbot_ws/src/install/fishbot_cartographer/share/colcon-core/packages/fishbot_cartographer)
[1.232s] Level 1:colcon.colcon_core.environment:create_environment_scripts_only(fishbot_cartographer)
[1.232s] Level 1:colcon.colcon_core.environment:checking '/home/nvidia/roadRunner/fishbot_ws/src/install/fishbot_cartographer' for CMake module files
[1.233s] Level 1:colcon.colcon_core.environment:checking '/home/nvidia/roadRunner/fishbot_ws/src/install/fishbot_cartographer' for CMake config files
[1.233s] Level 1:colcon.colcon_core.shell:create_environment_hook('fishbot_cartographer', 'cmake_prefix_path')
[1.233s] INFO:colcon.colcon_core.shell:Creating environment hook '/home/nvidia/roadRunner/fishbot_ws/src/install/fishbot_cartographer/share/fishbot_cartographer/hook/cmake_prefix_path.ps1'
[1.234s] INFO:colcon.colcon_core.shell:Creating environment descriptor '/home/nvidia/roadRunner/fishbot_ws/src/install/fishbot_cartographer/share/fishbot_cartographer/hook/cmake_prefix_path.dsv'
[1.235s] INFO:colcon.colcon_core.shell:Creating environment hook '/home/nvidia/roadRunner/fishbot_ws/src/install/fishbot_cartographer/share/fishbot_cartographer/hook/cmake_prefix_path.sh'
[1.236s] Level 1:colcon.colcon_core.environment:checking '/home/nvidia/roadRunner/fishbot_ws/src/install/fishbot_cartographer/bin'
[1.236s] Level 1:colcon.colcon_core.environment:checking '/home/nvidia/roadRunner/fishbot_ws/src/install/fishbot_cartographer/lib/pkgconfig/fishbot_cartographer.pc'
[1.236s] Level 1:colcon.colcon_core.environment:checking '/home/nvidia/roadRunner/fishbot_ws/src/install/fishbot_cartographer/lib/python3.10/site-packages'
[1.236s] Level 1:colcon.colcon_core.environment:checking '/home/nvidia/roadRunner/fishbot_ws/src/install/fishbot_cartographer/bin'
[1.237s] INFO:colcon.colcon_core.shell:Creating package script '/home/nvidia/roadRunner/fishbot_ws/src/install/fishbot_cartographer/share/fishbot_cartographer/package.ps1'
[1.238s] INFO:colcon.colcon_core.shell:Creating package descriptor '/home/nvidia/roadRunner/fishbot_ws/src/install/fishbot_cartographer/share/fishbot_cartographer/package.dsv'
[1.239s] INFO:colcon.colcon_core.shell:Creating package script '/home/nvidia/roadRunner/fishbot_ws/src/install/fishbot_cartographer/share/fishbot_cartographer/package.sh'
[1.239s] INFO:colcon.colcon_core.shell:Creating package script '/home/nvidia/roadRunner/fishbot_ws/src/install/fishbot_cartographer/share/fishbot_cartographer/package.bash'
[1.240s] INFO:colcon.colcon_core.shell:Creating package script '/home/nvidia/roadRunner/fishbot_ws/src/install/fishbot_cartographer/share/fishbot_cartographer/package.zsh'
[1.241s] Level 1:colcon.colcon_core.environment:create_file_with_runtime_dependencies(/home/nvidia/roadRunner/fishbot_ws/src/install/fishbot_cartographer/share/colcon-core/packages/fishbot_cartographer)
[1.606s] DEBUG:colcon.colcon_core.event_handler.log_command:Invoked command in '/home/nvidia/roadRunner/fishbot_ws/src/build/fishbot_navigation2' returned '0': CMAKE_PREFIX_PATH=${CMAKE_PREFIX_PATH}:/home/nvidia/roadRunner/DDSM_ws/install/robot_nav:/home/nvidia/roadRunner/DDSM_ws/install/robot_control:/home/nvidia/DDSM_ws/install/robot_nav:/home/nvidia/DDSM_ws/install/robot_control:/opt/ros/humble /usr/bin/cmake --build /home/nvidia/roadRunner/fishbot_ws/src/build/fishbot_navigation2 -- -j8 -l8
[1.609s] DEBUG:colcon.colcon_core.event_handler.log_command:Invoking command in '/home/nvidia/roadRunner/fishbot_ws/src/build/fishbot_navigation2': CMAKE_PREFIX_PATH=${CMAKE_PREFIX_PATH}:/home/nvidia/roadRunner/DDSM_ws/install/robot_nav:/home/nvidia/roadRunner/DDSM_ws/install/robot_control:/home/nvidia/DDSM_ws/install/robot_nav:/home/nvidia/DDSM_ws/install/robot_control:/opt/ros/humble /usr/bin/cmake --install /home/nvidia/roadRunner/fishbot_ws/src/build/fishbot_navigation2
[1.624s] Level 1:colcon.colcon_core.environment:create_environment_scripts_only(fishbot_navigation2)
[1.625s] Level 1:colcon.colcon_core.environment:checking '/home/nvidia/roadRunner/fishbot_ws/src/install/fishbot_navigation2' for CMake module files
[1.625s] DEBUG:colcon.colcon_core.event_handler.log_command:Invoked command in '/home/nvidia/roadRunner/fishbot_ws/src/build/fishbot_navigation2' returned '0': CMAKE_PREFIX_PATH=${CMAKE_PREFIX_PATH}:/home/nvidia/roadRunner/DDSM_ws/install/robot_nav:/home/nvidia/roadRunner/DDSM_ws/install/robot_control:/home/nvidia/DDSM_ws/install/robot_nav:/home/nvidia/DDSM_ws/install/robot_control:/opt/ros/humble /usr/bin/cmake --install /home/nvidia/roadRunner/fishbot_ws/src/build/fishbot_navigation2
[1.626s] Level 1:colcon.colcon_core.environment:checking '/home/nvidia/roadRunner/fishbot_ws/src/install/fishbot_navigation2' for CMake config files
[1.626s] Level 1:colcon.colcon_core.shell:create_environment_hook('fishbot_navigation2', 'cmake_prefix_path')
[1.627s] INFO:colcon.colcon_core.shell:Creating environment hook '/home/nvidia/roadRunner/fishbot_ws/src/install/fishbot_navigation2/share/fishbot_navigation2/hook/cmake_prefix_path.ps1'
[1.627s] INFO:colcon.colcon_core.shell:Creating environment descriptor '/home/nvidia/roadRunner/fishbot_ws/src/install/fishbot_navigation2/share/fishbot_navigation2/hook/cmake_prefix_path.dsv'
[1.628s] INFO:colcon.colcon_core.shell:Creating environment hook '/home/nvidia/roadRunner/fishbot_ws/src/install/fishbot_navigation2/share/fishbot_navigation2/hook/cmake_prefix_path.sh'
[1.629s] Level 1:colcon.colcon_core.environment:checking '/home/nvidia/roadRunner/fishbot_ws/src/install/fishbot_navigation2/bin'
[1.629s] Level 1:colcon.colcon_core.environment:checking '/home/nvidia/roadRunner/fishbot_ws/src/install/fishbot_navigation2/lib/pkgconfig/fishbot_navigation2.pc'
[1.629s] Level 1:colcon.colcon_core.environment:checking '/home/nvidia/roadRunner/fishbot_ws/src/install/fishbot_navigation2/lib/python3.10/site-packages'
[1.630s] Level 1:colcon.colcon_core.environment:checking '/home/nvidia/roadRunner/fishbot_ws/src/install/fishbot_navigation2/bin'
[1.630s] INFO:colcon.colcon_core.shell:Creating package script '/home/nvidia/roadRunner/fishbot_ws/src/install/fishbot_navigation2/share/fishbot_navigation2/package.ps1'
[1.631s] INFO:colcon.colcon_core.shell:Creating package descriptor '/home/nvidia/roadRunner/fishbot_ws/src/install/fishbot_navigation2/share/fishbot_navigation2/package.dsv'
[1.631s] INFO:colcon.colcon_core.shell:Creating package script '/home/nvidia/roadRunner/fishbot_ws/src/install/fishbot_navigation2/share/fishbot_navigation2/package.sh'
[1.632s] INFO:colcon.colcon_core.shell:Creating package script '/home/nvidia/roadRunner/fishbot_ws/src/install/fishbot_navigation2/share/fishbot_navigation2/package.bash'
[1.633s] INFO:colcon.colcon_core.shell:Creating package script '/home/nvidia/roadRunner/fishbot_ws/src/install/fishbot_navigation2/share/fishbot_navigation2/package.zsh'
[1.633s] Level 1:colcon.colcon_core.environment:create_file_with_runtime_dependencies(/home/nvidia/roadRunner/fishbot_ws/src/install/fishbot_navigation2/share/colcon-core/packages/fishbot_navigation2)
[1.634s] Level 1:colcon.colcon_core.environment:create_environment_scripts_only(fishbot_navigation2)
[1.634s] Level 1:colcon.colcon_core.environment:checking '/home/nvidia/roadRunner/fishbot_ws/src/install/fishbot_navigation2' for CMake module files
[1.635s] Level 1:colcon.colcon_core.environment:checking '/home/nvidia/roadRunner/fishbot_ws/src/install/fishbot_navigation2' for CMake config files
[1.635s] Level 1:colcon.colcon_core.shell:create_environment_hook('fishbot_navigation2', 'cmake_prefix_path')
[1.636s] INFO:colcon.colcon_core.shell:Creating environment hook '/home/nvidia/roadRunner/fishbot_ws/src/install/fishbot_navigation2/share/fishbot_navigation2/hook/cmake_prefix_path.ps1'
[1.636s] INFO:colcon.colcon_core.shell:Creating environment descriptor '/home/nvidia/roadRunner/fishbot_ws/src/install/fishbot_navigation2/share/fishbot_navigation2/hook/cmake_prefix_path.dsv'
[1.637s] INFO:colcon.colcon_core.shell:Creating environment hook '/home/nvidia/roadRunner/fishbot_ws/src/install/fishbot_navigation2/share/fishbot_navigation2/hook/cmake_prefix_path.sh'
[1.638s] Level 1:colcon.colcon_core.environment:checking '/home/nvidia/roadRunner/fishbot_ws/src/install/fishbot_navigation2/bin'
[1.638s] Level 1:colcon.colcon_core.environment:checking '/home/nvidia/roadRunner/fishbot_ws/src/install/fishbot_navigation2/lib/pkgconfig/fishbot_navigation2.pc'
[1.638s] Level 1:colcon.colcon_core.environment:checking '/home/nvidia/roadRunner/fishbot_ws/src/install/fishbot_navigation2/lib/python3.10/site-packages'
[1.638s] Level 1:colcon.colcon_core.environment:checking '/home/nvidia/roadRunner/fishbot_ws/src/install/fishbot_navigation2/bin'
[1.639s] INFO:colcon.colcon_core.shell:Creating package script '/home/nvidia/roadRunner/fishbot_ws/src/install/fishbot_navigation2/share/fishbot_navigation2/package.ps1'
[1.640s] INFO:colcon.colcon_core.shell:Creating package descriptor '/home/nvidia/roadRunner/fishbot_ws/src/install/fishbot_navigation2/share/fishbot_navigation2/package.dsv'
[1.641s] INFO:colcon.colcon_core.shell:Creating package script '/home/nvidia/roadRunner/fishbot_ws/src/install/fishbot_navigation2/share/fishbot_navigation2/package.sh'
[1.642s] INFO:colcon.colcon_core.shell:Creating package script '/home/nvidia/roadRunner/fishbot_ws/src/install/fishbot_navigation2/share/fishbot_navigation2/package.bash'
[1.643s] INFO:colcon.colcon_core.shell:Creating package script '/home/nvidia/roadRunner/fishbot_ws/src/install/fishbot_navigation2/share/fishbot_navigation2/package.zsh'
[1.643s] Level 1:colcon.colcon_core.environment:create_file_with_runtime_dependencies(/home/nvidia/roadRunner/fishbot_ws/src/install/fishbot_navigation2/share/colcon-core/packages/fishbot_navigation2)
[1.829s] DEBUG:colcon.colcon_core.event_handler.log_command:Invoking command in '/home/nvidia/roadRunner/fishbot_ws/src/fishbot_description': PYTHONPATH=/home/nvidia/roadRunner/fishbot_ws/src/build/fishbot_description/prefix_override:/usr/lib/python3/dist-packages/colcon_core/task/python/colcon_distutils_commands:/home/nvidia/roadRunner/fishbot_ws/src/install/fishbot_description/lib/python3.10/site-packages:${PYTHONPATH} /usr/bin/python3 -W ignore:setup.py install is deprecated -W ignore:easy_install command is deprecated setup.py egg_info --egg-base ../build/fishbot_description build --build-base /home/nvidia/roadRunner/fishbot_ws/src/build/fishbot_description/build install --record /home/nvidia/roadRunner/fishbot_ws/src/build/fishbot_description/install.log --single-version-externally-managed install_data
[2.338s] Level 1:colcon.colcon_core.environment:checking '/home/nvidia/roadRunner/fishbot_ws/src/install/fishbot_description' for CMake module files
[2.340s] DEBUG:colcon.colcon_core.event_handler.log_command:Invoked command in '/home/nvidia/roadRunner/fishbot_ws/src/fishbot_description' returned '0': PYTHONPATH=/home/nvidia/roadRunner/fishbot_ws/src/build/fishbot_description/prefix_override:/usr/lib/python3/dist-packages/colcon_core/task/python/colcon_distutils_commands:/home/nvidia/roadRunner/fishbot_ws/src/install/fishbot_description/lib/python3.10/site-packages:${PYTHONPATH} /usr/bin/python3 -W ignore:setup.py install is deprecated -W ignore:easy_install command is deprecated setup.py egg_info --egg-base ../build/fishbot_description build --build-base /home/nvidia/roadRunner/fishbot_ws/src/build/fishbot_description/build install --record /home/nvidia/roadRunner/fishbot_ws/src/build/fishbot_description/install.log --single-version-externally-managed install_data
[2.341s] Level 1:colcon.colcon_core.environment:checking '/home/nvidia/roadRunner/fishbot_ws/src/install/fishbot_description' for CMake config files
[2.343s] Level 1:colcon.colcon_core.environment:checking '/home/nvidia/roadRunner/fishbot_ws/src/install/fishbot_description/lib'
[2.344s] Level 1:colcon.colcon_core.environment:checking '/home/nvidia/roadRunner/fishbot_ws/src/install/fishbot_description/bin'
[2.344s] Level 1:colcon.colcon_core.environment:checking '/home/nvidia/roadRunner/fishbot_ws/src/install/fishbot_description/lib/pkgconfig/fishbot_description.pc'
[2.345s] Level 1:colcon.colcon_core.environment:checking '/home/nvidia/roadRunner/fishbot_ws/src/install/fishbot_description/lib/python3.10/site-packages'
[2.345s] Level 1:colcon.colcon_core.shell:create_environment_hook('fishbot_description', 'pythonpath')
[2.346s] INFO:colcon.colcon_core.shell:Creating environment hook '/home/nvidia/roadRunner/fishbot_ws/src/install/fishbot_description/share/fishbot_description/hook/pythonpath.ps1'
[2.347s] INFO:colcon.colcon_core.shell:Creating environment descriptor '/home/nvidia/roadRunner/fishbot_ws/src/install/fishbot_description/share/fishbot_description/hook/pythonpath.dsv'
[2.349s] INFO:colcon.colcon_core.shell:Creating environment hook '/home/nvidia/roadRunner/fishbot_ws/src/install/fishbot_description/share/fishbot_description/hook/pythonpath.sh'
[2.351s] Level 1:colcon.colcon_core.environment:checking '/home/nvidia/roadRunner/fishbot_ws/src/install/fishbot_description/bin'
[2.351s] Level 1:colcon.colcon_core.environment:create_environment_scripts_only(fishbot_description)
[2.352s] INFO:colcon.colcon_core.shell:Creating package script '/home/nvidia/roadRunner/fishbot_ws/src/install/fishbot_description/share/fishbot_description/package.ps1'
[2.354s] INFO:colcon.colcon_core.shell:Creating package descriptor '/home/nvidia/roadRunner/fishbot_ws/src/install/fishbot_description/share/fishbot_description/package.dsv'
[2.355s] INFO:colcon.colcon_core.shell:Creating package script '/home/nvidia/roadRunner/fishbot_ws/src/install/fishbot_description/share/fishbot_description/package.sh'
[2.357s] INFO:colcon.colcon_core.shell:Creating package script '/home/nvidia/roadRunner/fishbot_ws/src/install/fishbot_description/share/fishbot_description/package.bash'
[2.358s] INFO:colcon.colcon_core.shell:Creating package script '/home/nvidia/roadRunner/fishbot_ws/src/install/fishbot_description/share/fishbot_description/package.zsh'
[2.360s] Level 1:colcon.colcon_core.environment:create_file_with_runtime_dependencies(/home/nvidia/roadRunner/fishbot_ws/src/install/fishbot_description/share/colcon-core/packages/fishbot_description)
[16.396s] DEBUG:colcon.colcon_core.event_handler.log_command:Invoked command in '/home/nvidia/roadRunner/fishbot_ws/src/build/fishbot_bringup' returned '0': CMAKE_PREFIX_PATH=${CMAKE_PREFIX_PATH}:/home/nvidia/roadRunner/DDSM_ws/install/robot_nav:/home/nvidia/roadRunner/DDSM_ws/install/robot_control:/home/nvidia/DDSM_ws/install/robot_nav:/home/nvidia/DDSM_ws/install/robot_control:/opt/ros/humble /usr/bin/cmake --build /home/nvidia/roadRunner/fishbot_ws/src/build/fishbot_bringup -- -j8 -l8
[16.400s] DEBUG:colcon.colcon_core.event_handler.log_command:Invoking command in '/home/nvidia/roadRunner/fishbot_ws/src/build/fishbot_bringup': CMAKE_PREFIX_PATH=${CMAKE_PREFIX_PATH}:/home/nvidia/roadRunner/DDSM_ws/install/robot_nav:/home/nvidia/roadRunner/DDSM_ws/install/robot_control:/home/nvidia/DDSM_ws/install/robot_nav:/home/nvidia/DDSM_ws/install/robot_control:/opt/ros/humble /usr/bin/cmake --install /home/nvidia/roadRunner/fishbot_ws/src/build/fishbot_bringup
[16.421s] Level 1:colcon.colcon_core.environment:create_environment_scripts_only(fishbot_bringup)
[16.421s] Level 1:colcon.colcon_core.environment:checking '/home/nvidia/roadRunner/fishbot_ws/src/install/fishbot_bringup' for CMake module files
[16.423s] DEBUG:colcon.colcon_core.event_handler.log_command:Invoked command in '/home/nvidia/roadRunner/fishbot_ws/src/build/fishbot_bringup' returned '0': CMAKE_PREFIX_PATH=${CMAKE_PREFIX_PATH}:/home/nvidia/roadRunner/DDSM_ws/install/robot_nav:/home/nvidia/roadRunner/DDSM_ws/install/robot_control:/home/nvidia/DDSM_ws/install/robot_nav:/home/nvidia/DDSM_ws/install/robot_control:/opt/ros/humble /usr/bin/cmake --install /home/nvidia/roadRunner/fishbot_ws/src/build/fishbot_bringup
[16.424s] Level 1:colcon.colcon_core.environment:checking '/home/nvidia/roadRunner/fishbot_ws/src/install/fishbot_bringup' for CMake config files
[16.425s] Level 1:colcon.colcon_core.shell:create_environment_hook('fishbot_bringup', 'cmake_prefix_path')
[16.426s] INFO:colcon.colcon_core.shell:Creating environment hook '/home/nvidia/roadRunner/fishbot_ws/src/install/fishbot_bringup/share/fishbot_bringup/hook/cmake_prefix_path.ps1'
[16.428s] INFO:colcon.colcon_core.shell:Creating environment descriptor '/home/nvidia/roadRunner/fishbot_ws/src/install/fishbot_bringup/share/fishbot_bringup/hook/cmake_prefix_path.dsv'
[16.429s] INFO:colcon.colcon_core.shell:Creating environment hook '/home/nvidia/roadRunner/fishbot_ws/src/install/fishbot_bringup/share/fishbot_bringup/hook/cmake_prefix_path.sh'
[16.431s] Level 1:colcon.colcon_core.environment:checking '/home/nvidia/roadRunner/fishbot_ws/src/install/fishbot_bringup/lib'
[16.431s] Level 1:colcon.colcon_core.environment:checking '/home/nvidia/roadRunner/fishbot_ws/src/install/fishbot_bringup/bin'
[16.432s] Level 1:colcon.colcon_core.environment:checking '/home/nvidia/roadRunner/fishbot_ws/src/install/fishbot_bringup/lib/pkgconfig/fishbot_bringup.pc'
[16.433s] Level 1:colcon.colcon_core.environment:checking '/home/nvidia/roadRunner/fishbot_ws/src/install/fishbot_bringup/lib/python3.10/site-packages'
[16.433s] Level 1:colcon.colcon_core.environment:checking '/home/nvidia/roadRunner/fishbot_ws/src/install/fishbot_bringup/bin'
[16.435s] INFO:colcon.colcon_core.shell:Creating package script '/home/nvidia/roadRunner/fishbot_ws/src/install/fishbot_bringup/share/fishbot_bringup/package.ps1'
[16.437s] INFO:colcon.colcon_core.shell:Creating package descriptor '/home/nvidia/roadRunner/fishbot_ws/src/install/fishbot_bringup/share/fishbot_bringup/package.dsv'
[16.438s] INFO:colcon.colcon_core.shell:Creating package script '/home/nvidia/roadRunner/fishbot_ws/src/install/fishbot_bringup/share/fishbot_bringup/package.sh'
[16.440s] INFO:colcon.colcon_core.shell:Creating package script '/home/nvidia/roadRunner/fishbot_ws/src/install/fishbot_bringup/share/fishbot_bringup/package.bash'
[16.441s] INFO:colcon.colcon_core.shell:Creating package script '/home/nvidia/roadRunner/fishbot_ws/src/install/fishbot_bringup/share/fishbot_bringup/package.zsh'
[16.442s] Level 1:colcon.colcon_core.environment:create_file_with_runtime_dependencies(/home/nvidia/roadRunner/fishbot_ws/src/install/fishbot_bringup/share/colcon-core/packages/fishbot_bringup)
[16.444s] Level 1:colcon.colcon_core.environment:create_environment_scripts_only(fishbot_bringup)
[16.445s] Level 1:colcon.colcon_core.environment:checking '/home/nvidia/roadRunner/fishbot_ws/src/install/fishbot_bringup' for CMake module files
[16.447s] Level 1:colcon.colcon_core.environment:checking '/home/nvidia/roadRunner/fishbot_ws/src/install/fishbot_bringup' for CMake config files
[16.448s] Level 1:colcon.colcon_core.shell:create_environment_hook('fishbot_bringup', 'cmake_prefix_path')
[16.449s] INFO:colcon.colcon_core.shell:Creating environment hook '/home/nvidia/roadRunner/fishbot_ws/src/install/fishbot_bringup/share/fishbot_bringup/hook/cmake_prefix_path.ps1'
[16.450s] INFO:colcon.colcon_core.shell:Creating environment descriptor '/home/nvidia/roadRunner/fishbot_ws/src/install/fishbot_bringup/share/fishbot_bringup/hook/cmake_prefix_path.dsv'
[16.452s] INFO:colcon.colcon_core.shell:Creating environment hook '/home/nvidia/roadRunner/fishbot_ws/src/install/fishbot_bringup/share/fishbot_bringup/hook/cmake_prefix_path.sh'
[16.454s] Level 1:colcon.colcon_core.environment:checking '/home/nvidia/roadRunner/fishbot_ws/src/install/fishbot_bringup/lib'
[16.454s] Level 1:colcon.colcon_core.environment:checking '/home/nvidia/roadRunner/fishbot_ws/src/install/fishbot_bringup/bin'
[16.454s] Level 1:colcon.colcon_core.environment:checking '/home/nvidia/roadRunner/fishbot_ws/src/install/fishbot_bringup/lib/pkgconfig/fishbot_bringup.pc'
[16.455s] Level 1:colcon.colcon_core.environment:checking '/home/nvidia/roadRunner/fishbot_ws/src/install/fishbot_bringup/lib/python3.10/site-packages'
[16.456s] Level 1:colcon.colcon_core.environment:checking '/home/nvidia/roadRunner/fishbot_ws/src/install/fishbot_bringup/bin'
[16.457s] INFO:colcon.colcon_core.shell:Creating package script '/home/nvidia/roadRunner/fishbot_ws/src/install/fishbot_bringup/share/fishbot_bringup/package.ps1'
[16.459s] INFO:colcon.colcon_core.shell:Creating package descriptor '/home/nvidia/roadRunner/fishbot_ws/src/install/fishbot_bringup/share/fishbot_bringup/package.dsv'
[16.461s] INFO:colcon.colcon_core.shell:Creating package script '/home/nvidia/roadRunner/fishbot_ws/src/install/fishbot_bringup/share/fishbot_bringup/package.sh'
[16.463s] INFO:colcon.colcon_core.shell:Creating package script '/home/nvidia/roadRunner/fishbot_ws/src/install/fishbot_bringup/share/fishbot_bringup/package.bash'
[16.465s] INFO:colcon.colcon_core.shell:Creating package script '/home/nvidia/roadRunner/fishbot_ws/src/install/fishbot_bringup/share/fishbot_bringup/package.zsh'
[16.466s] Level 1:colcon.colcon_core.environment:create_file_with_runtime_dependencies(/home/nvidia/roadRunner/fishbot_ws/src/install/fishbot_bringup/share/colcon-core/packages/fishbot_bringup)
[16.467s] DEBUG:colcon.colcon_parallel_executor.executor.parallel:closing loop
[16.468s] DEBUG:colcon.colcon_parallel_executor.executor.parallel:loop closed
[16.468s] DEBUG:colcon.colcon_parallel_executor.executor.parallel:run_until_complete finished with '0'
[16.469s] DEBUG:colcon.colcon_core.event_reactor:joining thread
[16.487s] INFO:colcon.colcon_core.plugin_system:Skipping extension 'colcon_notification.desktop_notification.terminal_notifier': Not used on non-Darwin systems
[16.487s] INFO:colcon.colcon_core.plugin_system:Skipping extension 'colcon_notification.desktop_notification.win32': Not used on non-Windows systems
[16.488s] INFO:colcon.colcon_notification.desktop_notification:Sending desktop notification using 'notify2'
[16.514s] DEBUG:colcon.colcon_core.event_reactor:joined thread
[16.515s] INFO:colcon.colcon_core.shell:Creating prefix script '/home/nvidia/roadRunner/fishbot_ws/src/install/local_setup.ps1'
[16.519s] INFO:colcon.colcon_core.shell:Creating prefix util module '/home/nvidia/roadRunner/fishbot_ws/src/install/_local_setup_util_ps1.py'
[16.525s] INFO:colcon.colcon_core.shell:Creating prefix chain script '/home/nvidia/roadRunner/fishbot_ws/src/install/setup.ps1'
[16.530s] INFO:colcon.colcon_core.shell:Creating prefix script '/home/nvidia/roadRunner/fishbot_ws/src/install/local_setup.sh'
[16.533s] INFO:colcon.colcon_core.shell:Creating prefix util module '/home/nvidia/roadRunner/fishbot_ws/src/install/_local_setup_util_sh.py'
[16.536s] INFO:colcon.colcon_core.shell:Creating prefix chain script '/home/nvidia/roadRunner/fishbot_ws/src/install/setup.sh'
[16.541s] INFO:colcon.colcon_core.shell:Creating prefix script '/home/nvidia/roadRunner/fishbot_ws/src/install/local_setup.bash'
[16.543s] INFO:colcon.colcon_core.shell:Creating prefix chain script '/home/nvidia/roadRunner/fishbot_ws/src/install/setup.bash'
[16.549s] INFO:colcon.colcon_core.shell:Creating prefix script '/home/nvidia/roadRunner/fishbot_ws/src/install/local_setup.zsh'
[16.551s] INFO:colcon.colcon_core.shell:Creating prefix chain script '/home/nvidia/roadRunner/fishbot_ws/src/install/setup.zsh'
