[0.181s] DEBUG:colcon:Command line arguments: ['/usr/bin/colcon', 'build']
[0.181s] DEBUG:colcon:Parsed command line arguments: Namespace(log_base=None, log_level=None, verb_name='build', build_base='build', install_base='install', merge_install=False, symlink_install=False, test_result_base=None, continue_on_error=False, executor='parallel', parallel_workers=8, event_handlers=None, ignore_user_meta=False, metas=['./colcon.meta'], base_paths=['.'], packages_ignore=None, packages_ignore_regex=None, paths=None, packages_up_to=None, packages_up_to_regex=None, packages_above=None, packages_above_and_dependencies=None, packages_above_depth=None, packages_select_by_dep=None, packages_skip_by_dep=None, packages_skip_up_to=None, packages_select_build_failed=False, packages_skip_build_finished=False, packages_select_test_failures=False, packages_skip_test_passed=False, packages_select=None, packages_skip=None, packages_select_regex=None, packages_skip_regex=None, packages_start=None, packages_end=None, allow_overriding=[], cmake_args=None, cmake_target=None, cmake_target_skip_unavailable=False, cmake_clean_cache=False, cmake_clean_first=False, cmake_force_configure=False, ament_cmake_args=None, catkin_cmake_args=None, catkin_skip_building_tests=False, mixin_files=None, mixin=None, verb_parser=<colcon_mixin.mixin.mixin_argument.MixinArgumentDecorator object at 0xffff9ae27610>, verb_extension=<colcon_core.verb.build.BuildVerb object at 0xffff9ae26c50>, main=<bound method BuildVerb.main of <colcon_core.verb.build.BuildVerb object at 0xffff9ae26c50>>, mixin_verb=('build',))
[0.472s] Level 1:colcon.colcon_core.package_discovery:discover_packages(colcon_meta) check parameters
[0.472s] Level 1:colcon.colcon_core.package_discovery:discover_packages(recursive) check parameters
[0.472s] Level 1:colcon.colcon_core.package_discovery:discover_packages(ignore) check parameters
[0.472s] Level 1:colcon.colcon_core.package_discovery:discover_packages(path) check parameters
[0.472s] Level 1:colcon.colcon_core.package_discovery:discover_packages(colcon_meta) discover
[0.472s] Level 1:colcon.colcon_core.package_discovery:discover_packages(recursive) discover
[0.472s] INFO:colcon.colcon_core.package_discovery:Crawling recursively for packages in '/home/nvidia/2d_slam/src'
[0.473s] Level 1:colcon.colcon_core.package_identification:_identify(.) by extensions ['ignore', 'ignore_ament_install']
[0.473s] Level 1:colcon.colcon_core.package_identification:_identify(.) by extension 'ignore'
[0.473s] Level 1:colcon.colcon_core.package_identification:_identify(.) by extension 'ignore_ament_install'
[0.473s] Level 1:colcon.colcon_core.package_identification:_identify(.) by extensions ['colcon_pkg']
[0.473s] Level 1:colcon.colcon_core.package_identification:_identify(.) by extension 'colcon_pkg'
[0.473s] Level 1:colcon.colcon_core.package_identification:_identify(.) by extensions ['colcon_meta']
[0.473s] Level 1:colcon.colcon_core.package_identification:_identify(.) by extension 'colcon_meta'
[0.473s] Level 1:colcon.colcon_core.package_identification:_identify(.) by extensions ['ros']
[0.473s] Level 1:colcon.colcon_core.package_identification:_identify(.) by extension 'ros'
[0.491s] Level 1:colcon.colcon_core.package_identification:_identify(.) by extensions ['cmake', 'python']
[0.491s] Level 1:colcon.colcon_core.package_identification:_identify(.) by extension 'cmake'
[0.491s] Level 1:colcon.colcon_core.package_identification:_identify(.) by extension 'python'
[0.491s] Level 1:colcon.colcon_core.package_identification:_identify(.) by extensions ['python_setup_py']
[0.491s] Level 1:colcon.colcon_core.package_identification:_identify(.) by extension 'python_setup_py'
[0.492s] Level 1:colcon.colcon_core.package_identification:_identify(LSLIDAR_X_ROS2-20240228) by extensions ['ignore', 'ignore_ament_install']
[0.492s] Level 1:colcon.colcon_core.package_identification:_identify(LSLIDAR_X_ROS2-20240228) by extension 'ignore'
[0.492s] Level 1:colcon.colcon_core.package_identification:_identify(LSLIDAR_X_ROS2-20240228) by extension 'ignore_ament_install'
[0.492s] Level 1:colcon.colcon_core.package_identification:_identify(LSLIDAR_X_ROS2-20240228) by extensions ['colcon_pkg']
[0.492s] Level 1:colcon.colcon_core.package_identification:_identify(LSLIDAR_X_ROS2-20240228) by extension 'colcon_pkg'
[0.492s] Level 1:colcon.colcon_core.package_identification:_identify(LSLIDAR_X_ROS2-20240228) by extensions ['colcon_meta']
[0.492s] Level 1:colcon.colcon_core.package_identification:_identify(LSLIDAR_X_ROS2-20240228) by extension 'colcon_meta'
[0.492s] Level 1:colcon.colcon_core.package_identification:_identify(LSLIDAR_X_ROS2-20240228) by extensions ['ros']
[0.492s] Level 1:colcon.colcon_core.package_identification:_identify(LSLIDAR_X_ROS2-20240228) by extension 'ros'
[0.493s] Level 1:colcon.colcon_core.package_identification:_identify(LSLIDAR_X_ROS2-20240228) by extensions ['cmake', 'python']
[0.493s] Level 1:colcon.colcon_core.package_identification:_identify(LSLIDAR_X_ROS2-20240228) by extension 'cmake'
[0.493s] Level 1:colcon.colcon_core.package_identification:_identify(LSLIDAR_X_ROS2-20240228) by extension 'python'
[0.493s] Level 1:colcon.colcon_core.package_identification:_identify(LSLIDAR_X_ROS2-20240228) by extensions ['python_setup_py']
[0.493s] Level 1:colcon.colcon_core.package_identification:_identify(LSLIDAR_X_ROS2-20240228) by extension 'python_setup_py'
[0.493s] Level 1:colcon.colcon_core.package_identification:_identify(LSLIDAR_X_ROS2-20240228/build) by extensions ['ignore', 'ignore_ament_install']
[0.493s] Level 1:colcon.colcon_core.package_identification:_identify(LSLIDAR_X_ROS2-20240228/build) by extension 'ignore'
[0.493s] Level 1:colcon.colcon_core.package_identification:_identify(LSLIDAR_X_ROS2-20240228/build) ignored
[0.493s] Level 1:colcon.colcon_core.package_identification:_identify(LSLIDAR_X_ROS2-20240228/install) by extensions ['ignore', 'ignore_ament_install']
[0.493s] Level 1:colcon.colcon_core.package_identification:_identify(LSLIDAR_X_ROS2-20240228/install) by extension 'ignore'
[0.494s] Level 1:colcon.colcon_core.package_identification:_identify(LSLIDAR_X_ROS2-20240228/install) ignored
[0.494s] Level 1:colcon.colcon_core.package_identification:_identify(LSLIDAR_X_ROS2-20240228/log) by extensions ['ignore', 'ignore_ament_install']
[0.494s] Level 1:colcon.colcon_core.package_identification:_identify(LSLIDAR_X_ROS2-20240228/log) by extension 'ignore'
[0.494s] Level 1:colcon.colcon_core.package_identification:_identify(LSLIDAR_X_ROS2-20240228/log) ignored
[0.494s] Level 1:colcon.colcon_core.package_identification:_identify(LSLIDAR_X_ROS2-20240228/src) by extensions ['ignore', 'ignore_ament_install']
[0.494s] Level 1:colcon.colcon_core.package_identification:_identify(LSLIDAR_X_ROS2-20240228/src) by extension 'ignore'
[0.494s] Level 1:colcon.colcon_core.package_identification:_identify(LSLIDAR_X_ROS2-20240228/src) by extension 'ignore_ament_install'
[0.494s] Level 1:colcon.colcon_core.package_identification:_identify(LSLIDAR_X_ROS2-20240228/src) by extensions ['colcon_pkg']
[0.494s] Level 1:colcon.colcon_core.package_identification:_identify(LSLIDAR_X_ROS2-20240228/src) by extension 'colcon_pkg'
[0.494s] Level 1:colcon.colcon_core.package_identification:_identify(LSLIDAR_X_ROS2-20240228/src) by extensions ['colcon_meta']
[0.495s] Level 1:colcon.colcon_core.package_identification:_identify(LSLIDAR_X_ROS2-20240228/src) by extension 'colcon_meta'
[0.495s] Level 1:colcon.colcon_core.package_identification:_identify(LSLIDAR_X_ROS2-20240228/src) by extensions ['ros']
[0.495s] Level 1:colcon.colcon_core.package_identification:_identify(LSLIDAR_X_ROS2-20240228/src) by extension 'ros'
[0.495s] Level 1:colcon.colcon_core.package_identification:_identify(LSLIDAR_X_ROS2-20240228/src) by extensions ['cmake', 'python']
[0.495s] Level 1:colcon.colcon_core.package_identification:_identify(LSLIDAR_X_ROS2-20240228/src) by extension 'cmake'
[0.495s] Level 1:colcon.colcon_core.package_identification:_identify(LSLIDAR_X_ROS2-20240228/src) by extension 'python'
[0.495s] Level 1:colcon.colcon_core.package_identification:_identify(LSLIDAR_X_ROS2-20240228/src) by extensions ['python_setup_py']
[0.495s] Level 1:colcon.colcon_core.package_identification:_identify(LSLIDAR_X_ROS2-20240228/src) by extension 'python_setup_py'
[0.495s] Level 1:colcon.colcon_core.package_identification:_identify(LSLIDAR_X_ROS2-20240228/src/lslidar_driver) by extensions ['ignore', 'ignore_ament_install']
[0.495s] Level 1:colcon.colcon_core.package_identification:_identify(LSLIDAR_X_ROS2-20240228/src/lslidar_driver) by extension 'ignore'
[0.495s] Level 1:colcon.colcon_core.package_identification:_identify(LSLIDAR_X_ROS2-20240228/src/lslidar_driver) by extension 'ignore_ament_install'
[0.496s] Level 1:colcon.colcon_core.package_identification:_identify(LSLIDAR_X_ROS2-20240228/src/lslidar_driver) by extensions ['colcon_pkg']
[0.496s] Level 1:colcon.colcon_core.package_identification:_identify(LSLIDAR_X_ROS2-20240228/src/lslidar_driver) by extension 'colcon_pkg'
[0.496s] Level 1:colcon.colcon_core.package_identification:_identify(LSLIDAR_X_ROS2-20240228/src/lslidar_driver) by extensions ['colcon_meta']
[0.496s] Level 1:colcon.colcon_core.package_identification:_identify(LSLIDAR_X_ROS2-20240228/src/lslidar_driver) by extension 'colcon_meta'
[0.496s] Level 1:colcon.colcon_core.package_identification:_identify(LSLIDAR_X_ROS2-20240228/src/lslidar_driver) by extensions ['ros']
[0.496s] Level 1:colcon.colcon_core.package_identification:_identify(LSLIDAR_X_ROS2-20240228/src/lslidar_driver) by extension 'ros'
[0.501s] DEBUG:colcon.colcon_core.package_identification:Package 'LSLIDAR_X_ROS2-20240228/src/lslidar_driver' with type 'ros.ament_cmake' and name 'lslidar_driver'
[0.501s] Level 1:colcon.colcon_core.package_identification:_identify(LSLIDAR_X_ROS2-20240228/src/lslidar_msgs) by extensions ['ignore', 'ignore_ament_install']
[0.501s] Level 1:colcon.colcon_core.package_identification:_identify(LSLIDAR_X_ROS2-20240228/src/lslidar_msgs) by extension 'ignore'
[0.501s] Level 1:colcon.colcon_core.package_identification:_identify(LSLIDAR_X_ROS2-20240228/src/lslidar_msgs) by extension 'ignore_ament_install'
[0.502s] Level 1:colcon.colcon_core.package_identification:_identify(LSLIDAR_X_ROS2-20240228/src/lslidar_msgs) by extensions ['colcon_pkg']
[0.502s] Level 1:colcon.colcon_core.package_identification:_identify(LSLIDAR_X_ROS2-20240228/src/lslidar_msgs) by extension 'colcon_pkg'
[0.502s] Level 1:colcon.colcon_core.package_identification:_identify(LSLIDAR_X_ROS2-20240228/src/lslidar_msgs) by extensions ['colcon_meta']
[0.502s] Level 1:colcon.colcon_core.package_identification:_identify(LSLIDAR_X_ROS2-20240228/src/lslidar_msgs) by extension 'colcon_meta'
[0.502s] Level 1:colcon.colcon_core.package_identification:_identify(LSLIDAR_X_ROS2-20240228/src/lslidar_msgs) by extensions ['ros']
[0.502s] Level 1:colcon.colcon_core.package_identification:_identify(LSLIDAR_X_ROS2-20240228/src/lslidar_msgs) by extension 'ros'
[0.504s] DEBUG:colcon.colcon_core.package_identification:Package 'LSLIDAR_X_ROS2-20240228/src/lslidar_msgs' with type 'ros.ament_cmake' and name 'lslidar_msgs'
[0.504s] Level 1:colcon.colcon_core.package_identification:_identify(build) by extensions ['ignore', 'ignore_ament_install']
[0.504s] Level 1:colcon.colcon_core.package_identification:_identify(build) by extension 'ignore'
[0.504s] Level 1:colcon.colcon_core.package_identification:_identify(build) ignored
[0.505s] Level 1:colcon.colcon_core.package_identification:_identify(install) by extensions ['ignore', 'ignore_ament_install']
[0.505s] Level 1:colcon.colcon_core.package_identification:_identify(install) by extension 'ignore'
[0.505s] Level 1:colcon.colcon_core.package_identification:_identify(install) ignored
[0.505s] Level 1:colcon.colcon_core.package_identification:_identify(log) by extensions ['ignore', 'ignore_ament_install']
[0.505s] Level 1:colcon.colcon_core.package_identification:_identify(log) by extension 'ignore'
[0.505s] Level 1:colcon.colcon_core.package_identification:_identify(log) ignored
[0.505s] Level 1:colcon.colcon_core.package_discovery:discover_packages(recursive) using defaults
[0.505s] Level 1:colcon.colcon_core.package_discovery:discover_packages(ignore) discover
[0.505s] Level 1:colcon.colcon_core.package_discovery:discover_packages(ignore) using defaults
[0.506s] Level 1:colcon.colcon_core.package_discovery:discover_packages(path) discover
[0.506s] Level 1:colcon.colcon_core.package_discovery:discover_packages(path) using defaults
[0.570s] Level 1:colcon.colcon_core.package_discovery:discover_packages(prefix_path) check parameters
[0.570s] Level 1:colcon.colcon_core.package_discovery:discover_packages(prefix_path) discover
[0.571s] WARNING:colcon.colcon_ros.prefix_path.catkin:The path '/usr/share/gazebo-11/cmake' in the environment variable CMAKE_PREFIX_PATH doesn't exist
[0.574s] DEBUG:colcon.colcon_installed_package_information.package_discovery:Found 399 installed packages in /opt/ros/humble
[0.577s] Level 1:colcon.colcon_core.package_discovery:discover_packages(prefix_path) using defaults
[0.658s] Level 5:colcon.colcon_core.verb:set package 'lslidar_msgs' build argument 'cmake_args' from command line to 'None'
[0.658s] Level 5:colcon.colcon_core.verb:set package 'lslidar_msgs' build argument 'cmake_target' from command line to 'None'
[0.658s] Level 5:colcon.colcon_core.verb:set package 'lslidar_msgs' build argument 'cmake_target_skip_unavailable' from command line to 'False'
[0.658s] Level 5:colcon.colcon_core.verb:set package 'lslidar_msgs' build argument 'cmake_clean_cache' from command line to 'False'
[0.658s] Level 5:colcon.colcon_core.verb:set package 'lslidar_msgs' build argument 'cmake_clean_first' from command line to 'False'
[0.658s] Level 5:colcon.colcon_core.verb:set package 'lslidar_msgs' build argument 'cmake_force_configure' from command line to 'False'
[0.658s] Level 5:colcon.colcon_core.verb:set package 'lslidar_msgs' build argument 'ament_cmake_args' from command line to 'None'
[0.658s] Level 5:colcon.colcon_core.verb:set package 'lslidar_msgs' build argument 'catkin_cmake_args' from command line to 'None'
[0.658s] Level 5:colcon.colcon_core.verb:set package 'lslidar_msgs' build argument 'catkin_skip_building_tests' from command line to 'False'
[0.658s] DEBUG:colcon.colcon_core.verb:Building package 'lslidar_msgs' with the following arguments: {'ament_cmake_args': None, 'build_base': '/home/nvidia/2d_slam/src/build/lslidar_msgs', 'catkin_cmake_args': None, 'catkin_skip_building_tests': False, 'cmake_args': None, 'cmake_clean_cache': False, 'cmake_clean_first': False, 'cmake_force_configure': False, 'cmake_target': None, 'cmake_target_skip_unavailable': False, 'install_base': '/home/nvidia/2d_slam/src/install/lslidar_msgs', 'merge_install': False, 'path': '/home/nvidia/2d_slam/src/LSLIDAR_X_ROS2-20240228/src/lslidar_msgs', 'symlink_install': False, 'test_result_base': None}
[0.659s] Level 5:colcon.colcon_core.verb:set package 'lslidar_driver' build argument 'cmake_args' from command line to 'None'
[0.659s] Level 5:colcon.colcon_core.verb:set package 'lslidar_driver' build argument 'cmake_target' from command line to 'None'
[0.659s] Level 5:colcon.colcon_core.verb:set package 'lslidar_driver' build argument 'cmake_target_skip_unavailable' from command line to 'False'
[0.659s] Level 5:colcon.colcon_core.verb:set package 'lslidar_driver' build argument 'cmake_clean_cache' from command line to 'False'
[0.659s] Level 5:colcon.colcon_core.verb:set package 'lslidar_driver' build argument 'cmake_clean_first' from command line to 'False'
[0.659s] Level 5:colcon.colcon_core.verb:set package 'lslidar_driver' build argument 'cmake_force_configure' from command line to 'False'
[0.659s] Level 5:colcon.colcon_core.verb:set package 'lslidar_driver' build argument 'ament_cmake_args' from command line to 'None'
[0.659s] Level 5:colcon.colcon_core.verb:set package 'lslidar_driver' build argument 'catkin_cmake_args' from command line to 'None'
[0.659s] Level 5:colcon.colcon_core.verb:set package 'lslidar_driver' build argument 'catkin_skip_building_tests' from command line to 'False'
[0.659s] DEBUG:colcon.colcon_core.verb:Building package 'lslidar_driver' with the following arguments: {'ament_cmake_args': None, 'build_base': '/home/nvidia/2d_slam/src/build/lslidar_driver', 'catkin_cmake_args': None, 'catkin_skip_building_tests': False, 'cmake_args': None, 'cmake_clean_cache': False, 'cmake_clean_first': False, 'cmake_force_configure': False, 'cmake_target': None, 'cmake_target_skip_unavailable': False, 'install_base': '/home/nvidia/2d_slam/src/install/lslidar_driver', 'merge_install': False, 'path': '/home/nvidia/2d_slam/src/LSLIDAR_X_ROS2-20240228/src/lslidar_driver', 'symlink_install': False, 'test_result_base': None}
[0.660s] INFO:colcon.colcon_core.executor:Executing jobs using 'parallel' executor
[0.662s] DEBUG:colcon.colcon_parallel_executor.executor.parallel:run_until_complete
[0.662s] INFO:colcon.colcon_ros.task.ament_cmake.build:Building ROS package in '/home/nvidia/2d_slam/src/LSLIDAR_X_ROS2-20240228/src/lslidar_msgs' with build type 'ament_cmake'
[0.662s] INFO:colcon.colcon_cmake.task.cmake.build:Building CMake package in '/home/nvidia/2d_slam/src/LSLIDAR_X_ROS2-20240228/src/lslidar_msgs'
[0.666s] INFO:colcon.colcon_core.plugin_system:Skipping extension 'colcon_core.shell.bat': Not used on non-Windows systems
[0.667s] INFO:colcon.colcon_core.shell:Skip shell extension 'powershell' for command environment: Not usable outside of PowerShell
[0.667s] DEBUG:colcon.colcon_core.shell:Skip shell extension 'dsv' for command environment
[0.683s] DEBUG:colcon.colcon_core.event_handler.log_command:Invoking command in '/home/nvidia/2d_slam/src/build/lslidar_msgs': CMAKE_PREFIX_PATH=${CMAKE_PREFIX_PATH}:/opt/ros/humble /usr/bin/cmake /home/nvidia/2d_slam/src/LSLIDAR_X_ROS2-20240228/src/lslidar_msgs -DCMAKE_INSTALL_PREFIX=/home/nvidia/2d_slam/src/install/lslidar_msgs
[4.105s] DEBUG:colcon.colcon_core.event_handler.log_command:Invoked command in '/home/nvidia/2d_slam/src/build/lslidar_msgs' returned '0': CMAKE_PREFIX_PATH=${CMAKE_PREFIX_PATH}:/opt/ros/humble /usr/bin/cmake /home/nvidia/2d_slam/src/LSLIDAR_X_ROS2-20240228/src/lslidar_msgs -DCMAKE_INSTALL_PREFIX=/home/nvidia/2d_slam/src/install/lslidar_msgs
[4.112s] DEBUG:colcon.colcon_core.event_handler.log_command:Invoking command in '/home/nvidia/2d_slam/src/build/lslidar_msgs': CMAKE_PREFIX_PATH=${CMAKE_PREFIX_PATH}:/opt/ros/humble /usr/bin/cmake --build /home/nvidia/2d_slam/src/build/lslidar_msgs -- -j8 -l8
[10.482s] DEBUG:colcon.colcon_core.event_handler.log_command:Invoked command in '/home/nvidia/2d_slam/src/build/lslidar_msgs' returned '0': CMAKE_PREFIX_PATH=${CMAKE_PREFIX_PATH}:/opt/ros/humble /usr/bin/cmake --build /home/nvidia/2d_slam/src/build/lslidar_msgs -- -j8 -l8
[10.502s] DEBUG:colcon.colcon_core.event_handler.log_command:Invoking command in '/home/nvidia/2d_slam/src/build/lslidar_msgs': CMAKE_PREFIX_PATH=${CMAKE_PREFIX_PATH}:/opt/ros/humble /usr/bin/cmake --install /home/nvidia/2d_slam/src/build/lslidar_msgs
[10.642s] Level 1:colcon.colcon_core.environment:create_environment_scripts_only(lslidar_msgs)
[10.644s] DEBUG:colcon.colcon_core.event_handler.log_command:Invoked command in '/home/nvidia/2d_slam/src/build/lslidar_msgs' returned '0': CMAKE_PREFIX_PATH=${CMAKE_PREFIX_PATH}:/opt/ros/humble /usr/bin/cmake --install /home/nvidia/2d_slam/src/build/lslidar_msgs
[10.650s] Level 1:colcon.colcon_core.environment:checking '/home/nvidia/2d_slam/src/install/lslidar_msgs' for CMake module files
[10.653s] Level 1:colcon.colcon_core.environment:checking '/home/nvidia/2d_slam/src/install/lslidar_msgs' for CMake config files
[10.654s] Level 1:colcon.colcon_core.shell:create_environment_hook('lslidar_msgs', 'cmake_prefix_path')
[10.655s] INFO:colcon.colcon_core.shell:Creating environment hook '/home/nvidia/2d_slam/src/install/lslidar_msgs/share/lslidar_msgs/hook/cmake_prefix_path.ps1'
[10.658s] INFO:colcon.colcon_core.shell:Creating environment descriptor '/home/nvidia/2d_slam/src/install/lslidar_msgs/share/lslidar_msgs/hook/cmake_prefix_path.dsv'
[10.660s] INFO:colcon.colcon_core.shell:Creating environment hook '/home/nvidia/2d_slam/src/install/lslidar_msgs/share/lslidar_msgs/hook/cmake_prefix_path.sh'
[10.663s] Level 1:colcon.colcon_core.environment:checking '/home/nvidia/2d_slam/src/install/lslidar_msgs/lib'
[10.664s] Level 1:colcon.colcon_core.shell:create_environment_hook('lslidar_msgs', 'ld_library_path_lib')
[10.665s] INFO:colcon.colcon_core.shell:Creating environment hook '/home/nvidia/2d_slam/src/install/lslidar_msgs/share/lslidar_msgs/hook/ld_library_path_lib.ps1'
[10.666s] INFO:colcon.colcon_core.shell:Creating environment descriptor '/home/nvidia/2d_slam/src/install/lslidar_msgs/share/lslidar_msgs/hook/ld_library_path_lib.dsv'
[10.667s] INFO:colcon.colcon_core.shell:Creating environment hook '/home/nvidia/2d_slam/src/install/lslidar_msgs/share/lslidar_msgs/hook/ld_library_path_lib.sh'
[10.668s] Level 1:colcon.colcon_core.environment:checking '/home/nvidia/2d_slam/src/install/lslidar_msgs/bin'
[10.669s] Level 1:colcon.colcon_core.environment:checking '/home/nvidia/2d_slam/src/install/lslidar_msgs/lib/pkgconfig/lslidar_msgs.pc'
[10.670s] Level 1:colcon.colcon_core.environment:checking '/home/nvidia/2d_slam/src/install/lslidar_msgs/lib/python3.10/site-packages'
[10.670s] Level 1:colcon.colcon_core.environment:checking '/home/nvidia/2d_slam/src/install/lslidar_msgs/bin'
[10.672s] INFO:colcon.colcon_core.shell:Creating package script '/home/nvidia/2d_slam/src/install/lslidar_msgs/share/lslidar_msgs/package.ps1'
[10.674s] INFO:colcon.colcon_core.shell:Creating package descriptor '/home/nvidia/2d_slam/src/install/lslidar_msgs/share/lslidar_msgs/package.dsv'
[10.675s] INFO:colcon.colcon_core.shell:Creating package script '/home/nvidia/2d_slam/src/install/lslidar_msgs/share/lslidar_msgs/package.sh'
[10.676s] INFO:colcon.colcon_core.shell:Creating package script '/home/nvidia/2d_slam/src/install/lslidar_msgs/share/lslidar_msgs/package.bash'
[10.677s] INFO:colcon.colcon_core.shell:Creating package script '/home/nvidia/2d_slam/src/install/lslidar_msgs/share/lslidar_msgs/package.zsh'
[10.678s] Level 1:colcon.colcon_core.environment:create_file_with_runtime_dependencies(/home/nvidia/2d_slam/src/install/lslidar_msgs/share/colcon-core/packages/lslidar_msgs)
[10.681s] Level 1:colcon.colcon_core.environment:create_environment_scripts_only(lslidar_msgs)
[10.681s] Level 1:colcon.colcon_core.environment:checking '/home/nvidia/2d_slam/src/install/lslidar_msgs' for CMake module files
[10.683s] Level 1:colcon.colcon_core.environment:checking '/home/nvidia/2d_slam/src/install/lslidar_msgs' for CMake config files
[10.684s] Level 1:colcon.colcon_core.shell:create_environment_hook('lslidar_msgs', 'cmake_prefix_path')
[10.685s] INFO:colcon.colcon_core.shell:Creating environment hook '/home/nvidia/2d_slam/src/install/lslidar_msgs/share/lslidar_msgs/hook/cmake_prefix_path.ps1'
[10.686s] INFO:colcon.colcon_core.shell:Creating environment descriptor '/home/nvidia/2d_slam/src/install/lslidar_msgs/share/lslidar_msgs/hook/cmake_prefix_path.dsv'
[10.687s] INFO:colcon.colcon_core.shell:Creating environment hook '/home/nvidia/2d_slam/src/install/lslidar_msgs/share/lslidar_msgs/hook/cmake_prefix_path.sh'
[10.689s] Level 1:colcon.colcon_core.environment:checking '/home/nvidia/2d_slam/src/install/lslidar_msgs/lib'
[10.689s] Level 1:colcon.colcon_core.shell:create_environment_hook('lslidar_msgs', 'ld_library_path_lib')
[10.689s] INFO:colcon.colcon_core.shell:Creating environment hook '/home/nvidia/2d_slam/src/install/lslidar_msgs/share/lslidar_msgs/hook/ld_library_path_lib.ps1'
[10.691s] INFO:colcon.colcon_core.shell:Creating environment descriptor '/home/nvidia/2d_slam/src/install/lslidar_msgs/share/lslidar_msgs/hook/ld_library_path_lib.dsv'
[10.692s] INFO:colcon.colcon_core.shell:Creating environment hook '/home/nvidia/2d_slam/src/install/lslidar_msgs/share/lslidar_msgs/hook/ld_library_path_lib.sh'
[10.693s] Level 1:colcon.colcon_core.environment:checking '/home/nvidia/2d_slam/src/install/lslidar_msgs/bin'
[10.693s] Level 1:colcon.colcon_core.environment:checking '/home/nvidia/2d_slam/src/install/lslidar_msgs/lib/pkgconfig/lslidar_msgs.pc'
[10.693s] Level 1:colcon.colcon_core.environment:checking '/home/nvidia/2d_slam/src/install/lslidar_msgs/lib/python3.10/site-packages'
[10.694s] Level 1:colcon.colcon_core.environment:checking '/home/nvidia/2d_slam/src/install/lslidar_msgs/bin'
[10.695s] INFO:colcon.colcon_core.shell:Creating package script '/home/nvidia/2d_slam/src/install/lslidar_msgs/share/lslidar_msgs/package.ps1'
[10.696s] INFO:colcon.colcon_core.shell:Creating package descriptor '/home/nvidia/2d_slam/src/install/lslidar_msgs/share/lslidar_msgs/package.dsv'
[10.698s] INFO:colcon.colcon_core.shell:Creating package script '/home/nvidia/2d_slam/src/install/lslidar_msgs/share/lslidar_msgs/package.sh'
[10.699s] INFO:colcon.colcon_core.shell:Creating package script '/home/nvidia/2d_slam/src/install/lslidar_msgs/share/lslidar_msgs/package.bash'
[10.700s] INFO:colcon.colcon_core.shell:Creating package script '/home/nvidia/2d_slam/src/install/lslidar_msgs/share/lslidar_msgs/package.zsh'
[10.701s] Level 1:colcon.colcon_core.environment:create_file_with_runtime_dependencies(/home/nvidia/2d_slam/src/install/lslidar_msgs/share/colcon-core/packages/lslidar_msgs)
[10.702s] INFO:colcon.colcon_ros.task.ament_cmake.build:Building ROS package in '/home/nvidia/2d_slam/src/LSLIDAR_X_ROS2-20240228/src/lslidar_driver' with build type 'ament_cmake'
[10.702s] INFO:colcon.colcon_cmake.task.cmake.build:Building CMake package in '/home/nvidia/2d_slam/src/LSLIDAR_X_ROS2-20240228/src/lslidar_driver'
[10.703s] INFO:colcon.colcon_core.shell:Skip shell extension 'powershell' for command environment: Not usable outside of PowerShell
[10.703s] DEBUG:colcon.colcon_core.shell:Skip shell extension 'dsv' for command environment
[10.724s] DEBUG:colcon.colcon_core.event_handler.log_command:Invoking command in '/home/nvidia/2d_slam/src/build/lslidar_driver': AMENT_PREFIX_PATH=/home/nvidia/2d_slam/src/install/lslidar_msgs:${AMENT_PREFIX_PATH} CMAKE_PREFIX_PATH=/home/nvidia/2d_slam/src/install/lslidar_msgs:/usr/share/gazebo-11/cmake:/usr/share/gazebo/cmake:/opt/ros/humble LD_LIBRARY_PATH=/home/nvidia/2d_slam/src/install/lslidar_msgs/lib:${LD_LIBRARY_PATH} PYTHONPATH=/home/nvidia/2d_slam/src/install/lslidar_msgs/local/lib/python3.10/dist-packages:${PYTHONPATH} /usr/bin/cmake /home/nvidia/2d_slam/src/LSLIDAR_X_ROS2-20240228/src/lslidar_driver -DCMAKE_INSTALL_PREFIX=/home/nvidia/2d_slam/src/install/lslidar_driver
[17.257s] DEBUG:colcon.colcon_core.event_handler.log_command:Invoked command in '/home/nvidia/2d_slam/src/build/lslidar_driver' returned '0': AMENT_PREFIX_PATH=/home/nvidia/2d_slam/src/install/lslidar_msgs:${AMENT_PREFIX_PATH} CMAKE_PREFIX_PATH=/home/nvidia/2d_slam/src/install/lslidar_msgs:/usr/share/gazebo-11/cmake:/usr/share/gazebo/cmake:/opt/ros/humble LD_LIBRARY_PATH=/home/nvidia/2d_slam/src/install/lslidar_msgs/lib:${LD_LIBRARY_PATH} PYTHONPATH=/home/nvidia/2d_slam/src/install/lslidar_msgs/local/lib/python3.10/dist-packages:${PYTHONPATH} /usr/bin/cmake /home/nvidia/2d_slam/src/LSLIDAR_X_ROS2-20240228/src/lslidar_driver -DCMAKE_INSTALL_PREFIX=/home/nvidia/2d_slam/src/install/lslidar_driver
[17.262s] DEBUG:colcon.colcon_core.event_handler.log_command:Invoking command in '/home/nvidia/2d_slam/src/build/lslidar_driver': AMENT_PREFIX_PATH=/home/nvidia/2d_slam/src/install/lslidar_msgs:${AMENT_PREFIX_PATH} CMAKE_PREFIX_PATH=/home/nvidia/2d_slam/src/install/lslidar_msgs:/usr/share/gazebo-11/cmake:/usr/share/gazebo/cmake:/opt/ros/humble LD_LIBRARY_PATH=/home/nvidia/2d_slam/src/install/lslidar_msgs/lib:${LD_LIBRARY_PATH} PYTHONPATH=/home/nvidia/2d_slam/src/install/lslidar_msgs/local/lib/python3.10/dist-packages:${PYTHONPATH} /usr/bin/cmake --build /home/nvidia/2d_slam/src/build/lslidar_driver -- -j8 -l8
[51.272s] DEBUG:colcon.colcon_core.event_handler.log_command:Invoked command in '/home/nvidia/2d_slam/src/build/lslidar_driver' returned '0': AMENT_PREFIX_PATH=/home/nvidia/2d_slam/src/install/lslidar_msgs:${AMENT_PREFIX_PATH} CMAKE_PREFIX_PATH=/home/nvidia/2d_slam/src/install/lslidar_msgs:/usr/share/gazebo-11/cmake:/usr/share/gazebo/cmake:/opt/ros/humble LD_LIBRARY_PATH=/home/nvidia/2d_slam/src/install/lslidar_msgs/lib:${LD_LIBRARY_PATH} PYTHONPATH=/home/nvidia/2d_slam/src/install/lslidar_msgs/local/lib/python3.10/dist-packages:${PYTHONPATH} /usr/bin/cmake --build /home/nvidia/2d_slam/src/build/lslidar_driver -- -j8 -l8
[51.278s] DEBUG:colcon.colcon_core.event_handler.log_command:Invoking command in '/home/nvidia/2d_slam/src/build/lslidar_driver': AMENT_PREFIX_PATH=/home/nvidia/2d_slam/src/install/lslidar_msgs:${AMENT_PREFIX_PATH} CMAKE_PREFIX_PATH=/home/nvidia/2d_slam/src/install/lslidar_msgs:/usr/share/gazebo-11/cmake:/usr/share/gazebo/cmake:/opt/ros/humble LD_LIBRARY_PATH=/home/nvidia/2d_slam/src/install/lslidar_msgs/lib:${LD_LIBRARY_PATH} PYTHONPATH=/home/nvidia/2d_slam/src/install/lslidar_msgs/local/lib/python3.10/dist-packages:${PYTHONPATH} /usr/bin/cmake --install /home/nvidia/2d_slam/src/build/lslidar_driver
[51.317s] Level 1:colcon.colcon_core.environment:create_environment_scripts_only(lslidar_driver)
[51.318s] Level 1:colcon.colcon_core.environment:checking '/home/nvidia/2d_slam/src/install/lslidar_driver' for CMake module files
[51.319s] DEBUG:colcon.colcon_core.event_handler.log_command:Invoked command in '/home/nvidia/2d_slam/src/build/lslidar_driver' returned '0': AMENT_PREFIX_PATH=/home/nvidia/2d_slam/src/install/lslidar_msgs:${AMENT_PREFIX_PATH} CMAKE_PREFIX_PATH=/home/nvidia/2d_slam/src/install/lslidar_msgs:/usr/share/gazebo-11/cmake:/usr/share/gazebo/cmake:/opt/ros/humble LD_LIBRARY_PATH=/home/nvidia/2d_slam/src/install/lslidar_msgs/lib:${LD_LIBRARY_PATH} PYTHONPATH=/home/nvidia/2d_slam/src/install/lslidar_msgs/local/lib/python3.10/dist-packages:${PYTHONPATH} /usr/bin/cmake --install /home/nvidia/2d_slam/src/build/lslidar_driver
[51.321s] Level 1:colcon.colcon_core.environment:checking '/home/nvidia/2d_slam/src/install/lslidar_driver' for CMake config files
[51.322s] Level 1:colcon.colcon_core.shell:create_environment_hook('lslidar_driver', 'cmake_prefix_path')
[51.322s] INFO:colcon.colcon_core.shell:Creating environment hook '/home/nvidia/2d_slam/src/install/lslidar_driver/share/lslidar_driver/hook/cmake_prefix_path.ps1'
[51.324s] INFO:colcon.colcon_core.shell:Creating environment descriptor '/home/nvidia/2d_slam/src/install/lslidar_driver/share/lslidar_driver/hook/cmake_prefix_path.dsv'
[51.325s] INFO:colcon.colcon_core.shell:Creating environment hook '/home/nvidia/2d_slam/src/install/lslidar_driver/share/lslidar_driver/hook/cmake_prefix_path.sh'
[51.327s] Level 1:colcon.colcon_core.environment:checking '/home/nvidia/2d_slam/src/install/lslidar_driver/lib'
[51.328s] Level 1:colcon.colcon_core.environment:checking '/home/nvidia/2d_slam/src/install/lslidar_driver/bin'
[51.328s] Level 1:colcon.colcon_core.environment:checking '/home/nvidia/2d_slam/src/install/lslidar_driver/lib/pkgconfig/lslidar_driver.pc'
[51.329s] Level 1:colcon.colcon_core.environment:checking '/home/nvidia/2d_slam/src/install/lslidar_driver/lib/python3.10/site-packages'
[51.329s] Level 1:colcon.colcon_core.environment:checking '/home/nvidia/2d_slam/src/install/lslidar_driver/bin'
[51.331s] INFO:colcon.colcon_core.shell:Creating package script '/home/nvidia/2d_slam/src/install/lslidar_driver/share/lslidar_driver/package.ps1'
[51.332s] INFO:colcon.colcon_core.shell:Creating package descriptor '/home/nvidia/2d_slam/src/install/lslidar_driver/share/lslidar_driver/package.dsv'
[51.334s] INFO:colcon.colcon_core.shell:Creating package script '/home/nvidia/2d_slam/src/install/lslidar_driver/share/lslidar_driver/package.sh'
[51.335s] INFO:colcon.colcon_core.shell:Creating package script '/home/nvidia/2d_slam/src/install/lslidar_driver/share/lslidar_driver/package.bash'
[51.336s] INFO:colcon.colcon_core.shell:Creating package script '/home/nvidia/2d_slam/src/install/lslidar_driver/share/lslidar_driver/package.zsh'
[51.337s] Level 1:colcon.colcon_core.environment:create_file_with_runtime_dependencies(/home/nvidia/2d_slam/src/install/lslidar_driver/share/colcon-core/packages/lslidar_driver)
[51.340s] Level 1:colcon.colcon_core.environment:create_environment_scripts_only(lslidar_driver)
[51.340s] Level 1:colcon.colcon_core.environment:checking '/home/nvidia/2d_slam/src/install/lslidar_driver' for CMake module files
[51.342s] Level 1:colcon.colcon_core.environment:checking '/home/nvidia/2d_slam/src/install/lslidar_driver' for CMake config files
[51.343s] Level 1:colcon.colcon_core.shell:create_environment_hook('lslidar_driver', 'cmake_prefix_path')
[51.344s] INFO:colcon.colcon_core.shell:Creating environment hook '/home/nvidia/2d_slam/src/install/lslidar_driver/share/lslidar_driver/hook/cmake_prefix_path.ps1'
[51.345s] INFO:colcon.colcon_core.shell:Creating environment descriptor '/home/nvidia/2d_slam/src/install/lslidar_driver/share/lslidar_driver/hook/cmake_prefix_path.dsv'
[51.346s] INFO:colcon.colcon_core.shell:Creating environment hook '/home/nvidia/2d_slam/src/install/lslidar_driver/share/lslidar_driver/hook/cmake_prefix_path.sh'
[51.348s] Level 1:colcon.colcon_core.environment:checking '/home/nvidia/2d_slam/src/install/lslidar_driver/lib'
[51.348s] Level 1:colcon.colcon_core.environment:checking '/home/nvidia/2d_slam/src/install/lslidar_driver/bin'
[51.349s] Level 1:colcon.colcon_core.environment:checking '/home/nvidia/2d_slam/src/install/lslidar_driver/lib/pkgconfig/lslidar_driver.pc'
[51.349s] Level 1:colcon.colcon_core.environment:checking '/home/nvidia/2d_slam/src/install/lslidar_driver/lib/python3.10/site-packages'
[51.350s] Level 1:colcon.colcon_core.environment:checking '/home/nvidia/2d_slam/src/install/lslidar_driver/bin'
[51.351s] INFO:colcon.colcon_core.shell:Creating package script '/home/nvidia/2d_slam/src/install/lslidar_driver/share/lslidar_driver/package.ps1'
[51.354s] INFO:colcon.colcon_core.shell:Creating package descriptor '/home/nvidia/2d_slam/src/install/lslidar_driver/share/lslidar_driver/package.dsv'
[51.355s] INFO:colcon.colcon_core.shell:Creating package script '/home/nvidia/2d_slam/src/install/lslidar_driver/share/lslidar_driver/package.sh'
[51.357s] INFO:colcon.colcon_core.shell:Creating package script '/home/nvidia/2d_slam/src/install/lslidar_driver/share/lslidar_driver/package.bash'
[51.359s] INFO:colcon.colcon_core.shell:Creating package script '/home/nvidia/2d_slam/src/install/lslidar_driver/share/lslidar_driver/package.zsh'
[51.360s] Level 1:colcon.colcon_core.environment:create_file_with_runtime_dependencies(/home/nvidia/2d_slam/src/install/lslidar_driver/share/colcon-core/packages/lslidar_driver)
[51.361s] DEBUG:colcon.colcon_parallel_executor.executor.parallel:closing loop
[51.362s] DEBUG:colcon.colcon_parallel_executor.executor.parallel:loop closed
[51.362s] DEBUG:colcon.colcon_parallel_executor.executor.parallel:run_until_complete finished with '0'
[51.363s] DEBUG:colcon.colcon_core.event_reactor:joining thread
[51.380s] INFO:colcon.colcon_core.plugin_system:Skipping extension 'colcon_notification.desktop_notification.terminal_notifier': Not used on non-Darwin systems
[51.381s] INFO:colcon.colcon_core.plugin_system:Skipping extension 'colcon_notification.desktop_notification.win32': Not used on non-Windows systems
[51.381s] INFO:colcon.colcon_notification.desktop_notification:Sending desktop notification using 'notify2'
[51.421s] DEBUG:colcon.colcon_core.event_reactor:joined thread
[51.423s] INFO:colcon.colcon_core.shell:Creating prefix script '/home/nvidia/2d_slam/src/install/local_setup.ps1'
[51.426s] INFO:colcon.colcon_core.shell:Creating prefix util module '/home/nvidia/2d_slam/src/install/_local_setup_util_ps1.py'
[51.431s] INFO:colcon.colcon_core.shell:Creating prefix chain script '/home/nvidia/2d_slam/src/install/setup.ps1'
[51.435s] INFO:colcon.colcon_core.shell:Creating prefix script '/home/nvidia/2d_slam/src/install/local_setup.sh'
[51.437s] INFO:colcon.colcon_core.shell:Creating prefix util module '/home/nvidia/2d_slam/src/install/_local_setup_util_sh.py'
[51.439s] INFO:colcon.colcon_core.shell:Creating prefix chain script '/home/nvidia/2d_slam/src/install/setup.sh'
[51.442s] INFO:colcon.colcon_core.shell:Creating prefix script '/home/nvidia/2d_slam/src/install/local_setup.bash'
[51.443s] INFO:colcon.colcon_core.shell:Creating prefix chain script '/home/nvidia/2d_slam/src/install/setup.bash'
[51.446s] INFO:colcon.colcon_core.shell:Creating prefix script '/home/nvidia/2d_slam/src/install/local_setup.zsh'
[51.448s] INFO:colcon.colcon_core.shell:Creating prefix chain script '/home/nvidia/2d_slam/src/install/setup.zsh'
