[0.022s] Invoking command in '/home/nvidia/fishbot_ws/build/fishbot_navigation2': CMAKE_PREFIX_PATH=${CMAKE_PREFIX_PATH}:/opt/ros/humble /usr/bin/cmake --build /home/nvidia/fishbot_ws/build/fishbot_navigation2 -- -j8 -l8
[0.061s] gmake: Warning: File 'Makefile' has modification time 6931 s in the future
[0.106s] gmake[1]: Warning: File 'CMakeFiles/Makefile2' has modification time 6931 s in the future
[0.107s] gmake[1]: warning:  Clock skew detected.  Your build may be incomplete.
[0.125s] gmake: warning:  Clock skew detected.  Your build may be incomplete.
[0.130s] Invoked command in '/home/nvidia/fishbot_ws/build/fishbot_navigation2' returned '0': CMAKE_PREFIX_PATH=${CMAKE_PREFIX_PATH}:/opt/ros/humble /usr/bin/cmake --build /home/nvidia/fishbot_ws/build/fishbot_navigation2 -- -j8 -l8
[0.157s] Invoking command in '/home/nvidia/fishbot_ws/build/fishbot_navigation2': CMAKE_PREFIX_PATH=${CMAKE_PREFIX_PATH}:/opt/ros/humble /usr/bin/cmake --install /home/nvidia/fishbot_ws/build/fishbot_navigation2
[0.175s] -- Install configuration: ""
[0.175s] -- Up-to-date: /home/nvidia/fishbot_ws/install/fishbot_navigation2/share/fishbot_navigation2/launch
[0.175s] -- Up-to-date: /home/nvidia/fishbot_ws/install/fishbot_navigation2/share/fishbot_navigation2/launch/navigation2.launch.py
[0.176s] -- Up-to-date: /home/nvidia/fishbot_ws/install/fishbot_navigation2/share/fishbot_navigation2/param
[0.176s] -- Up-to-date: /home/nvidia/fishbot_ws/install/fishbot_navigation2/share/fishbot_navigation2/param/fishbot_nav2.yaml
[0.176s] -- Up-to-date: /home/nvidia/fishbot_ws/install/fishbot_navigation2/share/fishbot_navigation2/maps
[0.176s] -- Up-to-date: /home/nvidia/fishbot_ws/install/fishbot_navigation2/share/fishbot_navigation2/maps/fishbot_map.pgm
[0.176s] -- Up-to-date: /home/nvidia/fishbot_ws/install/fishbot_navigation2/share/fishbot_navigation2/maps/fishbot_map.yaml
[0.176s] -- Up-to-date: /home/nvidia/fishbot_ws/install/fishbot_navigation2/share/ament_index/resource_index/package_run_dependencies/fishbot_navigation2
[0.176s] -- Up-to-date: /home/nvidia/fishbot_ws/install/fishbot_navigation2/share/ament_index/resource_index/parent_prefix_path/fishbot_navigation2
[0.177s] -- Up-to-date: /home/nvidia/fishbot_ws/install/fishbot_navigation2/share/fishbot_navigation2/environment/ament_prefix_path.sh
[0.177s] -- Up-to-date: /home/nvidia/fishbot_ws/install/fishbot_navigation2/share/fishbot_navigation2/environment/ament_prefix_path.dsv
[0.177s] -- Up-to-date: /home/nvidia/fishbot_ws/install/fishbot_navigation2/share/fishbot_navigation2/environment/path.sh
[0.177s] -- Up-to-date: /home/nvidia/fishbot_ws/install/fishbot_navigation2/share/fishbot_navigation2/environment/path.dsv
[0.177s] -- Up-to-date: /home/nvidia/fishbot_ws/install/fishbot_navigation2/share/fishbot_navigation2/local_setup.bash
[0.177s] -- Up-to-date: /home/nvidia/fishbot_ws/install/fishbot_navigation2/share/fishbot_navigation2/local_setup.sh
[0.177s] -- Up-to-date: /home/nvidia/fishbot_ws/install/fishbot_navigation2/share/fishbot_navigation2/local_setup.zsh
[0.177s] -- Up-to-date: /home/nvidia/fishbot_ws/install/fishbot_navigation2/share/fishbot_navigation2/local_setup.dsv
[0.177s] -- Installing: /home/nvidia/fishbot_ws/install/fishbot_navigation2/share/fishbot_navigation2/package.dsv
[0.178s] -- Up-to-date: /home/nvidia/fishbot_ws/install/fishbot_navigation2/share/ament_index/resource_index/packages/fishbot_navigation2
[0.178s] -- Up-to-date: /home/nvidia/fishbot_ws/install/fishbot_navigation2/share/fishbot_navigation2/cmake/fishbot_navigation2Config.cmake
[0.178s] -- Up-to-date: /home/nvidia/fishbot_ws/install/fishbot_navigation2/share/fishbot_navigation2/cmake/fishbot_navigation2Config-version.cmake
[0.178s] -- Up-to-date: /home/nvidia/fishbot_ws/install/fishbot_navigation2/share/fishbot_navigation2/package.xml
[0.182s] Invoked command in '/home/nvidia/fishbot_ws/build/fishbot_navigation2' returned '0': CMAKE_PREFIX_PATH=${CMAKE_PREFIX_PATH}:/opt/ros/humble /usr/bin/cmake --install /home/nvidia/fishbot_ws/build/fishbot_navigation2
