[0.033s] Invoking command in '/home/nvidia/ros2_ws/build/camera_publisher': CMAKE_PREFIX_PATH=${CMAKE_PREFIX_PATH}:/home/nvidia/ros2_ws/install/robot_nav:/home/nvidia/ros2_ws/install/robot_control:/opt/ros/humble /usr/bin/cmake --build /home/nvidia/ros2_ws/build/camera_publisher -- -j8 -l8
[0.940s] Invoked command in '/home/nvidia/ros2_ws/build/camera_publisher' returned '0': CMAKE_PREFIX_PATH=${CMAKE_PREFIX_PATH}:/home/nvidia/ros2_ws/install/robot_nav:/home/nvidia/ros2_ws/install/robot_control:/opt/ros/humble /usr/bin/cmake --build /home/nvidia/ros2_ws/build/camera_publisher -- -j8 -l8
[0.962s] Invoking command in '/home/nvidia/ros2_ws/build/camera_publisher': CMAKE_PREFIX_PATH=${CMAKE_PREFIX_PATH}:/home/nvidia/ros2_ws/install/robot_nav:/home/nvidia/ros2_ws/install/robot_control:/opt/ros/humble /usr/bin/cmake --install /home/nvidia/ros2_ws/build/camera_publisher
[0.976s] -- Install configuration: ""
[0.978s] -- Up-to-date: /home/nvidia/ros2_ws/install/camera_publisher/share/ament_index/resource_index/package_run_dependencies/camera_publisher
[0.978s] -- Up-to-date: /home/nvidia/ros2_ws/install/camera_publisher/share/ament_index/resource_index/parent_prefix_path/camera_publisher
[0.978s] -- Up-to-date: /home/nvidia/ros2_ws/install/camera_publisher/share/camera_publisher/environment/ament_prefix_path.sh
[0.978s] -- Up-to-date: /home/nvidia/ros2_ws/install/camera_publisher/share/camera_publisher/environment/ament_prefix_path.dsv
[0.978s] -- Up-to-date: /home/nvidia/ros2_ws/install/camera_publisher/share/camera_publisher/environment/path.sh
[0.978s] -- Up-to-date: /home/nvidia/ros2_ws/install/camera_publisher/share/camera_publisher/environment/path.dsv
[0.979s] -- Up-to-date: /home/nvidia/ros2_ws/install/camera_publisher/share/camera_publisher/local_setup.bash
[0.980s] -- Up-to-date: /home/nvidia/ros2_ws/install/camera_publisher/share/camera_publisher/local_setup.sh
[0.981s] -- Up-to-date: /home/nvidia/ros2_ws/install/camera_publisher/share/camera_publisher/local_setup.zsh
[0.981s] -- Up-to-date: /home/nvidia/ros2_ws/install/camera_publisher/share/camera_publisher/local_setup.dsv
[0.982s] -- Installing: /home/nvidia/ros2_ws/install/camera_publisher/share/camera_publisher/package.dsv
[0.982s] -- Up-to-date: /home/nvidia/ros2_ws/install/camera_publisher/share/ament_index/resource_index/packages/camera_publisher
[0.982s] -- Up-to-date: /home/nvidia/ros2_ws/install/camera_publisher/share/camera_publisher/cmake/camera_publisherConfig.cmake
[0.983s] -- Up-to-date: /home/nvidia/ros2_ws/install/camera_publisher/share/camera_publisher/cmake/camera_publisherConfig-version.cmake
[0.983s] -- Up-to-date: /home/nvidia/ros2_ws/install/camera_publisher/share/camera_publisher/package.xml
[0.983s] Invoked command in '/home/nvidia/ros2_ws/build/camera_publisher' returned '0': CMAKE_PREFIX_PATH=${CMAKE_PREFIX_PATH}:/home/nvidia/ros2_ws/install/robot_nav:/home/nvidia/ros2_ws/install/robot_control:/opt/ros/humble /usr/bin/cmake --install /home/nvidia/ros2_ws/build/camera_publisher
