[1.538s] Invoking command in '/home/nvidia/ros2_ws/src/robot_control': PYTHONPATH=/home/nvidia/ros2_ws/build/robot_control/prefix_override:/usr/lib/python3/dist-packages/colcon_core/task/python/colcon_distutils_commands:/home/nvidia/ros2_ws/install/robot_control/lib/python3.10/site-packages:${PYTHONPATH} /usr/bin/python3 -W ignore:setup.py install is deprecated -W ignore:easy_install command is deprecated setup.py egg_info --egg-base ../../build/robot_control build --build-base /home/nvidia/ros2_ws/build/robot_control/build install --record /home/nvidia/ros2_ws/build/robot_control/install.log --single-version-externally-managed install_data
[1.936s] running egg_info
[1.937s] writing ../../build/robot_control/robot_control.egg-info/PKG-INFO
[1.938s] writing dependency_links to ../../build/robot_control/robot_control.egg-info/dependency_links.txt
[1.938s] writing entry points to ../../build/robot_control/robot_control.egg-info/entry_points.txt
[1.938s] writing requirements to ../../build/robot_control/robot_control.egg-info/requires.txt
[1.938s] writing top-level names to ../../build/robot_control/robot_control.egg-info/top_level.txt
[1.941s] reading manifest file '../../build/robot_control/robot_control.egg-info/SOURCES.txt'
[1.942s] writing manifest file '../../build/robot_control/robot_control.egg-info/SOURCES.txt'
[1.943s] running build
[1.943s] running build_py
[1.943s] running install
[1.944s] running install_lib
[1.949s] running install_data
[1.949s] running install_egg_info
[1.952s] removing '/home/nvidia/ros2_ws/install/robot_control/lib/python3.10/site-packages/robot_control-0.0.1-py3.10.egg-info' (and everything under it)
[1.953s] Copying ../../build/robot_control/robot_control.egg-info to /home/nvidia/ros2_ws/install/robot_control/lib/python3.10/site-packages/robot_control-0.0.1-py3.10.egg-info
[1.954s] running install_scripts
[1.988s] Installing robot_controller script to /home/nvidia/ros2_ws/install/robot_control/bin
[1.988s] Installing serial_controller script to /home/nvidia/ros2_ws/install/robot_control/bin
[1.988s] writing list of installed files to '/home/nvidia/ros2_ws/build/robot_control/install.log'
[2.054s] Invoked command in '/home/nvidia/ros2_ws/src/robot_control' returned '0': PYTHONPATH=/home/nvidia/ros2_ws/build/robot_control/prefix_override:/usr/lib/python3/dist-packages/colcon_core/task/python/colcon_distutils_commands:/home/nvidia/ros2_ws/install/robot_control/lib/python3.10/site-packages:${PYTHONPATH} /usr/bin/python3 -W ignore:setup.py install is deprecated -W ignore:easy_install command is deprecated setup.py egg_info --egg-base ../../build/robot_control build --build-base /home/nvidia/ros2_ws/build/robot_control/build install --record /home/nvidia/ros2_ws/build/robot_control/install.log --single-version-externally-managed install_data
