[0.035s] Invoking command in '/home/nvidia/fishbot_ws/build/fishbot_cartographer': CMAKE_PREFIX_PATH=/opt/ros/humble /usr/bin/cmake --build /home/nvidia/fishbot_ws/build/fishbot_cartographer -- -j8 -l8
[0.525s] Invoked command in '/home/nvidia/fishbot_ws/build/fishbot_cartographer' returned '0': CMAKE_PREFIX_PATH=/opt/ros/humble /usr/bin/cmake --build /home/nvidia/fishbot_ws/build/fishbot_cartographer -- -j8 -l8
[0.539s] Invoking command in '/home/nvidia/fishbot_ws/build/fishbot_cartographer': CMAKE_PREFIX_PATH=/opt/ros/humble /usr/bin/cmake --install /home/nvidia/fishbot_ws/build/fishbot_cartographer
[0.550s] -- Install configuration: ""
[0.550s] -- Up-to-date: /home/nvidia/fishbot_ws/install/fishbot_cartographer/share/fishbot_cartographer/config
[0.550s] -- Up-to-date: /home/nvidia/fishbot_ws/install/fishbot_cartographer/share/fishbot_cartographer/config/fishbot_2d.lua
[0.551s] -- Up-to-date: /home/nvidia/fishbot_ws/install/fishbot_cartographer/share/fishbot_cartographer/config/fishbot_2d_former.lua
[0.551s] -- Up-to-date: /home/nvidia/fishbot_ws/install/fishbot_cartographer/share/fishbot_cartographer/launch
[0.551s] -- Up-to-date: /home/nvidia/fishbot_ws/install/fishbot_cartographer/share/fishbot_cartographer/launch/cartographer.launch.py
[0.551s] -- Up-to-date: /home/nvidia/fishbot_ws/install/fishbot_cartographer/share/fishbot_cartographer/rviz
[0.551s] -- Up-to-date: /home/nvidia/fishbot_ws/install/fishbot_cartographer/share/ament_index/resource_index/package_run_dependencies/fishbot_cartographer
[0.551s] -- Up-to-date: /home/nvidia/fishbot_ws/install/fishbot_cartographer/share/ament_index/resource_index/parent_prefix_path/fishbot_cartographer
[0.551s] -- Up-to-date: /home/nvidia/fishbot_ws/install/fishbot_cartographer/share/fishbot_cartographer/environment/ament_prefix_path.sh
[0.551s] -- Up-to-date: /home/nvidia/fishbot_ws/install/fishbot_cartographer/share/fishbot_cartographer/environment/ament_prefix_path.dsv
[0.552s] -- Up-to-date: /home/nvidia/fishbot_ws/install/fishbot_cartographer/share/fishbot_cartographer/environment/path.sh
[0.552s] -- Up-to-date: /home/nvidia/fishbot_ws/install/fishbot_cartographer/share/fishbot_cartographer/environment/path.dsv
[0.552s] -- Up-to-date: /home/nvidia/fishbot_ws/install/fishbot_cartographer/share/fishbot_cartographer/local_setup.bash
[0.552s] -- Up-to-date: /home/nvidia/fishbot_ws/install/fishbot_cartographer/share/fishbot_cartographer/local_setup.sh
[0.552s] -- Up-to-date: /home/nvidia/fishbot_ws/install/fishbot_cartographer/share/fishbot_cartographer/local_setup.zsh
[0.552s] -- Up-to-date: /home/nvidia/fishbot_ws/install/fishbot_cartographer/share/fishbot_cartographer/local_setup.dsv
[0.552s] -- Installing: /home/nvidia/fishbot_ws/install/fishbot_cartographer/share/fishbot_cartographer/package.dsv
[0.552s] -- Up-to-date: /home/nvidia/fishbot_ws/install/fishbot_cartographer/share/ament_index/resource_index/packages/fishbot_cartographer
[0.552s] -- Up-to-date: /home/nvidia/fishbot_ws/install/fishbot_cartographer/share/fishbot_cartographer/cmake/fishbot_cartographerConfig.cmake
[0.552s] -- Up-to-date: /home/nvidia/fishbot_ws/install/fishbot_cartographer/share/fishbot_cartographer/cmake/fishbot_cartographerConfig-version.cmake
[0.552s] -- Up-to-date: /home/nvidia/fishbot_ws/install/fishbot_cartographer/share/fishbot_cartographer/package.xml
[0.556s] Invoked command in '/home/nvidia/fishbot_ws/build/fishbot_cartographer' returned '0': CMAKE_PREFIX_PATH=/opt/ros/humble /usr/bin/cmake --install /home/nvidia/fishbot_ws/build/fishbot_cartographer
