running egg_info
creating ../../build/robot_nav/robot_nav.egg-info
writing ../../build/robot_nav/robot_nav.egg-info/PKG-INFO
writing dependency_links to ../../build/robot_nav/robot_nav.egg-info/dependency_links.txt
writing entry points to ../../build/robot_nav/robot_nav.egg-info/entry_points.txt
writing requirements to ../../build/robot_nav/robot_nav.egg-info/requires.txt
writing top-level names to ../../build/robot_nav/robot_nav.egg-info/top_level.txt
writing manifest file '../../build/robot_nav/robot_nav.egg-info/SOURCES.txt'
reading manifest file '../../build/robot_nav/robot_nav.egg-info/SOURCES.txt'
writing manifest file '../../build/robot_nav/robot_nav.egg-info/SOURCES.txt'
running build
running build_py
creating /home/nvidia/ros2_ws/build/robot_nav/build
creating /home/nvidia/ros2_ws/build/robot_nav/build/lib
creating /home/nvidia/ros2_ws/build/robot_nav/build/lib/robot_nav
copying robot_nav/odom_converter.py -> /home/nvidia/ros2_ws/build/robot_nav/build/lib/robot_nav
copying robot_nav/__init__.py -> /home/nvidia/ros2_ws/build/robot_nav/build/lib/robot_nav
running install
running install_lib
creating /home/nvidia/ros2_ws/install/robot_nav/lib/python3.10/site-packages/robot_nav
copying /home/nvidia/ros2_ws/build/robot_nav/build/lib/robot_nav/odom_converter.py -> /home/nvidia/ros2_ws/install/robot_nav/lib/python3.10/site-packages/robot_nav
copying /home/nvidia/ros2_ws/build/robot_nav/build/lib/robot_nav/__init__.py -> /home/nvidia/ros2_ws/install/robot_nav/lib/python3.10/site-packages/robot_nav
byte-compiling /home/nvidia/ros2_ws/install/robot_nav/lib/python3.10/site-packages/robot_nav/odom_converter.py to odom_converter.cpython-310.pyc
byte-compiling /home/nvidia/ros2_ws/install/robot_nav/lib/python3.10/site-packages/robot_nav/__init__.py to __init__.cpython-310.pyc
running install_data
creating /home/nvidia/ros2_ws/install/robot_nav/share/ament_index
creating /home/nvidia/ros2_ws/install/robot_nav/share/ament_index/resource_index
creating /home/nvidia/ros2_ws/install/robot_nav/share/ament_index/resource_index/packages
copying resource/robot_nav -> /home/nvidia/ros2_ws/install/robot_nav/share/ament_index/resource_index/packages
copying package.xml -> /home/nvidia/ros2_ws/install/robot_nav/share/robot_nav
creating /home/nvidia/ros2_ws/install/robot_nav/share/robot_nav/launch
copying launch/navigation.launch.py -> /home/nvidia/ros2_ws/install/robot_nav/share/robot_nav/launch
creating /home/nvidia/ros2_ws/install/robot_nav/share/robot_nav/config
creating /home/nvidia/ros2_ws/install/robot_nav/share/robot_nav/maps
copying maps/empty_map.yaml -> /home/nvidia/ros2_ws/install/robot_nav/share/robot_nav/maps
running install_egg_info
Copying ../../build/robot_nav/robot_nav.egg-info to /home/nvidia/ros2_ws/install/robot_nav/lib/python3.10/site-packages/robot_nav-0.0.1-py3.10.egg-info
running install_scripts
Installing odom_converter script to /home/nvidia/ros2_ws/install/robot_nav/lib/robot_nav
writing list of installed files to '/home/nvidia/ros2_ws/build/robot_nav/install.log'
