[1.115s] Invoking command in '/home/nvidia/ros2_ws/src/robot_nav': PYTHONPATH=/home/nvidia/ros2_ws/build/robot_nav/prefix_override:/usr/lib/python3/dist-packages/colcon_core/task/python/colcon_distutils_commands:/home/nvidia/ros2_ws/install/robot_nav/lib/python3.10/site-packages:${PYTHONPATH} /usr/bin/python3 -W ignore:setup.py install is deprecated -W ignore:easy_install command is deprecated setup.py egg_info --egg-base ../../build/robot_nav build --build-base /home/nvidia/ros2_ws/build/robot_nav/build install --record /home/nvidia/ros2_ws/build/robot_nav/install.log --single-version-externally-managed install_data
[1.548s] running egg_info
[1.549s] creating ../../build/robot_nav/robot_nav.egg-info
[1.549s] writing ../../build/robot_nav/robot_nav.egg-info/PKG-INFO
[1.550s] writing dependency_links to ../../build/robot_nav/robot_nav.egg-info/dependency_links.txt
[1.550s] writing entry points to ../../build/robot_nav/robot_nav.egg-info/entry_points.txt
[1.551s] writing requirements to ../../build/robot_nav/robot_nav.egg-info/requires.txt
[1.551s] writing top-level names to ../../build/robot_nav/robot_nav.egg-info/top_level.txt
[1.552s] writing manifest file '../../build/robot_nav/robot_nav.egg-info/SOURCES.txt'
[1.555s] reading manifest file '../../build/robot_nav/robot_nav.egg-info/SOURCES.txt'
[1.559s] writing manifest file '../../build/robot_nav/robot_nav.egg-info/SOURCES.txt'
[1.559s] running build
[1.560s] running build_py
[1.560s] creating /home/nvidia/ros2_ws/build/robot_nav/build
[1.560s] creating /home/nvidia/ros2_ws/build/robot_nav/build/lib
[1.561s] creating /home/nvidia/ros2_ws/build/robot_nav/build/lib/robot_nav
[1.561s] copying robot_nav/odom_converter.py -> /home/nvidia/ros2_ws/build/robot_nav/build/lib/robot_nav
[1.562s] copying robot_nav/__init__.py -> /home/nvidia/ros2_ws/build/robot_nav/build/lib/robot_nav
[1.562s] running install
[1.562s] running install_lib
[1.563s] creating /home/nvidia/ros2_ws/install/robot_nav/lib/python3.10/site-packages/robot_nav
[1.563s] copying /home/nvidia/ros2_ws/build/robot_nav/build/lib/robot_nav/odom_converter.py -> /home/nvidia/ros2_ws/install/robot_nav/lib/python3.10/site-packages/robot_nav
[1.564s] copying /home/nvidia/ros2_ws/build/robot_nav/build/lib/robot_nav/__init__.py -> /home/nvidia/ros2_ws/install/robot_nav/lib/python3.10/site-packages/robot_nav
[1.564s] byte-compiling /home/nvidia/ros2_ws/install/robot_nav/lib/python3.10/site-packages/robot_nav/odom_converter.py to odom_converter.cpython-310.pyc
[1.566s] byte-compiling /home/nvidia/ros2_ws/install/robot_nav/lib/python3.10/site-packages/robot_nav/__init__.py to __init__.cpython-310.pyc
[1.566s] running install_data
[1.566s] creating /home/nvidia/ros2_ws/install/robot_nav/share/ament_index
[1.567s] creating /home/nvidia/ros2_ws/install/robot_nav/share/ament_index/resource_index
[1.567s] creating /home/nvidia/ros2_ws/install/robot_nav/share/ament_index/resource_index/packages
[1.567s] copying resource/robot_nav -> /home/nvidia/ros2_ws/install/robot_nav/share/ament_index/resource_index/packages
[1.568s] copying package.xml -> /home/nvidia/ros2_ws/install/robot_nav/share/robot_nav
[1.568s] creating /home/nvidia/ros2_ws/install/robot_nav/share/robot_nav/launch
[1.568s] copying launch/navigation.launch.py -> /home/nvidia/ros2_ws/install/robot_nav/share/robot_nav/launch
[1.568s] creating /home/nvidia/ros2_ws/install/robot_nav/share/robot_nav/config
[1.569s] creating /home/nvidia/ros2_ws/install/robot_nav/share/robot_nav/maps
[1.569s] copying maps/empty_map.yaml -> /home/nvidia/ros2_ws/install/robot_nav/share/robot_nav/maps
[1.569s] running install_egg_info
[1.571s] Copying ../../build/robot_nav/robot_nav.egg-info to /home/nvidia/ros2_ws/install/robot_nav/lib/python3.10/site-packages/robot_nav-0.0.1-py3.10.egg-info
[1.573s] running install_scripts
[1.612s] Installing odom_converter script to /home/nvidia/ros2_ws/install/robot_nav/lib/robot_nav
[1.613s] writing list of installed files to '/home/nvidia/ros2_ws/build/robot_nav/install.log'
[1.688s] Invoked command in '/home/nvidia/ros2_ws/src/robot_nav' returned '0': PYTHONPATH=/home/nvidia/ros2_ws/build/robot_nav/prefix_override:/usr/lib/python3/dist-packages/colcon_core/task/python/colcon_distutils_commands:/home/nvidia/ros2_ws/install/robot_nav/lib/python3.10/site-packages:${PYTHONPATH} /usr/bin/python3 -W ignore:setup.py install is deprecated -W ignore:easy_install command is deprecated setup.py egg_info --egg-base ../../build/robot_nav build --build-base /home/nvidia/ros2_ws/build/robot_nav/build install --record /home/nvidia/ros2_ws/build/robot_nav/install.log --single-version-externally-managed install_data
