[0.018s] Invoking command in '/home/nvidia/2d_slam/src/build/lslidar_driver': AMENT_PREFIX_PATH=/home/nvidia/2d_slam/src/install/lslidar_msgs:${AMENT_PREFIX_PATH} CMAKE_PREFIX_PATH=/home/nvidia/2d_slam/src/install/lslidar_msgs:/usr/share/gazebo-11/cmake:/usr/share/gazebo/cmake:/opt/ros/humble LD_LIBRARY_PATH=/home/nvidia/2d_slam/src/install/lslidar_msgs/lib:${LD_LIBRARY_PATH} PYTHONPATH=/home/nvidia/2d_slam/src/install/lslidar_msgs/local/lib/python3.10/dist-packages:${PYTHONPATH} /usr/bin/cmake /home/nvidia/2d_slam/src/LSLIDAR_X_ROS2-20240228/src/lslidar_driver -DCMAKE_INSTALL_PREFIX=/home/nvidia/2d_slam/src/install/lslidar_driver
[0.114s] -- The C compiler identification is GNU 11.4.0
[0.222s] -- The CXX compiler identification is GNU 11.4.0
[0.247s] -- Detecting C compiler ABI info
[0.393s] -- Detecting C compiler ABI info - done
[0.418s] -- Check for working C compiler: /usr/bin/cc - skipped
[0.418s] -- Detecting C compile features
[0.419s] -- Detecting C compile features - done
[0.430s] -- Detecting CXX compiler ABI info
[0.585s] -- Detecting CXX compiler ABI info - done
[0.610s] -- Check for working CXX compiler: /usr/bin/c++ - skipped
[0.611s] -- Detecting CXX compile features
[0.613s] -- Detecting CXX compile features - done
[0.622s] -- Found ament_cmake: 1.3.11 (/opt/ros/humble/share/ament_cmake/cmake)
[0.929s] -- Found Python3: /usr/bin/python3 (found version "3.10.12") found components: Interpreter 
[1.133s] -- Found rclcpp: 16.0.11 (/opt/ros/humble/share/rclcpp/cmake)
[1.213s] -- Found rosidl_generator_c: 3.1.6 (/opt/ros/humble/share/rosidl_generator_c/cmake)
[1.221s] -- Found rosidl_adapter: 3.1.6 (/opt/ros/humble/share/rosidl_adapter/cmake)
[1.233s] -- Found rosidl_generator_cpp: 3.1.6 (/opt/ros/humble/share/rosidl_generator_cpp/cmake)
[1.253s] -- Using all available rosidl_typesupport_c: rosidl_typesupport_fastrtps_c;rosidl_typesupport_introspection_c
[1.277s] -- Using all available rosidl_typesupport_cpp: rosidl_typesupport_fastrtps_cpp;rosidl_typesupport_introspection_cpp
[1.341s] -- Found rmw_implementation_cmake: 6.1.2 (/opt/ros/humble/share/rmw_implementation_cmake/cmake)
[1.346s] -- Found rmw_fastrtps_cpp: 6.2.7 (/opt/ros/humble/share/rmw_fastrtps_cpp/cmake)
[1.515s] -- Found OpenSSL: /usr/lib/aarch64-linux-gnu/libcrypto.so (found version "3.0.2")  
[1.582s] -- Found FastRTPS: /opt/ros/humble/include  
[1.658s] -- Using RMW implementation 'rmw_fastrtps_cpp' as default
[1.672s] -- Looking for pthread.h
[1.796s] -- Looking for pthread.h - found
[1.797s] -- Performing Test CMAKE_HAVE_LIBC_PTHREAD
[1.931s] -- Performing Test CMAKE_HAVE_LIBC_PTHREAD - Success
[1.934s] -- Found Threads: TRUE  
[2.079s] -- Checking for module 'eigen3'
[2.108s] --   Found eigen3, version 3.4.0
[2.185s] -- Found Eigen: /usr/include/eigen3 (Required is at least version "3.1") 
[2.186s] -- Eigen found (include: /usr/include/eigen3, version: 3.4.0)
[2.237s] -- Found Boost: /usr/lib/aarch64-linux-gnu/cmake/Boost-1.74.0/BoostConfig.cmake (found suitable version "1.74.0", minimum required is "1.65.0") found components: system filesystem date_time iostreams serialization 
[2.269s] -- Checking for module 'flann'
[2.297s] --   Found flann, version 1.9.1
[2.390s] -- Found FLANN: /usr/lib/aarch64-linux-gnu/libflann_cpp.so  
[2.390s] -- FLANN found (include: /usr/include, lib: /usr/lib/aarch64-linux-gnu/libflann_cpp.so)
[2.453s] -- Found GLEW: /usr/lib/aarch64-linux-gnu/libGLEW.so  
[2.463s] -- Found OpenGL: /usr/lib/aarch64-linux-gnu/libOpenGL.so  found components: OpenGL GLX 
[2.725s] -- Found MPI_C: /usr/lib/aarch64-linux-gnu/libmpi.so (found version "3.1") 
[2.726s] -- Found MPI: TRUE (found version "3.1") found components: C 
[2.734s] -- Found JsonCpp: /usr/lib/aarch64-linux-gnu/libjsoncpp.so (found suitable version "1.9.5", minimum required is "0.7.0") 
[2.769s] -- Found ZLIB: /usr/lib/aarch64-linux-gnu/libz.so (found version "1.2.11") 
[2.812s] -- Found PNG: /usr/lib/aarch64-linux-gnu/libpng.so (found version "1.6.37") 
[2.832s] -- Found Eigen3: /usr/include/eigen3 (found version "3.4.0") 
[3.015s] -- Found X11: /usr/include   
[3.016s] -- Looking for XOpenDisplay in /usr/lib/aarch64-linux-gnu/libX11.so;/usr/lib/aarch64-linux-gnu/libXext.so
[3.165s] -- Looking for XOpenDisplay in /usr/lib/aarch64-linux-gnu/libX11.so;/usr/lib/aarch64-linux-gnu/libXext.so - found
[3.167s] -- Looking for gethostbyname
[3.303s] -- Looking for gethostbyname - found
[3.304s] -- Looking for connect
[3.443s] -- Looking for connect - found
[3.443s] -- Looking for remove
[3.581s] -- Looking for remove - found
[3.581s] -- Looking for shmat
[3.725s] -- Looking for shmat - found
[3.726s] -- Looking for IceConnectionNumber in ICE
[3.875s] -- Looking for IceConnectionNumber in ICE - found
[4.082s] -- Found EXPAT: /usr/lib/aarch64-linux-gnu/libexpat.so (found version "2.4.7") 
[4.088s] -- Found double-conversion: /usr/lib/aarch64-linux-gnu/libdouble-conversion.so  
[4.096s] -- Found LZ4: /usr/lib/aarch64-linux-gnu/liblz4.so (found version "1.9.3") 
[4.100s] -- Found LZMA: /usr/lib/aarch64-linux-gnu/liblzma.so (found version "5.2.5") 
[4.130s] -- Found JPEG: /usr/lib/aarch64-linux-gnu/libjpeg.so (found version "80") 
[4.141s] -- Found TIFF: /usr/lib/aarch64-linux-gnu/libtiff.so (found version "4.3.0")  
[4.151s] -- Found Freetype: /usr/lib/aarch64-linux-gnu/libfreetype.so (found version "2.11.1") 
[4.163s] -- Found utf8cpp: /usr/include/utf8cpp  
[4.330s] -- Checking for module 'libusb-1.0'
[4.366s] --   Found libusb-1.0, version 1.0.25
[4.449s] -- Found libusb: /usr/lib/aarch64-linux-gnu/libusb-1.0.so  
[4.453s] -- Found OpenNI: /usr/lib/libOpenNI.so;libusb::libusb (found version "1.5.4.0") 
[4.453s] -- OpenNI found (version: 1.5.4.0, include: /usr/include/ni, lib: /usr/lib/libOpenNI.so;libusb::libusb)
[4.598s] -- Found OpenNI2: /usr/lib/aarch64-linux-gnu/libOpenNI2.so;libusb::libusb (found version "2.2.0.33") 
[4.598s] -- OpenNI2 found (version: 2.2.0.33, include: /usr/include/openni2, lib: /usr/lib/aarch64-linux-gnu/libOpenNI2.so;libusb::libusb)
[4.599s] [0m** WARNING ** io features related to pcap will be disabled[0m
[4.860s] -- Eigen found (include: /usr/include/eigen3, version: 3.4.0)
[4.875s] -- OpenNI found (version: 1.5.4.0, include: /usr/include/ni, lib: /usr/lib/libOpenNI.so;libusb::libusb)
[4.886s] -- OpenNI2 found (version: 2.2.0.33, include: /usr/include/openni2, lib: /usr/lib/aarch64-linux-gnu/libOpenNI2.so;libusb::libusb)
[5.109s] -- Found Qhull version 8.0.2
[5.334s] -- OpenNI found (version: 1.5.4.0, include: /usr/include/ni, lib: /usr/lib/libOpenNI.so;libusb::libusb)
[5.557s] -- looking for PCL_COMMON
[5.559s] -- Found PCL_COMMON: /usr/lib/aarch64-linux-gnu/libpcl_common.so  
[5.560s] -- looking for PCL_KDTREE
[5.562s] -- Found PCL_KDTREE: /usr/lib/aarch64-linux-gnu/libpcl_kdtree.so  
[5.562s] -- looking for PCL_OCTREE
[5.563s] -- Found PCL_OCTREE: /usr/lib/aarch64-linux-gnu/libpcl_octree.so  
[5.563s] -- looking for PCL_SEARCH
[5.565s] -- Found PCL_SEARCH: /usr/lib/aarch64-linux-gnu/libpcl_search.so  
[5.565s] -- looking for PCL_SAMPLE_CONSENSUS
[5.566s] -- Found PCL_SAMPLE_CONSENSUS: /usr/lib/aarch64-linux-gnu/libpcl_sample_consensus.so  
[5.566s] -- looking for PCL_FILTERS
[5.567s] -- Found PCL_FILTERS: /usr/lib/aarch64-linux-gnu/libpcl_filters.so  
[5.568s] -- looking for PCL_2D
[5.568s] -- Found PCL_2D: /usr/include/pcl-1.12  
[5.568s] -- looking for PCL_GEOMETRY
[5.569s] -- Found PCL_GEOMETRY: /usr/include/pcl-1.12  
[5.569s] -- looking for PCL_IO
[5.570s] -- Found PCL_IO: /usr/lib/aarch64-linux-gnu/libpcl_io.so  
[5.570s] -- looking for PCL_FEATURES
[5.571s] -- Found PCL_FEATURES: /usr/lib/aarch64-linux-gnu/libpcl_features.so  
[5.572s] -- looking for PCL_ML
[5.573s] -- Found PCL_ML: /usr/lib/aarch64-linux-gnu/libpcl_ml.so  
[5.573s] -- looking for PCL_SEGMENTATION
[5.575s] -- Found PCL_SEGMENTATION: /usr/lib/aarch64-linux-gnu/libpcl_segmentation.so  
[5.575s] -- looking for PCL_VISUALIZATION
[5.576s] -- Found PCL_VISUALIZATION: /usr/lib/aarch64-linux-gnu/libpcl_visualization.so  
[5.577s] -- looking for PCL_SURFACE
[5.578s] -- Found PCL_SURFACE: /usr/lib/aarch64-linux-gnu/libpcl_surface.so  
[5.578s] -- looking for PCL_REGISTRATION
[5.579s] -- Found PCL_REGISTRATION: /usr/lib/aarch64-linux-gnu/libpcl_registration.so  
[5.579s] -- looking for PCL_KEYPOINTS
[5.581s] -- Found PCL_KEYPOINTS: /usr/lib/aarch64-linux-gnu/libpcl_keypoints.so  
[5.581s] -- looking for PCL_TRACKING
[5.582s] -- Found PCL_TRACKING: /usr/lib/aarch64-linux-gnu/libpcl_tracking.so  
[5.582s] -- looking for PCL_RECOGNITION
[5.583s] -- Found PCL_RECOGNITION: /usr/lib/aarch64-linux-gnu/libpcl_recognition.so  
[5.584s] -- looking for PCL_STEREO
[5.585s] -- Found PCL_STEREO: /usr/lib/aarch64-linux-gnu/libpcl_stereo.so  
[5.585s] -- looking for PCL_APPS
[5.586s] -- Found PCL_APPS: /usr/lib/aarch64-linux-gnu/libpcl_apps.so  
[5.587s] -- looking for PCL_IN_HAND_SCANNER
[5.588s] -- Found PCL_IN_HAND_SCANNER: /usr/include/pcl-1.12  
[5.588s] -- looking for PCL_MODELER
[5.588s] -- Found PCL_MODELER: /usr/include/pcl-1.12  
[5.588s] -- looking for PCL_POINT_CLOUD_EDITOR
[5.589s] -- Found PCL_POINT_CLOUD_EDITOR: /usr/include/pcl-1.12  
[5.589s] -- looking for PCL_OUTOFCORE
[5.590s] -- Found PCL_OUTOFCORE: /usr/lib/aarch64-linux-gnu/libpcl_outofcore.so  
[5.591s] -- looking for PCL_PEOPLE
[5.592s] -- Found PCL_PEOPLE: /usr/lib/aarch64-linux-gnu/libpcl_people.so  
[5.593s] -- Found PCL: pcl_common;pcl_kdtree;pcl_octree;pcl_search;pcl_sample_consensus;pcl_filters;pcl_io;pcl_features;pcl_ml;pcl_segmentation;pcl_visualization;pcl_surface;pcl_registration;pcl_keypoints;pcl_tracking;pcl_recognition;pcl_stereo;pcl_apps;pcl_outofcore;pcl_people;Boost::system;Boost::filesystem;Boost::date_time;Boost::iostreams;Boost::serialization;/usr/lib/libOpenNI.so;libusb::libusb;/usr/lib/aarch64-linux-gnu/libOpenNI2.so;libusb::libusb;VTK::ChartsCore;VTK::CommonColor;VTK::CommonComputationalGeometry;VTK::CommonCore;VTK::CommonDataModel;VTK::CommonExecutionModel;VTK::CommonMath;VTK::CommonMisc;VTK::CommonTransforms;VTK::FiltersCore;VTK::FiltersExtraction;VTK::FiltersGeneral;VTK::FiltersGeometry;VTK::FiltersModeling;VTK::FiltersSources;VTK::ImagingCore;VTK::ImagingSources;VTK::InteractionImage;VTK::InteractionStyle;VTK::InteractionWidgets;VTK::IOCore;VTK::IOGeometry;VTK::IOImage;VTK::IOLegacy;VTK::IOPLY;VTK::RenderingAnnotation;VTK::RenderingCore;VTK::RenderingContext2D;VTK::RenderingLOD;VTK::RenderingFreeType;VTK::ViewsCore;VTK::ViewsContext2D;VTK::RenderingOpenGL2;VTK::GUISupportQt;FLANN::FLANN;QHULL::QHULL  
[5.596s] -- Found diagnostic_updater: 4.0.2 (/opt/ros/humble/share/diagnostic_updater/cmake)
[5.625s] -- Found lslidar_msgs: 1.2.0 (/home/nvidia/2d_slam/src/install/lslidar_msgs/share/lslidar_msgs/cmake)
[5.647s] -- Found pluginlib: 5.1.0 (/opt/ros/humble/share/pluginlib/cmake)
[5.691s] -- Found pcl_conversions: 2.4.5 (/opt/ros/humble/share/pcl_conversions/cmake)
[5.794s] -- Found Boost: /usr/lib/aarch64-linux-gnu/cmake/Boost-1.74.0/BoostConfig.cmake (found version "1.74.0") found components: thread 
[5.804s] -- Found PkgConfig: /usr/bin/pkg-config (found version "0.29.2") 
[5.807s] -- Found ros2_control: 2.48.0 (/opt/ros/humble/share/ros2_control/cmake)
[5.810s] -- Found controller_manager: 2.48.0 (/opt/ros/humble/share/controller_manager/cmake)
[6.018s] -- Checking for module 'libpcap'
[6.047s] --   Found libpcap, version 1.10.1
[6.310s] -- Configuring done
[6.477s] -- Generating done
[6.503s] -- Build files have been written to: /home/nvidia/2d_slam/src/build/lslidar_driver
[6.551s] Invoked command in '/home/nvidia/2d_slam/src/build/lslidar_driver' returned '0': AMENT_PREFIX_PATH=/home/nvidia/2d_slam/src/install/lslidar_msgs:${AMENT_PREFIX_PATH} CMAKE_PREFIX_PATH=/home/nvidia/2d_slam/src/install/lslidar_msgs:/usr/share/gazebo-11/cmake:/usr/share/gazebo/cmake:/opt/ros/humble LD_LIBRARY_PATH=/home/nvidia/2d_slam/src/install/lslidar_msgs/lib:${LD_LIBRARY_PATH} PYTHONPATH=/home/nvidia/2d_slam/src/install/lslidar_msgs/local/lib/python3.10/dist-packages:${PYTHONPATH} /usr/bin/cmake /home/nvidia/2d_slam/src/LSLIDAR_X_ROS2-20240228/src/lslidar_driver -DCMAKE_INSTALL_PREFIX=/home/nvidia/2d_slam/src/install/lslidar_driver
[6.557s] Invoking command in '/home/nvidia/2d_slam/src/build/lslidar_driver': AMENT_PREFIX_PATH=/home/nvidia/2d_slam/src/install/lslidar_msgs:${AMENT_PREFIX_PATH} CMAKE_PREFIX_PATH=/home/nvidia/2d_slam/src/install/lslidar_msgs:/usr/share/gazebo-11/cmake:/usr/share/gazebo/cmake:/opt/ros/humble LD_LIBRARY_PATH=/home/nvidia/2d_slam/src/install/lslidar_msgs/lib:${LD_LIBRARY_PATH} PYTHONPATH=/home/nvidia/2d_slam/src/install/lslidar_msgs/local/lib/python3.10/dist-packages:${PYTHONPATH} /usr/bin/cmake --build /home/nvidia/2d_slam/src/build/lslidar_driver -- -j8 -l8
[6.681s] [ 60%] [32mBuilding CXX object CMakeFiles/lslidar_driver_node.dir/src/input.cc.o[0m
[6.681s] [ 60%] [32mBuilding CXX object CMakeFiles/lslidar_driver_node.dir/src/lsiosr.cpp.o[0m
[6.681s] [ 60%] [32mBuilding CXX object CMakeFiles/lslidar_driver_node.dir/src/lslidar_driver_node.cc.o[0m
[6.683s] [ 80%] [32mBuilding CXX object CMakeFiles/lslidar_driver_node.dir/src/lslidar_driver.cc.o[0m
[35.472s] [100%] [32m[1mLinking CXX executable lslidar_driver_node[0m
[40.544s] [100%] Built target lslidar_driver_node
[40.567s] Invoked command in '/home/nvidia/2d_slam/src/build/lslidar_driver' returned '0': AMENT_PREFIX_PATH=/home/nvidia/2d_slam/src/install/lslidar_msgs:${AMENT_PREFIX_PATH} CMAKE_PREFIX_PATH=/home/nvidia/2d_slam/src/install/lslidar_msgs:/usr/share/gazebo-11/cmake:/usr/share/gazebo/cmake:/opt/ros/humble LD_LIBRARY_PATH=/home/nvidia/2d_slam/src/install/lslidar_msgs/lib:${LD_LIBRARY_PATH} PYTHONPATH=/home/nvidia/2d_slam/src/install/lslidar_msgs/local/lib/python3.10/dist-packages:${PYTHONPATH} /usr/bin/cmake --build /home/nvidia/2d_slam/src/build/lslidar_driver -- -j8 -l8
[40.573s] Invoking command in '/home/nvidia/2d_slam/src/build/lslidar_driver': AMENT_PREFIX_PATH=/home/nvidia/2d_slam/src/install/lslidar_msgs:${AMENT_PREFIX_PATH} CMAKE_PREFIX_PATH=/home/nvidia/2d_slam/src/install/lslidar_msgs:/usr/share/gazebo-11/cmake:/usr/share/gazebo/cmake:/opt/ros/humble LD_LIBRARY_PATH=/home/nvidia/2d_slam/src/install/lslidar_msgs/lib:${LD_LIBRARY_PATH} PYTHONPATH=/home/nvidia/2d_slam/src/install/lslidar_msgs/local/lib/python3.10/dist-packages:${PYTHONPATH} /usr/bin/cmake --install /home/nvidia/2d_slam/src/build/lslidar_driver
[40.589s] -- Install configuration: ""
[40.589s] -- Installing: /home/nvidia/2d_slam/src/install/lslidar_driver/share/lslidar_driver/launch
[40.590s] -- Installing: /home/nvidia/2d_slam/src/install/lslidar_driver/share/lslidar_driver/launch/lslidar_interface.launch.py
[40.590s] -- Installing: /home/nvidia/2d_slam/src/install/lslidar_driver/share/lslidar_driver/launch/viewer_scan_launch.py
[40.590s] -- Installing: /home/nvidia/2d_slam/src/install/lslidar_driver/share/lslidar_driver/launch/lsn10_net_launch.py
[40.590s] -- Installing: /home/nvidia/2d_slam/src/install/lslidar_driver/share/lslidar_driver/launch/lsn10p_launch.py
[40.590s] -- Installing: /home/nvidia/2d_slam/src/install/lslidar_driver/share/lslidar_driver/launch/lsn10_launch.py
[40.591s] -- Installing: /home/nvidia/2d_slam/src/install/lslidar_driver/share/lslidar_driver/launch/lsm10_net_launch.py
[40.591s] -- Installing: /home/nvidia/2d_slam/src/install/lslidar_driver/share/lslidar_driver/launch/lsm10_uart_launch.py
[40.591s] -- Installing: /home/nvidia/2d_slam/src/install/lslidar_driver/share/lslidar_driver/launch/lsm10p_net_launch.py
[40.591s] -- Installing: /home/nvidia/2d_slam/src/install/lslidar_driver/share/lslidar_driver/launch/lslidar_double_launch.py
[40.591s] -- Installing: /home/nvidia/2d_slam/src/install/lslidar_driver/share/lslidar_driver/launch/lsm10p_uart_launch.py
[40.591s] -- Installing: /home/nvidia/2d_slam/src/install/lslidar_driver/share/lslidar_driver/launch/lsn10p_net_launch.py
[40.591s] -- Installing: /home/nvidia/2d_slam/src/install/lslidar_driver/share/lslidar_driver/params
[40.592s] -- Installing: /home/nvidia/2d_slam/src/install/lslidar_driver/share/lslidar_driver/params/lidar_net_ros2
[40.592s] -- Installing: /home/nvidia/2d_slam/src/install/lslidar_driver/share/lslidar_driver/params/lidar_net_ros2/lsn10p_net.yaml
[40.592s] -- Installing: /home/nvidia/2d_slam/src/install/lslidar_driver/share/lslidar_driver/params/lidar_net_ros2/lsn10_net.yaml
[40.592s] -- Installing: /home/nvidia/2d_slam/src/install/lslidar_driver/share/lslidar_driver/params/lidar_net_ros2/lsm10p_net.yaml
[40.592s] -- Installing: /home/nvidia/2d_slam/src/install/lslidar_driver/share/lslidar_driver/params/lidar_net_ros2/lsm10_net.yaml
[40.592s] -- Installing: /home/nvidia/2d_slam/src/install/lslidar_driver/share/lslidar_driver/params/lidar_uart_ros2
[40.593s] -- Installing: /home/nvidia/2d_slam/src/install/lslidar_driver/share/lslidar_driver/params/lidar_uart_ros2/lsn10p.yaml
[40.593s] -- Installing: /home/nvidia/2d_slam/src/install/lslidar_driver/share/lslidar_driver/params/lidar_uart_ros2/lsm10.yaml
[40.593s] -- Installing: /home/nvidia/2d_slam/src/install/lslidar_driver/share/lslidar_driver/params/lidar_uart_ros2/lsm10_p.yaml
[40.593s] -- Installing: /home/nvidia/2d_slam/src/install/lslidar_driver/share/lslidar_driver/params/lidar_uart_ros2/lsn10.yaml
[40.593s] -- Installing: /home/nvidia/2d_slam/src/install/lslidar_driver/share/lslidar_driver/rviz
[40.593s] -- Installing: /home/nvidia/2d_slam/src/install/lslidar_driver/share/lslidar_driver/rviz/lslidar.rviz
[40.594s] -- Installing: /home/nvidia/2d_slam/src/install/lslidar_driver/lib/lslidar_driver/lslidar_driver_node
[40.604s] -- Set runtime path of "/home/nvidia/2d_slam/src/install/lslidar_driver/lib/lslidar_driver/lslidar_driver_node" to ""
[40.604s] -- Up-to-date: /home/nvidia/2d_slam/src/install/lslidar_driver/share/lslidar_driver/launch
[40.604s] -- Up-to-date: /home/nvidia/2d_slam/src/install/lslidar_driver/share/lslidar_driver/launch/lslidar_interface.launch.py
[40.604s] -- Up-to-date: /home/nvidia/2d_slam/src/install/lslidar_driver/share/lslidar_driver/launch/viewer_scan_launch.py
[40.604s] -- Up-to-date: /home/nvidia/2d_slam/src/install/lslidar_driver/share/lslidar_driver/launch/lsn10_net_launch.py
[40.604s] -- Up-to-date: /home/nvidia/2d_slam/src/install/lslidar_driver/share/lslidar_driver/launch/lsn10p_launch.py
[40.605s] -- Up-to-date: /home/nvidia/2d_slam/src/install/lslidar_driver/share/lslidar_driver/launch/lsn10_launch.py
[40.605s] -- Up-to-date: /home/nvidia/2d_slam/src/install/lslidar_driver/share/lslidar_driver/launch/lsm10_net_launch.py
[40.605s] -- Up-to-date: /home/nvidia/2d_slam/src/install/lslidar_driver/share/lslidar_driver/launch/lsm10_uart_launch.py
[40.605s] -- Up-to-date: /home/nvidia/2d_slam/src/install/lslidar_driver/share/lslidar_driver/launch/lsm10p_net_launch.py
[40.605s] -- Up-to-date: /home/nvidia/2d_slam/src/install/lslidar_driver/share/lslidar_driver/launch/lslidar_double_launch.py
[40.605s] -- Up-to-date: /home/nvidia/2d_slam/src/install/lslidar_driver/share/lslidar_driver/launch/lsm10p_uart_launch.py
[40.605s] -- Up-to-date: /home/nvidia/2d_slam/src/install/lslidar_driver/share/lslidar_driver/launch/lsn10p_net_launch.py
[40.605s] -- Installing: /home/nvidia/2d_slam/src/install/lslidar_driver/share/ament_index/resource_index/package_run_dependencies/lslidar_driver
[40.605s] -- Installing: /home/nvidia/2d_slam/src/install/lslidar_driver/share/ament_index/resource_index/parent_prefix_path/lslidar_driver
[40.606s] -- Installing: /home/nvidia/2d_slam/src/install/lslidar_driver/share/lslidar_driver/environment/ament_prefix_path.sh
[40.606s] -- Installing: /home/nvidia/2d_slam/src/install/lslidar_driver/share/lslidar_driver/environment/ament_prefix_path.dsv
[40.606s] -- Installing: /home/nvidia/2d_slam/src/install/lslidar_driver/share/lslidar_driver/environment/path.sh
[40.606s] -- Installing: /home/nvidia/2d_slam/src/install/lslidar_driver/share/lslidar_driver/environment/path.dsv
[40.606s] -- Installing: /home/nvidia/2d_slam/src/install/lslidar_driver/share/lslidar_driver/local_setup.bash
[40.606s] -- Installing: /home/nvidia/2d_slam/src/install/lslidar_driver/share/lslidar_driver/local_setup.sh
[40.606s] -- Installing: /home/nvidia/2d_slam/src/install/lslidar_driver/share/lslidar_driver/local_setup.zsh
[40.607s] -- Installing: /home/nvidia/2d_slam/src/install/lslidar_driver/share/lslidar_driver/local_setup.dsv
[40.607s] -- Installing: /home/nvidia/2d_slam/src/install/lslidar_driver/share/lslidar_driver/package.dsv
[40.607s] -- Installing: /home/nvidia/2d_slam/src/install/lslidar_driver/share/ament_index/resource_index/packages/lslidar_driver
[40.607s] -- Installing: /home/nvidia/2d_slam/src/install/lslidar_driver/share/lslidar_driver/cmake/ament_cmake_export_dependencies-extras.cmake
[40.608s] -- Installing: /home/nvidia/2d_slam/src/install/lslidar_driver/share/lslidar_driver/cmake/ament_cmake_export_include_directories-extras.cmake
[40.608s] -- Installing: /home/nvidia/2d_slam/src/install/lslidar_driver/share/lslidar_driver/cmake/lslidar_driverConfig.cmake
[40.608s] -- Installing: /home/nvidia/2d_slam/src/install/lslidar_driver/share/lslidar_driver/cmake/lslidar_driverConfig-version.cmake
[40.608s] -- Installing: /home/nvidia/2d_slam/src/install/lslidar_driver/share/lslidar_driver/package.xml
[40.614s] Invoked command in '/home/nvidia/2d_slam/src/build/lslidar_driver' returned '0': AMENT_PREFIX_PATH=/home/nvidia/2d_slam/src/install/lslidar_msgs:${AMENT_PREFIX_PATH} CMAKE_PREFIX_PATH=/home/nvidia/2d_slam/src/install/lslidar_msgs:/usr/share/gazebo-11/cmake:/usr/share/gazebo/cmake:/opt/ros/humble LD_LIBRARY_PATH=/home/nvidia/2d_slam/src/install/lslidar_msgs/lib:${LD_LIBRARY_PATH} PYTHONPATH=/home/nvidia/2d_slam/src/install/lslidar_msgs/local/lib/python3.10/dist-packages:${PYTHONPATH} /usr/bin/cmake --install /home/nvidia/2d_slam/src/build/lslidar_driver
