[0.014s] Invoking command in '/home/nvidia/roadRunner/2d_slam/build/lslidar_driver': AMENT_PREFIX_PATH=/home/nvidia/2d_slam/install/lslidar_msgs:${AMENT_PREFIX_PATH} CMAKE_PREFIX_PATH=/home/nvidia/roadRunner/2d_slam/install/lslidar_msgs:/home/nvidia/roadRunner/2d_slam/install/lslidar_driver:/home/nvidia/roadRunner/2d_slam/install/fishbot_cartographer:/home/nvidia/DDSM_ws/install/camera_publisher:/home/nvidia/DDSM_ws/install/robot_nav:/home/nvidia/DDSM_ws/install/robot_control:/opt/ros/humble LD_LIBRARY_PATH=/home/nvidia/2d_slam/install/lslidar_msgs/lib:${LD_LIBRARY_PATH} PYTHONPATH=/home/nvidia/2d_slam/install/lslidar_msgs/local/lib/python3.10/dist-packages:${PYTHONPATH} /usr/bin/cmake --build /home/nvidia/roadRunner/2d_slam/build/lslidar_driver -- -j8 -l8
[0.028s] [0mCMake Error: The current CMakeCache.txt directory /home/nvidia/roadRunner/2d_slam/build/lslidar_driver/CMakeCache.txt is different than the directory /home/nvidia/2d_slam/build/lslidar_driver where CMakeCache.txt was created. This may result in binaries being created in the wrong place. If you are not sure, reedit the CMakeCache.txt[0m
[0.057s] -- Found ament_cmake: 1.3.11 (/opt/ros/humble/share/ament_cmake/cmake)
[0.298s] -- Found rclcpp: 16.0.11 (/opt/ros/humble/share/rclcpp/cmake)
[0.370s] -- Found rosidl_generator_c: 3.1.6 (/opt/ros/humble/share/rosidl_generator_c/cmake)
[0.375s] -- Found rosidl_adapter: 3.1.6 (/opt/ros/humble/share/rosidl_adapter/cmake)
[0.384s] -- Found rosidl_generator_cpp: 3.1.6 (/opt/ros/humble/share/rosidl_generator_cpp/cmake)
[0.399s] -- Using all available rosidl_typesupport_c: rosidl_typesupport_fastrtps_c;rosidl_typesupport_introspection_c
[0.418s] -- Using all available rosidl_typesupport_cpp: rosidl_typesupport_fastrtps_cpp;rosidl_typesupport_introspection_cpp
[0.464s] -- Found rmw_implementation_cmake: 6.1.2 (/opt/ros/humble/share/rmw_implementation_cmake/cmake)
[0.467s] -- Found rmw_fastrtps_cpp: 6.2.7 (/opt/ros/humble/share/rmw_fastrtps_cpp/cmake)
[0.628s] -- Using RMW implementation 'rmw_fastrtps_cpp' as default
[0.718s] -- Eigen found (include: /usr/include/eigen3, version: 3.4.0)
[0.730s] -- Found Boost: /usr/lib/aarch64-linux-gnu/cmake/Boost-1.74.0/BoostConfig.cmake (found suitable version "1.74.0", minimum required is "1.65.0") found components: system filesystem date_time iostreams serialization 
[0.767s] -- FLANN found (include: /usr/include, lib: /usr/lib/aarch64-linux-gnu/libflann_cpp.so)
[1.261s] -- OpenNI found (version: 1.5.4.0, include: /usr/include/ni, lib: /usr/lib/libOpenNI.so;libusb::libusb)
[1.272s] -- OpenNI2 found (version: 2.2.0.33, include: /usr/include/openni2, lib: /usr/lib/aarch64-linux-gnu/libOpenNI2.so;libusb::libusb)
[1.508s] -- Eigen found (include: /usr/include/eigen3, version: 3.4.0)
[1.518s] -- OpenNI found (version: 1.5.4.0, include: /usr/include/ni, lib: /usr/lib/libOpenNI.so;libusb::libusb)
[1.526s] -- OpenNI2 found (version: 2.2.0.33, include: /usr/include/openni2, lib: /usr/lib/aarch64-linux-gnu/libOpenNI2.so;libusb::libusb)
[1.727s] -- Found Qhull version 8.0.2
[1.944s] -- OpenNI found (version: 1.5.4.0, include: /usr/include/ni, lib: /usr/lib/libOpenNI.so;libusb::libusb)
[2.147s] -- looking for PCL_COMMON
[2.147s] -- looking for PCL_KDTREE
[2.148s] -- looking for PCL_OCTREE
[2.148s] -- looking for PCL_SEARCH
[2.149s] -- looking for PCL_SAMPLE_CONSENSUS
[2.150s] -- looking for PCL_FILTERS
[2.150s] -- looking for PCL_2D
[2.150s] -- looking for PCL_GEOMETRY
[2.151s] -- looking for PCL_IO
[2.151s] -- looking for PCL_FEATURES
[2.152s] -- looking for PCL_ML
[2.152s] -- looking for PCL_SEGMENTATION
[2.153s] -- looking for PCL_VISUALIZATION
[2.154s] -- looking for PCL_SURFACE
[2.154s] -- looking for PCL_REGISTRATION
[2.155s] -- looking for PCL_KEYPOINTS
[2.155s] -- looking for PCL_TRACKING
[2.156s] -- looking for PCL_RECOGNITION
[2.156s] -- looking for PCL_STEREO
[2.157s] -- looking for PCL_APPS
[2.158s] -- looking for PCL_IN_HAND_SCANNER
[2.158s] -- looking for PCL_MODELER
[2.159s] -- looking for PCL_POINT_CLOUD_EDITOR
[2.159s] -- looking for PCL_OUTOFCORE
[2.160s] -- looking for PCL_PEOPLE
[2.162s] -- Found diagnostic_updater: 4.0.2 (/opt/ros/humble/share/diagnostic_updater/cmake)
[2.186s] -- Found lslidar_msgs: 1.2.0 (/home/nvidia/2d_slam/install/lslidar_msgs/share/lslidar_msgs/cmake)
[2.207s] -- Found pluginlib: 5.1.0 (/opt/ros/humble/share/pluginlib/cmake)
[2.232s] -- Found pcl_conversions: 2.4.5 (/opt/ros/humble/share/pcl_conversions/cmake)
[2.319s] -- Found Boost: /usr/lib/aarch64-linux-gnu/cmake/Boost-1.74.0/BoostConfig.cmake (found version "1.74.0") found components: thread 
[2.327s] -- Found ros2_control: 2.48.0 (/opt/ros/humble/share/ros2_control/cmake)
[2.327s] -- Found controller_manager: 2.48.0 (/opt/ros/humble/share/controller_manager/cmake)
[2.655s] -- Configuring done
[2.815s] -- Generating done
[2.842s] -- Build files have been written to: /home/nvidia/2d_slam/build/lslidar_driver
[2.929s] [35m[1mConsolidate compiler generated dependencies of target lslidar_driver_node[0m
[2.998s] [100%] Built target lslidar_driver_node
[3.017s] Invoked command in '/home/nvidia/roadRunner/2d_slam/build/lslidar_driver' returned '0': AMENT_PREFIX_PATH=/home/nvidia/2d_slam/install/lslidar_msgs:${AMENT_PREFIX_PATH} CMAKE_PREFIX_PATH=/home/nvidia/roadRunner/2d_slam/install/lslidar_msgs:/home/nvidia/roadRunner/2d_slam/install/lslidar_driver:/home/nvidia/roadRunner/2d_slam/install/fishbot_cartographer:/home/nvidia/DDSM_ws/install/camera_publisher:/home/nvidia/DDSM_ws/install/robot_nav:/home/nvidia/DDSM_ws/install/robot_control:/opt/ros/humble LD_LIBRARY_PATH=/home/nvidia/2d_slam/install/lslidar_msgs/lib:${LD_LIBRARY_PATH} PYTHONPATH=/home/nvidia/2d_slam/install/lslidar_msgs/local/lib/python3.10/dist-packages:${PYTHONPATH} /usr/bin/cmake --build /home/nvidia/roadRunner/2d_slam/build/lslidar_driver -- -j8 -l8
[3.019s] Invoking command in '/home/nvidia/roadRunner/2d_slam/build/lslidar_driver': AMENT_PREFIX_PATH=/home/nvidia/2d_slam/install/lslidar_msgs:${AMENT_PREFIX_PATH} CMAKE_PREFIX_PATH=/home/nvidia/roadRunner/2d_slam/install/lslidar_msgs:/home/nvidia/roadRunner/2d_slam/install/lslidar_driver:/home/nvidia/roadRunner/2d_slam/install/fishbot_cartographer:/home/nvidia/DDSM_ws/install/camera_publisher:/home/nvidia/DDSM_ws/install/robot_nav:/home/nvidia/DDSM_ws/install/robot_control:/opt/ros/humble LD_LIBRARY_PATH=/home/nvidia/2d_slam/install/lslidar_msgs/lib:${LD_LIBRARY_PATH} PYTHONPATH=/home/nvidia/2d_slam/install/lslidar_msgs/local/lib/python3.10/dist-packages:${PYTHONPATH} /usr/bin/cmake --install /home/nvidia/roadRunner/2d_slam/build/lslidar_driver
[3.030s] -- Install configuration: ""
[3.030s] -- Up-to-date: /home/nvidia/2d_slam/install/lslidar_driver/share/lslidar_driver/launch
[3.031s] -- Up-to-date: /home/nvidia/2d_slam/install/lslidar_driver/share/lslidar_driver/launch/lslidar_interface.launch.py
[3.031s] -- Up-to-date: /home/nvidia/2d_slam/install/lslidar_driver/share/lslidar_driver/launch/viewer_scan_launch.py
[3.031s] -- Up-to-date: /home/nvidia/2d_slam/install/lslidar_driver/share/lslidar_driver/launch/lsn10_net_launch.py
[3.031s] -- Up-to-date: /home/nvidia/2d_slam/install/lslidar_driver/share/lslidar_driver/launch/lsn10p_launch.py
[3.031s] -- Up-to-date: /home/nvidia/2d_slam/install/lslidar_driver/share/lslidar_driver/launch/lsn10_launch.py
[3.031s] -- Up-to-date: /home/nvidia/2d_slam/install/lslidar_driver/share/lslidar_driver/launch/lsm10_net_launch.py
[3.032s] -- Up-to-date: /home/nvidia/2d_slam/install/lslidar_driver/share/lslidar_driver/launch/lsm10_uart_launch.py
[3.032s] -- Up-to-date: /home/nvidia/2d_slam/install/lslidar_driver/share/lslidar_driver/launch/lsm10p_net_launch.py
[3.032s] -- Up-to-date: /home/nvidia/2d_slam/install/lslidar_driver/share/lslidar_driver/launch/lslidar_double_launch.py
[3.032s] -- Up-to-date: /home/nvidia/2d_slam/install/lslidar_driver/share/lslidar_driver/launch/lsm10p_uart_launch.py
[3.033s] -- Up-to-date: /home/nvidia/2d_slam/install/lslidar_driver/share/lslidar_driver/launch/lsn10p_net_launch.py
[3.033s] -- Up-to-date: /home/nvidia/2d_slam/install/lslidar_driver/share/lslidar_driver/params
[3.033s] -- Up-to-date: /home/nvidia/2d_slam/install/lslidar_driver/share/lslidar_driver/params/lidar_net_ros2
[3.033s] -- Up-to-date: /home/nvidia/2d_slam/install/lslidar_driver/share/lslidar_driver/params/lidar_net_ros2/lsn10p_net.yaml
[3.033s] -- Up-to-date: /home/nvidia/2d_slam/install/lslidar_driver/share/lslidar_driver/params/lidar_net_ros2/lsn10_net.yaml
[3.033s] -- Up-to-date: /home/nvidia/2d_slam/install/lslidar_driver/share/lslidar_driver/params/lidar_net_ros2/lsm10p_net.yaml
[3.033s] -- Up-to-date: /home/nvidia/2d_slam/install/lslidar_driver/share/lslidar_driver/params/lidar_net_ros2/lsm10_net.yaml
[3.033s] -- Up-to-date: /home/nvidia/2d_slam/install/lslidar_driver/share/lslidar_driver/params/lidar_uart_ros2
[3.034s] -- Up-to-date: /home/nvidia/2d_slam/install/lslidar_driver/share/lslidar_driver/params/lidar_uart_ros2/lsn10p.yaml
[3.034s] -- Up-to-date: /home/nvidia/2d_slam/install/lslidar_driver/share/lslidar_driver/params/lidar_uart_ros2/lsm10.yaml
[3.034s] -- Up-to-date: /home/nvidia/2d_slam/install/lslidar_driver/share/lslidar_driver/params/lidar_uart_ros2/lsm10_p.yaml
[3.034s] -- Up-to-date: /home/nvidia/2d_slam/install/lslidar_driver/share/lslidar_driver/params/lidar_uart_ros2/lsn10.yaml
[3.034s] -- Up-to-date: /home/nvidia/2d_slam/install/lslidar_driver/share/lslidar_driver/rviz
[3.034s] -- Up-to-date: /home/nvidia/2d_slam/install/lslidar_driver/share/lslidar_driver/rviz/lslidar.rviz
[3.034s] -- Up-to-date: /home/nvidia/2d_slam/install/lslidar_driver/lib/lslidar_driver/lslidar_driver_node
[3.034s] -- Up-to-date: /home/nvidia/2d_slam/install/lslidar_driver/share/lslidar_driver/launch
[3.034s] -- Up-to-date: /home/nvidia/2d_slam/install/lslidar_driver/share/lslidar_driver/launch/lslidar_interface.launch.py
[3.034s] -- Up-to-date: /home/nvidia/2d_slam/install/lslidar_driver/share/lslidar_driver/launch/viewer_scan_launch.py
[3.035s] -- Up-to-date: /home/nvidia/2d_slam/install/lslidar_driver/share/lslidar_driver/launch/lsn10_net_launch.py
[3.035s] -- Up-to-date: /home/nvidia/2d_slam/install/lslidar_driver/share/lslidar_driver/launch/lsn10p_launch.py
[3.035s] -- Up-to-date: /home/nvidia/2d_slam/install/lslidar_driver/share/lslidar_driver/launch/lsn10_launch.py
[3.035s] -- Up-to-date: /home/nvidia/2d_slam/install/lslidar_driver/share/lslidar_driver/launch/lsm10_net_launch.py
[3.035s] -- Up-to-date: /home/nvidia/2d_slam/install/lslidar_driver/share/lslidar_driver/launch/lsm10_uart_launch.py
[3.035s] -- Up-to-date: /home/nvidia/2d_slam/install/lslidar_driver/share/lslidar_driver/launch/lsm10p_net_launch.py
[3.035s] -- Up-to-date: /home/nvidia/2d_slam/install/lslidar_driver/share/lslidar_driver/launch/lslidar_double_launch.py
[3.035s] -- Up-to-date: /home/nvidia/2d_slam/install/lslidar_driver/share/lslidar_driver/launch/lsm10p_uart_launch.py
[3.036s] -- Up-to-date: /home/nvidia/2d_slam/install/lslidar_driver/share/lslidar_driver/launch/lsn10p_net_launch.py
[3.036s] -- Up-to-date: /home/nvidia/2d_slam/install/lslidar_driver/share/ament_index/resource_index/package_run_dependencies/lslidar_driver
[3.037s] -- Up-to-date: /home/nvidia/2d_slam/install/lslidar_driver/share/ament_index/resource_index/parent_prefix_path/lslidar_driver
[3.037s] -- Up-to-date: /home/nvidia/2d_slam/install/lslidar_driver/share/lslidar_driver/environment/ament_prefix_path.sh
[3.038s] -- Installing: /home/nvidia/2d_slam/install/lslidar_driver/share/lslidar_driver/environment/ament_prefix_path.dsv
[3.038s] -- Up-to-date: /home/nvidia/2d_slam/install/lslidar_driver/share/lslidar_driver/environment/path.sh
[3.038s] -- Installing: /home/nvidia/2d_slam/install/lslidar_driver/share/lslidar_driver/environment/path.dsv
[3.038s] -- Up-to-date: /home/nvidia/2d_slam/install/lslidar_driver/share/lslidar_driver/local_setup.bash
[3.038s] -- Up-to-date: /home/nvidia/2d_slam/install/lslidar_driver/share/lslidar_driver/local_setup.sh
[3.038s] -- Up-to-date: /home/nvidia/2d_slam/install/lslidar_driver/share/lslidar_driver/local_setup.zsh
[3.039s] -- Installing: /home/nvidia/2d_slam/install/lslidar_driver/share/lslidar_driver/local_setup.dsv
[3.039s] -- Installing: /home/nvidia/2d_slam/install/lslidar_driver/share/lslidar_driver/package.dsv
[3.039s] -- Up-to-date: /home/nvidia/2d_slam/install/lslidar_driver/share/ament_index/resource_index/packages/lslidar_driver
[3.039s] -- Up-to-date: /home/nvidia/2d_slam/install/lslidar_driver/share/lslidar_driver/cmake/ament_cmake_export_dependencies-extras.cmake
[3.039s] -- Up-to-date: /home/nvidia/2d_slam/install/lslidar_driver/share/lslidar_driver/cmake/ament_cmake_export_include_directories-extras.cmake
[3.040s] -- Up-to-date: /home/nvidia/2d_slam/install/lslidar_driver/share/lslidar_driver/cmake/lslidar_driverConfig.cmake
[3.040s] -- Up-to-date: /home/nvidia/2d_slam/install/lslidar_driver/share/lslidar_driver/cmake/lslidar_driverConfig-version.cmake
[3.040s] -- Up-to-date: /home/nvidia/2d_slam/install/lslidar_driver/share/lslidar_driver/package.xml
[3.040s] Invoked command in '/home/nvidia/roadRunner/2d_slam/build/lslidar_driver' returned '0': AMENT_PREFIX_PATH=/home/nvidia/2d_slam/install/lslidar_msgs:${AMENT_PREFIX_PATH} CMAKE_PREFIX_PATH=/home/nvidia/roadRunner/2d_slam/install/lslidar_msgs:/home/nvidia/roadRunner/2d_slam/install/lslidar_driver:/home/nvidia/roadRunner/2d_slam/install/fishbot_cartographer:/home/nvidia/DDSM_ws/install/camera_publisher:/home/nvidia/DDSM_ws/install/robot_nav:/home/nvidia/DDSM_ws/install/robot_control:/opt/ros/humble LD_LIBRARY_PATH=/home/nvidia/2d_slam/install/lslidar_msgs/lib:${LD_LIBRARY_PATH} PYTHONPATH=/home/nvidia/2d_slam/install/lslidar_msgs/local/lib/python3.10/dist-packages:${PYTHONPATH} /usr/bin/cmake --install /home/nvidia/roadRunner/2d_slam/build/lslidar_driver
