[0.046s] Invoking command in '/home/nvidia/fishbot_ws/src/build/fishbot_cartographer': CMAKE_PREFIX_PATH=${CMAKE_PREFIX_PATH}:/home/nvidia/fishbot_ws/src/install/fishbot_description:/opt/ros/humble /usr/bin/cmake /home/nvidia/fishbot_ws/src/fishbot_cartographer -DCMAKE_INSTALL_PREFIX=/home/nvidia/fishbot_ws/src/install/fishbot_cartographer
[0.134s] -- The C compiler identification is GNU 11.4.0
[0.233s] -- The CXX compiler identification is GNU 11.4.0
[0.250s] -- Detecting C compiler ABI info
[0.389s] -- Detecting C compiler ABI info - done
[0.401s] -- Check for working C compiler: /usr/bin/cc - skipped
[0.402s] -- Detecting C compile features
[0.402s] -- Detecting C compile features - done
[0.407s] -- Detecting CXX compiler ABI info
[0.572s] -- Detecting CXX compiler ABI info - done
[0.582s] -- Check for working CXX compiler: /usr/bin/c++ - skipped
[0.582s] -- Detecting CXX compile features
[0.583s] -- Detecting CXX compile features - done
[0.587s] -- Found ament_cmake: 1.3.11 (/opt/ros/humble/share/ament_cmake/cmake)
[0.886s] -- Found Python3: /usr/bin/python3 (found version "3.10.12") found components: Interpreter 
[1.071s] -- Found ament_lint_auto: 0.12.11 (/opt/ros/humble/share/ament_lint_auto/cmake)
[1.245s] -- Added test 'flake8' to check Python code syntax and style conventions
[1.248s] -- Added test 'lint_cmake' to check CMake code style
[1.251s] -- Added test 'pep257' to check Python code against some of the docstring style conventions in PEP 257
[1.253s] -- Added test 'xmllint' to check XML markup files
[1.255s] -- Configuring done
[1.261s] -- Generating done
[1.264s] -- Build files have been written to: /home/nvidia/fishbot_ws/src/build/fishbot_cartographer
[1.274s] Invoked command in '/home/nvidia/fishbot_ws/src/build/fishbot_cartographer' returned '0': CMAKE_PREFIX_PATH=${CMAKE_PREFIX_PATH}:/home/nvidia/fishbot_ws/src/install/fishbot_description:/opt/ros/humble /usr/bin/cmake /home/nvidia/fishbot_ws/src/fishbot_cartographer -DCMAKE_INSTALL_PREFIX=/home/nvidia/fishbot_ws/src/install/fishbot_cartographer
[1.278s] Invoking command in '/home/nvidia/fishbot_ws/src/build/fishbot_cartographer': CMAKE_PREFIX_PATH=${CMAKE_PREFIX_PATH}:/home/nvidia/fishbot_ws/src/install/fishbot_description:/opt/ros/humble /usr/bin/cmake --build /home/nvidia/fishbot_ws/src/build/fishbot_cartographer -- -j8 -l8
[1.359s] Invoked command in '/home/nvidia/fishbot_ws/src/build/fishbot_cartographer' returned '0': CMAKE_PREFIX_PATH=${CMAKE_PREFIX_PATH}:/home/nvidia/fishbot_ws/src/install/fishbot_description:/opt/ros/humble /usr/bin/cmake --build /home/nvidia/fishbot_ws/src/build/fishbot_cartographer -- -j8 -l8
[1.379s] Invoking command in '/home/nvidia/fishbot_ws/src/build/fishbot_cartographer': CMAKE_PREFIX_PATH=${CMAKE_PREFIX_PATH}:/home/nvidia/fishbot_ws/src/install/fishbot_description:/opt/ros/humble /usr/bin/cmake --install /home/nvidia/fishbot_ws/src/build/fishbot_cartographer
[1.392s] -- Install configuration: ""
[1.393s] -- Installing: /home/nvidia/fishbot_ws/src/install/fishbot_cartographer/share/fishbot_cartographer/config
[1.393s] -- Installing: /home/nvidia/fishbot_ws/src/install/fishbot_cartographer/share/fishbot_cartographer/config/fishbot_2d.lua
[1.393s] -- Installing: /home/nvidia/fishbot_ws/src/install/fishbot_cartographer/share/fishbot_cartographer/config/fishbot_2d_former.lua
[1.393s] -- Installing: /home/nvidia/fishbot_ws/src/install/fishbot_cartographer/share/fishbot_cartographer/launch
[1.393s] -- Installing: /home/nvidia/fishbot_ws/src/install/fishbot_cartographer/share/fishbot_cartographer/launch/cartographer.launch.py
[1.393s] -- Installing: /home/nvidia/fishbot_ws/src/install/fishbot_cartographer/share/fishbot_cartographer/rviz
[1.394s] -- Installing: /home/nvidia/fishbot_ws/src/install/fishbot_cartographer/share/ament_index/resource_index/package_run_dependencies/fishbot_cartographer
[1.394s] -- Installing: /home/nvidia/fishbot_ws/src/install/fishbot_cartographer/share/ament_index/resource_index/parent_prefix_path/fishbot_cartographer
[1.394s] -- Installing: /home/nvidia/fishbot_ws/src/install/fishbot_cartographer/share/fishbot_cartographer/environment/ament_prefix_path.sh
[1.394s] -- Installing: /home/nvidia/fishbot_ws/src/install/fishbot_cartographer/share/fishbot_cartographer/environment/ament_prefix_path.dsv
[1.394s] -- Installing: /home/nvidia/fishbot_ws/src/install/fishbot_cartographer/share/fishbot_cartographer/environment/path.sh
[1.395s] -- Installing: /home/nvidia/fishbot_ws/src/install/fishbot_cartographer/share/fishbot_cartographer/environment/path.dsv
[1.395s] -- Installing: /home/nvidia/fishbot_ws/src/install/fishbot_cartographer/share/fishbot_cartographer/local_setup.bash
[1.395s] -- Installing: /home/nvidia/fishbot_ws/src/install/fishbot_cartographer/share/fishbot_cartographer/local_setup.sh
[1.395s] -- Installing: /home/nvidia/fishbot_ws/src/install/fishbot_cartographer/share/fishbot_cartographer/local_setup.zsh
[1.395s] -- Installing: /home/nvidia/fishbot_ws/src/install/fishbot_cartographer/share/fishbot_cartographer/local_setup.dsv
[1.396s] -- Installing: /home/nvidia/fishbot_ws/src/install/fishbot_cartographer/share/fishbot_cartographer/package.dsv
[1.396s] -- Installing: /home/nvidia/fishbot_ws/src/install/fishbot_cartographer/share/ament_index/resource_index/packages/fishbot_cartographer
[1.396s] -- Installing: /home/nvidia/fishbot_ws/src/install/fishbot_cartographer/share/fishbot_cartographer/cmake/fishbot_cartographerConfig.cmake
[1.396s] -- Installing: /home/nvidia/fishbot_ws/src/install/fishbot_cartographer/share/fishbot_cartographer/cmake/fishbot_cartographerConfig-version.cmake
[1.397s] -- Installing: /home/nvidia/fishbot_ws/src/install/fishbot_cartographer/share/fishbot_cartographer/package.xml
[1.422s] Invoked command in '/home/nvidia/fishbot_ws/src/build/fishbot_cartographer' returned '0': CMAKE_PREFIX_PATH=${CMAKE_PREFIX_PATH}:/home/nvidia/fishbot_ws/src/install/fishbot_description:/opt/ros/humble /usr/bin/cmake --install /home/nvidia/fishbot_ws/src/build/fishbot_cartographer
