[0.016s] Invoking command in '/home/nvidia/2d_slam/src/build/lslidar_driver': AMENT_PREFIX_PATH=/home/nvidia/2d_slam/src/install/lslidar_msgs:${AMENT_PREFIX_PATH} CMAKE_PREFIX_PATH=/home/nvidia/2d_slam/src/install/lslidar_msgs:/opt/ros/humble LD_LIBRARY_PATH=/home/nvidia/2d_slam/src/install/lslidar_msgs/lib:${LD_LIBRARY_PATH} PYTHONPATH=/home/nvidia/2d_slam/src/install/lslidar_msgs/local/lib/python3.10/dist-packages:${PYTHONPATH} /usr/bin/cmake --build /home/nvidia/2d_slam/src/build/lslidar_driver -- -j8 -l8
[0.112s] [35m[1mConsolidate compiler generated dependencies of target lslidar_driver_node[0m
[0.197s] [100%] Built target lslidar_driver_node
[0.217s] Invoked command in '/home/nvidia/2d_slam/src/build/lslidar_driver' returned '0': AMENT_PREFIX_PATH=/home/nvidia/2d_slam/src/install/lslidar_msgs:${AMENT_PREFIX_PATH} CMAKE_PREFIX_PATH=/home/nvidia/2d_slam/src/install/lslidar_msgs:/opt/ros/humble LD_LIBRARY_PATH=/home/nvidia/2d_slam/src/install/lslidar_msgs/lib:${LD_LIBRARY_PATH} PYTHONPATH=/home/nvidia/2d_slam/src/install/lslidar_msgs/local/lib/python3.10/dist-packages:${PYTHONPATH} /usr/bin/cmake --build /home/nvidia/2d_slam/src/build/lslidar_driver -- -j8 -l8
[0.220s] Invoking command in '/home/nvidia/2d_slam/src/build/lslidar_driver': AMENT_PREFIX_PATH=/home/nvidia/2d_slam/src/install/lslidar_msgs:${AMENT_PREFIX_PATH} CMAKE_PREFIX_PATH=/home/nvidia/2d_slam/src/install/lslidar_msgs:/opt/ros/humble LD_LIBRARY_PATH=/home/nvidia/2d_slam/src/install/lslidar_msgs/lib:${LD_LIBRARY_PATH} PYTHONPATH=/home/nvidia/2d_slam/src/install/lslidar_msgs/local/lib/python3.10/dist-packages:${PYTHONPATH} /usr/bin/cmake --install /home/nvidia/2d_slam/src/build/lslidar_driver
[0.232s] -- Install configuration: ""
[0.232s] -- Up-to-date: /home/nvidia/2d_slam/src/install/lslidar_driver/share/lslidar_driver/launch
[0.233s] -- Up-to-date: /home/nvidia/2d_slam/src/install/lslidar_driver/share/lslidar_driver/launch/lslidar_interface.launch.py
[0.233s] -- Up-to-date: /home/nvidia/2d_slam/src/install/lslidar_driver/share/lslidar_driver/launch/viewer_scan_launch.py
[0.233s] -- Up-to-date: /home/nvidia/2d_slam/src/install/lslidar_driver/share/lslidar_driver/launch/lsn10_net_launch.py
[0.233s] -- Up-to-date: /home/nvidia/2d_slam/src/install/lslidar_driver/share/lslidar_driver/launch/lsn10p_launch.py
[0.233s] -- Up-to-date: /home/nvidia/2d_slam/src/install/lslidar_driver/share/lslidar_driver/launch/lsn10_launch.py
[0.233s] -- Up-to-date: /home/nvidia/2d_slam/src/install/lslidar_driver/share/lslidar_driver/launch/lsm10_net_launch.py
[0.233s] -- Up-to-date: /home/nvidia/2d_slam/src/install/lslidar_driver/share/lslidar_driver/launch/lsm10_uart_launch.py
[0.234s] -- Up-to-date: /home/nvidia/2d_slam/src/install/lslidar_driver/share/lslidar_driver/launch/lsm10p_net_launch.py
[0.234s] -- Up-to-date: /home/nvidia/2d_slam/src/install/lslidar_driver/share/lslidar_driver/launch/lslidar_double_launch.py
[0.234s] -- Up-to-date: /home/nvidia/2d_slam/src/install/lslidar_driver/share/lslidar_driver/launch/lsm10p_uart_launch.py
[0.234s] -- Up-to-date: /home/nvidia/2d_slam/src/install/lslidar_driver/share/lslidar_driver/launch/lsn10p_net_launch.py
[0.234s] -- Up-to-date: /home/nvidia/2d_slam/src/install/lslidar_driver/share/lslidar_driver/params
[0.234s] -- Up-to-date: /home/nvidia/2d_slam/src/install/lslidar_driver/share/lslidar_driver/params/lidar_net_ros2
[0.234s] -- Up-to-date: /home/nvidia/2d_slam/src/install/lslidar_driver/share/lslidar_driver/params/lidar_net_ros2/lsn10p_net.yaml
[0.234s] -- Up-to-date: /home/nvidia/2d_slam/src/install/lslidar_driver/share/lslidar_driver/params/lidar_net_ros2/lsn10_net.yaml
[0.234s] -- Up-to-date: /home/nvidia/2d_slam/src/install/lslidar_driver/share/lslidar_driver/params/lidar_net_ros2/lsm10p_net.yaml
[0.235s] -- Up-to-date: /home/nvidia/2d_slam/src/install/lslidar_driver/share/lslidar_driver/params/lidar_net_ros2/lsm10_net.yaml
[0.235s] -- Up-to-date: /home/nvidia/2d_slam/src/install/lslidar_driver/share/lslidar_driver/params/lidar_uart_ros2
[0.235s] -- Up-to-date: /home/nvidia/2d_slam/src/install/lslidar_driver/share/lslidar_driver/params/lidar_uart_ros2/lsn10p.yaml
[0.235s] -- Up-to-date: /home/nvidia/2d_slam/src/install/lslidar_driver/share/lslidar_driver/params/lidar_uart_ros2/lsm10.yaml
[0.235s] -- Up-to-date: /home/nvidia/2d_slam/src/install/lslidar_driver/share/lslidar_driver/params/lidar_uart_ros2/lsm10_p.yaml
[0.235s] -- Installing: /home/nvidia/2d_slam/src/install/lslidar_driver/share/lslidar_driver/params/lidar_uart_ros2/lsn10.yaml
[0.235s] -- Up-to-date: /home/nvidia/2d_slam/src/install/lslidar_driver/share/lslidar_driver/rviz
[0.236s] -- Up-to-date: /home/nvidia/2d_slam/src/install/lslidar_driver/share/lslidar_driver/rviz/lslidar.rviz
[0.236s] -- Up-to-date: /home/nvidia/2d_slam/src/install/lslidar_driver/lib/lslidar_driver/lslidar_driver_node
[0.236s] -- Up-to-date: /home/nvidia/2d_slam/src/install/lslidar_driver/share/lslidar_driver/launch
[0.236s] -- Up-to-date: /home/nvidia/2d_slam/src/install/lslidar_driver/share/lslidar_driver/launch/lslidar_interface.launch.py
[0.236s] -- Up-to-date: /home/nvidia/2d_slam/src/install/lslidar_driver/share/lslidar_driver/launch/viewer_scan_launch.py
[0.236s] -- Up-to-date: /home/nvidia/2d_slam/src/install/lslidar_driver/share/lslidar_driver/launch/lsn10_net_launch.py
[0.236s] -- Up-to-date: /home/nvidia/2d_slam/src/install/lslidar_driver/share/lslidar_driver/launch/lsn10p_launch.py
[0.237s] -- Up-to-date: /home/nvidia/2d_slam/src/install/lslidar_driver/share/lslidar_driver/launch/lsn10_launch.py
[0.237s] -- Up-to-date: /home/nvidia/2d_slam/src/install/lslidar_driver/share/lslidar_driver/launch/lsm10_net_launch.py
[0.237s] -- Up-to-date: /home/nvidia/2d_slam/src/install/lslidar_driver/share/lslidar_driver/launch/lsm10_uart_launch.py
[0.237s] -- Up-to-date: /home/nvidia/2d_slam/src/install/lslidar_driver/share/lslidar_driver/launch/lsm10p_net_launch.py
[0.237s] -- Up-to-date: /home/nvidia/2d_slam/src/install/lslidar_driver/share/lslidar_driver/launch/lslidar_double_launch.py
[0.237s] -- Up-to-date: /home/nvidia/2d_slam/src/install/lslidar_driver/share/lslidar_driver/launch/lsm10p_uart_launch.py
[0.237s] -- Up-to-date: /home/nvidia/2d_slam/src/install/lslidar_driver/share/lslidar_driver/launch/lsn10p_net_launch.py
[0.237s] -- Up-to-date: /home/nvidia/2d_slam/src/install/lslidar_driver/share/ament_index/resource_index/package_run_dependencies/lslidar_driver
[0.237s] -- Up-to-date: /home/nvidia/2d_slam/src/install/lslidar_driver/share/ament_index/resource_index/parent_prefix_path/lslidar_driver
[0.238s] -- Up-to-date: /home/nvidia/2d_slam/src/install/lslidar_driver/share/lslidar_driver/environment/ament_prefix_path.sh
[0.238s] -- Up-to-date: /home/nvidia/2d_slam/src/install/lslidar_driver/share/lslidar_driver/environment/ament_prefix_path.dsv
[0.238s] -- Up-to-date: /home/nvidia/2d_slam/src/install/lslidar_driver/share/lslidar_driver/environment/path.sh
[0.238s] -- Up-to-date: /home/nvidia/2d_slam/src/install/lslidar_driver/share/lslidar_driver/environment/path.dsv
[0.238s] -- Up-to-date: /home/nvidia/2d_slam/src/install/lslidar_driver/share/lslidar_driver/local_setup.bash
[0.238s] -- Up-to-date: /home/nvidia/2d_slam/src/install/lslidar_driver/share/lslidar_driver/local_setup.sh
[0.238s] -- Up-to-date: /home/nvidia/2d_slam/src/install/lslidar_driver/share/lslidar_driver/local_setup.zsh
[0.238s] -- Up-to-date: /home/nvidia/2d_slam/src/install/lslidar_driver/share/lslidar_driver/local_setup.dsv
[0.238s] -- Installing: /home/nvidia/2d_slam/src/install/lslidar_driver/share/lslidar_driver/package.dsv
[0.238s] -- Up-to-date: /home/nvidia/2d_slam/src/install/lslidar_driver/share/ament_index/resource_index/packages/lslidar_driver
[0.239s] -- Up-to-date: /home/nvidia/2d_slam/src/install/lslidar_driver/share/lslidar_driver/cmake/ament_cmake_export_dependencies-extras.cmake
[0.239s] -- Up-to-date: /home/nvidia/2d_slam/src/install/lslidar_driver/share/lslidar_driver/cmake/ament_cmake_export_include_directories-extras.cmake
[0.239s] -- Up-to-date: /home/nvidia/2d_slam/src/install/lslidar_driver/share/lslidar_driver/cmake/lslidar_driverConfig.cmake
[0.240s] -- Up-to-date: /home/nvidia/2d_slam/src/install/lslidar_driver/share/lslidar_driver/cmake/lslidar_driverConfig-version.cmake
[0.241s] -- Up-to-date: /home/nvidia/2d_slam/src/install/lslidar_driver/share/lslidar_driver/package.xml
[0.241s] Invoked command in '/home/nvidia/2d_slam/src/build/lslidar_driver' returned '0': AMENT_PREFIX_PATH=/home/nvidia/2d_slam/src/install/lslidar_msgs:${AMENT_PREFIX_PATH} CMAKE_PREFIX_PATH=/home/nvidia/2d_slam/src/install/lslidar_msgs:/opt/ros/humble LD_LIBRARY_PATH=/home/nvidia/2d_slam/src/install/lslidar_msgs/lib:${LD_LIBRARY_PATH} PYTHONPATH=/home/nvidia/2d_slam/src/install/lslidar_msgs/local/lib/python3.10/dist-packages:${PYTHONPATH} /usr/bin/cmake --install /home/nvidia/2d_slam/src/build/lslidar_driver
