[0.204s] DEBUG:colcon:Command line arguments: ['/usr/bin/colcon', 'build']
[0.204s] DEBUG:colcon:Parsed command line arguments: Namespace(log_base=None, log_level=None, verb_name='build', build_base='build', install_base='install', merge_install=False, symlink_install=False, test_result_base=None, continue_on_error=False, executor='parallel', parallel_workers=8, event_handlers=None, ignore_user_meta=False, metas=['./colcon.meta'], base_paths=['.'], packages_ignore=None, packages_ignore_regex=None, paths=None, packages_up_to=None, packages_up_to_regex=None, packages_above=None, packages_above_and_dependencies=None, packages_above_depth=None, packages_select_by_dep=None, packages_skip_by_dep=None, packages_skip_up_to=None, packages_select_build_failed=False, packages_skip_build_finished=False, packages_select_test_failures=False, packages_skip_test_passed=False, packages_select=None, packages_skip=None, packages_select_regex=None, packages_skip_regex=None, packages_start=None, packages_end=None, allow_overriding=[], cmake_args=None, cmake_target=None, cmake_target_skip_unavailable=False, cmake_clean_cache=False, cmake_clean_first=False, cmake_force_configure=False, ament_cmake_args=None, catkin_cmake_args=None, catkin_skip_building_tests=False, mixin_files=None, mixin=None, verb_parser=<colcon_mixin.mixin.mixin_argument.MixinArgumentDecorator object at 0xffff83497610>, verb_extension=<colcon_core.verb.build.BuildVerb object at 0xffff83496c50>, main=<bound method BuildVerb.main of <colcon_core.verb.build.BuildVerb object at 0xffff83496c50>>, mixin_verb=('build',))
[0.525s] Level 1:colcon.colcon_core.package_discovery:discover_packages(colcon_meta) check parameters
[0.525s] Level 1:colcon.colcon_core.package_discovery:discover_packages(recursive) check parameters
[0.525s] Level 1:colcon.colcon_core.package_discovery:discover_packages(ignore) check parameters
[0.525s] Level 1:colcon.colcon_core.package_discovery:discover_packages(path) check parameters
[0.525s] Level 1:colcon.colcon_core.package_discovery:discover_packages(colcon_meta) discover
[0.525s] Level 1:colcon.colcon_core.package_discovery:discover_packages(recursive) discover
[0.525s] INFO:colcon.colcon_core.package_discovery:Crawling recursively for packages in '/home/nvidia/fishbot_ws/src/fishbot_bringup'
[0.526s] Level 1:colcon.colcon_core.package_identification:_identify(.) by extensions ['ignore', 'ignore_ament_install']
[0.526s] Level 1:colcon.colcon_core.package_identification:_identify(.) by extension 'ignore'
[0.526s] Level 1:colcon.colcon_core.package_identification:_identify(.) by extension 'ignore_ament_install'
[0.526s] Level 1:colcon.colcon_core.package_identification:_identify(.) by extensions ['colcon_pkg']
[0.527s] Level 1:colcon.colcon_core.package_identification:_identify(.) by extension 'colcon_pkg'
[0.527s] Level 1:colcon.colcon_core.package_identification:_identify(.) by extensions ['colcon_meta']
[0.527s] Level 1:colcon.colcon_core.package_identification:_identify(.) by extension 'colcon_meta'
[0.527s] Level 1:colcon.colcon_core.package_identification:_identify(.) by extensions ['ros']
[0.527s] Level 1:colcon.colcon_core.package_identification:_identify(.) by extension 'ros'
[0.550s] DEBUG:colcon.colcon_core.package_identification:Package '.' with type 'ros.ament_cmake' and name 'fishbot_bringup'
[0.551s] Level 1:colcon.colcon_core.package_discovery:discover_packages(recursive) using defaults
[0.551s] Level 1:colcon.colcon_core.package_discovery:discover_packages(ignore) discover
[0.551s] Level 1:colcon.colcon_core.package_discovery:discover_packages(ignore) using defaults
[0.551s] Level 1:colcon.colcon_core.package_discovery:discover_packages(path) discover
[0.551s] Level 1:colcon.colcon_core.package_discovery:discover_packages(path) using defaults
[0.625s] Level 1:colcon.colcon_core.package_discovery:discover_packages(prefix_path) check parameters
[0.625s] Level 1:colcon.colcon_core.package_discovery:discover_packages(prefix_path) discover
[0.627s] WARNING:colcon.colcon_ros.prefix_path.catkin:The path '/usr/share/gazebo-11/cmake' in the environment variable CMAKE_PREFIX_PATH doesn't exist
[0.630s] DEBUG:colcon.colcon_installed_package_information.package_discovery:Found 398 installed packages in /opt/ros/humble
[0.633s] Level 1:colcon.colcon_core.package_discovery:discover_packages(prefix_path) using defaults
[0.714s] Level 5:colcon.colcon_core.verb:set package 'fishbot_bringup' build argument 'cmake_args' from command line to 'None'
[0.714s] Level 5:colcon.colcon_core.verb:set package 'fishbot_bringup' build argument 'cmake_target' from command line to 'None'
[0.715s] Level 5:colcon.colcon_core.verb:set package 'fishbot_bringup' build argument 'cmake_target_skip_unavailable' from command line to 'False'
[0.715s] Level 5:colcon.colcon_core.verb:set package 'fishbot_bringup' build argument 'cmake_clean_cache' from command line to 'False'
[0.715s] Level 5:colcon.colcon_core.verb:set package 'fishbot_bringup' build argument 'cmake_clean_first' from command line to 'False'
[0.715s] Level 5:colcon.colcon_core.verb:set package 'fishbot_bringup' build argument 'cmake_force_configure' from command line to 'False'
[0.715s] Level 5:colcon.colcon_core.verb:set package 'fishbot_bringup' build argument 'ament_cmake_args' from command line to 'None'
[0.715s] Level 5:colcon.colcon_core.verb:set package 'fishbot_bringup' build argument 'catkin_cmake_args' from command line to 'None'
[0.715s] Level 5:colcon.colcon_core.verb:set package 'fishbot_bringup' build argument 'catkin_skip_building_tests' from command line to 'False'
[0.715s] DEBUG:colcon.colcon_core.verb:Building package 'fishbot_bringup' with the following arguments: {'ament_cmake_args': None, 'build_base': '/home/nvidia/fishbot_ws/src/fishbot_bringup/build/fishbot_bringup', 'catkin_cmake_args': None, 'catkin_skip_building_tests': False, 'cmake_args': None, 'cmake_clean_cache': False, 'cmake_clean_first': False, 'cmake_force_configure': False, 'cmake_target': None, 'cmake_target_skip_unavailable': False, 'install_base': '/home/nvidia/fishbot_ws/src/fishbot_bringup/install/fishbot_bringup', 'merge_install': False, 'path': '/home/nvidia/fishbot_ws/src/fishbot_bringup', 'symlink_install': False, 'test_result_base': None}
[0.715s] INFO:colcon.colcon_core.executor:Executing jobs using 'parallel' executor
[0.719s] DEBUG:colcon.colcon_parallel_executor.executor.parallel:run_until_complete
[0.719s] INFO:colcon.colcon_ros.task.ament_cmake.build:Building ROS package in '/home/nvidia/fishbot_ws/src/fishbot_bringup' with build type 'ament_cmake'
[0.720s] INFO:colcon.colcon_cmake.task.cmake.build:Building CMake package in '/home/nvidia/fishbot_ws/src/fishbot_bringup'
[0.724s] INFO:colcon.colcon_core.plugin_system:Skipping extension 'colcon_core.shell.bat': Not used on non-Windows systems
[0.724s] INFO:colcon.colcon_core.shell:Skip shell extension 'powershell' for command environment: Not usable outside of PowerShell
[0.724s] DEBUG:colcon.colcon_core.shell:Skip shell extension 'dsv' for command environment
[0.750s] DEBUG:colcon.colcon_core.event_handler.log_command:Invoking command in '/home/nvidia/fishbot_ws/src/fishbot_bringup/build/fishbot_bringup': CMAKE_PREFIX_PATH=${CMAKE_PREFIX_PATH}:/opt/ros/humble /usr/bin/cmake /home/nvidia/fishbot_ws/src/fishbot_bringup -DCMAKE_INSTALL_PREFIX=/home/nvidia/fishbot_ws/src/fishbot_bringup/install/fishbot_bringup
[3.390s] DEBUG:colcon.colcon_core.event_handler.log_command:Invoked command in '/home/nvidia/fishbot_ws/src/fishbot_bringup/build/fishbot_bringup' returned '0': CMAKE_PREFIX_PATH=${CMAKE_PREFIX_PATH}:/opt/ros/humble /usr/bin/cmake /home/nvidia/fishbot_ws/src/fishbot_bringup -DCMAKE_INSTALL_PREFIX=/home/nvidia/fishbot_ws/src/fishbot_bringup/install/fishbot_bringup
[3.392s] DEBUG:colcon.colcon_core.event_handler.log_command:Invoking command in '/home/nvidia/fishbot_ws/src/fishbot_bringup/build/fishbot_bringup': CMAKE_PREFIX_PATH=${CMAKE_PREFIX_PATH}:/opt/ros/humble /usr/bin/cmake --build /home/nvidia/fishbot_ws/src/fishbot_bringup/build/fishbot_bringup -- -j8 -l8
[21.729s] DEBUG:colcon.colcon_core.event_handler.log_command:Invoked command in '/home/nvidia/fishbot_ws/src/fishbot_bringup/build/fishbot_bringup' returned '0': CMAKE_PREFIX_PATH=${CMAKE_PREFIX_PATH}:/opt/ros/humble /usr/bin/cmake --build /home/nvidia/fishbot_ws/src/fishbot_bringup/build/fishbot_bringup -- -j8 -l8
[21.753s] DEBUG:colcon.colcon_core.event_handler.log_command:Invoking command in '/home/nvidia/fishbot_ws/src/fishbot_bringup/build/fishbot_bringup': CMAKE_PREFIX_PATH=${CMAKE_PREFIX_PATH}:/opt/ros/humble /usr/bin/cmake --install /home/nvidia/fishbot_ws/src/fishbot_bringup/build/fishbot_bringup
[21.790s] Level 1:colcon.colcon_core.environment:create_environment_scripts_only(fishbot_bringup)
[21.796s] DEBUG:colcon.colcon_core.event_handler.log_command:Invoked command in '/home/nvidia/fishbot_ws/src/fishbot_bringup/build/fishbot_bringup' returned '0': CMAKE_PREFIX_PATH=${CMAKE_PREFIX_PATH}:/opt/ros/humble /usr/bin/cmake --install /home/nvidia/fishbot_ws/src/fishbot_bringup/build/fishbot_bringup
[21.803s] Level 1:colcon.colcon_core.environment:checking '/home/nvidia/fishbot_ws/src/fishbot_bringup/install/fishbot_bringup' for CMake module files
[21.805s] Level 1:colcon.colcon_core.environment:checking '/home/nvidia/fishbot_ws/src/fishbot_bringup/install/fishbot_bringup' for CMake config files
[21.806s] Level 1:colcon.colcon_core.shell:create_environment_hook('fishbot_bringup', 'cmake_prefix_path')
[21.807s] INFO:colcon.colcon_core.shell:Creating environment hook '/home/nvidia/fishbot_ws/src/fishbot_bringup/install/fishbot_bringup/share/fishbot_bringup/hook/cmake_prefix_path.ps1'
[21.809s] INFO:colcon.colcon_core.shell:Creating environment descriptor '/home/nvidia/fishbot_ws/src/fishbot_bringup/install/fishbot_bringup/share/fishbot_bringup/hook/cmake_prefix_path.dsv'
[21.810s] INFO:colcon.colcon_core.shell:Creating environment hook '/home/nvidia/fishbot_ws/src/fishbot_bringup/install/fishbot_bringup/share/fishbot_bringup/hook/cmake_prefix_path.sh'
[21.813s] Level 1:colcon.colcon_core.environment:checking '/home/nvidia/fishbot_ws/src/fishbot_bringup/install/fishbot_bringup/lib'
[21.814s] Level 1:colcon.colcon_core.environment:checking '/home/nvidia/fishbot_ws/src/fishbot_bringup/install/fishbot_bringup/bin'
[21.814s] Level 1:colcon.colcon_core.environment:checking '/home/nvidia/fishbot_ws/src/fishbot_bringup/install/fishbot_bringup/lib/pkgconfig/fishbot_bringup.pc'
[21.815s] Level 1:colcon.colcon_core.environment:checking '/home/nvidia/fishbot_ws/src/fishbot_bringup/install/fishbot_bringup/lib/python3.10/site-packages'
[21.816s] Level 1:colcon.colcon_core.environment:checking '/home/nvidia/fishbot_ws/src/fishbot_bringup/install/fishbot_bringup/bin'
[21.817s] INFO:colcon.colcon_core.shell:Creating package script '/home/nvidia/fishbot_ws/src/fishbot_bringup/install/fishbot_bringup/share/fishbot_bringup/package.ps1'
[21.820s] INFO:colcon.colcon_core.shell:Creating package descriptor '/home/nvidia/fishbot_ws/src/fishbot_bringup/install/fishbot_bringup/share/fishbot_bringup/package.dsv'
[21.822s] INFO:colcon.colcon_core.shell:Creating package script '/home/nvidia/fishbot_ws/src/fishbot_bringup/install/fishbot_bringup/share/fishbot_bringup/package.sh'
[21.825s] INFO:colcon.colcon_core.shell:Creating package script '/home/nvidia/fishbot_ws/src/fishbot_bringup/install/fishbot_bringup/share/fishbot_bringup/package.bash'
[21.828s] INFO:colcon.colcon_core.shell:Creating package script '/home/nvidia/fishbot_ws/src/fishbot_bringup/install/fishbot_bringup/share/fishbot_bringup/package.zsh'
[21.830s] Level 1:colcon.colcon_core.environment:create_file_with_runtime_dependencies(/home/nvidia/fishbot_ws/src/fishbot_bringup/install/fishbot_bringup/share/colcon-core/packages/fishbot_bringup)
[21.832s] Level 1:colcon.colcon_core.environment:create_environment_scripts_only(fishbot_bringup)
[21.832s] Level 1:colcon.colcon_core.environment:checking '/home/nvidia/fishbot_ws/src/fishbot_bringup/install/fishbot_bringup' for CMake module files
[21.834s] Level 1:colcon.colcon_core.environment:checking '/home/nvidia/fishbot_ws/src/fishbot_bringup/install/fishbot_bringup' for CMake config files
[21.835s] Level 1:colcon.colcon_core.shell:create_environment_hook('fishbot_bringup', 'cmake_prefix_path')
[21.835s] INFO:colcon.colcon_core.shell:Creating environment hook '/home/nvidia/fishbot_ws/src/fishbot_bringup/install/fishbot_bringup/share/fishbot_bringup/hook/cmake_prefix_path.ps1'
[21.837s] INFO:colcon.colcon_core.shell:Creating environment descriptor '/home/nvidia/fishbot_ws/src/fishbot_bringup/install/fishbot_bringup/share/fishbot_bringup/hook/cmake_prefix_path.dsv'
[21.838s] INFO:colcon.colcon_core.shell:Creating environment hook '/home/nvidia/fishbot_ws/src/fishbot_bringup/install/fishbot_bringup/share/fishbot_bringup/hook/cmake_prefix_path.sh'
[21.839s] Level 1:colcon.colcon_core.environment:checking '/home/nvidia/fishbot_ws/src/fishbot_bringup/install/fishbot_bringup/lib'
[21.840s] Level 1:colcon.colcon_core.environment:checking '/home/nvidia/fishbot_ws/src/fishbot_bringup/install/fishbot_bringup/bin'
[21.840s] Level 1:colcon.colcon_core.environment:checking '/home/nvidia/fishbot_ws/src/fishbot_bringup/install/fishbot_bringup/lib/pkgconfig/fishbot_bringup.pc'
[21.840s] Level 1:colcon.colcon_core.environment:checking '/home/nvidia/fishbot_ws/src/fishbot_bringup/install/fishbot_bringup/lib/python3.10/site-packages'
[21.840s] Level 1:colcon.colcon_core.environment:checking '/home/nvidia/fishbot_ws/src/fishbot_bringup/install/fishbot_bringup/bin'
[21.841s] INFO:colcon.colcon_core.shell:Creating package script '/home/nvidia/fishbot_ws/src/fishbot_bringup/install/fishbot_bringup/share/fishbot_bringup/package.ps1'
[21.842s] INFO:colcon.colcon_core.shell:Creating package descriptor '/home/nvidia/fishbot_ws/src/fishbot_bringup/install/fishbot_bringup/share/fishbot_bringup/package.dsv'
[21.843s] INFO:colcon.colcon_core.shell:Creating package script '/home/nvidia/fishbot_ws/src/fishbot_bringup/install/fishbot_bringup/share/fishbot_bringup/package.sh'
[21.845s] INFO:colcon.colcon_core.shell:Creating package script '/home/nvidia/fishbot_ws/src/fishbot_bringup/install/fishbot_bringup/share/fishbot_bringup/package.bash'
[21.846s] INFO:colcon.colcon_core.shell:Creating package script '/home/nvidia/fishbot_ws/src/fishbot_bringup/install/fishbot_bringup/share/fishbot_bringup/package.zsh'
[21.848s] Level 1:colcon.colcon_core.environment:create_file_with_runtime_dependencies(/home/nvidia/fishbot_ws/src/fishbot_bringup/install/fishbot_bringup/share/colcon-core/packages/fishbot_bringup)
[21.848s] DEBUG:colcon.colcon_parallel_executor.executor.parallel:closing loop
[21.849s] DEBUG:colcon.colcon_parallel_executor.executor.parallel:loop closed
[21.849s] DEBUG:colcon.colcon_parallel_executor.executor.parallel:run_until_complete finished with '0'
[21.850s] DEBUG:colcon.colcon_core.event_reactor:joining thread
[21.866s] INFO:colcon.colcon_core.plugin_system:Skipping extension 'colcon_notification.desktop_notification.terminal_notifier': Not used on non-Darwin systems
[21.866s] INFO:colcon.colcon_core.plugin_system:Skipping extension 'colcon_notification.desktop_notification.win32': Not used on non-Windows systems
[21.867s] INFO:colcon.colcon_notification.desktop_notification:Sending desktop notification using 'notify2'
[21.913s] DEBUG:colcon.colcon_core.event_reactor:joined thread
[21.914s] INFO:colcon.colcon_core.shell:Creating prefix script '/home/nvidia/fishbot_ws/src/fishbot_bringup/install/local_setup.ps1'
[21.917s] INFO:colcon.colcon_core.shell:Creating prefix util module '/home/nvidia/fishbot_ws/src/fishbot_bringup/install/_local_setup_util_ps1.py'
[21.921s] INFO:colcon.colcon_core.shell:Creating prefix chain script '/home/nvidia/fishbot_ws/src/fishbot_bringup/install/setup.ps1'
[21.926s] INFO:colcon.colcon_core.shell:Creating prefix script '/home/nvidia/fishbot_ws/src/fishbot_bringup/install/local_setup.sh'
[21.928s] INFO:colcon.colcon_core.shell:Creating prefix util module '/home/nvidia/fishbot_ws/src/fishbot_bringup/install/_local_setup_util_sh.py'
[21.930s] INFO:colcon.colcon_core.shell:Creating prefix chain script '/home/nvidia/fishbot_ws/src/fishbot_bringup/install/setup.sh'
[21.931s] INFO:colcon.colcon_core.shell:Creating prefix script '/home/nvidia/fishbot_ws/src/fishbot_bringup/install/local_setup.bash'
[21.933s] INFO:colcon.colcon_core.shell:Creating prefix chain script '/home/nvidia/fishbot_ws/src/fishbot_bringup/install/setup.bash'
[21.936s] INFO:colcon.colcon_core.shell:Creating prefix script '/home/nvidia/fishbot_ws/src/fishbot_bringup/install/local_setup.zsh'
[21.938s] INFO:colcon.colcon_core.shell:Creating prefix chain script '/home/nvidia/fishbot_ws/src/fishbot_bringup/install/setup.zsh'
