[0.018s] Invoking command in '/home/nvidia/roadRunner/2d_slam/build/lslidar_msgs': CMAKE_PREFIX_PATH=${CMAKE_PREFIX_PATH}:/home/nvidia/DDSM_ws/install/robot_nav:/home/nvidia/DDSM_ws/install/robot_control:/opt/ros/humble /usr/bin/cmake --build /home/nvidia/roadRunner/2d_slam/build/lslidar_msgs -- -j8 -l8
[0.032s] [0mCMake Error: The current CMakeCache.txt directory /home/nvidia/roadRunner/2d_slam/build/lslidar_msgs/CMakeCache.txt is different than the directory /home/nvidia/2d_slam/build/lslidar_msgs where CMakeCache.txt was created. This may result in binaries being created in the wrong place. If you are not sure, reedit the CMakeCache.txt[0m
[0.059s] -- Found ament_cmake: 1.3.11 (/opt/ros/humble/share/ament_cmake/cmake)
[0.280s] -- Found std_msgs: 4.2.4 (/opt/ros/humble/share/std_msgs/cmake)
[0.341s] -- Found rosidl_generator_c: 3.1.6 (/opt/ros/humble/share/rosidl_generator_c/cmake)
[0.345s] -- Found rosidl_adapter: 3.1.6 (/opt/ros/humble/share/rosidl_adapter/cmake)
[0.355s] -- Found rosidl_generator_cpp: 3.1.6 (/opt/ros/humble/share/rosidl_generator_cpp/cmake)
[0.369s] -- Using all available rosidl_typesupport_c: rosidl_typesupport_fastrtps_c;rosidl_typesupport_introspection_c
[0.387s] -- Using all available rosidl_typesupport_cpp: rosidl_typesupport_fastrtps_cpp;rosidl_typesupport_introspection_cpp
[0.418s] -- Found sensor_msgs: 4.2.4 (/opt/ros/humble/share/sensor_msgs/cmake)
[0.457s] -- Found rosidl_default_generators: 1.2.0 (/opt/ros/humble/share/rosidl_default_generators/cmake)
[0.467s] -- Found ament_lint_auto: 0.12.11 (/opt/ros/humble/share/ament_lint_auto/cmake)
[1.003s] -- Found ament_cmake_ros: 0.10.0 (/opt/ros/humble/share/ament_cmake_ros/cmake)
[1.740s] -- Using all available rosidl_typesupport_c: rosidl_typesupport_fastrtps_c;rosidl_typesupport_introspection_c
[2.041s] -- Using all available rosidl_typesupport_cpp: rosidl_typesupport_fastrtps_cpp;rosidl_typesupport_introspection_cpp
[2.088s] -- Found python_cmake_module: 0.10.0 (/opt/ros/humble/share/python_cmake_module/cmake)
[2.135s] -- Using PYTHON_EXECUTABLE: /usr/bin/python3
[2.135s] -- Using PYTHON_INCLUDE_DIRS: /usr/include/python3.10
[2.136s] -- Using PYTHON_LIBRARIES: /usr/lib/aarch64-linux-gnu/libpython3.10.so
[2.214s] -- Added test 'copyright' to check source files copyright and LICENSE
[2.216s] -- Added test 'lint_cmake' to check CMake code style
[2.218s] -- Added test 'xmllint' to check XML markup files
[2.224s] -- Configuring done
[2.283s] -- Generating done
[2.301s] -- Build files have been written to: /home/nvidia/2d_slam/build/lslidar_msgs
[2.350s] [35m[1mConsolidate compiler generated dependencies of target lslidar_msgs__rosidl_generator_c[0m
[2.363s] [  1%] Built target lslidar_msgs__cpp
[2.369s] [  4%] [32mBuilding C object CMakeFiles/lslidar_msgs__rosidl_generator_c.dir/rosidl_generator_c/lslidar_msgs/msg/detail/lslidar_packet__functions.c.o[0m
[2.369s] [  4%] [32mBuilding C object CMakeFiles/lslidar_msgs__rosidl_generator_c.dir/rosidl_generator_c/lslidar_msgs/msg/detail/lslidar_difop__functions.c.o[0m
[2.369s] [  6%] [32mBuilding C object CMakeFiles/lslidar_msgs__rosidl_generator_c.dir/rosidl_generator_c/lslidar_msgs/msg/detail/lslidar_point__functions.c.o[0m
[2.369s] [  7%] [32mBuilding C object CMakeFiles/lslidar_msgs__rosidl_generator_c.dir/rosidl_generator_c/lslidar_msgs/msg/detail/lslidar_scan__functions.c.o[0m
[2.378s] [  9%] [32mBuilding C object CMakeFiles/lslidar_msgs__rosidl_generator_c.dir/rosidl_generator_c/lslidar_msgs/msg/detail/lslidar_sweep__functions.c.o[0m
[2.378s] [  9%] Built target ament_cmake_python_copy_lslidar_msgs
[2.380s] [35m[1mConsolidate compiler generated dependencies of target lslidar_msgs__rosidl_typesupport_cpp[0m
[2.383s] [35m[1mConsolidate compiler generated dependencies of target lslidar_msgs__rosidl_typesupport_fastrtps_cpp[0m
[2.396s] [35m[1mConsolidate compiler generated dependencies of target lslidar_msgs__rosidl_typesupport_introspection_cpp[0m
[2.412s] [ 11%] [32mBuilding CXX object CMakeFiles/lslidar_msgs__rosidl_typesupport_cpp.dir/rosidl_typesupport_cpp/lslidar_msgs/msg/lslidar_difop__type_support.cpp.o[0m
[2.422s] [ 14%] [32mBuilding CXX object CMakeFiles/lslidar_msgs__rosidl_typesupport_fastrtps_cpp.dir/rosidl_typesupport_fastrtps_cpp/lslidar_msgs/msg/detail/dds_fastrtps/lslidar_difop__type_support.cpp.o[0m
[2.422s] [ 14%] [32mBuilding CXX object CMakeFiles/lslidar_msgs__rosidl_typesupport_introspection_cpp.dir/rosidl_typesupport_introspection_cpp/lslidar_msgs/msg/detail/lslidar_difop__type_support.cpp.o[0m
[2.448s] [ 15%] [32mBuilding CXX object CMakeFiles/lslidar_msgs__rosidl_typesupport_introspection_cpp.dir/rosidl_typesupport_introspection_cpp/lslidar_msgs/msg/detail/lslidar_packet__type_support.cpp.o[0m
[2.457s] [ 17%] [32mBuilding CXX object CMakeFiles/lslidar_msgs__rosidl_typesupport_introspection_cpp.dir/rosidl_typesupport_introspection_cpp/lslidar_msgs/msg/detail/lslidar_point__type_support.cpp.o[0m
[2.463s] [ 19%] [32mBuilding CXX object CMakeFiles/lslidar_msgs__rosidl_typesupport_fastrtps_cpp.dir/rosidl_typesupport_fastrtps_cpp/lslidar_msgs/msg/detail/dds_fastrtps/lslidar_packet__type_support.cpp.o[0m
[2.465s] [ 20%] [32mBuilding CXX object CMakeFiles/lslidar_msgs__rosidl_typesupport_cpp.dir/rosidl_typesupport_cpp/lslidar_msgs/msg/lslidar_packet__type_support.cpp.o[0m
[2.476s] [ 22%] [32m[1mLinking C shared library liblslidar_msgs__rosidl_generator_c.so[0m
[2.586s] [ 23%] Built target lslidar_msgs__rosidl_generator_c
[2.924s] [ 25%] [32mBuilding CXX object CMakeFiles/lslidar_msgs__rosidl_typesupport_cpp.dir/rosidl_typesupport_cpp/lslidar_msgs/msg/lslidar_point__type_support.cpp.o[0m
[3.050s] [ 26%] [32mBuilding CXX object CMakeFiles/lslidar_msgs__rosidl_typesupport_cpp.dir/rosidl_typesupport_cpp/lslidar_msgs/msg/lslidar_scan__type_support.cpp.o[0m
[3.075s] running egg_info
[3.079s] writing lslidar_msgs.egg-info/PKG-INFO
[3.079s] writing dependency_links to lslidar_msgs.egg-info/dependency_links.txt
[3.080s] writing top-level names to lslidar_msgs.egg-info/top_level.txt
[3.085s] reading manifest file 'lslidar_msgs.egg-info/SOURCES.txt'
[3.087s] writing manifest file 'lslidar_msgs.egg-info/SOURCES.txt'
[3.095s] [ 28%] [32mBuilding CXX object CMakeFiles/lslidar_msgs__rosidl_typesupport_cpp.dir/rosidl_typesupport_cpp/lslidar_msgs/msg/lslidar_sweep__type_support.cpp.o[0m
[3.103s] [ 30%] [32mBuilding CXX object CMakeFiles/lslidar_msgs__rosidl_typesupport_fastrtps_cpp.dir/rosidl_typesupport_fastrtps_cpp/lslidar_msgs/msg/detail/dds_fastrtps/lslidar_point__type_support.cpp.o[0m
[3.108s] [ 31%] [32mBuilding CXX object CMakeFiles/lslidar_msgs__rosidl_typesupport_introspection_cpp.dir/rosidl_typesupport_introspection_cpp/lslidar_msgs/msg/detail/lslidar_scan__type_support.cpp.o[0m
[3.154s] [ 31%] Built target ament_cmake_python_build_lslidar_msgs_egg
[3.168s] [ 33%] [32mBuilding CXX object CMakeFiles/lslidar_msgs__rosidl_typesupport_introspection_cpp.dir/rosidl_typesupport_introspection_cpp/lslidar_msgs/msg/detail/lslidar_sweep__type_support.cpp.o[0m
[3.188s] [ 34%] [32mBuilding CXX object CMakeFiles/lslidar_msgs__rosidl_typesupport_fastrtps_cpp.dir/rosidl_typesupport_fastrtps_cpp/lslidar_msgs/msg/detail/dds_fastrtps/lslidar_scan__type_support.cpp.o[0m
[3.234s] [ 36%] [32mBuilding CXX object CMakeFiles/lslidar_msgs__rosidl_typesupport_fastrtps_cpp.dir/rosidl_typesupport_fastrtps_cpp/lslidar_msgs/msg/detail/dds_fastrtps/lslidar_sweep__type_support.cpp.o[0m
[3.538s] [35m[1mConsolidate compiler generated dependencies of target lslidar_msgs__rosidl_typesupport_introspection_c[0m
[3.553s] [35m[1mConsolidate compiler generated dependencies of target lslidar_msgs__rosidl_typesupport_fastrtps_c[0m
[3.583s] [ 38%] [32mBuilding CXX object CMakeFiles/lslidar_msgs__rosidl_typesupport_fastrtps_c.dir/rosidl_typesupport_fastrtps_c/lslidar_msgs/msg/detail/lslidar_difop__type_support_c.cpp.o[0m
[3.593s] [ 39%] [32mBuilding C object CMakeFiles/lslidar_msgs__rosidl_typesupport_introspection_c.dir/rosidl_typesupport_introspection_c/lslidar_msgs/msg/detail/lslidar_difop__type_support.c.o[0m
[3.619s] [ 41%] [32m[1mLinking CXX shared library liblslidar_msgs__rosidl_typesupport_cpp.so[0m
[3.647s] [ 42%] [32mBuilding C object CMakeFiles/lslidar_msgs__rosidl_typesupport_introspection_c.dir/rosidl_typesupport_introspection_c/lslidar_msgs/msg/detail/lslidar_packet__type_support.c.o[0m
[3.687s] [ 44%] Built target lslidar_msgs__rosidl_typesupport_cpp
[3.704s] [35m[1mConsolidate compiler generated dependencies of target lslidar_msgs__rosidl_typesupport_c[0m
[3.712s] [ 46%] [32mBuilding C object CMakeFiles/lslidar_msgs__rosidl_typesupport_introspection_c.dir/rosidl_typesupport_introspection_c/lslidar_msgs/msg/detail/lslidar_point__type_support.c.o[0m
[3.735s] [ 47%] [32mBuilding CXX object CMakeFiles/lslidar_msgs__rosidl_typesupport_c.dir/rosidl_typesupport_c/lslidar_msgs/msg/lslidar_difop__type_support.cpp.o[0m
[3.768s] [ 49%] [32mBuilding C object CMakeFiles/lslidar_msgs__rosidl_typesupport_introspection_c.dir/rosidl_typesupport_introspection_c/lslidar_msgs/msg/detail/lslidar_scan__type_support.c.o[0m
[3.797s] [ 50%] [32mBuilding CXX object CMakeFiles/lslidar_msgs__rosidl_typesupport_fastrtps_c.dir/rosidl_typesupport_fastrtps_c/lslidar_msgs/msg/detail/lslidar_packet__type_support_c.cpp.o[0m
[3.810s] [ 52%] [32mBuilding CXX object CMakeFiles/lslidar_msgs__rosidl_typesupport_c.dir/rosidl_typesupport_c/lslidar_msgs/msg/lslidar_packet__type_support.cpp.o[0m
[3.839s] [ 53%] [32mBuilding C object CMakeFiles/lslidar_msgs__rosidl_typesupport_introspection_c.dir/rosidl_typesupport_introspection_c/lslidar_msgs/msg/detail/lslidar_sweep__type_support.c.o[0m
[3.867s] [ 55%] [32mBuilding CXX object CMakeFiles/lslidar_msgs__rosidl_typesupport_c.dir/rosidl_typesupport_c/lslidar_msgs/msg/lslidar_point__type_support.cpp.o[0m
[3.889s] [ 57%] [32mBuilding CXX object CMakeFiles/lslidar_msgs__rosidl_typesupport_c.dir/rosidl_typesupport_c/lslidar_msgs/msg/lslidar_scan__type_support.cpp.o[0m
[3.899s] [ 58%] [32m[1mLinking C shared library liblslidar_msgs__rosidl_typesupport_introspection_c.so[0m
[3.930s] [ 60%] [32mBuilding CXX object CMakeFiles/lslidar_msgs__rosidl_typesupport_c.dir/rosidl_typesupport_c/lslidar_msgs/msg/lslidar_sweep__type_support.cpp.o[0m
[3.934s] [ 61%] [32mBuilding CXX object CMakeFiles/lslidar_msgs__rosidl_typesupport_fastrtps_c.dir/rosidl_typesupport_fastrtps_c/lslidar_msgs/msg/detail/lslidar_point__type_support_c.cpp.o[0m
[3.940s] [ 63%] [32mBuilding CXX object CMakeFiles/lslidar_msgs__rosidl_typesupport_fastrtps_c.dir/rosidl_typesupport_fastrtps_c/lslidar_msgs/msg/detail/lslidar_scan__type_support_c.cpp.o[0m
[3.952s] [ 65%] Built target lslidar_msgs__rosidl_typesupport_introspection_c
[3.963s] [ 66%] [32m[1mLinking CXX shared library liblslidar_msgs__rosidl_typesupport_fastrtps_cpp.so[0m
[3.968s] [ 68%] [32m[1mLinking CXX shared library liblslidar_msgs__rosidl_typesupport_introspection_cpp.so[0m
[3.969s] [ 69%] [32mBuilding CXX object CMakeFiles/lslidar_msgs__rosidl_typesupport_fastrtps_c.dir/rosidl_typesupport_fastrtps_c/lslidar_msgs/msg/detail/lslidar_sweep__type_support_c.cpp.o[0m
[3.982s] [ 71%] [32m[1mLinking CXX shared library liblslidar_msgs__rosidl_typesupport_c.so[0m
[4.049s] [ 73%] Built target lslidar_msgs__rosidl_typesupport_c
[4.090s] [ 74%] Built target lslidar_msgs__rosidl_typesupport_fastrtps_cpp
[4.123s] [ 76%] Built target lslidar_msgs__rosidl_typesupport_introspection_cpp
[4.533s] [ 77%] [32m[1mLinking CXX shared library liblslidar_msgs__rosidl_typesupport_fastrtps_c.so[0m
[4.657s] [ 79%] Built target lslidar_msgs__rosidl_typesupport_fastrtps_c
[4.691s] [ 79%] Built target lslidar_msgs
[4.723s] [ 80%] Built target lslidar_msgs__py
[4.745s] [35m[1mConsolidate compiler generated dependencies of target lslidar_msgs__rosidl_generator_py[0m
[4.775s] [ 85%] [32mBuilding C object CMakeFiles/lslidar_msgs__rosidl_generator_py.dir/rosidl_generator_py/lslidar_msgs/msg/_lslidar_packet_s.c.o[0m
[4.775s] [ 85%] [32mBuilding C object CMakeFiles/lslidar_msgs__rosidl_generator_py.dir/rosidl_generator_py/lslidar_msgs/msg/_lslidar_sweep_s.c.o[0m
[4.775s] [ 85%] [32mBuilding C object CMakeFiles/lslidar_msgs__rosidl_generator_py.dir/rosidl_generator_py/lslidar_msgs/msg/_lslidar_scan_s.c.o[0m
[4.776s] [ 87%] [32mBuilding C object CMakeFiles/lslidar_msgs__rosidl_generator_py.dir/rosidl_generator_py/lslidar_msgs/msg/_lslidar_difop_s.c.o[0m
[4.776s] [ 88%] [32mBuilding C object CMakeFiles/lslidar_msgs__rosidl_generator_py.dir/rosidl_generator_py/lslidar_msgs/msg/_lslidar_point_s.c.o[0m
[4.940s] [ 90%] [32m[1mLinking C shared library rosidl_generator_py/lslidar_msgs/liblslidar_msgs__rosidl_generator_py.so[0m
[5.016s] [ 90%] Built target lslidar_msgs__rosidl_generator_py
[5.031s] [35m[1mConsolidate compiler generated dependencies of target lslidar_msgs__rosidl_typesupport_fastrtps_c__pyext[0m
[5.031s] [35m[1mConsolidate compiler generated dependencies of target lslidar_msgs__rosidl_typesupport_introspection_c__pyext[0m
[5.032s] [35m[1mConsolidate compiler generated dependencies of target lslidar_msgs__rosidl_typesupport_c__pyext[0m
[5.051s] [ 92%] [32mBuilding C object CMakeFiles/lslidar_msgs__rosidl_typesupport_fastrtps_c__pyext.dir/rosidl_generator_py/lslidar_msgs/_lslidar_msgs_s.ep.rosidl_typesupport_fastrtps_c.c.o[0m
[5.051s] [ 93%] [32mBuilding C object CMakeFiles/lslidar_msgs__rosidl_typesupport_introspection_c__pyext.dir/rosidl_generator_py/lslidar_msgs/_lslidar_msgs_s.ep.rosidl_typesupport_introspection_c.c.o[0m
[5.051s] [ 95%] [32mBuilding C object CMakeFiles/lslidar_msgs__rosidl_typesupport_c__pyext.dir/rosidl_generator_py/lslidar_msgs/_lslidar_msgs_s.ep.rosidl_typesupport_c.c.o[0m
[5.218s] [ 96%] [32m[1mLinking C shared library rosidl_generator_py/lslidar_msgs/lslidar_msgs_s__rosidl_typesupport_c.cpython-310-aarch64-linux-gnu.so[0m
[5.221s] [100%] [32m[1mLinking C shared library rosidl_generator_py/lslidar_msgs/lslidar_msgs_s__rosidl_typesupport_introspection_c.cpython-310-aarch64-linux-gnu.so[0m
[5.221s] [100%] [32m[1mLinking C shared library rosidl_generator_py/lslidar_msgs/lslidar_msgs_s__rosidl_typesupport_fastrtps_c.cpython-310-aarch64-linux-gnu.so[0m
[5.276s] [100%] Built target lslidar_msgs__rosidl_typesupport_c__pyext
[5.278s] [100%] Built target lslidar_msgs__rosidl_typesupport_introspection_c__pyext
[5.284s] [100%] Built target lslidar_msgs__rosidl_typesupport_fastrtps_c__pyext
[5.306s] Invoked command in '/home/nvidia/roadRunner/2d_slam/build/lslidar_msgs' returned '0': CMAKE_PREFIX_PATH=${CMAKE_PREFIX_PATH}:/home/nvidia/DDSM_ws/install/robot_nav:/home/nvidia/DDSM_ws/install/robot_control:/opt/ros/humble /usr/bin/cmake --build /home/nvidia/roadRunner/2d_slam/build/lslidar_msgs -- -j8 -l8
[5.323s] Invoking command in '/home/nvidia/roadRunner/2d_slam/build/lslidar_msgs': CMAKE_PREFIX_PATH=${CMAKE_PREFIX_PATH}:/home/nvidia/DDSM_ws/install/robot_nav:/home/nvidia/DDSM_ws/install/robot_control:/opt/ros/humble /usr/bin/cmake --install /home/nvidia/roadRunner/2d_slam/build/lslidar_msgs
[5.337s] -- Install configuration: ""
[5.338s] -- Up-to-date: /home/nvidia/2d_slam/install/lslidar_msgs/share/ament_index/resource_index/rosidl_interfaces/lslidar_msgs
[5.338s] -- Up-to-date: /home/nvidia/2d_slam/install/lslidar_msgs/include/lslidar_msgs/lslidar_msgs
[5.338s] -- Up-to-date: /home/nvidia/2d_slam/install/lslidar_msgs/include/lslidar_msgs/lslidar_msgs/msg
[5.339s] -- Up-to-date: /home/nvidia/2d_slam/install/lslidar_msgs/include/lslidar_msgs/lslidar_msgs/msg/lslidar_sweep.h
[5.339s] -- Up-to-date: /home/nvidia/2d_slam/install/lslidar_msgs/include/lslidar_msgs/lslidar_msgs/msg/rosidl_generator_c__visibility_control.h
[5.339s] -- Up-to-date: /home/nvidia/2d_slam/install/lslidar_msgs/include/lslidar_msgs/lslidar_msgs/msg/detail
[5.339s] -- Up-to-date: /home/nvidia/2d_slam/install/lslidar_msgs/include/lslidar_msgs/lslidar_msgs/msg/detail/lslidar_packet__struct.h
[5.339s] -- Up-to-date: /home/nvidia/2d_slam/install/lslidar_msgs/include/lslidar_msgs/lslidar_msgs/msg/detail/lslidar_scan__type_support.h
[5.339s] -- Up-to-date: /home/nvidia/2d_slam/install/lslidar_msgs/include/lslidar_msgs/lslidar_msgs/msg/detail/lslidar_scan__functions.h
[5.340s] -- Up-to-date: /home/nvidia/2d_slam/install/lslidar_msgs/include/lslidar_msgs/lslidar_msgs/msg/detail/lslidar_scan__struct.h
[5.340s] -- Up-to-date: /home/nvidia/2d_slam/install/lslidar_msgs/include/lslidar_msgs/lslidar_msgs/msg/detail/lslidar_packet__type_support.h
[5.340s] -- Up-to-date: /home/nvidia/2d_slam/install/lslidar_msgs/include/lslidar_msgs/lslidar_msgs/msg/detail/lslidar_point__functions.c
[5.340s] -- Up-to-date: /home/nvidia/2d_slam/install/lslidar_msgs/include/lslidar_msgs/lslidar_msgs/msg/detail/lslidar_difop__functions.h
[5.340s] -- Up-to-date: /home/nvidia/2d_slam/install/lslidar_msgs/include/lslidar_msgs/lslidar_msgs/msg/detail/lslidar_point__functions.h
[5.340s] -- Up-to-date: /home/nvidia/2d_slam/install/lslidar_msgs/include/lslidar_msgs/lslidar_msgs/msg/detail/lslidar_sweep__type_support.h
[5.341s] -- Up-to-date: /home/nvidia/2d_slam/install/lslidar_msgs/include/lslidar_msgs/lslidar_msgs/msg/detail/lslidar_sweep__struct.h
[5.341s] -- Up-to-date: /home/nvidia/2d_slam/install/lslidar_msgs/include/lslidar_msgs/lslidar_msgs/msg/detail/lslidar_sweep__functions.h
[5.341s] -- Up-to-date: /home/nvidia/2d_slam/install/lslidar_msgs/include/lslidar_msgs/lslidar_msgs/msg/detail/lslidar_point__struct.h
[5.341s] -- Up-to-date: /home/nvidia/2d_slam/install/lslidar_msgs/include/lslidar_msgs/lslidar_msgs/msg/detail/lslidar_point__type_support.h
[5.342s] -- Up-to-date: /home/nvidia/2d_slam/install/lslidar_msgs/include/lslidar_msgs/lslidar_msgs/msg/detail/lslidar_scan__functions.c
[5.342s] -- Up-to-date: /home/nvidia/2d_slam/install/lslidar_msgs/include/lslidar_msgs/lslidar_msgs/msg/detail/lslidar_packet__functions.h
[5.342s] -- Up-to-date: /home/nvidia/2d_slam/install/lslidar_msgs/include/lslidar_msgs/lslidar_msgs/msg/detail/lslidar_difop__struct.h
[5.342s] -- Up-to-date: /home/nvidia/2d_slam/install/lslidar_msgs/include/lslidar_msgs/lslidar_msgs/msg/detail/lslidar_difop__functions.c
[5.343s] -- Up-to-date: /home/nvidia/2d_slam/install/lslidar_msgs/include/lslidar_msgs/lslidar_msgs/msg/detail/lslidar_sweep__functions.c
[5.343s] -- Up-to-date: /home/nvidia/2d_slam/install/lslidar_msgs/include/lslidar_msgs/lslidar_msgs/msg/detail/lslidar_packet__functions.c
[5.343s] -- Up-to-date: /home/nvidia/2d_slam/install/lslidar_msgs/include/lslidar_msgs/lslidar_msgs/msg/detail/lslidar_difop__type_support.h
[5.343s] -- Up-to-date: /home/nvidia/2d_slam/install/lslidar_msgs/include/lslidar_msgs/lslidar_msgs/msg/lslidar_scan.h
[5.343s] -- Up-to-date: /home/nvidia/2d_slam/install/lslidar_msgs/include/lslidar_msgs/lslidar_msgs/msg/lslidar_packet.h
[5.343s] -- Up-to-date: /home/nvidia/2d_slam/install/lslidar_msgs/include/lslidar_msgs/lslidar_msgs/msg/lslidar_point.h
[5.344s] -- Up-to-date: /home/nvidia/2d_slam/install/lslidar_msgs/include/lslidar_msgs/lslidar_msgs/msg/lslidar_difop.h
[5.344s] -- Up-to-date: /home/nvidia/2d_slam/install/lslidar_msgs/share/lslidar_msgs/environment/library_path.sh
[5.344s] -- Installing: /home/nvidia/2d_slam/install/lslidar_msgs/share/lslidar_msgs/environment/library_path.dsv
[5.344s] -- Up-to-date: /home/nvidia/2d_slam/install/lslidar_msgs/lib/liblslidar_msgs__rosidl_generator_c.so
[5.344s] -- Up-to-date: /home/nvidia/2d_slam/install/lslidar_msgs/include/lslidar_msgs/lslidar_msgs
[5.344s] -- Up-to-date: /home/nvidia/2d_slam/install/lslidar_msgs/include/lslidar_msgs/lslidar_msgs/msg
[5.345s] -- Up-to-date: /home/nvidia/2d_slam/install/lslidar_msgs/include/lslidar_msgs/lslidar_msgs/msg/detail
[5.345s] -- Up-to-date: /home/nvidia/2d_slam/install/lslidar_msgs/include/lslidar_msgs/lslidar_msgs/msg/detail/lslidar_scan__rosidl_typesupport_fastrtps_c.h
[5.345s] -- Up-to-date: /home/nvidia/2d_slam/install/lslidar_msgs/include/lslidar_msgs/lslidar_msgs/msg/detail/lslidar_point__rosidl_typesupport_fastrtps_c.h
[5.345s] -- Up-to-date: /home/nvidia/2d_slam/install/lslidar_msgs/include/lslidar_msgs/lslidar_msgs/msg/detail/lslidar_packet__rosidl_typesupport_fastrtps_c.h
[5.345s] -- Up-to-date: /home/nvidia/2d_slam/install/lslidar_msgs/include/lslidar_msgs/lslidar_msgs/msg/detail/lslidar_sweep__rosidl_typesupport_fastrtps_c.h
[5.345s] -- Up-to-date: /home/nvidia/2d_slam/install/lslidar_msgs/include/lslidar_msgs/lslidar_msgs/msg/detail/lslidar_difop__rosidl_typesupport_fastrtps_c.h
[5.346s] -- Up-to-date: /home/nvidia/2d_slam/install/lslidar_msgs/include/lslidar_msgs/lslidar_msgs/msg/rosidl_typesupport_fastrtps_c__visibility_control.h
[5.346s] -- Up-to-date: /home/nvidia/2d_slam/install/lslidar_msgs/lib/liblslidar_msgs__rosidl_typesupport_fastrtps_c.so
[5.346s] -- Up-to-date: /home/nvidia/2d_slam/install/lslidar_msgs/include/lslidar_msgs/lslidar_msgs
[5.346s] -- Up-to-date: /home/nvidia/2d_slam/install/lslidar_msgs/include/lslidar_msgs/lslidar_msgs/msg
[5.346s] -- Up-to-date: /home/nvidia/2d_slam/install/lslidar_msgs/include/lslidar_msgs/lslidar_msgs/msg/lslidar_point.hpp
[5.346s] -- Up-to-date: /home/nvidia/2d_slam/install/lslidar_msgs/include/lslidar_msgs/lslidar_msgs/msg/lslidar_packet.hpp
[5.346s] -- Up-to-date: /home/nvidia/2d_slam/install/lslidar_msgs/include/lslidar_msgs/lslidar_msgs/msg/detail
[5.347s] -- Up-to-date: /home/nvidia/2d_slam/install/lslidar_msgs/include/lslidar_msgs/lslidar_msgs/msg/detail/lslidar_point__type_support.hpp
[5.347s] -- Up-to-date: /home/nvidia/2d_slam/install/lslidar_msgs/include/lslidar_msgs/lslidar_msgs/msg/detail/lslidar_sweep__struct.hpp
[5.347s] -- Up-to-date: /home/nvidia/2d_slam/install/lslidar_msgs/include/lslidar_msgs/lslidar_msgs/msg/detail/lslidar_packet__builder.hpp
[5.347s] -- Up-to-date: /home/nvidia/2d_slam/install/lslidar_msgs/include/lslidar_msgs/lslidar_msgs/msg/detail/lslidar_scan__struct.hpp
[5.347s] -- Up-to-date: /home/nvidia/2d_slam/install/lslidar_msgs/include/lslidar_msgs/lslidar_msgs/msg/detail/lslidar_point__builder.hpp
[5.347s] -- Up-to-date: /home/nvidia/2d_slam/install/lslidar_msgs/include/lslidar_msgs/lslidar_msgs/msg/detail/lslidar_scan__traits.hpp
[5.347s] -- Up-to-date: /home/nvidia/2d_slam/install/lslidar_msgs/include/lslidar_msgs/lslidar_msgs/msg/detail/lslidar_sweep__traits.hpp
[5.347s] -- Up-to-date: /home/nvidia/2d_slam/install/lslidar_msgs/include/lslidar_msgs/lslidar_msgs/msg/detail/lslidar_scan__builder.hpp
[5.348s] -- Up-to-date: /home/nvidia/2d_slam/install/lslidar_msgs/include/lslidar_msgs/lslidar_msgs/msg/detail/lslidar_difop__type_support.hpp
[5.348s] -- Up-to-date: /home/nvidia/2d_slam/install/lslidar_msgs/include/lslidar_msgs/lslidar_msgs/msg/detail/lslidar_packet__type_support.hpp
[5.348s] -- Up-to-date: /home/nvidia/2d_slam/install/lslidar_msgs/include/lslidar_msgs/lslidar_msgs/msg/detail/lslidar_sweep__type_support.hpp
[5.348s] -- Up-to-date: /home/nvidia/2d_slam/install/lslidar_msgs/include/lslidar_msgs/lslidar_msgs/msg/detail/lslidar_packet__struct.hpp
[5.348s] -- Up-to-date: /home/nvidia/2d_slam/install/lslidar_msgs/include/lslidar_msgs/lslidar_msgs/msg/detail/lslidar_difop__traits.hpp
[5.349s] -- Up-to-date: /home/nvidia/2d_slam/install/lslidar_msgs/include/lslidar_msgs/lslidar_msgs/msg/detail/lslidar_point__struct.hpp
[5.349s] -- Up-to-date: /home/nvidia/2d_slam/install/lslidar_msgs/include/lslidar_msgs/lslidar_msgs/msg/detail/lslidar_difop__builder.hpp
[5.349s] -- Up-to-date: /home/nvidia/2d_slam/install/lslidar_msgs/include/lslidar_msgs/lslidar_msgs/msg/detail/lslidar_sweep__builder.hpp
[5.349s] -- Up-to-date: /home/nvidia/2d_slam/install/lslidar_msgs/include/lslidar_msgs/lslidar_msgs/msg/detail/lslidar_difop__struct.hpp
[5.349s] -- Up-to-date: /home/nvidia/2d_slam/install/lslidar_msgs/include/lslidar_msgs/lslidar_msgs/msg/detail/lslidar_scan__type_support.hpp
[5.349s] -- Up-to-date: /home/nvidia/2d_slam/install/lslidar_msgs/include/lslidar_msgs/lslidar_msgs/msg/detail/lslidar_packet__traits.hpp
[5.349s] -- Up-to-date: /home/nvidia/2d_slam/install/lslidar_msgs/include/lslidar_msgs/lslidar_msgs/msg/detail/lslidar_point__traits.hpp
[5.349s] -- Up-to-date: /home/nvidia/2d_slam/install/lslidar_msgs/include/lslidar_msgs/lslidar_msgs/msg/lslidar_sweep.hpp
[5.350s] -- Up-to-date: /home/nvidia/2d_slam/install/lslidar_msgs/include/lslidar_msgs/lslidar_msgs/msg/rosidl_generator_cpp__visibility_control.hpp
[5.350s] -- Up-to-date: /home/nvidia/2d_slam/install/lslidar_msgs/include/lslidar_msgs/lslidar_msgs/msg/lslidar_scan.hpp
[5.350s] -- Up-to-date: /home/nvidia/2d_slam/install/lslidar_msgs/include/lslidar_msgs/lslidar_msgs/msg/lslidar_difop.hpp
[5.350s] -- Up-to-date: /home/nvidia/2d_slam/install/lslidar_msgs/include/lslidar_msgs/lslidar_msgs
[5.350s] -- Up-to-date: /home/nvidia/2d_slam/install/lslidar_msgs/include/lslidar_msgs/lslidar_msgs/msg
[5.350s] -- Up-to-date: /home/nvidia/2d_slam/install/lslidar_msgs/include/lslidar_msgs/lslidar_msgs/msg/detail
[5.350s] -- Up-to-date: /home/nvidia/2d_slam/install/lslidar_msgs/include/lslidar_msgs/lslidar_msgs/msg/detail/lslidar_packet__rosidl_typesupport_fastrtps_cpp.hpp
[5.350s] -- Up-to-date: /home/nvidia/2d_slam/install/lslidar_msgs/include/lslidar_msgs/lslidar_msgs/msg/detail/lslidar_difop__rosidl_typesupport_fastrtps_cpp.hpp
[5.351s] -- Up-to-date: /home/nvidia/2d_slam/install/lslidar_msgs/include/lslidar_msgs/lslidar_msgs/msg/detail/lslidar_sweep__rosidl_typesupport_fastrtps_cpp.hpp
[5.351s] -- Up-to-date: /home/nvidia/2d_slam/install/lslidar_msgs/include/lslidar_msgs/lslidar_msgs/msg/detail/lslidar_point__rosidl_typesupport_fastrtps_cpp.hpp
[5.351s] -- Up-to-date: /home/nvidia/2d_slam/install/lslidar_msgs/include/lslidar_msgs/lslidar_msgs/msg/detail/lslidar_scan__rosidl_typesupport_fastrtps_cpp.hpp
[5.351s] -- Up-to-date: /home/nvidia/2d_slam/install/lslidar_msgs/include/lslidar_msgs/lslidar_msgs/msg/detail/dds_fastrtps
[5.351s] -- Up-to-date: /home/nvidia/2d_slam/install/lslidar_msgs/include/lslidar_msgs/lslidar_msgs/msg/rosidl_typesupport_fastrtps_cpp__visibility_control.h
[5.351s] -- Up-to-date: /home/nvidia/2d_slam/install/lslidar_msgs/lib/liblslidar_msgs__rosidl_typesupport_fastrtps_cpp.so
[5.351s] -- Up-to-date: /home/nvidia/2d_slam/install/lslidar_msgs/include/lslidar_msgs/lslidar_msgs
[5.351s] -- Up-to-date: /home/nvidia/2d_slam/install/lslidar_msgs/include/lslidar_msgs/lslidar_msgs/msg
[5.352s] -- Up-to-date: /home/nvidia/2d_slam/install/lslidar_msgs/include/lslidar_msgs/lslidar_msgs/msg/rosidl_typesupport_introspection_c__visibility_control.h
[5.352s] -- Up-to-date: /home/nvidia/2d_slam/install/lslidar_msgs/include/lslidar_msgs/lslidar_msgs/msg/detail
[5.352s] -- Up-to-date: /home/nvidia/2d_slam/install/lslidar_msgs/include/lslidar_msgs/lslidar_msgs/msg/detail/lslidar_sweep__type_support.c
[5.352s] -- Up-to-date: /home/nvidia/2d_slam/install/lslidar_msgs/include/lslidar_msgs/lslidar_msgs/msg/detail/lslidar_point__type_support.c
[5.352s] -- Up-to-date: /home/nvidia/2d_slam/install/lslidar_msgs/include/lslidar_msgs/lslidar_msgs/msg/detail/lslidar_difop__rosidl_typesupport_introspection_c.h
[5.352s] -- Up-to-date: /home/nvidia/2d_slam/install/lslidar_msgs/include/lslidar_msgs/lslidar_msgs/msg/detail/lslidar_packet__type_support.c
[5.352s] -- Up-to-date: /home/nvidia/2d_slam/install/lslidar_msgs/include/lslidar_msgs/lslidar_msgs/msg/detail/lslidar_point__rosidl_typesupport_introspection_c.h
[5.352s] -- Up-to-date: /home/nvidia/2d_slam/install/lslidar_msgs/include/lslidar_msgs/lslidar_msgs/msg/detail/lslidar_packet__rosidl_typesupport_introspection_c.h
[5.353s] -- Up-to-date: /home/nvidia/2d_slam/install/lslidar_msgs/include/lslidar_msgs/lslidar_msgs/msg/detail/lslidar_sweep__rosidl_typesupport_introspection_c.h
[5.353s] -- Up-to-date: /home/nvidia/2d_slam/install/lslidar_msgs/include/lslidar_msgs/lslidar_msgs/msg/detail/lslidar_difop__type_support.c
[5.353s] -- Up-to-date: /home/nvidia/2d_slam/install/lslidar_msgs/include/lslidar_msgs/lslidar_msgs/msg/detail/lslidar_scan__type_support.c
[5.353s] -- Up-to-date: /home/nvidia/2d_slam/install/lslidar_msgs/include/lslidar_msgs/lslidar_msgs/msg/detail/lslidar_scan__rosidl_typesupport_introspection_c.h
[5.353s] -- Up-to-date: /home/nvidia/2d_slam/install/lslidar_msgs/lib/liblslidar_msgs__rosidl_typesupport_introspection_c.so
[5.353s] -- Up-to-date: /home/nvidia/2d_slam/install/lslidar_msgs/lib/liblslidar_msgs__rosidl_typesupport_c.so
[5.353s] -- Up-to-date: /home/nvidia/2d_slam/install/lslidar_msgs/include/lslidar_msgs/lslidar_msgs
[5.353s] -- Up-to-date: /home/nvidia/2d_slam/install/lslidar_msgs/include/lslidar_msgs/lslidar_msgs/msg
[5.354s] -- Up-to-date: /home/nvidia/2d_slam/install/lslidar_msgs/include/lslidar_msgs/lslidar_msgs/msg/detail
[5.354s] -- Up-to-date: /home/nvidia/2d_slam/install/lslidar_msgs/include/lslidar_msgs/lslidar_msgs/msg/detail/lslidar_packet__rosidl_typesupport_introspection_cpp.hpp
[5.354s] -- Up-to-date: /home/nvidia/2d_slam/install/lslidar_msgs/include/lslidar_msgs/lslidar_msgs/msg/detail/lslidar_difop__rosidl_typesupport_introspection_cpp.hpp
[5.354s] -- Up-to-date: /home/nvidia/2d_slam/install/lslidar_msgs/include/lslidar_msgs/lslidar_msgs/msg/detail/lslidar_difop__type_support.cpp
[5.354s] -- Up-to-date: /home/nvidia/2d_slam/install/lslidar_msgs/include/lslidar_msgs/lslidar_msgs/msg/detail/lslidar_packet__type_support.cpp
[5.354s] -- Up-to-date: /home/nvidia/2d_slam/install/lslidar_msgs/include/lslidar_msgs/lslidar_msgs/msg/detail/lslidar_point__rosidl_typesupport_introspection_cpp.hpp
[5.354s] -- Up-to-date: /home/nvidia/2d_slam/install/lslidar_msgs/include/lslidar_msgs/lslidar_msgs/msg/detail/lslidar_scan__rosidl_typesupport_introspection_cpp.hpp
[5.354s] -- Up-to-date: /home/nvidia/2d_slam/install/lslidar_msgs/include/lslidar_msgs/lslidar_msgs/msg/detail/lslidar_sweep__rosidl_typesupport_introspection_cpp.hpp
[5.355s] -- Up-to-date: /home/nvidia/2d_slam/install/lslidar_msgs/include/lslidar_msgs/lslidar_msgs/msg/detail/lslidar_scan__type_support.cpp
[5.355s] -- Up-to-date: /home/nvidia/2d_slam/install/lslidar_msgs/include/lslidar_msgs/lslidar_msgs/msg/detail/lslidar_point__type_support.cpp
[5.355s] -- Up-to-date: /home/nvidia/2d_slam/install/lslidar_msgs/include/lslidar_msgs/lslidar_msgs/msg/detail/lslidar_sweep__type_support.cpp
[5.355s] -- Up-to-date: /home/nvidia/2d_slam/install/lslidar_msgs/lib/liblslidar_msgs__rosidl_typesupport_introspection_cpp.so
[5.355s] -- Up-to-date: /home/nvidia/2d_slam/install/lslidar_msgs/lib/liblslidar_msgs__rosidl_typesupport_cpp.so
[5.355s] -- Up-to-date: /home/nvidia/2d_slam/install/lslidar_msgs/share/lslidar_msgs/environment/pythonpath.sh
[5.355s] -- Installing: /home/nvidia/2d_slam/install/lslidar_msgs/share/lslidar_msgs/environment/pythonpath.dsv
[5.355s] -- Up-to-date: /home/nvidia/2d_slam/install/lslidar_msgs/local/lib/python3.10/dist-packages/lslidar_msgs-1.2.0-py3.10.egg-info
[5.355s] -- Installing: /home/nvidia/2d_slam/install/lslidar_msgs/local/lib/python3.10/dist-packages/lslidar_msgs-1.2.0-py3.10.egg-info/dependency_links.txt
[5.356s] -- Installing: /home/nvidia/2d_slam/install/lslidar_msgs/local/lib/python3.10/dist-packages/lslidar_msgs-1.2.0-py3.10.egg-info/SOURCES.txt
[5.356s] -- Installing: /home/nvidia/2d_slam/install/lslidar_msgs/local/lib/python3.10/dist-packages/lslidar_msgs-1.2.0-py3.10.egg-info/top_level.txt
[5.356s] -- Installing: /home/nvidia/2d_slam/install/lslidar_msgs/local/lib/python3.10/dist-packages/lslidar_msgs-1.2.0-py3.10.egg-info/PKG-INFO
[5.356s] -- Up-to-date: /home/nvidia/2d_slam/install/lslidar_msgs/local/lib/python3.10/dist-packages/lslidar_msgs
[5.356s] -- Up-to-date: /home/nvidia/2d_slam/install/lslidar_msgs/local/lib/python3.10/dist-packages/lslidar_msgs/lslidar_msgs_s__rosidl_typesupport_introspection_c.cpython-310-aarch64-linux-gnu.so
[5.356s] -- Up-to-date: /home/nvidia/2d_slam/install/lslidar_msgs/local/lib/python3.10/dist-packages/lslidar_msgs/msg
[5.356s] -- Up-to-date: /home/nvidia/2d_slam/install/lslidar_msgs/local/lib/python3.10/dist-packages/lslidar_msgs/msg/_lslidar_difop_s.c
[5.356s] -- Up-to-date: /home/nvidia/2d_slam/install/lslidar_msgs/local/lib/python3.10/dist-packages/lslidar_msgs/msg/_lslidar_packet.py
[5.357s] -- Up-to-date: /home/nvidia/2d_slam/install/lslidar_msgs/local/lib/python3.10/dist-packages/lslidar_msgs/msg/_lslidar_sweep_s.c
[5.357s] -- Up-to-date: /home/nvidia/2d_slam/install/lslidar_msgs/local/lib/python3.10/dist-packages/lslidar_msgs/msg/_lslidar_packet_s.c
[5.357s] -- Up-to-date: /home/nvidia/2d_slam/install/lslidar_msgs/local/lib/python3.10/dist-packages/lslidar_msgs/msg/_lslidar_sweep.py
[5.357s] -- Up-to-date: /home/nvidia/2d_slam/install/lslidar_msgs/local/lib/python3.10/dist-packages/lslidar_msgs/msg/_lslidar_scan_s.c
[5.357s] -- Up-to-date: /home/nvidia/2d_slam/install/lslidar_msgs/local/lib/python3.10/dist-packages/lslidar_msgs/msg/_lslidar_point_s.c
[5.357s] -- Up-to-date: /home/nvidia/2d_slam/install/lslidar_msgs/local/lib/python3.10/dist-packages/lslidar_msgs/msg/_lslidar_difop.py
[5.357s] -- Up-to-date: /home/nvidia/2d_slam/install/lslidar_msgs/local/lib/python3.10/dist-packages/lslidar_msgs/msg/_lslidar_scan.py
[5.357s] -- Up-to-date: /home/nvidia/2d_slam/install/lslidar_msgs/local/lib/python3.10/dist-packages/lslidar_msgs/msg/_lslidar_point.py
[5.358s] -- Up-to-date: /home/nvidia/2d_slam/install/lslidar_msgs/local/lib/python3.10/dist-packages/lslidar_msgs/msg/__init__.py
[5.358s] -- Up-to-date: /home/nvidia/2d_slam/install/lslidar_msgs/local/lib/python3.10/dist-packages/lslidar_msgs/_lslidar_msgs_s.ep.rosidl_typesupport_c.c
[5.358s] -- Up-to-date: /home/nvidia/2d_slam/install/lslidar_msgs/local/lib/python3.10/dist-packages/lslidar_msgs/lslidar_msgs_s__rosidl_typesupport_c.cpython-310-aarch64-linux-gnu.so
[5.358s] -- Up-to-date: /home/nvidia/2d_slam/install/lslidar_msgs/local/lib/python3.10/dist-packages/lslidar_msgs/lslidar_msgs_s__rosidl_typesupport_fastrtps_c.cpython-310-aarch64-linux-gnu.so
[5.358s] -- Up-to-date: /home/nvidia/2d_slam/install/lslidar_msgs/local/lib/python3.10/dist-packages/lslidar_msgs/_lslidar_msgs_s.ep.rosidl_typesupport_introspection_c.c
[5.358s] -- Up-to-date: /home/nvidia/2d_slam/install/lslidar_msgs/local/lib/python3.10/dist-packages/lslidar_msgs/_lslidar_msgs_s.ep.rosidl_typesupport_fastrtps_c.c
[5.358s] -- Up-to-date: /home/nvidia/2d_slam/install/lslidar_msgs/local/lib/python3.10/dist-packages/lslidar_msgs/liblslidar_msgs__rosidl_generator_py.so
[5.359s] -- Installing: /home/nvidia/2d_slam/install/lslidar_msgs/local/lib/python3.10/dist-packages/lslidar_msgs/__init__.py
[5.405s] Listing '/home/nvidia/2d_slam/install/lslidar_msgs/local/lib/python3.10/dist-packages/lslidar_msgs'...
[5.405s] Compiling '/home/nvidia/2d_slam/install/lslidar_msgs/local/lib/python3.10/dist-packages/lslidar_msgs/__init__.py'...
[5.405s] Listing '/home/nvidia/2d_slam/install/lslidar_msgs/local/lib/python3.10/dist-packages/lslidar_msgs/msg'...
[5.416s] -- Up-to-date: /home/nvidia/2d_slam/install/lslidar_msgs/local/lib/python3.10/dist-packages/lslidar_msgs/lslidar_msgs_s__rosidl_typesupport_fastrtps_c.cpython-310-aarch64-linux-gnu.so
[5.416s] -- Up-to-date: /home/nvidia/2d_slam/install/lslidar_msgs/local/lib/python3.10/dist-packages/lslidar_msgs/lslidar_msgs_s__rosidl_typesupport_introspection_c.cpython-310-aarch64-linux-gnu.so
[5.416s] -- Up-to-date: /home/nvidia/2d_slam/install/lslidar_msgs/local/lib/python3.10/dist-packages/lslidar_msgs/lslidar_msgs_s__rosidl_typesupport_c.cpython-310-aarch64-linux-gnu.so
[5.417s] -- Up-to-date: /home/nvidia/2d_slam/install/lslidar_msgs/lib/liblslidar_msgs__rosidl_generator_py.so
[5.417s] -- Up-to-date: /home/nvidia/2d_slam/install/lslidar_msgs/share/lslidar_msgs/msg/LslidarDifop.idl
[5.418s] -- Up-to-date: /home/nvidia/2d_slam/install/lslidar_msgs/share/lslidar_msgs/msg/LslidarPacket.idl
[5.418s] -- Up-to-date: /home/nvidia/2d_slam/install/lslidar_msgs/share/lslidar_msgs/msg/LslidarPoint.idl
[5.418s] -- Up-to-date: /home/nvidia/2d_slam/install/lslidar_msgs/share/lslidar_msgs/msg/LslidarScan.idl
[5.418s] -- Up-to-date: /home/nvidia/2d_slam/install/lslidar_msgs/share/lslidar_msgs/msg/LslidarSweep.idl
[5.418s] -- Up-to-date: /home/nvidia/2d_slam/install/lslidar_msgs/share/lslidar_msgs/msg/LslidarDifop.msg
[5.419s] -- Up-to-date: /home/nvidia/2d_slam/install/lslidar_msgs/share/lslidar_msgs/msg/LslidarPacket.msg
[5.419s] -- Up-to-date: /home/nvidia/2d_slam/install/lslidar_msgs/share/lslidar_msgs/msg/LslidarPoint.msg
[5.419s] -- Up-to-date: /home/nvidia/2d_slam/install/lslidar_msgs/share/lslidar_msgs/msg/LslidarScan.msg
[5.419s] -- Up-to-date: /home/nvidia/2d_slam/install/lslidar_msgs/share/lslidar_msgs/msg/LslidarSweep.msg
[5.419s] -- Up-to-date: /home/nvidia/2d_slam/install/lslidar_msgs/share/ament_index/resource_index/package_run_dependencies/lslidar_msgs
[5.420s] -- Installing: /home/nvidia/2d_slam/install/lslidar_msgs/share/ament_index/resource_index/parent_prefix_path/lslidar_msgs
[5.420s] -- Up-to-date: /home/nvidia/2d_slam/install/lslidar_msgs/share/lslidar_msgs/environment/ament_prefix_path.sh
[5.420s] -- Installing: /home/nvidia/2d_slam/install/lslidar_msgs/share/lslidar_msgs/environment/ament_prefix_path.dsv
[5.420s] -- Up-to-date: /home/nvidia/2d_slam/install/lslidar_msgs/share/lslidar_msgs/environment/path.sh
[5.420s] -- Installing: /home/nvidia/2d_slam/install/lslidar_msgs/share/lslidar_msgs/environment/path.dsv
[5.420s] -- Up-to-date: /home/nvidia/2d_slam/install/lslidar_msgs/share/lslidar_msgs/local_setup.bash
[5.420s] -- Up-to-date: /home/nvidia/2d_slam/install/lslidar_msgs/share/lslidar_msgs/local_setup.sh
[5.421s] -- Up-to-date: /home/nvidia/2d_slam/install/lslidar_msgs/share/lslidar_msgs/local_setup.zsh
[5.421s] -- Installing: /home/nvidia/2d_slam/install/lslidar_msgs/share/lslidar_msgs/local_setup.dsv
[5.421s] -- Installing: /home/nvidia/2d_slam/install/lslidar_msgs/share/lslidar_msgs/package.dsv
[5.421s] -- Up-to-date: /home/nvidia/2d_slam/install/lslidar_msgs/share/ament_index/resource_index/packages/lslidar_msgs
[5.421s] -- Up-to-date: /home/nvidia/2d_slam/install/lslidar_msgs/share/lslidar_msgs/cmake/export_lslidar_msgs__rosidl_generator_cExport.cmake
[5.421s] -- Up-to-date: /home/nvidia/2d_slam/install/lslidar_msgs/share/lslidar_msgs/cmake/export_lslidar_msgs__rosidl_generator_cExport-noconfig.cmake
[5.422s] -- Up-to-date: /home/nvidia/2d_slam/install/lslidar_msgs/share/lslidar_msgs/cmake/export_lslidar_msgs__rosidl_typesupport_fastrtps_cExport.cmake
[5.422s] -- Up-to-date: /home/nvidia/2d_slam/install/lslidar_msgs/share/lslidar_msgs/cmake/export_lslidar_msgs__rosidl_typesupport_fastrtps_cExport-noconfig.cmake
[5.422s] -- Up-to-date: /home/nvidia/2d_slam/install/lslidar_msgs/share/lslidar_msgs/cmake/export_lslidar_msgs__rosidl_generator_cppExport.cmake
[5.422s] -- Up-to-date: /home/nvidia/2d_slam/install/lslidar_msgs/share/lslidar_msgs/cmake/export_lslidar_msgs__rosidl_typesupport_fastrtps_cppExport.cmake
[5.422s] -- Up-to-date: /home/nvidia/2d_slam/install/lslidar_msgs/share/lslidar_msgs/cmake/export_lslidar_msgs__rosidl_typesupport_fastrtps_cppExport-noconfig.cmake
[5.422s] -- Up-to-date: /home/nvidia/2d_slam/install/lslidar_msgs/share/lslidar_msgs/cmake/lslidar_msgs__rosidl_typesupport_introspection_cExport.cmake
[5.423s] -- Up-to-date: /home/nvidia/2d_slam/install/lslidar_msgs/share/lslidar_msgs/cmake/lslidar_msgs__rosidl_typesupport_introspection_cExport-noconfig.cmake
[5.423s] -- Up-to-date: /home/nvidia/2d_slam/install/lslidar_msgs/share/lslidar_msgs/cmake/lslidar_msgs__rosidl_typesupport_cExport.cmake
[5.423s] -- Up-to-date: /home/nvidia/2d_slam/install/lslidar_msgs/share/lslidar_msgs/cmake/lslidar_msgs__rosidl_typesupport_cExport-noconfig.cmake
[5.423s] -- Up-to-date: /home/nvidia/2d_slam/install/lslidar_msgs/share/lslidar_msgs/cmake/lslidar_msgs__rosidl_typesupport_introspection_cppExport.cmake
[5.423s] -- Up-to-date: /home/nvidia/2d_slam/install/lslidar_msgs/share/lslidar_msgs/cmake/lslidar_msgs__rosidl_typesupport_introspection_cppExport-noconfig.cmake
[5.424s] -- Up-to-date: /home/nvidia/2d_slam/install/lslidar_msgs/share/lslidar_msgs/cmake/lslidar_msgs__rosidl_typesupport_cppExport.cmake
[5.424s] -- Up-to-date: /home/nvidia/2d_slam/install/lslidar_msgs/share/lslidar_msgs/cmake/lslidar_msgs__rosidl_typesupport_cppExport-noconfig.cmake
[5.424s] -- Up-to-date: /home/nvidia/2d_slam/install/lslidar_msgs/share/lslidar_msgs/cmake/export_lslidar_msgs__rosidl_generator_pyExport.cmake
[5.424s] -- Up-to-date: /home/nvidia/2d_slam/install/lslidar_msgs/share/lslidar_msgs/cmake/export_lslidar_msgs__rosidl_generator_pyExport-noconfig.cmake
[5.424s] -- Up-to-date: /home/nvidia/2d_slam/install/lslidar_msgs/share/lslidar_msgs/cmake/rosidl_cmake-extras.cmake
[5.424s] -- Up-to-date: /home/nvidia/2d_slam/install/lslidar_msgs/share/lslidar_msgs/cmake/ament_cmake_export_dependencies-extras.cmake
[5.425s] -- Up-to-date: /home/nvidia/2d_slam/install/lslidar_msgs/share/lslidar_msgs/cmake/ament_cmake_export_include_directories-extras.cmake
[5.425s] -- Up-to-date: /home/nvidia/2d_slam/install/lslidar_msgs/share/lslidar_msgs/cmake/ament_cmake_export_libraries-extras.cmake
[5.425s] -- Up-to-date: /home/nvidia/2d_slam/install/lslidar_msgs/share/lslidar_msgs/cmake/ament_cmake_export_targets-extras.cmake
[5.425s] -- Up-to-date: /home/nvidia/2d_slam/install/lslidar_msgs/share/lslidar_msgs/cmake/rosidl_cmake_export_typesupport_targets-extras.cmake
[5.425s] -- Up-to-date: /home/nvidia/2d_slam/install/lslidar_msgs/share/lslidar_msgs/cmake/rosidl_cmake_export_typesupport_libraries-extras.cmake
[5.425s] -- Up-to-date: /home/nvidia/2d_slam/install/lslidar_msgs/share/lslidar_msgs/cmake/lslidar_msgsConfig.cmake
[5.425s] -- Up-to-date: /home/nvidia/2d_slam/install/lslidar_msgs/share/lslidar_msgs/cmake/lslidar_msgsConfig-version.cmake
[5.426s] -- Up-to-date: /home/nvidia/2d_slam/install/lslidar_msgs/share/lslidar_msgs/package.xml
[5.429s] Invoked command in '/home/nvidia/roadRunner/2d_slam/build/lslidar_msgs' returned '0': CMAKE_PREFIX_PATH=${CMAKE_PREFIX_PATH}:/home/nvidia/DDSM_ws/install/robot_nav:/home/nvidia/DDSM_ws/install/robot_control:/opt/ros/humble /usr/bin/cmake --install /home/nvidia/roadRunner/2d_slam/build/lslidar_msgs
