[1.074s] Invoking command in '/home/nvidia/ros2_ws/src/robot_control': PYTHONPATH=/home/nvidia/ros2_ws/build/robot_control/prefix_override:/usr/lib/python3/dist-packages/colcon_core/task/python/colcon_distutils_commands:/home/nvidia/ros2_ws/install/robot_control/lib/python3.10/site-packages:${PYTHONPATH} /usr/bin/python3 -W ignore:setup.py install is deprecated -W ignore:easy_install command is deprecated setup.py egg_info --egg-base ../../build/robot_control build --build-base /home/nvidia/ros2_ws/build/robot_control/build install --record /home/nvidia/ros2_ws/build/robot_control/install.log --single-version-externally-managed install_data
[1.467s] running egg_info
[1.468s] writing ../../build/robot_control/robot_control.egg-info/PKG-INFO
[1.469s] writing dependency_links to ../../build/robot_control/robot_control.egg-info/dependency_links.txt
[1.469s] writing entry points to ../../build/robot_control/robot_control.egg-info/entry_points.txt
[1.469s] writing requirements to ../../build/robot_control/robot_control.egg-info/requires.txt
[1.470s] writing top-level names to ../../build/robot_control/robot_control.egg-info/top_level.txt
[1.472s] reading manifest file '../../build/robot_control/robot_control.egg-info/SOURCES.txt'
[1.473s] writing manifest file '../../build/robot_control/robot_control.egg-info/SOURCES.txt'
[1.474s] running build
[1.474s] running build_py
[1.474s] copying robot_control/serial_controller.py -> /home/nvidia/ros2_ws/build/robot_control/build/lib/robot_control
[1.474s] running install
[1.475s] running install_lib
[1.476s] copying /home/nvidia/ros2_ws/build/robot_control/build/lib/robot_control/serial_controller.py -> /home/nvidia/ros2_ws/install/robot_control/lib/python3.10/site-packages/robot_control
[1.479s] byte-compiling /home/nvidia/ros2_ws/install/robot_control/lib/python3.10/site-packages/robot_control/serial_controller.py to serial_controller.cpython-310.pyc
[1.482s] running install_data
[1.482s] running install_egg_info
[1.485s] removing '/home/nvidia/ros2_ws/install/robot_control/lib/python3.10/site-packages/robot_control-0.0.1-py3.10.egg-info' (and everything under it)
[1.485s] Copying ../../build/robot_control/robot_control.egg-info to /home/nvidia/ros2_ws/install/robot_control/lib/python3.10/site-packages/robot_control-0.0.1-py3.10.egg-info
[1.487s] running install_scripts
[1.519s] Installing robot_controller script to /home/nvidia/ros2_ws/install/robot_control/bin
[1.520s] Installing serial_controller script to /home/nvidia/ros2_ws/install/robot_control/bin
[1.520s] writing list of installed files to '/home/nvidia/ros2_ws/build/robot_control/install.log'
[1.589s] Invoked command in '/home/nvidia/ros2_ws/src/robot_control' returned '0': PYTHONPATH=/home/nvidia/ros2_ws/build/robot_control/prefix_override:/usr/lib/python3/dist-packages/colcon_core/task/python/colcon_distutils_commands:/home/nvidia/ros2_ws/install/robot_control/lib/python3.10/site-packages:${PYTHONPATH} /usr/bin/python3 -W ignore:setup.py install is deprecated -W ignore:easy_install command is deprecated setup.py egg_info --egg-base ../../build/robot_control build --build-base /home/nvidia/ros2_ws/build/robot_control/build install --record /home/nvidia/ros2_ws/build/robot_control/install.log --single-version-externally-managed install_data
