[0.038s] Invoking command in '/home/nvidia/fishbot_ws/build/fishbot_bringup': CMAKE_PREFIX_PATH=/opt/ros/humble /usr/bin/cmake --build /home/nvidia/fishbot_ws/build/fishbot_bringup -- -j8 -l8
[0.528s] -- Found ament_cmake: 1.3.11 (/opt/ros/humble/share/ament_cmake/cmake)
[0.529s] -- Override CMake install command with custom implementation using symlinks instead of copying resources
[0.529s] -- Found rclcpp: 16.0.11 (/opt/ros/humble/share/rclcpp/cmake)
[0.530s] -- Found rosidl_generator_c: 3.1.6 (/opt/ros/humble/share/rosidl_generator_c/cmake)
[0.530s] -- Found rosidl_adapter: 3.1.6 (/opt/ros/humble/share/rosidl_adapter/cmake)
[0.531s] -- Found rosidl_generator_cpp: 3.1.6 (/opt/ros/humble/share/rosidl_generator_cpp/cmake)
[0.531s] -- Using all available rosidl_typesupport_c: rosidl_typesupport_fastrtps_c;rosidl_typesupport_introspection_c
[0.531s] -- Using all available rosidl_typesupport_cpp: rosidl_typesupport_fastrtps_cpp;rosidl_typesupport_introspection_cpp
[0.532s] -- Found rmw_implementation_cmake: 6.1.2 (/opt/ros/humble/share/rmw_implementation_cmake/cmake)
[0.532s] -- Found rmw_fastrtps_cpp: 6.2.7 (/opt/ros/humble/share/rmw_fastrtps_cpp/cmake)
[0.693s] -- Using RMW implementation 'rmw_fastrtps_cpp' as default
[0.775s] -- Found geometry_msgs: 4.2.4 (/opt/ros/humble/share/geometry_msgs/cmake)
[0.795s] -- Found nav_msgs: 4.2.4 (/opt/ros/humble/share/nav_msgs/cmake)
[0.821s] -- Found tf2: 0.25.12 (/opt/ros/humble/share/tf2/cmake)
[0.827s] -- Found tf2_ros: 0.25.12 (/opt/ros/humble/share/tf2_ros/cmake)
[0.958s] -- Found ament_lint_auto: 0.12.11 (/opt/ros/humble/share/ament_lint_auto/cmake)
[1.105s] -- Added test 'cppcheck' to perform static code analysis on C / C++ code
[1.105s] -- Configured cppcheck include dirs: $<BUILD_INTERFACE:/home/nvidia/fishbot_ws/src/fishbot_bringup/include>
[1.106s] -- Configured cppcheck exclude dirs and/or files: 
[1.109s] -- Added test 'flake8' to check Python code syntax and style conventions
[1.116s] -- Added test 'lint_cmake' to check CMake code style
[1.119s] -- Added test 'pep257' to check Python code against some of the docstring style conventions in PEP 257
[1.140s] -- Added test 'uncrustify' to check C / C++ code style
[1.141s] -- Configured uncrustify additional arguments: 
[1.144s] -- Added test 'xmllint' to check XML markup files
[1.146s] -- Configuring done
[1.172s] -- Generating done
[1.180s] -- Build files have been written to: /home/nvidia/fishbot_ws/build/fishbot_bringup
[1.237s] [35m[1mConsolidate compiler generated dependencies of target fishbot_bringup[0m
[1.293s] [ 50%] [32mBuilding CXX object CMakeFiles/fishbot_bringup.dir/src/fishbot_bringup.cpp.o[0m
[16.240s] [100%] [32m[1mLinking CXX executable fishbot_bringup[0m
[17.059s] [100%] Built target fishbot_bringup
[17.083s] Invoked command in '/home/nvidia/fishbot_ws/build/fishbot_bringup' returned '0': CMAKE_PREFIX_PATH=/opt/ros/humble /usr/bin/cmake --build /home/nvidia/fishbot_ws/build/fishbot_bringup -- -j8 -l8
[17.087s] Invoking command in '/home/nvidia/fishbot_ws/build/fishbot_bringup': CMAKE_PREFIX_PATH=/opt/ros/humble /usr/bin/cmake --install /home/nvidia/fishbot_ws/build/fishbot_bringup
[17.103s] -- Install configuration: ""
[17.104s] -- Execute custom install script
[17.104s] -- Up-to-date symlink: /home/nvidia/fishbot_ws/install/fishbot_bringup/lib/fishbot_bringup/fishbot_bringup
[17.105s] -- Up-to-date symlink: /home/nvidia/fishbot_ws/install/fishbot_bringup/share/fishbot_bringup/launch/fishbot_bringup.launch.py
[17.106s] -- Up-to-date symlink: /home/nvidia/fishbot_ws/install/fishbot_bringup/share/ament_index/resource_index/package_run_dependencies/fishbot_bringup
[17.106s] -- Up-to-date symlink: /home/nvidia/fishbot_ws/install/fishbot_bringup/share/ament_index/resource_index/parent_prefix_path/fishbot_bringup
[17.106s] -- Up-to-date symlink: /home/nvidia/fishbot_ws/install/fishbot_bringup/share/fishbot_bringup/environment/ament_prefix_path.sh
[17.107s] -- Up-to-date symlink: /home/nvidia/fishbot_ws/install/fishbot_bringup/share/fishbot_bringup/environment/ament_prefix_path.dsv
[17.107s] -- Up-to-date symlink: /home/nvidia/fishbot_ws/install/fishbot_bringup/share/fishbot_bringup/environment/path.sh
[17.107s] -- Up-to-date symlink: /home/nvidia/fishbot_ws/install/fishbot_bringup/share/fishbot_bringup/environment/path.dsv
[17.108s] -- Up-to-date symlink: /home/nvidia/fishbot_ws/install/fishbot_bringup/share/fishbot_bringup/local_setup.bash
[17.108s] -- Up-to-date symlink: /home/nvidia/fishbot_ws/install/fishbot_bringup/share/fishbot_bringup/local_setup.sh
[17.108s] -- Up-to-date symlink: /home/nvidia/fishbot_ws/install/fishbot_bringup/share/fishbot_bringup/local_setup.zsh
[17.108s] -- Up-to-date symlink: /home/nvidia/fishbot_ws/install/fishbot_bringup/share/fishbot_bringup/local_setup.dsv
[17.109s] -- Symlinking: /home/nvidia/fishbot_ws/install/fishbot_bringup/share/fishbot_bringup/package.dsv
[17.125s] -- Up-to-date symlink: /home/nvidia/fishbot_ws/install/fishbot_bringup/share/ament_index/resource_index/packages/fishbot_bringup
[17.125s] -- Up-to-date symlink: /home/nvidia/fishbot_ws/install/fishbot_bringup/share/fishbot_bringup/cmake/fishbot_bringupConfig.cmake
[17.126s] -- Up-to-date symlink: /home/nvidia/fishbot_ws/install/fishbot_bringup/share/fishbot_bringup/cmake/fishbot_bringupConfig-version.cmake
[17.126s] -- Up-to-date symlink: /home/nvidia/fishbot_ws/install/fishbot_bringup/share/fishbot_bringup/package.xml
[17.131s] Invoked command in '/home/nvidia/fishbot_ws/build/fishbot_bringup' returned '0': CMAKE_PREFIX_PATH=/opt/ros/humble /usr/bin/cmake --install /home/nvidia/fishbot_ws/build/fishbot_bringup
