[0.199s] DEBUG:colcon:Command line arguments: ['/usr/bin/colcon', 'build']
[0.199s] DEBUG:colcon:Parsed command line arguments: Namespace(log_base=None, log_level=None, verb_name='build', build_base='build', install_base='install', merge_install=False, symlink_install=False, test_result_base=None, continue_on_error=False, executor='parallel', parallel_workers=8, event_handlers=None, ignore_user_meta=False, metas=['./colcon.meta'], base_paths=['.'], packages_ignore=None, packages_ignore_regex=None, paths=None, packages_up_to=None, packages_up_to_regex=None, packages_above=None, packages_above_and_dependencies=None, packages_above_depth=None, packages_select_by_dep=None, packages_skip_by_dep=None, packages_skip_up_to=None, packages_select_build_failed=False, packages_skip_build_finished=False, packages_select_test_failures=False, packages_skip_test_passed=False, packages_select=None, packages_skip=None, packages_select_regex=None, packages_skip_regex=None, packages_start=None, packages_end=None, allow_overriding=[], cmake_args=None, cmake_target=None, cmake_target_skip_unavailable=False, cmake_clean_cache=False, cmake_clean_first=False, cmake_force_configure=False, ament_cmake_args=None, catkin_cmake_args=None, catkin_skip_building_tests=False, mixin_files=None, mixin=None, verb_parser=<colcon_mixin.mixin.mixin_argument.MixinArgumentDecorator object at 0xffffa0737700>, verb_extension=<colcon_core.verb.build.BuildVerb object at 0xffffa0736d40>, main=<bound method BuildVerb.main of <colcon_core.verb.build.BuildVerb object at 0xffffa0736d40>>, mixin_verb=('build',))
[0.514s] Level 1:colcon.colcon_core.package_discovery:discover_packages(colcon_meta) check parameters
[0.514s] Level 1:colcon.colcon_core.package_discovery:discover_packages(recursive) check parameters
[0.514s] Level 1:colcon.colcon_core.package_discovery:discover_packages(ignore) check parameters
[0.514s] Level 1:colcon.colcon_core.package_discovery:discover_packages(path) check parameters
[0.514s] Level 1:colcon.colcon_core.package_discovery:discover_packages(colcon_meta) discover
[0.514s] Level 1:colcon.colcon_core.package_discovery:discover_packages(recursive) discover
[0.515s] INFO:colcon.colcon_core.package_discovery:Crawling recursively for packages in '/home/nvidia/fishbot_ws/src'
[0.515s] Level 1:colcon.colcon_core.package_identification:_identify(.) by extensions ['ignore', 'ignore_ament_install']
[0.515s] Level 1:colcon.colcon_core.package_identification:_identify(.) by extension 'ignore'
[0.515s] Level 1:colcon.colcon_core.package_identification:_identify(.) by extension 'ignore_ament_install'
[0.515s] Level 1:colcon.colcon_core.package_identification:_identify(.) by extensions ['colcon_pkg']
[0.515s] Level 1:colcon.colcon_core.package_identification:_identify(.) by extension 'colcon_pkg'
[0.515s] Level 1:colcon.colcon_core.package_identification:_identify(.) by extensions ['colcon_meta']
[0.515s] Level 1:colcon.colcon_core.package_identification:_identify(.) by extension 'colcon_meta'
[0.515s] Level 1:colcon.colcon_core.package_identification:_identify(.) by extensions ['ros']
[0.516s] Level 1:colcon.colcon_core.package_identification:_identify(.) by extension 'ros'
[0.534s] Level 1:colcon.colcon_core.package_identification:_identify(.) by extensions ['cmake', 'python']
[0.534s] Level 1:colcon.colcon_core.package_identification:_identify(.) by extension 'cmake'
[0.534s] Level 1:colcon.colcon_core.package_identification:_identify(.) by extension 'python'
[0.534s] Level 1:colcon.colcon_core.package_identification:_identify(.) by extensions ['python_setup_py']
[0.534s] Level 1:colcon.colcon_core.package_identification:_identify(.) by extension 'python_setup_py'
[0.535s] Level 1:colcon.colcon_core.package_identification:_identify(build) by extensions ['ignore', 'ignore_ament_install']
[0.535s] Level 1:colcon.colcon_core.package_identification:_identify(build) by extension 'ignore'
[0.535s] Level 1:colcon.colcon_core.package_identification:_identify(build) ignored
[0.535s] Level 1:colcon.colcon_core.package_identification:_identify(fishbot_bringup) by extensions ['ignore', 'ignore_ament_install']
[0.535s] Level 1:colcon.colcon_core.package_identification:_identify(fishbot_bringup) by extension 'ignore'
[0.535s] Level 1:colcon.colcon_core.package_identification:_identify(fishbot_bringup) by extension 'ignore_ament_install'
[0.536s] Level 1:colcon.colcon_core.package_identification:_identify(fishbot_bringup) by extensions ['colcon_pkg']
[0.536s] Level 1:colcon.colcon_core.package_identification:_identify(fishbot_bringup) by extension 'colcon_pkg'
[0.536s] Level 1:colcon.colcon_core.package_identification:_identify(fishbot_bringup) by extensions ['colcon_meta']
[0.536s] Level 1:colcon.colcon_core.package_identification:_identify(fishbot_bringup) by extension 'colcon_meta'
[0.536s] Level 1:colcon.colcon_core.package_identification:_identify(fishbot_bringup) by extensions ['ros']
[0.536s] Level 1:colcon.colcon_core.package_identification:_identify(fishbot_bringup) by extension 'ros'
[0.540s] DEBUG:colcon.colcon_core.package_identification:Package 'fishbot_bringup' with type 'ros.ament_cmake' and name 'fishbot_bringup'
[0.540s] Level 1:colcon.colcon_core.package_identification:_identify(fishbot_cartographer) by extensions ['ignore', 'ignore_ament_install']
[0.540s] Level 1:colcon.colcon_core.package_identification:_identify(fishbot_cartographer) by extension 'ignore'
[0.540s] Level 1:colcon.colcon_core.package_identification:_identify(fishbot_cartographer) by extension 'ignore_ament_install'
[0.540s] Level 1:colcon.colcon_core.package_identification:_identify(fishbot_cartographer) by extensions ['colcon_pkg']
[0.541s] Level 1:colcon.colcon_core.package_identification:_identify(fishbot_cartographer) by extension 'colcon_pkg'
[0.541s] Level 1:colcon.colcon_core.package_identification:_identify(fishbot_cartographer) by extensions ['colcon_meta']
[0.541s] Level 1:colcon.colcon_core.package_identification:_identify(fishbot_cartographer) by extension 'colcon_meta'
[0.541s] Level 1:colcon.colcon_core.package_identification:_identify(fishbot_cartographer) by extensions ['ros']
[0.541s] Level 1:colcon.colcon_core.package_identification:_identify(fishbot_cartographer) by extension 'ros'
[0.542s] DEBUG:colcon.colcon_core.package_identification:Package 'fishbot_cartographer' with type 'ros.ament_cmake' and name 'fishbot_cartographer'
[0.542s] Level 1:colcon.colcon_core.package_identification:_identify(fishbot_description) by extensions ['ignore', 'ignore_ament_install']
[0.542s] Level 1:colcon.colcon_core.package_identification:_identify(fishbot_description) by extension 'ignore'
[0.542s] Level 1:colcon.colcon_core.package_identification:_identify(fishbot_description) by extension 'ignore_ament_install'
[0.542s] Level 1:colcon.colcon_core.package_identification:_identify(fishbot_description) by extensions ['colcon_pkg']
[0.542s] Level 1:colcon.colcon_core.package_identification:_identify(fishbot_description) by extension 'colcon_pkg'
[0.543s] Level 1:colcon.colcon_core.package_identification:_identify(fishbot_description) by extensions ['colcon_meta']
[0.543s] Level 1:colcon.colcon_core.package_identification:_identify(fishbot_description) by extension 'colcon_meta'
[0.543s] Level 1:colcon.colcon_core.package_identification:_identify(fishbot_description) by extensions ['ros']
[0.543s] Level 1:colcon.colcon_core.package_identification:_identify(fishbot_description) by extension 'ros'
[0.544s] DEBUG:colcon.colcon_core.package_identification:Package 'fishbot_description' with type 'ros.ament_python' and name 'fishbot_description'
[0.544s] Level 1:colcon.colcon_core.package_identification:_identify(fishbot_navigation2) by extensions ['ignore', 'ignore_ament_install']
[0.544s] Level 1:colcon.colcon_core.package_identification:_identify(fishbot_navigation2) by extension 'ignore'
[0.544s] Level 1:colcon.colcon_core.package_identification:_identify(fishbot_navigation2) by extension 'ignore_ament_install'
[0.544s] Level 1:colcon.colcon_core.package_identification:_identify(fishbot_navigation2) by extensions ['colcon_pkg']
[0.544s] Level 1:colcon.colcon_core.package_identification:_identify(fishbot_navigation2) by extension 'colcon_pkg'
[0.544s] Level 1:colcon.colcon_core.package_identification:_identify(fishbot_navigation2) by extensions ['colcon_meta']
[0.544s] Level 1:colcon.colcon_core.package_identification:_identify(fishbot_navigation2) by extension 'colcon_meta'
[0.544s] Level 1:colcon.colcon_core.package_identification:_identify(fishbot_navigation2) by extensions ['ros']
[0.544s] Level 1:colcon.colcon_core.package_identification:_identify(fishbot_navigation2) by extension 'ros'
[0.545s] DEBUG:colcon.colcon_core.package_identification:Package 'fishbot_navigation2' with type 'ros.ament_cmake' and name 'fishbot_navigation2'
[0.546s] Level 1:colcon.colcon_core.package_identification:_identify(install) by extensions ['ignore', 'ignore_ament_install']
[0.546s] Level 1:colcon.colcon_core.package_identification:_identify(install) by extension 'ignore'
[0.546s] Level 1:colcon.colcon_core.package_identification:_identify(install) ignored
[0.546s] Level 1:colcon.colcon_core.package_identification:_identify(log) by extensions ['ignore', 'ignore_ament_install']
[0.546s] Level 1:colcon.colcon_core.package_identification:_identify(log) by extension 'ignore'
[0.546s] Level 1:colcon.colcon_core.package_identification:_identify(log) ignored
[0.547s] Level 1:colcon.colcon_core.package_discovery:discover_packages(recursive) using defaults
[0.547s] Level 1:colcon.colcon_core.package_discovery:discover_packages(ignore) discover
[0.547s] Level 1:colcon.colcon_core.package_discovery:discover_packages(ignore) using defaults
[0.547s] Level 1:colcon.colcon_core.package_discovery:discover_packages(path) discover
[0.547s] Level 1:colcon.colcon_core.package_discovery:discover_packages(path) using defaults
[0.617s] Level 1:colcon.colcon_core.package_discovery:discover_packages(prefix_path) check parameters
[0.617s] Level 1:colcon.colcon_core.package_discovery:discover_packages(prefix_path) discover
[0.622s] DEBUG:colcon.colcon_installed_package_information.package_discovery:Found 408 installed packages in /opt/ros/humble
[0.625s] Level 1:colcon.colcon_core.package_discovery:discover_packages(prefix_path) using defaults
[0.707s] Level 5:colcon.colcon_core.verb:set package 'fishbot_bringup' build argument 'cmake_args' from command line to 'None'
[0.708s] Level 5:colcon.colcon_core.verb:set package 'fishbot_bringup' build argument 'cmake_target' from command line to 'None'
[0.708s] Level 5:colcon.colcon_core.verb:set package 'fishbot_bringup' build argument 'cmake_target_skip_unavailable' from command line to 'False'
[0.708s] Level 5:colcon.colcon_core.verb:set package 'fishbot_bringup' build argument 'cmake_clean_cache' from command line to 'False'
[0.708s] Level 5:colcon.colcon_core.verb:set package 'fishbot_bringup' build argument 'cmake_clean_first' from command line to 'False'
[0.708s] Level 5:colcon.colcon_core.verb:set package 'fishbot_bringup' build argument 'cmake_force_configure' from command line to 'False'
[0.708s] Level 5:colcon.colcon_core.verb:set package 'fishbot_bringup' build argument 'ament_cmake_args' from command line to 'None'
[0.708s] Level 5:colcon.colcon_core.verb:set package 'fishbot_bringup' build argument 'catkin_cmake_args' from command line to 'None'
[0.708s] Level 5:colcon.colcon_core.verb:set package 'fishbot_bringup' build argument 'catkin_skip_building_tests' from command line to 'False'
[0.708s] DEBUG:colcon.colcon_core.verb:Building package 'fishbot_bringup' with the following arguments: {'ament_cmake_args': None, 'build_base': '/home/nvidia/fishbot_ws/src/build/fishbot_bringup', 'catkin_cmake_args': None, 'catkin_skip_building_tests': False, 'cmake_args': None, 'cmake_clean_cache': False, 'cmake_clean_first': False, 'cmake_force_configure': False, 'cmake_target': None, 'cmake_target_skip_unavailable': False, 'install_base': '/home/nvidia/fishbot_ws/src/install/fishbot_bringup', 'merge_install': False, 'path': '/home/nvidia/fishbot_ws/src/fishbot_bringup', 'symlink_install': False, 'test_result_base': None}
[0.709s] Level 5:colcon.colcon_core.verb:set package 'fishbot_cartographer' build argument 'cmake_args' from command line to 'None'
[0.709s] Level 5:colcon.colcon_core.verb:set package 'fishbot_cartographer' build argument 'cmake_target' from command line to 'None'
[0.709s] Level 5:colcon.colcon_core.verb:set package 'fishbot_cartographer' build argument 'cmake_target_skip_unavailable' from command line to 'False'
[0.709s] Level 5:colcon.colcon_core.verb:set package 'fishbot_cartographer' build argument 'cmake_clean_cache' from command line to 'False'
[0.709s] Level 5:colcon.colcon_core.verb:set package 'fishbot_cartographer' build argument 'cmake_clean_first' from command line to 'False'
[0.709s] Level 5:colcon.colcon_core.verb:set package 'fishbot_cartographer' build argument 'cmake_force_configure' from command line to 'False'
[0.709s] Level 5:colcon.colcon_core.verb:set package 'fishbot_cartographer' build argument 'ament_cmake_args' from command line to 'None'
[0.709s] Level 5:colcon.colcon_core.verb:set package 'fishbot_cartographer' build argument 'catkin_cmake_args' from command line to 'None'
[0.709s] Level 5:colcon.colcon_core.verb:set package 'fishbot_cartographer' build argument 'catkin_skip_building_tests' from command line to 'False'
[0.709s] DEBUG:colcon.colcon_core.verb:Building package 'fishbot_cartographer' with the following arguments: {'ament_cmake_args': None, 'build_base': '/home/nvidia/fishbot_ws/src/build/fishbot_cartographer', 'catkin_cmake_args': None, 'catkin_skip_building_tests': False, 'cmake_args': None, 'cmake_clean_cache': False, 'cmake_clean_first': False, 'cmake_force_configure': False, 'cmake_target': None, 'cmake_target_skip_unavailable': False, 'install_base': '/home/nvidia/fishbot_ws/src/install/fishbot_cartographer', 'merge_install': False, 'path': '/home/nvidia/fishbot_ws/src/fishbot_cartographer', 'symlink_install': False, 'test_result_base': None}
[0.709s] Level 5:colcon.colcon_core.verb:set package 'fishbot_description' build argument 'cmake_args' from command line to 'None'
[0.710s] Level 5:colcon.colcon_core.verb:set package 'fishbot_description' build argument 'cmake_target' from command line to 'None'
[0.710s] Level 5:colcon.colcon_core.verb:set package 'fishbot_description' build argument 'cmake_target_skip_unavailable' from command line to 'False'
[0.710s] Level 5:colcon.colcon_core.verb:set package 'fishbot_description' build argument 'cmake_clean_cache' from command line to 'False'
[0.710s] Level 5:colcon.colcon_core.verb:set package 'fishbot_description' build argument 'cmake_clean_first' from command line to 'False'
[0.710s] Level 5:colcon.colcon_core.verb:set package 'fishbot_description' build argument 'cmake_force_configure' from command line to 'False'
[0.710s] Level 5:colcon.colcon_core.verb:set package 'fishbot_description' build argument 'ament_cmake_args' from command line to 'None'
[0.710s] Level 5:colcon.colcon_core.verb:set package 'fishbot_description' build argument 'catkin_cmake_args' from command line to 'None'
[0.710s] Level 5:colcon.colcon_core.verb:set package 'fishbot_description' build argument 'catkin_skip_building_tests' from command line to 'False'
[0.710s] DEBUG:colcon.colcon_core.verb:Building package 'fishbot_description' with the following arguments: {'ament_cmake_args': None, 'build_base': '/home/nvidia/fishbot_ws/src/build/fishbot_description', 'catkin_cmake_args': None, 'catkin_skip_building_tests': False, 'cmake_args': None, 'cmake_clean_cache': False, 'cmake_clean_first': False, 'cmake_force_configure': False, 'cmake_target': None, 'cmake_target_skip_unavailable': False, 'install_base': '/home/nvidia/fishbot_ws/src/install/fishbot_description', 'merge_install': False, 'path': '/home/nvidia/fishbot_ws/src/fishbot_description', 'symlink_install': False, 'test_result_base': None}
[0.710s] Level 5:colcon.colcon_core.verb:set package 'fishbot_navigation2' build argument 'cmake_args' from command line to 'None'
[0.710s] Level 5:colcon.colcon_core.verb:set package 'fishbot_navigation2' build argument 'cmake_target' from command line to 'None'
[0.710s] Level 5:colcon.colcon_core.verb:set package 'fishbot_navigation2' build argument 'cmake_target_skip_unavailable' from command line to 'False'
[0.710s] Level 5:colcon.colcon_core.verb:set package 'fishbot_navigation2' build argument 'cmake_clean_cache' from command line to 'False'
[0.711s] Level 5:colcon.colcon_core.verb:set package 'fishbot_navigation2' build argument 'cmake_clean_first' from command line to 'False'
[0.711s] Level 5:colcon.colcon_core.verb:set package 'fishbot_navigation2' build argument 'cmake_force_configure' from command line to 'False'
[0.711s] Level 5:colcon.colcon_core.verb:set package 'fishbot_navigation2' build argument 'ament_cmake_args' from command line to 'None'
[0.711s] Level 5:colcon.colcon_core.verb:set package 'fishbot_navigation2' build argument 'catkin_cmake_args' from command line to 'None'
[0.711s] Level 5:colcon.colcon_core.verb:set package 'fishbot_navigation2' build argument 'catkin_skip_building_tests' from command line to 'False'
[0.711s] DEBUG:colcon.colcon_core.verb:Building package 'fishbot_navigation2' with the following arguments: {'ament_cmake_args': None, 'build_base': '/home/nvidia/fishbot_ws/src/build/fishbot_navigation2', 'catkin_cmake_args': None, 'catkin_skip_building_tests': False, 'cmake_args': None, 'cmake_clean_cache': False, 'cmake_clean_first': False, 'cmake_force_configure': False, 'cmake_target': None, 'cmake_target_skip_unavailable': False, 'install_base': '/home/nvidia/fishbot_ws/src/install/fishbot_navigation2', 'merge_install': False, 'path': '/home/nvidia/fishbot_ws/src/fishbot_navigation2', 'symlink_install': False, 'test_result_base': None}
[0.711s] INFO:colcon.colcon_core.executor:Executing jobs using 'parallel' executor
[0.713s] DEBUG:colcon.colcon_parallel_executor.executor.parallel:run_until_complete
[0.714s] INFO:colcon.colcon_ros.task.ament_cmake.build:Building ROS package in '/home/nvidia/fishbot_ws/src/fishbot_bringup' with build type 'ament_cmake'
[0.714s] INFO:colcon.colcon_cmake.task.cmake.build:Building CMake package in '/home/nvidia/fishbot_ws/src/fishbot_bringup'
[0.718s] INFO:colcon.colcon_core.plugin_system:Skipping extension 'colcon_core.shell.bat': Not used on non-Windows systems
[0.718s] INFO:colcon.colcon_core.shell:Skip shell extension 'powershell' for command environment: Not usable outside of PowerShell
[0.718s] DEBUG:colcon.colcon_core.shell:Skip shell extension 'dsv' for command environment
[0.724s] INFO:colcon.colcon_ros.task.ament_cmake.build:Building ROS package in '/home/nvidia/fishbot_ws/src/fishbot_cartographer' with build type 'ament_cmake'
[0.724s] INFO:colcon.colcon_cmake.task.cmake.build:Building CMake package in '/home/nvidia/fishbot_ws/src/fishbot_cartographer'
[0.725s] INFO:colcon.colcon_core.shell:Skip shell extension 'powershell' for command environment: Not usable outside of PowerShell
[0.725s] DEBUG:colcon.colcon_core.shell:Skip shell extension 'dsv' for command environment
[0.730s] INFO:colcon.colcon_ros.task.ament_python.build:Building ROS package in '/home/nvidia/fishbot_ws/src/fishbot_description' with build type 'ament_python'
[0.730s] Level 1:colcon.colcon_core.shell:create_environment_hook('fishbot_description', 'ament_prefix_path')
[0.731s] INFO:colcon.colcon_core.shell:Creating environment hook '/home/nvidia/fishbot_ws/src/install/fishbot_description/share/fishbot_description/hook/ament_prefix_path.ps1'
[0.732s] INFO:colcon.colcon_core.shell:Creating environment descriptor '/home/nvidia/fishbot_ws/src/install/fishbot_description/share/fishbot_description/hook/ament_prefix_path.dsv'
[0.733s] INFO:colcon.colcon_core.shell:Creating environment hook '/home/nvidia/fishbot_ws/src/install/fishbot_description/share/fishbot_description/hook/ament_prefix_path.sh'
[0.734s] INFO:colcon.colcon_core.shell:Skip shell extension 'powershell' for command environment: Not usable outside of PowerShell
[0.734s] DEBUG:colcon.colcon_core.shell:Skip shell extension 'dsv' for command environment
[0.739s] INFO:colcon.colcon_ros.task.ament_cmake.build:Building ROS package in '/home/nvidia/fishbot_ws/src/fishbot_navigation2' with build type 'ament_cmake'
[0.740s] INFO:colcon.colcon_cmake.task.cmake.build:Building CMake package in '/home/nvidia/fishbot_ws/src/fishbot_navigation2'
[0.740s] INFO:colcon.colcon_core.shell:Skip shell extension 'powershell' for command environment: Not usable outside of PowerShell
[0.741s] DEBUG:colcon.colcon_core.shell:Skip shell extension 'dsv' for command environment
[0.756s] DEBUG:colcon.colcon_core.event_handler.log_command:Invoking command in '/home/nvidia/fishbot_ws/src/build/fishbot_bringup': CMAKE_PREFIX_PATH=/opt/ros/humble /usr/bin/cmake --build /home/nvidia/fishbot_ws/src/build/fishbot_bringup -- -j8 -l8
[0.762s] DEBUG:colcon.colcon_core.event_handler.log_command:Invoking command in '/home/nvidia/fishbot_ws/src/build/fishbot_cartographer': CMAKE_PREFIX_PATH=/opt/ros/humble /usr/bin/cmake --build /home/nvidia/fishbot_ws/src/build/fishbot_cartographer -- -j8 -l8
[1.301s] INFO:colcon.colcon_core.task.python.build:Building Python package in '/home/nvidia/fishbot_ws/src/fishbot_description'
[1.302s] INFO:colcon.colcon_core.shell:Skip shell extension 'powershell' for command environment: Not usable outside of PowerShell
[1.302s] DEBUG:colcon.colcon_core.shell:Skip shell extension 'dsv' for command environment
[1.319s] DEBUG:colcon.colcon_core.event_handler.log_command:Invoking command in '/home/nvidia/fishbot_ws/src/build/fishbot_navigation2': CMAKE_PREFIX_PATH=/opt/ros/humble /usr/bin/cmake --build /home/nvidia/fishbot_ws/src/build/fishbot_navigation2 -- -j8 -l8
[1.321s] DEBUG:colcon.colcon_core.event_handler.log_command:Invoked command in '/home/nvidia/fishbot_ws/src/build/fishbot_cartographer' returned '0': CMAKE_PREFIX_PATH=/opt/ros/humble /usr/bin/cmake --build /home/nvidia/fishbot_ws/src/build/fishbot_cartographer -- -j8 -l8
[1.339s] DEBUG:colcon.colcon_core.event_handler.log_command:Invoking command in '/home/nvidia/fishbot_ws/src/build/fishbot_cartographer': CMAKE_PREFIX_PATH=/opt/ros/humble /usr/bin/cmake --install /home/nvidia/fishbot_ws/src/build/fishbot_cartographer
[1.362s] Level 1:colcon.colcon_core.environment:create_environment_scripts_only(fishbot_cartographer)
[1.364s] DEBUG:colcon.colcon_core.event_handler.log_command:Invoked command in '/home/nvidia/fishbot_ws/src/build/fishbot_cartographer' returned '0': CMAKE_PREFIX_PATH=/opt/ros/humble /usr/bin/cmake --install /home/nvidia/fishbot_ws/src/build/fishbot_cartographer
[1.371s] Level 1:colcon.colcon_core.environment:checking '/home/nvidia/fishbot_ws/src/install/fishbot_cartographer' for CMake module files
[1.372s] Level 1:colcon.colcon_core.environment:checking '/home/nvidia/fishbot_ws/src/install/fishbot_cartographer' for CMake config files
[1.372s] Level 1:colcon.colcon_core.shell:create_environment_hook('fishbot_cartographer', 'cmake_prefix_path')
[1.373s] INFO:colcon.colcon_core.shell:Creating environment hook '/home/nvidia/fishbot_ws/src/install/fishbot_cartographer/share/fishbot_cartographer/hook/cmake_prefix_path.ps1'
[1.374s] INFO:colcon.colcon_core.shell:Creating environment descriptor '/home/nvidia/fishbot_ws/src/install/fishbot_cartographer/share/fishbot_cartographer/hook/cmake_prefix_path.dsv'
[1.375s] INFO:colcon.colcon_core.shell:Creating environment hook '/home/nvidia/fishbot_ws/src/install/fishbot_cartographer/share/fishbot_cartographer/hook/cmake_prefix_path.sh'
[1.377s] Level 1:colcon.colcon_core.environment:checking '/home/nvidia/fishbot_ws/src/install/fishbot_cartographer/bin'
[1.377s] Level 1:colcon.colcon_core.environment:checking '/home/nvidia/fishbot_ws/src/install/fishbot_cartographer/lib/pkgconfig/fishbot_cartographer.pc'
[1.377s] Level 1:colcon.colcon_core.environment:checking '/home/nvidia/fishbot_ws/src/install/fishbot_cartographer/lib/python3.10/site-packages'
[1.378s] Level 1:colcon.colcon_core.environment:checking '/home/nvidia/fishbot_ws/src/install/fishbot_cartographer/bin'
[1.378s] INFO:colcon.colcon_core.shell:Creating package script '/home/nvidia/fishbot_ws/src/install/fishbot_cartographer/share/fishbot_cartographer/package.ps1'
[1.383s] INFO:colcon.colcon_core.shell:Creating package descriptor '/home/nvidia/fishbot_ws/src/install/fishbot_cartographer/share/fishbot_cartographer/package.dsv'
[1.384s] INFO:colcon.colcon_core.shell:Creating package script '/home/nvidia/fishbot_ws/src/install/fishbot_cartographer/share/fishbot_cartographer/package.sh'
[1.386s] INFO:colcon.colcon_core.shell:Creating package script '/home/nvidia/fishbot_ws/src/install/fishbot_cartographer/share/fishbot_cartographer/package.bash'
[1.388s] INFO:colcon.colcon_core.shell:Creating package script '/home/nvidia/fishbot_ws/src/install/fishbot_cartographer/share/fishbot_cartographer/package.zsh'
[1.390s] Level 1:colcon.colcon_core.environment:create_file_with_runtime_dependencies(/home/nvidia/fishbot_ws/src/install/fishbot_cartographer/share/colcon-core/packages/fishbot_cartographer)
[1.391s] Level 1:colcon.colcon_core.environment:create_environment_scripts_only(fishbot_cartographer)
[1.392s] Level 1:colcon.colcon_core.environment:checking '/home/nvidia/fishbot_ws/src/install/fishbot_cartographer' for CMake module files
[1.393s] Level 1:colcon.colcon_core.environment:checking '/home/nvidia/fishbot_ws/src/install/fishbot_cartographer' for CMake config files
[1.393s] Level 1:colcon.colcon_core.shell:create_environment_hook('fishbot_cartographer', 'cmake_prefix_path')
[1.394s] INFO:colcon.colcon_core.shell:Creating environment hook '/home/nvidia/fishbot_ws/src/install/fishbot_cartographer/share/fishbot_cartographer/hook/cmake_prefix_path.ps1'
[1.395s] INFO:colcon.colcon_core.shell:Creating environment descriptor '/home/nvidia/fishbot_ws/src/install/fishbot_cartographer/share/fishbot_cartographer/hook/cmake_prefix_path.dsv'
[1.396s] INFO:colcon.colcon_core.shell:Creating environment hook '/home/nvidia/fishbot_ws/src/install/fishbot_cartographer/share/fishbot_cartographer/hook/cmake_prefix_path.sh'
[1.399s] Level 1:colcon.colcon_core.environment:checking '/home/nvidia/fishbot_ws/src/install/fishbot_cartographer/bin'
[1.399s] Level 1:colcon.colcon_core.environment:checking '/home/nvidia/fishbot_ws/src/install/fishbot_cartographer/lib/pkgconfig/fishbot_cartographer.pc'
[1.400s] Level 1:colcon.colcon_core.environment:checking '/home/nvidia/fishbot_ws/src/install/fishbot_cartographer/lib/python3.10/site-packages'
[1.400s] Level 1:colcon.colcon_core.environment:checking '/home/nvidia/fishbot_ws/src/install/fishbot_cartographer/bin'
[1.401s] INFO:colcon.colcon_core.shell:Creating package script '/home/nvidia/fishbot_ws/src/install/fishbot_cartographer/share/fishbot_cartographer/package.ps1'
[1.403s] INFO:colcon.colcon_core.shell:Creating package descriptor '/home/nvidia/fishbot_ws/src/install/fishbot_cartographer/share/fishbot_cartographer/package.dsv'
[1.404s] INFO:colcon.colcon_core.shell:Creating package script '/home/nvidia/fishbot_ws/src/install/fishbot_cartographer/share/fishbot_cartographer/package.sh'
[1.405s] INFO:colcon.colcon_core.shell:Creating package script '/home/nvidia/fishbot_ws/src/install/fishbot_cartographer/share/fishbot_cartographer/package.bash'
[1.407s] INFO:colcon.colcon_core.shell:Creating package script '/home/nvidia/fishbot_ws/src/install/fishbot_cartographer/share/fishbot_cartographer/package.zsh'
[1.409s] Level 1:colcon.colcon_core.environment:create_file_with_runtime_dependencies(/home/nvidia/fishbot_ws/src/install/fishbot_cartographer/share/colcon-core/packages/fishbot_cartographer)
[1.412s] DEBUG:colcon.colcon_core.event_handler.log_command:Invoked command in '/home/nvidia/fishbot_ws/src/build/fishbot_navigation2' returned '0': CMAKE_PREFIX_PATH=/opt/ros/humble /usr/bin/cmake --build /home/nvidia/fishbot_ws/src/build/fishbot_navigation2 -- -j8 -l8
[1.414s] DEBUG:colcon.colcon_core.event_handler.log_command:Invoking command in '/home/nvidia/fishbot_ws/src/build/fishbot_navigation2': CMAKE_PREFIX_PATH=/opt/ros/humble /usr/bin/cmake --install /home/nvidia/fishbot_ws/src/build/fishbot_navigation2
[1.440s] Level 1:colcon.colcon_core.environment:create_environment_scripts_only(fishbot_navigation2)
[1.441s] Level 1:colcon.colcon_core.environment:checking '/home/nvidia/fishbot_ws/src/install/fishbot_navigation2' for CMake module files
[1.442s] DEBUG:colcon.colcon_core.event_handler.log_command:Invoked command in '/home/nvidia/fishbot_ws/src/build/fishbot_navigation2' returned '0': CMAKE_PREFIX_PATH=/opt/ros/humble /usr/bin/cmake --install /home/nvidia/fishbot_ws/src/build/fishbot_navigation2
[1.443s] Level 1:colcon.colcon_core.environment:checking '/home/nvidia/fishbot_ws/src/install/fishbot_navigation2' for CMake config files
[1.444s] Level 1:colcon.colcon_core.shell:create_environment_hook('fishbot_navigation2', 'cmake_prefix_path')
[1.445s] INFO:colcon.colcon_core.shell:Creating environment hook '/home/nvidia/fishbot_ws/src/install/fishbot_navigation2/share/fishbot_navigation2/hook/cmake_prefix_path.ps1'
[1.447s] INFO:colcon.colcon_core.shell:Creating environment descriptor '/home/nvidia/fishbot_ws/src/install/fishbot_navigation2/share/fishbot_navigation2/hook/cmake_prefix_path.dsv'
[1.448s] INFO:colcon.colcon_core.shell:Creating environment hook '/home/nvidia/fishbot_ws/src/install/fishbot_navigation2/share/fishbot_navigation2/hook/cmake_prefix_path.sh'
[1.449s] Level 1:colcon.colcon_core.environment:checking '/home/nvidia/fishbot_ws/src/install/fishbot_navigation2/bin'
[1.449s] Level 1:colcon.colcon_core.environment:checking '/home/nvidia/fishbot_ws/src/install/fishbot_navigation2/lib/pkgconfig/fishbot_navigation2.pc'
[1.450s] Level 1:colcon.colcon_core.environment:checking '/home/nvidia/fishbot_ws/src/install/fishbot_navigation2/lib/python3.10/site-packages'
[1.450s] Level 1:colcon.colcon_core.environment:checking '/home/nvidia/fishbot_ws/src/install/fishbot_navigation2/bin'
[1.451s] INFO:colcon.colcon_core.shell:Creating package script '/home/nvidia/fishbot_ws/src/install/fishbot_navigation2/share/fishbot_navigation2/package.ps1'
[1.453s] INFO:colcon.colcon_core.shell:Creating package descriptor '/home/nvidia/fishbot_ws/src/install/fishbot_navigation2/share/fishbot_navigation2/package.dsv'
[1.454s] INFO:colcon.colcon_core.shell:Creating package script '/home/nvidia/fishbot_ws/src/install/fishbot_navigation2/share/fishbot_navigation2/package.sh'
[1.455s] INFO:colcon.colcon_core.shell:Creating package script '/home/nvidia/fishbot_ws/src/install/fishbot_navigation2/share/fishbot_navigation2/package.bash'
[1.456s] INFO:colcon.colcon_core.shell:Creating package script '/home/nvidia/fishbot_ws/src/install/fishbot_navigation2/share/fishbot_navigation2/package.zsh'
[1.457s] Level 1:colcon.colcon_core.environment:create_file_with_runtime_dependencies(/home/nvidia/fishbot_ws/src/install/fishbot_navigation2/share/colcon-core/packages/fishbot_navigation2)
[1.458s] Level 1:colcon.colcon_core.environment:create_environment_scripts_only(fishbot_navigation2)
[1.459s] Level 1:colcon.colcon_core.environment:checking '/home/nvidia/fishbot_ws/src/install/fishbot_navigation2' for CMake module files
[1.460s] Level 1:colcon.colcon_core.environment:checking '/home/nvidia/fishbot_ws/src/install/fishbot_navigation2' for CMake config files
[1.460s] Level 1:colcon.colcon_core.shell:create_environment_hook('fishbot_navigation2', 'cmake_prefix_path')
[1.461s] INFO:colcon.colcon_core.shell:Creating environment hook '/home/nvidia/fishbot_ws/src/install/fishbot_navigation2/share/fishbot_navigation2/hook/cmake_prefix_path.ps1'
[1.462s] INFO:colcon.colcon_core.shell:Creating environment descriptor '/home/nvidia/fishbot_ws/src/install/fishbot_navigation2/share/fishbot_navigation2/hook/cmake_prefix_path.dsv'
[1.463s] INFO:colcon.colcon_core.shell:Creating environment hook '/home/nvidia/fishbot_ws/src/install/fishbot_navigation2/share/fishbot_navigation2/hook/cmake_prefix_path.sh'
[1.464s] Level 1:colcon.colcon_core.environment:checking '/home/nvidia/fishbot_ws/src/install/fishbot_navigation2/bin'
[1.465s] Level 1:colcon.colcon_core.environment:checking '/home/nvidia/fishbot_ws/src/install/fishbot_navigation2/lib/pkgconfig/fishbot_navigation2.pc'
[1.465s] Level 1:colcon.colcon_core.environment:checking '/home/nvidia/fishbot_ws/src/install/fishbot_navigation2/lib/python3.10/site-packages'
[1.466s] Level 1:colcon.colcon_core.environment:checking '/home/nvidia/fishbot_ws/src/install/fishbot_navigation2/bin'
[1.466s] INFO:colcon.colcon_core.shell:Creating package script '/home/nvidia/fishbot_ws/src/install/fishbot_navigation2/share/fishbot_navigation2/package.ps1'
[1.467s] INFO:colcon.colcon_core.shell:Creating package descriptor '/home/nvidia/fishbot_ws/src/install/fishbot_navigation2/share/fishbot_navigation2/package.dsv'
[1.468s] INFO:colcon.colcon_core.shell:Creating package script '/home/nvidia/fishbot_ws/src/install/fishbot_navigation2/share/fishbot_navigation2/package.sh'
[1.469s] INFO:colcon.colcon_core.shell:Creating package script '/home/nvidia/fishbot_ws/src/install/fishbot_navigation2/share/fishbot_navigation2/package.bash'
[1.470s] INFO:colcon.colcon_core.shell:Creating package script '/home/nvidia/fishbot_ws/src/install/fishbot_navigation2/share/fishbot_navigation2/package.zsh'
[1.471s] Level 1:colcon.colcon_core.environment:create_file_with_runtime_dependencies(/home/nvidia/fishbot_ws/src/install/fishbot_navigation2/share/colcon-core/packages/fishbot_navigation2)
[2.137s] DEBUG:colcon.colcon_core.event_handler.log_command:Invoking command in '/home/nvidia/fishbot_ws/src/fishbot_description': PYTHONPATH=/home/nvidia/fishbot_ws/src/build/fishbot_description/prefix_override:/usr/lib/python3/dist-packages/colcon_core/task/python/colcon_distutils_commands:/home/nvidia/fishbot_ws/src/install/fishbot_description/lib/python3.10/site-packages:${PYTHONPATH} /usr/bin/python3 -W ignore:setup.py install is deprecated -W ignore:easy_install command is deprecated setup.py egg_info --egg-base ../build/fishbot_description build --build-base /home/nvidia/fishbot_ws/src/build/fishbot_description/build install --record /home/nvidia/fishbot_ws/src/build/fishbot_description/install.log --single-version-externally-managed install_data
[2.885s] Level 1:colcon.colcon_core.environment:checking '/home/nvidia/fishbot_ws/src/install/fishbot_description' for CMake module files
[2.887s] DEBUG:colcon.colcon_core.event_handler.log_command:Invoked command in '/home/nvidia/fishbot_ws/src/fishbot_description' returned '0': PYTHONPATH=/home/nvidia/fishbot_ws/src/build/fishbot_description/prefix_override:/usr/lib/python3/dist-packages/colcon_core/task/python/colcon_distutils_commands:/home/nvidia/fishbot_ws/src/install/fishbot_description/lib/python3.10/site-packages:${PYTHONPATH} /usr/bin/python3 -W ignore:setup.py install is deprecated -W ignore:easy_install command is deprecated setup.py egg_info --egg-base ../build/fishbot_description build --build-base /home/nvidia/fishbot_ws/src/build/fishbot_description/build install --record /home/nvidia/fishbot_ws/src/build/fishbot_description/install.log --single-version-externally-managed install_data
[2.887s] Level 1:colcon.colcon_core.environment:checking '/home/nvidia/fishbot_ws/src/install/fishbot_description' for CMake config files
[2.888s] Level 1:colcon.colcon_core.environment:checking '/home/nvidia/fishbot_ws/src/install/fishbot_description/lib'
[2.889s] Level 1:colcon.colcon_core.environment:checking '/home/nvidia/fishbot_ws/src/install/fishbot_description/bin'
[2.889s] Level 1:colcon.colcon_core.environment:checking '/home/nvidia/fishbot_ws/src/install/fishbot_description/lib/pkgconfig/fishbot_description.pc'
[2.892s] Level 1:colcon.colcon_core.environment:checking '/home/nvidia/fishbot_ws/src/install/fishbot_description/lib/python3.10/site-packages'
[2.894s] Level 1:colcon.colcon_core.shell:create_environment_hook('fishbot_description', 'pythonpath')
[2.895s] INFO:colcon.colcon_core.shell:Creating environment hook '/home/nvidia/fishbot_ws/src/install/fishbot_description/share/fishbot_description/hook/pythonpath.ps1'
[2.896s] INFO:colcon.colcon_core.shell:Creating environment descriptor '/home/nvidia/fishbot_ws/src/install/fishbot_description/share/fishbot_description/hook/pythonpath.dsv'
[2.897s] INFO:colcon.colcon_core.shell:Creating environment hook '/home/nvidia/fishbot_ws/src/install/fishbot_description/share/fishbot_description/hook/pythonpath.sh'
[2.900s] Level 1:colcon.colcon_core.environment:checking '/home/nvidia/fishbot_ws/src/install/fishbot_description/bin'
[2.900s] Level 1:colcon.colcon_core.environment:create_environment_scripts_only(fishbot_description)
[2.901s] INFO:colcon.colcon_core.shell:Creating package script '/home/nvidia/fishbot_ws/src/install/fishbot_description/share/fishbot_description/package.ps1'
[2.902s] INFO:colcon.colcon_core.shell:Creating package descriptor '/home/nvidia/fishbot_ws/src/install/fishbot_description/share/fishbot_description/package.dsv'
[2.904s] INFO:colcon.colcon_core.shell:Creating package script '/home/nvidia/fishbot_ws/src/install/fishbot_description/share/fishbot_description/package.sh'
[2.906s] INFO:colcon.colcon_core.shell:Creating package script '/home/nvidia/fishbot_ws/src/install/fishbot_description/share/fishbot_description/package.bash'
[2.906s] INFO:colcon.colcon_core.shell:Creating package script '/home/nvidia/fishbot_ws/src/install/fishbot_description/share/fishbot_description/package.zsh'
[2.908s] Level 1:colcon.colcon_core.environment:create_file_with_runtime_dependencies(/home/nvidia/fishbot_ws/src/install/fishbot_description/share/colcon-core/packages/fishbot_description)
[20.457s] DEBUG:colcon.colcon_core.event_handler.log_command:Invoked command in '/home/nvidia/fishbot_ws/src/build/fishbot_bringup' returned '0': CMAKE_PREFIX_PATH=/opt/ros/humble /usr/bin/cmake --build /home/nvidia/fishbot_ws/src/build/fishbot_bringup -- -j8 -l8
[20.461s] DEBUG:colcon.colcon_core.event_handler.log_command:Invoking command in '/home/nvidia/fishbot_ws/src/build/fishbot_bringup': CMAKE_PREFIX_PATH=/opt/ros/humble /usr/bin/cmake --install /home/nvidia/fishbot_ws/src/build/fishbot_bringup
[20.496s] Level 1:colcon.colcon_core.environment:create_environment_scripts_only(fishbot_bringup)
[20.498s] Level 1:colcon.colcon_core.environment:checking '/home/nvidia/fishbot_ws/src/install/fishbot_bringup' for CMake module files
[20.499s] DEBUG:colcon.colcon_core.event_handler.log_command:Invoked command in '/home/nvidia/fishbot_ws/src/build/fishbot_bringup' returned '0': CMAKE_PREFIX_PATH=/opt/ros/humble /usr/bin/cmake --install /home/nvidia/fishbot_ws/src/build/fishbot_bringup
[20.501s] Level 1:colcon.colcon_core.environment:checking '/home/nvidia/fishbot_ws/src/install/fishbot_bringup' for CMake config files
[20.502s] Level 1:colcon.colcon_core.shell:create_environment_hook('fishbot_bringup', 'cmake_prefix_path')
[20.503s] INFO:colcon.colcon_core.shell:Creating environment hook '/home/nvidia/fishbot_ws/src/install/fishbot_bringup/share/fishbot_bringup/hook/cmake_prefix_path.ps1'
[20.504s] INFO:colcon.colcon_core.shell:Creating environment descriptor '/home/nvidia/fishbot_ws/src/install/fishbot_bringup/share/fishbot_bringup/hook/cmake_prefix_path.dsv'
[20.506s] INFO:colcon.colcon_core.shell:Creating environment hook '/home/nvidia/fishbot_ws/src/install/fishbot_bringup/share/fishbot_bringup/hook/cmake_prefix_path.sh'
[20.508s] Level 1:colcon.colcon_core.environment:checking '/home/nvidia/fishbot_ws/src/install/fishbot_bringup/lib'
[20.508s] Level 1:colcon.colcon_core.environment:checking '/home/nvidia/fishbot_ws/src/install/fishbot_bringup/bin'
[20.509s] Level 1:colcon.colcon_core.environment:checking '/home/nvidia/fishbot_ws/src/install/fishbot_bringup/lib/pkgconfig/fishbot_bringup.pc'
[20.509s] Level 1:colcon.colcon_core.environment:checking '/home/nvidia/fishbot_ws/src/install/fishbot_bringup/lib/python3.10/site-packages'
[20.510s] Level 1:colcon.colcon_core.environment:checking '/home/nvidia/fishbot_ws/src/install/fishbot_bringup/bin'
[20.511s] INFO:colcon.colcon_core.shell:Creating package script '/home/nvidia/fishbot_ws/src/install/fishbot_bringup/share/fishbot_bringup/package.ps1'
[20.512s] INFO:colcon.colcon_core.shell:Creating package descriptor '/home/nvidia/fishbot_ws/src/install/fishbot_bringup/share/fishbot_bringup/package.dsv'
[20.514s] INFO:colcon.colcon_core.shell:Creating package script '/home/nvidia/fishbot_ws/src/install/fishbot_bringup/share/fishbot_bringup/package.sh'
[20.515s] INFO:colcon.colcon_core.shell:Creating package script '/home/nvidia/fishbot_ws/src/install/fishbot_bringup/share/fishbot_bringup/package.bash'
[20.517s] INFO:colcon.colcon_core.shell:Creating package script '/home/nvidia/fishbot_ws/src/install/fishbot_bringup/share/fishbot_bringup/package.zsh'
[20.518s] Level 1:colcon.colcon_core.environment:create_file_with_runtime_dependencies(/home/nvidia/fishbot_ws/src/install/fishbot_bringup/share/colcon-core/packages/fishbot_bringup)
[20.519s] Level 1:colcon.colcon_core.environment:create_environment_scripts_only(fishbot_bringup)
[20.520s] Level 1:colcon.colcon_core.environment:checking '/home/nvidia/fishbot_ws/src/install/fishbot_bringup' for CMake module files
[20.521s] Level 1:colcon.colcon_core.environment:checking '/home/nvidia/fishbot_ws/src/install/fishbot_bringup' for CMake config files
[20.522s] Level 1:colcon.colcon_core.shell:create_environment_hook('fishbot_bringup', 'cmake_prefix_path')
[20.523s] INFO:colcon.colcon_core.shell:Creating environment hook '/home/nvidia/fishbot_ws/src/install/fishbot_bringup/share/fishbot_bringup/hook/cmake_prefix_path.ps1'
[20.524s] INFO:colcon.colcon_core.shell:Creating environment descriptor '/home/nvidia/fishbot_ws/src/install/fishbot_bringup/share/fishbot_bringup/hook/cmake_prefix_path.dsv'
[20.525s] INFO:colcon.colcon_core.shell:Creating environment hook '/home/nvidia/fishbot_ws/src/install/fishbot_bringup/share/fishbot_bringup/hook/cmake_prefix_path.sh'
[20.526s] Level 1:colcon.colcon_core.environment:checking '/home/nvidia/fishbot_ws/src/install/fishbot_bringup/lib'
[20.526s] Level 1:colcon.colcon_core.environment:checking '/home/nvidia/fishbot_ws/src/install/fishbot_bringup/bin'
[20.526s] Level 1:colcon.colcon_core.environment:checking '/home/nvidia/fishbot_ws/src/install/fishbot_bringup/lib/pkgconfig/fishbot_bringup.pc'
[20.526s] Level 1:colcon.colcon_core.environment:checking '/home/nvidia/fishbot_ws/src/install/fishbot_bringup/lib/python3.10/site-packages'
[20.527s] Level 1:colcon.colcon_core.environment:checking '/home/nvidia/fishbot_ws/src/install/fishbot_bringup/bin'
[20.528s] INFO:colcon.colcon_core.shell:Creating package script '/home/nvidia/fishbot_ws/src/install/fishbot_bringup/share/fishbot_bringup/package.ps1'
[20.530s] INFO:colcon.colcon_core.shell:Creating package descriptor '/home/nvidia/fishbot_ws/src/install/fishbot_bringup/share/fishbot_bringup/package.dsv'
[20.531s] INFO:colcon.colcon_core.shell:Creating package script '/home/nvidia/fishbot_ws/src/install/fishbot_bringup/share/fishbot_bringup/package.sh'
[20.532s] INFO:colcon.colcon_core.shell:Creating package script '/home/nvidia/fishbot_ws/src/install/fishbot_bringup/share/fishbot_bringup/package.bash'
[20.533s] INFO:colcon.colcon_core.shell:Creating package script '/home/nvidia/fishbot_ws/src/install/fishbot_bringup/share/fishbot_bringup/package.zsh'
[20.534s] Level 1:colcon.colcon_core.environment:create_file_with_runtime_dependencies(/home/nvidia/fishbot_ws/src/install/fishbot_bringup/share/colcon-core/packages/fishbot_bringup)
[20.534s] DEBUG:colcon.colcon_parallel_executor.executor.parallel:closing loop
[20.535s] DEBUG:colcon.colcon_parallel_executor.executor.parallel:loop closed
[20.535s] DEBUG:colcon.colcon_parallel_executor.executor.parallel:run_until_complete finished with '0'
[20.536s] DEBUG:colcon.colcon_core.event_reactor:joining thread
[20.551s] INFO:colcon.colcon_core.plugin_system:Skipping extension 'colcon_notification.desktop_notification.terminal_notifier': Not used on non-Darwin systems
[20.551s] INFO:colcon.colcon_core.plugin_system:Skipping extension 'colcon_notification.desktop_notification.win32': Not used on non-Windows systems
[20.551s] INFO:colcon.colcon_notification.desktop_notification:Sending desktop notification using 'notify2'
[20.600s] DEBUG:colcon.colcon_core.event_reactor:joined thread
[20.601s] INFO:colcon.colcon_core.shell:Creating prefix script '/home/nvidia/fishbot_ws/src/install/local_setup.ps1'
[20.603s] INFO:colcon.colcon_core.shell:Creating prefix util module '/home/nvidia/fishbot_ws/src/install/_local_setup_util_ps1.py'
[20.606s] INFO:colcon.colcon_core.shell:Creating prefix chain script '/home/nvidia/fishbot_ws/src/install/setup.ps1'
[20.608s] INFO:colcon.colcon_core.shell:Creating prefix script '/home/nvidia/fishbot_ws/src/install/local_setup.sh'
[20.609s] INFO:colcon.colcon_core.shell:Creating prefix util module '/home/nvidia/fishbot_ws/src/install/_local_setup_util_sh.py'
[20.610s] INFO:colcon.colcon_core.shell:Creating prefix chain script '/home/nvidia/fishbot_ws/src/install/setup.sh'
[20.612s] INFO:colcon.colcon_core.shell:Creating prefix script '/home/nvidia/fishbot_ws/src/install/local_setup.bash'
[20.613s] INFO:colcon.colcon_core.shell:Creating prefix chain script '/home/nvidia/fishbot_ws/src/install/setup.bash'
[20.615s] INFO:colcon.colcon_core.shell:Creating prefix script '/home/nvidia/fishbot_ws/src/install/local_setup.zsh'
[20.616s] INFO:colcon.colcon_core.shell:Creating prefix chain script '/home/nvidia/fishbot_ws/src/install/setup.zsh'
