[0.020s] Invoking command in '/home/nvidia/2d_slam/src/LSLIDAR_X_ROS2-20240228/build/lslidar_msgs': CMAKE_PREFIX_PATH=${CMAKE_PREFIX_PATH}:/opt/ros/humble /usr/bin/cmake --build /home/nvidia/2d_slam/src/LSLIDAR_X_ROS2-20240228/build/lslidar_msgs -- -j8 -l8
[0.127s] [ 11%] Built target lslidar_msgs__rosidl_generator_c
[0.129s] [ 12%] Built target lslidar_msgs__cpp
[0.143s] [ 12%] Built target ament_cmake_python_copy_lslidar_msgs
[0.165s] [ 23%] Built target lslidar_msgs__rosidl_typesupport_c
[0.173s] [ 49%] Built target lslidar_msgs__rosidl_typesupport_introspection_c
[0.173s] [ 49%] Built target lslidar_msgs__rosidl_typesupport_fastrtps_cpp
[0.174s] [ 57%] Built target lslidar_msgs__rosidl_typesupport_fastrtps_c
[0.175s] [ 79%] Built target lslidar_msgs__rosidl_typesupport_cpp
[0.176s] [ 79%] Built target lslidar_msgs__rosidl_typesupport_introspection_cpp
[0.214s] [ 79%] Built target lslidar_msgs
[0.255s] [ 80%] Built target lslidar_msgs__py
[0.298s] [ 90%] Built target lslidar_msgs__rosidl_generator_py
[0.337s] [ 93%] Built target lslidar_msgs__rosidl_typesupport_fastrtps_c__pyext
[0.337s] [ 96%] Built target lslidar_msgs__rosidl_typesupport_c__pyext
[0.339s] [100%] Built target lslidar_msgs__rosidl_typesupport_introspection_c__pyext
[0.588s] running egg_info
[0.590s] writing lslidar_msgs.egg-info/PKG-INFO
[0.590s] writing dependency_links to lslidar_msgs.egg-info/dependency_links.txt
[0.590s] writing top-level names to lslidar_msgs.egg-info/top_level.txt
[0.594s] reading manifest file 'lslidar_msgs.egg-info/SOURCES.txt'
[0.595s] writing manifest file 'lslidar_msgs.egg-info/SOURCES.txt'
[0.664s] [100%] Built target ament_cmake_python_build_lslidar_msgs_egg
[0.694s] Invoked command in '/home/nvidia/2d_slam/src/LSLIDAR_X_ROS2-20240228/build/lslidar_msgs' returned '0': CMAKE_PREFIX_PATH=${CMAKE_PREFIX_PATH}:/opt/ros/humble /usr/bin/cmake --build /home/nvidia/2d_slam/src/LSLIDAR_X_ROS2-20240228/build/lslidar_msgs -- -j8 -l8
[0.714s] Invoking command in '/home/nvidia/2d_slam/src/LSLIDAR_X_ROS2-20240228/build/lslidar_msgs': CMAKE_PREFIX_PATH=${CMAKE_PREFIX_PATH}:/opt/ros/humble /usr/bin/cmake --install /home/nvidia/2d_slam/src/LSLIDAR_X_ROS2-20240228/build/lslidar_msgs
[0.729s] -- Install configuration: ""
[0.729s] -- Up-to-date: /home/nvidia/2d_slam/src/LSLIDAR_X_ROS2-20240228/install/lslidar_msgs/share/ament_index/resource_index/rosidl_interfaces/lslidar_msgs
[0.730s] -- Up-to-date: /home/nvidia/2d_slam/src/LSLIDAR_X_ROS2-20240228/install/lslidar_msgs/include/lslidar_msgs/lslidar_msgs
[0.730s] -- Up-to-date: /home/nvidia/2d_slam/src/LSLIDAR_X_ROS2-20240228/install/lslidar_msgs/include/lslidar_msgs/lslidar_msgs/msg
[0.730s] -- Up-to-date: /home/nvidia/2d_slam/src/LSLIDAR_X_ROS2-20240228/install/lslidar_msgs/include/lslidar_msgs/lslidar_msgs/msg/lslidar_sweep.h
[0.730s] -- Up-to-date: /home/nvidia/2d_slam/src/LSLIDAR_X_ROS2-20240228/install/lslidar_msgs/include/lslidar_msgs/lslidar_msgs/msg/rosidl_generator_c__visibility_control.h
[0.731s] -- Up-to-date: /home/nvidia/2d_slam/src/LSLIDAR_X_ROS2-20240228/install/lslidar_msgs/include/lslidar_msgs/lslidar_msgs/msg/detail
[0.731s] -- Up-to-date: /home/nvidia/2d_slam/src/LSLIDAR_X_ROS2-20240228/install/lslidar_msgs/include/lslidar_msgs/lslidar_msgs/msg/detail/lslidar_packet__struct.h
[0.731s] -- Up-to-date: /home/nvidia/2d_slam/src/LSLIDAR_X_ROS2-20240228/install/lslidar_msgs/include/lslidar_msgs/lslidar_msgs/msg/detail/lslidar_scan__type_support.h
[0.731s] -- Up-to-date: /home/nvidia/2d_slam/src/LSLIDAR_X_ROS2-20240228/install/lslidar_msgs/include/lslidar_msgs/lslidar_msgs/msg/detail/lslidar_scan__functions.h
[0.732s] -- Up-to-date: /home/nvidia/2d_slam/src/LSLIDAR_X_ROS2-20240228/install/lslidar_msgs/include/lslidar_msgs/lslidar_msgs/msg/detail/lslidar_scan__struct.h
[0.732s] -- Up-to-date: /home/nvidia/2d_slam/src/LSLIDAR_X_ROS2-20240228/install/lslidar_msgs/include/lslidar_msgs/lslidar_msgs/msg/detail/lslidar_packet__type_support.h
[0.732s] -- Up-to-date: /home/nvidia/2d_slam/src/LSLIDAR_X_ROS2-20240228/install/lslidar_msgs/include/lslidar_msgs/lslidar_msgs/msg/detail/lslidar_point__functions.c
[0.732s] -- Up-to-date: /home/nvidia/2d_slam/src/LSLIDAR_X_ROS2-20240228/install/lslidar_msgs/include/lslidar_msgs/lslidar_msgs/msg/detail/lslidar_difop__functions.h
[0.732s] -- Up-to-date: /home/nvidia/2d_slam/src/LSLIDAR_X_ROS2-20240228/install/lslidar_msgs/include/lslidar_msgs/lslidar_msgs/msg/detail/lslidar_point__functions.h
[0.733s] -- Up-to-date: /home/nvidia/2d_slam/src/LSLIDAR_X_ROS2-20240228/install/lslidar_msgs/include/lslidar_msgs/lslidar_msgs/msg/detail/lslidar_sweep__type_support.h
[0.733s] -- Up-to-date: /home/nvidia/2d_slam/src/LSLIDAR_X_ROS2-20240228/install/lslidar_msgs/include/lslidar_msgs/lslidar_msgs/msg/detail/lslidar_sweep__struct.h
[0.733s] -- Up-to-date: /home/nvidia/2d_slam/src/LSLIDAR_X_ROS2-20240228/install/lslidar_msgs/include/lslidar_msgs/lslidar_msgs/msg/detail/lslidar_sweep__functions.h
[0.734s] -- Up-to-date: /home/nvidia/2d_slam/src/LSLIDAR_X_ROS2-20240228/install/lslidar_msgs/include/lslidar_msgs/lslidar_msgs/msg/detail/lslidar_point__struct.h
[0.734s] -- Up-to-date: /home/nvidia/2d_slam/src/LSLIDAR_X_ROS2-20240228/install/lslidar_msgs/include/lslidar_msgs/lslidar_msgs/msg/detail/lslidar_point__type_support.h
[0.734s] -- Up-to-date: /home/nvidia/2d_slam/src/LSLIDAR_X_ROS2-20240228/install/lslidar_msgs/include/lslidar_msgs/lslidar_msgs/msg/detail/lslidar_scan__functions.c
[0.734s] -- Up-to-date: /home/nvidia/2d_slam/src/LSLIDAR_X_ROS2-20240228/install/lslidar_msgs/include/lslidar_msgs/lslidar_msgs/msg/detail/lslidar_packet__functions.h
[0.734s] -- Up-to-date: /home/nvidia/2d_slam/src/LSLIDAR_X_ROS2-20240228/install/lslidar_msgs/include/lslidar_msgs/lslidar_msgs/msg/detail/lslidar_difop__struct.h
[0.734s] -- Up-to-date: /home/nvidia/2d_slam/src/LSLIDAR_X_ROS2-20240228/install/lslidar_msgs/include/lslidar_msgs/lslidar_msgs/msg/detail/lslidar_difop__functions.c
[0.735s] -- Up-to-date: /home/nvidia/2d_slam/src/LSLIDAR_X_ROS2-20240228/install/lslidar_msgs/include/lslidar_msgs/lslidar_msgs/msg/detail/lslidar_sweep__functions.c
[0.735s] -- Up-to-date: /home/nvidia/2d_slam/src/LSLIDAR_X_ROS2-20240228/install/lslidar_msgs/include/lslidar_msgs/lslidar_msgs/msg/detail/lslidar_packet__functions.c
[0.735s] -- Up-to-date: /home/nvidia/2d_slam/src/LSLIDAR_X_ROS2-20240228/install/lslidar_msgs/include/lslidar_msgs/lslidar_msgs/msg/detail/lslidar_difop__type_support.h
[0.735s] -- Up-to-date: /home/nvidia/2d_slam/src/LSLIDAR_X_ROS2-20240228/install/lslidar_msgs/include/lslidar_msgs/lslidar_msgs/msg/lslidar_scan.h
[0.735s] -- Up-to-date: /home/nvidia/2d_slam/src/LSLIDAR_X_ROS2-20240228/install/lslidar_msgs/include/lslidar_msgs/lslidar_msgs/msg/lslidar_packet.h
[0.735s] -- Up-to-date: /home/nvidia/2d_slam/src/LSLIDAR_X_ROS2-20240228/install/lslidar_msgs/include/lslidar_msgs/lslidar_msgs/msg/lslidar_point.h
[0.736s] -- Up-to-date: /home/nvidia/2d_slam/src/LSLIDAR_X_ROS2-20240228/install/lslidar_msgs/include/lslidar_msgs/lslidar_msgs/msg/lslidar_difop.h
[0.736s] -- Up-to-date: /home/nvidia/2d_slam/src/LSLIDAR_X_ROS2-20240228/install/lslidar_msgs/share/lslidar_msgs/environment/library_path.sh
[0.736s] -- Up-to-date: /home/nvidia/2d_slam/src/LSLIDAR_X_ROS2-20240228/install/lslidar_msgs/share/lslidar_msgs/environment/library_path.dsv
[0.736s] -- Up-to-date: /home/nvidia/2d_slam/src/LSLIDAR_X_ROS2-20240228/install/lslidar_msgs/lib/liblslidar_msgs__rosidl_generator_c.so
[0.736s] -- Up-to-date: /home/nvidia/2d_slam/src/LSLIDAR_X_ROS2-20240228/install/lslidar_msgs/include/lslidar_msgs/lslidar_msgs
[0.736s] -- Up-to-date: /home/nvidia/2d_slam/src/LSLIDAR_X_ROS2-20240228/install/lslidar_msgs/include/lslidar_msgs/lslidar_msgs/msg
[0.737s] -- Up-to-date: /home/nvidia/2d_slam/src/LSLIDAR_X_ROS2-20240228/install/lslidar_msgs/include/lslidar_msgs/lslidar_msgs/msg/detail
[0.737s] -- Up-to-date: /home/nvidia/2d_slam/src/LSLIDAR_X_ROS2-20240228/install/lslidar_msgs/include/lslidar_msgs/lslidar_msgs/msg/detail/lslidar_scan__rosidl_typesupport_fastrtps_c.h
[0.737s] -- Up-to-date: /home/nvidia/2d_slam/src/LSLIDAR_X_ROS2-20240228/install/lslidar_msgs/include/lslidar_msgs/lslidar_msgs/msg/detail/lslidar_point__rosidl_typesupport_fastrtps_c.h
[0.737s] -- Up-to-date: /home/nvidia/2d_slam/src/LSLIDAR_X_ROS2-20240228/install/lslidar_msgs/include/lslidar_msgs/lslidar_msgs/msg/detail/lslidar_packet__rosidl_typesupport_fastrtps_c.h
[0.738s] -- Up-to-date: /home/nvidia/2d_slam/src/LSLIDAR_X_ROS2-20240228/install/lslidar_msgs/include/lslidar_msgs/lslidar_msgs/msg/detail/lslidar_sweep__rosidl_typesupport_fastrtps_c.h
[0.739s] -- Up-to-date: /home/nvidia/2d_slam/src/LSLIDAR_X_ROS2-20240228/install/lslidar_msgs/include/lslidar_msgs/lslidar_msgs/msg/detail/lslidar_difop__rosidl_typesupport_fastrtps_c.h
[0.739s] -- Up-to-date: /home/nvidia/2d_slam/src/LSLIDAR_X_ROS2-20240228/install/lslidar_msgs/include/lslidar_msgs/lslidar_msgs/msg/rosidl_typesupport_fastrtps_c__visibility_control.h
[0.740s] -- Up-to-date: /home/nvidia/2d_slam/src/LSLIDAR_X_ROS2-20240228/install/lslidar_msgs/lib/liblslidar_msgs__rosidl_typesupport_fastrtps_c.so
[0.741s] -- Up-to-date: /home/nvidia/2d_slam/src/LSLIDAR_X_ROS2-20240228/install/lslidar_msgs/include/lslidar_msgs/lslidar_msgs
[0.741s] -- Up-to-date: /home/nvidia/2d_slam/src/LSLIDAR_X_ROS2-20240228/install/lslidar_msgs/include/lslidar_msgs/lslidar_msgs/msg
[0.741s] -- Up-to-date: /home/nvidia/2d_slam/src/LSLIDAR_X_ROS2-20240228/install/lslidar_msgs/include/lslidar_msgs/lslidar_msgs/msg/lslidar_point.hpp
[0.741s] -- Up-to-date: /home/nvidia/2d_slam/src/LSLIDAR_X_ROS2-20240228/install/lslidar_msgs/include/lslidar_msgs/lslidar_msgs/msg/lslidar_packet.hpp
[0.741s] -- Up-to-date: /home/nvidia/2d_slam/src/LSLIDAR_X_ROS2-20240228/install/lslidar_msgs/include/lslidar_msgs/lslidar_msgs/msg/detail
[0.741s] -- Up-to-date: /home/nvidia/2d_slam/src/LSLIDAR_X_ROS2-20240228/install/lslidar_msgs/include/lslidar_msgs/lslidar_msgs/msg/detail/lslidar_point__type_support.hpp
[0.741s] -- Up-to-date: /home/nvidia/2d_slam/src/LSLIDAR_X_ROS2-20240228/install/lslidar_msgs/include/lslidar_msgs/lslidar_msgs/msg/detail/lslidar_sweep__struct.hpp
[0.742s] -- Up-to-date: /home/nvidia/2d_slam/src/LSLIDAR_X_ROS2-20240228/install/lslidar_msgs/include/lslidar_msgs/lslidar_msgs/msg/detail/lslidar_packet__builder.hpp
[0.742s] -- Up-to-date: /home/nvidia/2d_slam/src/LSLIDAR_X_ROS2-20240228/install/lslidar_msgs/include/lslidar_msgs/lslidar_msgs/msg/detail/lslidar_scan__struct.hpp
[0.742s] -- Up-to-date: /home/nvidia/2d_slam/src/LSLIDAR_X_ROS2-20240228/install/lslidar_msgs/include/lslidar_msgs/lslidar_msgs/msg/detail/lslidar_point__builder.hpp
[0.742s] -- Up-to-date: /home/nvidia/2d_slam/src/LSLIDAR_X_ROS2-20240228/install/lslidar_msgs/include/lslidar_msgs/lslidar_msgs/msg/detail/lslidar_scan__traits.hpp
[0.742s] -- Up-to-date: /home/nvidia/2d_slam/src/LSLIDAR_X_ROS2-20240228/install/lslidar_msgs/include/lslidar_msgs/lslidar_msgs/msg/detail/lslidar_sweep__traits.hpp
[0.742s] -- Up-to-date: /home/nvidia/2d_slam/src/LSLIDAR_X_ROS2-20240228/install/lslidar_msgs/include/lslidar_msgs/lslidar_msgs/msg/detail/lslidar_scan__builder.hpp
[0.742s] -- Up-to-date: /home/nvidia/2d_slam/src/LSLIDAR_X_ROS2-20240228/install/lslidar_msgs/include/lslidar_msgs/lslidar_msgs/msg/detail/lslidar_difop__type_support.hpp
[0.742s] -- Up-to-date: /home/nvidia/2d_slam/src/LSLIDAR_X_ROS2-20240228/install/lslidar_msgs/include/lslidar_msgs/lslidar_msgs/msg/detail/lslidar_packet__type_support.hpp
[0.743s] -- Up-to-date: /home/nvidia/2d_slam/src/LSLIDAR_X_ROS2-20240228/install/lslidar_msgs/include/lslidar_msgs/lslidar_msgs/msg/detail/lslidar_sweep__type_support.hpp
[0.744s] -- Up-to-date: /home/nvidia/2d_slam/src/LSLIDAR_X_ROS2-20240228/install/lslidar_msgs/include/lslidar_msgs/lslidar_msgs/msg/detail/lslidar_packet__struct.hpp
[0.744s] -- Up-to-date: /home/nvidia/2d_slam/src/LSLIDAR_X_ROS2-20240228/install/lslidar_msgs/include/lslidar_msgs/lslidar_msgs/msg/detail/lslidar_difop__traits.hpp
[0.744s] -- Up-to-date: /home/nvidia/2d_slam/src/LSLIDAR_X_ROS2-20240228/install/lslidar_msgs/include/lslidar_msgs/lslidar_msgs/msg/detail/lslidar_point__struct.hpp
[0.745s] -- Up-to-date: /home/nvidia/2d_slam/src/LSLIDAR_X_ROS2-20240228/install/lslidar_msgs/include/lslidar_msgs/lslidar_msgs/msg/detail/lslidar_difop__builder.hpp
[0.745s] -- Up-to-date: /home/nvidia/2d_slam/src/LSLIDAR_X_ROS2-20240228/install/lslidar_msgs/include/lslidar_msgs/lslidar_msgs/msg/detail/lslidar_sweep__builder.hpp
[0.745s] -- Up-to-date: /home/nvidia/2d_slam/src/LSLIDAR_X_ROS2-20240228/install/lslidar_msgs/include/lslidar_msgs/lslidar_msgs/msg/detail/lslidar_difop__struct.hpp
[0.745s] -- Up-to-date: /home/nvidia/2d_slam/src/LSLIDAR_X_ROS2-20240228/install/lslidar_msgs/include/lslidar_msgs/lslidar_msgs/msg/detail/lslidar_scan__type_support.hpp
[0.746s] -- Up-to-date: /home/nvidia/2d_slam/src/LSLIDAR_X_ROS2-20240228/install/lslidar_msgs/include/lslidar_msgs/lslidar_msgs/msg/detail/lslidar_packet__traits.hpp
[0.746s] -- Up-to-date: /home/nvidia/2d_slam/src/LSLIDAR_X_ROS2-20240228/install/lslidar_msgs/include/lslidar_msgs/lslidar_msgs/msg/detail/lslidar_point__traits.hpp
[0.746s] -- Up-to-date: /home/nvidia/2d_slam/src/LSLIDAR_X_ROS2-20240228/install/lslidar_msgs/include/lslidar_msgs/lslidar_msgs/msg/lslidar_sweep.hpp
[0.746s] -- Up-to-date: /home/nvidia/2d_slam/src/LSLIDAR_X_ROS2-20240228/install/lslidar_msgs/include/lslidar_msgs/lslidar_msgs/msg/rosidl_generator_cpp__visibility_control.hpp
[0.746s] -- Up-to-date: /home/nvidia/2d_slam/src/LSLIDAR_X_ROS2-20240228/install/lslidar_msgs/include/lslidar_msgs/lslidar_msgs/msg/lslidar_scan.hpp
[0.747s] -- Up-to-date: /home/nvidia/2d_slam/src/LSLIDAR_X_ROS2-20240228/install/lslidar_msgs/include/lslidar_msgs/lslidar_msgs/msg/lslidar_difop.hpp
[0.747s] -- Up-to-date: /home/nvidia/2d_slam/src/LSLIDAR_X_ROS2-20240228/install/lslidar_msgs/include/lslidar_msgs/lslidar_msgs
[0.747s] -- Up-to-date: /home/nvidia/2d_slam/src/LSLIDAR_X_ROS2-20240228/install/lslidar_msgs/include/lslidar_msgs/lslidar_msgs/msg
[0.747s] -- Up-to-date: /home/nvidia/2d_slam/src/LSLIDAR_X_ROS2-20240228/install/lslidar_msgs/include/lslidar_msgs/lslidar_msgs/msg/detail
[0.747s] -- Up-to-date: /home/nvidia/2d_slam/src/LSLIDAR_X_ROS2-20240228/install/lslidar_msgs/include/lslidar_msgs/lslidar_msgs/msg/detail/lslidar_packet__rosidl_typesupport_fastrtps_cpp.hpp
[0.747s] -- Up-to-date: /home/nvidia/2d_slam/src/LSLIDAR_X_ROS2-20240228/install/lslidar_msgs/include/lslidar_msgs/lslidar_msgs/msg/detail/lslidar_difop__rosidl_typesupport_fastrtps_cpp.hpp
[0.748s] -- Up-to-date: /home/nvidia/2d_slam/src/LSLIDAR_X_ROS2-20240228/install/lslidar_msgs/include/lslidar_msgs/lslidar_msgs/msg/detail/lslidar_sweep__rosidl_typesupport_fastrtps_cpp.hpp
[0.748s] -- Up-to-date: /home/nvidia/2d_slam/src/LSLIDAR_X_ROS2-20240228/install/lslidar_msgs/include/lslidar_msgs/lslidar_msgs/msg/detail/lslidar_point__rosidl_typesupport_fastrtps_cpp.hpp
[0.748s] -- Up-to-date: /home/nvidia/2d_slam/src/LSLIDAR_X_ROS2-20240228/install/lslidar_msgs/include/lslidar_msgs/lslidar_msgs/msg/detail/lslidar_scan__rosidl_typesupport_fastrtps_cpp.hpp
[0.748s] -- Up-to-date: /home/nvidia/2d_slam/src/LSLIDAR_X_ROS2-20240228/install/lslidar_msgs/include/lslidar_msgs/lslidar_msgs/msg/detail/dds_fastrtps
[0.748s] -- Up-to-date: /home/nvidia/2d_slam/src/LSLIDAR_X_ROS2-20240228/install/lslidar_msgs/include/lslidar_msgs/lslidar_msgs/msg/rosidl_typesupport_fastrtps_cpp__visibility_control.h
[0.749s] -- Up-to-date: /home/nvidia/2d_slam/src/LSLIDAR_X_ROS2-20240228/install/lslidar_msgs/lib/liblslidar_msgs__rosidl_typesupport_fastrtps_cpp.so
[0.749s] -- Up-to-date: /home/nvidia/2d_slam/src/LSLIDAR_X_ROS2-20240228/install/lslidar_msgs/include/lslidar_msgs/lslidar_msgs
[0.749s] -- Up-to-date: /home/nvidia/2d_slam/src/LSLIDAR_X_ROS2-20240228/install/lslidar_msgs/include/lslidar_msgs/lslidar_msgs/msg
[0.749s] -- Up-to-date: /home/nvidia/2d_slam/src/LSLIDAR_X_ROS2-20240228/install/lslidar_msgs/include/lslidar_msgs/lslidar_msgs/msg/rosidl_typesupport_introspection_c__visibility_control.h
[0.749s] -- Up-to-date: /home/nvidia/2d_slam/src/LSLIDAR_X_ROS2-20240228/install/lslidar_msgs/include/lslidar_msgs/lslidar_msgs/msg/detail
[0.749s] -- Up-to-date: /home/nvidia/2d_slam/src/LSLIDAR_X_ROS2-20240228/install/lslidar_msgs/include/lslidar_msgs/lslidar_msgs/msg/detail/lslidar_sweep__type_support.c
[0.749s] -- Up-to-date: /home/nvidia/2d_slam/src/LSLIDAR_X_ROS2-20240228/install/lslidar_msgs/include/lslidar_msgs/lslidar_msgs/msg/detail/lslidar_point__type_support.c
[0.749s] -- Up-to-date: /home/nvidia/2d_slam/src/LSLIDAR_X_ROS2-20240228/install/lslidar_msgs/include/lslidar_msgs/lslidar_msgs/msg/detail/lslidar_difop__rosidl_typesupport_introspection_c.h
[0.749s] -- Up-to-date: /home/nvidia/2d_slam/src/LSLIDAR_X_ROS2-20240228/install/lslidar_msgs/include/lslidar_msgs/lslidar_msgs/msg/detail/lslidar_packet__type_support.c
[0.749s] -- Up-to-date: /home/nvidia/2d_slam/src/LSLIDAR_X_ROS2-20240228/install/lslidar_msgs/include/lslidar_msgs/lslidar_msgs/msg/detail/lslidar_point__rosidl_typesupport_introspection_c.h
[0.749s] -- Up-to-date: /home/nvidia/2d_slam/src/LSLIDAR_X_ROS2-20240228/install/lslidar_msgs/include/lslidar_msgs/lslidar_msgs/msg/detail/lslidar_packet__rosidl_typesupport_introspection_c.h
[0.750s] -- Up-to-date: /home/nvidia/2d_slam/src/LSLIDAR_X_ROS2-20240228/install/lslidar_msgs/include/lslidar_msgs/lslidar_msgs/msg/detail/lslidar_sweep__rosidl_typesupport_introspection_c.h
[0.750s] -- Up-to-date: /home/nvidia/2d_slam/src/LSLIDAR_X_ROS2-20240228/install/lslidar_msgs/include/lslidar_msgs/lslidar_msgs/msg/detail/lslidar_difop__type_support.c
[0.750s] -- Up-to-date: /home/nvidia/2d_slam/src/LSLIDAR_X_ROS2-20240228/install/lslidar_msgs/include/lslidar_msgs/lslidar_msgs/msg/detail/lslidar_scan__type_support.c
[0.750s] -- Up-to-date: /home/nvidia/2d_slam/src/LSLIDAR_X_ROS2-20240228/install/lslidar_msgs/include/lslidar_msgs/lslidar_msgs/msg/detail/lslidar_scan__rosidl_typesupport_introspection_c.h
[0.750s] -- Up-to-date: /home/nvidia/2d_slam/src/LSLIDAR_X_ROS2-20240228/install/lslidar_msgs/lib/liblslidar_msgs__rosidl_typesupport_introspection_c.so
[0.750s] -- Up-to-date: /home/nvidia/2d_slam/src/LSLIDAR_X_ROS2-20240228/install/lslidar_msgs/lib/liblslidar_msgs__rosidl_typesupport_c.so
[0.750s] -- Up-to-date: /home/nvidia/2d_slam/src/LSLIDAR_X_ROS2-20240228/install/lslidar_msgs/include/lslidar_msgs/lslidar_msgs
[0.750s] -- Up-to-date: /home/nvidia/2d_slam/src/LSLIDAR_X_ROS2-20240228/install/lslidar_msgs/include/lslidar_msgs/lslidar_msgs/msg
[0.750s] -- Up-to-date: /home/nvidia/2d_slam/src/LSLIDAR_X_ROS2-20240228/install/lslidar_msgs/include/lslidar_msgs/lslidar_msgs/msg/detail
[0.750s] -- Up-to-date: /home/nvidia/2d_slam/src/LSLIDAR_X_ROS2-20240228/install/lslidar_msgs/include/lslidar_msgs/lslidar_msgs/msg/detail/lslidar_packet__rosidl_typesupport_introspection_cpp.hpp
[0.750s] -- Up-to-date: /home/nvidia/2d_slam/src/LSLIDAR_X_ROS2-20240228/install/lslidar_msgs/include/lslidar_msgs/lslidar_msgs/msg/detail/lslidar_difop__rosidl_typesupport_introspection_cpp.hpp
[0.750s] -- Up-to-date: /home/nvidia/2d_slam/src/LSLIDAR_X_ROS2-20240228/install/lslidar_msgs/include/lslidar_msgs/lslidar_msgs/msg/detail/lslidar_difop__type_support.cpp
[0.751s] -- Up-to-date: /home/nvidia/2d_slam/src/LSLIDAR_X_ROS2-20240228/install/lslidar_msgs/include/lslidar_msgs/lslidar_msgs/msg/detail/lslidar_packet__type_support.cpp
[0.751s] -- Up-to-date: /home/nvidia/2d_slam/src/LSLIDAR_X_ROS2-20240228/install/lslidar_msgs/include/lslidar_msgs/lslidar_msgs/msg/detail/lslidar_point__rosidl_typesupport_introspection_cpp.hpp
[0.751s] -- Up-to-date: /home/nvidia/2d_slam/src/LSLIDAR_X_ROS2-20240228/install/lslidar_msgs/include/lslidar_msgs/lslidar_msgs/msg/detail/lslidar_scan__rosidl_typesupport_introspection_cpp.hpp
[0.751s] -- Up-to-date: /home/nvidia/2d_slam/src/LSLIDAR_X_ROS2-20240228/install/lslidar_msgs/include/lslidar_msgs/lslidar_msgs/msg/detail/lslidar_sweep__rosidl_typesupport_introspection_cpp.hpp
[0.751s] -- Up-to-date: /home/nvidia/2d_slam/src/LSLIDAR_X_ROS2-20240228/install/lslidar_msgs/include/lslidar_msgs/lslidar_msgs/msg/detail/lslidar_scan__type_support.cpp
[0.752s] -- Up-to-date: /home/nvidia/2d_slam/src/LSLIDAR_X_ROS2-20240228/install/lslidar_msgs/include/lslidar_msgs/lslidar_msgs/msg/detail/lslidar_point__type_support.cpp
[0.752s] -- Up-to-date: /home/nvidia/2d_slam/src/LSLIDAR_X_ROS2-20240228/install/lslidar_msgs/include/lslidar_msgs/lslidar_msgs/msg/detail/lslidar_sweep__type_support.cpp
[0.752s] -- Up-to-date: /home/nvidia/2d_slam/src/LSLIDAR_X_ROS2-20240228/install/lslidar_msgs/lib/liblslidar_msgs__rosidl_typesupport_introspection_cpp.so
[0.752s] -- Up-to-date: /home/nvidia/2d_slam/src/LSLIDAR_X_ROS2-20240228/install/lslidar_msgs/lib/liblslidar_msgs__rosidl_typesupport_cpp.so
[0.753s] -- Up-to-date: /home/nvidia/2d_slam/src/LSLIDAR_X_ROS2-20240228/install/lslidar_msgs/share/lslidar_msgs/environment/pythonpath.sh
[0.753s] -- Up-to-date: /home/nvidia/2d_slam/src/LSLIDAR_X_ROS2-20240228/install/lslidar_msgs/share/lslidar_msgs/environment/pythonpath.dsv
[0.753s] -- Up-to-date: /home/nvidia/2d_slam/src/LSLIDAR_X_ROS2-20240228/install/lslidar_msgs/local/lib/python3.10/dist-packages/lslidar_msgs-1.2.0-py3.10.egg-info
[0.753s] -- Installing: /home/nvidia/2d_slam/src/LSLIDAR_X_ROS2-20240228/install/lslidar_msgs/local/lib/python3.10/dist-packages/lslidar_msgs-1.2.0-py3.10.egg-info/dependency_links.txt
[0.753s] -- Installing: /home/nvidia/2d_slam/src/LSLIDAR_X_ROS2-20240228/install/lslidar_msgs/local/lib/python3.10/dist-packages/lslidar_msgs-1.2.0-py3.10.egg-info/SOURCES.txt
[0.754s] -- Installing: /home/nvidia/2d_slam/src/LSLIDAR_X_ROS2-20240228/install/lslidar_msgs/local/lib/python3.10/dist-packages/lslidar_msgs-1.2.0-py3.10.egg-info/top_level.txt
[0.754s] -- Installing: /home/nvidia/2d_slam/src/LSLIDAR_X_ROS2-20240228/install/lslidar_msgs/local/lib/python3.10/dist-packages/lslidar_msgs-1.2.0-py3.10.egg-info/PKG-INFO
[0.754s] -- Up-to-date: /home/nvidia/2d_slam/src/LSLIDAR_X_ROS2-20240228/install/lslidar_msgs/local/lib/python3.10/dist-packages/lslidar_msgs
[0.754s] -- Up-to-date: /home/nvidia/2d_slam/src/LSLIDAR_X_ROS2-20240228/install/lslidar_msgs/local/lib/python3.10/dist-packages/lslidar_msgs/lslidar_msgs_s__rosidl_typesupport_introspection_c.cpython-310-aarch64-linux-gnu.so
[0.754s] -- Up-to-date: /home/nvidia/2d_slam/src/LSLIDAR_X_ROS2-20240228/install/lslidar_msgs/local/lib/python3.10/dist-packages/lslidar_msgs/msg
[0.755s] -- Up-to-date: /home/nvidia/2d_slam/src/LSLIDAR_X_ROS2-20240228/install/lslidar_msgs/local/lib/python3.10/dist-packages/lslidar_msgs/msg/_lslidar_difop_s.c
[0.755s] -- Up-to-date: /home/nvidia/2d_slam/src/LSLIDAR_X_ROS2-20240228/install/lslidar_msgs/local/lib/python3.10/dist-packages/lslidar_msgs/msg/_lslidar_packet.py
[0.755s] -- Up-to-date: /home/nvidia/2d_slam/src/LSLIDAR_X_ROS2-20240228/install/lslidar_msgs/local/lib/python3.10/dist-packages/lslidar_msgs/msg/_lslidar_sweep_s.c
[0.755s] -- Up-to-date: /home/nvidia/2d_slam/src/LSLIDAR_X_ROS2-20240228/install/lslidar_msgs/local/lib/python3.10/dist-packages/lslidar_msgs/msg/_lslidar_packet_s.c
[0.756s] -- Up-to-date: /home/nvidia/2d_slam/src/LSLIDAR_X_ROS2-20240228/install/lslidar_msgs/local/lib/python3.10/dist-packages/lslidar_msgs/msg/_lslidar_sweep.py
[0.756s] -- Up-to-date: /home/nvidia/2d_slam/src/LSLIDAR_X_ROS2-20240228/install/lslidar_msgs/local/lib/python3.10/dist-packages/lslidar_msgs/msg/_lslidar_scan_s.c
[0.756s] -- Up-to-date: /home/nvidia/2d_slam/src/LSLIDAR_X_ROS2-20240228/install/lslidar_msgs/local/lib/python3.10/dist-packages/lslidar_msgs/msg/_lslidar_point_s.c
[0.756s] -- Up-to-date: /home/nvidia/2d_slam/src/LSLIDAR_X_ROS2-20240228/install/lslidar_msgs/local/lib/python3.10/dist-packages/lslidar_msgs/msg/_lslidar_difop.py
[0.756s] -- Up-to-date: /home/nvidia/2d_slam/src/LSLIDAR_X_ROS2-20240228/install/lslidar_msgs/local/lib/python3.10/dist-packages/lslidar_msgs/msg/_lslidar_scan.py
[0.757s] -- Up-to-date: /home/nvidia/2d_slam/src/LSLIDAR_X_ROS2-20240228/install/lslidar_msgs/local/lib/python3.10/dist-packages/lslidar_msgs/msg/_lslidar_point.py
[0.757s] -- Up-to-date: /home/nvidia/2d_slam/src/LSLIDAR_X_ROS2-20240228/install/lslidar_msgs/local/lib/python3.10/dist-packages/lslidar_msgs/msg/__init__.py
[0.757s] -- Up-to-date: /home/nvidia/2d_slam/src/LSLIDAR_X_ROS2-20240228/install/lslidar_msgs/local/lib/python3.10/dist-packages/lslidar_msgs/_lslidar_msgs_s.ep.rosidl_typesupport_c.c
[0.757s] -- Up-to-date: /home/nvidia/2d_slam/src/LSLIDAR_X_ROS2-20240228/install/lslidar_msgs/local/lib/python3.10/dist-packages/lslidar_msgs/lslidar_msgs_s__rosidl_typesupport_c.cpython-310-aarch64-linux-gnu.so
[0.757s] -- Up-to-date: /home/nvidia/2d_slam/src/LSLIDAR_X_ROS2-20240228/install/lslidar_msgs/local/lib/python3.10/dist-packages/lslidar_msgs/lslidar_msgs_s__rosidl_typesupport_fastrtps_c.cpython-310-aarch64-linux-gnu.so
[0.758s] -- Up-to-date: /home/nvidia/2d_slam/src/LSLIDAR_X_ROS2-20240228/install/lslidar_msgs/local/lib/python3.10/dist-packages/lslidar_msgs/_lslidar_msgs_s.ep.rosidl_typesupport_introspection_c.c
[0.758s] -- Up-to-date: /home/nvidia/2d_slam/src/LSLIDAR_X_ROS2-20240228/install/lslidar_msgs/local/lib/python3.10/dist-packages/lslidar_msgs/_lslidar_msgs_s.ep.rosidl_typesupport_fastrtps_c.c
[0.758s] -- Up-to-date: /home/nvidia/2d_slam/src/LSLIDAR_X_ROS2-20240228/install/lslidar_msgs/local/lib/python3.10/dist-packages/lslidar_msgs/liblslidar_msgs__rosidl_generator_py.so
[0.758s] -- Up-to-date: /home/nvidia/2d_slam/src/LSLIDAR_X_ROS2-20240228/install/lslidar_msgs/local/lib/python3.10/dist-packages/lslidar_msgs/__init__.py
[0.796s] Listing '/home/nvidia/2d_slam/src/LSLIDAR_X_ROS2-20240228/install/lslidar_msgs/local/lib/python3.10/dist-packages/lslidar_msgs'...
[0.796s] Listing '/home/nvidia/2d_slam/src/LSLIDAR_X_ROS2-20240228/install/lslidar_msgs/local/lib/python3.10/dist-packages/lslidar_msgs/msg'...
[0.805s] -- Up-to-date: /home/nvidia/2d_slam/src/LSLIDAR_X_ROS2-20240228/install/lslidar_msgs/local/lib/python3.10/dist-packages/lslidar_msgs/lslidar_msgs_s__rosidl_typesupport_fastrtps_c.cpython-310-aarch64-linux-gnu.so
[0.805s] -- Up-to-date: /home/nvidia/2d_slam/src/LSLIDAR_X_ROS2-20240228/install/lslidar_msgs/local/lib/python3.10/dist-packages/lslidar_msgs/lslidar_msgs_s__rosidl_typesupport_introspection_c.cpython-310-aarch64-linux-gnu.so
[0.805s] -- Up-to-date: /home/nvidia/2d_slam/src/LSLIDAR_X_ROS2-20240228/install/lslidar_msgs/local/lib/python3.10/dist-packages/lslidar_msgs/lslidar_msgs_s__rosidl_typesupport_c.cpython-310-aarch64-linux-gnu.so
[0.806s] -- Up-to-date: /home/nvidia/2d_slam/src/LSLIDAR_X_ROS2-20240228/install/lslidar_msgs/lib/liblslidar_msgs__rosidl_generator_py.so
[0.806s] -- Up-to-date: /home/nvidia/2d_slam/src/LSLIDAR_X_ROS2-20240228/install/lslidar_msgs/share/lslidar_msgs/msg/LslidarDifop.idl
[0.807s] -- Up-to-date: /home/nvidia/2d_slam/src/LSLIDAR_X_ROS2-20240228/install/lslidar_msgs/share/lslidar_msgs/msg/LslidarPacket.idl
[0.807s] -- Up-to-date: /home/nvidia/2d_slam/src/LSLIDAR_X_ROS2-20240228/install/lslidar_msgs/share/lslidar_msgs/msg/LslidarPoint.idl
[0.808s] -- Up-to-date: /home/nvidia/2d_slam/src/LSLIDAR_X_ROS2-20240228/install/lslidar_msgs/share/lslidar_msgs/msg/LslidarScan.idl
[0.808s] -- Up-to-date: /home/nvidia/2d_slam/src/LSLIDAR_X_ROS2-20240228/install/lslidar_msgs/share/lslidar_msgs/msg/LslidarSweep.idl
[0.808s] -- Up-to-date: /home/nvidia/2d_slam/src/LSLIDAR_X_ROS2-20240228/install/lslidar_msgs/share/lslidar_msgs/msg/LslidarDifop.msg
[0.808s] -- Up-to-date: /home/nvidia/2d_slam/src/LSLIDAR_X_ROS2-20240228/install/lslidar_msgs/share/lslidar_msgs/msg/LslidarPacket.msg
[0.809s] -- Up-to-date: /home/nvidia/2d_slam/src/LSLIDAR_X_ROS2-20240228/install/lslidar_msgs/share/lslidar_msgs/msg/LslidarPoint.msg
[0.809s] -- Up-to-date: /home/nvidia/2d_slam/src/LSLIDAR_X_ROS2-20240228/install/lslidar_msgs/share/lslidar_msgs/msg/LslidarScan.msg
[0.809s] -- Up-to-date: /home/nvidia/2d_slam/src/LSLIDAR_X_ROS2-20240228/install/lslidar_msgs/share/lslidar_msgs/msg/LslidarSweep.msg
[0.810s] -- Up-to-date: /home/nvidia/2d_slam/src/LSLIDAR_X_ROS2-20240228/install/lslidar_msgs/share/ament_index/resource_index/package_run_dependencies/lslidar_msgs
[0.810s] -- Up-to-date: /home/nvidia/2d_slam/src/LSLIDAR_X_ROS2-20240228/install/lslidar_msgs/share/ament_index/resource_index/parent_prefix_path/lslidar_msgs
[0.810s] -- Up-to-date: /home/nvidia/2d_slam/src/LSLIDAR_X_ROS2-20240228/install/lslidar_msgs/share/lslidar_msgs/environment/ament_prefix_path.sh
[0.811s] -- Up-to-date: /home/nvidia/2d_slam/src/LSLIDAR_X_ROS2-20240228/install/lslidar_msgs/share/lslidar_msgs/environment/ament_prefix_path.dsv
[0.811s] -- Up-to-date: /home/nvidia/2d_slam/src/LSLIDAR_X_ROS2-20240228/install/lslidar_msgs/share/lslidar_msgs/environment/path.sh
[0.811s] -- Up-to-date: /home/nvidia/2d_slam/src/LSLIDAR_X_ROS2-20240228/install/lslidar_msgs/share/lslidar_msgs/environment/path.dsv
[0.812s] -- Up-to-date: /home/nvidia/2d_slam/src/LSLIDAR_X_ROS2-20240228/install/lslidar_msgs/share/lslidar_msgs/local_setup.bash
[0.812s] -- Up-to-date: /home/nvidia/2d_slam/src/LSLIDAR_X_ROS2-20240228/install/lslidar_msgs/share/lslidar_msgs/local_setup.sh
[0.812s] -- Up-to-date: /home/nvidia/2d_slam/src/LSLIDAR_X_ROS2-20240228/install/lslidar_msgs/share/lslidar_msgs/local_setup.zsh
[0.812s] -- Up-to-date: /home/nvidia/2d_slam/src/LSLIDAR_X_ROS2-20240228/install/lslidar_msgs/share/lslidar_msgs/local_setup.dsv
[0.813s] -- Installing: /home/nvidia/2d_slam/src/LSLIDAR_X_ROS2-20240228/install/lslidar_msgs/share/lslidar_msgs/package.dsv
[0.813s] -- Up-to-date: /home/nvidia/2d_slam/src/LSLIDAR_X_ROS2-20240228/install/lslidar_msgs/share/ament_index/resource_index/packages/lslidar_msgs
[0.813s] -- Up-to-date: /home/nvidia/2d_slam/src/LSLIDAR_X_ROS2-20240228/install/lslidar_msgs/share/lslidar_msgs/cmake/export_lslidar_msgs__rosidl_generator_cExport.cmake
[0.813s] -- Up-to-date: /home/nvidia/2d_slam/src/LSLIDAR_X_ROS2-20240228/install/lslidar_msgs/share/lslidar_msgs/cmake/export_lslidar_msgs__rosidl_generator_cExport-noconfig.cmake
[0.813s] -- Up-to-date: /home/nvidia/2d_slam/src/LSLIDAR_X_ROS2-20240228/install/lslidar_msgs/share/lslidar_msgs/cmake/export_lslidar_msgs__rosidl_typesupport_fastrtps_cExport.cmake
[0.814s] -- Up-to-date: /home/nvidia/2d_slam/src/LSLIDAR_X_ROS2-20240228/install/lslidar_msgs/share/lslidar_msgs/cmake/export_lslidar_msgs__rosidl_typesupport_fastrtps_cExport-noconfig.cmake
[0.814s] -- Up-to-date: /home/nvidia/2d_slam/src/LSLIDAR_X_ROS2-20240228/install/lslidar_msgs/share/lslidar_msgs/cmake/export_lslidar_msgs__rosidl_generator_cppExport.cmake
[0.814s] -- Up-to-date: /home/nvidia/2d_slam/src/LSLIDAR_X_ROS2-20240228/install/lslidar_msgs/share/lslidar_msgs/cmake/export_lslidar_msgs__rosidl_typesupport_fastrtps_cppExport.cmake
[0.814s] -- Up-to-date: /home/nvidia/2d_slam/src/LSLIDAR_X_ROS2-20240228/install/lslidar_msgs/share/lslidar_msgs/cmake/export_lslidar_msgs__rosidl_typesupport_fastrtps_cppExport-noconfig.cmake
[0.814s] -- Up-to-date: /home/nvidia/2d_slam/src/LSLIDAR_X_ROS2-20240228/install/lslidar_msgs/share/lslidar_msgs/cmake/lslidar_msgs__rosidl_typesupport_introspection_cExport.cmake
[0.815s] -- Up-to-date: /home/nvidia/2d_slam/src/LSLIDAR_X_ROS2-20240228/install/lslidar_msgs/share/lslidar_msgs/cmake/lslidar_msgs__rosidl_typesupport_introspection_cExport-noconfig.cmake
[0.816s] -- Up-to-date: /home/nvidia/2d_slam/src/LSLIDAR_X_ROS2-20240228/install/lslidar_msgs/share/lslidar_msgs/cmake/lslidar_msgs__rosidl_typesupport_cExport.cmake
[0.816s] -- Up-to-date: /home/nvidia/2d_slam/src/LSLIDAR_X_ROS2-20240228/install/lslidar_msgs/share/lslidar_msgs/cmake/lslidar_msgs__rosidl_typesupport_cExport-noconfig.cmake
[0.817s] -- Up-to-date: /home/nvidia/2d_slam/src/LSLIDAR_X_ROS2-20240228/install/lslidar_msgs/share/lslidar_msgs/cmake/lslidar_msgs__rosidl_typesupport_introspection_cppExport.cmake
[0.819s] -- Up-to-date: /home/nvidia/2d_slam/src/LSLIDAR_X_ROS2-20240228/install/lslidar_msgs/share/lslidar_msgs/cmake/lslidar_msgs__rosidl_typesupport_introspection_cppExport-noconfig.cmake
[0.819s] -- Up-to-date: /home/nvidia/2d_slam/src/LSLIDAR_X_ROS2-20240228/install/lslidar_msgs/share/lslidar_msgs/cmake/lslidar_msgs__rosidl_typesupport_cppExport.cmake
[0.820s] -- Up-to-date: /home/nvidia/2d_slam/src/LSLIDAR_X_ROS2-20240228/install/lslidar_msgs/share/lslidar_msgs/cmake/lslidar_msgs__rosidl_typesupport_cppExport-noconfig.cmake
[0.820s] -- Up-to-date: /home/nvidia/2d_slam/src/LSLIDAR_X_ROS2-20240228/install/lslidar_msgs/share/lslidar_msgs/cmake/export_lslidar_msgs__rosidl_generator_pyExport.cmake
[0.821s] -- Up-to-date: /home/nvidia/2d_slam/src/LSLIDAR_X_ROS2-20240228/install/lslidar_msgs/share/lslidar_msgs/cmake/export_lslidar_msgs__rosidl_generator_pyExport-noconfig.cmake
[0.821s] -- Up-to-date: /home/nvidia/2d_slam/src/LSLIDAR_X_ROS2-20240228/install/lslidar_msgs/share/lslidar_msgs/cmake/rosidl_cmake-extras.cmake
[0.822s] -- Up-to-date: /home/nvidia/2d_slam/src/LSLIDAR_X_ROS2-20240228/install/lslidar_msgs/share/lslidar_msgs/cmake/ament_cmake_export_dependencies-extras.cmake
[0.822s] -- Up-to-date: /home/nvidia/2d_slam/src/LSLIDAR_X_ROS2-20240228/install/lslidar_msgs/share/lslidar_msgs/cmake/ament_cmake_export_include_directories-extras.cmake
[0.822s] -- Up-to-date: /home/nvidia/2d_slam/src/LSLIDAR_X_ROS2-20240228/install/lslidar_msgs/share/lslidar_msgs/cmake/ament_cmake_export_libraries-extras.cmake
[0.823s] -- Up-to-date: /home/nvidia/2d_slam/src/LSLIDAR_X_ROS2-20240228/install/lslidar_msgs/share/lslidar_msgs/cmake/ament_cmake_export_targets-extras.cmake
[0.823s] -- Up-to-date: /home/nvidia/2d_slam/src/LSLIDAR_X_ROS2-20240228/install/lslidar_msgs/share/lslidar_msgs/cmake/rosidl_cmake_export_typesupport_targets-extras.cmake
[0.824s] -- Up-to-date: /home/nvidia/2d_slam/src/LSLIDAR_X_ROS2-20240228/install/lslidar_msgs/share/lslidar_msgs/cmake/rosidl_cmake_export_typesupport_libraries-extras.cmake
[0.825s] -- Up-to-date: /home/nvidia/2d_slam/src/LSLIDAR_X_ROS2-20240228/install/lslidar_msgs/share/lslidar_msgs/cmake/lslidar_msgsConfig.cmake
[0.825s] -- Up-to-date: /home/nvidia/2d_slam/src/LSLIDAR_X_ROS2-20240228/install/lslidar_msgs/share/lslidar_msgs/cmake/lslidar_msgsConfig-version.cmake
[0.825s] -- Up-to-date: /home/nvidia/2d_slam/src/LSLIDAR_X_ROS2-20240228/install/lslidar_msgs/share/lslidar_msgs/package.xml
[0.826s] Invoked command in '/home/nvidia/2d_slam/src/LSLIDAR_X_ROS2-20240228/build/lslidar_msgs' returned '0': CMAKE_PREFIX_PATH=${CMAKE_PREFIX_PATH}:/opt/ros/humble /usr/bin/cmake --install /home/nvidia/2d_slam/src/LSLIDAR_X_ROS2-20240228/build/lslidar_msgs
