[0.185s] DEBUG:colcon:Command line arguments: ['/usr/bin/colcon', 'build']
[0.185s] DEBUG:colcon:Parsed command line arguments: Namespace(log_base=None, log_level=None, verb_name='build', build_base='build', install_base='install', merge_install=False, symlink_install=False, test_result_base=None, continue_on_error=False, executor='parallel', parallel_workers=8, event_handlers=None, ignore_user_meta=False, metas=['./colcon.meta'], base_paths=['.'], packages_ignore=None, packages_ignore_regex=None, paths=None, packages_up_to=None, packages_up_to_regex=None, packages_above=None, packages_above_and_dependencies=None, packages_above_depth=None, packages_select_by_dep=None, packages_skip_by_dep=None, packages_skip_up_to=None, packages_select_build_failed=False, packages_skip_build_finished=False, packages_select_test_failures=False, packages_skip_test_passed=False, packages_select=None, packages_skip=None, packages_select_regex=None, packages_skip_regex=None, packages_start=None, packages_end=None, allow_overriding=[], cmake_args=None, cmake_target=None, cmake_target_skip_unavailable=False, cmake_clean_cache=False, cmake_clean_first=False, cmake_force_configure=False, ament_cmake_args=None, catkin_cmake_args=None, catkin_skip_building_tests=False, mixin_files=None, mixin=None, verb_parser=<colcon_mixin.mixin.mixin_argument.MixinArgumentDecorator object at 0xffff873c7a90>, verb_extension=<colcon_core.verb.build.BuildVerb object at 0xffff873c70d0>, main=<bound method BuildVerb.main of <colcon_core.verb.build.BuildVerb object at 0xffff873c70d0>>, mixin_verb=('build',))
[0.480s] Level 1:colcon.colcon_core.package_discovery:discover_packages(colcon_meta) check parameters
[0.480s] Level 1:colcon.colcon_core.package_discovery:discover_packages(recursive) check parameters
[0.480s] Level 1:colcon.colcon_core.package_discovery:discover_packages(ignore) check parameters
[0.480s] Level 1:colcon.colcon_core.package_discovery:discover_packages(path) check parameters
[0.480s] Level 1:colcon.colcon_core.package_discovery:discover_packages(colcon_meta) discover
[0.480s] Level 1:colcon.colcon_core.package_discovery:discover_packages(recursive) discover
[0.480s] INFO:colcon.colcon_core.package_discovery:Crawling recursively for packages in '/home/nvidia/DDSM_ws'
[0.481s] Level 1:colcon.colcon_core.package_identification:_identify(.) by extensions ['ignore', 'ignore_ament_install']
[0.481s] Level 1:colcon.colcon_core.package_identification:_identify(.) by extension 'ignore'
[0.481s] Level 1:colcon.colcon_core.package_identification:_identify(.) by extension 'ignore_ament_install'
[0.481s] Level 1:colcon.colcon_core.package_identification:_identify(.) by extensions ['colcon_pkg']
[0.481s] Level 1:colcon.colcon_core.package_identification:_identify(.) by extension 'colcon_pkg'
[0.481s] Level 1:colcon.colcon_core.package_identification:_identify(.) by extensions ['colcon_meta']
[0.481s] Level 1:colcon.colcon_core.package_identification:_identify(.) by extension 'colcon_meta'
[0.481s] Level 1:colcon.colcon_core.package_identification:_identify(.) by extensions ['ros']
[0.481s] Level 1:colcon.colcon_core.package_identification:_identify(.) by extension 'ros'
[0.498s] Level 1:colcon.colcon_core.package_identification:_identify(.) by extensions ['cmake', 'python']
[0.499s] Level 1:colcon.colcon_core.package_identification:_identify(.) by extension 'cmake'
[0.499s] Level 1:colcon.colcon_core.package_identification:_identify(.) by extension 'python'
[0.499s] Level 1:colcon.colcon_core.package_identification:_identify(.) by extensions ['python_setup_py']
[0.499s] Level 1:colcon.colcon_core.package_identification:_identify(.) by extension 'python_setup_py'
[0.499s] Level 1:colcon.colcon_core.package_identification:_identify(build) by extensions ['ignore', 'ignore_ament_install']
[0.499s] Level 1:colcon.colcon_core.package_identification:_identify(build) by extension 'ignore'
[0.499s] Level 1:colcon.colcon_core.package_identification:_identify(build) ignored
[0.500s] Level 1:colcon.colcon_core.package_identification:_identify(install) by extensions ['ignore', 'ignore_ament_install']
[0.500s] Level 1:colcon.colcon_core.package_identification:_identify(install) by extension 'ignore'
[0.500s] Level 1:colcon.colcon_core.package_identification:_identify(install) ignored
[0.500s] Level 1:colcon.colcon_core.package_identification:_identify(log) by extensions ['ignore', 'ignore_ament_install']
[0.500s] Level 1:colcon.colcon_core.package_identification:_identify(log) by extension 'ignore'
[0.500s] Level 1:colcon.colcon_core.package_identification:_identify(log) ignored
[0.500s] Level 1:colcon.colcon_core.package_identification:_identify(src) by extensions ['ignore', 'ignore_ament_install']
[0.501s] Level 1:colcon.colcon_core.package_identification:_identify(src) by extension 'ignore'
[0.501s] Level 1:colcon.colcon_core.package_identification:_identify(src) by extension 'ignore_ament_install'
[0.501s] Level 1:colcon.colcon_core.package_identification:_identify(src) by extensions ['colcon_pkg']
[0.501s] Level 1:colcon.colcon_core.package_identification:_identify(src) by extension 'colcon_pkg'
[0.501s] Level 1:colcon.colcon_core.package_identification:_identify(src) by extensions ['colcon_meta']
[0.501s] Level 1:colcon.colcon_core.package_identification:_identify(src) by extension 'colcon_meta'
[0.501s] Level 1:colcon.colcon_core.package_identification:_identify(src) by extensions ['ros']
[0.501s] Level 1:colcon.colcon_core.package_identification:_identify(src) by extension 'ros'
[0.501s] Level 1:colcon.colcon_core.package_identification:_identify(src) by extensions ['cmake', 'python']
[0.501s] Level 1:colcon.colcon_core.package_identification:_identify(src) by extension 'cmake'
[0.501s] Level 1:colcon.colcon_core.package_identification:_identify(src) by extension 'python'
[0.501s] Level 1:colcon.colcon_core.package_identification:_identify(src) by extensions ['python_setup_py']
[0.501s] Level 1:colcon.colcon_core.package_identification:_identify(src) by extension 'python_setup_py'
[0.502s] Level 1:colcon.colcon_core.package_identification:_identify(src/camera_publisher) by extensions ['ignore', 'ignore_ament_install']
[0.502s] Level 1:colcon.colcon_core.package_identification:_identify(src/camera_publisher) by extension 'ignore'
[0.502s] Level 1:colcon.colcon_core.package_identification:_identify(src/camera_publisher) by extension 'ignore_ament_install'
[0.502s] Level 1:colcon.colcon_core.package_identification:_identify(src/camera_publisher) by extensions ['colcon_pkg']
[0.502s] Level 1:colcon.colcon_core.package_identification:_identify(src/camera_publisher) by extension 'colcon_pkg'
[0.502s] Level 1:colcon.colcon_core.package_identification:_identify(src/camera_publisher) by extensions ['colcon_meta']
[0.502s] Level 1:colcon.colcon_core.package_identification:_identify(src/camera_publisher) by extension 'colcon_meta'
[0.502s] Level 1:colcon.colcon_core.package_identification:_identify(src/camera_publisher) by extensions ['ros']
[0.502s] Level 1:colcon.colcon_core.package_identification:_identify(src/camera_publisher) by extension 'ros'
[0.506s] DEBUG:colcon.colcon_core.package_identification:Package 'src/camera_publisher' with type 'ros.ament_cmake' and name 'camera_publisher'
[0.506s] Level 1:colcon.colcon_core.package_identification:_identify(src/robot_control) by extensions ['ignore', 'ignore_ament_install']
[0.507s] Level 1:colcon.colcon_core.package_identification:_identify(src/robot_control) by extension 'ignore'
[0.507s] Level 1:colcon.colcon_core.package_identification:_identify(src/robot_control) by extension 'ignore_ament_install'
[0.507s] Level 1:colcon.colcon_core.package_identification:_identify(src/robot_control) by extensions ['colcon_pkg']
[0.507s] Level 1:colcon.colcon_core.package_identification:_identify(src/robot_control) by extension 'colcon_pkg'
[0.507s] Level 1:colcon.colcon_core.package_identification:_identify(src/robot_control) by extensions ['colcon_meta']
[0.507s] Level 1:colcon.colcon_core.package_identification:_identify(src/robot_control) by extension 'colcon_meta'
[0.507s] Level 1:colcon.colcon_core.package_identification:_identify(src/robot_control) by extensions ['ros']
[0.507s] Level 1:colcon.colcon_core.package_identification:_identify(src/robot_control) by extension 'ros'
[0.509s] DEBUG:colcon.colcon_core.package_identification:Package 'src/robot_control' with type 'ros.ament_python' and name 'robot_control'
[0.509s] Level 1:colcon.colcon_core.package_discovery:discover_packages(recursive) using defaults
[0.509s] Level 1:colcon.colcon_core.package_discovery:discover_packages(ignore) discover
[0.509s] Level 1:colcon.colcon_core.package_discovery:discover_packages(ignore) using defaults
[0.509s] Level 1:colcon.colcon_core.package_discovery:discover_packages(path) discover
[0.509s] Level 1:colcon.colcon_core.package_discovery:discover_packages(path) using defaults
[0.569s] Level 1:colcon.colcon_core.package_discovery:discover_packages(prefix_path) check parameters
[0.569s] Level 1:colcon.colcon_core.package_discovery:discover_packages(prefix_path) discover
[0.571s] WARNING:colcon.colcon_ros.prefix_path.catkin:The path '/usr/share/gazebo-11/cmake' in the environment variable CMAKE_PREFIX_PATH doesn't exist
[0.572s] DEBUG:colcon.colcon_installed_package_information.package_discovery:Found 3 installed packages in /home/nvidia/DDSM_ws/install
[0.574s] DEBUG:colcon.colcon_installed_package_information.package_discovery:Found 408 installed packages in /opt/ros/humble
[0.577s] Level 1:colcon.colcon_core.package_discovery:discover_packages(prefix_path) using defaults
[0.655s] Level 5:colcon.colcon_core.verb:set package 'camera_publisher' build argument 'cmake_args' from command line to 'None'
[0.655s] Level 5:colcon.colcon_core.verb:set package 'camera_publisher' build argument 'cmake_target' from command line to 'None'
[0.655s] Level 5:colcon.colcon_core.verb:set package 'camera_publisher' build argument 'cmake_target_skip_unavailable' from command line to 'False'
[0.655s] Level 5:colcon.colcon_core.verb:set package 'camera_publisher' build argument 'cmake_clean_cache' from command line to 'False'
[0.655s] Level 5:colcon.colcon_core.verb:set package 'camera_publisher' build argument 'cmake_clean_first' from command line to 'False'
[0.655s] Level 5:colcon.colcon_core.verb:set package 'camera_publisher' build argument 'cmake_force_configure' from command line to 'False'
[0.655s] Level 5:colcon.colcon_core.verb:set package 'camera_publisher' build argument 'ament_cmake_args' from command line to 'None'
[0.656s] Level 5:colcon.colcon_core.verb:set package 'camera_publisher' build argument 'catkin_cmake_args' from command line to 'None'
[0.656s] Level 5:colcon.colcon_core.verb:set package 'camera_publisher' build argument 'catkin_skip_building_tests' from command line to 'False'
[0.656s] DEBUG:colcon.colcon_core.verb:Building package 'camera_publisher' with the following arguments: {'ament_cmake_args': None, 'build_base': '/home/nvidia/DDSM_ws/build/camera_publisher', 'catkin_cmake_args': None, 'catkin_skip_building_tests': False, 'cmake_args': None, 'cmake_clean_cache': False, 'cmake_clean_first': False, 'cmake_force_configure': False, 'cmake_target': None, 'cmake_target_skip_unavailable': False, 'install_base': '/home/nvidia/DDSM_ws/install/camera_publisher', 'merge_install': False, 'path': '/home/nvidia/DDSM_ws/src/camera_publisher', 'symlink_install': False, 'test_result_base': None}
[0.656s] Level 5:colcon.colcon_core.verb:set package 'robot_control' build argument 'cmake_args' from command line to 'None'
[0.656s] Level 5:colcon.colcon_core.verb:set package 'robot_control' build argument 'cmake_target' from command line to 'None'
[0.656s] Level 5:colcon.colcon_core.verb:set package 'robot_control' build argument 'cmake_target_skip_unavailable' from command line to 'False'
[0.656s] Level 5:colcon.colcon_core.verb:set package 'robot_control' build argument 'cmake_clean_cache' from command line to 'False'
[0.656s] Level 5:colcon.colcon_core.verb:set package 'robot_control' build argument 'cmake_clean_first' from command line to 'False'
[0.656s] Level 5:colcon.colcon_core.verb:set package 'robot_control' build argument 'cmake_force_configure' from command line to 'False'
[0.656s] Level 5:colcon.colcon_core.verb:set package 'robot_control' build argument 'ament_cmake_args' from command line to 'None'
[0.657s] Level 5:colcon.colcon_core.verb:set package 'robot_control' build argument 'catkin_cmake_args' from command line to 'None'
[0.657s] Level 5:colcon.colcon_core.verb:set package 'robot_control' build argument 'catkin_skip_building_tests' from command line to 'False'
[0.657s] DEBUG:colcon.colcon_core.verb:Building package 'robot_control' with the following arguments: {'ament_cmake_args': None, 'build_base': '/home/nvidia/DDSM_ws/build/robot_control', 'catkin_cmake_args': None, 'catkin_skip_building_tests': False, 'cmake_args': None, 'cmake_clean_cache': False, 'cmake_clean_first': False, 'cmake_force_configure': False, 'cmake_target': None, 'cmake_target_skip_unavailable': False, 'install_base': '/home/nvidia/DDSM_ws/install/robot_control', 'merge_install': False, 'path': '/home/nvidia/DDSM_ws/src/robot_control', 'symlink_install': False, 'test_result_base': None}
[0.657s] INFO:colcon.colcon_core.executor:Executing jobs using 'parallel' executor
[0.659s] DEBUG:colcon.colcon_parallel_executor.executor.parallel:run_until_complete
[0.660s] INFO:colcon.colcon_ros.task.ament_cmake.build:Building ROS package in '/home/nvidia/DDSM_ws/src/camera_publisher' with build type 'ament_cmake'
[0.660s] INFO:colcon.colcon_cmake.task.cmake.build:Building CMake package in '/home/nvidia/DDSM_ws/src/camera_publisher'
[0.663s] INFO:colcon.colcon_core.plugin_system:Skipping extension 'colcon_core.shell.bat': Not used on non-Windows systems
[0.664s] INFO:colcon.colcon_core.shell:Skip shell extension 'powershell' for command environment: Not usable outside of PowerShell
[0.664s] DEBUG:colcon.colcon_core.shell:Skip shell extension 'dsv' for command environment
[0.670s] INFO:colcon.colcon_ros.task.ament_python.build:Building ROS package in '/home/nvidia/DDSM_ws/src/robot_control' with build type 'ament_python'
[0.670s] Level 1:colcon.colcon_core.shell:create_environment_hook('robot_control', 'ament_prefix_path')
[0.671s] INFO:colcon.colcon_core.shell:Creating environment hook '/home/nvidia/DDSM_ws/install/robot_control/share/robot_control/hook/ament_prefix_path.ps1'
[0.672s] INFO:colcon.colcon_core.shell:Creating environment descriptor '/home/nvidia/DDSM_ws/install/robot_control/share/robot_control/hook/ament_prefix_path.dsv'
[0.673s] INFO:colcon.colcon_core.shell:Creating environment hook '/home/nvidia/DDSM_ws/install/robot_control/share/robot_control/hook/ament_prefix_path.sh'
[0.674s] INFO:colcon.colcon_core.shell:Skip shell extension 'powershell' for command environment: Not usable outside of PowerShell
[0.674s] DEBUG:colcon.colcon_core.shell:Skip shell extension 'dsv' for command environment
[0.688s] DEBUG:colcon.colcon_core.event_handler.log_command:Invoking command in '/home/nvidia/DDSM_ws/build/camera_publisher': CMAKE_PREFIX_PATH=${CMAKE_PREFIX_PATH}:/home/nvidia/DDSM_ws/install/robot_nav:/home/nvidia/DDSM_ws/install/robot_control:/opt/ros/humble /usr/bin/cmake --build /home/nvidia/DDSM_ws/build/camera_publisher -- -j8 -l8
[1.146s] INFO:colcon.colcon_core.task.python.build:Building Python package in '/home/nvidia/DDSM_ws/src/robot_control'
[1.147s] INFO:colcon.colcon_core.shell:Skip shell extension 'powershell' for command environment: Not usable outside of PowerShell
[1.147s] DEBUG:colcon.colcon_core.shell:Skip shell extension 'dsv' for command environment
[1.157s] DEBUG:colcon.colcon_core.event_handler.log_command:Invoked command in '/home/nvidia/DDSM_ws/build/camera_publisher' returned '0': CMAKE_PREFIX_PATH=${CMAKE_PREFIX_PATH}:/home/nvidia/DDSM_ws/install/robot_nav:/home/nvidia/DDSM_ws/install/robot_control:/opt/ros/humble /usr/bin/cmake --build /home/nvidia/DDSM_ws/build/camera_publisher -- -j8 -l8
[1.180s] DEBUG:colcon.colcon_core.event_handler.log_command:Invoking command in '/home/nvidia/DDSM_ws/build/camera_publisher': CMAKE_PREFIX_PATH=${CMAKE_PREFIX_PATH}:/home/nvidia/DDSM_ws/install/robot_nav:/home/nvidia/DDSM_ws/install/robot_control:/opt/ros/humble /usr/bin/cmake --install /home/nvidia/DDSM_ws/build/camera_publisher
[1.200s] Level 1:colcon.colcon_core.environment:create_environment_scripts_only(camera_publisher)
[1.204s] DEBUG:colcon.colcon_core.event_handler.log_command:Invoked command in '/home/nvidia/DDSM_ws/build/camera_publisher' returned '0': CMAKE_PREFIX_PATH=${CMAKE_PREFIX_PATH}:/home/nvidia/DDSM_ws/install/robot_nav:/home/nvidia/DDSM_ws/install/robot_control:/opt/ros/humble /usr/bin/cmake --install /home/nvidia/DDSM_ws/build/camera_publisher
[1.211s] Level 1:colcon.colcon_core.environment:checking '/home/nvidia/DDSM_ws/install/camera_publisher' for CMake module files
[1.212s] Level 1:colcon.colcon_core.environment:checking '/home/nvidia/DDSM_ws/install/camera_publisher' for CMake config files
[1.213s] Level 1:colcon.colcon_core.shell:create_environment_hook('camera_publisher', 'cmake_prefix_path')
[1.214s] INFO:colcon.colcon_core.shell:Creating environment hook '/home/nvidia/DDSM_ws/install/camera_publisher/share/camera_publisher/hook/cmake_prefix_path.ps1'
[1.216s] INFO:colcon.colcon_core.shell:Creating environment descriptor '/home/nvidia/DDSM_ws/install/camera_publisher/share/camera_publisher/hook/cmake_prefix_path.dsv'
[1.217s] INFO:colcon.colcon_core.shell:Creating environment hook '/home/nvidia/DDSM_ws/install/camera_publisher/share/camera_publisher/hook/cmake_prefix_path.sh'
[1.219s] Level 1:colcon.colcon_core.environment:checking '/home/nvidia/DDSM_ws/install/camera_publisher/bin'
[1.220s] Level 1:colcon.colcon_core.environment:checking '/home/nvidia/DDSM_ws/install/camera_publisher/lib/pkgconfig/camera_publisher.pc'
[1.221s] Level 1:colcon.colcon_core.environment:checking '/home/nvidia/DDSM_ws/install/camera_publisher/lib/python3.10/site-packages'
[1.221s] Level 1:colcon.colcon_core.environment:checking '/home/nvidia/DDSM_ws/install/camera_publisher/bin'
[1.222s] INFO:colcon.colcon_core.shell:Creating package script '/home/nvidia/DDSM_ws/install/camera_publisher/share/camera_publisher/package.ps1'
[1.226s] INFO:colcon.colcon_core.shell:Creating package descriptor '/home/nvidia/DDSM_ws/install/camera_publisher/share/camera_publisher/package.dsv'
[1.228s] INFO:colcon.colcon_core.shell:Creating package script '/home/nvidia/DDSM_ws/install/camera_publisher/share/camera_publisher/package.sh'
[1.231s] INFO:colcon.colcon_core.shell:Creating package script '/home/nvidia/DDSM_ws/install/camera_publisher/share/camera_publisher/package.bash'
[1.234s] INFO:colcon.colcon_core.shell:Creating package script '/home/nvidia/DDSM_ws/install/camera_publisher/share/camera_publisher/package.zsh'
[1.236s] Level 1:colcon.colcon_core.environment:create_file_with_runtime_dependencies(/home/nvidia/DDSM_ws/install/camera_publisher/share/colcon-core/packages/camera_publisher)
[1.238s] Level 1:colcon.colcon_core.environment:create_environment_scripts_only(camera_publisher)
[1.239s] Level 1:colcon.colcon_core.environment:checking '/home/nvidia/DDSM_ws/install/camera_publisher' for CMake module files
[1.240s] Level 1:colcon.colcon_core.environment:checking '/home/nvidia/DDSM_ws/install/camera_publisher' for CMake config files
[1.241s] Level 1:colcon.colcon_core.shell:create_environment_hook('camera_publisher', 'cmake_prefix_path')
[1.241s] INFO:colcon.colcon_core.shell:Creating environment hook '/home/nvidia/DDSM_ws/install/camera_publisher/share/camera_publisher/hook/cmake_prefix_path.ps1'
[1.243s] INFO:colcon.colcon_core.shell:Creating environment descriptor '/home/nvidia/DDSM_ws/install/camera_publisher/share/camera_publisher/hook/cmake_prefix_path.dsv'
[1.244s] INFO:colcon.colcon_core.shell:Creating environment hook '/home/nvidia/DDSM_ws/install/camera_publisher/share/camera_publisher/hook/cmake_prefix_path.sh'
[1.245s] Level 1:colcon.colcon_core.environment:checking '/home/nvidia/DDSM_ws/install/camera_publisher/bin'
[1.246s] Level 1:colcon.colcon_core.environment:checking '/home/nvidia/DDSM_ws/install/camera_publisher/lib/pkgconfig/camera_publisher.pc'
[1.246s] Level 1:colcon.colcon_core.environment:checking '/home/nvidia/DDSM_ws/install/camera_publisher/lib/python3.10/site-packages'
[1.247s] Level 1:colcon.colcon_core.environment:checking '/home/nvidia/DDSM_ws/install/camera_publisher/bin'
[1.248s] INFO:colcon.colcon_core.shell:Creating package script '/home/nvidia/DDSM_ws/install/camera_publisher/share/camera_publisher/package.ps1'
[1.250s] INFO:colcon.colcon_core.shell:Creating package descriptor '/home/nvidia/DDSM_ws/install/camera_publisher/share/camera_publisher/package.dsv'
[1.251s] INFO:colcon.colcon_core.shell:Creating package script '/home/nvidia/DDSM_ws/install/camera_publisher/share/camera_publisher/package.sh'
[1.253s] INFO:colcon.colcon_core.shell:Creating package script '/home/nvidia/DDSM_ws/install/camera_publisher/share/camera_publisher/package.bash'
[1.254s] INFO:colcon.colcon_core.shell:Creating package script '/home/nvidia/DDSM_ws/install/camera_publisher/share/camera_publisher/package.zsh'
[1.255s] Level 1:colcon.colcon_core.environment:create_file_with_runtime_dependencies(/home/nvidia/DDSM_ws/install/camera_publisher/share/colcon-core/packages/camera_publisher)
[1.828s] DEBUG:colcon.colcon_core.event_handler.log_command:Invoking command in '/home/nvidia/DDSM_ws/src/robot_control': PYTHONPATH=/home/nvidia/DDSM_ws/build/robot_control/prefix_override:/usr/lib/python3/dist-packages/colcon_core/task/python/colcon_distutils_commands:/home/nvidia/DDSM_ws/install/robot_control/lib/python3.10/site-packages:${PYTHONPATH} /usr/bin/python3 -W ignore:setup.py install is deprecated -W ignore:easy_install command is deprecated setup.py egg_info --egg-base ../../build/robot_control build --build-base /home/nvidia/DDSM_ws/build/robot_control/build install --record /home/nvidia/DDSM_ws/build/robot_control/install.log --single-version-externally-managed install_data
[2.355s] Level 1:colcon.colcon_core.environment:checking '/home/nvidia/DDSM_ws/install/robot_control' for CMake module files
[2.356s] DEBUG:colcon.colcon_core.event_handler.log_command:Invoked command in '/home/nvidia/DDSM_ws/src/robot_control' returned '0': PYTHONPATH=/home/nvidia/DDSM_ws/build/robot_control/prefix_override:/usr/lib/python3/dist-packages/colcon_core/task/python/colcon_distutils_commands:/home/nvidia/DDSM_ws/install/robot_control/lib/python3.10/site-packages:${PYTHONPATH} /usr/bin/python3 -W ignore:setup.py install is deprecated -W ignore:easy_install command is deprecated setup.py egg_info --egg-base ../../build/robot_control build --build-base /home/nvidia/DDSM_ws/build/robot_control/build install --record /home/nvidia/DDSM_ws/build/robot_control/install.log --single-version-externally-managed install_data
[2.357s] Level 1:colcon.colcon_core.environment:checking '/home/nvidia/DDSM_ws/install/robot_control' for CMake config files
[2.360s] Level 1:colcon.colcon_core.environment:checking '/home/nvidia/DDSM_ws/install/robot_control/lib'
[2.360s] Level 1:colcon.colcon_core.environment:checking '/home/nvidia/DDSM_ws/install/robot_control/bin'
[2.361s] Level 1:colcon.colcon_core.shell:create_environment_hook('robot_control', 'path')
[2.362s] INFO:colcon.colcon_core.shell:Creating environment hook '/home/nvidia/DDSM_ws/install/robot_control/share/robot_control/hook/path.ps1'
[2.363s] INFO:colcon.colcon_core.shell:Creating environment descriptor '/home/nvidia/DDSM_ws/install/robot_control/share/robot_control/hook/path.dsv'
[2.365s] INFO:colcon.colcon_core.shell:Creating environment hook '/home/nvidia/DDSM_ws/install/robot_control/share/robot_control/hook/path.sh'
[2.367s] Level 1:colcon.colcon_core.environment:checking '/home/nvidia/DDSM_ws/install/robot_control/lib/pkgconfig/robot_control.pc'
[2.368s] Level 1:colcon.colcon_core.environment:checking '/home/nvidia/DDSM_ws/install/robot_control/lib/python3.10/site-packages'
[2.368s] Level 1:colcon.colcon_core.shell:create_environment_hook('robot_control', 'pythonpath')
[2.369s] INFO:colcon.colcon_core.shell:Creating environment hook '/home/nvidia/DDSM_ws/install/robot_control/share/robot_control/hook/pythonpath.ps1'
[2.370s] INFO:colcon.colcon_core.shell:Creating environment descriptor '/home/nvidia/DDSM_ws/install/robot_control/share/robot_control/hook/pythonpath.dsv'
[2.372s] INFO:colcon.colcon_core.shell:Creating environment hook '/home/nvidia/DDSM_ws/install/robot_control/share/robot_control/hook/pythonpath.sh'
[2.374s] Level 1:colcon.colcon_core.environment:checking '/home/nvidia/DDSM_ws/install/robot_control/bin'
[2.374s] Level 1:colcon.colcon_core.shell:create_environment_hook('robot_control', 'pythonscriptspath')
[2.375s] INFO:colcon.colcon_core.shell:Creating environment hook '/home/nvidia/DDSM_ws/install/robot_control/share/robot_control/hook/pythonscriptspath.ps1'
[2.376s] INFO:colcon.colcon_core.shell:Creating environment descriptor '/home/nvidia/DDSM_ws/install/robot_control/share/robot_control/hook/pythonscriptspath.dsv'
[2.377s] INFO:colcon.colcon_core.shell:Creating environment hook '/home/nvidia/DDSM_ws/install/robot_control/share/robot_control/hook/pythonscriptspath.sh'
[2.379s] Level 1:colcon.colcon_core.environment:create_environment_scripts_only(robot_control)
[2.380s] INFO:colcon.colcon_core.shell:Creating package script '/home/nvidia/DDSM_ws/install/robot_control/share/robot_control/package.ps1'
[2.383s] INFO:colcon.colcon_core.shell:Creating package descriptor '/home/nvidia/DDSM_ws/install/robot_control/share/robot_control/package.dsv'
[2.384s] INFO:colcon.colcon_core.shell:Creating package script '/home/nvidia/DDSM_ws/install/robot_control/share/robot_control/package.sh'
[2.386s] INFO:colcon.colcon_core.shell:Creating package script '/home/nvidia/DDSM_ws/install/robot_control/share/robot_control/package.bash'
[2.388s] INFO:colcon.colcon_core.shell:Creating package script '/home/nvidia/DDSM_ws/install/robot_control/share/robot_control/package.zsh'
[2.389s] Level 1:colcon.colcon_core.environment:create_file_with_runtime_dependencies(/home/nvidia/DDSM_ws/install/robot_control/share/colcon-core/packages/robot_control)
[2.390s] DEBUG:colcon.colcon_parallel_executor.executor.parallel:closing loop
[2.391s] DEBUG:colcon.colcon_parallel_executor.executor.parallel:loop closed
[2.391s] DEBUG:colcon.colcon_parallel_executor.executor.parallel:run_until_complete finished with '0'
[2.391s] DEBUG:colcon.colcon_core.event_reactor:joining thread
[2.410s] INFO:colcon.colcon_core.plugin_system:Skipping extension 'colcon_notification.desktop_notification.terminal_notifier': Not used on non-Darwin systems
[2.411s] INFO:colcon.colcon_core.plugin_system:Skipping extension 'colcon_notification.desktop_notification.win32': Not used on non-Windows systems
[2.411s] INFO:colcon.colcon_notification.desktop_notification:Sending desktop notification using 'notify2'
[2.455s] DEBUG:colcon.colcon_core.event_reactor:joined thread
[2.456s] INFO:colcon.colcon_core.shell:Creating prefix script '/home/nvidia/DDSM_ws/install/local_setup.ps1'
[2.460s] INFO:colcon.colcon_core.shell:Creating prefix util module '/home/nvidia/DDSM_ws/install/_local_setup_util_ps1.py'
[2.464s] INFO:colcon.colcon_core.shell:Creating prefix chain script '/home/nvidia/DDSM_ws/install/setup.ps1'
[2.468s] INFO:colcon.colcon_core.shell:Creating prefix script '/home/nvidia/DDSM_ws/install/local_setup.sh'
[2.471s] INFO:colcon.colcon_core.shell:Creating prefix util module '/home/nvidia/DDSM_ws/install/_local_setup_util_sh.py'
[2.473s] INFO:colcon.colcon_core.shell:Creating prefix chain script '/home/nvidia/DDSM_ws/install/setup.sh'
[2.477s] INFO:colcon.colcon_core.shell:Creating prefix script '/home/nvidia/DDSM_ws/install/local_setup.bash'
[2.479s] INFO:colcon.colcon_core.shell:Creating prefix chain script '/home/nvidia/DDSM_ws/install/setup.bash'
[2.483s] INFO:colcon.colcon_core.shell:Creating prefix script '/home/nvidia/DDSM_ws/install/local_setup.zsh'
[2.485s] INFO:colcon.colcon_core.shell:Creating prefix chain script '/home/nvidia/DDSM_ws/install/setup.zsh'
