[0.023s] Invoking command in '/home/nvidia/fishbot_ws/src/build/fishbot_navigation2': CMAKE_PREFIX_PATH=${CMAKE_PREFIX_PATH}:/home/nvidia/DDSM_ws/install/robot_nav:/home/nvidia/DDSM_ws/install/robot_control:/opt/ros/humble /usr/bin/cmake --build /home/nvidia/fishbot_ws/src/build/fishbot_navigation2 -- -j8 -l8
[0.090s] Invoked command in '/home/nvidia/fishbot_ws/src/build/fishbot_navigation2' returned '0': CMAKE_PREFIX_PATH=${CMAKE_PREFIX_PATH}:/home/nvidia/DDSM_ws/install/robot_nav:/home/nvidia/DDSM_ws/install/robot_control:/opt/ros/humble /usr/bin/cmake --build /home/nvidia/fishbot_ws/src/build/fishbot_navigation2 -- -j8 -l8
[0.110s] Invoking command in '/home/nvidia/fishbot_ws/src/build/fishbot_navigation2': CMAKE_PREFIX_PATH=${CMAKE_PREFIX_PATH}:/home/nvidia/DDSM_ws/install/robot_nav:/home/nvidia/DDSM_ws/install/robot_control:/opt/ros/humble /usr/bin/cmake --install /home/nvidia/fishbot_ws/src/build/fishbot_navigation2
[0.126s] -- Install configuration: ""
[0.126s] -- Up-to-date: /home/nvidia/fishbot_ws/src/install/fishbot_navigation2/share/fishbot_navigation2/launch
[0.126s] -- Up-to-date: /home/nvidia/fishbot_ws/src/install/fishbot_navigation2/share/fishbot_navigation2/launch/navigation2.launch.py
[0.126s] -- Up-to-date: /home/nvidia/fishbot_ws/src/install/fishbot_navigation2/share/fishbot_navigation2/param
[0.127s] -- Up-to-date: /home/nvidia/fishbot_ws/src/install/fishbot_navigation2/share/fishbot_navigation2/param/fishbot_nav2.yaml
[0.127s] -- Up-to-date: /home/nvidia/fishbot_ws/src/install/fishbot_navigation2/share/fishbot_navigation2/maps
[0.127s] -- Installing: /home/nvidia/fishbot_ws/src/install/fishbot_navigation2/share/fishbot_navigation2/maps/fishbot_map.pgm
[0.139s] -- Installing: /home/nvidia/fishbot_ws/src/install/fishbot_navigation2/share/fishbot_navigation2/maps/fishbot_map.yaml
[0.139s] -- Up-to-date: /home/nvidia/fishbot_ws/src/install/fishbot_navigation2/share/ament_index/resource_index/package_run_dependencies/fishbot_navigation2
[0.139s] -- Up-to-date: /home/nvidia/fishbot_ws/src/install/fishbot_navigation2/share/ament_index/resource_index/parent_prefix_path/fishbot_navigation2
[0.139s] -- Up-to-date: /home/nvidia/fishbot_ws/src/install/fishbot_navigation2/share/fishbot_navigation2/environment/ament_prefix_path.sh
[0.140s] -- Up-to-date: /home/nvidia/fishbot_ws/src/install/fishbot_navigation2/share/fishbot_navigation2/environment/ament_prefix_path.dsv
[0.140s] -- Up-to-date: /home/nvidia/fishbot_ws/src/install/fishbot_navigation2/share/fishbot_navigation2/environment/path.sh
[0.140s] -- Up-to-date: /home/nvidia/fishbot_ws/src/install/fishbot_navigation2/share/fishbot_navigation2/environment/path.dsv
[0.140s] -- Up-to-date: /home/nvidia/fishbot_ws/src/install/fishbot_navigation2/share/fishbot_navigation2/local_setup.bash
[0.141s] -- Up-to-date: /home/nvidia/fishbot_ws/src/install/fishbot_navigation2/share/fishbot_navigation2/local_setup.sh
[0.141s] -- Up-to-date: /home/nvidia/fishbot_ws/src/install/fishbot_navigation2/share/fishbot_navigation2/local_setup.zsh
[0.141s] -- Up-to-date: /home/nvidia/fishbot_ws/src/install/fishbot_navigation2/share/fishbot_navigation2/local_setup.dsv
[0.141s] -- Up-to-date: /home/nvidia/fishbot_ws/src/install/fishbot_navigation2/share/fishbot_navigation2/package.dsv
[0.141s] -- Up-to-date: /home/nvidia/fishbot_ws/src/install/fishbot_navigation2/share/ament_index/resource_index/packages/fishbot_navigation2
[0.142s] -- Up-to-date: /home/nvidia/fishbot_ws/src/install/fishbot_navigation2/share/fishbot_navigation2/cmake/fishbot_navigation2Config.cmake
[0.142s] -- Up-to-date: /home/nvidia/fishbot_ws/src/install/fishbot_navigation2/share/fishbot_navigation2/cmake/fishbot_navigation2Config-version.cmake
[0.143s] -- Up-to-date: /home/nvidia/fishbot_ws/src/install/fishbot_navigation2/share/fishbot_navigation2/package.xml
[0.145s] Invoked command in '/home/nvidia/fishbot_ws/src/build/fishbot_navigation2' returned '0': CMAKE_PREFIX_PATH=${CMAKE_PREFIX_PATH}:/home/nvidia/DDSM_ws/install/robot_nav:/home/nvidia/DDSM_ws/install/robot_control:/opt/ros/humble /usr/bin/cmake --install /home/nvidia/fishbot_ws/src/build/fishbot_navigation2
