[1.786s] Invoking command in '/home/nvidia/ros2_ws/src/robot_control': PYTHONPATH=/home/nvidia/ros2_ws/build/robot_control/prefix_override:/usr/lib/python3/dist-packages/colcon_core/task/python/colcon_distutils_commands:/home/nvidia/ros2_ws/install/robot_control/lib/python3.10/site-packages:${PYTHONPATH} /usr/bin/python3 -W ignore:setup.py install is deprecated -W ignore:easy_install command is deprecated setup.py egg_info --egg-base ../../build/robot_control build --build-base /home/nvidia/ros2_ws/build/robot_control/build install --record /home/nvidia/ros2_ws/build/robot_control/install.log --single-version-externally-managed install_data
[2.234s] running egg_info
[2.235s] writing ../../build/robot_control/robot_control.egg-info/PKG-INFO
[2.235s] writing dependency_links to ../../build/robot_control/robot_control.egg-info/dependency_links.txt
[2.236s] writing entry points to ../../build/robot_control/robot_control.egg-info/entry_points.txt
[2.236s] writing requirements to ../../build/robot_control/robot_control.egg-info/requires.txt
[2.236s] writing top-level names to ../../build/robot_control/robot_control.egg-info/top_level.txt
[2.240s] reading manifest file '../../build/robot_control/robot_control.egg-info/SOURCES.txt'
[2.242s] writing manifest file '../../build/robot_control/robot_control.egg-info/SOURCES.txt'
[2.242s] running build
[2.243s] running build_py
[2.244s] running install
[2.244s] running install_lib
[2.250s] running install_data
[2.251s] running install_egg_info
[2.254s] removing '/home/nvidia/ros2_ws/install/robot_control/lib/python3.10/site-packages/robot_control-0.0.1-py3.10.egg-info' (and everything under it)
[2.255s] Copying ../../build/robot_control/robot_control.egg-info to /home/nvidia/ros2_ws/install/robot_control/lib/python3.10/site-packages/robot_control-0.0.1-py3.10.egg-info
[2.257s] running install_scripts
[2.297s] Installing robot_controller script to /home/nvidia/ros2_ws/install/robot_control/bin
[2.298s] Installing serial_controller script to /home/nvidia/ros2_ws/install/robot_control/bin
[2.299s] writing list of installed files to '/home/nvidia/ros2_ws/build/robot_control/install.log'
[2.377s] Invoked command in '/home/nvidia/ros2_ws/src/robot_control' returned '0': PYTHONPATH=/home/nvidia/ros2_ws/build/robot_control/prefix_override:/usr/lib/python3/dist-packages/colcon_core/task/python/colcon_distutils_commands:/home/nvidia/ros2_ws/install/robot_control/lib/python3.10/site-packages:${PYTHONPATH} /usr/bin/python3 -W ignore:setup.py install is deprecated -W ignore:easy_install command is deprecated setup.py egg_info --egg-base ../../build/robot_control build --build-base /home/nvidia/ros2_ws/build/robot_control/build install --record /home/nvidia/ros2_ws/build/robot_control/install.log --single-version-externally-managed install_data
