[0.036s] Invoking command in '/home/nvidia/ros2_ws/build/camera_publisher': CMAKE_PREFIX_PATH=${CMAKE_PREFIX_PATH}:/home/nvidia/ros2_ws/install/robot_nav:/home/nvidia/ros2_ws/install/robot_control:/opt/ros/humble /usr/bin/cmake --build /home/nvidia/ros2_ws/build/camera_publisher -- -j8 -l8
[0.560s] Invoked command in '/home/nvidia/ros2_ws/build/camera_publisher' returned '0': CMAKE_PREFIX_PATH=${CMAKE_PREFIX_PATH}:/home/nvidia/ros2_ws/install/robot_nav:/home/nvidia/ros2_ws/install/robot_control:/opt/ros/humble /usr/bin/cmake --build /home/nvidia/ros2_ws/build/camera_publisher -- -j8 -l8
[0.584s] Invoking command in '/home/nvidia/ros2_ws/build/camera_publisher': CMAKE_PREFIX_PATH=${CMAKE_PREFIX_PATH}:/home/nvidia/ros2_ws/install/robot_nav:/home/nvidia/ros2_ws/install/robot_control:/opt/ros/humble /usr/bin/cmake --install /home/nvidia/ros2_ws/build/camera_publisher
[1.093s] -- Install configuration: ""
[1.094s] -- Up-to-date: /home/nvidia/ros2_ws/install/camera_publisher/share/ament_index/resource_index/package_run_dependencies/camera_publisher
[1.094s] -- Up-to-date: /home/nvidia/ros2_ws/install/camera_publisher/share/ament_index/resource_index/parent_prefix_path/camera_publisher
[1.095s] -- Up-to-date: /home/nvidia/ros2_ws/install/camera_publisher/share/camera_publisher/environment/ament_prefix_path.sh
[1.096s] -- Up-to-date: /home/nvidia/ros2_ws/install/camera_publisher/share/camera_publisher/environment/ament_prefix_path.dsv
[1.099s] -- Up-to-date: /home/nvidia/ros2_ws/install/camera_publisher/share/camera_publisher/environment/path.sh
[1.099s] -- Up-to-date: /home/nvidia/ros2_ws/install/camera_publisher/share/camera_publisher/environment/path.dsv
[1.099s] -- Up-to-date: /home/nvidia/ros2_ws/install/camera_publisher/share/camera_publisher/local_setup.bash
[1.100s] -- Up-to-date: /home/nvidia/ros2_ws/install/camera_publisher/share/camera_publisher/local_setup.sh
[1.100s] -- Up-to-date: /home/nvidia/ros2_ws/install/camera_publisher/share/camera_publisher/local_setup.zsh
[1.101s] -- Up-to-date: /home/nvidia/ros2_ws/install/camera_publisher/share/camera_publisher/local_setup.dsv
[1.102s] -- Installing: /home/nvidia/ros2_ws/install/camera_publisher/share/camera_publisher/package.dsv
[1.104s] -- Up-to-date: /home/nvidia/ros2_ws/install/camera_publisher/share/ament_index/resource_index/packages/camera_publisher
[1.105s] -- Up-to-date: /home/nvidia/ros2_ws/install/camera_publisher/share/camera_publisher/cmake/camera_publisherConfig.cmake
[1.105s] -- Up-to-date: /home/nvidia/ros2_ws/install/camera_publisher/share/camera_publisher/cmake/camera_publisherConfig-version.cmake
[1.106s] -- Up-to-date: /home/nvidia/ros2_ws/install/camera_publisher/share/camera_publisher/package.xml
[1.107s] Invoked command in '/home/nvidia/ros2_ws/build/camera_publisher' returned '0': CMAKE_PREFIX_PATH=${CMAKE_PREFIX_PATH}:/home/nvidia/ros2_ws/install/robot_nav:/home/nvidia/ros2_ws/install/robot_control:/opt/ros/humble /usr/bin/cmake --install /home/nvidia/ros2_ws/build/camera_publisher
