[1.843s] Invoking command in '/home/nvidia/ros2_ws/src/robot_control': PYTHONPATH=/home/nvidia/ros2_ws/build/robot_control/prefix_override:/usr/lib/python3/dist-packages/colcon_core/task/python/colcon_distutils_commands:/home/nvidia/ros2_ws/install/robot_control/lib/python3.10/site-packages:${PYTHONPATH} /usr/bin/python3 -W ignore:setup.py install is deprecated -W ignore:easy_install command is deprecated setup.py egg_info --egg-base ../../build/robot_control build --build-base /home/nvidia/ros2_ws/build/robot_control/build install --record /home/nvidia/ros2_ws/build/robot_control/install.log --single-version-externally-managed install_data
[2.303s] running egg_info
[2.303s] writing ../../build/robot_control/robot_control.egg-info/PKG-INFO
[2.304s] writing dependency_links to ../../build/robot_control/robot_control.egg-info/dependency_links.txt
[2.304s] writing entry points to ../../build/robot_control/robot_control.egg-info/entry_points.txt
[2.305s] writing requirements to ../../build/robot_control/robot_control.egg-info/requires.txt
[2.305s] writing top-level names to ../../build/robot_control/robot_control.egg-info/top_level.txt
[2.309s] reading manifest file '../../build/robot_control/robot_control.egg-info/SOURCES.txt'
[2.311s] writing manifest file '../../build/robot_control/robot_control.egg-info/SOURCES.txt'
[2.311s] running build
[2.311s] running build_py
[2.311s] running install
[2.312s] running install_lib
[2.318s] running install_data
[2.318s] running install_egg_info
[2.323s] removing '/home/nvidia/ros2_ws/install/robot_control/lib/python3.10/site-packages/robot_control-0.0.1-py3.10.egg-info' (and everything under it)
[2.323s] Copying ../../build/robot_control/robot_control.egg-info to /home/nvidia/ros2_ws/install/robot_control/lib/python3.10/site-packages/robot_control-0.0.1-py3.10.egg-info
[2.326s] running install_scripts
[2.372s] Installing robot_controller script to /home/nvidia/ros2_ws/install/robot_control/bin
[2.373s] Installing serial_controller script to /home/nvidia/ros2_ws/install/robot_control/bin
[2.374s] writing list of installed files to '/home/nvidia/ros2_ws/build/robot_control/install.log'
[2.483s] Invoked command in '/home/nvidia/ros2_ws/src/robot_control' returned '0': PYTHONPATH=/home/nvidia/ros2_ws/build/robot_control/prefix_override:/usr/lib/python3/dist-packages/colcon_core/task/python/colcon_distutils_commands:/home/nvidia/ros2_ws/install/robot_control/lib/python3.10/site-packages:${PYTHONPATH} /usr/bin/python3 -W ignore:setup.py install is deprecated -W ignore:easy_install command is deprecated setup.py egg_info --egg-base ../../build/robot_control build --build-base /home/nvidia/ros2_ws/build/robot_control/build install --record /home/nvidia/ros2_ws/build/robot_control/install.log --single-version-externally-managed install_data
