[1.314s] Invoking command in '/home/nvidia/fishbot_ws/src/fishbot_description': PYTHONPATH=/home/nvidia/fishbot_ws/src/build/fishbot_description/prefix_override:/usr/lib/python3/dist-packages/colcon_core/task/python/colcon_distutils_commands:/home/nvidia/fishbot_ws/src/install/fishbot_description/lib/python3.10/site-packages:${PYTHONPATH} /usr/bin/python3 -W ignore:setup.py install is deprecated -W ignore:easy_install command is deprecated setup.py egg_info --egg-base ../build/fishbot_description build --build-base /home/nvidia/fishbot_ws/src/build/fishbot_description/build install --record /home/nvidia/fishbot_ws/src/build/fishbot_description/install.log --single-version-externally-managed install_data
[1.754s] running egg_info
[1.755s] writing ../build/fishbot_description/fishbot_description.egg-info/PKG-INFO
[1.756s] writing dependency_links to ../build/fishbot_description/fishbot_description.egg-info/dependency_links.txt
[1.756s] writing entry points to ../build/fishbot_description/fishbot_description.egg-info/entry_points.txt
[1.756s] writing requirements to ../build/fishbot_description/fishbot_description.egg-info/requires.txt
[1.757s] writing top-level names to ../build/fishbot_description/fishbot_description.egg-info/top_level.txt
[1.761s] reading manifest file '../build/fishbot_description/fishbot_description.egg-info/SOURCES.txt'
[1.762s] writing manifest file '../build/fishbot_description/fishbot_description.egg-info/SOURCES.txt'
[1.762s] running build
[1.762s] running build_py
[1.762s] running install
[1.763s] running install_lib
[1.765s] byte-compiling /home/nvidia/fishbot_ws/src/install/fishbot_description/lib/python3.10/site-packages/fishbot_description/__init__.py to __init__.cpython-310.pyc
[1.766s] running install_data
[1.766s] running install_egg_info
[1.770s] removing '/home/nvidia/fishbot_ws/src/install/fishbot_description/lib/python3.10/site-packages/fishbot_description-0.0.0-py3.10.egg-info' (and everything under it)
[1.770s] Copying ../build/fishbot_description/fishbot_description.egg-info to /home/nvidia/fishbot_ws/src/install/fishbot_description/lib/python3.10/site-packages/fishbot_description-0.0.0-py3.10.egg-info
[1.772s] running install_scripts
[1.811s] writing list of installed files to '/home/nvidia/fishbot_ws/src/build/fishbot_description/install.log'
[1.895s] Invoked command in '/home/nvidia/fishbot_ws/src/fishbot_description' returned '0': PYTHONPATH=/home/nvidia/fishbot_ws/src/build/fishbot_description/prefix_override:/usr/lib/python3/dist-packages/colcon_core/task/python/colcon_distutils_commands:/home/nvidia/fishbot_ws/src/install/fishbot_description/lib/python3.10/site-packages:${PYTHONPATH} /usr/bin/python3 -W ignore:setup.py install is deprecated -W ignore:easy_install command is deprecated setup.py egg_info --egg-base ../build/fishbot_description build --build-base /home/nvidia/fishbot_ws/src/build/fishbot_description/build install --record /home/nvidia/fishbot_ws/src/build/fishbot_description/install.log --single-version-externally-managed install_data
