[1.209s] Invoking command in '/home/nvidia/DDSM_ws/src/robot_control': PYTHONPATH=/home/nvidia/DDSM_ws/build/robot_control/prefix_override:/usr/lib/python3/dist-packages/colcon_core/task/python/colcon_distutils_commands:/home/nvidia/DDSM_ws/install/robot_control/lib/python3.10/site-packages:${PYTHONPATH} /usr/bin/python3 -W ignore:setup.py install is deprecated -W ignore:easy_install command is deprecated setup.py egg_info --egg-base ../../build/robot_control build --build-base /home/nvidia/DDSM_ws/build/robot_control/build install --record /home/nvidia/DDSM_ws/build/robot_control/install.log --single-version-externally-managed install_data
[1.633s] running egg_info
[1.634s] writing ../../build/robot_control/robot_control.egg-info/PKG-INFO
[1.634s] writing dependency_links to ../../build/robot_control/robot_control.egg-info/dependency_links.txt
[1.635s] writing entry points to ../../build/robot_control/robot_control.egg-info/entry_points.txt
[1.635s] writing requirements to ../../build/robot_control/robot_control.egg-info/requires.txt
[1.635s] writing top-level names to ../../build/robot_control/robot_control.egg-info/top_level.txt
[1.638s] reading manifest file '../../build/robot_control/robot_control.egg-info/SOURCES.txt'
[1.640s] writing manifest file '../../build/robot_control/robot_control.egg-info/SOURCES.txt'
[1.640s] running build
[1.641s] running build_py
[1.641s] running install
[1.642s] running install_lib
[1.644s] running install_data
[1.644s] running install_egg_info
[1.647s] removing '/home/nvidia/DDSM_ws/install/robot_control/lib/python3.10/site-packages/robot_control-0.0.1-py3.10.egg-info' (and everything under it)
[1.648s] Copying ../../build/robot_control/robot_control.egg-info to /home/nvidia/DDSM_ws/install/robot_control/lib/python3.10/site-packages/robot_control-0.0.1-py3.10.egg-info
[1.650s] running install_scripts
[1.688s] Installing robot_controller script to /home/nvidia/DDSM_ws/install/robot_control/bin
[1.688s] Installing serial_controller script to /home/nvidia/DDSM_ws/install/robot_control/bin
[1.689s] writing list of installed files to '/home/nvidia/DDSM_ws/build/robot_control/install.log'
[1.756s] Invoked command in '/home/nvidia/DDSM_ws/src/robot_control' returned '0': PYTHONPATH=/home/nvidia/DDSM_ws/build/robot_control/prefix_override:/usr/lib/python3/dist-packages/colcon_core/task/python/colcon_distutils_commands:/home/nvidia/DDSM_ws/install/robot_control/lib/python3.10/site-packages:${PYTHONPATH} /usr/bin/python3 -W ignore:setup.py install is deprecated -W ignore:easy_install command is deprecated setup.py egg_info --egg-base ../../build/robot_control build --build-base /home/nvidia/DDSM_ws/build/robot_control/build install --record /home/nvidia/DDSM_ws/build/robot_control/install.log --single-version-externally-managed install_data
